

================================================================
== Vivado HLS Report for 'kernel_1'
================================================================
* Date:           Mon Feb 27 15:57:19 2023

* Version:        2019.1 (Build 2552052 on Fri May 24 15:28:33 MDT 2019)
* Project:        hls_project
* Solution:       kernel_1
* Product family: zynquplus
* Target device:  xczu19eg-ffvc1760-2-i


================================================================
== Performance Estimates
================================================================
+ Timing (ns): 
    * Summary: 
    +--------+-------+----------+------------+
    |  Clock | Target| Estimated| Uncertainty|
    +--------+-------+----------+------------+
    |ap_clk  |   5.00|     4.367|        0.62|
    +--------+-------+----------+------------+

+ Latency (clock cycles): 
    * Summary: 
    +-----+---------+-----+---------+----------+
    |    Latency    |    Interval   | Pipeline |
    | min |   max   | min |   max   |   Type   |
    +-----+---------+-----+---------+----------+
    |  787|  3145747|  775|  3145735| dataflow |
    +-----+---------+-----+---------+----------+

    + Detail: 
        * Instance: 
        N/A

        * Loop: 
        N/A

============================================================
+ Verbose Summary: Synthesis Manager
============================================================
InlineROM: 1
ExposeGlobal: 0
============================================================
+ Verbose Summary: CDFG Model
============================================================
IsTopModel: 1
ResetActiveHigh: 1
IsCombinational: 2
IsDatapathOnly: 0
HasWiredReturn: 1
HasMFsm: 0
HasVarLatency: 1
IsPipeline: 0
IsRtlPipelined: 0
IsInstanceOverlapped: 0
IsDontTouch: 0
HasImplIP: 0
IsGatedGlobalClock: 0


============================================================
+ Verbose Summary: Schedule
============================================================
* Number of FSM states : 6
* Pipeline : 0
* Dataflow Pipeline: 1
  DF-Pipeline-0: Size = 6, States = { 1 2 3 4 5 6 }

* FSM state transitions: 
1 --> 2 
2 --> 3 
3 --> 4 
4 --> 5 
5 --> 6 
6 --> 

* FSM state operations: 

State 1 <SV = 0> <Delay = 0.00>
ST_1 : Operation 7 [1/1] (0.00ns)   --->   "%pipe_1_V_data_V = alloca i512, align 8" [src/top.cpp:13]   --->   Operation 7 'alloca' 'pipe_1_V_data_V' <Predicate = true> <Delay = 0.00> <Core = "FIFO">   --->   Core 32 'FIFO' <Latency = 0> <II = 1> <Delay = 1.83> <Storage> <Opcode : 'read' 'write' 'nbread' 'nbwrite'> <Ports = 0> <Width = 512> <Depth = 2> <FIFO>
ST_1 : Operation 8 [1/1] (0.00ns)   --->   "%pipe_1_V_id_V = alloca i8, align 1" [src/top.cpp:13]   --->   Operation 8 'alloca' 'pipe_1_V_id_V' <Predicate = true> <Delay = 0.00> <Core = "FIFO">   --->   Core 32 'FIFO' <Latency = 0> <II = 1> <Delay = 1.83> <Storage> <Opcode : 'read' 'write' 'nbread' 'nbwrite'> <Ports = 0> <Width = 512> <Depth = 2> <FIFO>
ST_1 : Operation 9 [1/1] (0.00ns)   --->   "%pipe_1_V_dest_V = alloca i8, align 1" [src/top.cpp:13]   --->   Operation 9 'alloca' 'pipe_1_V_dest_V' <Predicate = true> <Delay = 0.00> <Core = "FIFO">   --->   Core 32 'FIFO' <Latency = 0> <II = 1> <Delay = 1.83> <Storage> <Opcode : 'read' 'write' 'nbread' 'nbwrite'> <Ports = 0> <Width = 512> <Depth = 2> <FIFO>
ST_1 : Operation 10 [1/1] (0.00ns)   --->   "%pipe_1_V_user_V = alloca i16, align 2" [src/top.cpp:13]   --->   Operation 10 'alloca' 'pipe_1_V_user_V' <Predicate = true> <Delay = 0.00> <Core = "FIFO">   --->   Core 32 'FIFO' <Latency = 0> <II = 1> <Delay = 1.83> <Storage> <Opcode : 'read' 'write' 'nbread' 'nbwrite'> <Ports = 0> <Width = 512> <Depth = 2> <FIFO>
ST_1 : Operation 11 [1/1] (0.00ns)   --->   "%pipe_1_V_last_V = alloca i1, align 1" [src/top.cpp:13]   --->   Operation 11 'alloca' 'pipe_1_V_last_V' <Predicate = true> <Delay = 0.00> <Core = "FIFO">   --->   Core 32 'FIFO' <Latency = 0> <II = 1> <Delay = 1.83> <Storage> <Opcode : 'read' 'write' 'nbread' 'nbwrite'> <Ports = 0> <Width = 512> <Depth = 2> <FIFO>

State 2 <SV = 1> <Delay = 0.00>
ST_2 : Operation 12 [2/2] (0.00ns)   --->   "call fastcc void @Linear(i512* %in_V_data_V, i8* %in_V_id_V, i8* %in_V_dest_V, i16* %in_V_user_V, i1* %in_V_last_V, i512* %pipe_1_V_data_V, i8* %pipe_1_V_id_V, i8* %pipe_1_V_dest_V, i16* %pipe_1_V_user_V, i1* %pipe_1_V_last_V)" [src/top.cpp:17]   --->   Operation 12 'call' <Predicate = true> <Delay = 0.00> <CoreType = "Generic">   --->   Core 0 '' <Latency = 0> <II = 1> <Delay = 1.00> <Generic> <Opcode : >

State 3 <SV = 2> <Delay = 0.00>
ST_3 : Operation 13 [1/2] (0.00ns)   --->   "call fastcc void @Linear(i512* %in_V_data_V, i8* %in_V_id_V, i8* %in_V_dest_V, i16* %in_V_user_V, i1* %in_V_last_V, i512* %pipe_1_V_data_V, i8* %pipe_1_V_id_V, i8* %pipe_1_V_dest_V, i16* %pipe_1_V_user_V, i1* %pipe_1_V_last_V)" [src/top.cpp:17]   --->   Operation 13 'call' <Predicate = true> <Delay = 0.00> <CoreType = "Generic">   --->   Core 0 '' <Latency = 0> <II = 1> <Delay = 1.00> <Generic> <Opcode : >

State 4 <SV = 3> <Delay = 0.00>
ST_4 : Operation 14 [2/2] (0.00ns)   --->   "call fastcc void @QuantAct(i512* %pipe_1_V_data_V, i8* %pipe_1_V_id_V, i8* %pipe_1_V_dest_V, i16* %pipe_1_V_user_V, i1* %pipe_1_V_last_V, i512* %out_V_data_V, i8* %out_V_id_V, i8* %out_V_dest_V, i16* %out_V_user_V, i1* %out_V_last_V)" [src/top.cpp:20]   --->   Operation 14 'call' <Predicate = true> <Delay = 0.00> <CoreType = "Generic">   --->   Core 0 '' <Latency = 0> <II = 1> <Delay = 1.00> <Generic> <Opcode : >

State 5 <SV = 4> <Delay = 0.00>
ST_5 : Operation 15 [1/2] (0.00ns)   --->   "call fastcc void @QuantAct(i512* %pipe_1_V_data_V, i8* %pipe_1_V_id_V, i8* %pipe_1_V_dest_V, i16* %pipe_1_V_user_V, i1* %pipe_1_V_last_V, i512* %out_V_data_V, i8* %out_V_id_V, i8* %out_V_dest_V, i16* %out_V_user_V, i1* %out_V_last_V)" [src/top.cpp:20]   --->   Operation 15 'call' <Predicate = true> <Delay = 0.00> <CoreType = "Generic">   --->   Core 0 '' <Latency = 0> <II = 1> <Delay = 1.00> <Generic> <Opcode : >

State 6 <SV = 5> <Delay = 0.00>
ST_6 : Operation 16 [1/1] (0.00ns)   --->   "call void (...)* @_ssdm_op_SpecDataflowPipeline(i32 -1, i32 0, [1 x i8]* @p_str1) nounwind" [src/top.cpp:12]   --->   Operation 16 'specdataflowpipeline' <Predicate = true> <Delay = 0.00>
ST_6 : Operation 17 [1/1] (0.00ns)   --->   "call void (...)* @_ssdm_op_SpecBitsMap(i512* %in_V_data_V), !map !230"   --->   Operation 17 'specbitsmap' <Predicate = true> <Delay = 0.00>
ST_6 : Operation 18 [1/1] (0.00ns)   --->   "call void (...)* @_ssdm_op_SpecBitsMap(i8* %in_V_id_V), !map !236"   --->   Operation 18 'specbitsmap' <Predicate = true> <Delay = 0.00>
ST_6 : Operation 19 [1/1] (0.00ns)   --->   "call void (...)* @_ssdm_op_SpecBitsMap(i8* %in_V_dest_V), !map !240"   --->   Operation 19 'specbitsmap' <Predicate = true> <Delay = 0.00>
ST_6 : Operation 20 [1/1] (0.00ns)   --->   "call void (...)* @_ssdm_op_SpecBitsMap(i16* %in_V_user_V), !map !244"   --->   Operation 20 'specbitsmap' <Predicate = true> <Delay = 0.00>
ST_6 : Operation 21 [1/1] (0.00ns)   --->   "call void (...)* @_ssdm_op_SpecBitsMap(i1* %in_V_last_V), !map !248"   --->   Operation 21 'specbitsmap' <Predicate = true> <Delay = 0.00>
ST_6 : Operation 22 [1/1] (0.00ns)   --->   "call void (...)* @_ssdm_op_SpecBitsMap(i512* %out_V_data_V), !map !252"   --->   Operation 22 'specbitsmap' <Predicate = true> <Delay = 0.00>
ST_6 : Operation 23 [1/1] (0.00ns)   --->   "call void (...)* @_ssdm_op_SpecBitsMap(i8* %out_V_id_V), !map !256"   --->   Operation 23 'specbitsmap' <Predicate = true> <Delay = 0.00>
ST_6 : Operation 24 [1/1] (0.00ns)   --->   "call void (...)* @_ssdm_op_SpecBitsMap(i8* %out_V_dest_V), !map !260"   --->   Operation 24 'specbitsmap' <Predicate = true> <Delay = 0.00>
ST_6 : Operation 25 [1/1] (0.00ns)   --->   "call void (...)* @_ssdm_op_SpecBitsMap(i16* %out_V_user_V), !map !264"   --->   Operation 25 'specbitsmap' <Predicate = true> <Delay = 0.00>
ST_6 : Operation 26 [1/1] (0.00ns)   --->   "call void (...)* @_ssdm_op_SpecBitsMap(i1* %out_V_last_V), !map !268"   --->   Operation 26 'specbitsmap' <Predicate = true> <Delay = 0.00>
ST_6 : Operation 27 [1/1] (0.00ns)   --->   "call void (...)* @_ssdm_op_SpecMemCore([768 x i32]* @weights_0_0_0, [768 x i32]* @weights_0_0_1, [768 x i32]* @weights_0_0_2, [768 x i32]* @weights_0_0_3, [768 x i32]* @weights_0_0_4, [768 x i32]* @weights_0_0_5, [768 x i32]* @weights_0_0_6, [768 x i32]* @weights_0_0_7, [768 x i32]* @weights_0_0_8, [768 x i32]* @weights_0_0_9, [768 x i32]* @weights_0_0_10, [768 x i32]* @weights_0_0_11, [768 x i32]* @weights_0_0_12, [768 x i32]* @weights_0_0_13, [768 x i32]* @weights_0_0_14, [768 x i32]* @weights_0_0_15, [768 x i32]* @weights_0_0_16, [768 x i32]* @weights_0_0_17, [768 x i32]* @weights_0_0_18, [768 x i32]* @weights_0_0_19, [768 x i32]* @weights_0_0_20, [768 x i32]* @weights_0_0_21, [768 x i32]* @weights_0_0_22, [768 x i32]* @weights_0_0_23, [768 x i32]* @weights_0_0_24, [768 x i32]* @weights_0_0_25, [768 x i32]* @weights_0_0_26, [768 x i32]* @weights_0_0_27, [768 x i32]* @weights_0_0_28, [768 x i32]* @weights_0_0_29, [768 x i32]* @weights_0_0_30, [768 x i32]* @weights_0_0_31, [768 x i32]* @weights_0_1_0, [768 x i32]* @weights_0_1_1, [768 x i32]* @weights_0_1_2, [768 x i32]* @weights_0_1_3, [768 x i32]* @weights_0_1_4, [768 x i32]* @weights_0_1_5, [768 x i32]* @weights_0_1_6, [768 x i32]* @weights_0_1_7, [768 x i32]* @weights_0_1_8, [768 x i32]* @weights_0_1_9, [768 x i32]* @weights_0_1_10, [768 x i32]* @weights_0_1_11, [768 x i32]* @weights_0_1_12, [768 x i32]* @weights_0_1_13, [768 x i32]* @weights_0_1_14, [768 x i32]* @weights_0_1_15, [768 x i32]* @weights_0_1_16, [768 x i32]* @weights_0_1_17, [768 x i32]* @weights_0_1_18, [768 x i32]* @weights_0_1_19, [768 x i32]* @weights_0_1_20, [768 x i32]* @weights_0_1_21, [768 x i32]* @weights_0_1_22, [768 x i32]* @weights_0_1_23, [768 x i32]* @weights_0_1_24, [768 x i32]* @weights_0_1_25, [768 x i32]* @weights_0_1_26, [768 x i32]* @weights_0_1_27, [768 x i32]* @weights_0_1_28, [768 x i32]* @weights_0_1_29, [768 x i32]* @weights_0_1_30, [768 x i32]* @weights_0_1_31, [768 x i32]* @weights_0_2_0, [768 x i32]* @weights_0_2_1, [768 x i32]* @weights_0_2_2, [768 x i32]* @weights_0_2_3, [768 x i32]* @weights_0_2_4, [768 x i32]* @weights_0_2_5, [768 x i32]* @weights_0_2_6, [768 x i32]* @weights_0_2_7, [768 x i32]* @weights_0_2_8, [768 x i32]* @weights_0_2_9, [768 x i32]* @weights_0_2_10, [768 x i32]* @weights_0_2_11, [768 x i32]* @weights_0_2_12, [768 x i32]* @weights_0_2_13, [768 x i32]* @weights_0_2_14, [768 x i32]* @weights_0_2_15, [768 x i32]* @weights_0_2_16, [768 x i32]* @weights_0_2_17, [768 x i32]* @weights_0_2_18, [768 x i32]* @weights_0_2_19, [768 x i32]* @weights_0_2_20, [768 x i32]* @weights_0_2_21, [768 x i32]* @weights_0_2_22, [768 x i32]* @weights_0_2_23, [768 x i32]* @weights_0_2_24, [768 x i32]* @weights_0_2_25, [768 x i32]* @weights_0_2_26, [768 x i32]* @weights_0_2_27, [768 x i32]* @weights_0_2_28, [768 x i32]* @weights_0_2_29, [768 x i32]* @weights_0_2_30, [768 x i32]* @weights_0_2_31, [768 x i32]* @weights_0_3_0, [768 x i32]* @weights_0_3_1, [768 x i32]* @weights_0_3_2, [768 x i32]* @weights_0_3_3, [768 x i32]* @weights_0_3_4, [768 x i32]* @weights_0_3_5, [768 x i32]* @weights_0_3_6, [768 x i32]* @weights_0_3_7, [768 x i32]* @weights_0_3_8, [768 x i32]* @weights_0_3_9, [768 x i32]* @weights_0_3_10, [768 x i32]* @weights_0_3_11, [768 x i32]* @weights_0_3_12, [768 x i32]* @weights_0_3_13, [768 x i32]* @weights_0_3_14, [768 x i32]* @weights_0_3_15, [768 x i32]* @weights_0_3_16, [768 x i32]* @weights_0_3_17, [768 x i32]* @weights_0_3_18, [768 x i32]* @weights_0_3_19, [768 x i32]* @weights_0_3_20, [768 x i32]* @weights_0_3_21, [768 x i32]* @weights_0_3_22, [768 x i32]* @weights_0_3_23, [768 x i32]* @weights_0_3_24, [768 x i32]* @weights_0_3_25, [768 x i32]* @weights_0_3_26, [768 x i32]* @weights_0_3_27, [768 x i32]* @weights_0_3_28, [768 x i32]* @weights_0_3_29, [768 x i32]* @weights_0_3_30, [768 x i32]* @weights_0_3_31, [768 x i32]* @weights_0_4_0, [768 x i32]* @weights_0_4_1, [768 x i32]* @weights_0_4_2, [768 x i32]* @weights_0_4_3, [768 x i32]* @weights_0_4_4, [768 x i32]* @weights_0_4_5, [768 x i32]* @weights_0_4_6, [768 x i32]* @weights_0_4_7, [768 x i32]* @weights_0_4_8, [768 x i32]* @weights_0_4_9, [768 x i32]* @weights_0_4_10, [768 x i32]* @weights_0_4_11, [768 x i32]* @weights_0_4_12, [768 x i32]* @weights_0_4_13, [768 x i32]* @weights_0_4_14, [768 x i32]* @weights_0_4_15, [768 x i32]* @weights_0_4_16, [768 x i32]* @weights_0_4_17, [768 x i32]* @weights_0_4_18, [768 x i32]* @weights_0_4_19, [768 x i32]* @weights_0_4_20, [768 x i32]* @weights_0_4_21, [768 x i32]* @weights_0_4_22, [768 x i32]* @weights_0_4_23, [768 x i32]* @weights_0_4_24, [768 x i32]* @weights_0_4_25, [768 x i32]* @weights_0_4_26, [768 x i32]* @weights_0_4_27, [768 x i32]* @weights_0_4_28, [768 x i32]* @weights_0_4_29, [768 x i32]* @weights_0_4_30, [768 x i32]* @weights_0_4_31, [768 x i32]* @weights_0_5_0, [768 x i32]* @weights_0_5_1, [768 x i32]* @weights_0_5_2, [768 x i32]* @weights_0_5_3, [768 x i32]* @weights_0_5_4, [768 x i32]* @weights_0_5_5, [768 x i32]* @weights_0_5_6, [768 x i32]* @weights_0_5_7, [768 x i32]* @weights_0_5_8, [768 x i32]* @weights_0_5_9, [768 x i32]* @weights_0_5_10, [768 x i32]* @weights_0_5_11, [768 x i32]* @weights_0_5_12, [768 x i32]* @weights_0_5_13, [768 x i32]* @weights_0_5_14, [768 x i32]* @weights_0_5_15, [768 x i32]* @weights_0_5_16, [768 x i32]* @weights_0_5_17, [768 x i32]* @weights_0_5_18, [768 x i32]* @weights_0_5_19, [768 x i32]* @weights_0_5_20, [768 x i32]* @weights_0_5_21, [768 x i32]* @weights_0_5_22, [768 x i32]* @weights_0_5_23, [768 x i32]* @weights_0_5_24, [768 x i32]* @weights_0_5_25, [768 x i32]* @weights_0_5_26, [768 x i32]* @weights_0_5_27, [768 x i32]* @weights_0_5_28, [768 x i32]* @weights_0_5_29, [768 x i32]* @weights_0_5_30, [768 x i32]* @weights_0_5_31, [1 x i8]* @p_str1, [12 x i8]* @p_str14, [1 x i8]* @p_str1, i32 -1, [1 x i8]* @p_str1, [1 x i8]* @p_str1, [1 x i8]* @p_str1, [1 x i8]* @p_str1, [1 x i8]* @p_str1)"   --->   Operation 27 'specmemcore' <Predicate = true> <Delay = 0.00>
ST_6 : Operation 28 [1/1] (0.00ns)   --->   "call void (...)* @_ssdm_op_SpecTopModule([9 x i8]* @kernel_1_str) nounwind"   --->   Operation 28 'spectopmodule' <Predicate = true> <Delay = 0.00>
ST_6 : Operation 29 [1/1] (0.00ns)   --->   "%empty = call i32 (...)* @_ssdm_op_SpecChannel([16 x i8]* @pipe_1_OC_V_OC_data_s, i32 1, [1 x i8]* @p_str201, [1 x i8]* @p_str201, i32 2, i32 2, i512* %pipe_1_V_data_V, i512* %pipe_1_V_data_V)"   --->   Operation 29 'specchannel' 'empty' <Predicate = true> <Delay = 0.00>
ST_6 : Operation 30 [1/1] (0.00ns)   --->   "call void (...)* @_ssdm_op_SpecInterface(i512* %pipe_1_V_data_V, [8 x i8]* @ap_fifo_str, i32 0, i32 0, [1 x i8]* @p_str202, i32 0, i32 0, [1 x i8]* @p_str203, [1 x i8]* @p_str204, [1 x i8]* @p_str205, i32 2, i32 2, i32 16, i32 16, [1 x i8]* @p_str206, [1 x i8]* @p_str207)"   --->   Operation 30 'specinterface' <Predicate = true> <Delay = 0.00>
ST_6 : Operation 31 [1/1] (0.00ns)   --->   "%empty_20 = call i32 (...)* @_ssdm_op_SpecChannel([14 x i8]* @pipe_1_OC_V_OC_id_OC, i32 1, [1 x i8]* @p_str208, [1 x i8]* @p_str208, i32 2, i32 2, i8* %pipe_1_V_id_V, i8* %pipe_1_V_id_V)"   --->   Operation 31 'specchannel' 'empty_20' <Predicate = true> <Delay = 0.00>
ST_6 : Operation 32 [1/1] (0.00ns)   --->   "call void (...)* @_ssdm_op_SpecInterface(i8* %pipe_1_V_id_V, [8 x i8]* @ap_fifo_str, i32 0, i32 0, [1 x i8]* @p_str209, i32 0, i32 0, [1 x i8]* @p_str210, [1 x i8]* @p_str211, [1 x i8]* @p_str212, i32 2, i32 2, i32 16, i32 16, [1 x i8]* @p_str213, [1 x i8]* @p_str214)"   --->   Operation 32 'specinterface' <Predicate = true> <Delay = 0.00>
ST_6 : Operation 33 [1/1] (0.00ns)   --->   "%empty_21 = call i32 (...)* @_ssdm_op_SpecChannel([16 x i8]* @pipe_1_OC_V_OC_dest_s, i32 1, [1 x i8]* @p_str215, [1 x i8]* @p_str215, i32 2, i32 2, i8* %pipe_1_V_dest_V, i8* %pipe_1_V_dest_V)"   --->   Operation 33 'specchannel' 'empty_21' <Predicate = true> <Delay = 0.00>
ST_6 : Operation 34 [1/1] (0.00ns)   --->   "call void (...)* @_ssdm_op_SpecInterface(i8* %pipe_1_V_dest_V, [8 x i8]* @ap_fifo_str, i32 0, i32 0, [1 x i8]* @p_str216, i32 0, i32 0, [1 x i8]* @p_str217, [1 x i8]* @p_str218, [1 x i8]* @p_str219, i32 2, i32 2, i32 16, i32 16, [1 x i8]* @p_str220, [1 x i8]* @p_str221)"   --->   Operation 34 'specinterface' <Predicate = true> <Delay = 0.00>
ST_6 : Operation 35 [1/1] (0.00ns)   --->   "%empty_22 = call i32 (...)* @_ssdm_op_SpecChannel([16 x i8]* @pipe_1_OC_V_OC_user_s, i32 1, [1 x i8]* @p_str222, [1 x i8]* @p_str222, i32 2, i32 2, i16* %pipe_1_V_user_V, i16* %pipe_1_V_user_V)"   --->   Operation 35 'specchannel' 'empty_22' <Predicate = true> <Delay = 0.00>
ST_6 : Operation 36 [1/1] (0.00ns)   --->   "call void (...)* @_ssdm_op_SpecInterface(i16* %pipe_1_V_user_V, [8 x i8]* @ap_fifo_str, i32 0, i32 0, [1 x i8]* @p_str223, i32 0, i32 0, [1 x i8]* @p_str224, [1 x i8]* @p_str225, [1 x i8]* @p_str226, i32 2, i32 2, i32 16, i32 16, [1 x i8]* @p_str227, [1 x i8]* @p_str228)"   --->   Operation 36 'specinterface' <Predicate = true> <Delay = 0.00>
ST_6 : Operation 37 [1/1] (0.00ns)   --->   "%empty_23 = call i32 (...)* @_ssdm_op_SpecChannel([16 x i8]* @pipe_1_OC_V_OC_last_s, i32 1, [1 x i8]* @p_str229, [1 x i8]* @p_str229, i32 2, i32 2, i1* %pipe_1_V_last_V, i1* %pipe_1_V_last_V)"   --->   Operation 37 'specchannel' 'empty_23' <Predicate = true> <Delay = 0.00>
ST_6 : Operation 38 [1/1] (0.00ns)   --->   "call void (...)* @_ssdm_op_SpecInterface(i1* %pipe_1_V_last_V, [8 x i8]* @ap_fifo_str, i32 0, i32 0, [1 x i8]* @p_str230, i32 0, i32 0, [1 x i8]* @p_str231, [1 x i8]* @p_str232, [1 x i8]* @p_str233, i32 2, i32 2, i32 16, i32 16, [1 x i8]* @p_str234, [1 x i8]* @p_str235)"   --->   Operation 38 'specinterface' <Predicate = true> <Delay = 0.00>
ST_6 : Operation 39 [1/1] (0.00ns)   --->   "call void (...)* @_ssdm_op_SpecInterface(i32 0, [13 x i8]* @p_str, i32 0, i32 0, [1 x i8]* @p_str1, i32 0, i32 0, [1 x i8]* @p_str1, [1 x i8]* @p_str1, [1 x i8]* @p_str1, i32 0, i32 0, i32 0, i32 0, [1 x i8]* @p_str1, [1 x i8]* @p_str1) nounwind" [src/top.cpp:9]   --->   Operation 39 'specinterface' <Predicate = true> <Delay = 0.00>
ST_6 : Operation 40 [1/1] (0.00ns)   --->   "call void (...)* @_ssdm_op_SpecInterface(i512* %in_V_data_V, i8* %in_V_id_V, i8* %in_V_dest_V, i16* %in_V_user_V, i1* %in_V_last_V, [5 x i8]* @p_str2, i32 1, i32 1, [5 x i8]* @p_str3, i32 0, i32 0, [1 x i8]* @p_str1, [1 x i8]* @p_str1, [1 x i8]* @p_str1, i32 0, i32 0, i32 0, i32 0, [1 x i8]* @p_str1, [1 x i8]* @p_str1) nounwind" [src/top.cpp:10]   --->   Operation 40 'specinterface' <Predicate = true> <Delay = 0.00>
ST_6 : Operation 41 [1/1] (0.00ns)   --->   "call void (...)* @_ssdm_op_SpecInterface(i512* %out_V_data_V, i8* %out_V_id_V, i8* %out_V_dest_V, i16* %out_V_user_V, i1* %out_V_last_V, [5 x i8]* @p_str2, i32 1, i32 1, [5 x i8]* @p_str3, i32 0, i32 0, [1 x i8]* @p_str1, [1 x i8]* @p_str1, [1 x i8]* @p_str1, i32 0, i32 0, i32 0, i32 0, [1 x i8]* @p_str1, [1 x i8]* @p_str1) nounwind" [src/top.cpp:11]   --->   Operation 41 'specinterface' <Predicate = true> <Delay = 0.00>
ST_6 : Operation 42 [1/1] (0.00ns)   --->   "ret void" [src/top.cpp:22]   --->   Operation 42 'ret' <Predicate = true> <Delay = 0.00>


============================================================
+ Verbose Summary: Timing violations
============================================================
Target clock period: 5ns, clock uncertainty: 0.625ns.

 <State 1>: 0ns
The critical path consists of the following:

 <State 2>: 0ns
The critical path consists of the following:

 <State 3>: 0ns
The critical path consists of the following:

 <State 4>: 0ns
The critical path consists of the following:

 <State 5>: 0ns
The critical path consists of the following:

 <State 6>: 0ns
The critical path consists of the following:


============================================================
+ Verbose Summary: Binding
============================================================
N/A
* FSMD analyzer results:
  - Output states:
 - Input state : 
  - Chain level:
	State 1
	State 2
	State 3
	State 4
	State 5
	State 6


============================================================
+ Verbose Summary: Datapath Resource usage 
============================================================
N/A
