

================================================================
== Vivado HLS Report for 'action_generator'
================================================================
* Date:           Thu Jul 25 02:42:26 2024

* Version:        2019.1 (Build 2552052 on Fri May 24 15:28:33 MDT 2019)
* Project:        action_generator
* Solution:       solution1
* Product family: virtexuplus
* Target device:  xcu280-fsvh2892-2L-e


================================================================
== Performance Estimates
================================================================
+ Timing (ns): 
    * Summary: 
    +--------+-------+----------+------------+
    |  Clock | Target| Estimated| Uncertainty|
    +--------+-------+----------+------------+
    |ap_clk  |   3.10|     0.798|        0.39|
    +--------+-------+----------+------------+

+ Latency (clock cycles): 
    * Summary: 
    +-----+-----+-----+-----+---------+
    |  Latency  |  Interval | Pipeline|
    | min | max | min | max |   Type  |
    +-----+-----+-----+-----+---------+
    |    0|    0|    0|    0|   none  |
    +-----+-----+-----+-----+---------+

    + Detail: 
        * Instance: 
        N/A

        * Loop: 
        N/A



================================================================
== Utilization Estimates
================================================================
* Summary: 
+---------------------+---------+-------+---------+---------+-----+
|         Name        | BRAM_18K| DSP48E|    FF   |   LUT   | URAM|
+---------------------+---------+-------+---------+---------+-----+
|DSP                  |        -|      -|        -|        -|    -|
|Expression           |        -|      -|        0|       72|    -|
|FIFO                 |        -|      -|        -|        -|    -|
|Instance             |        -|      -|        -|        -|    -|
|Memory               |        -|      -|        -|        -|    -|
|Multiplexer          |        -|      -|        -|        -|    -|
|Register             |        -|      -|      441|        -|    -|
+---------------------+---------+-------+---------+---------+-----+
|Total                |        0|      0|      441|       72|    0|
+---------------------+---------+-------+---------+---------+-----+
|Available SLR        |     1344|   3008|   869120|   434560|  320|
+---------------------+---------+-------+---------+---------+-----+
|Utilization SLR (%)  |        0|      0|    ~0   |    ~0   |    0|
+---------------------+---------+-------+---------+---------+-----+
|Available            |     4032|   9024|  2607360|  1303680|  960|
+---------------------+---------+-------+---------+---------+-----+
|Utilization (%)      |        0|      0|    ~0   |    ~0   |    0|
+---------------------+---------+-------+---------+---------+-----+

+ Detail: 
    * Instance: 
    N/A

    * DSP48E: 
    N/A

    * Memory: 
    N/A

    * FIFO: 
    N/A

    * Expression: 
    +------------------------+----------+-------+---+----+------------+------------+
    |      Variable Name     | Operation| DSP48E| FF| LUT| Bitwidth P0| Bitwidth P1|
    +------------------------+----------+-------+---+----+------------+------------+
    |add_ln209_1_fu_290_p2   |     +    |      0|  0|  32|          32|          32|
    |add_ln209_fu_224_p2     |     +    |      0|  0|  16|          16|          16|
    |icmp_ln879_1_fu_358_p2  |   icmp   |      0|  0|   9|           2|           3|
    |icmp_ln879_fu_176_p2    |   icmp   |      0|  0|  13|          16|           2|
    |or_ln544_fu_182_p2      |    or    |      0|  0|   2|           1|           1|
    +------------------------+----------+-------+---+----+------------+------------+
    |Total                   |          |      0|  0|  72|          67|          54|
    +------------------------+----------+-------+---+----+------------+------------+

    * Multiplexer: 
    N/A

    * Register: 
    +------------------------+----+----+-----+-----------+
    |          Name          | FF | LUT| Bits| Const Bits|
    +------------------------+----+----+-----+-----------+
    |action_out_reg1_dst_s   |  16|   0|   16|          0|
    |action_out_reg1_src_1   |  32|   0|   32|          0|
    |action_out_reg1_src_s   |  16|   0|   16|          0|
    |action_out_reg_dst_p    |  16|   0|   16|          0|
    |action_out_reg_src_i    |  32|   0|   32|          0|
    |action_out_reg_src_p    |  16|   0|   16|          0|
    |action_out_valid_reg    |   1|   0|    1|          0|
    |action_out_valid_reg_1  |   1|   0|    1|          0|
    |ap_CS_fsm               |   1|   0|    1|          0|
    |combined_cksum_V        |  32|   0|   32|          0|
    |combined_cksum_final    |  16|   0|   16|          0|
    |ignore_flag1_V          |   1|   0|    1|          0|
    |ignore_flag_V           |   1|   0|    1|          0|
    |meta_in_reg0_action_s   |   2|   0|    2|          0|
    |meta_in_reg0_checksu    |  32|   0|   32|          0|
    |meta_in_reg0_protoco    |  64|   0|   64|          0|
    |meta_in_reg0_src_ip_s   |  32|   0|   32|          0|
    |meta_in_reg_action_V    |   2|   0|    2|          0|
    |meta_in_reg_checksum    |  32|   0|   32|          0|
    |meta_in_reg_protocol    |  64|   0|   64|          0|
    |meta_in_reg_src_ip_V    |  32|   0|   32|          0|
    +------------------------+----+----+-----+-----------+
    |Total                   | 441|   0|  441|          0|
    +------------------------+----+----+-----+-----------+



================================================================
== Interface
================================================================
* Summary: 
+---------------------------+-----+-----+--------------+---------------------------+--------------+
|         RTL Ports         | Dir | Bits|   Protocol   |       Source Object       |    C Type    |
+---------------------------+-----+-----+--------------+---------------------------+--------------+
|ap_clk                     |  in |    1| ap_ctrl_none |      action_generator     | return value |
|ap_rst                     |  in |    1| ap_ctrl_none |      action_generator     | return value |
|meta_in_src_ip_V           |  in |   32|    ap_none   |      meta_in_src_ip_V     |    scalar    |
|meta_in_protocol_header_V  |  in |   64|    ap_none   | meta_in_protocol_header_V |    scalar    |
|meta_in_checksum_V         |  in |   32|    ap_none   |     meta_in_checksum_V    |    scalar    |
|meta_in_action_V           |  in |    2|    ap_none   |      meta_in_action_V     |    scalar    |
|payload_cksum_data_V       |  in |   32|    ap_none   |    payload_cksum_data_V   |    scalar    |
|payload_cksum_valid_V      |  in |    1|    ap_none   |   payload_cksum_valid_V   |    scalar    |
|action_out                 | out |   65|    ap_none   |         action_out        |    pointer   |
|action_out_valid_V         | out |    1|    ap_none   |     action_out_valid_V    |    pointer   |
+---------------------------+-----+-----+--------------+---------------------------+--------------+

