

================================================================
== Vivado HLS Report for 'g2N_ingress'
================================================================
* Date:           Wed Aug 12 00:40:07 2020

* Version:        2018.1 (Build 2188600 on Wed Apr 04 19:04:02 MDT 2018)
* Project:        galapagos_bridge
* Solution:       solution1
* Product family: kintexu
* Target device:  xcku115-flva1517-2-e


================================================================
== Performance Estimates
================================================================
+ Timing (ns): 
    * Summary: 
    +--------+-------+----------+------------+
    |  Clock | Target| Estimated| Uncertainty|
    +--------+-------+----------+------------+
    |ap_clk  |  10.00|      1.32|        1.25|
    +--------+-------+----------+------------+

+ Latency (clock cycles): 
    * Summary: 
    +-----+-----+-----+-----+---------+
    |  Latency  |  Interval | Pipeline|
    | min | max | min | max |   Type  |
    +-----+-----+-----+-----+---------+
    |    3|  514|    3|  514|   none  |
    +-----+-----+-----+-----+---------+

    + Detail: 
        * Instance: 
        N/A

        * Loop: 
        +--------------+-----+-----+----------+-----------+-----------+---------+----------+
        |              |  Latency  | Iteration|  Initiation Interval  |   Trip  |          |
        |   Loop Name  | min | max |  Latency |  achieved |   target  |  Count  | Pipelined|
        +--------------+-----+-----+----------+-----------+-----------+---------+----------+
        |- write_loop  |    1|  512|         1|          1|          1| 1 ~ 512 |    yes   |
        +--------------+-----+-----+----------+-----------+-----------+---------+----------+

============================================================
+ Verbose Summary: Synthesis Manager
============================================================
InlineROM: 1
ExposeGlobal: 1
============================================================
+ Verbose Summary: CDFG Model
============================================================
IsTopModel: 0
ResetActiveHigh: 1
IsCombinational: 2
IsDatapathOnly: 0
HasWiredReturn: 1
HasMFsm: 0
HasVarLatency: 1
IsPipeline: 0
IsRtlPipelined: 0
IsInstanceOverlapped: 0
IsDontTouch: 0
HasImplIP: 0
IsGatedGlobalClock: 0

+ Individual pipeline summary: 
  * Pipeline-0: initiation interval (II) = 1, depth = 1


============================================================
+ Verbose Summary: Schedule
============================================================
* Number of FSM states : 3
* Pipeline : 1
  Pipeline-0 : II = 1, D = 1, States = { 2 }
* Dataflow Pipeline: 0

* FSM state transitions: 
1 --> 
	2  / true
2 --> 
	3  / (tmp) | (!tmp & tmp_7)
	2  / (!tmp & !tmp_7)
3 --> 

* FSM state operations: 

 <State 1> : 0.83ns
ST_1 : Operation 4 [1/1] (0.00ns)   --->   "call void (...)* @_ssdm_op_SpecMemCore([512 x i64]* %buffer_storage_V, [1 x i8]* @p_str1, [7 x i8]* @p_str10, [1 x i8]* @p_str1, i32 -1, [1 x i8]* @p_str1, [1 x i8]* @p_str1, [1 x i8]* @p_str1, [1 x i8]* @p_str1, [1 x i8]* @p_str1)"
ST_1 : Operation 5 [1/1] (0.00ns)   --->   "call void (...)* @_ssdm_op_SpecIFCore(i89* %input_V, [1 x i8]* @p_str1, [11 x i8]* @p_str5, [1 x i8]* @p_str1, i32 -1, [1 x i8]* @p_str1, [1 x i8]* @p_str1, [1 x i8]* @p_str1, [1 x i8]* @p_str1, [23 x i8]* @p_str7)"
ST_1 : Operation 6 [1/1] (0.00ns)   --->   "call void (...)* @_ssdm_op_SpecInterface(i89* %input_V, [8 x i8]* @ap_fifo_str, i32 0, i32 0, [1 x i8]* @p_str91, i32 0, i32 0, [1 x i8]* @p_str92, [1 x i8]* @p_str93, [1 x i8]* @p_str94, i32 2, i32 2, i32 16, i32 16, [1 x i8]* @p_str95, [1 x i8]* @p_str96)"
ST_1 : Operation 7 [1/1] (0.83ns)   --->   "br label %1" [/home/user/galapagos/middleware/hls/galapagos_bridge/src/galapagos_bridge.cpp:55]

 <State 2> : 1.32ns
ST_2 : Operation 8 [1/1] (0.00ns)   --->   "%i = phi i10 [ 0, %0 ], [ %tmp_V_4, %4 ]"
ST_2 : Operation 9 [1/1] (0.00ns)   --->   "%tmp = call i1 @_ssdm_op_BitSelect.i1.i10.i32(i10 %i, i32 9)" [/home/user/galapagos/middleware/hls/galapagos_bridge/src/galapagos_bridge.cpp:55]
ST_2 : Operation 10 [1/1] (0.00ns)   --->   "%empty = call i32 (...)* @_ssdm_op_SpecLoopTripCount(i64 1, i64 512, i64 256)"
ST_2 : Operation 11 [1/1] (1.31ns)   --->   "%tmp_V_4 = add i10 %i, 1" [/home/user/galapagos/middleware/hls/galapagos_bridge/src/galapagos_bridge.cpp:55]   --->   Core 14 'AddSub' <Latency = 0> <II = 1> <Delay = 1.31> <FuncUnit> <Opcode : 'add' 'sub'> <InPorts = 2> <OutPorts = 1>
ST_2 : Operation 12 [1/1] (0.00ns)   --->   "br i1 %tmp, label %.loopexit.loopexit, label %2" [/home/user/galapagos/middleware/hls/galapagos_bridge/src/galapagos_bridge.cpp:55]
ST_2 : Operation 13 [1/1] (0.00ns)   --->   "call void (...)* @_ssdm_op_SpecLoopName([11 x i8]* @p_str) nounwind" [/home/user/galapagos/middleware/hls/galapagos_bridge/src/galapagos_bridge.cpp:55]
ST_2 : Operation 14 [1/1] (0.00ns)   --->   "%tmp_4 = call i32 (...)* @_ssdm_op_SpecRegionBegin([11 x i8]* @p_str)" [/home/user/galapagos/middleware/hls/galapagos_bridge/src/galapagos_bridge.cpp:55]
ST_2 : Operation 15 [1/1] (0.00ns)   --->   "call void (...)* @_ssdm_op_SpecPipeline(i32 1, i32 1, i32 1, i32 0, [1 x i8]* @p_str1) nounwind" [/home/user/galapagos/middleware/hls/galapagos_bridge/src/galapagos_bridge.cpp:56]
ST_2 : Operation 16 [1/1] (0.00ns)   --->   "%tmp2 = call i89 @_ssdm_op_Read.ap_fifo.volatile.i89P(i89* %input_V)"   --->   Core 5 'AXI4Stream' <Latency = 0> <II = 1> <Delay = 1.00> <Adapter> <Opcode : >
ST_2 : Operation 17 [1/1] (0.00ns)   --->   "%tmp_5 = trunc i89 %tmp2 to i64" [/home/user/galapagos/middleware/include/galapagos_packet.h:38->/home/user/galapagos/middleware/hls/galapagos_bridge/src/galapagos_bridge.cpp:57]
ST_2 : Operation 18 [1/1] (0.00ns)   --->   "%tmp_7 = call i1 @_ssdm_op_BitSelect.i1.i89.i32(i89 %tmp2, i32 72)" [/home/user/galapagos/middleware/include/galapagos_packet.h:38->/home/user/galapagos/middleware/hls/galapagos_bridge/src/galapagos_bridge.cpp:57]
ST_2 : Operation 19 [1/1] (0.00ns)   --->   "%tmp_6 = zext i10 %i to i64" [/home/user/galapagos/middleware/hls/galapagos_bridge/src/galapagos_bridge.cpp:61]
ST_2 : Operation 20 [1/1] (0.00ns)   --->   "%buffer_storage_V_add = getelementptr [512 x i64]* %buffer_storage_V, i64 0, i64 %tmp_6" [/home/user/galapagos/middleware/hls/galapagos_bridge/src/galapagos_bridge.cpp:61]
ST_2 : Operation 21 [1/1] (0.94ns)   --->   "store i64 %tmp_5, i64* %buffer_storage_V_add, align 8" [/home/user/galapagos/middleware/hls/galapagos_bridge/src/galapagos_bridge.cpp:61]   --->   Core 42 'RAM_1P' <Latency = 1> <II = 1> <Delay = 0.94> <Storage> <Opcode : 'load' 'store'> <Ports = 1> <Width = 64> <Depth = 512> <RAM>
ST_2 : Operation 22 [1/1] (0.00ns)   --->   "br i1 %tmp_7, label %3, label %4" [/home/user/galapagos/middleware/hls/galapagos_bridge/src/galapagos_bridge.cpp:62]
ST_2 : Operation 23 [1/1] (0.00ns)   --->   "%empty_13 = call i32 (...)* @_ssdm_op_SpecRegionEnd([11 x i8]* @p_str, i32 %tmp_4)" [/home/user/galapagos/middleware/hls/galapagos_bridge/src/galapagos_bridge.cpp:68]
ST_2 : Operation 24 [1/1] (0.00ns)   --->   "br label %1" [/home/user/galapagos/middleware/hls/galapagos_bridge/src/galapagos_bridge.cpp:55]

 <State 3> : 0.00ns
ST_3 : Operation 25 [1/1] (0.00ns)   --->   "%tmp_V_1 = call i8 @_ssdm_op_PartSelect.i8.i89.i32.i32(i89 %tmp2, i32 64, i32 71)" [/home/user/galapagos/middleware/include/galapagos_packet.h:38->/home/user/galapagos/middleware/hls/galapagos_bridge/src/galapagos_bridge.cpp:57]
ST_3 : Operation 26 [1/1] (0.00ns)   --->   "%tmp_V_2 = call i8 @_ssdm_op_PartSelect.i8.i89.i32.i32(i89 %tmp2, i32 73, i32 80)" [/home/user/galapagos/middleware/include/galapagos_packet.h:38->/home/user/galapagos/middleware/hls/galapagos_bridge/src/galapagos_bridge.cpp:57]
ST_3 : Operation 27 [1/1] (0.00ns)   --->   "%tmp_V = zext i10 %tmp_V_4 to i16" [/home/user/galapagos/middleware/hls/galapagos_bridge/src/galapagos_bridge.cpp:63]
ST_3 : Operation 28 [1/1] (0.00ns)   --->   "call void @_ssdm_op_Write.ap_auto.volatile.i16P(i16* %length_stream_V_V, i16 %tmp_V)" [/home/user/galapagos/middleware/hls/galapagos_bridge/src/galapagos_bridge.cpp:63]
ST_3 : Operation 29 [1/1] (0.00ns)   --->   "call void @_ssdm_op_Write.ap_auto.volatile.i8P(i8* %dest_stream_V_V, i8 %tmp_V_1)" [/home/user/galapagos/middleware/hls/galapagos_bridge/src/galapagos_bridge.cpp:64]
ST_3 : Operation 30 [1/1] (0.00ns)   --->   "call void @_ssdm_op_Write.ap_auto.volatile.i8P(i8* %src_stream_V_V, i8 %tmp_V_2)" [/home/user/galapagos/middleware/hls/galapagos_bridge/src/galapagos_bridge.cpp:65]
ST_3 : Operation 31 [1/1] (0.00ns)   --->   "br label %.loopexit" [/home/user/galapagos/middleware/hls/galapagos_bridge/src/galapagos_bridge.cpp:66]
ST_3 : Operation 32 [1/1] (0.00ns)   --->   "br label %.loopexit"
ST_3 : Operation 33 [1/1] (0.00ns)   --->   "ret void" [/home/user/galapagos/middleware/hls/galapagos_bridge/src/galapagos_bridge.cpp:69]


============================================================
+ Verbose Summary: Timing violations
============================================================
Target clock period: 10ns, clock uncertainty: 1.25ns.

 <State 1>: 0.835ns
The critical path consists of the following:
	multiplexor before 'phi' operation ('i') with incoming values : ('i', /home/user/galapagos/middleware/hls/galapagos_bridge/src/galapagos_bridge.cpp:55) [11]  (0.835 ns)

 <State 2>: 1.32ns
The critical path consists of the following:
	'phi' operation ('i') with incoming values : ('i', /home/user/galapagos/middleware/hls/galapagos_bridge/src/galapagos_bridge.cpp:55) [11]  (0 ns)
	'add' operation ('i', /home/user/galapagos/middleware/hls/galapagos_bridge/src/galapagos_bridge.cpp:55) [14]  (1.32 ns)

 <State 3>: 0ns
The critical path consists of the following:


============================================================
+ Verbose Summary: Binding
============================================================
N/A
* FSMD analyzer results:
  - Output states:
 - Input state : 
  - Chain level:
	State 1
	State 2
	State 3


============================================================
+ Verbose Summary: Datapath Resource usage 
============================================================
N/A
