

================================================================
== Vivado HLS Report for 'linear_1'
================================================================
* Date:           Wed Aug 12 00:45:06 2020

* Version:        2018.1 (Build 2188600 on Wed Apr 04 19:04:02 MDT 2018)
* Project:        hls4ml_hcal
* Solution:       solution1
* Product family: kintexu
* Target device:  xcku115-flva1517-2-e


================================================================
== Performance Estimates
================================================================
+ Timing (ns): 
    * Summary: 
    +--------+-------+----------+------------+
    |  Clock | Target| Estimated| Uncertainty|
    +--------+-------+----------+------------+
    |ap_clk  |   4.00|      0.00|        0.50|
    +--------+-------+----------+------------+

+ Latency (clock cycles): 
    * Summary: 
    +-----+-----+-----+-----+----------+
    |  Latency  |  Interval | Pipeline |
    | min | max | min | max |   Type   |
    +-----+-----+-----+-----+----------+
    |    0|    0|    1|    1| function |
    +-----+-----+-----+-----+----------+

    + Detail: 
        * Instance: 
        N/A

        * Loop: 
        N/A

============================================================
+ Verbose Summary: Synthesis Manager
============================================================
InlineROM: 1
ExposeGlobal: 1
============================================================
+ Verbose Summary: CDFG Model
============================================================
IsTopModel: 0
ResetActiveHigh: 1
IsCombinational: 0
IsDatapathOnly: 0
HasWiredReturn: 1
HasMFsm: 2
HasVarLatency: 0
IsPipeline: 1
IsRtlPipelined: 0
IsInstanceOverlapped: 0
IsDontTouch: 0
HasImplIP: 0
IsGatedGlobalClock: 0

+ Individual pipeline summary: 
  * Pipeline-0: initiation interval (II) = 1, depth = 1


============================================================
+ Verbose Summary: Schedule
============================================================
* Number of FSM states : 1
* Pipeline : 1
  Pipeline-0 : II = 1, D = 1, States = { 1 }
* Dataflow Pipeline: 0

* FSM state transitions: 
1 --> 

* FSM state operations: 

 <State 1> : 0.00ns
ST_1 : Operation 2 [1/1] (0.00ns)   --->   "%data_4_V_read_2 = call i32 @_ssdm_op_Read.ap_auto.i32(i32 %data_4_V_read)"
ST_1 : Operation 3 [1/1] (0.00ns)   --->   "%data_3_V_read_2 = call i32 @_ssdm_op_Read.ap_auto.i32(i32 %data_3_V_read)"
ST_1 : Operation 4 [1/1] (0.00ns)   --->   "%data_2_V_read_2 = call i32 @_ssdm_op_Read.ap_auto.i32(i32 %data_2_V_read)"
ST_1 : Operation 5 [1/1] (0.00ns)   --->   "%data_1_V_read_2 = call i32 @_ssdm_op_Read.ap_auto.i32(i32 %data_1_V_read)"
ST_1 : Operation 6 [1/1] (0.00ns)   --->   "%data_0_V_read_2 = call i32 @_ssdm_op_Read.ap_auto.i32(i32 %data_0_V_read)"
ST_1 : Operation 7 [1/1] (0.00ns)   --->   "%tmp = call i32 (...)* @_ssdm_op_SpecRegionBegin([13 x i8]* @p_str11)" [/home/user/HCAL_HLS4ML/nnet_utils/nnet_activation.h:53]
ST_1 : Operation 8 [1/1] (0.00ns)   --->   "call void (...)* @_ssdm_op_SpecPipeline(i32 -1, i32 1, i32 1, i32 0, [1 x i8]* @p_str6) nounwind" [/home/user/HCAL_HLS4ML/nnet_utils/nnet_activation.h:54]
ST_1 : Operation 9 [1/1] (0.00ns)   --->   "%empty = call i32 (...)* @_ssdm_op_SpecRegionEnd([13 x i8]* @p_str11, i32 %tmp)" [/home/user/HCAL_HLS4ML/nnet_utils/nnet_activation.h:55]
ST_1 : Operation 10 [1/1] (0.00ns)   --->   "%mrv = insertvalue { i32, i32, i32, i32, i32 } undef, i32 %data_0_V_read_2, 0" [/home/user/HCAL_HLS4ML/nnet_utils/nnet_activation.h:63]
ST_1 : Operation 11 [1/1] (0.00ns)   --->   "%mrv_1 = insertvalue { i32, i32, i32, i32, i32 } %mrv, i32 %data_1_V_read_2, 1" [/home/user/HCAL_HLS4ML/nnet_utils/nnet_activation.h:63]
ST_1 : Operation 12 [1/1] (0.00ns)   --->   "%mrv_2 = insertvalue { i32, i32, i32, i32, i32 } %mrv_1, i32 %data_2_V_read_2, 2" [/home/user/HCAL_HLS4ML/nnet_utils/nnet_activation.h:63]
ST_1 : Operation 13 [1/1] (0.00ns)   --->   "%mrv_3 = insertvalue { i32, i32, i32, i32, i32 } %mrv_2, i32 %data_3_V_read_2, 3" [/home/user/HCAL_HLS4ML/nnet_utils/nnet_activation.h:63]
ST_1 : Operation 14 [1/1] (0.00ns)   --->   "%mrv_4 = insertvalue { i32, i32, i32, i32, i32 } %mrv_3, i32 %data_4_V_read_2, 4" [/home/user/HCAL_HLS4ML/nnet_utils/nnet_activation.h:63]
ST_1 : Operation 15 [1/1] (0.00ns)   --->   "ret { i32, i32, i32, i32, i32 } %mrv_4" [/home/user/HCAL_HLS4ML/nnet_utils/nnet_activation.h:63]


============================================================
+ Verbose Summary: Binding
============================================================
STG Binding: 
---------------- STG Properties BEGIN ----------------
- Is combinational: 1
- Is one-state seq: 0
- Is datapath-only: 0
- Is pipelined: 1
- Is top level: 0
Port [ Return ] is wired: 1; IO mode=ap_ctrl_hs:ce=0
Port [ data_0_V_read]:  wired=1; compound=0; hidden=0; nouse=0; global=0; static=0; extern=0; dir=0; type=0; pingpong=0; private_global=0; IO mode=ap_none:ce=0
Port [ data_1_V_read]:  wired=1; compound=0; hidden=0; nouse=0; global=0; static=0; extern=0; dir=0; type=0; pingpong=0; private_global=0; IO mode=ap_none:ce=0
Port [ data_2_V_read]:  wired=1; compound=0; hidden=0; nouse=0; global=0; static=0; extern=0; dir=0; type=0; pingpong=0; private_global=0; IO mode=ap_none:ce=0
Port [ data_3_V_read]:  wired=1; compound=0; hidden=0; nouse=0; global=0; static=0; extern=0; dir=0; type=0; pingpong=0; private_global=0; IO mode=ap_none:ce=0
Port [ data_4_V_read]:  wired=1; compound=0; hidden=0; nouse=0; global=0; static=0; extern=0; dir=0; type=0; pingpong=0; private_global=0; IO mode=ap_none:ce=0
---------------- STG Properties END ------------------

---------------- Datapath Model BEGIN ----------------

<LifeTime>
<method=bitvector/>
data_4_V_read_2 (read           ) [ 00]
data_3_V_read_2 (read           ) [ 00]
data_2_V_read_2 (read           ) [ 00]
data_1_V_read_2 (read           ) [ 00]
data_0_V_read_2 (read           ) [ 00]
tmp             (specregionbegin) [ 00]
StgValue_8      (specpipeline   ) [ 00]
empty           (specregionend  ) [ 00]
mrv             (insertvalue    ) [ 00]
mrv_1           (insertvalue    ) [ 00]
mrv_2           (insertvalue    ) [ 00]
mrv_3           (insertvalue    ) [ 00]
mrv_4           (insertvalue    ) [ 00]
StgValue_15     (ret            ) [ 00]
</LifeTime>

<model>

<comp_list>
<comp id="0" class="1000" name="data_0_V_read">
<pin_list>
<pin id="1" dir="1" index="0" bw="1" slack="0"/>
</pin_list>
<bind>
<StgValue><ssdm name="data_0_V_read"/></StgValue>
</bind>
</comp>

<comp id="2" class="1000" name="data_1_V_read">
<pin_list>
<pin id="3" dir="1" index="0" bw="1" slack="0"/>
</pin_list>
<bind>
<StgValue><ssdm name="data_1_V_read"/></StgValue>
</bind>
</comp>

<comp id="4" class="1000" name="data_2_V_read">
<pin_list>
<pin id="5" dir="1" index="0" bw="1" slack="0"/>
</pin_list>
<bind>
<StgValue><ssdm name="data_2_V_read"/></StgValue>
</bind>
</comp>

<comp id="6" class="1000" name="data_3_V_read">
<pin_list>
<pin id="7" dir="1" index="0" bw="1" slack="0"/>
</pin_list>
<bind>
<StgValue><ssdm name="data_3_V_read"/></StgValue>
</bind>
</comp>

<comp id="8" class="1000" name="data_4_V_read">
<pin_list>
<pin id="9" dir="1" index="0" bw="1" slack="0"/>
</pin_list>
<bind>
<StgValue><ssdm name="data_4_V_read"/></StgValue>
</bind>
</comp>

<comp id="10" class="1001" name="const_10">
<pin_list>
<pin id="11" dir="1" index="0" bw="1" slack="0"/>
</pin_list>
<bind>
<StgValue><ssdm name="_ssdm_op_Read.ap_auto.i32"/></StgValue>
</bind>
</comp>

<comp id="12" class="1001" name="const_12">
<pin_list>
<pin id="13" dir="1" index="0" bw="1" slack="2147483647"/>
</pin_list>
<bind>
<StgValue><ssdm name="_ssdm_op_SpecRegionBegin"/></StgValue>
</bind>
</comp>

<comp id="14" class="1001" name="const_14">
<pin_list>
<pin id="15" dir="1" index="0" bw="1" slack="2147483647"/>
</pin_list>
<bind>
<StgValue><ssdm name="p_str11"/></StgValue>
</bind>
</comp>

<comp id="16" class="1001" name="const_16">
<pin_list>
<pin id="17" dir="1" index="0" bw="1" slack="2147483647"/>
</pin_list>
<bind>
<StgValue><ssdm name="_ssdm_op_SpecPipeline"/></StgValue>
</bind>
</comp>

<comp id="18" class="1001" name="const_18">
<pin_list>
<pin id="19" dir="1" index="0" bw="1" slack="2147483647"/>
</pin_list>
<bind>
<StgValue><ssdm name=""/></StgValue>
</bind>
</comp>

<comp id="20" class="1001" name="const_20">
<pin_list>
<pin id="21" dir="1" index="0" bw="1" slack="2147483647"/>
</pin_list>
<bind>
<StgValue><ssdm name=""/></StgValue>
</bind>
</comp>

<comp id="22" class="1001" name="const_22">
<pin_list>
<pin id="23" dir="1" index="0" bw="1" slack="2147483647"/>
</pin_list>
<bind>
<StgValue><ssdm name=""/></StgValue>
</bind>
</comp>

<comp id="24" class="1001" name="const_24">
<pin_list>
<pin id="25" dir="1" index="0" bw="1" slack="2147483647"/>
</pin_list>
<bind>
<StgValue><ssdm name="p_str6"/></StgValue>
</bind>
</comp>

<comp id="26" class="1001" name="const_26">
<pin_list>
<pin id="27" dir="1" index="0" bw="1" slack="2147483647"/>
</pin_list>
<bind>
<StgValue><ssdm name="_ssdm_op_SpecRegionEnd"/></StgValue>
</bind>
</comp>

<comp id="28" class="1001" name="const_28">
<pin_list>
<pin id="29" dir="1" index="0" bw="1" slack="0"/>
</pin_list>
<bind>
<StgValue><ssdm name=""/></StgValue>
</bind>
</comp>

<comp id="30" class="1004" name="data_4_V_read_2_read_fu_30">
<pin_list>
<pin id="31" dir="0" index="0" bw="32" slack="0"/>
<pin id="32" dir="0" index="1" bw="32" slack="0"/>
<pin id="33" dir="1" index="2" bw="32" slack="0"/>
</pin_list>
<bind>
<opcode="read(1150) " fcode="read"/>
<opset="data_4_V_read_2/1 "/>
</bind>
</comp>

<comp id="36" class="1004" name="data_3_V_read_2_read_fu_36">
<pin_list>
<pin id="37" dir="0" index="0" bw="32" slack="0"/>
<pin id="38" dir="0" index="1" bw="32" slack="0"/>
<pin id="39" dir="1" index="2" bw="32" slack="0"/>
</pin_list>
<bind>
<opcode="read(1150) " fcode="read"/>
<opset="data_3_V_read_2/1 "/>
</bind>
</comp>

<comp id="42" class="1004" name="data_2_V_read_2_read_fu_42">
<pin_list>
<pin id="43" dir="0" index="0" bw="32" slack="0"/>
<pin id="44" dir="0" index="1" bw="32" slack="0"/>
<pin id="45" dir="1" index="2" bw="32" slack="0"/>
</pin_list>
<bind>
<opcode="read(1150) " fcode="read"/>
<opset="data_2_V_read_2/1 "/>
</bind>
</comp>

<comp id="48" class="1004" name="data_1_V_read_2_read_fu_48">
<pin_list>
<pin id="49" dir="0" index="0" bw="32" slack="0"/>
<pin id="50" dir="0" index="1" bw="32" slack="0"/>
<pin id="51" dir="1" index="2" bw="32" slack="0"/>
</pin_list>
<bind>
<opcode="read(1150) " fcode="read"/>
<opset="data_1_V_read_2/1 "/>
</bind>
</comp>

<comp id="54" class="1004" name="data_0_V_read_2_read_fu_54">
<pin_list>
<pin id="55" dir="0" index="0" bw="32" slack="0"/>
<pin id="56" dir="0" index="1" bw="32" slack="0"/>
<pin id="57" dir="1" index="2" bw="32" slack="0"/>
</pin_list>
<bind>
<opcode="read(1150) " fcode="read"/>
<opset="data_0_V_read_2/1 "/>
</bind>
</comp>

<comp id="60" class="1004" name="mrv_fu_60">
<pin_list>
<pin id="61" dir="0" index="0" bw="160" slack="0"/>
<pin id="62" dir="0" index="1" bw="32" slack="0"/>
<pin id="63" dir="1" index="2" bw="160" slack="0"/>
</pin_list>
<bind>
<opcode="insertvalue(57) " fcode="insertvalue"/>
<opset="mrv/1 "/>
</bind>
</comp>

<comp id="66" class="1004" name="mrv_1_fu_66">
<pin_list>
<pin id="67" dir="0" index="0" bw="160" slack="0"/>
<pin id="68" dir="0" index="1" bw="32" slack="0"/>
<pin id="69" dir="1" index="2" bw="160" slack="0"/>
</pin_list>
<bind>
<opcode="insertvalue(57) " fcode="insertvalue"/>
<opset="mrv_1/1 "/>
</bind>
</comp>

<comp id="72" class="1004" name="mrv_2_fu_72">
<pin_list>
<pin id="73" dir="0" index="0" bw="160" slack="0"/>
<pin id="74" dir="0" index="1" bw="32" slack="0"/>
<pin id="75" dir="1" index="2" bw="160" slack="0"/>
</pin_list>
<bind>
<opcode="insertvalue(57) " fcode="insertvalue"/>
<opset="mrv_2/1 "/>
</bind>
</comp>

<comp id="78" class="1004" name="mrv_3_fu_78">
<pin_list>
<pin id="79" dir="0" index="0" bw="160" slack="0"/>
<pin id="80" dir="0" index="1" bw="32" slack="0"/>
<pin id="81" dir="1" index="2" bw="160" slack="0"/>
</pin_list>
<bind>
<opcode="insertvalue(57) " fcode="insertvalue"/>
<opset="mrv_3/1 "/>
</bind>
</comp>

<comp id="84" class="1004" name="mrv_4_fu_84">
<pin_list>
<pin id="85" dir="0" index="0" bw="160" slack="0"/>
<pin id="86" dir="0" index="1" bw="32" slack="0"/>
<pin id="87" dir="1" index="2" bw="160" slack="2147483647"/>
</pin_list>
<bind>
<opcode="insertvalue(57) " fcode="insertvalue"/>
<opset="mrv_4/1 "/>
</bind>
</comp>

</comp_list>

<net_list>
<net id="34"><net_src comp="10" pin="0"/><net_sink comp="30" pin=0"/></net>

<net id="35"><net_src comp="8" pin="0"/><net_sink comp="30" pin=1"/></net>

<net id="40"><net_src comp="10" pin="0"/><net_sink comp="36" pin=0"/></net>

<net id="41"><net_src comp="6" pin="0"/><net_sink comp="36" pin=1"/></net>

<net id="46"><net_src comp="10" pin="0"/><net_sink comp="42" pin=0"/></net>

<net id="47"><net_src comp="4" pin="0"/><net_sink comp="42" pin=1"/></net>

<net id="52"><net_src comp="10" pin="0"/><net_sink comp="48" pin=0"/></net>

<net id="53"><net_src comp="2" pin="0"/><net_sink comp="48" pin=1"/></net>

<net id="58"><net_src comp="10" pin="0"/><net_sink comp="54" pin=0"/></net>

<net id="59"><net_src comp="0" pin="0"/><net_sink comp="54" pin=1"/></net>

<net id="64"><net_src comp="28" pin="0"/><net_sink comp="60" pin=0"/></net>

<net id="65"><net_src comp="54" pin="2"/><net_sink comp="60" pin=1"/></net>

<net id="70"><net_src comp="60" pin="2"/><net_sink comp="66" pin=0"/></net>

<net id="71"><net_src comp="48" pin="2"/><net_sink comp="66" pin=1"/></net>

<net id="76"><net_src comp="66" pin="2"/><net_sink comp="72" pin=0"/></net>

<net id="77"><net_src comp="42" pin="2"/><net_sink comp="72" pin=1"/></net>

<net id="82"><net_src comp="72" pin="2"/><net_sink comp="78" pin=0"/></net>

<net id="83"><net_src comp="36" pin="2"/><net_sink comp="78" pin=1"/></net>

<net id="88"><net_src comp="78" pin="2"/><net_sink comp="84" pin=0"/></net>

<net id="89"><net_src comp="30" pin="2"/><net_sink comp="84" pin=1"/></net>

</net_list>

</model> 
---------------- Datapath Model END ------------------

* FSMD analyzer results:
  - Output states:
 - Input state : 
	Port: linear.1 : data_0_V_read | {1 }
	Port: linear.1 : data_1_V_read | {1 }
	Port: linear.1 : data_2_V_read | {1 }
	Port: linear.1 : data_3_V_read | {1 }
	Port: linear.1 : data_4_V_read | {1 }
  - Chain level:
	State 1
		empty : 1
		mrv_1 : 1
		mrv_2 : 2
		mrv_3 : 3
		mrv_4 : 4
		StgValue_15 : 5


============================================================
+ Verbose Summary: Datapath Resource usage 
============================================================

* Functional unit list:
|----------|----------------------------|
| Operation|       Functional Unit      |
|----------|----------------------------|
|          | data_4_V_read_2_read_fu_30 |
|          | data_3_V_read_2_read_fu_36 |
|   read   | data_2_V_read_2_read_fu_42 |
|          | data_1_V_read_2_read_fu_48 |
|          | data_0_V_read_2_read_fu_54 |
|----------|----------------------------|
|          |          mrv_fu_60         |
|          |         mrv_1_fu_66        |
|insertvalue|         mrv_2_fu_72        |
|          |         mrv_3_fu_78        |
|          |         mrv_4_fu_84        |
|----------|----------------------------|
|   Total  |                            |
|----------|----------------------------|

Memories:
N/A

* Register list:
N/A

* Multiplexer (MUX) list: 
|--------|------|------|------|--------|
|  Comp  |  Pin | Size |  BW  | S x BW |
|--------|------|------|------|--------|
|  Total |      |      |      |    0   |
|--------|------|------|------|--------|



* Summary:
+-----------+
|           |
+-----------+
|  Function |
|   Memory  |
|Multiplexer|
|  Register |
+-----------+
|   Total   |
+-----------+
