

================================================================
== Vivado HLS Report for 'linear_2'
================================================================
* Date:           Wed Aug 12 00:45:03 2020

* Version:        2018.1 (Build 2188600 on Wed Apr 04 19:04:02 MDT 2018)
* Project:        hls4ml_hcal
* Solution:       solution1
* Product family: kintexu
* Target device:  xcku115-flva1517-2-e


================================================================
== Performance Estimates
================================================================
+ Timing (ns): 
    * Summary: 
    +--------+-------+----------+------------+
    |  Clock | Target| Estimated| Uncertainty|
    +--------+-------+----------+------------+
    |ap_clk  |   4.00|      0.00|        0.50|
    +--------+-------+----------+------------+

+ Latency (clock cycles): 
    * Summary: 
    +-----+-----+-----+-----+----------+
    |  Latency  |  Interval | Pipeline |
    | min | max | min | max |   Type   |
    +-----+-----+-----+-----+----------+
    |    0|    0|    1|    1| function |
    +-----+-----+-----+-----+----------+

    + Detail: 
        * Instance: 
        N/A

        * Loop: 
        N/A

============================================================
+ Verbose Summary: Synthesis Manager
============================================================
InlineROM: 1
ExposeGlobal: 1
============================================================
+ Verbose Summary: CDFG Model
============================================================
IsTopModel: 0
ResetActiveHigh: 1
IsCombinational: 0
IsDatapathOnly: 0
HasWiredReturn: 1
HasMFsm: 2
HasVarLatency: 0
IsPipeline: 1
IsRtlPipelined: 0
IsInstanceOverlapped: 0
IsDontTouch: 0
HasImplIP: 0
IsGatedGlobalClock: 0

+ Individual pipeline summary: 
  * Pipeline-0: initiation interval (II) = 1, depth = 1


============================================================
+ Verbose Summary: Schedule
============================================================
* Number of FSM states : 1
* Pipeline : 1
  Pipeline-0 : II = 1, D = 1, States = { 1 }
* Dataflow Pipeline: 0

* FSM state transitions: 
1 --> 

* FSM state operations: 

 <State 1> : 0.00ns
ST_1 : Operation 2 [1/1] (0.00ns)   --->   "%data_14_V_read_1 = call i32 @_ssdm_op_Read.ap_auto.i32(i32 %data_14_V_read)"
ST_1 : Operation 3 [1/1] (0.00ns)   --->   "%data_13_V_read_1 = call i32 @_ssdm_op_Read.ap_auto.i32(i32 %data_13_V_read)"
ST_1 : Operation 4 [1/1] (0.00ns)   --->   "%data_12_V_read_1 = call i32 @_ssdm_op_Read.ap_auto.i32(i32 %data_12_V_read)"
ST_1 : Operation 5 [1/1] (0.00ns)   --->   "%data_11_V_read_1 = call i32 @_ssdm_op_Read.ap_auto.i32(i32 %data_11_V_read)"
ST_1 : Operation 6 [1/1] (0.00ns)   --->   "%data_10_V_read_1 = call i32 @_ssdm_op_Read.ap_auto.i32(i32 %data_10_V_read)"
ST_1 : Operation 7 [1/1] (0.00ns)   --->   "%data_9_V_read_1 = call i32 @_ssdm_op_Read.ap_auto.i32(i32 %data_9_V_read)"
ST_1 : Operation 8 [1/1] (0.00ns)   --->   "%data_8_V_read_1 = call i32 @_ssdm_op_Read.ap_auto.i32(i32 %data_8_V_read)"
ST_1 : Operation 9 [1/1] (0.00ns)   --->   "%data_7_V_read_1 = call i32 @_ssdm_op_Read.ap_auto.i32(i32 %data_7_V_read)"
ST_1 : Operation 10 [1/1] (0.00ns)   --->   "%data_6_V_read_1 = call i32 @_ssdm_op_Read.ap_auto.i32(i32 %data_6_V_read)"
ST_1 : Operation 11 [1/1] (0.00ns)   --->   "%data_5_V_read_1 = call i32 @_ssdm_op_Read.ap_auto.i32(i32 %data_5_V_read)"
ST_1 : Operation 12 [1/1] (0.00ns)   --->   "%data_4_V_read_1 = call i32 @_ssdm_op_Read.ap_auto.i32(i32 %data_4_V_read)"
ST_1 : Operation 13 [1/1] (0.00ns)   --->   "%data_3_V_read_1 = call i32 @_ssdm_op_Read.ap_auto.i32(i32 %data_3_V_read)"
ST_1 : Operation 14 [1/1] (0.00ns)   --->   "%data_2_V_read_1 = call i32 @_ssdm_op_Read.ap_auto.i32(i32 %data_2_V_read)"
ST_1 : Operation 15 [1/1] (0.00ns)   --->   "%data_1_V_read_1 = call i32 @_ssdm_op_Read.ap_auto.i32(i32 %data_1_V_read)"
ST_1 : Operation 16 [1/1] (0.00ns)   --->   "%data_0_V_read_1 = call i32 @_ssdm_op_Read.ap_auto.i32(i32 %data_0_V_read)"
ST_1 : Operation 17 [1/1] (0.00ns)   --->   "%tmp = call i32 (...)* @_ssdm_op_SpecRegionBegin([12 x i8]* @p_str13)" [/home/user/HCAL_HLS4ML/nnet_utils/nnet_activation.h:53]
ST_1 : Operation 18 [1/1] (0.00ns)   --->   "call void (...)* @_ssdm_op_SpecPipeline(i32 -1, i32 1, i32 1, i32 0, [1 x i8]* @p_str6) nounwind" [/home/user/HCAL_HLS4ML/nnet_utils/nnet_activation.h:54]
ST_1 : Operation 19 [1/1] (0.00ns)   --->   "%empty = call i32 (...)* @_ssdm_op_SpecRegionEnd([12 x i8]* @p_str13, i32 %tmp)" [/home/user/HCAL_HLS4ML/nnet_utils/nnet_activation.h:55]
ST_1 : Operation 20 [1/1] (0.00ns)   --->   "%mrv = insertvalue { i32, i32, i32, i32, i32, i32, i32, i32, i32, i32, i32, i32, i32, i32, i32 } undef, i32 %data_0_V_read_1, 0" [/home/user/HCAL_HLS4ML/nnet_utils/nnet_activation.h:63]
ST_1 : Operation 21 [1/1] (0.00ns)   --->   "%mrv_1 = insertvalue { i32, i32, i32, i32, i32, i32, i32, i32, i32, i32, i32, i32, i32, i32, i32 } %mrv, i32 %data_1_V_read_1, 1" [/home/user/HCAL_HLS4ML/nnet_utils/nnet_activation.h:63]
ST_1 : Operation 22 [1/1] (0.00ns)   --->   "%mrv_2 = insertvalue { i32, i32, i32, i32, i32, i32, i32, i32, i32, i32, i32, i32, i32, i32, i32 } %mrv_1, i32 %data_2_V_read_1, 2" [/home/user/HCAL_HLS4ML/nnet_utils/nnet_activation.h:63]
ST_1 : Operation 23 [1/1] (0.00ns)   --->   "%mrv_3 = insertvalue { i32, i32, i32, i32, i32, i32, i32, i32, i32, i32, i32, i32, i32, i32, i32 } %mrv_2, i32 %data_3_V_read_1, 3" [/home/user/HCAL_HLS4ML/nnet_utils/nnet_activation.h:63]
ST_1 : Operation 24 [1/1] (0.00ns)   --->   "%mrv_4 = insertvalue { i32, i32, i32, i32, i32, i32, i32, i32, i32, i32, i32, i32, i32, i32, i32 } %mrv_3, i32 %data_4_V_read_1, 4" [/home/user/HCAL_HLS4ML/nnet_utils/nnet_activation.h:63]
ST_1 : Operation 25 [1/1] (0.00ns)   --->   "%mrv_5 = insertvalue { i32, i32, i32, i32, i32, i32, i32, i32, i32, i32, i32, i32, i32, i32, i32 } %mrv_4, i32 %data_5_V_read_1, 5" [/home/user/HCAL_HLS4ML/nnet_utils/nnet_activation.h:63]
ST_1 : Operation 26 [1/1] (0.00ns)   --->   "%mrv_6 = insertvalue { i32, i32, i32, i32, i32, i32, i32, i32, i32, i32, i32, i32, i32, i32, i32 } %mrv_5, i32 %data_6_V_read_1, 6" [/home/user/HCAL_HLS4ML/nnet_utils/nnet_activation.h:63]
ST_1 : Operation 27 [1/1] (0.00ns)   --->   "%mrv_7 = insertvalue { i32, i32, i32, i32, i32, i32, i32, i32, i32, i32, i32, i32, i32, i32, i32 } %mrv_6, i32 %data_7_V_read_1, 7" [/home/user/HCAL_HLS4ML/nnet_utils/nnet_activation.h:63]
ST_1 : Operation 28 [1/1] (0.00ns)   --->   "%mrv_8 = insertvalue { i32, i32, i32, i32, i32, i32, i32, i32, i32, i32, i32, i32, i32, i32, i32 } %mrv_7, i32 %data_8_V_read_1, 8" [/home/user/HCAL_HLS4ML/nnet_utils/nnet_activation.h:63]
ST_1 : Operation 29 [1/1] (0.00ns)   --->   "%mrv_9 = insertvalue { i32, i32, i32, i32, i32, i32, i32, i32, i32, i32, i32, i32, i32, i32, i32 } %mrv_8, i32 %data_9_V_read_1, 9" [/home/user/HCAL_HLS4ML/nnet_utils/nnet_activation.h:63]
ST_1 : Operation 30 [1/1] (0.00ns)   --->   "%mrv_s = insertvalue { i32, i32, i32, i32, i32, i32, i32, i32, i32, i32, i32, i32, i32, i32, i32 } %mrv_9, i32 %data_10_V_read_1, 10" [/home/user/HCAL_HLS4ML/nnet_utils/nnet_activation.h:63]
ST_1 : Operation 31 [1/1] (0.00ns)   --->   "%mrv_10 = insertvalue { i32, i32, i32, i32, i32, i32, i32, i32, i32, i32, i32, i32, i32, i32, i32 } %mrv_s, i32 %data_11_V_read_1, 11" [/home/user/HCAL_HLS4ML/nnet_utils/nnet_activation.h:63]
ST_1 : Operation 32 [1/1] (0.00ns)   --->   "%mrv_11 = insertvalue { i32, i32, i32, i32, i32, i32, i32, i32, i32, i32, i32, i32, i32, i32, i32 } %mrv_10, i32 %data_12_V_read_1, 12" [/home/user/HCAL_HLS4ML/nnet_utils/nnet_activation.h:63]
ST_1 : Operation 33 [1/1] (0.00ns)   --->   "%mrv_12 = insertvalue { i32, i32, i32, i32, i32, i32, i32, i32, i32, i32, i32, i32, i32, i32, i32 } %mrv_11, i32 %data_13_V_read_1, 13" [/home/user/HCAL_HLS4ML/nnet_utils/nnet_activation.h:63]
ST_1 : Operation 34 [1/1] (0.00ns)   --->   "%mrv_13 = insertvalue { i32, i32, i32, i32, i32, i32, i32, i32, i32, i32, i32, i32, i32, i32, i32 } %mrv_12, i32 %data_14_V_read_1, 14" [/home/user/HCAL_HLS4ML/nnet_utils/nnet_activation.h:63]
ST_1 : Operation 35 [1/1] (0.00ns)   --->   "ret { i32, i32, i32, i32, i32, i32, i32, i32, i32, i32, i32, i32, i32, i32, i32 } %mrv_13" [/home/user/HCAL_HLS4ML/nnet_utils/nnet_activation.h:63]


============================================================
+ Verbose Summary: Timing violations
============================================================
Target clock period: 4ns, clock uncertainty: 0.5ns.

 <State 1>: 0ns
The critical path consists of the following:


============================================================
+ Verbose Summary: Binding
============================================================
N/A
* FSMD analyzer results:
  - Output states:
 - Input state : 
  - Chain level:
	State 1


============================================================
+ Verbose Summary: Datapath Resource usage 
============================================================
N/A
