

================================================================
== Vivado HLS Report for 'compute_layer_0_0_0_1'
================================================================
* Date:           Wed Aug 12 00:45:17 2020

* Version:        2018.1 (Build 2188600 on Wed Apr 04 19:04:02 MDT 2018)
* Project:        hls4ml_hcal
* Solution:       solution1
* Product family: kintexu
* Target device:  xcku115-flva1517-2-e


================================================================
== Performance Estimates
================================================================
+ Timing (ns): 
    * Summary: 
    +--------+-------+----------+------------+
    |  Clock | Target| Estimated| Uncertainty|
    +--------+-------+----------+------------+
    |ap_clk  |   4.00|      3.33|        0.50|
    +--------+-------+----------+------------+

+ Latency (clock cycles): 
    * Summary: 
    +-----+-----+-----+-----+----------+
    |  Latency  |  Interval | Pipeline |
    | min | max | min | max |   Type   |
    +-----+-----+-----+-----+----------+
    |   11|   11|    6|    6| function |
    +-----+-----+-----+-----+----------+

    + Detail: 
        * Instance: 
        N/A

        * Loop: 
        N/A



================================================================
== Utilization Estimates
================================================================
* Summary: 
+---------------------+---------+-------+---------+--------+
|         Name        | BRAM_18K| DSP48E|    FF   |   LUT  |
+---------------------+---------+-------+---------+--------+
|DSP                  |        -|      -|        -|       -|
|Expression           |        -|      0|        0|    5548|
|FIFO                 |        -|      -|        -|       -|
|Instance             |        -|    632|    26228|    8016|
|Memory               |        -|      -|        -|       -|
|Multiplexer          |        -|      -|        -|    2207|
|Register             |        -|      -|     5704|       -|
+---------------------+---------+-------+---------+--------+
|Total                |        0|    632|    31932|   15771|
+---------------------+---------+-------+---------+--------+
|Available SLR        |     2160|   2760|   663360|  331680|
+---------------------+---------+-------+---------+--------+
|Utilization SLR (%)  |        0|     22|        4|       4|
+---------------------+---------+-------+---------+--------+
|Available            |     4320|   5520|  1326720|  663360|
+---------------------+---------+-------+---------+--------+
|Utilization (%)      |        0|     11|        2|       2|
+---------------------+---------+-------+---------+--------+

+ Detail: 
    * Instance: 
    +---------------------------+----------------------+---------+-------+-----+-----+
    |          Instance         |        Module        | BRAM_18K| DSP48E|  FF | LUT |
    +---------------------------+----------------------+---------+-------+-----+-----+
    |hls4ml_hcal_mul_1Aem_U90   |hls4ml_hcal_mul_1Aem  |        0|      4|  166|   49|
    |hls4ml_hcal_mul_1Bew_U110  |hls4ml_hcal_mul_1Bew  |        0|      4|  166|   49|
    |hls4ml_hcal_mul_1Bew_U152  |hls4ml_hcal_mul_1Bew  |        0|      4|  166|   49|
    |hls4ml_hcal_mul_1Ee0_U153  |hls4ml_hcal_mul_1Ee0  |        0|      4|  166|   49|
    |hls4ml_hcal_mul_1bkb_U1    |hls4ml_hcal_mul_1bkb  |        0|      4|  166|   49|
    |hls4ml_hcal_mul_1bkb_U10   |hls4ml_hcal_mul_1bkb  |        0|      4|  166|   49|
    |hls4ml_hcal_mul_1bkb_U33   |hls4ml_hcal_mul_1bkb  |        0|      4|  166|   49|
    |hls4ml_hcal_mul_1bkb_U64   |hls4ml_hcal_mul_1bkb  |        0|      4|  166|   49|
    |hls4ml_hcal_mul_1bkb_U69   |hls4ml_hcal_mul_1bkb  |        0|      4|  166|   49|
    |hls4ml_hcal_mul_1bkb_U73   |hls4ml_hcal_mul_1bkb  |        0|      4|  166|   49|
    |hls4ml_hcal_mul_1bkb_U76   |hls4ml_hcal_mul_1bkb  |        0|      4|  166|   49|
    |hls4ml_hcal_mul_1bkb_U106  |hls4ml_hcal_mul_1bkb  |        0|      4|  166|   49|
    |hls4ml_hcal_mul_1bkb_U122  |hls4ml_hcal_mul_1bkb  |        0|      4|  166|   49|
    |hls4ml_hcal_mul_1bkb_U145  |hls4ml_hcal_mul_1bkb  |        0|      4|  166|   49|
    |hls4ml_hcal_mul_1bkb_U157  |hls4ml_hcal_mul_1bkb  |        0|      4|  166|   49|
    |hls4ml_hcal_mul_1bkb_U158  |hls4ml_hcal_mul_1bkb  |        0|      4|  166|   49|
    |hls4ml_hcal_mul_1dEe_U3    |hls4ml_hcal_mul_1dEe  |        0|      4|  166|   49|
    |hls4ml_hcal_mul_1dEe_U8    |hls4ml_hcal_mul_1dEe  |        0|      4|  166|   49|
    |hls4ml_hcal_mul_1dEe_U20   |hls4ml_hcal_mul_1dEe  |        0|      4|  166|   49|
    |hls4ml_hcal_mul_1dEe_U23   |hls4ml_hcal_mul_1dEe  |        0|      4|  166|   49|
    |hls4ml_hcal_mul_1dEe_U28   |hls4ml_hcal_mul_1dEe  |        0|      4|  166|   49|
    |hls4ml_hcal_mul_1dEe_U29   |hls4ml_hcal_mul_1dEe  |        0|      4|  166|   49|
    |hls4ml_hcal_mul_1dEe_U32   |hls4ml_hcal_mul_1dEe  |        0|      4|  166|   49|
    |hls4ml_hcal_mul_1dEe_U43   |hls4ml_hcal_mul_1dEe  |        0|      4|  166|   49|
    |hls4ml_hcal_mul_1dEe_U44   |hls4ml_hcal_mul_1dEe  |        0|      4|  166|   49|
    |hls4ml_hcal_mul_1dEe_U52   |hls4ml_hcal_mul_1dEe  |        0|      4|  166|   49|
    |hls4ml_hcal_mul_1dEe_U57   |hls4ml_hcal_mul_1dEe  |        0|      4|  166|   49|
    |hls4ml_hcal_mul_1dEe_U72   |hls4ml_hcal_mul_1dEe  |        0|      4|  166|   49|
    |hls4ml_hcal_mul_1dEe_U80   |hls4ml_hcal_mul_1dEe  |        0|      4|  166|   49|
    |hls4ml_hcal_mul_1dEe_U95   |hls4ml_hcal_mul_1dEe  |        0|      4|  166|   49|
    |hls4ml_hcal_mul_1dEe_U103  |hls4ml_hcal_mul_1dEe  |        0|      4|  166|   49|
    |hls4ml_hcal_mul_1dEe_U134  |hls4ml_hcal_mul_1dEe  |        0|      4|  166|   49|
    |hls4ml_hcal_mul_1eOg_U4    |hls4ml_hcal_mul_1eOg  |        0|      4|  166|   49|
    |hls4ml_hcal_mul_1eOg_U14   |hls4ml_hcal_mul_1eOg  |        0|      4|  166|   49|
    |hls4ml_hcal_mul_1eOg_U35   |hls4ml_hcal_mul_1eOg  |        0|      4|  166|   49|
    |hls4ml_hcal_mul_1eOg_U40   |hls4ml_hcal_mul_1eOg  |        0|      4|  166|   49|
    |hls4ml_hcal_mul_1eOg_U49   |hls4ml_hcal_mul_1eOg  |        0|      4|  166|   49|
    |hls4ml_hcal_mul_1eOg_U101  |hls4ml_hcal_mul_1eOg  |        0|      4|  166|   49|
    |hls4ml_hcal_mul_1eOg_U123  |hls4ml_hcal_mul_1eOg  |        0|      4|  166|   49|
    |hls4ml_hcal_mul_1eOg_U125  |hls4ml_hcal_mul_1eOg  |        0|      4|  166|   49|
    |hls4ml_hcal_mul_1eOg_U140  |hls4ml_hcal_mul_1eOg  |        0|      4|  166|   49|
    |hls4ml_hcal_mul_1eOg_U144  |hls4ml_hcal_mul_1eOg  |        0|      4|  166|   49|
    |hls4ml_hcal_mul_1fYi_U5    |hls4ml_hcal_mul_1fYi  |        0|      4|  166|   49|
    |hls4ml_hcal_mul_1fYi_U13   |hls4ml_hcal_mul_1fYi  |        0|      4|  166|   49|
    |hls4ml_hcal_mul_1fYi_U17   |hls4ml_hcal_mul_1fYi  |        0|      4|  166|   49|
    |hls4ml_hcal_mul_1fYi_U18   |hls4ml_hcal_mul_1fYi  |        0|      4|  166|   49|
    |hls4ml_hcal_mul_1fYi_U21   |hls4ml_hcal_mul_1fYi  |        0|      4|  166|   49|
    |hls4ml_hcal_mul_1fYi_U38   |hls4ml_hcal_mul_1fYi  |        0|      4|  166|   49|
    |hls4ml_hcal_mul_1fYi_U39   |hls4ml_hcal_mul_1fYi  |        0|      4|  166|   49|
    |hls4ml_hcal_mul_1fYi_U42   |hls4ml_hcal_mul_1fYi  |        0|      4|  166|   49|
    |hls4ml_hcal_mul_1fYi_U60   |hls4ml_hcal_mul_1fYi  |        0|      4|  166|   49|
    |hls4ml_hcal_mul_1fYi_U92   |hls4ml_hcal_mul_1fYi  |        0|      4|  166|   49|
    |hls4ml_hcal_mul_1fYi_U99   |hls4ml_hcal_mul_1fYi  |        0|      4|  166|   49|
    |hls4ml_hcal_mul_1fYi_U120  |hls4ml_hcal_mul_1fYi  |        0|      4|  166|   49|
    |hls4ml_hcal_mul_1fYi_U137  |hls4ml_hcal_mul_1fYi  |        0|      4|  166|   49|
    |hls4ml_hcal_mul_1g8j_U6    |hls4ml_hcal_mul_1g8j  |        0|      4|  166|   49|
    |hls4ml_hcal_mul_1g8j_U50   |hls4ml_hcal_mul_1g8j  |        0|      4|  166|   49|
    |hls4ml_hcal_mul_1g8j_U61   |hls4ml_hcal_mul_1g8j  |        0|      4|  166|   49|
    |hls4ml_hcal_mul_1g8j_U62   |hls4ml_hcal_mul_1g8j  |        0|      4|  166|   49|
    |hls4ml_hcal_mul_1g8j_U74   |hls4ml_hcal_mul_1g8j  |        0|      4|  166|   49|
    |hls4ml_hcal_mul_1g8j_U75   |hls4ml_hcal_mul_1g8j  |        0|      4|  166|   49|
    |hls4ml_hcal_mul_1g8j_U87   |hls4ml_hcal_mul_1g8j  |        0|      4|  166|   49|
    |hls4ml_hcal_mul_1g8j_U98   |hls4ml_hcal_mul_1g8j  |        0|      4|  166|   49|
    |hls4ml_hcal_mul_1g8j_U102  |hls4ml_hcal_mul_1g8j  |        0|      4|  166|   49|
    |hls4ml_hcal_mul_1g8j_U108  |hls4ml_hcal_mul_1g8j  |        0|      4|  166|   49|
    |hls4ml_hcal_mul_1g8j_U109  |hls4ml_hcal_mul_1g8j  |        0|      4|  166|   49|
    |hls4ml_hcal_mul_1g8j_U143  |hls4ml_hcal_mul_1g8j  |        0|      4|  166|   49|
    |hls4ml_hcal_mul_1ibs_U11   |hls4ml_hcal_mul_1ibs  |        0|      4|  166|   49|
    |hls4ml_hcal_mul_1ibs_U37   |hls4ml_hcal_mul_1ibs  |        0|      4|  166|   49|
    |hls4ml_hcal_mul_1ibs_U48   |hls4ml_hcal_mul_1ibs  |        0|      4|  166|   49|
    |hls4ml_hcal_mul_1ibs_U58   |hls4ml_hcal_mul_1ibs  |        0|      4|  166|   49|
    |hls4ml_hcal_mul_1ibs_U85   |hls4ml_hcal_mul_1ibs  |        0|      4|  166|   49|
    |hls4ml_hcal_mul_1ibs_U94   |hls4ml_hcal_mul_1ibs  |        0|      4|  166|   49|
    |hls4ml_hcal_mul_1ibs_U132  |hls4ml_hcal_mul_1ibs  |        0|      4|  166|   49|
    |hls4ml_hcal_mul_1jbC_U12   |hls4ml_hcal_mul_1jbC  |        0|      4|  166|   49|
    |hls4ml_hcal_mul_1jbC_U65   |hls4ml_hcal_mul_1jbC  |        0|      4|  166|   49|
    |hls4ml_hcal_mul_1jbC_U79   |hls4ml_hcal_mul_1jbC  |        0|      4|  166|   49|
    |hls4ml_hcal_mul_1jbC_U138  |hls4ml_hcal_mul_1jbC  |        0|      4|  166|   49|
    |hls4ml_hcal_mul_1jbC_U156  |hls4ml_hcal_mul_1jbC  |        0|      4|  166|   49|
    |hls4ml_hcal_mul_1kbM_U15   |hls4ml_hcal_mul_1kbM  |        0|      4|  166|   49|
    |hls4ml_hcal_mul_1kbM_U36   |hls4ml_hcal_mul_1kbM  |        0|      4|  166|   49|
    |hls4ml_hcal_mul_1kbM_U45   |hls4ml_hcal_mul_1kbM  |        0|      4|  166|   49|
    |hls4ml_hcal_mul_1kbM_U91   |hls4ml_hcal_mul_1kbM  |        0|      4|  166|   49|
    |hls4ml_hcal_mul_1kbM_U133  |hls4ml_hcal_mul_1kbM  |        0|      4|  166|   49|
    |hls4ml_hcal_mul_1kbM_U154  |hls4ml_hcal_mul_1kbM  |        0|      4|  166|   49|
    |hls4ml_hcal_mul_1ncg_U22   |hls4ml_hcal_mul_1ncg  |        0|      4|  166|   49|
    |hls4ml_hcal_mul_1ncg_U81   |hls4ml_hcal_mul_1ncg  |        0|      4|  166|   49|
    |hls4ml_hcal_mul_1ncg_U119  |hls4ml_hcal_mul_1ncg  |        0|      4|  166|   49|
    |hls4ml_hcal_mul_1ncg_U149  |hls4ml_hcal_mul_1ncg  |        0|      4|  166|   49|
    |hls4ml_hcal_mul_1ncg_U155  |hls4ml_hcal_mul_1ncg  |        0|      4|  166|   49|
    |hls4ml_hcal_mul_1ocq_U24   |hls4ml_hcal_mul_1ocq  |        0|      4|  166|   49|
    |hls4ml_hcal_mul_1ocq_U68   |hls4ml_hcal_mul_1ocq  |        0|      4|  166|   49|
    |hls4ml_hcal_mul_1ocq_U84   |hls4ml_hcal_mul_1ocq  |        0|      4|  166|   49|
    |hls4ml_hcal_mul_1ocq_U113  |hls4ml_hcal_mul_1ocq  |        0|      4|  166|   49|
    |hls4ml_hcal_mul_1ocq_U114  |hls4ml_hcal_mul_1ocq  |        0|      4|  166|   49|
    |hls4ml_hcal_mul_1ocq_U124  |hls4ml_hcal_mul_1ocq  |        0|      4|  166|   49|
    |hls4ml_hcal_mul_1ocq_U127  |hls4ml_hcal_mul_1ocq  |        0|      4|  166|   49|
    |hls4ml_hcal_mul_1ocq_U148  |hls4ml_hcal_mul_1ocq  |        0|      4|  166|   49|
    |hls4ml_hcal_mul_1pcA_U25   |hls4ml_hcal_mul_1pcA  |        0|      4|  166|   49|
    |hls4ml_hcal_mul_1pcA_U86   |hls4ml_hcal_mul_1pcA  |        0|      4|  166|   49|
    |hls4ml_hcal_mul_1pcA_U121  |hls4ml_hcal_mul_1pcA  |        0|      4|  166|   49|
    |hls4ml_hcal_mul_1pcA_U141  |hls4ml_hcal_mul_1pcA  |        0|      4|  166|   49|
    |hls4ml_hcal_mul_1rcU_U30   |hls4ml_hcal_mul_1rcU  |        0|      4|  166|   49|
    |hls4ml_hcal_mul_1rcU_U34   |hls4ml_hcal_mul_1rcU  |        0|      4|  166|   49|
    |hls4ml_hcal_mul_1rcU_U54   |hls4ml_hcal_mul_1rcU  |        0|      4|  166|   49|
    |hls4ml_hcal_mul_1rcU_U55   |hls4ml_hcal_mul_1rcU  |        0|      4|  166|   49|
    |hls4ml_hcal_mul_1rcU_U56   |hls4ml_hcal_mul_1rcU  |        0|      4|  166|   49|
    |hls4ml_hcal_mul_1rcU_U63   |hls4ml_hcal_mul_1rcU  |        0|      4|  166|   49|
    |hls4ml_hcal_mul_1rcU_U88   |hls4ml_hcal_mul_1rcU  |        0|      4|  166|   49|
    |hls4ml_hcal_mul_1rcU_U89   |hls4ml_hcal_mul_1rcU  |        0|      4|  166|   49|
    |hls4ml_hcal_mul_1rcU_U93   |hls4ml_hcal_mul_1rcU  |        0|      4|  166|   49|
    |hls4ml_hcal_mul_1rcU_U96   |hls4ml_hcal_mul_1rcU  |        0|      4|  166|   49|
    |hls4ml_hcal_mul_1rcU_U97   |hls4ml_hcal_mul_1rcU  |        0|      4|  166|   49|
    |hls4ml_hcal_mul_1rcU_U100  |hls4ml_hcal_mul_1rcU  |        0|      4|  166|   49|
    |hls4ml_hcal_mul_1rcU_U118  |hls4ml_hcal_mul_1rcU  |        0|      4|  166|   49|
    |hls4ml_hcal_mul_1rcU_U131  |hls4ml_hcal_mul_1rcU  |        0|      4|  166|   49|
    |hls4ml_hcal_mul_1rcU_U136  |hls4ml_hcal_mul_1rcU  |        0|      4|  166|   49|
    |hls4ml_hcal_mul_1rcU_U139  |hls4ml_hcal_mul_1rcU  |        0|      4|  166|   49|
    |hls4ml_hcal_mul_1rcU_U146  |hls4ml_hcal_mul_1rcU  |        0|      4|  166|   49|
    |hls4ml_hcal_mul_1rcU_U147  |hls4ml_hcal_mul_1rcU  |        0|      4|  166|   49|
    |hls4ml_hcal_mul_1udo_U46   |hls4ml_hcal_mul_1udo  |        0|      4|  166|   49|
    |hls4ml_hcal_mul_1udo_U130  |hls4ml_hcal_mul_1udo  |        0|      4|  166|   49|
    |hls4ml_hcal_mul_1udo_U135  |hls4ml_hcal_mul_1udo  |        0|      4|  166|   49|
    |hls4ml_hcal_mul_1vdy_U51   |hls4ml_hcal_mul_1vdy  |        0|      4|  166|   49|
    |hls4ml_hcal_mul_1vdy_U78   |hls4ml_hcal_mul_1vdy  |        0|      4|  166|   49|
    |hls4ml_hcal_mul_1vdy_U115  |hls4ml_hcal_mul_1vdy  |        0|      4|  166|   49|
    |hls4ml_hcal_mul_1xdS_U66   |hls4ml_hcal_mul_1xdS  |        0|      4|  166|   49|
    |hls4ml_hcal_mul_1xdS_U67   |hls4ml_hcal_mul_1xdS  |        0|      4|  166|   49|
    |hls4ml_hcal_mul_1xdS_U71   |hls4ml_hcal_mul_1xdS  |        0|      4|  166|   49|
    |hls4ml_hcal_mul_1xdS_U107  |hls4ml_hcal_mul_1xdS  |        0|      4|  166|   49|
    |hls4ml_hcal_mul_1yd2_U77   |hls4ml_hcal_mul_1yd2  |        0|      4|  166|   49|
    |hls4ml_hcal_mul_1yd2_U82   |hls4ml_hcal_mul_1yd2  |        0|      4|  166|   49|
    |hls4ml_hcal_mul_1yd2_U105  |hls4ml_hcal_mul_1yd2  |        0|      4|  166|   49|
    |hls4ml_hcal_mul_2CeG_U126  |hls4ml_hcal_mul_2CeG  |        0|      4|  166|   49|
    |hls4ml_hcal_mul_2DeQ_U129  |hls4ml_hcal_mul_2DeQ  |        0|      4|  166|   49|
    |hls4ml_hcal_mul_2qcK_U27   |hls4ml_hcal_mul_2qcK  |        0|      4|  166|   49|
    |hls4ml_hcal_mul_2qcK_U151  |hls4ml_hcal_mul_2qcK  |        0|      4|  166|   49|
    |hls4ml_hcal_mul_2tde_U41   |hls4ml_hcal_mul_2tde  |        0|      4|  166|   49|
    |hls4ml_hcal_mul_2tde_U70   |hls4ml_hcal_mul_2tde  |        0|      4|  166|   49|
    |hls4ml_hcal_mul_2tde_U128  |hls4ml_hcal_mul_2tde  |        0|      4|  166|   49|
    |hls4ml_hcal_mul_2zec_U83   |hls4ml_hcal_mul_2zec  |        0|      4|  166|   49|
    |hls4ml_hcal_mul_5wdI_U59   |hls4ml_hcal_mul_5wdI  |        0|      4|  166|   49|
    |hls4ml_hcal_mul_7lbW_U16   |hls4ml_hcal_mul_7lbW  |        0|      4|  166|   49|
    |hls4ml_hcal_mul_7lbW_U53   |hls4ml_hcal_mul_7lbW  |        0|      4|  166|   49|
    |hls4ml_hcal_mul_8cud_U2    |hls4ml_hcal_mul_8cud  |        0|      4|  166|   49|
    |hls4ml_hcal_mul_8cud_U7    |hls4ml_hcal_mul_8cud  |        0|      4|  166|   49|
    |hls4ml_hcal_mul_8cud_U142  |hls4ml_hcal_mul_8cud  |        0|      4|  166|   49|
    |hls4ml_hcal_mul_8mb6_U19   |hls4ml_hcal_mul_8mb6  |        0|      4|  166|   49|
    |hls4ml_hcal_mul_8mb6_U26   |hls4ml_hcal_mul_8mb6  |        0|      4|  166|   49|
    |hls4ml_hcal_mul_9hbi_U9    |hls4ml_hcal_mul_9hbi  |        0|      4|  166|   49|
    |hls4ml_hcal_mul_9hbi_U47   |hls4ml_hcal_mul_9hbi  |        0|      4|  166|   49|
    |hls4ml_hcal_mul_9hbi_U116  |hls4ml_hcal_mul_9hbi  |        0|      4|  166|   49|
    |hls4ml_hcal_mul_9sc4_U31   |hls4ml_hcal_mul_9sc4  |        0|      4|  166|   49|
    |hls4ml_hcal_mul_9sc4_U104  |hls4ml_hcal_mul_9sc4  |        0|      4|  166|   49|
    |hls4ml_hcal_mul_9sc4_U111  |hls4ml_hcal_mul_9sc4  |        0|      4|  166|   49|
    |hls4ml_hcal_mul_9sc4_U112  |hls4ml_hcal_mul_9sc4  |        0|      4|  166|   49|
    |hls4ml_hcal_mul_9sc4_U117  |hls4ml_hcal_mul_9sc4  |        0|      4|  166|   49|
    |hls4ml_hcal_mul_9sc4_U150  |hls4ml_hcal_mul_9sc4  |        0|      4|  166|   49|
    |hls4ml_hcal_mux_3Ffa_U159  |hls4ml_hcal_mux_3Ffa  |        0|      0|    0|  137|
    |hls4ml_hcal_mux_3Ffa_U160  |hls4ml_hcal_mux_3Ffa  |        0|      0|    0|  137|
    +---------------------------+----------------------+---------+-------+-----+-----+
    |Total                      |                      |        0|    632|26228| 8016|
    +---------------------------+----------------------+---------+-------+-----+-----+

    * DSP48: 
    N/A

    * Memory: 
    N/A

    * FIFO: 
    N/A

    * Expression: 
    +---------------------------------+----------+-------+---+----+------------+------------+
    |          Variable Name          | Operation| DSP48E| FF| LUT| Bitwidth P0| Bitwidth P1|
    +---------------------------------+----------+-------+---+----+------------+------------+
    |tmp_13_fu_3550_p2                |     *    |      0|  0|  50|           4|           9|
    |res_0_V_write_assig_fu_81953_p2  |     +    |      0|  0|  29|          32|          32|
    |res_10_V_write_assi_fu_82280_p2  |     +    |      0|  0|  29|          32|          32|
    |res_11_V_write_assi_fu_82328_p2  |     +    |      0|  0|  29|          32|          32|
    |res_12_V_write_assi_fu_82370_p2  |     +    |      0|  0|  29|          32|          32|
    |res_13_V_write_assi_fu_82399_p2  |     +    |      0|  0|  29|          32|          32|
    |res_14_V_write_assi_fu_82428_p2  |     +    |      0|  0|  29|          32|          32|
    |res_1_V_write_assig_fu_81982_p2  |     +    |      0|  0|  29|          32|          32|
    |res_2_V_write_assig_fu_82009_p2  |     +    |      0|  0|  29|          30|          30|
    |res_3_V_write_assig_fu_82041_p2  |     +    |      0|  0|  29|          32|          32|
    |res_4_V_write_assig_fu_82070_p2  |     +    |      0|  0|  29|          32|          32|
    |res_5_V_write_assig_fu_82097_p2  |     +    |      0|  0|  39|          32|          32|
    |res_6_V_write_assig_fu_82145_p2  |     +    |      0|  0|  29|          32|          32|
    |res_7_V_write_assig_fu_82189_p2  |     +    |      0|  0|  29|          31|          31|
    |res_8_V_write_assig_fu_82222_p2  |     +    |      0|  0|  29|          32|          32|
    |res_9_V_write_assig_fu_82251_p2  |     +    |      0|  0|  29|          32|          32|
    |tmp100_fu_80627_p2               |     +    |      0|  0|  35|          28|          28|
    |tmp101_fu_80617_p2               |     +    |      0|  0|  34|          27|          27|
    |tmp102_fu_81736_p2               |     +    |      0|  0|  35|          28|          28|
    |tmp103_fu_81713_p2               |     +    |      0|  0|  29|          27|          27|
    |tmp104_fu_81707_p2               |     +    |      0|  0|  29|          27|          27|
    |tmp105_fu_81726_p2               |     +    |      0|  0|  34|          27|          27|
    |tmp106_fu_81198_p2               |     +    |      0|  0|  24|          17|          17|
    |tmp107_fu_82271_p2               |     +    |      0|  0|  29|          32|          32|
    |tmp108_fu_82262_p2               |     +    |      0|  0|  29|          32|          32|
    |tmp109_fu_82257_p2               |     +    |      0|  0|  29|          32|          32|
    |tmp10_fu_80487_p2                |     +    |      0|  0|  34|          27|          27|
    |tmp110_fu_80026_p2               |     +    |      0|  0|  35|          28|          28|
    |tmp111_fu_80016_p2               |     +    |      0|  0|  34|          27|          27|
    |tmp112_fu_81761_p2               |     +    |      0|  0|  29|          28|          28|
    |tmp113_fu_81210_p2               |     +    |      0|  0|  29|          27|          27|
    |tmp114_fu_81204_p2               |     +    |      0|  0|  29|          27|          27|
    |tmp115_fu_81755_p2               |     +    |      0|  0|  29|          28|          28|
    |tmp116_fu_81745_p2               |     +    |      0|  0|  34|          20|          27|
    |tmp117_fu_82300_p2               |     +    |      0|  0|  29|          32|          32|
    |tmp118_fu_82291_p2               |     +    |      0|  0|  29|          32|          32|
    |tmp119_fu_82286_p2               |     +    |      0|  0|  29|          32|          32|
    |tmp11_fu_80477_p2                |     +    |      0|  0|  33|          26|          26|
    |tmp120_fu_80639_p2               |     +    |      0|  0|  29|          30|          30|
    |tmp121_fu_80633_p2               |     +    |      0|  0|  29|          30|          30|
    |tmp122_fu_82318_p2               |     +    |      0|  0|  29|          31|          31|
    |tmp123_fu_82309_p2               |     +    |      0|  0|  29|          31|          31|
    |tmp124_fu_81216_p2               |     +    |      0|  0|  34|          27|          27|
    |tmp125_fu_81777_p2               |     +    |      0|  0|  35|          28|          28|
    |tmp126_fu_81767_p2               |     +    |      0|  0|  32|          19|          25|
    |tmp127_fu_82348_p2               |     +    |      0|  0|  29|          32|          32|
    |tmp128_fu_82339_p2               |     +    |      0|  0|  29|          32|          32|
    |tmp129_fu_82334_p2               |     +    |      0|  0|  29|          32|          32|
    |tmp12_fu_81527_p2                |     +    |      0|  0|  35|          28|          28|
    |tmp130_fu_80655_p2               |     +    |      0|  0|  33|          26|          26|
    |tmp131_fu_80645_p2               |     +    |      0|  0|  32|          25|          25|
    |tmp132_fu_82360_p2               |     +    |      0|  0|  36|          29|          29|
    |tmp133_fu_81232_p2               |     +    |      0|  0|  35|          28|          28|
    |tmp134_fu_81222_p2               |     +    |      0|  0|  34|          27|          27|
    |tmp135_fu_81793_p2               |     +    |      0|  0|  35|          28|          28|
    |tmp136_fu_81783_p2               |     +    |      0|  0|  34|          18|          27|
    |tmp137_fu_82390_p2               |     +    |      0|  0|  29|          32|          32|
    |tmp138_fu_82381_p2               |     +    |      0|  0|  29|          32|          32|
    |tmp139_fu_82376_p2               |     +    |      0|  0|  29|          32|          32|
    |tmp13_fu_81098_p2                |     +    |      0|  0|  29|          26|          26|
    |tmp140_fu_80671_p2               |     +    |      0|  0|  35|          28|          28|
    |tmp141_fu_80661_p2               |     +    |      0|  0|  34|          27|          27|
    |tmp142_fu_81818_p2               |     +    |      0|  0|  29|          28|          28|
    |tmp143_fu_81244_p2               |     +    |      0|  0|  29|          26|          26|
    |tmp144_fu_81238_p2               |     +    |      0|  0|  29|          26|          26|
    |tmp145_fu_81812_p2               |     +    |      0|  0|  29|          28|          28|
    |tmp146_fu_81802_p2               |     +    |      0|  0|  34|          17|          27|
    |tmp147_fu_82419_p2               |     +    |      0|  0|  29|          32|          32|
    |tmp148_fu_82410_p2               |     +    |      0|  0|  29|          32|          32|
    |tmp149_fu_82405_p2               |     +    |      0|  0|  29|          32|          32|
    |tmp14_fu_81092_p2                |     +    |      0|  0|  29|          26|          26|
    |tmp150_fu_80683_p2               |     +    |      0|  0|  29|          27|          27|
    |tmp151_fu_80677_p2               |     +    |      0|  0|  29|          27|          27|
    |tmp152_fu_81840_p2               |     +    |      0|  0|  35|          28|          28|
    |tmp153_fu_81256_p2               |     +    |      0|  0|  29|          27|          27|
    |tmp154_fu_81250_p2               |     +    |      0|  0|  29|          27|          27|
    |tmp155_fu_81830_p2               |     +    |      0|  0|  34|          27|          27|
    |tmp156_fu_81262_p2               |     +    |      0|  0|  33|          18|          26|
    |tmp15_fu_81517_p2                |     +    |      0|  0|  29|          27|          27|
    |tmp16_fu_81511_p2                |     +    |      0|  0|  29|          16|          27|
    |tmp17_fu_81973_p2                |     +    |      0|  0|  29|          32|          32|
    |tmp18_fu_81964_p2                |     +    |      0|  0|  29|          32|          32|
    |tmp19_fu_81959_p2                |     +    |      0|  0|  29|          32|          32|
    |tmp20_fu_80503_p2                |     +    |      0|  0|  35|          28|          28|
    |tmp21_fu_80493_p2                |     +    |      0|  0|  34|          27|          27|
    |tmp22_fu_81552_p2                |     +    |      0|  0|  35|          28|          28|
    |tmp23_fu_81110_p2                |     +    |      0|  0|  29|          27|          27|
    |tmp24_fu_81104_p2                |     +    |      0|  0|  29|          27|          27|
    |tmp25_fu_81542_p2                |     +    |      0|  0|  29|          27|          27|
    |tmp26_fu_81536_p2                |     +    |      0|  0|  29|          17|          27|
    |tmp27_fu_82000_p2                |     +    |      0|  0|  29|          30|          30|
    |tmp28_fu_81991_p2                |     +    |      0|  0|  37|          30|          30|
    |tmp29_fu_79623_p2                |     +    |      0|  0|  36|          29|          29|
    |tmp30_fu_80515_p2                |     +    |      0|  0|  29|          27|          27|
    |tmp31_fu_80509_p2                |     +    |      0|  0|  29|          27|          27|
    |tmp32_fu_81577_p2                |     +    |      0|  0|  29|          28|          28|
    |tmp33_fu_81122_p2                |     +    |      0|  0|  29|          26|          26|
    |tmp34_fu_81116_p2                |     +    |      0|  0|  29|          26|          26|
    |tmp35_fu_81571_p2                |     +    |      0|  0|  29|          28|          28|
    |tmp36_fu_81561_p2                |     +    |      0|  0|  34|          16|          27|
    |tmp37_fu_82032_p2                |     +    |      0|  0|  29|          32|          32|
    |tmp38_fu_82023_p2                |     +    |      0|  0|  29|          32|          32|
    |tmp39_fu_82019_p2                |     +    |      0|  0|  29|          32|          32|
    |tmp40_fu_80531_p2                |     +    |      0|  0|  35|          28|          28|
    |tmp41_fu_80521_p2                |     +    |      0|  0|  34|          27|          27|
    |tmp42_fu_81602_p2                |     +    |      0|  0|  35|          28|          28|
    |tmp43_fu_81134_p2                |     +    |      0|  0|  29|          27|          27|
    |tmp44_fu_81128_p2                |     +    |      0|  0|  29|          27|          27|
    |tmp45_fu_81592_p2                |     +    |      0|  0|  29|          27|          27|
    |tmp46_fu_81586_p2                |     +    |      0|  0|  29|          20|          27|
    |tmp47_fu_82061_p2                |     +    |      0|  0|  29|          32|          32|
    |tmp48_fu_82052_p2                |     +    |      0|  0|  29|          32|          32|
    |tmp49_fu_82047_p2                |     +    |      0|  0|  29|          32|          32|
    |tmp50_fu_80547_p2                |     +    |      0|  0|  35|          28|          28|
    |tmp51_fu_80537_p2                |     +    |      0|  0|  34|          27|          27|
    |tmp52_fu_81627_p2                |     +    |      0|  0|  29|          28|          28|
    |tmp53_fu_81146_p2                |     +    |      0|  0|  29|          27|          27|
    |tmp54_fu_81140_p2                |     +    |      0|  0|  29|          27|          27|
    |tmp55_fu_81621_p2                |     +    |      0|  0|  29|          28|          28|
    |tmp56_fu_81611_p2                |     +    |      0|  0|  34|          12|          27|
    |tmp57_fu_82084_p2                |     +    |      0|  0|  29|          31|          31|
    |tmp58_fu_82076_p2                |     +    |      0|  0|  29|          31|          31|
    |tmp59_fu_79629_p2                |     +    |      0|  0|  38|          31|          31|
    |tmp60_fu_80563_p2                |     +    |      0|  0|  35|          28|          28|
    |tmp61_fu_80553_p2                |     +    |      0|  0|  34|          27|          27|
    |tmp62_fu_81648_p2                |     +    |      0|  0|  29|          27|          27|
    |tmp63_fu_81158_p2                |     +    |      0|  0|  29|          24|          24|
    |tmp64_fu_81152_p2                |     +    |      0|  0|  29|          24|          24|
    |tmp65_fu_81642_p2                |     +    |      0|  0|  29|          27|          27|
    |tmp66_fu_81636_p2                |     +    |      0|  0|  34|          15|          27|
    |tmp67_fu_82117_p2                |     +    |      0|  0|  29|          32|          32|
    |tmp68_fu_82108_p2                |     +    |      0|  0|  29|          32|          32|
    |tmp69_fu_82103_p2                |     +    |      0|  0|  29|          32|          32|
    |tmp70_fu_80579_p2                |     +    |      0|  0|  35|          28|          28|
    |tmp71_fu_80569_p2                |     +    |      0|  0|  34|          27|          27|
    |tmp72_fu_82135_p2                |     +    |      0|  0|  29|          28|          28|
    |tmp73_fu_82126_p2                |     +    |      0|  0|  29|          28|          28|
    |tmp74_fu_81164_p2                |     +    |      0|  0|  34|          27|          27|
    |tmp75_fu_81664_p2                |     +    |      0|  0|  33|          26|          26|
    |tmp76_fu_81654_p2                |     +    |      0|  0|  32|          16|          25|
    |tmp77_fu_82167_p2                |     +    |      0|  0|  29|          31|          31|
    |tmp78_fu_82154_p2                |     +    |      0|  0|  37|          30|          30|
    |tmp79_fu_79635_p2                |     +    |      0|  0|  36|          29|          29|
    |tmp7_fu_81944_p2                 |     +    |      0|  0|  29|          32|          32|
    |tmp80_fu_80595_p2                |     +    |      0|  0|  35|          28|          28|
    |tmp81_fu_80585_p2                |     +    |      0|  0|  34|          27|          27|
    |tmp82_fu_82179_p2                |     +    |      0|  0|  35|          28|          28|
    |tmp83_fu_81176_p2                |     +    |      0|  0|  29|          27|          27|
    |tmp84_fu_81170_p2                |     +    |      0|  0|  29|          27|          27|
    |tmp85_fu_81680_p2                |     +    |      0|  0|  33|          26|          26|
    |tmp86_fu_81670_p2                |     +    |      0|  0|  32|          17|          25|
    |tmp87_fu_82213_p2                |     +    |      0|  0|  29|          32|          32|
    |tmp88_fu_82204_p2                |     +    |      0|  0|  29|          32|          32|
    |tmp89_fu_82199_p2                |     +    |      0|  0|  29|          32|          32|
    |tmp8_fu_81935_p2                 |     +    |      0|  0|  29|          32|          32|
    |tmp90_fu_80611_p2                |     +    |      0|  0|  35|          28|          28|
    |tmp91_fu_80601_p2                |     +    |      0|  0|  34|          27|          27|
    |tmp92_fu_81701_p2                |     +    |      0|  0|  29|          27|          27|
    |tmp93_fu_81192_p2                |     +    |      0|  0|  32|          25|          25|
    |tmp94_fu_81182_p2                |     +    |      0|  0|  31|          24|          24|
    |tmp95_fu_81695_p2                |     +    |      0|  0|  29|          27|          27|
    |tmp96_fu_81689_p2                |     +    |      0|  0|  34|          17|          27|
    |tmp97_fu_82242_p2                |     +    |      0|  0|  29|          32|          32|
    |tmp98_fu_82233_p2                |     +    |      0|  0|  29|          32|          32|
    |tmp99_fu_82228_p2                |     +    |      0|  0|  29|          32|          32|
    |tmp9_fu_81930_p2                 |     +    |      0|  0|  29|          32|          32|
    |tmp_16_fu_78184_p2               |     +    |      0|  0|  20|           1|          13|
    |tmp_17_fu_78223_p2               |     +    |      0|  0|  20|           2|          13|
    |tmp_18_fu_78262_p2               |     +    |      0|  0|  20|           2|          13|
    |tmp_19_fu_78301_p2               |     +    |      0|  0|  20|           3|          13|
    |tmp_20_fu_78340_p2               |     +    |      0|  0|  20|           3|          13|
    |tmp_21_fu_78379_p2               |     +    |      0|  0|  20|           3|          13|
    |tmp_22_fu_78488_p2               |     +    |      0|  0|  20|           3|          13|
    |tmp_23_fu_78527_p2               |     +    |      0|  0|  20|           4|          13|
    |tmp_24_fu_78646_p2               |     +    |      0|  0|  20|           4|          13|
    |tmp_25_fu_78685_p2               |     +    |      0|  0|  20|           4|          13|
    |p_Val2_10_12_fu_80000_p2         |     -    |      0|  0|  50|          43|          43|
    |p_Val2_5_s_fu_79078_p2           |     -    |      0|  0|  47|          40|          40|
    |p_Val2_6_8_fu_79163_p2           |     -    |      0|  0|  48|          41|          41|
    |p_Val2_811_5_fu_79607_p2         |     -    |      0|  0|  47|           1|          40|
    |ap_block_pp0_stage0_11001        |    and   |      0|  0|   2|           1|           1|
    |ap_enable_pp0                    |    xor   |      0|  0|   2|           1|           2|
    +---------------------------------+----------+-------+---+----+------------+------------+
    |Total                            |          |      0|  0|5548|        4768|        5047|
    +---------------------------------+----------+-------+---+----+------------+------------+

    * Multiplexer: 
    +-------------------------+----+-----------+-----+-----------+
    |           Name          | LUT| Input Size| Bits| Total Bits|
    +-------------------------+----+-----------+-----+-----------+
    |ap_NS_fsm                |  38|          7|    1|          7|
    |ap_enable_reg_pp0_iter0  |   9|          2|    1|          2|
    |data_V10_address0        |  38|          7|   13|         91|
    |data_V10_address1        |  33|          6|   13|         78|
    |data_V11_address0        |  38|          7|   13|         91|
    |data_V11_address1        |  33|          6|   13|         78|
    |data_V12_address0        |  38|          7|   13|         91|
    |data_V12_address1        |  33|          6|   13|         78|
    |data_V13_address0        |  38|          7|   13|         91|
    |data_V13_address1        |  33|          6|   13|         78|
    |data_V14_address0        |  38|          7|   13|         91|
    |data_V14_address1        |  33|          6|   13|         78|
    |data_V15_address0        |  38|          7|   13|         91|
    |data_V15_address1        |  33|          6|   13|         78|
    |data_V16_address0        |  38|          7|   13|         91|
    |data_V16_address1        |  33|          6|   13|         78|
    |data_V17_address0        |  38|          7|   13|         91|
    |data_V17_address1        |  33|          6|   13|         78|
    |data_V18_address0        |  38|          7|   13|         91|
    |data_V18_address1        |  33|          6|   13|         78|
    |data_V19_address0        |  38|          7|   13|         91|
    |data_V19_address1        |  33|          6|   13|         78|
    |data_V1_address0         |  38|          7|   13|         91|
    |data_V1_address1         |  33|          6|   13|         78|
    |data_V20_address0        |  38|          7|   13|         91|
    |data_V20_address1        |  33|          6|   13|         78|
    |data_V21_address0        |  38|          7|   13|         91|
    |data_V21_address1        |  33|          6|   13|         78|
    |data_V22_address0        |  38|          7|   13|         91|
    |data_V22_address1        |  33|          6|   13|         78|
    |data_V23_address0        |  38|          7|   13|         91|
    |data_V23_address1        |  33|          6|   13|         78|
    |data_V24_address0        |  38|          7|   13|         91|
    |data_V24_address1        |  33|          6|   13|         78|
    |data_V25_address0        |  38|          7|   13|         91|
    |data_V25_address1        |  33|          6|   13|         78|
    |data_V26_address0        |  38|          7|   13|         91|
    |data_V26_address1        |  33|          6|   13|         78|
    |data_V27_address0        |  38|          7|   13|         91|
    |data_V27_address1        |  33|          6|   13|         78|
    |data_V28_address0        |  38|          7|   13|         91|
    |data_V28_address1        |  33|          6|   13|         78|
    |data_V29_address0        |  38|          7|   13|         91|
    |data_V29_address1        |  33|          6|   13|         78|
    |data_V2_address0         |  38|          7|   13|         91|
    |data_V2_address1         |  33|          6|   13|         78|
    |data_V3_address0         |  38|          7|   13|         91|
    |data_V3_address1         |  33|          6|   13|         78|
    |data_V4_address0         |  38|          7|   13|         91|
    |data_V4_address1         |  33|          6|   13|         78|
    |data_V5_address0         |  38|          7|   13|         91|
    |data_V5_address1         |  33|          6|   13|         78|
    |data_V6_address0         |  38|          7|   13|         91|
    |data_V6_address1         |  33|          6|   13|         78|
    |data_V7_address0         |  38|          7|   13|         91|
    |data_V7_address1         |  33|          6|   13|         78|
    |data_V8_address0         |  38|          7|   13|         91|
    |data_V8_address1         |  33|          6|   13|         78|
    |data_V9_address0         |  38|          7|   13|         91|
    |data_V9_address1         |  33|          6|   13|         78|
    |data_V_address0          |  38|          7|   13|         91|
    |data_V_address1          |  33|          6|   13|         78|
    |grp_fu_78035_p31         |  15|          3|    5|         15|
    |grp_fu_78101_p31         |  15|          3|    5|         15|
    +-------------------------+----+-----------+-----+-----------+
    |Total                    |2207|        405|  792|       5109|
    +-------------------------+----+-----------+-----+-----------+

    * Register: 
    +-------------------------------+----+----+-----+-----------+
    |              Name             | FF | LUT| Bits| Const Bits|
    +-------------------------------+----+----+-----+-----------+
    |ap_CS_fsm                      |   6|   0|    6|          0|
    |ap_enable_reg_pp0_iter0_reg    |   1|   0|    1|          0|
    |ap_enable_reg_pp0_iter1        |   1|   0|    1|          0|
    |ap_port_reg_data_V_offset1     |   5|   0|    5|          0|
    |data_V_offset1_read_reg_82838  |   5|   0|    5|          0|
    |mult_1_3_V_reg_84204           |  32|   0|   32|          0|
    |mult_2_0_V_reg_84264           |  32|   0|   32|          0|
    |mult_2_10_V_reg_84314          |  32|   0|   32|          0|
    |mult_2_11_V_reg_84319          |  32|   0|   32|          0|
    |mult_2_12_V_reg_84324          |  32|   0|   32|          0|
    |mult_2_13_V_reg_84329          |  32|   0|   32|          0|
    |mult_2_14_V_reg_84334          |  32|   0|   32|          0|
    |mult_2_1_V_reg_84269           |  32|   0|   32|          0|
    |mult_2_3_V_reg_84279           |  32|   0|   32|          0|
    |mult_2_4_V_reg_84284           |  32|   0|   32|          0|
    |mult_2_6_V_reg_84294           |  32|   0|   32|          0|
    |mult_2_8_V_reg_84304           |  32|   0|   32|          0|
    |mult_2_9_V_reg_84309           |  32|   0|   32|          0|
    |reg_78167                      |  32|   0|   32|          0|
    |reg_78171                      |  32|   0|   32|          0|
    |tmp100_reg_85233               |  28|   0|   28|          0|
    |tmp102_reg_85598               |  28|   0|   28|          0|
    |tmp106_reg_85443               |  17|   0|   17|          0|
    |tmp10_reg_85188                |  27|   0|   27|          0|
    |tmp110_reg_85004               |  28|   0|   28|          0|
    |tmp112_reg_85603               |  28|   0|   28|          0|
    |tmp113_reg_85448               |  27|   0|   27|          0|
    |tmp120_reg_85238               |  30|   0|   30|          0|
    |tmp124_reg_85453               |  27|   0|   27|          0|
    |tmp125_reg_85608               |  28|   0|   28|          0|
    |tmp12_reg_85553                |  28|   0|   28|          0|
    |tmp130_reg_85243               |  26|   0|   26|          0|
    |tmp133_reg_85458               |  28|   0|   28|          0|
    |tmp135_reg_85613               |  28|   0|   28|          0|
    |tmp13_reg_85398                |  26|   0|   26|          0|
    |tmp140_reg_85248               |  28|   0|   28|          0|
    |tmp142_reg_85618               |  28|   0|   28|          0|
    |tmp143_reg_85463               |  26|   0|   26|          0|
    |tmp150_reg_85253               |  27|   0|   27|          0|
    |tmp152_reg_85623               |  28|   0|   28|          0|
    |tmp153_reg_85468               |  27|   0|   27|          0|
    |tmp156_reg_85473               |  26|   0|   26|          0|
    |tmp20_reg_85193                |  28|   0|   28|          0|
    |tmp22_reg_85558                |  28|   0|   28|          0|
    |tmp23_reg_85403                |  27|   0|   27|          0|
    |tmp29_reg_84793                |  29|   0|   29|          0|
    |tmp30_reg_85198                |  27|   0|   27|          0|
    |tmp32_reg_85563                |  28|   0|   28|          0|
    |tmp33_reg_85408                |  26|   0|   26|          0|
    |tmp40_reg_85203                |  28|   0|   28|          0|
    |tmp42_reg_85568                |  28|   0|   28|          0|
    |tmp43_reg_85413                |  27|   0|   27|          0|
    |tmp50_reg_85208                |  28|   0|   28|          0|
    |tmp52_reg_85573                |  28|   0|   28|          0|
    |tmp53_reg_85418                |  27|   0|   27|          0|
    |tmp59_reg_84798                |  31|   0|   31|          0|
    |tmp60_reg_85213                |  28|   0|   28|          0|
    |tmp62_reg_85578                |  27|   0|   27|          0|
    |tmp63_reg_85423                |  24|   0|   24|          0|
    |tmp70_reg_85218                |  28|   0|   28|          0|
    |tmp74_reg_85428                |  27|   0|   27|          0|
    |tmp75_reg_85583                |  26|   0|   26|          0|
    |tmp79_reg_84803                |  29|   0|   29|          0|
    |tmp80_reg_85223                |  28|   0|   28|          0|
    |tmp83_reg_85433                |  27|   0|   27|          0|
    |tmp85_reg_85588                |  26|   0|   26|          0|
    |tmp90_reg_85228                |  28|   0|   28|          0|
    |tmp92_reg_85593                |  27|   0|   27|          0|
    |tmp93_reg_85438                |  25|   0|   25|          0|
    |tmp_101_reg_84878              |  22|   0|   22|          0|
    |tmp_102_reg_84883              |  25|   0|   25|          0|
    |tmp_103_reg_84888              |  24|   0|   24|          0|
    |tmp_104_reg_84893              |  22|   0|   22|          0|
    |tmp_105_reg_84898              |  25|   0|   25|          0|
    |tmp_106_reg_84903              |  19|   0|   19|          0|
    |tmp_107_reg_84908              |  26|   0|   26|          0|
    |tmp_108_reg_84913              |  25|   0|   25|          0|
    |tmp_109_reg_84419              |  23|   0|   23|          0|
    |tmp_10_reg_84199               |  26|   0|   26|          0|
    |tmp_110_reg_83884              |  15|   0|   15|          0|
    |tmp_111_reg_84918              |  23|   0|   23|          0|
    |tmp_112_reg_84923              |  30|   0|   30|          0|
    |tmp_113_reg_84928              |  21|   0|   21|          0|
    |tmp_114_reg_84933              |  24|   0|   24|          0|
    |tmp_115_reg_84938              |  25|   0|   25|          0|
    |tmp_117_reg_85048              |  23|   0|   23|          0|
    |tmp_118_reg_85053              |  26|   0|   26|          0|
    |tmp_119_reg_85058              |  23|   0|   23|          0|
    |tmp_11_reg_84214               |  29|   0|   29|          0|
    |tmp_120_reg_85063              |  24|   0|   24|          0|
    |tmp_121_reg_85068              |  24|   0|   24|          0|
    |tmp_122_reg_85073              |  23|   0|   23|          0|
    |tmp_123_reg_85078              |  26|   0|   26|          0|
    |tmp_124_reg_85083              |  22|   0|   22|          0|
    |tmp_125_reg_85088              |  23|   0|   23|          0|
    |tmp_126_reg_85093              |  24|   0|   24|          0|
    |tmp_127_reg_85098              |  25|   0|   25|          0|
    |tmp_128_reg_85103              |  26|   0|   26|          0|
    |tmp_129_reg_85108              |  26|   0|   26|          0|
    |tmp_12_reg_84224               |  28|   0|   28|          0|
    |tmp_130_reg_85113              |  25|   0|   25|          0|
    |tmp_131_reg_85118              |  25|   0|   25|          0|
    |tmp_133_reg_85123              |  25|   0|   25|          0|
    |tmp_134_reg_85128              |  23|   0|   23|          0|
    |tmp_135_reg_85133              |  26|   0|   26|          0|
    |tmp_136_reg_85138              |  26|   0|   26|          0|
    |tmp_137_reg_84788              |  22|   0|   22|          0|
    |tmp_138_reg_85143              |  25|   0|   25|          0|
    |tmp_139_reg_85148              |  26|   0|   26|          0|
    |tmp_13_reg_4239                |  14|   0|   14|          0|
    |tmp_140_reg_85153              |  23|   0|   23|          0|
    |tmp_141_reg_85158              |  24|   0|   24|          0|
    |tmp_142_reg_85163              |  26|   0|   26|          0|
    |tmp_143_reg_85168              |  26|   0|   26|          0|
    |tmp_144_reg_85173              |  26|   0|   26|          0|
    |tmp_145_reg_85178              |  23|   0|   23|          0|
    |tmp_146_reg_85183              |  26|   0|   26|          0|
    |tmp_148_reg_85258              |  25|   0|   25|          0|
    |tmp_149_reg_85263              |  25|   0|   25|          0|
    |tmp_14_reg_85478               |  30|   0|   30|          0|
    |tmp_150_reg_85268              |  26|   0|   26|          0|
    |tmp_151_reg_85273              |  25|   0|   25|          0|
    |tmp_152_reg_85278              |  26|   0|   26|          0|
    |tmp_153_reg_85283              |  25|   0|   25|          0|
    |tmp_154_reg_85288              |  24|   0|   24|          0|
    |tmp_155_reg_85293              |  25|   0|   25|          0|
    |tmp_156_reg_85298              |  22|   0|   22|          0|
    |tmp_157_reg_85303              |  26|   0|   26|          0|
    |tmp_158_reg_85308              |  26|   0|   26|          0|
    |tmp_159_reg_85313              |  27|   0|   27|          0|
    |tmp_15_reg_85483               |  28|   0|   28|          0|
    |tmp_160_reg_85318              |  26|   0|   26|          0|
    |tmp_161_reg_85323              |  26|   0|   26|          0|
    |tmp_162_reg_85328              |  26|   0|   26|          0|
    |tmp_164_reg_85333              |  26|   0|   26|          0|
    |tmp_165_reg_85338              |  26|   0|   26|          0|
    |tmp_166_reg_85343              |  26|   0|   26|          0|
    |tmp_167_reg_85348              |  26|   0|   26|          0|
    |tmp_168_reg_85353              |  26|   0|   26|          0|
    |tmp_169_reg_85358              |  26|   0|   26|          0|
    |tmp_170_reg_85363              |  24|   0|   24|          0|
    |tmp_171_reg_85368              |  26|   0|   26|          0|
    |tmp_172_reg_85373              |  26|   0|   26|          0|
    |tmp_173_reg_85378              |  26|   0|   26|          0|
    |tmp_174_reg_85383              |  24|   0|   24|          0|
    |tmp_175_reg_85388              |  26|   0|   26|          0|
    |tmp_176_reg_85393              |  26|   0|   26|          0|
    |tmp_177_reg_84999              |  25|   0|   25|          0|
    |tmp_26_reg_85493               |  26|   0|   26|          0|
    |tmp_27_reg_85498               |  27|   0|   27|          0|
    |tmp_28_reg_85508               |  29|   0|   29|          0|
    |tmp_29_reg_85518               |  29|   0|   29|          0|
    |tmp_30_reg_85523               |  29|   0|   29|          0|
    |tmp_31_reg_85528               |  27|   0|   27|          0|
    |tmp_32_reg_85533               |  28|   0|   28|          0|
    |tmp_33_reg_85538               |  25|   0|   25|          0|
    |tmp_34_reg_85543               |  29|   0|   29|          0|
    |tmp_35_reg_85548               |  30|   0|   30|          0|
    |tmp_37_reg_84189               |  26|   0|   26|          0|
    |tmp_38_reg_84194               |  30|   0|   30|          0|
    |tmp_39_reg_84209               |  27|   0|   27|          0|
    |tmp_40_reg_84219               |  29|   0|   29|          0|
    |tmp_41_reg_84229               |  27|   0|   27|          0|
    |tmp_42_reg_84234               |  28|   0|   28|          0|
    |tmp_43_reg_84239               |  31|   0|   31|          0|
    |tmp_44_reg_84244               |  26|   0|   26|          0|
    |tmp_45_reg_84249               |  30|   0|   30|          0|
    |tmp_46_reg_84254               |  30|   0|   30|          0|
    |tmp_47_reg_84259               |  30|   0|   30|          0|
    |tmp_49_reg_84274               |  28|   0|   28|          0|
    |tmp_50_reg_84289               |  30|   0|   30|          0|
    |tmp_51_reg_84299               |  28|   0|   28|          0|
    |tmp_53_reg_84574               |  26|   0|   26|          0|
    |tmp_54_reg_84579               |  26|   0|   26|          0|
    |tmp_55_reg_84584               |  22|   0|   22|          0|
    |tmp_56_reg_84589               |  25|   0|   25|          0|
    |tmp_57_reg_84594               |  26|   0|   26|          0|
    |tmp_58_reg_84599               |  27|   0|   27|          0|
    |tmp_59_reg_84604               |  26|   0|   26|          0|
    |tmp_60_reg_84609               |  26|   0|   26|          0|
    |tmp_61_reg_84614               |  26|   0|   26|          0|
    |tmp_62_reg_84619               |  26|   0|   26|          0|
    |tmp_63_reg_84624               |  26|   0|   26|          0|
    |tmp_64_reg_84629               |  27|   0|   27|          0|
    |tmp_65_reg_84634               |  24|   0|   24|          0|
    |tmp_66_reg_84639               |  26|   0|   26|          0|
    |tmp_67_reg_84644               |  21|   0|   21|          0|
    |tmp_69_reg_84649               |  25|   0|   25|          0|
    |tmp_6_reg_82524                |  13|   0|   13|          0|
    |tmp_70_reg_84654               |  24|   0|   24|          0|
    |tmp_71_reg_84659               |  26|   0|   26|          0|
    |tmp_72_reg_84664               |  26|   0|   26|          0|
    |tmp_73_reg_84669               |  25|   0|   25|          0|
    |tmp_74_reg_84674               |  24|   0|   24|          0|
    |tmp_75_reg_84679               |  26|   0|   26|          0|
    |tmp_76_reg_84684               |  25|   0|   25|          0|
    |tmp_77_reg_84689               |  26|   0|   26|          0|
    |tmp_78_reg_84694               |  26|   0|   26|          0|
    |tmp_79_reg_84699               |  26|   0|   26|          0|
    |tmp_7_reg_85488                |  28|   0|   28|          0|
    |tmp_80_reg_84704               |  26|   0|   26|          0|
    |tmp_81_reg_84709               |  23|   0|   23|          0|
    |tmp_82_reg_84714               |  26|   0|   26|          0|
    |tmp_83_reg_84719               |  25|   0|   25|          0|
    |tmp_85_reg_84808               |  24|   0|   24|          0|
    |tmp_86_reg_84813               |  26|   0|   26|          0|
    |tmp_87_reg_84818               |  25|   0|   25|          0|
    |tmp_88_reg_84823               |  26|   0|   26|          0|
    |tmp_89_reg_84828               |  26|   0|   26|          0|
    |tmp_8_reg_85503                |  28|   0|   28|          0|
    |tmp_90_reg_84833               |  26|   0|   26|          0|
    |tmp_91_reg_84838               |  25|   0|   25|          0|
    |tmp_92_reg_84843               |  26|   0|   26|          0|
    |tmp_93_reg_84848               |  24|   0|   24|          0|
    |tmp_94_reg_84853               |  26|   0|   26|          0|
    |tmp_95_reg_84369               |  22|   0|   22|          0|
    |tmp_96_reg_84858               |  29|   0|   29|          0|
    |tmp_97_reg_84863               |  24|   0|   24|          0|
    |tmp_98_reg_84868               |  26|   0|   26|          0|
    |tmp_99_reg_84873               |  26|   0|   26|          0|
    |tmp_9_reg_85513                |  29|   0|   29|          0|
    +-------------------------------+----+----+-----+-----------+
    |Total                          |5704|   0| 5704|          0|
    +-------------------------------+----+----+-----+-----------+



================================================================
== Interface
================================================================
* Summary: 
+-------------------+-----+-----+------------+------------------------+--------------+
|     RTL Ports     | Dir | Bits|  Protocol  |      Source Object     |    C Type    |
+-------------------+-----+-----+------------+------------------------+--------------+
|ap_clk             |  in |    1| ap_ctrl_hs | compute_layer.0.0.0..1 | return value |
|ap_rst             |  in |    1| ap_ctrl_hs | compute_layer.0.0.0..1 | return value |
|ap_start           |  in |    1| ap_ctrl_hs | compute_layer.0.0.0..1 | return value |
|ap_done            | out |    1| ap_ctrl_hs | compute_layer.0.0.0..1 | return value |
|ap_idle            | out |    1| ap_ctrl_hs | compute_layer.0.0.0..1 | return value |
|ap_ready           | out |    1| ap_ctrl_hs | compute_layer.0.0.0..1 | return value |
|ap_return_0        | out |   32| ap_ctrl_hs | compute_layer.0.0.0..1 | return value |
|ap_return_1        | out |   32| ap_ctrl_hs | compute_layer.0.0.0..1 | return value |
|ap_return_2        | out |   32| ap_ctrl_hs | compute_layer.0.0.0..1 | return value |
|ap_return_3        | out |   32| ap_ctrl_hs | compute_layer.0.0.0..1 | return value |
|ap_return_4        | out |   32| ap_ctrl_hs | compute_layer.0.0.0..1 | return value |
|ap_return_5        | out |   32| ap_ctrl_hs | compute_layer.0.0.0..1 | return value |
|ap_return_6        | out |   32| ap_ctrl_hs | compute_layer.0.0.0..1 | return value |
|ap_return_7        | out |   32| ap_ctrl_hs | compute_layer.0.0.0..1 | return value |
|ap_return_8        | out |   32| ap_ctrl_hs | compute_layer.0.0.0..1 | return value |
|ap_return_9        | out |   32| ap_ctrl_hs | compute_layer.0.0.0..1 | return value |
|ap_return_10       | out |   32| ap_ctrl_hs | compute_layer.0.0.0..1 | return value |
|ap_return_11       | out |   32| ap_ctrl_hs | compute_layer.0.0.0..1 | return value |
|ap_return_12       | out |   32| ap_ctrl_hs | compute_layer.0.0.0..1 | return value |
|ap_return_13       | out |   32| ap_ctrl_hs | compute_layer.0.0.0..1 | return value |
|ap_return_14       | out |   32| ap_ctrl_hs | compute_layer.0.0.0..1 | return value |
|data_V_address0    | out |   13|  ap_memory |         data_V         |     array    |
|data_V_ce0         | out |    1|  ap_memory |         data_V         |     array    |
|data_V_q0          |  in |   32|  ap_memory |         data_V         |     array    |
|data_V_address1    | out |   13|  ap_memory |         data_V         |     array    |
|data_V_ce1         | out |    1|  ap_memory |         data_V         |     array    |
|data_V_q1          |  in |   32|  ap_memory |         data_V         |     array    |
|data_V1_address0   | out |   13|  ap_memory |         data_V1        |     array    |
|data_V1_ce0        | out |    1|  ap_memory |         data_V1        |     array    |
|data_V1_q0         |  in |   32|  ap_memory |         data_V1        |     array    |
|data_V1_address1   | out |   13|  ap_memory |         data_V1        |     array    |
|data_V1_ce1        | out |    1|  ap_memory |         data_V1        |     array    |
|data_V1_q1         |  in |   32|  ap_memory |         data_V1        |     array    |
|data_V2_address0   | out |   13|  ap_memory |         data_V2        |     array    |
|data_V2_ce0        | out |    1|  ap_memory |         data_V2        |     array    |
|data_V2_q0         |  in |   32|  ap_memory |         data_V2        |     array    |
|data_V2_address1   | out |   13|  ap_memory |         data_V2        |     array    |
|data_V2_ce1        | out |    1|  ap_memory |         data_V2        |     array    |
|data_V2_q1         |  in |   32|  ap_memory |         data_V2        |     array    |
|data_V3_address0   | out |   13|  ap_memory |         data_V3        |     array    |
|data_V3_ce0        | out |    1|  ap_memory |         data_V3        |     array    |
|data_V3_q0         |  in |   32|  ap_memory |         data_V3        |     array    |
|data_V3_address1   | out |   13|  ap_memory |         data_V3        |     array    |
|data_V3_ce1        | out |    1|  ap_memory |         data_V3        |     array    |
|data_V3_q1         |  in |   32|  ap_memory |         data_V3        |     array    |
|data_V4_address0   | out |   13|  ap_memory |         data_V4        |     array    |
|data_V4_ce0        | out |    1|  ap_memory |         data_V4        |     array    |
|data_V4_q0         |  in |   32|  ap_memory |         data_V4        |     array    |
|data_V4_address1   | out |   13|  ap_memory |         data_V4        |     array    |
|data_V4_ce1        | out |    1|  ap_memory |         data_V4        |     array    |
|data_V4_q1         |  in |   32|  ap_memory |         data_V4        |     array    |
|data_V5_address0   | out |   13|  ap_memory |         data_V5        |     array    |
|data_V5_ce0        | out |    1|  ap_memory |         data_V5        |     array    |
|data_V5_q0         |  in |   32|  ap_memory |         data_V5        |     array    |
|data_V5_address1   | out |   13|  ap_memory |         data_V5        |     array    |
|data_V5_ce1        | out |    1|  ap_memory |         data_V5        |     array    |
|data_V5_q1         |  in |   32|  ap_memory |         data_V5        |     array    |
|data_V6_address0   | out |   13|  ap_memory |         data_V6        |     array    |
|data_V6_ce0        | out |    1|  ap_memory |         data_V6        |     array    |
|data_V6_q0         |  in |   32|  ap_memory |         data_V6        |     array    |
|data_V6_address1   | out |   13|  ap_memory |         data_V6        |     array    |
|data_V6_ce1        | out |    1|  ap_memory |         data_V6        |     array    |
|data_V6_q1         |  in |   32|  ap_memory |         data_V6        |     array    |
|data_V7_address0   | out |   13|  ap_memory |         data_V7        |     array    |
|data_V7_ce0        | out |    1|  ap_memory |         data_V7        |     array    |
|data_V7_q0         |  in |   32|  ap_memory |         data_V7        |     array    |
|data_V7_address1   | out |   13|  ap_memory |         data_V7        |     array    |
|data_V7_ce1        | out |    1|  ap_memory |         data_V7        |     array    |
|data_V7_q1         |  in |   32|  ap_memory |         data_V7        |     array    |
|data_V8_address0   | out |   13|  ap_memory |         data_V8        |     array    |
|data_V8_ce0        | out |    1|  ap_memory |         data_V8        |     array    |
|data_V8_q0         |  in |   32|  ap_memory |         data_V8        |     array    |
|data_V8_address1   | out |   13|  ap_memory |         data_V8        |     array    |
|data_V8_ce1        | out |    1|  ap_memory |         data_V8        |     array    |
|data_V8_q1         |  in |   32|  ap_memory |         data_V8        |     array    |
|data_V9_address0   | out |   13|  ap_memory |         data_V9        |     array    |
|data_V9_ce0        | out |    1|  ap_memory |         data_V9        |     array    |
|data_V9_q0         |  in |   32|  ap_memory |         data_V9        |     array    |
|data_V9_address1   | out |   13|  ap_memory |         data_V9        |     array    |
|data_V9_ce1        | out |    1|  ap_memory |         data_V9        |     array    |
|data_V9_q1         |  in |   32|  ap_memory |         data_V9        |     array    |
|data_V10_address0  | out |   13|  ap_memory |        data_V10        |     array    |
|data_V10_ce0       | out |    1|  ap_memory |        data_V10        |     array    |
|data_V10_q0        |  in |   32|  ap_memory |        data_V10        |     array    |
|data_V10_address1  | out |   13|  ap_memory |        data_V10        |     array    |
|data_V10_ce1       | out |    1|  ap_memory |        data_V10        |     array    |
|data_V10_q1        |  in |   32|  ap_memory |        data_V10        |     array    |
|data_V11_address0  | out |   13|  ap_memory |        data_V11        |     array    |
|data_V11_ce0       | out |    1|  ap_memory |        data_V11        |     array    |
|data_V11_q0        |  in |   32|  ap_memory |        data_V11        |     array    |
|data_V11_address1  | out |   13|  ap_memory |        data_V11        |     array    |
|data_V11_ce1       | out |    1|  ap_memory |        data_V11        |     array    |
|data_V11_q1        |  in |   32|  ap_memory |        data_V11        |     array    |
|data_V12_address0  | out |   13|  ap_memory |        data_V12        |     array    |
|data_V12_ce0       | out |    1|  ap_memory |        data_V12        |     array    |
|data_V12_q0        |  in |   32|  ap_memory |        data_V12        |     array    |
|data_V12_address1  | out |   13|  ap_memory |        data_V12        |     array    |
|data_V12_ce1       | out |    1|  ap_memory |        data_V12        |     array    |
|data_V12_q1        |  in |   32|  ap_memory |        data_V12        |     array    |
|data_V13_address0  | out |   13|  ap_memory |        data_V13        |     array    |
|data_V13_ce0       | out |    1|  ap_memory |        data_V13        |     array    |
|data_V13_q0        |  in |   32|  ap_memory |        data_V13        |     array    |
|data_V13_address1  | out |   13|  ap_memory |        data_V13        |     array    |
|data_V13_ce1       | out |    1|  ap_memory |        data_V13        |     array    |
|data_V13_q1        |  in |   32|  ap_memory |        data_V13        |     array    |
|data_V14_address0  | out |   13|  ap_memory |        data_V14        |     array    |
|data_V14_ce0       | out |    1|  ap_memory |        data_V14        |     array    |
|data_V14_q0        |  in |   32|  ap_memory |        data_V14        |     array    |
|data_V14_address1  | out |   13|  ap_memory |        data_V14        |     array    |
|data_V14_ce1       | out |    1|  ap_memory |        data_V14        |     array    |
|data_V14_q1        |  in |   32|  ap_memory |        data_V14        |     array    |
|data_V15_address0  | out |   13|  ap_memory |        data_V15        |     array    |
|data_V15_ce0       | out |    1|  ap_memory |        data_V15        |     array    |
|data_V15_q0        |  in |   32|  ap_memory |        data_V15        |     array    |
|data_V15_address1  | out |   13|  ap_memory |        data_V15        |     array    |
|data_V15_ce1       | out |    1|  ap_memory |        data_V15        |     array    |
|data_V15_q1        |  in |   32|  ap_memory |        data_V15        |     array    |
|data_V16_address0  | out |   13|  ap_memory |        data_V16        |     array    |
|data_V16_ce0       | out |    1|  ap_memory |        data_V16        |     array    |
|data_V16_q0        |  in |   32|  ap_memory |        data_V16        |     array    |
|data_V16_address1  | out |   13|  ap_memory |        data_V16        |     array    |
|data_V16_ce1       | out |    1|  ap_memory |        data_V16        |     array    |
|data_V16_q1        |  in |   32|  ap_memory |        data_V16        |     array    |
|data_V17_address0  | out |   13|  ap_memory |        data_V17        |     array    |
|data_V17_ce0       | out |    1|  ap_memory |        data_V17        |     array    |
|data_V17_q0        |  in |   32|  ap_memory |        data_V17        |     array    |
|data_V17_address1  | out |   13|  ap_memory |        data_V17        |     array    |
|data_V17_ce1       | out |    1|  ap_memory |        data_V17        |     array    |
|data_V17_q1        |  in |   32|  ap_memory |        data_V17        |     array    |
|data_V18_address0  | out |   13|  ap_memory |        data_V18        |     array    |
|data_V18_ce0       | out |    1|  ap_memory |        data_V18        |     array    |
|data_V18_q0        |  in |   32|  ap_memory |        data_V18        |     array    |
|data_V18_address1  | out |   13|  ap_memory |        data_V18        |     array    |
|data_V18_ce1       | out |    1|  ap_memory |        data_V18        |     array    |
|data_V18_q1        |  in |   32|  ap_memory |        data_V18        |     array    |
|data_V19_address0  | out |   13|  ap_memory |        data_V19        |     array    |
|data_V19_ce0       | out |    1|  ap_memory |        data_V19        |     array    |
|data_V19_q0        |  in |   32|  ap_memory |        data_V19        |     array    |
|data_V19_address1  | out |   13|  ap_memory |        data_V19        |     array    |
|data_V19_ce1       | out |    1|  ap_memory |        data_V19        |     array    |
|data_V19_q1        |  in |   32|  ap_memory |        data_V19        |     array    |
|data_V20_address0  | out |   13|  ap_memory |        data_V20        |     array    |
|data_V20_ce0       | out |    1|  ap_memory |        data_V20        |     array    |
|data_V20_q0        |  in |   32|  ap_memory |        data_V20        |     array    |
|data_V20_address1  | out |   13|  ap_memory |        data_V20        |     array    |
|data_V20_ce1       | out |    1|  ap_memory |        data_V20        |     array    |
|data_V20_q1        |  in |   32|  ap_memory |        data_V20        |     array    |
|data_V21_address0  | out |   13|  ap_memory |        data_V21        |     array    |
|data_V21_ce0       | out |    1|  ap_memory |        data_V21        |     array    |
|data_V21_q0        |  in |   32|  ap_memory |        data_V21        |     array    |
|data_V21_address1  | out |   13|  ap_memory |        data_V21        |     array    |
|data_V21_ce1       | out |    1|  ap_memory |        data_V21        |     array    |
|data_V21_q1        |  in |   32|  ap_memory |        data_V21        |     array    |
|data_V22_address0  | out |   13|  ap_memory |        data_V22        |     array    |
|data_V22_ce0       | out |    1|  ap_memory |        data_V22        |     array    |
|data_V22_q0        |  in |   32|  ap_memory |        data_V22        |     array    |
|data_V22_address1  | out |   13|  ap_memory |        data_V22        |     array    |
|data_V22_ce1       | out |    1|  ap_memory |        data_V22        |     array    |
|data_V22_q1        |  in |   32|  ap_memory |        data_V22        |     array    |
|data_V23_address0  | out |   13|  ap_memory |        data_V23        |     array    |
|data_V23_ce0       | out |    1|  ap_memory |        data_V23        |     array    |
|data_V23_q0        |  in |   32|  ap_memory |        data_V23        |     array    |
|data_V23_address1  | out |   13|  ap_memory |        data_V23        |     array    |
|data_V23_ce1       | out |    1|  ap_memory |        data_V23        |     array    |
|data_V23_q1        |  in |   32|  ap_memory |        data_V23        |     array    |
|data_V24_address0  | out |   13|  ap_memory |        data_V24        |     array    |
|data_V24_ce0       | out |    1|  ap_memory |        data_V24        |     array    |
|data_V24_q0        |  in |   32|  ap_memory |        data_V24        |     array    |
|data_V24_address1  | out |   13|  ap_memory |        data_V24        |     array    |
|data_V24_ce1       | out |    1|  ap_memory |        data_V24        |     array    |
|data_V24_q1        |  in |   32|  ap_memory |        data_V24        |     array    |
|data_V25_address0  | out |   13|  ap_memory |        data_V25        |     array    |
|data_V25_ce0       | out |    1|  ap_memory |        data_V25        |     array    |
|data_V25_q0        |  in |   32|  ap_memory |        data_V25        |     array    |
|data_V25_address1  | out |   13|  ap_memory |        data_V25        |     array    |
|data_V25_ce1       | out |    1|  ap_memory |        data_V25        |     array    |
|data_V25_q1        |  in |   32|  ap_memory |        data_V25        |     array    |
|data_V26_address0  | out |   13|  ap_memory |        data_V26        |     array    |
|data_V26_ce0       | out |    1|  ap_memory |        data_V26        |     array    |
|data_V26_q0        |  in |   32|  ap_memory |        data_V26        |     array    |
|data_V26_address1  | out |   13|  ap_memory |        data_V26        |     array    |
|data_V26_ce1       | out |    1|  ap_memory |        data_V26        |     array    |
|data_V26_q1        |  in |   32|  ap_memory |        data_V26        |     array    |
|data_V27_address0  | out |   13|  ap_memory |        data_V27        |     array    |
|data_V27_ce0       | out |    1|  ap_memory |        data_V27        |     array    |
|data_V27_q0        |  in |   32|  ap_memory |        data_V27        |     array    |
|data_V27_address1  | out |   13|  ap_memory |        data_V27        |     array    |
|data_V27_ce1       | out |    1|  ap_memory |        data_V27        |     array    |
|data_V27_q1        |  in |   32|  ap_memory |        data_V27        |     array    |
|data_V28_address0  | out |   13|  ap_memory |        data_V28        |     array    |
|data_V28_ce0       | out |    1|  ap_memory |        data_V28        |     array    |
|data_V28_q0        |  in |   32|  ap_memory |        data_V28        |     array    |
|data_V28_address1  | out |   13|  ap_memory |        data_V28        |     array    |
|data_V28_ce1       | out |    1|  ap_memory |        data_V28        |     array    |
|data_V28_q1        |  in |   32|  ap_memory |        data_V28        |     array    |
|data_V29_address0  | out |   13|  ap_memory |        data_V29        |     array    |
|data_V29_ce0       | out |    1|  ap_memory |        data_V29        |     array    |
|data_V29_q0        |  in |   32|  ap_memory |        data_V29        |     array    |
|data_V29_address1  | out |   13|  ap_memory |        data_V29        |     array    |
|data_V29_ce1       | out |    1|  ap_memory |        data_V29        |     array    |
|data_V29_q1        |  in |   32|  ap_memory |        data_V29        |     array    |
|data_V_offset      |  in |    9|   ap_none  |      data_V_offset     |    scalar    |
|data_V_offset1     |  in |    5|   ap_none  |     data_V_offset1     |    scalar    |
+-------------------+-----+-----+------------+------------------------+--------------+

