

================================================================
== Vivado HLS Report for 'compute_layer_0_0_0_s'
================================================================
* Date:           Wed Aug 12 00:45:22 2020

* Version:        2018.1 (Build 2188600 on Wed Apr 04 19:04:02 MDT 2018)
* Project:        hls4ml_hcal
* Solution:       solution1
* Product family: kintexu
* Target device:  xcku115-flva1517-2-e


================================================================
== Performance Estimates
================================================================
+ Timing (ns): 
    * Summary: 
    +--------+-------+----------+------------+
    |  Clock | Target| Estimated| Uncertainty|
    +--------+-------+----------+------------+
    |ap_clk  |   4.00|      3.33|        0.50|
    +--------+-------+----------+------------+

+ Latency (clock cycles): 
    * Summary: 
    +-----+-----+-----+-----+----------+
    |  Latency  |  Interval | Pipeline |
    | min | max | min | max |   Type   |
    +-----+-----+-----+-----+----------+
    |    4|    4|    1|    1| function |
    +-----+-----+-----+-----+----------+

    + Detail: 
        * Instance: 
        N/A

        * Loop: 
        N/A



================================================================
== Utilization Estimates
================================================================
* Summary: 
+---------------------+---------+-------+---------+--------+
|         Name        | BRAM_18K| DSP48E|    FF   |   LUT  |
+---------------------+---------+-------+---------+--------+
|DSP                  |        -|      -|        -|       -|
|Expression           |        -|      -|        0|    2718|
|FIFO                 |        -|      -|        -|       -|
|Instance             |        -|    280|    11620|    3430|
|Memory               |        -|      -|        -|       -|
|Multiplexer          |        -|      -|        -|      45|
|Register             |        0|      -|     3399|     160|
+---------------------+---------+-------+---------+--------+
|Total                |        0|    280|    15019|    6353|
+---------------------+---------+-------+---------+--------+
|Available SLR        |     2160|   2760|   663360|  331680|
+---------------------+---------+-------+---------+--------+
|Utilization SLR (%)  |        0|     10|        2|       1|
+---------------------+---------+-------+---------+--------+
|Available            |     4320|   5520|  1326720|  663360|
+---------------------+---------+-------+---------+--------+
|Utilization (%)      |        0|      5|        1|   ~0   |
+---------------------+---------+-------+---------+--------+

+ Detail: 
    * Instance: 
    +---------------------------+----------------------+---------+-------+-----+----+
    |          Instance         |        Module        | BRAM_18K| DSP48E|  FF | LUT|
    +---------------------------+----------------------+---------+-------+-----+----+
    |hls4ml_hcal_mul_3Gfk_U239  |hls4ml_hcal_mul_3Gfk  |        0|      4|  166|  49|
    |hls4ml_hcal_mul_3Gfk_U267  |hls4ml_hcal_mul_3Gfk  |        0|      4|  166|  49|
    |hls4ml_hcal_mul_3Hfu_U240  |hls4ml_hcal_mul_3Hfu  |        0|      4|  166|  49|
    |hls4ml_hcal_mul_3Hfu_U289  |hls4ml_hcal_mul_3Hfu  |        0|      4|  166|  49|
    |hls4ml_hcal_mul_3IfE_U241  |hls4ml_hcal_mul_3IfE  |        0|      4|  166|  49|
    |hls4ml_hcal_mul_3IfE_U254  |hls4ml_hcal_mul_3IfE  |        0|      4|  166|  49|
    |hls4ml_hcal_mul_3IfE_U259  |hls4ml_hcal_mul_3IfE  |        0|      4|  166|  49|
    |hls4ml_hcal_mul_3IfE_U261  |hls4ml_hcal_mul_3IfE  |        0|      4|  166|  49|
    |hls4ml_hcal_mul_3IfE_U263  |hls4ml_hcal_mul_3IfE  |        0|      4|  166|  49|
    |hls4ml_hcal_mul_3IfE_U264  |hls4ml_hcal_mul_3IfE  |        0|      4|  166|  49|
    |hls4ml_hcal_mul_3IfE_U268  |hls4ml_hcal_mul_3IfE  |        0|      4|  166|  49|
    |hls4ml_hcal_mul_3IfE_U281  |hls4ml_hcal_mul_3IfE  |        0|      4|  166|  49|
    |hls4ml_hcal_mul_3IfE_U288  |hls4ml_hcal_mul_3IfE  |        0|      4|  166|  49|
    |hls4ml_hcal_mul_3IfE_U290  |hls4ml_hcal_mul_3IfE  |        0|      4|  166|  49|
    |hls4ml_hcal_mul_3IfE_U294  |hls4ml_hcal_mul_3IfE  |        0|      4|  166|  49|
    |hls4ml_hcal_mul_3IfE_U296  |hls4ml_hcal_mul_3IfE  |        0|      4|  166|  49|
    |hls4ml_hcal_mul_3IfE_U298  |hls4ml_hcal_mul_3IfE  |        0|      4|  166|  49|
    |hls4ml_hcal_mul_3JfO_U242  |hls4ml_hcal_mul_3JfO  |        0|      4|  166|  49|
    |hls4ml_hcal_mul_3JfO_U276  |hls4ml_hcal_mul_3JfO  |        0|      4|  166|  49|
    |hls4ml_hcal_mul_3KfY_U243  |hls4ml_hcal_mul_3KfY  |        0|      4|  166|  49|
    |hls4ml_hcal_mul_3KfY_U250  |hls4ml_hcal_mul_3KfY  |        0|      4|  166|  49|
    |hls4ml_hcal_mul_3KfY_U253  |hls4ml_hcal_mul_3KfY  |        0|      4|  166|  49|
    |hls4ml_hcal_mul_3KfY_U258  |hls4ml_hcal_mul_3KfY  |        0|      4|  166|  49|
    |hls4ml_hcal_mul_3KfY_U271  |hls4ml_hcal_mul_3KfY  |        0|      4|  166|  49|
    |hls4ml_hcal_mul_3Lf8_U244  |hls4ml_hcal_mul_3Lf8  |        0|      4|  166|  49|
    |hls4ml_hcal_mul_3Lf8_U262  |hls4ml_hcal_mul_3Lf8  |        0|      4|  166|  49|
    |hls4ml_hcal_mul_3Lf8_U286  |hls4ml_hcal_mul_3Lf8  |        0|      4|  166|  49|
    |hls4ml_hcal_mul_3Lf8_U291  |hls4ml_hcal_mul_3Lf8  |        0|      4|  166|  49|
    |hls4ml_hcal_mul_3Lf8_U293  |hls4ml_hcal_mul_3Lf8  |        0|      4|  166|  49|
    |hls4ml_hcal_mul_3Lf8_U302  |hls4ml_hcal_mul_3Lf8  |        0|      4|  166|  49|
    |hls4ml_hcal_mul_3Mgi_U245  |hls4ml_hcal_mul_3Mgi  |        0|      4|  166|  49|
    |hls4ml_hcal_mul_3Mgi_U255  |hls4ml_hcal_mul_3Mgi  |        0|      4|  166|  49|
    |hls4ml_hcal_mul_3Mgi_U265  |hls4ml_hcal_mul_3Mgi  |        0|      4|  166|  49|
    |hls4ml_hcal_mul_3Mgi_U270  |hls4ml_hcal_mul_3Mgi  |        0|      4|  166|  49|
    |hls4ml_hcal_mul_3Mgi_U278  |hls4ml_hcal_mul_3Mgi  |        0|      4|  166|  49|
    |hls4ml_hcal_mul_3Mgi_U282  |hls4ml_hcal_mul_3Mgi  |        0|      4|  166|  49|
    |hls4ml_hcal_mul_3Mgi_U301  |hls4ml_hcal_mul_3Mgi  |        0|      4|  166|  49|
    |hls4ml_hcal_mul_3Ngs_U246  |hls4ml_hcal_mul_3Ngs  |        0|      4|  166|  49|
    |hls4ml_hcal_mul_3Ngs_U251  |hls4ml_hcal_mul_3Ngs  |        0|      4|  166|  49|
    |hls4ml_hcal_mul_3Ngs_U283  |hls4ml_hcal_mul_3Ngs  |        0|      4|  166|  49|
    |hls4ml_hcal_mul_3Ngs_U299  |hls4ml_hcal_mul_3Ngs  |        0|      4|  166|  49|
    |hls4ml_hcal_mul_3OgC_U247  |hls4ml_hcal_mul_3OgC  |        0|      4|  166|  49|
    |hls4ml_hcal_mul_3OgC_U272  |hls4ml_hcal_mul_3OgC  |        0|      4|  166|  49|
    |hls4ml_hcal_mul_3OgC_U273  |hls4ml_hcal_mul_3OgC  |        0|      4|  166|  49|
    |hls4ml_hcal_mul_3OgC_U304  |hls4ml_hcal_mul_3OgC  |        0|      4|  166|  49|
    |hls4ml_hcal_mul_3PgM_U248  |hls4ml_hcal_mul_3PgM  |        0|      4|  166|  49|
    |hls4ml_hcal_mul_3PgM_U260  |hls4ml_hcal_mul_3PgM  |        0|      4|  166|  49|
    |hls4ml_hcal_mul_3PgM_U277  |hls4ml_hcal_mul_3PgM  |        0|      4|  166|  49|
    |hls4ml_hcal_mul_3PgM_U292  |hls4ml_hcal_mul_3PgM  |        0|      4|  166|  49|
    |hls4ml_hcal_mul_3PgM_U308  |hls4ml_hcal_mul_3PgM  |        0|      4|  166|  49|
    |hls4ml_hcal_mul_3QgW_U249  |hls4ml_hcal_mul_3QgW  |        0|      4|  166|  49|
    |hls4ml_hcal_mul_3QgW_U279  |hls4ml_hcal_mul_3QgW  |        0|      4|  166|  49|
    |hls4ml_hcal_mul_3QgW_U303  |hls4ml_hcal_mul_3QgW  |        0|      4|  166|  49|
    |hls4ml_hcal_mul_3QgW_U307  |hls4ml_hcal_mul_3QgW  |        0|      4|  166|  49|
    |hls4ml_hcal_mul_3Rg6_U252  |hls4ml_hcal_mul_3Rg6  |        0|      4|  166|  49|
    |hls4ml_hcal_mul_3Shg_U256  |hls4ml_hcal_mul_3Shg  |        0|      4|  166|  49|
    |hls4ml_hcal_mul_3Thq_U257  |hls4ml_hcal_mul_3Thq  |        0|      4|  166|  49|
    |hls4ml_hcal_mul_3Thq_U266  |hls4ml_hcal_mul_3Thq  |        0|      4|  166|  49|
    |hls4ml_hcal_mul_3Thq_U305  |hls4ml_hcal_mul_3Thq  |        0|      4|  166|  49|
    |hls4ml_hcal_mul_3UhA_U269  |hls4ml_hcal_mul_3UhA  |        0|      4|  166|  49|
    |hls4ml_hcal_mul_3VhK_U274  |hls4ml_hcal_mul_3VhK  |        0|      4|  166|  49|
    |hls4ml_hcal_mul_3WhU_U275  |hls4ml_hcal_mul_3WhU  |        0|      4|  166|  49|
    |hls4ml_hcal_mul_3WhU_U280  |hls4ml_hcal_mul_3WhU  |        0|      4|  166|  49|
    |hls4ml_hcal_mul_3WhU_U284  |hls4ml_hcal_mul_3WhU  |        0|      4|  166|  49|
    |hls4ml_hcal_mul_3WhU_U295  |hls4ml_hcal_mul_3WhU  |        0|      4|  166|  49|
    |hls4ml_hcal_mul_3WhU_U306  |hls4ml_hcal_mul_3WhU  |        0|      4|  166|  49|
    |hls4ml_hcal_mul_3Xh4_U285  |hls4ml_hcal_mul_3Xh4  |        0|      4|  166|  49|
    |hls4ml_hcal_mul_3Xh4_U297  |hls4ml_hcal_mul_3Xh4  |        0|      4|  166|  49|
    |hls4ml_hcal_mul_3Xh4_U300  |hls4ml_hcal_mul_3Xh4  |        0|      4|  166|  49|
    |hls4ml_hcal_mul_3Yie_U287  |hls4ml_hcal_mul_3Yie  |        0|      4|  166|  49|
    +---------------------------+----------------------+---------+-------+-----+----+
    |Total                      |                      |        0|    280|11620|3430|
    +---------------------------+----------------------+---------+-------+-----+----+

    * DSP48: 
    N/A

    * Memory: 
    N/A

    * FIFO: 
    N/A

    * Expression: 
    +---------------------------------+----------+-------+---+----+------------+------------+
    |          Variable Name          | Operation| DSP48E| FF| LUT| Bitwidth P0| Bitwidth P1|
    +---------------------------------+----------+-------+---+----+------------+------------+
    |p_Val2_s_fu_21972_p2             |     +    |      0|  0|  46|          39|          39|
    |res_0_V_write_assig_fu_23815_p2  |     +    |      0|  0|  29|          30|          30|
    |res_1_V_write_assig_fu_23857_p2  |     +    |      0|  0|  38|          31|          31|
    |res_2_V_write_assig_fu_23899_p2  |     +    |      0|  0|  38|          31|          31|
    |res_3_V_write_assig_fu_23941_p2  |     +    |      0|  0|  37|          30|          30|
    |res_4_V_write_assig_fu_23992_p2  |     +    |      0|  0|  37|          30|          30|
    |tmp11_fu_23797_p2                |     +    |      0|  0|  33|          26|          26|
    |tmp12_fu_23333_p2                |     +    |      0|  0|  29|          25|          25|
    |tmp13_fu_23317_p2                |     +    |      0|  0|  31|          24|          24|
    |tmp14_fu_23327_p2                |     +    |      0|  0|  29|          25|          25|
    |tmp15_fu_23355_p2                |     +    |      0|  0|  29|          24|          24|
    |tmp16_fu_23339_p2                |     +    |      0|  0|  30|          23|          23|
    |tmp17_fu_23349_p2                |     +    |      0|  0|  29|          24|          24|
    |tmp18_fu_23810_p2                |     +    |      0|  0|  29|          30|          30|
    |tmp19_fu_23377_p2                |     +    |      0|  0|  29|          30|          30|
    |tmp20_fu_23361_p2                |     +    |      0|  0|  31|          24|          24|
    |tmp21_fu_23371_p2                |     +    |      0|  0|  29|          30|          30|
    |tmp22_fu_23403_p2                |     +    |      0|  0|  31|          24|          24|
    |tmp23_fu_23383_p2                |     +    |      0|  0|  30|          23|          23|
    |tmp24_fu_23393_p2                |     +    |      0|  0|  29|          22|          20|
    |tmp25_fu_23831_p2                |     +    |      0|  0|  37|          30|          30|
    |tmp26_fu_23425_p2                |     +    |      0|  0|  29|          29|          29|
    |tmp27_fu_23409_p2                |     +    |      0|  0|  34|          27|          27|
    |tmp28_fu_23419_p2                |     +    |      0|  0|  29|          29|          29|
    |tmp29_fu_23451_p2                |     +    |      0|  0|  35|          28|          28|
    |tmp30_fu_23431_p2                |     +    |      0|  0|  34|          27|          27|
    |tmp31_fu_23441_p2                |     +    |      0|  0|  33|          26|          26|
    |tmp32_fu_23847_p2                |     +    |      0|  0|  37|          30|          30|
    |tmp33_fu_23477_p2                |     +    |      0|  0|  36|          29|          29|
    |tmp34_fu_23457_p2                |     +    |      0|  0|  35|          28|          28|
    |tmp35_fu_23467_p2                |     +    |      0|  0|  34|          27|          27|
    |tmp36_fu_23499_p2                |     +    |      0|  0|  29|          29|          29|
    |tmp37_fu_23483_p2                |     +    |      0|  0|  34|          27|          27|
    |tmp38_fu_23493_p2                |     +    |      0|  0|  29|          29|          16|
    |tmp39_fu_23873_p2                |     +    |      0|  0|  37|          30|          30|
    |tmp40_fu_23525_p2                |     +    |      0|  0|  36|          29|          29|
    |tmp41_fu_23505_p2                |     +    |      0|  0|  35|          28|          28|
    |tmp42_fu_23515_p2                |     +    |      0|  0|  35|          28|          28|
    |tmp43_fu_23547_p2                |     +    |      0|  0|  29|          29|          29|
    |tmp44_fu_23531_p2                |     +    |      0|  0|  35|          28|          28|
    |tmp45_fu_23541_p2                |     +    |      0|  0|  29|          29|          29|
    |tmp46_fu_23889_p2                |     +    |      0|  0|  36|          29|          29|
    |tmp47_fu_23573_p2                |     +    |      0|  0|  35|          28|          28|
    |tmp48_fu_23553_p2                |     +    |      0|  0|  34|          27|          27|
    |tmp49_fu_23563_p2                |     +    |      0|  0|  34|          27|          27|
    |tmp50_fu_23595_p2                |     +    |      0|  0|  29|          28|          28|
    |tmp51_fu_23579_p2                |     +    |      0|  0|  29|          28|          28|
    |tmp52_fu_23585_p2                |     +    |      0|  0|  34|          27|          15|
    |tmp53_fu_23915_p2                |     +    |      0|  0|  36|          29|          29|
    |tmp54_fu_23621_p2                |     +    |      0|  0|  35|          28|          28|
    |tmp55_fu_23601_p2                |     +    |      0|  0|  34|          27|          27|
    |tmp56_fu_23611_p2                |     +    |      0|  0|  34|          27|          27|
    |tmp57_fu_23643_p2                |     +    |      0|  0|  29|          28|          28|
    |tmp58_fu_23627_p2                |     +    |      0|  0|  34|          27|          27|
    |tmp59_fu_23637_p2                |     +    |      0|  0|  29|          28|          28|
    |tmp60_fu_23931_p2                |     +    |      0|  0|  36|          29|          29|
    |tmp61_fu_23669_p2                |     +    |      0|  0|  35|          28|          28|
    |tmp62_fu_23649_p2                |     +    |      0|  0|  34|          27|          27|
    |tmp63_fu_23659_p2                |     +    |      0|  0|  34|          27|          27|
    |tmp64_fu_23695_p2                |     +    |      0|  0|  35|          28|          28|
    |tmp65_fu_23675_p2                |     +    |      0|  0|  34|          27|          27|
    |tmp66_fu_23685_p2                |     +    |      0|  0|  34|          27|          15|
    |tmp67_fu_23966_p2                |     +    |      0|  0|  29|          29|          29|
    |tmp68_fu_23957_p2                |     +    |      0|  0|  29|          29|          29|
    |tmp69_fu_23701_p2                |     +    |      0|  0|  34|          27|          27|
    |tmp70_fu_23707_p2                |     +    |      0|  0|  35|          28|          28|
    |tmp71_fu_23733_p2                |     +    |      0|  0|  35|          28|          28|
    |tmp72_fu_23713_p2                |     +    |      0|  0|  34|          27|          27|
    |tmp73_fu_23723_p2                |     +    |      0|  0|  33|          26|          26|
    |tmp74_fu_23982_p2                |     +    |      0|  0|  36|          29|          29|
    |tmp75_fu_23759_p2                |     +    |      0|  0|  35|          28|          28|
    |tmp76_fu_23739_p2                |     +    |      0|  0|  34|          27|          27|
    |tmp77_fu_23749_p2                |     +    |      0|  0|  34|          27|          27|
    |tmp78_fu_23785_p2                |     +    |      0|  0|  35|          28|          28|
    |tmp79_fu_23765_p2                |     +    |      0|  0|  34|          27|          27|
    |tmp80_fu_23775_p2                |     +    |      0|  0|  34|          27|          16|
    |p_Val2_2_fu_22049_p2             |     -    |      0|  0|  45|          38|          38|
    |p_Val2_3_1_fu_22105_p2           |     -    |      0|  0|  49|          42|          42|
    |p_Val2_6_fu_22308_p2             |     -    |      0|  0|  47|          40|          40|
    |p_Val2_9_2_fu_22260_p2           |     -    |      0|  0|  29|          38|          38|
    |p_neg_fu_22242_p2                |     -    |      0|  0|  29|           1|          38|
    +---------------------------------+----------+-------+---+----+------------+------------+
    |Total                            |          |      0|  0|2718|        2268|        2255|
    +---------------------------------+----------+-------+---+----+------------+------------+

    * Multiplexer: 
    +-------------+----+-----------+-----+-----------+
    |     Name    | LUT| Input Size| Bits| Total Bits|
    +-------------+----+-----------+-----+-----------+
    |ap_return_0  |   9|          2|   32|         64|
    |ap_return_1  |   9|          2|   32|         64|
    |ap_return_2  |   9|          2|   32|         64|
    |ap_return_3  |   9|          2|   32|         64|
    |ap_return_4  |   9|          2|   32|         64|
    +-------------+----+-----------+-----+-----------+
    |Total        |  45|         10|  160|        320|
    +-------------+----+-----------+-----+-----------+

    * Register: 
    +------------------------+----+----+-----+-----------+
    |          Name          | FF | LUT| Bits| Const Bits|
    +------------------------+----+----+-----+-----------+
    |ap_ce_reg               |   1|   0|    1|          0|
    |ap_return_0_int_reg     |  32|   0|   32|          0|
    |ap_return_1_int_reg     |  32|   0|   32|          0|
    |ap_return_2_int_reg     |  32|   0|   32|          0|
    |ap_return_3_int_reg     |  32|   0|   32|          0|
    |ap_return_4_int_reg     |  32|   0|   32|          0|
    |data_0_V_read_int_reg   |  32|   0|   32|          0|
    |data_10_V_read_int_reg  |  32|   0|   32|          0|
    |data_11_V_read_int_reg  |  32|   0|   32|          0|
    |data_12_V_read_int_reg  |  32|   0|   32|          0|
    |data_13_V_read_int_reg  |  32|   0|   32|          0|
    |data_14_V_read_int_reg  |  32|   0|   32|          0|
    |data_1_V_read_int_reg   |  32|   0|   32|          0|
    |data_2_V_read_int_reg   |  32|   0|   32|          0|
    |data_3_V_read_int_reg   |  32|   0|   32|          0|
    |data_4_V_read_int_reg   |  32|   0|   32|          0|
    |data_5_V_read_int_reg   |  32|   0|   32|          0|
    |data_6_V_read_int_reg   |  32|   0|   32|          0|
    |data_7_V_read_int_reg   |  32|   0|   32|          0|
    |data_8_V_read_int_reg   |  32|   0|   32|          0|
    |data_9_V_read_int_reg   |  32|   0|   32|          0|
    |tmp12_reg_24657         |  25|   0|   25|          0|
    |tmp15_reg_24662         |  24|   0|   24|          0|
    |tmp19_reg_24667         |  30|   0|   30|          0|
    |tmp22_reg_24672         |  24|   0|   24|          0|
    |tmp26_reg_24677         |  29|   0|   29|          0|
    |tmp29_reg_24682         |  28|   0|   28|          0|
    |tmp33_reg_24687         |  29|   0|   29|          0|
    |tmp36_reg_24692         |  29|   0|   29|          0|
    |tmp40_reg_24697         |  29|   0|   29|          0|
    |tmp43_reg_24702         |  29|   0|   29|          0|
    |tmp47_reg_24707         |  28|   0|   28|          0|
    |tmp50_reg_24712         |  28|   0|   28|          0|
    |tmp54_reg_24717         |  28|   0|   28|          0|
    |tmp57_reg_24722         |  28|   0|   28|          0|
    |tmp61_reg_24727         |  28|   0|   28|          0|
    |tmp64_reg_24732         |  28|   0|   28|          0|
    |tmp69_reg_24737         |  27|   0|   27|          0|
    |tmp70_reg_24742         |  28|   0|   28|          0|
    |tmp71_reg_24747         |  28|   0|   28|          0|
    |tmp75_reg_24752         |  28|   0|   28|          0|
    |tmp78_reg_24757         |  28|   0|   28|          0|
    |tmp_178_reg_24044       |  21|   0|   21|          0|
    |tmp_179_reg_24307       |  24|   0|   24|          0|
    |tmp_180_reg_24312       |  24|   0|   24|          0|
    |tmp_181_reg_24317       |  26|   0|   26|          0|
    |tmp_182_reg_24322       |  26|   0|   26|          0|
    |tmp_183_reg_24327       |  23|   0|   23|          0|
    |tmp_184_reg_24332       |  26|   0|   26|          0|
    |tmp_185_reg_24337       |  27|   0|   27|          0|
    |tmp_186_reg_24342       |  26|   0|   26|          0|
    |tmp_187_reg_24347       |  26|   0|   26|          0|
    |tmp_188_reg_24086       |  20|   0|   20|          0|
    |tmp_189_reg_24352       |  28|   0|   28|          0|
    |tmp_190_reg_24357       |  26|   0|   26|          0|
    |tmp_191_reg_24362       |  21|   0|   21|          0|
    |tmp_192_reg_24367       |  27|   0|   27|          0|
    |tmp_193_reg_24372       |  24|   0|   24|          0|
    |tmp_194_reg_24107       |  24|   0|   24|          0|
    |tmp_195_reg_24377       |  27|   0|   27|          0|
    |tmp_196_reg_24382       |  26|   0|   26|          0|
    |tmp_197_reg_24387       |  26|   0|   26|          0|
    |tmp_198_reg_24392       |  21|   0|   21|          0|
    |tmp_199_reg_24397       |  26|   0|   26|          0|
    |tmp_200_reg_24402       |  27|   0|   27|          0|
    |tmp_201_reg_24407       |  25|   0|   25|          0|
    |tmp_202_reg_24412       |  24|   0|   24|          0|
    |tmp_203_reg_24417       |  22|   0|   22|          0|
    |tmp_204_reg_24422       |  26|   0|   26|          0|
    |tmp_205_reg_24427       |  26|   0|   26|          0|
    |tmp_206_reg_24432       |  26|   0|   26|          0|
    |tmp_207_reg_24437       |  26|   0|   26|          0|
    |tmp_208_reg_24442       |  19|   0|   19|          0|
    |tmp_209_reg_24447       |  23|   0|   23|          0|
    |tmp_210_reg_24452       |  26|   0|   26|          0|
    |tmp_211_reg_24457       |  23|   0|   23|          0|
    |tmp_212_reg_24462       |  25|   0|   25|          0|
    |tmp_213_reg_24467       |  23|   0|   23|          0|
    |tmp_214_reg_24472       |  25|   0|   25|          0|
    |tmp_215_reg_24477       |  28|   0|   28|          0|
    |tmp_216_reg_24482       |  27|   0|   27|          0|
    |tmp_217_reg_24487       |  25|   0|   25|          0|
    |tmp_218_reg_24492       |  23|   0|   23|          0|
    |tmp_219_reg_24497       |  27|   0|   27|          0|
    |tmp_220_reg_24502       |  26|   0|   26|          0|
    |tmp_221_reg_24507       |  23|   0|   23|          0|
    |tmp_222_reg_24512       |  26|   0|   26|          0|
    |tmp_223_reg_24517       |  22|   0|   22|          0|
    |tmp_224_reg_24522       |  26|   0|   26|          0|
    |tmp_225_reg_24221       |  20|   0|   20|          0|
    |tmp_226_reg_24527       |  26|   0|   26|          0|
    |tmp_227_reg_24532       |  26|   0|   26|          0|
    |tmp_228_reg_24234       |  22|   0|   22|          0|
    |tmp_229_reg_24537       |  26|   0|   26|          0|
    |tmp_230_reg_24542       |  26|   0|   26|          0|
    |tmp_231_reg_24547       |  26|   0|   26|          0|
    |tmp_232_reg_24552       |  26|   0|   26|          0|
    |tmp_233_reg_24557       |  29|   0|   29|          0|
    |tmp_234_reg_24562       |  23|   0|   23|          0|
    |tmp_235_reg_24567       |  25|   0|   25|          0|
    |tmp_236_reg_24572       |  23|   0|   23|          0|
    |tmp_237_reg_24577       |  22|   0|   22|          0|
    |tmp_238_reg_24582       |  21|   0|   21|          0|
    |tmp_239_reg_24587       |  26|   0|   26|          0|
    |tmp_240_reg_24592       |  27|   0|   27|          0|
    |tmp_241_reg_24597       |  26|   0|   26|          0|
    |tmp_242_reg_24602       |  26|   0|   26|          0|
    |tmp_243_reg_24607       |  22|   0|   22|          0|
    |tmp_244_reg_24612       |  26|   0|   26|          0|
    |tmp_245_reg_24617       |  22|   0|   22|          0|
    |tmp_246_reg_24622       |  22|   0|   22|          0|
    |tmp_247_reg_24627       |  26|   0|   26|          0|
    |tmp_248_reg_24632       |  21|   0|   21|          0|
    |tmp_249_reg_24637       |  28|   0|   28|          0|
    |tmp_250_reg_24642       |  26|   0|   26|          0|
    |tmp_251_reg_24647       |  26|   0|   26|          0|
    |tmp_252_reg_24652       |  26|   0|   26|          0|
    |tmp_178_reg_24044       |  64|  32|   21|          0|
    |tmp_188_reg_24086       |  64|  32|   20|          0|
    |tmp_194_reg_24107       |  64|  32|   24|          0|
    |tmp_225_reg_24221       |  64|  32|   20|          0|
    |tmp_228_reg_24234       |  64|  32|   22|          0|
    +------------------------+----+----+-----+-----------+
    |Total                   |3399| 160| 3186|          0|
    +------------------------+----+----+-----+-----------+



================================================================
== Interface
================================================================
* Summary: 
+----------------+-----+-----+------------+----------------------+--------------+
|    RTL Ports   | Dir | Bits|  Protocol  |     Source Object    |    C Type    |
+----------------+-----+-----+------------+----------------------+--------------+
|ap_clk          |  in |    1| ap_ctrl_hs | compute_layer.0.0.0. | return value |
|ap_rst          |  in |    1| ap_ctrl_hs | compute_layer.0.0.0. | return value |
|ap_return_0     | out |   32| ap_ctrl_hs | compute_layer.0.0.0. | return value |
|ap_return_1     | out |   32| ap_ctrl_hs | compute_layer.0.0.0. | return value |
|ap_return_2     | out |   32| ap_ctrl_hs | compute_layer.0.0.0. | return value |
|ap_return_3     | out |   32| ap_ctrl_hs | compute_layer.0.0.0. | return value |
|ap_return_4     | out |   32| ap_ctrl_hs | compute_layer.0.0.0. | return value |
|ap_ce           |  in |    1| ap_ctrl_hs | compute_layer.0.0.0. | return value |
|data_0_V_read   |  in |   32|   ap_none  |     data_0_V_read    |    scalar    |
|data_1_V_read   |  in |   32|   ap_none  |     data_1_V_read    |    scalar    |
|data_2_V_read   |  in |   32|   ap_none  |     data_2_V_read    |    scalar    |
|data_3_V_read   |  in |   32|   ap_none  |     data_3_V_read    |    scalar    |
|data_4_V_read   |  in |   32|   ap_none  |     data_4_V_read    |    scalar    |
|data_5_V_read   |  in |   32|   ap_none  |     data_5_V_read    |    scalar    |
|data_6_V_read   |  in |   32|   ap_none  |     data_6_V_read    |    scalar    |
|data_7_V_read   |  in |   32|   ap_none  |     data_7_V_read    |    scalar    |
|data_8_V_read   |  in |   32|   ap_none  |     data_8_V_read    |    scalar    |
|data_9_V_read   |  in |   32|   ap_none  |     data_9_V_read    |    scalar    |
|data_10_V_read  |  in |   32|   ap_none  |    data_10_V_read    |    scalar    |
|data_11_V_read  |  in |   32|   ap_none  |    data_11_V_read    |    scalar    |
|data_12_V_read  |  in |   32|   ap_none  |    data_12_V_read    |    scalar    |
|data_13_V_read  |  in |   32|   ap_none  |    data_13_V_read    |    scalar    |
|data_14_V_read  |  in |   32|   ap_none  |    data_14_V_read    |    scalar    |
+----------------+-----+-----+------------+----------------------+--------------+

