

================================================================
== Vivado HLS Report for 'action_generator'
================================================================
* Date:           Thu Jul 25 02:42:26 2024

* Version:        2019.1 (Build 2552052 on Fri May 24 15:28:33 MDT 2019)
* Project:        action_generator
* Solution:       solution1
* Product family: virtexuplus
* Target device:  xcu250-figd2104-2L-e


================================================================
== Performance Estimates
================================================================
+ Timing (ns): 
    * Summary: 
    +--------+-------+----------+------------+
    |  Clock | Target| Estimated| Uncertainty|
    +--------+-------+----------+------------+
    |ap_clk  |   3.10|     0.798|        0.39|
    +--------+-------+----------+------------+

+ Latency (clock cycles): 
    * Summary: 
    +-----+-----+-----+-----+---------+
    |  Latency  |  Interval | Pipeline|
    | min | max | min | max |   Type  |
    +-----+-----+-----+-----+---------+
    |    0|    0|    0|    0|   none  |
    +-----+-----+-----+-----+---------+

    + Detail: 
        * Instance: 
        N/A

        * Loop: 
        N/A

============================================================
+ Verbose Summary: Synthesis Manager
============================================================
InlineROM: 1
ExposeGlobal: 0
============================================================
+ Verbose Summary: CDFG Model
============================================================
IsTopModel: 1
ResetActiveHigh: 1
IsCombinational: 0
IsDatapathOnly: 0
HasWiredReturn: 1
HasMFsm: 0
HasVarLatency: 0
IsPipeline: 0
IsRtlPipelined: 0
IsInstanceOverlapped: 0
IsDontTouch: 0
HasImplIP: 0
IsGatedGlobalClock: 0


============================================================
+ Verbose Summary: Schedule
============================================================
* Number of FSM states : 1
* Pipeline : 0
* Dataflow Pipeline: 0

* FSM state transitions: 
1 --> 

* FSM state operations: 

State 1 <SV = 0> <Delay = 0.79>
ST_1 : Operation 2 [1/1] (0.00ns)   --->   "call void (...)* @_ssdm_op_SpecBitsMap(i65* %action_out), !map !86"   --->   Operation 2 'specbitsmap' <Predicate = true> <Delay = 0.00>
ST_1 : Operation 3 [1/1] (0.00ns)   --->   "call void (...)* @_ssdm_op_SpecBitsMap(i32 %meta_in_src_ip_V), !map !99"   --->   Operation 3 'specbitsmap' <Predicate = true> <Delay = 0.00>
ST_1 : Operation 4 [1/1] (0.00ns)   --->   "call void (...)* @_ssdm_op_SpecBitsMap(i64 %meta_in_protocol_header_V), !map !105"   --->   Operation 4 'specbitsmap' <Predicate = true> <Delay = 0.00>
ST_1 : Operation 5 [1/1] (0.00ns)   --->   "call void (...)* @_ssdm_op_SpecBitsMap(i32 %meta_in_checksum_V), !map !109"   --->   Operation 5 'specbitsmap' <Predicate = true> <Delay = 0.00>
ST_1 : Operation 6 [1/1] (0.00ns)   --->   "call void (...)* @_ssdm_op_SpecBitsMap(i2 %meta_in_action_V), !map !113"   --->   Operation 6 'specbitsmap' <Predicate = true> <Delay = 0.00>
ST_1 : Operation 7 [1/1] (0.00ns)   --->   "call void (...)* @_ssdm_op_SpecBitsMap(i32 %payload_cksum_data_V), !map !117"   --->   Operation 7 'specbitsmap' <Predicate = true> <Delay = 0.00>
ST_1 : Operation 8 [1/1] (0.00ns)   --->   "call void (...)* @_ssdm_op_SpecBitsMap(i1 %payload_cksum_valid_V), !map !121"   --->   Operation 8 'specbitsmap' <Predicate = true> <Delay = 0.00>
ST_1 : Operation 9 [1/1] (0.00ns)   --->   "call void (...)* @_ssdm_op_SpecBitsMap(i1* %action_out_valid_V), !map !125"   --->   Operation 9 'specbitsmap' <Predicate = true> <Delay = 0.00>
ST_1 : Operation 10 [1/1] (0.00ns)   --->   "call void (...)* @_ssdm_op_SpecTopModule([17 x i8]* @action_generator_str) nounwind"   --->   Operation 10 'spectopmodule' <Predicate = true> <Delay = 0.00>
ST_1 : Operation 11 [1/1] (0.00ns)   --->   "%payload_cksum_valid_s = call i1 @_ssdm_op_Read.ap_none.i1(i1 %payload_cksum_valid_V)" [/home/kevinliu/Documents/gulf_stream/u250/GULF-Stream/src/udp_ip_server/udp_ip_rx/action_generator.cpp:35]   --->   Operation 11 'read' 'payload_cksum_valid_s' <Predicate = true> <Delay = 0.00>
ST_1 : Operation 12 [1/1] (0.00ns)   --->   "%payload_cksum_data_V_1 = call i32 @_ssdm_op_Read.ap_none.i32(i32 %payload_cksum_data_V)" [/home/kevinliu/Documents/gulf_stream/u250/GULF-Stream/src/udp_ip_server/udp_ip_rx/action_generator.cpp:35]   --->   Operation 12 'read' 'payload_cksum_data_V_1' <Predicate = true> <Delay = 0.00>
ST_1 : Operation 13 [1/1] (0.00ns)   --->   "%meta_in_action_V_rea = call i2 @_ssdm_op_Read.ap_none.i2(i2 %meta_in_action_V)" [/home/kevinliu/Documents/gulf_stream/u250/GULF-Stream/src/udp_ip_server/udp_ip_rx/action_generator.cpp:35]   --->   Operation 13 'read' 'meta_in_action_V_rea' <Predicate = true> <Delay = 0.00>
ST_1 : Operation 14 [1/1] (0.00ns)   --->   "%meta_in_checksum_V_r = call i32 @_ssdm_op_Read.ap_none.i32(i32 %meta_in_checksum_V)" [/home/kevinliu/Documents/gulf_stream/u250/GULF-Stream/src/udp_ip_server/udp_ip_rx/action_generator.cpp:35]   --->   Operation 14 'read' 'meta_in_checksum_V_r' <Predicate = true> <Delay = 0.00>
ST_1 : Operation 15 [1/1] (0.00ns)   --->   "%meta_in_protocol_hea = call i64 @_ssdm_op_Read.ap_none.i64(i64 %meta_in_protocol_header_V)" [/home/kevinliu/Documents/gulf_stream/u250/GULF-Stream/src/udp_ip_server/udp_ip_rx/action_generator.cpp:35]   --->   Operation 15 'read' 'meta_in_protocol_hea' <Predicate = true> <Delay = 0.00>
ST_1 : Operation 16 [1/1] (0.00ns)   --->   "%meta_in_src_ip_V_rea = call i32 @_ssdm_op_Read.ap_none.i32(i32 %meta_in_src_ip_V)" [/home/kevinliu/Documents/gulf_stream/u250/GULF-Stream/src/udp_ip_server/udp_ip_rx/action_generator.cpp:35]   --->   Operation 16 'read' 'meta_in_src_ip_V_rea' <Predicate = true> <Delay = 0.00>
ST_1 : Operation 17 [1/1] (0.00ns)   --->   "call void (...)* @_ssdm_op_SpecInterface(i32 0, [13 x i8]* @p_str9, i32 0, i32 0, [1 x i8]* @p_str10, i32 0, i32 0, [1 x i8]* @p_str10, [1 x i8]* @p_str10, [1 x i8]* @p_str10, i32 0, i32 0, i32 0, i32 0, [1 x i8]* @p_str10, [1 x i8]* @p_str10) nounwind" [/home/kevinliu/Documents/gulf_stream/u250/GULF-Stream/src/udp_ip_server/udp_ip_rx/action_generator.cpp:39]   --->   Operation 17 'specinterface' <Predicate = true> <Delay = 0.00>
ST_1 : Operation 18 [1/1] (0.00ns)   --->   "call void (...)* @_ssdm_op_SpecInterface(i32 %meta_in_src_ip_V, i64 %meta_in_protocol_header_V, i32 %meta_in_checksum_V, i2 %meta_in_action_V, [8 x i8]* @p_str11, i32 0, i32 0, [1 x i8]* @p_str10, i32 0, i32 0, [1 x i8]* @p_str10, [1 x i8]* @p_str10, [1 x i8]* @p_str10, i32 0, i32 0, i32 0, i32 0, [1 x i8]* @p_str10, [1 x i8]* @p_str10) nounwind" [/home/kevinliu/Documents/gulf_stream/u250/GULF-Stream/src/udp_ip_server/udp_ip_rx/action_generator.cpp:40]   --->   Operation 18 'specinterface' <Predicate = true> <Delay = 0.00>
ST_1 : Operation 19 [1/1] (0.00ns)   --->   "call void (...)* @_ssdm_op_SpecInterface(i32 %payload_cksum_data_V, i1 %payload_cksum_valid_V, [8 x i8]* @p_str11, i32 0, i32 0, [1 x i8]* @p_str10, i32 0, i32 0, [1 x i8]* @p_str10, [1 x i8]* @p_str10, [1 x i8]* @p_str10, i32 0, i32 0, i32 0, i32 0, [1 x i8]* @p_str10, [1 x i8]* @p_str10) nounwind" [/home/kevinliu/Documents/gulf_stream/u250/GULF-Stream/src/udp_ip_server/udp_ip_rx/action_generator.cpp:41]   --->   Operation 19 'specinterface' <Predicate = true> <Delay = 0.00>
ST_1 : Operation 20 [1/1] (0.00ns)   --->   "call void (...)* @_ssdm_op_SpecInterface(i65* %action_out, [8 x i8]* @p_str11, i32 0, i32 0, [1 x i8]* @p_str10, i32 0, i32 0, [1 x i8]* @p_str10, [1 x i8]* @p_str10, [1 x i8]* @p_str10, i32 0, i32 0, i32 0, i32 0, [1 x i8]* @p_str10, [1 x i8]* @p_str10) nounwind" [/home/kevinliu/Documents/gulf_stream/u250/GULF-Stream/src/udp_ip_server/udp_ip_rx/action_generator.cpp:42]   --->   Operation 20 'specinterface' <Predicate = true> <Delay = 0.00>
ST_1 : Operation 21 [1/1] (0.00ns)   --->   "call void (...)* @_ssdm_op_SpecInterface(i1* %action_out_valid_V, [8 x i8]* @p_str11, i32 0, i32 0, [1 x i8]* @p_str10, i32 0, i32 0, [1 x i8]* @p_str10, [1 x i8]* @p_str10, [1 x i8]* @p_str10, i32 0, i32 0, i32 0, i32 0, [1 x i8]* @p_str10, [1 x i8]* @p_str10) nounwind" [/home/kevinliu/Documents/gulf_stream/u250/GULF-Stream/src/udp_ip_server/udp_ip_rx/action_generator.cpp:43]   --->   Operation 21 'specinterface' <Predicate = true> <Delay = 0.00>
ST_1 : Operation 22 [1/1] (0.00ns)   --->   "%action_out_reg1_src_2 = load i32* @action_out_reg1_src_1, align 4" [/home/kevinliu/Documents/gulf_stream/u250/GULF-Stream/src/udp_ip_server/udp_ip_rx/action_generator.cpp:53]   --->   Operation 22 'load' 'action_out_reg1_src_2' <Predicate = true> <Delay = 0.00>
ST_1 : Operation 23 [1/1] (0.00ns)   --->   "%action_out_reg1_src_3 = load i16* @action_out_reg1_src_s, align 4" [/home/kevinliu/Documents/gulf_stream/u250/GULF-Stream/src/udp_ip_server/udp_ip_rx/action_generator.cpp:54]   --->   Operation 23 'load' 'action_out_reg1_src_3' <Predicate = true> <Delay = 0.00>
ST_1 : Operation 24 [1/1] (0.00ns)   --->   "%action_out_reg1_dst_1 = load i16* @action_out_reg1_dst_s, align 2" [/home/kevinliu/Documents/gulf_stream/u250/GULF-Stream/src/udp_ip_server/udp_ip_rx/action_generator.cpp:55]   --->   Operation 24 'load' 'action_out_reg1_dst_1' <Predicate = true> <Delay = 0.00>
ST_1 : Operation 25 [1/1] (0.00ns)   --->   "%ignore_flag1_V_load = load i1* @ignore_flag1_V, align 1" [/home/kevinliu/Documents/gulf_stream/u250/GULF-Stream/src/udp_ip_server/udp_ip_rx/action_generator.cpp:56]   --->   Operation 25 'load' 'ignore_flag1_V_load' <Predicate = true> <Delay = 0.00>
ST_1 : Operation 26 [1/1] (0.00ns)   --->   "%combined_cksum_final_1 = load i16* @combined_cksum_final, align 2" [/home/kevinliu/Documents/gulf_stream/u250/GULF-Stream/src/udp_ip_server/udp_ip_rx/action_generator.cpp:56]   --->   Operation 26 'load' 'combined_cksum_final_1' <Predicate = true> <Delay = 0.00>
ST_1 : Operation 27 [1/1] (0.67ns)   --->   "%icmp_ln879 = icmp eq i16 %combined_cksum_final_1, -1" [/home/kevinliu/Documents/gulf_stream/u250/GULF-Stream/src/udp_ip_server/udp_ip_rx/action_generator.cpp:56]   --->   Operation 27 'icmp' 'icmp_ln879' <Predicate = true> <Delay = 0.67> <Core = "Cmp">   --->   Core 25 'Cmp' <Latency = 0> <II = 1> <Delay = 0.34> <FuncUnit> <Opcode : 'icmp'> <InPorts = 2> <OutPorts = 1>
ST_1 : Operation 28 [1/1] (0.12ns)   --->   "%or_ln544 = or i1 %ignore_flag1_V_load, %icmp_ln879" [/home/kevinliu/Documents/gulf_stream/u250/GULF-Stream/src/udp_ip_server/udp_ip_rx/action_generator.cpp:56]   --->   Operation 28 'or' 'or_ln544' <Predicate = true> <Delay = 0.12> <Core = "LogicGate">   --->   Core 27 'LogicGate' <Latency = 0> <II = 1> <Delay = 0.12> <FuncUnit> <Opcode : 'and' 'or' 'xor'> <InPorts = 2> <OutPorts = 1>
ST_1 : Operation 29 [1/1] (0.00ns)   --->   "%action_out10_part_se = call i65 @_ssdm_op_BitConcatenate.i65.i1.i16.i16.i32(i1 %or_ln544, i16 %action_out_reg1_dst_1, i16 %action_out_reg1_src_3, i32 %action_out_reg1_src_2)" [/home/kevinliu/Documents/gulf_stream/u250/GULF-Stream/src/udp_ip_server/udp_ip_rx/action_generator.cpp:56]   --->   Operation 29 'bitconcatenate' 'action_out10_part_se' <Predicate = true> <Delay = 0.00>
ST_1 : Operation 30 [1/1] (0.00ns)   --->   "call void @_ssdm_op_Write.ap_none.i65P(i65* %action_out, i65 %action_out10_part_se)" [/home/kevinliu/Documents/gulf_stream/u250/GULF-Stream/src/udp_ip_server/udp_ip_rx/action_generator.cpp:56]   --->   Operation 30 'write' <Predicate = true> <Delay = 0.00>
ST_1 : Operation 31 [1/1] (0.00ns)   --->   "%action_out_valid_reg_2 = load i1* @action_out_valid_reg, align 1" [/home/kevinliu/Documents/gulf_stream/u250/GULF-Stream/src/udp_ip_server/udp_ip_rx/action_generator.cpp:57]   --->   Operation 31 'load' 'action_out_valid_reg_2' <Predicate = true> <Delay = 0.00>
ST_1 : Operation 32 [1/1] (0.00ns)   --->   "call void @_ssdm_op_Write.ap_none.i1P(i1* %action_out_valid_V, i1 %action_out_valid_reg_2)" [/home/kevinliu/Documents/gulf_stream/u250/GULF-Stream/src/udp_ip_server/udp_ip_rx/action_generator.cpp:57]   --->   Operation 32 'write' <Predicate = true> <Delay = 0.00>
ST_1 : Operation 33 [1/1] (0.00ns)   --->   "%p_Val2_s = load i32* @combined_cksum_V, align 4" [/home/kevinliu/Documents/gulf_stream/u250/GULF-Stream/src/udp_ip_server/udp_ip_rx/action_generator.cpp:60]   --->   Operation 33 'load' 'p_Val2_s' <Predicate = true> <Delay = 0.00>
ST_1 : Operation 34 [1/1] (0.00ns)   --->   "%p_Result_s = call i16 @_ssdm_op_PartSelect.i16.i32.i32.i32(i32 %p_Val2_s, i32 16, i32 31)" [/home/kevinliu/Documents/gulf_stream/u250/GULF-Stream/src/udp_ip_server/udp_ip_rx/action_generator.cpp:60]   --->   Operation 34 'partselect' 'p_Result_s' <Predicate = true> <Delay = 0.00>
ST_1 : Operation 35 [1/1] (0.00ns)   --->   "%trunc_ln357 = trunc i32 %p_Val2_s to i16" [/home/kevinliu/Documents/gulf_stream/u250/GULF-Stream/src/udp_ip_server/udp_ip_rx/action_generator.cpp:60]   --->   Operation 35 'trunc' 'trunc_ln357' <Predicate = true> <Delay = 0.00>
ST_1 : Operation 36 [1/1] (0.60ns)   --->   "%add_ln209 = add i16 %p_Result_s, %trunc_ln357" [/home/kevinliu/Documents/gulf_stream/u250/GULF-Stream/src/udp_ip_server/udp_ip_rx/action_generator.cpp:60]   --->   Operation 36 'add' 'add_ln209' <Predicate = true> <Delay = 0.60> <Core = "AddSub">   --->   Core 14 'AddSub' <Latency = 0> <II = 1> <Delay = 0.66> <FuncUnit> <Opcode : 'add' 'sub'> <InPorts = 2> <OutPorts = 1>
ST_1 : Operation 37 [1/1] (0.00ns)   --->   "store i16 %add_ln209, i16* @combined_cksum_final, align 2" [/home/kevinliu/Documents/gulf_stream/u250/GULF-Stream/src/udp_ip_server/udp_ip_rx/action_generator.cpp:60]   --->   Operation 37 'store' <Predicate = true> <Delay = 0.00>
ST_1 : Operation 38 [1/1] (0.00ns)   --->   "%action_out_reg_src_i_1 = load i32* @action_out_reg_src_i, align 4" [/home/kevinliu/Documents/gulf_stream/u250/GULF-Stream/src/udp_ip_server/udp_ip_rx/udp_ip_rx.h:86->/home/kevinliu/Documents/gulf_stream/u250/GULF-Stream/src/udp_ip_server/udp_ip_rx/action_generator.cpp:61]   --->   Operation 38 'load' 'action_out_reg_src_i_1' <Predicate = true> <Delay = 0.00>
ST_1 : Operation 39 [1/1] (0.00ns)   --->   "store i32 %action_out_reg_src_i_1, i32* @action_out_reg1_src_1, align 4" [/home/kevinliu/Documents/gulf_stream/u250/GULF-Stream/src/udp_ip_server/udp_ip_rx/udp_ip_rx.h:86->/home/kevinliu/Documents/gulf_stream/u250/GULF-Stream/src/udp_ip_server/udp_ip_rx/action_generator.cpp:61]   --->   Operation 39 'store' <Predicate = true> <Delay = 0.00>
ST_1 : Operation 40 [1/1] (0.00ns)   --->   "%action_out_reg_src_p_1 = load i16* @action_out_reg_src_p, align 4" [/home/kevinliu/Documents/gulf_stream/u250/GULF-Stream/src/udp_ip_server/udp_ip_rx/udp_ip_rx.h:86->/home/kevinliu/Documents/gulf_stream/u250/GULF-Stream/src/udp_ip_server/udp_ip_rx/action_generator.cpp:61]   --->   Operation 40 'load' 'action_out_reg_src_p_1' <Predicate = true> <Delay = 0.00>
ST_1 : Operation 41 [1/1] (0.00ns)   --->   "store i16 %action_out_reg_src_p_1, i16* @action_out_reg1_src_s, align 4" [/home/kevinliu/Documents/gulf_stream/u250/GULF-Stream/src/udp_ip_server/udp_ip_rx/udp_ip_rx.h:86->/home/kevinliu/Documents/gulf_stream/u250/GULF-Stream/src/udp_ip_server/udp_ip_rx/action_generator.cpp:61]   --->   Operation 41 'store' <Predicate = true> <Delay = 0.00>
ST_1 : Operation 42 [1/1] (0.00ns)   --->   "%action_out_reg_dst_p_1 = load i16* @action_out_reg_dst_p, align 2" [/home/kevinliu/Documents/gulf_stream/u250/GULF-Stream/src/udp_ip_server/udp_ip_rx/udp_ip_rx.h:86->/home/kevinliu/Documents/gulf_stream/u250/GULF-Stream/src/udp_ip_server/udp_ip_rx/action_generator.cpp:61]   --->   Operation 42 'load' 'action_out_reg_dst_p_1' <Predicate = true> <Delay = 0.00>
ST_1 : Operation 43 [1/1] (0.00ns)   --->   "store i16 %action_out_reg_dst_p_1, i16* @action_out_reg1_dst_s, align 2" [/home/kevinliu/Documents/gulf_stream/u250/GULF-Stream/src/udp_ip_server/udp_ip_rx/udp_ip_rx.h:86->/home/kevinliu/Documents/gulf_stream/u250/GULF-Stream/src/udp_ip_server/udp_ip_rx/action_generator.cpp:61]   --->   Operation 43 'store' <Predicate = true> <Delay = 0.00>
ST_1 : Operation 44 [1/1] (0.00ns)   --->   "%action_out_valid_reg_3 = load i1* @action_out_valid_reg_1, align 1" [/home/kevinliu/Documents/gulf_stream/u250/GULF-Stream/src/udp_ip_server/udp_ip_rx/action_generator.cpp:62]   --->   Operation 44 'load' 'action_out_valid_reg_3' <Predicate = true> <Delay = 0.00>
ST_1 : Operation 45 [1/1] (0.00ns)   --->   "store i1 %action_out_valid_reg_3, i1* @action_out_valid_reg, align 1" [/home/kevinliu/Documents/gulf_stream/u250/GULF-Stream/src/udp_ip_server/udp_ip_rx/action_generator.cpp:62]   --->   Operation 45 'store' <Predicate = true> <Delay = 0.00>
ST_1 : Operation 46 [1/1] (0.00ns)   --->   "%ignore_flag_V_load = load i1* @ignore_flag_V, align 1" [/home/kevinliu/Documents/gulf_stream/u250/GULF-Stream/src/udp_ip_server/udp_ip_rx/action_generator.cpp:63]   --->   Operation 46 'load' 'ignore_flag_V_load' <Predicate = true> <Delay = 0.00>
ST_1 : Operation 47 [1/1] (0.00ns)   --->   "store i1 %ignore_flag_V_load, i1* @ignore_flag1_V, align 1" [/home/kevinliu/Documents/gulf_stream/u250/GULF-Stream/src/udp_ip_server/udp_ip_rx/action_generator.cpp:63]   --->   Operation 47 'store' <Predicate = true> <Delay = 0.00>
ST_1 : Operation 48 [1/1] (0.00ns)   --->   "%meta_in_reg_checksum_1 = load i32* @meta_in_reg_checksum, align 8" [/home/kevinliu/Documents/gulf_stream/u250/GULF-Stream/src/udp_ip_server/udp_ip_rx/action_generator.cpp:65]   --->   Operation 48 'load' 'meta_in_reg_checksum_1' <Predicate = true> <Delay = 0.00>
ST_1 : Operation 49 [1/1] (0.66ns)   --->   "%add_ln209_1 = add i32 %payload_cksum_data_V_1, %meta_in_reg_checksum_1" [/home/kevinliu/Documents/gulf_stream/u250/GULF-Stream/src/udp_ip_server/udp_ip_rx/action_generator.cpp:65]   --->   Operation 49 'add' 'add_ln209_1' <Predicate = true> <Delay = 0.66> <Core = "AddSub">   --->   Core 14 'AddSub' <Latency = 0> <II = 1> <Delay = 0.66> <FuncUnit> <Opcode : 'add' 'sub'> <InPorts = 2> <OutPorts = 1>
ST_1 : Operation 50 [1/1] (0.00ns)   --->   "store i32 %add_ln209_1, i32* @combined_cksum_V, align 4" [/home/kevinliu/Documents/gulf_stream/u250/GULF-Stream/src/udp_ip_server/udp_ip_rx/action_generator.cpp:65]   --->   Operation 50 'store' <Predicate = true> <Delay = 0.00>
ST_1 : Operation 51 [1/1] (0.00ns)   --->   "store i1 %payload_cksum_valid_s, i1* @action_out_valid_reg_1, align 1" [/home/kevinliu/Documents/gulf_stream/u250/GULF-Stream/src/udp_ip_server/udp_ip_rx/action_generator.cpp:66]   --->   Operation 51 'store' <Predicate = true> <Delay = 0.00>
ST_1 : Operation 52 [1/1] (0.00ns)   --->   "%meta_in_reg_src_ip_V_1 = load i32* @meta_in_reg_src_ip_V, align 8" [/home/kevinliu/Documents/gulf_stream/u250/GULF-Stream/src/udp_ip_server/udp_ip_rx/action_generator.cpp:67]   --->   Operation 52 'load' 'meta_in_reg_src_ip_V_1' <Predicate = true> <Delay = 0.00>
ST_1 : Operation 53 [1/1] (0.00ns)   --->   "store i32 %meta_in_reg_src_ip_V_1, i32* @action_out_reg_src_i, align 4" [/home/kevinliu/Documents/gulf_stream/u250/GULF-Stream/src/udp_ip_server/udp_ip_rx/action_generator.cpp:67]   --->   Operation 53 'store' <Predicate = true> <Delay = 0.00>
ST_1 : Operation 54 [1/1] (0.00ns)   --->   "%p_Val2_1 = load i64* @meta_in_reg_protocol, align 8" [/home/kevinliu/Documents/gulf_stream/u250/GULF-Stream/src/udp_ip_server/udp_ip_rx/action_generator.cpp:68]   --->   Operation 54 'load' 'p_Val2_1' <Predicate = true> <Delay = 0.00>
ST_1 : Operation 55 [1/1] (0.00ns)   --->   "%p_Result_2 = call i16 @_ssdm_op_PartSelect.i16.i64.i32.i32(i64 %p_Val2_1, i32 48, i32 63)" [/home/kevinliu/Documents/gulf_stream/u250/GULF-Stream/src/udp_ip_server/udp_ip_rx/action_generator.cpp:68]   --->   Operation 55 'partselect' 'p_Result_2' <Predicate = true> <Delay = 0.00>
ST_1 : Operation 56 [1/1] (0.00ns)   --->   "store i16 %p_Result_2, i16* @action_out_reg_src_p, align 4" [/home/kevinliu/Documents/gulf_stream/u250/GULF-Stream/src/udp_ip_server/udp_ip_rx/action_generator.cpp:68]   --->   Operation 56 'store' <Predicate = true> <Delay = 0.00>
ST_1 : Operation 57 [1/1] (0.00ns)   --->   "%p_Result_3 = call i16 @_ssdm_op_PartSelect.i16.i64.i32.i32(i64 %p_Val2_1, i32 32, i32 47)" [/home/kevinliu/Documents/gulf_stream/u250/GULF-Stream/src/udp_ip_server/udp_ip_rx/action_generator.cpp:69]   --->   Operation 57 'partselect' 'p_Result_3' <Predicate = true> <Delay = 0.00>
ST_1 : Operation 58 [1/1] (0.00ns)   --->   "store i16 %p_Result_3, i16* @action_out_reg_dst_p, align 2" [/home/kevinliu/Documents/gulf_stream/u250/GULF-Stream/src/udp_ip_server/udp_ip_rx/action_generator.cpp:69]   --->   Operation 58 'store' <Predicate = true> <Delay = 0.00>
ST_1 : Operation 59 [1/1] (0.00ns)   --->   "%meta_in_reg_action_V_1 = load i2* @meta_in_reg_action_V, align 4" [/home/kevinliu/Documents/gulf_stream/u250/GULF-Stream/src/udp_ip_server/udp_ip_rx/action_generator.cpp:70]   --->   Operation 59 'load' 'meta_in_reg_action_V_1' <Predicate = true> <Delay = 0.00>
ST_1 : Operation 60 [1/1] (0.34ns)   --->   "%icmp_ln879_1 = icmp eq i2 %meta_in_reg_action_V_1, -2" [/home/kevinliu/Documents/gulf_stream/u250/GULF-Stream/src/udp_ip_server/udp_ip_rx/action_generator.cpp:71]   --->   Operation 60 'icmp' 'icmp_ln879_1' <Predicate = true> <Delay = 0.34> <Core = "Cmp">   --->   Core 25 'Cmp' <Latency = 0> <II = 1> <Delay = 0.34> <FuncUnit> <Opcode : 'icmp'> <InPorts = 2> <OutPorts = 1>
ST_1 : Operation 61 [1/1] (0.00ns)   --->   "store i1 %icmp_ln879_1, i1* @ignore_flag_V, align 1" [/home/kevinliu/Documents/gulf_stream/u250/GULF-Stream/src/udp_ip_server/udp_ip_rx/action_generator.cpp:71]   --->   Operation 61 'store' <Predicate = true> <Delay = 0.00>
ST_1 : Operation 62 [1/1] (0.00ns)   --->   "%meta_in_reg0_src_ip_1 = load i32* @meta_in_reg0_src_ip_s, align 8" [/home/kevinliu/Documents/gulf_stream/u250/GULF-Stream/src/udp_ip_server/udp_ip_rx/udp_ip_rx.h:79->/home/kevinliu/Documents/gulf_stream/u250/GULF-Stream/src/udp_ip_server/udp_ip_rx/action_generator.cpp:74]   --->   Operation 62 'load' 'meta_in_reg0_src_ip_1' <Predicate = true> <Delay = 0.00>
ST_1 : Operation 63 [1/1] (0.00ns)   --->   "store i32 %meta_in_reg0_src_ip_1, i32* @meta_in_reg_src_ip_V, align 8" [/home/kevinliu/Documents/gulf_stream/u250/GULF-Stream/src/udp_ip_server/udp_ip_rx/udp_ip_rx.h:79->/home/kevinliu/Documents/gulf_stream/u250/GULF-Stream/src/udp_ip_server/udp_ip_rx/action_generator.cpp:74]   --->   Operation 63 'store' <Predicate = true> <Delay = 0.00>
ST_1 : Operation 64 [1/1] (0.00ns)   --->   "%meta_in_reg0_protoco_1 = load i64* @meta_in_reg0_protoco, align 8" [/home/kevinliu/Documents/gulf_stream/u250/GULF-Stream/src/udp_ip_server/udp_ip_rx/udp_ip_rx.h:79->/home/kevinliu/Documents/gulf_stream/u250/GULF-Stream/src/udp_ip_server/udp_ip_rx/action_generator.cpp:74]   --->   Operation 64 'load' 'meta_in_reg0_protoco_1' <Predicate = true> <Delay = 0.00>
ST_1 : Operation 65 [1/1] (0.00ns)   --->   "store i64 %meta_in_reg0_protoco_1, i64* @meta_in_reg_protocol, align 8" [/home/kevinliu/Documents/gulf_stream/u250/GULF-Stream/src/udp_ip_server/udp_ip_rx/udp_ip_rx.h:79->/home/kevinliu/Documents/gulf_stream/u250/GULF-Stream/src/udp_ip_server/udp_ip_rx/action_generator.cpp:74]   --->   Operation 65 'store' <Predicate = true> <Delay = 0.00>
ST_1 : Operation 66 [1/1] (0.00ns)   --->   "%meta_in_reg0_checksu_1 = load i32* @meta_in_reg0_checksu, align 8" [/home/kevinliu/Documents/gulf_stream/u250/GULF-Stream/src/udp_ip_server/udp_ip_rx/udp_ip_rx.h:79->/home/kevinliu/Documents/gulf_stream/u250/GULF-Stream/src/udp_ip_server/udp_ip_rx/action_generator.cpp:74]   --->   Operation 66 'load' 'meta_in_reg0_checksu_1' <Predicate = true> <Delay = 0.00>
ST_1 : Operation 67 [1/1] (0.00ns)   --->   "store i32 %meta_in_reg0_checksu_1, i32* @meta_in_reg_checksum, align 8" [/home/kevinliu/Documents/gulf_stream/u250/GULF-Stream/src/udp_ip_server/udp_ip_rx/udp_ip_rx.h:79->/home/kevinliu/Documents/gulf_stream/u250/GULF-Stream/src/udp_ip_server/udp_ip_rx/action_generator.cpp:74]   --->   Operation 67 'store' <Predicate = true> <Delay = 0.00>
ST_1 : Operation 68 [1/1] (0.00ns)   --->   "%meta_in_reg0_action_1 = load i2* @meta_in_reg0_action_s, align 4" [/home/kevinliu/Documents/gulf_stream/u250/GULF-Stream/src/udp_ip_server/udp_ip_rx/udp_ip_rx.h:79->/home/kevinliu/Documents/gulf_stream/u250/GULF-Stream/src/udp_ip_server/udp_ip_rx/action_generator.cpp:74]   --->   Operation 68 'load' 'meta_in_reg0_action_1' <Predicate = true> <Delay = 0.00>
ST_1 : Operation 69 [1/1] (0.00ns)   --->   "store i2 %meta_in_reg0_action_1, i2* @meta_in_reg_action_V, align 4" [/home/kevinliu/Documents/gulf_stream/u250/GULF-Stream/src/udp_ip_server/udp_ip_rx/udp_ip_rx.h:79->/home/kevinliu/Documents/gulf_stream/u250/GULF-Stream/src/udp_ip_server/udp_ip_rx/action_generator.cpp:74]   --->   Operation 69 'store' <Predicate = true> <Delay = 0.00>
ST_1 : Operation 70 [1/1] (0.00ns)   --->   "store i32 %meta_in_src_ip_V_rea, i32* @meta_in_reg0_src_ip_s, align 8" [/home/kevinliu/Documents/gulf_stream/u250/GULF-Stream/src/udp_ip_server/udp_ip_rx/udp_ip_rx.h:79->/home/kevinliu/Documents/gulf_stream/u250/GULF-Stream/src/udp_ip_server/udp_ip_rx/action_generator.cpp:75]   --->   Operation 70 'store' <Predicate = true> <Delay = 0.00>
ST_1 : Operation 71 [1/1] (0.00ns)   --->   "store i64 %meta_in_protocol_hea, i64* @meta_in_reg0_protoco, align 8" [/home/kevinliu/Documents/gulf_stream/u250/GULF-Stream/src/udp_ip_server/udp_ip_rx/udp_ip_rx.h:79->/home/kevinliu/Documents/gulf_stream/u250/GULF-Stream/src/udp_ip_server/udp_ip_rx/action_generator.cpp:75]   --->   Operation 71 'store' <Predicate = true> <Delay = 0.00>
ST_1 : Operation 72 [1/1] (0.00ns)   --->   "store i32 %meta_in_checksum_V_r, i32* @meta_in_reg0_checksu, align 8" [/home/kevinliu/Documents/gulf_stream/u250/GULF-Stream/src/udp_ip_server/udp_ip_rx/udp_ip_rx.h:79->/home/kevinliu/Documents/gulf_stream/u250/GULF-Stream/src/udp_ip_server/udp_ip_rx/action_generator.cpp:75]   --->   Operation 72 'store' <Predicate = true> <Delay = 0.00>
ST_1 : Operation 73 [1/1] (0.00ns)   --->   "store i2 %meta_in_action_V_rea, i2* @meta_in_reg0_action_s, align 4" [/home/kevinliu/Documents/gulf_stream/u250/GULF-Stream/src/udp_ip_server/udp_ip_rx/udp_ip_rx.h:79->/home/kevinliu/Documents/gulf_stream/u250/GULF-Stream/src/udp_ip_server/udp_ip_rx/action_generator.cpp:75]   --->   Operation 73 'store' <Predicate = true> <Delay = 0.00>
ST_1 : Operation 74 [1/1] (0.00ns)   --->   "ret void" [/home/kevinliu/Documents/gulf_stream/u250/GULF-Stream/src/udp_ip_server/udp_ip_rx/action_generator.cpp:76]   --->   Operation 74 'ret' <Predicate = true> <Delay = 0.00>


============================================================
+ Verbose Summary: Timing violations
============================================================
Target clock period: 3.1ns, clock uncertainty: 0.388ns.

 <State 1>: 0.798ns
The critical path consists of the following:
	'load' operation ('combined_cksum_final_1', /home/kevinliu/Documents/gulf_stream/u250/GULF-Stream/src/udp_ip_server/udp_ip_rx/action_generator.cpp:56) on static variable 'combined_cksum_final' [53]  (0 ns)
	'icmp' operation ('icmp_ln879', /home/kevinliu/Documents/gulf_stream/u250/GULF-Stream/src/udp_ip_server/udp_ip_rx/action_generator.cpp:56) [54]  (0.676 ns)
	'or' operation ('or_ln544', /home/kevinliu/Documents/gulf_stream/u250/GULF-Stream/src/udp_ip_server/udp_ip_rx/action_generator.cpp:56) [55]  (0.122 ns)


============================================================
+ Verbose Summary: Binding
============================================================
N/A
* FSMD analyzer results:
  - Output states:
 - Input state : 
  - Chain level:
	State 1


============================================================
+ Verbose Summary: Datapath Resource usage 
============================================================
N/A
