==============================================================
Vivado(TM) HLS - High-Level Synthesis from C, C++ and SystemC v2019.1 (64-bit)
Copyright 1986-2019 Xilinx, Inc. All Rights Reserved.
==============================================================
INFO: [HLS 200-10] Setting target device to 'xcu280-fsvh2892-2L-e'
INFO: [SYN 201-201] Setting up clock 'default' with a period of 3.103ns.
INFO: [SCHED 204-61] Option 'relax_ii_for_timing' is enabled, will increase II to preserve clock frequency constraints.
INFO: [HLS 200-10] Analyzing design file '/home/kevinliu/Documents/gulf_stream/u280/GULF-Stream/src/udp_ip_server/udp_ip_tx/udp_ip_tx.cpp' ... 
INFO: [HLS 200-111] Finished Linking Time (s): cpu = 00:00:18 ; elapsed = 00:00:32 . Memory (MB): peak = 798.621 ; gain = 126.000 ; free physical = 29360 ; free virtual = 56809
INFO: [HLS 200-111] Finished Checking Pragmas Time (s): cpu = 00:00:18 ; elapsed = 00:00:32 . Memory (MB): peak = 798.621 ; gain = 126.000 ; free physical = 29360 ; free virtual = 56809
INFO: [HLS 200-10] Starting code transformations ...
INFO: [HLS 200-111] Finished Standard Transforms Time (s): cpu = 00:00:20 ; elapsed = 00:00:34 . Memory (MB): peak = 798.621 ; gain = 126.000 ; free physical = 29326 ; free virtual = 56779
INFO: [HLS 200-10] Checking synthesizability ...
WARNING: [SYNCHK 200-24] /home/kevinliu/Documents/gulf_stream/u280/GULF-Stream/src/udp_ip_server/udp_ip_tx/udp_ip_tx.cpp:134: Index for bit vector operation is out of bound.
WARNING: [SYNCHK 200-23] /home/kevinliu/Documents/gulf_stream/u280/GULF-Stream/src/udp_ip_server/udp_ip_tx/udp_ip_tx.cpp:212: variable-indexed range selection may cause suboptimal QoR.
INFO: [SYNCHK 200-10] 0 error(s), 2 warning(s).
INFO: [HLS 200-111] Finished Checking Synthesizability Time (s): cpu = 00:00:20 ; elapsed = 00:00:35 . Memory (MB): peak = 798.621 ; gain = 126.000 ; free physical = 29302 ; free virtual = 56758
INFO: [XFORM 203-1101] Packing variable 'action_out' (/home/kevinliu/Documents/gulf_stream/u280/GULF-Stream/src/udp_ip_server/udp_ip_tx/udp_ip_tx.cpp:43) into a 161-bit variable.
INFO: [HLS 200-489] Unrolling loop 'Loop-1' (/home/kevinliu/Documents/gulf_stream/u280/GULF-Stream/src/udp_ip_server/udp_ip_tx/udp_ip_tx.cpp:170) in function 'udp_ip_tx' completely with a factor of 2.
INFO: [HLS 200-489] Unrolling loop 'Loop-2' (/home/kevinliu/Documents/gulf_stream/u280/GULF-Stream/src/udp_ip_server/udp_ip_tx/udp_ip_tx.cpp:180) in function 'udp_ip_tx' completely with a factor of 4.
INFO: [HLS 200-489] Unrolling loop 'Loop-3' (/home/kevinliu/Documents/gulf_stream/u280/GULF-Stream/src/udp_ip_server/udp_ip_tx/udp_ip_tx.cpp:190) in function 'udp_ip_tx' completely with a factor of 8.
INFO: [HLS 200-489] Unrolling loop 'Loop-4' (/home/kevinliu/Documents/gulf_stream/u280/GULF-Stream/src/udp_ip_server/udp_ip_tx/udp_ip_tx.cpp:200) in function 'udp_ip_tx' completely with a factor of 16.
INFO: [HLS 200-489] Unrolling loop 'Loop-5' (/home/kevinliu/Documents/gulf_stream/u280/GULF-Stream/src/udp_ip_server/udp_ip_tx/udp_ip_tx.cpp:210) in function 'udp_ip_tx' completely with a factor of 32.
INFO: [XFORM 203-102] Partitioning array 'length_l4.V' automatically.
INFO: [XFORM 203-102] Partitioning array 'length_l3.V' automatically.
INFO: [XFORM 203-102] Partitioning array 'length_l2.V' automatically.
INFO: [XFORM 203-102] Partitioning array 'length_l1.V' automatically.
INFO: [XFORM 203-102] Partitioning array 'length_l0.V' automatically.
INFO: [XFORM 203-101] Partitioning array 'adderTree_l0.V'  in dimension 1 completely.
INFO: [XFORM 203-101] Partitioning array 'adderTree_l1.V'  in dimension 1 completely.
INFO: [XFORM 203-101] Partitioning array 'adderTree_l2.V'  in dimension 1 completely.
INFO: [XFORM 203-101] Partitioning array 'adderTree_l3.V'  in dimension 1 completely.
INFO: [XFORM 203-101] Partitioning array 'adderTree_l4.V'  in dimension 1 completely.
INFO: [XFORM 203-401] Performing if-conversion on hyperblock to (/home/kevinliu/Documents/gulf_stream/u280/GULF-Stream/src/udp_ip_server/udp_ip_tx/udp_ip_tx.cpp:123:6) in function 'udp_ip_tx'... converting 3 basic blocks.
INFO: [XFORM 203-401] Performing if-conversion on hyperblock from (/home/kevinliu/Documents/gulf_stream/u280/GULF-Stream/src/udp_ip_server/udp_ip_tx/udp_ip_tx.cpp:160:20) to (/home/kevinliu/Documents/gulf_stream/u280/GULF-Stream/src/udp_ip_server/udp_ip_tx/udp_ip_tx.cpp:218:2) in function 'udp_ip_tx'... converting 129 basic blocks.
INFO: [HLS 200-111] Finished Pre-synthesis Time (s): cpu = 00:00:24 ; elapsed = 00:00:38 . Memory (MB): peak = 862.621 ; gain = 190.000 ; free physical = 29227 ; free virtual = 56686
INFO: [HLS 200-111] Finished Architecture Synthesis Time (s): cpu = 00:00:27 ; elapsed = 00:00:41 . Memory (MB): peak = 862.621 ; gain = 190.000 ; free physical = 29223 ; free virtual = 56684
INFO: [HLS 200-10] Starting hardware synthesis ...
INFO: [HLS 200-10] Synthesizing 'udp_ip_tx' ...
INFO: [HLS 200-10] ----------------------------------------------------------------
INFO: [HLS 200-42] -- Implementing module 'udp_ip_tx' 
INFO: [HLS 200-10] ----------------------------------------------------------------
INFO: [SCHED 204-11] Starting scheduling ...
INFO: [SCHED 204-11] Finished scheduling.
INFO: [HLS 200-111]  Elapsed time: 41.53 seconds; current allocated memory: 157.945 MB.
INFO: [BIND 205-100] Starting micro-architecture generation ...
INFO: [BIND 205-101] Performing variable lifetime analysis.
INFO: [BIND 205-101] Exploring resource sharing.
INFO: [BIND 205-101] Binding ...
INFO: [BIND 205-100] Finished micro-architecture generation.
INFO: [HLS 200-111]  Elapsed time: 0.9 seconds; current allocated memory: 162.681 MB.
INFO: [HLS 200-10] ----------------------------------------------------------------
INFO: [HLS 200-10] -- Generating RTL for module 'udp_ip_tx' 
INFO: [HLS 200-10] ----------------------------------------------------------------
INFO: [RTGEN 206-500] Setting interface mode on port 'udp_ip_tx/myIP_V' to 'ap_none'.
INFO: [RTGEN 206-500] Setting interface mode on port 'udp_ip_tx/dst_ip_V' to 'ap_none'.
INFO: [RTGEN 206-500] Setting interface mode on port 'udp_ip_tx/dst_mac_V' to 'ap_none'.
INFO: [RTGEN 206-500] Setting interface mode on port 'udp_ip_tx/src_port_V' to 'ap_none'.
INFO: [RTGEN 206-500] Setting interface mode on port 'udp_ip_tx/dst_port_V' to 'ap_none'.
INFO: [RTGEN 206-500] Setting interface mode on port 'udp_ip_tx/arp_status_V' to 'ap_none'.
INFO: [RTGEN 206-500] Setting interface mode on port 'udp_ip_tx/payload_in_data_V' to 'ap_none'.
INFO: [RTGEN 206-500] Setting interface mode on port 'udp_ip_tx/payload_in_keep_V' to 'ap_none'.
INFO: [RTGEN 206-500] Setting interface mode on port 'udp_ip_tx/payload_in_valid_V' to 'ap_none'.
INFO: [RTGEN 206-500] Setting interface mode on port 'udp_ip_tx/payload_in_last_V' to 'ap_none'.
INFO: [RTGEN 206-500] Setting interface mode on port 'udp_ip_tx/payload_in_ready_V' to 'ap_none'.
WARNING: [RTGEN 206-101] Port 'payload_in_ready_V' with mode 'ap_none' may require an associated data valid signal to correctly communicate with other blocks or a test bench; automatic C/RTL co-simulation may not be able to verify such a port.
INFO: [RTGEN 206-500] Setting interface mode on port 'udp_ip_tx/payload_out_data_V' to 'ap_none'.
WARNING: [RTGEN 206-101] Port 'payload_out_data_V' with mode 'ap_none' may require an associated data valid signal to correctly communicate with other blocks or a test bench; automatic C/RTL co-simulation may not be able to verify such a port.
INFO: [RTGEN 206-500] Setting interface mode on port 'udp_ip_tx/payload_out_keep_V' to 'ap_none'.
WARNING: [RTGEN 206-101] Port 'payload_out_keep_V' with mode 'ap_none' may require an associated data valid signal to correctly communicate with other blocks or a test bench; automatic C/RTL co-simulation may not be able to verify such a port.
INFO: [RTGEN 206-500] Setting interface mode on port 'udp_ip_tx/payload_out_valid_V' to 'ap_none'.
WARNING: [RTGEN 206-101] Port 'payload_out_valid_V' with mode 'ap_none' may require an associated data valid signal to correctly communicate with other blocks or a test bench; automatic C/RTL co-simulation may not be able to verify such a port.
INFO: [RTGEN 206-500] Setting interface mode on port 'udp_ip_tx/payload_out_last_V' to 'ap_none'.
WARNING: [RTGEN 206-101] Port 'payload_out_last_V' with mode 'ap_none' may require an associated data valid signal to correctly communicate with other blocks or a test bench; automatic C/RTL co-simulation may not be able to verify such a port.
