

================================================================
== Vivado HLS Report for 'axis2lbus'
================================================================
* Date:           Thu Jul 25 02:35:23 2024

* Version:        2019.1 (Build 2552052 on Fri May 24 15:28:33 MDT 2019)
* Project:        axis2lbus
* Solution:       solution1
* Product family: virtexuplus
* Target device:  xcu250-figd2104-2L-e


================================================================
== Performance Estimates
================================================================
+ Timing (ns): 
    * Summary: 
    +--------+-------+----------+------------+
    |  Clock | Target| Estimated| Uncertainty|
    +--------+-------+----------+------------+
    |ap_clk  |   3.10|     0.619|        0.39|
    +--------+-------+----------+------------+

+ Latency (clock cycles): 
    * Summary: 
    +-----+-----+-----+-----+---------+
    |  Latency  |  Interval | Pipeline|
    | min | max | min | max |   Type  |
    +-----+-----+-----+-----+---------+
    |    0|    0|    0|    0|   none  |
    +-----+-----+-----+-----+---------+

    + Detail: 
        * Instance: 
        N/A

        * Loop: 
        N/A

============================================================
+ Verbose Summary: Synthesis Manager
============================================================
InlineROM: 1
ExposeGlobal: 0
============================================================
+ Verbose Summary: CDFG Model
============================================================
IsTopModel: 1
ResetActiveHigh: 1
IsCombinational: 0
IsDatapathOnly: 0
HasWiredReturn: 1
HasMFsm: 0
HasVarLatency: 0
IsPipeline: 0
IsRtlPipelined: 0
IsInstanceOverlapped: 0
IsDontTouch: 0
HasImplIP: 0
IsGatedGlobalClock: 0


============================================================
+ Verbose Summary: Schedule
============================================================
* Number of FSM states : 1
* Pipeline : 0
* Dataflow Pipeline: 0

* FSM state transitions: 
1 --> 

* FSM state operations: 

State 1 <SV = 0> <Delay = 0.61>
ST_1 : Operation 2 [1/1] (0.00ns)   --->   "call void (...)* @_ssdm_op_SpecBitsMap(i4* %lbus_3_mty_V), !map !79"   --->   Operation 2 'specbitsmap' <Predicate = true> <Delay = 0.00>
ST_1 : Operation 3 [1/1] (0.00ns)   --->   "call void (...)* @_ssdm_op_SpecBitsMap(i4* %lbus_2_mty_V), !map !85"   --->   Operation 3 'specbitsmap' <Predicate = true> <Delay = 0.00>
ST_1 : Operation 4 [1/1] (0.00ns)   --->   "call void (...)* @_ssdm_op_SpecBitsMap(i4* %lbus_1_mty_V), !map !91"   --->   Operation 4 'specbitsmap' <Predicate = true> <Delay = 0.00>
ST_1 : Operation 5 [1/1] (0.00ns)   --->   "call void (...)* @_ssdm_op_SpecBitsMap(i4* %lbus_0_mty_V), !map !97"   --->   Operation 5 'specbitsmap' <Predicate = true> <Delay = 0.00>
ST_1 : Operation 6 [1/1] (0.00ns)   --->   "call void (...)* @_ssdm_op_SpecBitsMap(i1* %lbus_3_err_V), !map !103"   --->   Operation 6 'specbitsmap' <Predicate = true> <Delay = 0.00>
ST_1 : Operation 7 [1/1] (0.00ns)   --->   "call void (...)* @_ssdm_op_SpecBitsMap(i1* %lbus_2_err_V), !map !107"   --->   Operation 7 'specbitsmap' <Predicate = true> <Delay = 0.00>
ST_1 : Operation 8 [1/1] (0.00ns)   --->   "call void (...)* @_ssdm_op_SpecBitsMap(i1* %lbus_1_err_V), !map !111"   --->   Operation 8 'specbitsmap' <Predicate = true> <Delay = 0.00>
ST_1 : Operation 9 [1/1] (0.00ns)   --->   "call void (...)* @_ssdm_op_SpecBitsMap(i1* %lbus_0_err_V), !map !115"   --->   Operation 9 'specbitsmap' <Predicate = true> <Delay = 0.00>
ST_1 : Operation 10 [1/1] (0.00ns)   --->   "call void (...)* @_ssdm_op_SpecBitsMap(i1* %lbus_3_eop_V), !map !119"   --->   Operation 10 'specbitsmap' <Predicate = true> <Delay = 0.00>
ST_1 : Operation 11 [1/1] (0.00ns)   --->   "call void (...)* @_ssdm_op_SpecBitsMap(i1* %lbus_2_eop_V), !map !123"   --->   Operation 11 'specbitsmap' <Predicate = true> <Delay = 0.00>
ST_1 : Operation 12 [1/1] (0.00ns)   --->   "call void (...)* @_ssdm_op_SpecBitsMap(i1* %lbus_1_eop_V), !map !127"   --->   Operation 12 'specbitsmap' <Predicate = true> <Delay = 0.00>
ST_1 : Operation 13 [1/1] (0.00ns)   --->   "call void (...)* @_ssdm_op_SpecBitsMap(i1* %lbus_0_eop_V), !map !131"   --->   Operation 13 'specbitsmap' <Predicate = true> <Delay = 0.00>
ST_1 : Operation 14 [1/1] (0.00ns)   --->   "call void (...)* @_ssdm_op_SpecBitsMap(i1* %lbus_3_sop_V), !map !135"   --->   Operation 14 'specbitsmap' <Predicate = true> <Delay = 0.00>
ST_1 : Operation 15 [1/1] (0.00ns)   --->   "call void (...)* @_ssdm_op_SpecBitsMap(i1* %lbus_2_sop_V), !map !139"   --->   Operation 15 'specbitsmap' <Predicate = true> <Delay = 0.00>
ST_1 : Operation 16 [1/1] (0.00ns)   --->   "call void (...)* @_ssdm_op_SpecBitsMap(i1* %lbus_1_sop_V), !map !143"   --->   Operation 16 'specbitsmap' <Predicate = true> <Delay = 0.00>
ST_1 : Operation 17 [1/1] (0.00ns)   --->   "call void (...)* @_ssdm_op_SpecBitsMap(i1* %lbus_0_sop_V), !map !147"   --->   Operation 17 'specbitsmap' <Predicate = true> <Delay = 0.00>
ST_1 : Operation 18 [1/1] (0.00ns)   --->   "call void (...)* @_ssdm_op_SpecBitsMap(i1* %lbus_3_ena_V), !map !151"   --->   Operation 18 'specbitsmap' <Predicate = true> <Delay = 0.00>
ST_1 : Operation 19 [1/1] (0.00ns)   --->   "call void (...)* @_ssdm_op_SpecBitsMap(i1* %lbus_2_ena_V), !map !155"   --->   Operation 19 'specbitsmap' <Predicate = true> <Delay = 0.00>
ST_1 : Operation 20 [1/1] (0.00ns)   --->   "call void (...)* @_ssdm_op_SpecBitsMap(i1* %lbus_1_ena_V), !map !159"   --->   Operation 20 'specbitsmap' <Predicate = true> <Delay = 0.00>
ST_1 : Operation 21 [1/1] (0.00ns)   --->   "call void (...)* @_ssdm_op_SpecBitsMap(i1* %lbus_0_ena_V), !map !163"   --->   Operation 21 'specbitsmap' <Predicate = true> <Delay = 0.00>
ST_1 : Operation 22 [1/1] (0.00ns)   --->   "call void (...)* @_ssdm_op_SpecBitsMap(i128* %lbus_3_data_V), !map !167"   --->   Operation 22 'specbitsmap' <Predicate = true> <Delay = 0.00>
ST_1 : Operation 23 [1/1] (0.00ns)   --->   "call void (...)* @_ssdm_op_SpecBitsMap(i128* %lbus_2_data_V), !map !171"   --->   Operation 23 'specbitsmap' <Predicate = true> <Delay = 0.00>
ST_1 : Operation 24 [1/1] (0.00ns)   --->   "call void (...)* @_ssdm_op_SpecBitsMap(i128* %lbus_1_data_V), !map !175"   --->   Operation 24 'specbitsmap' <Predicate = true> <Delay = 0.00>
ST_1 : Operation 25 [1/1] (0.00ns)   --->   "call void (...)* @_ssdm_op_SpecBitsMap(i128* %lbus_0_data_V), !map !179"   --->   Operation 25 'specbitsmap' <Predicate = true> <Delay = 0.00>
ST_1 : Operation 26 [1/1] (0.00ns)   --->   "call void (...)* @_ssdm_op_SpecBitsMap(i512 %s_axis_data_V), !map !183"   --->   Operation 26 'specbitsmap' <Predicate = true> <Delay = 0.00>
ST_1 : Operation 27 [1/1] (0.00ns)   --->   "call void (...)* @_ssdm_op_SpecBitsMap(i64 %s_axis_keep_V), !map !189"   --->   Operation 27 'specbitsmap' <Predicate = true> <Delay = 0.00>
ST_1 : Operation 28 [1/1] (0.00ns)   --->   "call void (...)* @_ssdm_op_SpecBitsMap(i1 %s_axis_last_V), !map !193"   --->   Operation 28 'specbitsmap' <Predicate = true> <Delay = 0.00>
ST_1 : Operation 29 [1/1] (0.00ns)   --->   "call void (...)* @_ssdm_op_SpecBitsMap(i1 %s_axis_valid_V), !map !197"   --->   Operation 29 'specbitsmap' <Predicate = true> <Delay = 0.00>
ST_1 : Operation 30 [1/1] (0.00ns)   --->   "call void (...)* @_ssdm_op_SpecBitsMap(i1 %lbus_ready_V), !map !201"   --->   Operation 30 'specbitsmap' <Predicate = true> <Delay = 0.00>
ST_1 : Operation 31 [1/1] (0.00ns)   --->   "call void (...)* @_ssdm_op_SpecBitsMap(i1* %axis_ready_V), !map !205"   --->   Operation 31 'specbitsmap' <Predicate = true> <Delay = 0.00>
ST_1 : Operation 32 [1/1] (0.00ns)   --->   "call void (...)* @_ssdm_op_SpecTopModule([10 x i8]* @axis2lbus_str) nounwind"   --->   Operation 32 'spectopmodule' <Predicate = true> <Delay = 0.00>
ST_1 : Operation 33 [1/1] (0.00ns)   --->   "%lbus_ready_V_read = call i1 @_ssdm_op_Read.ap_none.i1(i1 %lbus_ready_V)" [/home/kevinliu/Documents/gulf_stream/u250/GULF-Stream/src/axis2lbus/axis2lbus.cpp:34]   --->   Operation 33 'read' 'lbus_ready_V_read' <Predicate = true> <Delay = 0.00>
ST_1 : Operation 34 [1/1] (0.00ns)   --->   "%s_axis_valid_V_read = call i1 @_ssdm_op_Read.ap_none.i1(i1 %s_axis_valid_V)" [/home/kevinliu/Documents/gulf_stream/u250/GULF-Stream/src/axis2lbus/axis2lbus.cpp:34]   --->   Operation 34 'read' 's_axis_valid_V_read' <Predicate = true> <Delay = 0.00>
ST_1 : Operation 35 [1/1] (0.00ns)   --->   "%s_axis_last_V_read = call i1 @_ssdm_op_Read.ap_none.i1(i1 %s_axis_last_V)" [/home/kevinliu/Documents/gulf_stream/u250/GULF-Stream/src/axis2lbus/axis2lbus.cpp:34]   --->   Operation 35 'read' 's_axis_last_V_read' <Predicate = true> <Delay = 0.00>
ST_1 : Operation 36 [1/1] (0.00ns)   --->   "%s_axis_keep_V_read = call i64 @_ssdm_op_Read.ap_none.i64(i64 %s_axis_keep_V)" [/home/kevinliu/Documents/gulf_stream/u250/GULF-Stream/src/axis2lbus/axis2lbus.cpp:34]   --->   Operation 36 'read' 's_axis_keep_V_read' <Predicate = true> <Delay = 0.00>
ST_1 : Operation 37 [1/1] (0.00ns)   --->   "%s_axis_data_V_read = call i512 @_ssdm_op_Read.ap_none.i512(i512 %s_axis_data_V)" [/home/kevinliu/Documents/gulf_stream/u250/GULF-Stream/src/axis2lbus/axis2lbus.cpp:34]   --->   Operation 37 'read' 's_axis_data_V_read' <Predicate = true> <Delay = 0.00>
ST_1 : Operation 38 [1/1] (0.00ns)   --->   "call void (...)* @_ssdm_op_SpecInterface(i32 0, [13 x i8]* @p_str1, i32 0, i32 0, [1 x i8]* @p_str12, i32 0, i32 0, [1 x i8]* @p_str12, [1 x i8]* @p_str12, [1 x i8]* @p_str12, i32 0, i32 0, i32 0, i32 0, [1 x i8]* @p_str12, [1 x i8]* @p_str12) nounwind" [/home/kevinliu/Documents/gulf_stream/u250/GULF-Stream/src/axis2lbus/axis2lbus.cpp:38]   --->   Operation 38 'specinterface' <Predicate = true> <Delay = 0.00>
ST_1 : Operation 39 [1/1] (0.00ns)   --->   "call void (...)* @_ssdm_op_SpecInterface(i128* %lbus_0_data_V, i128* %lbus_1_data_V, i128* %lbus_2_data_V, i128* %lbus_3_data_V, i1* %lbus_0_ena_V, i1* %lbus_1_ena_V, i1* %lbus_2_ena_V, i1* %lbus_3_ena_V, i1* %lbus_0_sop_V, i1* %lbus_1_sop_V, i1* %lbus_2_sop_V, i1* %lbus_3_sop_V, i1* %lbus_0_eop_V, i1* %lbus_1_eop_V, i1* %lbus_2_eop_V, i1* %lbus_3_eop_V, i1* %lbus_0_err_V, i1* %lbus_1_err_V, i1* %lbus_2_err_V, i1* %lbus_3_err_V, i4* %lbus_0_mty_V, i4* %lbus_1_mty_V, i4* %lbus_2_mty_V, i4* %lbus_3_mty_V, [8 x i8]* @p_str3, i32 0, i32 0, [1 x i8]* @p_str12, i32 0, i32 0, [1 x i8]* @p_str12, [1 x i8]* @p_str12, [1 x i8]* @p_str12, i32 0, i32 0, i32 0, i32 0, [1 x i8]* @p_str12, [1 x i8]* @p_str12) nounwind" [/home/kevinliu/Documents/gulf_stream/u250/GULF-Stream/src/axis2lbus/axis2lbus.cpp:40]   --->   Operation 39 'specinterface' <Predicate = true> <Delay = 0.00>
ST_1 : Operation 40 [1/1] (0.00ns)   --->   "call void (...)* @_ssdm_op_SpecInterface(i512 %s_axis_data_V, i64 %s_axis_keep_V, i1 %s_axis_last_V, i1 %s_axis_valid_V, [8 x i8]* @p_str3, i32 0, i32 0, [1 x i8]* @p_str12, i32 0, i32 0, [1 x i8]* @p_str12, [1 x i8]* @p_str12, [1 x i8]* @p_str12, i32 0, i32 0, i32 0, i32 0, [1 x i8]* @p_str12, [1 x i8]* @p_str12) nounwind" [/home/kevinliu/Documents/gulf_stream/u250/GULF-Stream/src/axis2lbus/axis2lbus.cpp:41]   --->   Operation 40 'specinterface' <Predicate = true> <Delay = 0.00>
ST_1 : Operation 41 [1/1] (0.00ns)   --->   "call void (...)* @_ssdm_op_SpecInterface(i1 %lbus_ready_V, [8 x i8]* @p_str3, i32 0, i32 0, [1 x i8]* @p_str12, i32 0, i32 0, [1 x i8]* @p_str12, [1 x i8]* @p_str12, [1 x i8]* @p_str12, i32 0, i32 0, i32 0, i32 0, [1 x i8]* @p_str12, [1 x i8]* @p_str12) nounwind" [/home/kevinliu/Documents/gulf_stream/u250/GULF-Stream/src/axis2lbus/axis2lbus.cpp:42]   --->   Operation 41 'specinterface' <Predicate = true> <Delay = 0.00>
ST_1 : Operation 42 [1/1] (0.00ns)   --->   "call void (...)* @_ssdm_op_SpecInterface(i1* %axis_ready_V, [8 x i8]* @p_str3, i32 0, i32 0, [1 x i8]* @p_str12, i32 0, i32 0, [1 x i8]* @p_str12, [1 x i8]* @p_str12, [1 x i8]* @p_str12, i32 0, i32 0, i32 0, i32 0, [1 x i8]* @p_str12, [1 x i8]* @p_str12) nounwind" [/home/kevinliu/Documents/gulf_stream/u250/GULF-Stream/src/axis2lbus/axis2lbus.cpp:43]   --->   Operation 42 'specinterface' <Predicate = true> <Delay = 0.00>
ST_1 : Operation 43 [1/1] (0.00ns)   --->   "call void @_ssdm_op_Write.ap_none.i1P(i1* %axis_ready_V, i1 %lbus_ready_V_read)" [/home/kevinliu/Documents/gulf_stream/u250/GULF-Stream/src/axis2lbus/axis2lbus.cpp:47]   --->   Operation 43 'write' <Predicate = true> <Delay = 0.00>
ST_1 : Operation 44 [1/1] (0.00ns)   --->   "br i1 %lbus_ready_V_read, label %0, label %69" [/home/kevinliu/Documents/gulf_stream/u250/GULF-Stream/src/axis2lbus/axis2lbus.cpp:49]   --->   Operation 44 'br' <Predicate = true> <Delay = 0.00>
ST_1 : Operation 45 [1/1] (0.00ns)   --->   "call void @_ssdm_op_Write.ap_none.i128P(i128* %lbus_0_data_V, i128 0)" [/home/kevinliu/Documents/gulf_stream/u250/GULF-Stream/src/axis2lbus/axis2lbus.h:40->/home/kevinliu/Documents/gulf_stream/u250/GULF-Stream/src/axis2lbus/axis2lbus.cpp:80]   --->   Operation 45 'write' <Predicate = (!lbus_ready_V_read)> <Delay = 0.00>
ST_1 : Operation 46 [1/1] (0.00ns)   --->   "call void @_ssdm_op_Write.ap_none.i1P(i1* %lbus_0_ena_V, i1 false)" [/home/kevinliu/Documents/gulf_stream/u250/GULF-Stream/src/axis2lbus/axis2lbus.h:40->/home/kevinliu/Documents/gulf_stream/u250/GULF-Stream/src/axis2lbus/axis2lbus.cpp:80]   --->   Operation 46 'write' <Predicate = (!lbus_ready_V_read)> <Delay = 0.00>
ST_1 : Operation 47 [1/1] (0.00ns)   --->   "call void @_ssdm_op_Write.ap_none.i1P(i1* %lbus_0_sop_V, i1 false)" [/home/kevinliu/Documents/gulf_stream/u250/GULF-Stream/src/axis2lbus/axis2lbus.h:40->/home/kevinliu/Documents/gulf_stream/u250/GULF-Stream/src/axis2lbus/axis2lbus.cpp:80]   --->   Operation 47 'write' <Predicate = (!lbus_ready_V_read)> <Delay = 0.00>
ST_1 : Operation 48 [1/1] (0.00ns)   --->   "call void @_ssdm_op_Write.ap_none.i1P(i1* %lbus_0_eop_V, i1 false)" [/home/kevinliu/Documents/gulf_stream/u250/GULF-Stream/src/axis2lbus/axis2lbus.h:40->/home/kevinliu/Documents/gulf_stream/u250/GULF-Stream/src/axis2lbus/axis2lbus.cpp:80]   --->   Operation 48 'write' <Predicate = (!lbus_ready_V_read)> <Delay = 0.00>
ST_1 : Operation 49 [1/1] (0.00ns)   --->   "call void @_ssdm_op_Write.ap_none.i1P(i1* %lbus_0_err_V, i1 false)" [/home/kevinliu/Documents/gulf_stream/u250/GULF-Stream/src/axis2lbus/axis2lbus.h:40->/home/kevinliu/Documents/gulf_stream/u250/GULF-Stream/src/axis2lbus/axis2lbus.cpp:80]   --->   Operation 49 'write' <Predicate = (!lbus_ready_V_read)> <Delay = 0.00>
ST_1 : Operation 50 [1/1] (0.00ns)   --->   "call void @_ssdm_op_Write.ap_none.i4P(i4* %lbus_0_mty_V, i4 0)" [/home/kevinliu/Documents/gulf_stream/u250/GULF-Stream/src/axis2lbus/axis2lbus.h:40->/home/kevinliu/Documents/gulf_stream/u250/GULF-Stream/src/axis2lbus/axis2lbus.cpp:80]   --->   Operation 50 'write' <Predicate = (!lbus_ready_V_read)> <Delay = 0.00>
ST_1 : Operation 51 [1/1] (0.00ns)   --->   "call void @_ssdm_op_Write.ap_none.i128P(i128* %lbus_1_data_V, i128 0)" [/home/kevinliu/Documents/gulf_stream/u250/GULF-Stream/src/axis2lbus/axis2lbus.h:40->/home/kevinliu/Documents/gulf_stream/u250/GULF-Stream/src/axis2lbus/axis2lbus.cpp:81]   --->   Operation 51 'write' <Predicate = (!lbus_ready_V_read)> <Delay = 0.00>
ST_1 : Operation 52 [1/1] (0.00ns)   --->   "call void @_ssdm_op_Write.ap_none.i1P(i1* %lbus_1_ena_V, i1 false)" [/home/kevinliu/Documents/gulf_stream/u250/GULF-Stream/src/axis2lbus/axis2lbus.h:40->/home/kevinliu/Documents/gulf_stream/u250/GULF-Stream/src/axis2lbus/axis2lbus.cpp:81]   --->   Operation 52 'write' <Predicate = (!lbus_ready_V_read)> <Delay = 0.00>
ST_1 : Operation 53 [1/1] (0.00ns)   --->   "call void @_ssdm_op_Write.ap_none.i1P(i1* %lbus_1_sop_V, i1 false)" [/home/kevinliu/Documents/gulf_stream/u250/GULF-Stream/src/axis2lbus/axis2lbus.h:40->/home/kevinliu/Documents/gulf_stream/u250/GULF-Stream/src/axis2lbus/axis2lbus.cpp:81]   --->   Operation 53 'write' <Predicate = (!lbus_ready_V_read)> <Delay = 0.00>
ST_1 : Operation 54 [1/1] (0.00ns)   --->   "call void @_ssdm_op_Write.ap_none.i1P(i1* %lbus_1_eop_V, i1 false)" [/home/kevinliu/Documents/gulf_stream/u250/GULF-Stream/src/axis2lbus/axis2lbus.h:40->/home/kevinliu/Documents/gulf_stream/u250/GULF-Stream/src/axis2lbus/axis2lbus.cpp:81]   --->   Operation 54 'write' <Predicate = (!lbus_ready_V_read)> <Delay = 0.00>
ST_1 : Operation 55 [1/1] (0.00ns)   --->   "call void @_ssdm_op_Write.ap_none.i1P(i1* %lbus_1_err_V, i1 false)" [/home/kevinliu/Documents/gulf_stream/u250/GULF-Stream/src/axis2lbus/axis2lbus.h:40->/home/kevinliu/Documents/gulf_stream/u250/GULF-Stream/src/axis2lbus/axis2lbus.cpp:81]   --->   Operation 55 'write' <Predicate = (!lbus_ready_V_read)> <Delay = 0.00>
ST_1 : Operation 56 [1/1] (0.00ns)   --->   "call void @_ssdm_op_Write.ap_none.i4P(i4* %lbus_1_mty_V, i4 0)" [/home/kevinliu/Documents/gulf_stream/u250/GULF-Stream/src/axis2lbus/axis2lbus.h:40->/home/kevinliu/Documents/gulf_stream/u250/GULF-Stream/src/axis2lbus/axis2lbus.cpp:81]   --->   Operation 56 'write' <Predicate = (!lbus_ready_V_read)> <Delay = 0.00>
ST_1 : Operation 57 [1/1] (0.00ns)   --->   "call void @_ssdm_op_Write.ap_none.i128P(i128* %lbus_2_data_V, i128 0)" [/home/kevinliu/Documents/gulf_stream/u250/GULF-Stream/src/axis2lbus/axis2lbus.h:40->/home/kevinliu/Documents/gulf_stream/u250/GULF-Stream/src/axis2lbus/axis2lbus.cpp:82]   --->   Operation 57 'write' <Predicate = (!lbus_ready_V_read)> <Delay = 0.00>
ST_1 : Operation 58 [1/1] (0.00ns)   --->   "call void @_ssdm_op_Write.ap_none.i1P(i1* %lbus_2_ena_V, i1 false)" [/home/kevinliu/Documents/gulf_stream/u250/GULF-Stream/src/axis2lbus/axis2lbus.h:40->/home/kevinliu/Documents/gulf_stream/u250/GULF-Stream/src/axis2lbus/axis2lbus.cpp:82]   --->   Operation 58 'write' <Predicate = (!lbus_ready_V_read)> <Delay = 0.00>
ST_1 : Operation 59 [1/1] (0.00ns)   --->   "call void @_ssdm_op_Write.ap_none.i1P(i1* %lbus_2_sop_V, i1 false)" [/home/kevinliu/Documents/gulf_stream/u250/GULF-Stream/src/axis2lbus/axis2lbus.h:40->/home/kevinliu/Documents/gulf_stream/u250/GULF-Stream/src/axis2lbus/axis2lbus.cpp:82]   --->   Operation 59 'write' <Predicate = (!lbus_ready_V_read)> <Delay = 0.00>
ST_1 : Operation 60 [1/1] (0.00ns)   --->   "call void @_ssdm_op_Write.ap_none.i1P(i1* %lbus_2_eop_V, i1 false)" [/home/kevinliu/Documents/gulf_stream/u250/GULF-Stream/src/axis2lbus/axis2lbus.h:40->/home/kevinliu/Documents/gulf_stream/u250/GULF-Stream/src/axis2lbus/axis2lbus.cpp:82]   --->   Operation 60 'write' <Predicate = (!lbus_ready_V_read)> <Delay = 0.00>
ST_1 : Operation 61 [1/1] (0.00ns)   --->   "call void @_ssdm_op_Write.ap_none.i1P(i1* %lbus_2_err_V, i1 false)" [/home/kevinliu/Documents/gulf_stream/u250/GULF-Stream/src/axis2lbus/axis2lbus.h:40->/home/kevinliu/Documents/gulf_stream/u250/GULF-Stream/src/axis2lbus/axis2lbus.cpp:82]   --->   Operation 61 'write' <Predicate = (!lbus_ready_V_read)> <Delay = 0.00>
ST_1 : Operation 62 [1/1] (0.00ns)   --->   "call void @_ssdm_op_Write.ap_none.i4P(i4* %lbus_2_mty_V, i4 0)" [/home/kevinliu/Documents/gulf_stream/u250/GULF-Stream/src/axis2lbus/axis2lbus.h:40->/home/kevinliu/Documents/gulf_stream/u250/GULF-Stream/src/axis2lbus/axis2lbus.cpp:82]   --->   Operation 62 'write' <Predicate = (!lbus_ready_V_read)> <Delay = 0.00>
ST_1 : Operation 63 [1/1] (0.00ns)   --->   "call void @_ssdm_op_Write.ap_none.i128P(i128* %lbus_3_data_V, i128 0)" [/home/kevinliu/Documents/gulf_stream/u250/GULF-Stream/src/axis2lbus/axis2lbus.h:40->/home/kevinliu/Documents/gulf_stream/u250/GULF-Stream/src/axis2lbus/axis2lbus.cpp:83]   --->   Operation 63 'write' <Predicate = (!lbus_ready_V_read)> <Delay = 0.00>
ST_1 : Operation 64 [1/1] (0.00ns)   --->   "call void @_ssdm_op_Write.ap_none.i1P(i1* %lbus_3_ena_V, i1 false)" [/home/kevinliu/Documents/gulf_stream/u250/GULF-Stream/src/axis2lbus/axis2lbus.h:40->/home/kevinliu/Documents/gulf_stream/u250/GULF-Stream/src/axis2lbus/axis2lbus.cpp:83]   --->   Operation 64 'write' <Predicate = (!lbus_ready_V_read)> <Delay = 0.00>
ST_1 : Operation 65 [1/1] (0.00ns)   --->   "call void @_ssdm_op_Write.ap_none.i1P(i1* %lbus_3_sop_V, i1 false)" [/home/kevinliu/Documents/gulf_stream/u250/GULF-Stream/src/axis2lbus/axis2lbus.h:40->/home/kevinliu/Documents/gulf_stream/u250/GULF-Stream/src/axis2lbus/axis2lbus.cpp:83]   --->   Operation 65 'write' <Predicate = (!lbus_ready_V_read)> <Delay = 0.00>
ST_1 : Operation 66 [1/1] (0.00ns)   --->   "call void @_ssdm_op_Write.ap_none.i1P(i1* %lbus_3_eop_V, i1 false)" [/home/kevinliu/Documents/gulf_stream/u250/GULF-Stream/src/axis2lbus/axis2lbus.h:40->/home/kevinliu/Documents/gulf_stream/u250/GULF-Stream/src/axis2lbus/axis2lbus.cpp:83]   --->   Operation 66 'write' <Predicate = (!lbus_ready_V_read)> <Delay = 0.00>
ST_1 : Operation 67 [1/1] (0.00ns)   --->   "call void @_ssdm_op_Write.ap_none.i1P(i1* %lbus_3_err_V, i1 false)" [/home/kevinliu/Documents/gulf_stream/u250/GULF-Stream/src/axis2lbus/axis2lbus.h:40->/home/kevinliu/Documents/gulf_stream/u250/GULF-Stream/src/axis2lbus/axis2lbus.cpp:83]   --->   Operation 67 'write' <Predicate = (!lbus_ready_V_read)> <Delay = 0.00>
ST_1 : Operation 68 [1/1] (0.00ns)   --->   "call void @_ssdm_op_Write.ap_none.i4P(i4* %lbus_3_mty_V, i4 0)" [/home/kevinliu/Documents/gulf_stream/u250/GULF-Stream/src/axis2lbus/axis2lbus.h:40->/home/kevinliu/Documents/gulf_stream/u250/GULF-Stream/src/axis2lbus/axis2lbus.cpp:83]   --->   Operation 68 'write' <Predicate = (!lbus_ready_V_read)> <Delay = 0.00>
ST_1 : Operation 69 [1/1] (0.00ns)   --->   "br label %70"   --->   Operation 69 'br' <Predicate = (!lbus_ready_V_read)> <Delay = 0.00>
ST_1 : Operation 70 [1/1] (0.00ns)   --->   "%p_Result_s = call i128 @_ssdm_op_PartSelect.i128.i512.i32.i32(i512 %s_axis_data_V_read, i32 384, i32 511)" [/home/kevinliu/Documents/gulf_stream/u250/GULF-Stream/src/axis2lbus/axis2lbus.cpp:50]   --->   Operation 70 'partselect' 'p_Result_s' <Predicate = (lbus_ready_V_read)> <Delay = 0.00>
ST_1 : Operation 71 [1/1] (0.00ns)   --->   "call void @_ssdm_op_Write.ap_none.i128P(i128* %lbus_0_data_V, i128 %p_Result_s)" [/home/kevinliu/Documents/gulf_stream/u250/GULF-Stream/src/axis2lbus/axis2lbus.cpp:50]   --->   Operation 71 'write' <Predicate = (lbus_ready_V_read)> <Delay = 0.00>
ST_1 : Operation 72 [1/1] (0.00ns)   --->   "%p_Result_1 = call i128 @_ssdm_op_PartSelect.i128.i512.i32.i32(i512 %s_axis_data_V_read, i32 256, i32 383)" [/home/kevinliu/Documents/gulf_stream/u250/GULF-Stream/src/axis2lbus/axis2lbus.cpp:51]   --->   Operation 72 'partselect' 'p_Result_1' <Predicate = (lbus_ready_V_read)> <Delay = 0.00>
ST_1 : Operation 73 [1/1] (0.00ns)   --->   "call void @_ssdm_op_Write.ap_none.i128P(i128* %lbus_1_data_V, i128 %p_Result_1)" [/home/kevinliu/Documents/gulf_stream/u250/GULF-Stream/src/axis2lbus/axis2lbus.cpp:51]   --->   Operation 73 'write' <Predicate = (lbus_ready_V_read)> <Delay = 0.00>
ST_1 : Operation 74 [1/1] (0.00ns)   --->   "%p_Result_2 = call i128 @_ssdm_op_PartSelect.i128.i512.i32.i32(i512 %s_axis_data_V_read, i32 128, i32 255)" [/home/kevinliu/Documents/gulf_stream/u250/GULF-Stream/src/axis2lbus/axis2lbus.cpp:52]   --->   Operation 74 'partselect' 'p_Result_2' <Predicate = (lbus_ready_V_read)> <Delay = 0.00>
ST_1 : Operation 75 [1/1] (0.00ns)   --->   "call void @_ssdm_op_Write.ap_none.i128P(i128* %lbus_2_data_V, i128 %p_Result_2)" [/home/kevinliu/Documents/gulf_stream/u250/GULF-Stream/src/axis2lbus/axis2lbus.cpp:52]   --->   Operation 75 'write' <Predicate = (lbus_ready_V_read)> <Delay = 0.00>
ST_1 : Operation 76 [1/1] (0.00ns)   --->   "%trunc_ln647 = trunc i512 %s_axis_data_V_read to i128" [/home/kevinliu/Documents/gulf_stream/u250/GULF-Stream/src/axis2lbus/axis2lbus.cpp:53]   --->   Operation 76 'trunc' 'trunc_ln647' <Predicate = (lbus_ready_V_read)> <Delay = 0.00>
ST_1 : Operation 77 [1/1] (0.00ns)   --->   "call void @_ssdm_op_Write.ap_none.i128P(i128* %lbus_3_data_V, i128 %trunc_ln647)" [/home/kevinliu/Documents/gulf_stream/u250/GULF-Stream/src/axis2lbus/axis2lbus.cpp:53]   --->   Operation 77 'write' <Predicate = (lbus_ready_V_read)> <Delay = 0.00>
ST_1 : Operation 78 [1/1] (0.00ns)   --->   "call void @_ssdm_op_Write.ap_none.i1P(i1* %lbus_0_ena_V, i1 %s_axis_valid_V_read)" [/home/kevinliu/Documents/gulf_stream/u250/GULF-Stream/src/axis2lbus/axis2lbus.cpp:54]   --->   Operation 78 'write' <Predicate = (lbus_ready_V_read)> <Delay = 0.00>
ST_1 : Operation 79 [1/1] (0.00ns)   --->   "%tmp = call i1 @_ssdm_op_BitSelect.i1.i64.i32(i64 %s_axis_keep_V_read, i32 47)" [/home/kevinliu/Documents/gulf_stream/u250/GULF-Stream/src/axis2lbus/axis2lbus.cpp:55]   --->   Operation 79 'bitselect' 'tmp' <Predicate = (lbus_ready_V_read)> <Delay = 0.00>
ST_1 : Operation 80 [1/1] (0.12ns)   --->   "%ret_V_1 = and i1 %tmp, %s_axis_valid_V_read" [/home/kevinliu/Documents/gulf_stream/u250/GULF-Stream/src/axis2lbus/axis2lbus.cpp:55]   --->   Operation 80 'and' 'ret_V_1' <Predicate = (lbus_ready_V_read)> <Delay = 0.12> <Core = "LogicGate">   --->   Core 27 'LogicGate' <Latency = 0> <II = 1> <Delay = 0.12> <FuncUnit> <Opcode : 'and' 'or' 'xor'> <InPorts = 2> <OutPorts = 1>
ST_1 : Operation 81 [1/1] (0.00ns)   --->   "call void @_ssdm_op_Write.ap_none.i1P(i1* %lbus_1_ena_V, i1 %ret_V_1)" [/home/kevinliu/Documents/gulf_stream/u250/GULF-Stream/src/axis2lbus/axis2lbus.cpp:55]   --->   Operation 81 'write' <Predicate = (lbus_ready_V_read)> <Delay = 0.00>
ST_1 : Operation 82 [1/1] (0.00ns)   --->   "%tmp_1 = call i1 @_ssdm_op_BitSelect.i1.i64.i32(i64 %s_axis_keep_V_read, i32 31)" [/home/kevinliu/Documents/gulf_stream/u250/GULF-Stream/src/axis2lbus/axis2lbus.cpp:56]   --->   Operation 82 'bitselect' 'tmp_1' <Predicate = (lbus_ready_V_read)> <Delay = 0.00>
ST_1 : Operation 83 [1/1] (0.12ns)   --->   "%ret_V_2 = and i1 %tmp_1, %s_axis_valid_V_read" [/home/kevinliu/Documents/gulf_stream/u250/GULF-Stream/src/axis2lbus/axis2lbus.cpp:56]   --->   Operation 83 'and' 'ret_V_2' <Predicate = (lbus_ready_V_read)> <Delay = 0.12> <Core = "LogicGate">   --->   Core 27 'LogicGate' <Latency = 0> <II = 1> <Delay = 0.12> <FuncUnit> <Opcode : 'and' 'or' 'xor'> <InPorts = 2> <OutPorts = 1>
ST_1 : Operation 84 [1/1] (0.00ns)   --->   "call void @_ssdm_op_Write.ap_none.i1P(i1* %lbus_2_ena_V, i1 %ret_V_2)" [/home/kevinliu/Documents/gulf_stream/u250/GULF-Stream/src/axis2lbus/axis2lbus.cpp:56]   --->   Operation 84 'write' <Predicate = (lbus_ready_V_read)> <Delay = 0.00>
ST_1 : Operation 85 [1/1] (0.00ns)   --->   "%tmp_2 = call i1 @_ssdm_op_BitSelect.i1.i64.i32(i64 %s_axis_keep_V_read, i32 15)" [/home/kevinliu/Documents/gulf_stream/u250/GULF-Stream/src/axis2lbus/axis2lbus.cpp:57]   --->   Operation 85 'bitselect' 'tmp_2' <Predicate = (lbus_ready_V_read)> <Delay = 0.00>
ST_1 : Operation 86 [1/1] (0.12ns)   --->   "%ret_V_3 = and i1 %tmp_2, %s_axis_valid_V_read" [/home/kevinliu/Documents/gulf_stream/u250/GULF-Stream/src/axis2lbus/axis2lbus.cpp:57]   --->   Operation 86 'and' 'ret_V_3' <Predicate = (lbus_ready_V_read)> <Delay = 0.12> <Core = "LogicGate">   --->   Core 27 'LogicGate' <Latency = 0> <II = 1> <Delay = 0.12> <FuncUnit> <Opcode : 'and' 'or' 'xor'> <InPorts = 2> <OutPorts = 1>
ST_1 : Operation 87 [1/1] (0.00ns)   --->   "call void @_ssdm_op_Write.ap_none.i1P(i1* %lbus_3_ena_V, i1 %ret_V_3)" [/home/kevinliu/Documents/gulf_stream/u250/GULF-Stream/src/axis2lbus/axis2lbus.cpp:57]   --->   Operation 87 'write' <Predicate = (lbus_ready_V_read)> <Delay = 0.00>
ST_1 : Operation 88 [1/1] (0.00ns)   --->   "%IN_PACKET_V_load = load i1* @IN_PACKET_V, align 1" [/home/kevinliu/Documents/gulf_stream/u250/GULF-Stream/src/axis2lbus/axis2lbus.cpp:58]   --->   Operation 88 'load' 'IN_PACKET_V_load' <Predicate = (lbus_ready_V_read)> <Delay = 0.00>
ST_1 : Operation 89 [1/1] (0.00ns) (grouped into LUT with out node ret_V_4)   --->   "%rhs_V = xor i1 %IN_PACKET_V_load, true" [/home/kevinliu/Documents/gulf_stream/u250/GULF-Stream/src/axis2lbus/axis2lbus.cpp:58]   --->   Operation 89 'xor' 'rhs_V' <Predicate = (lbus_ready_V_read)> <Delay = 0.00> <Core = "LogicGate">   --->   Core 27 'LogicGate' <Latency = 0> <II = 1> <Delay = 0.12> <FuncUnit> <Opcode : 'and' 'or' 'xor'> <InPorts = 2> <OutPorts = 1>
ST_1 : Operation 90 [1/1] (0.12ns) (out node of the LUT)   --->   "%ret_V_4 = and i1 %s_axis_valid_V_read, %rhs_V" [/home/kevinliu/Documents/gulf_stream/u250/GULF-Stream/src/axis2lbus/axis2lbus.cpp:58]   --->   Operation 90 'and' 'ret_V_4' <Predicate = (lbus_ready_V_read)> <Delay = 0.12> <Core = "LogicGate">   --->   Core 27 'LogicGate' <Latency = 0> <II = 1> <Delay = 0.12> <FuncUnit> <Opcode : 'and' 'or' 'xor'> <InPorts = 2> <OutPorts = 1>
ST_1 : Operation 91 [1/1] (0.00ns)   --->   "call void @_ssdm_op_Write.ap_none.i1P(i1* %lbus_0_sop_V, i1 %ret_V_4)" [/home/kevinliu/Documents/gulf_stream/u250/GULF-Stream/src/axis2lbus/axis2lbus.cpp:58]   --->   Operation 91 'write' <Predicate = (lbus_ready_V_read)> <Delay = 0.00>
ST_1 : Operation 92 [1/1] (0.00ns)   --->   "call void @_ssdm_op_Write.ap_none.i1P(i1* %lbus_1_sop_V, i1 false)" [/home/kevinliu/Documents/gulf_stream/u250/GULF-Stream/src/axis2lbus/axis2lbus.cpp:59]   --->   Operation 92 'write' <Predicate = (lbus_ready_V_read)> <Delay = 0.00>
ST_1 : Operation 93 [1/1] (0.00ns)   --->   "call void @_ssdm_op_Write.ap_none.i1P(i1* %lbus_2_sop_V, i1 false)" [/home/kevinliu/Documents/gulf_stream/u250/GULF-Stream/src/axis2lbus/axis2lbus.cpp:60]   --->   Operation 93 'write' <Predicate = (lbus_ready_V_read)> <Delay = 0.00>
ST_1 : Operation 94 [1/1] (0.00ns)   --->   "call void @_ssdm_op_Write.ap_none.i1P(i1* %lbus_3_sop_V, i1 false)" [/home/kevinliu/Documents/gulf_stream/u250/GULF-Stream/src/axis2lbus/axis2lbus.cpp:61]   --->   Operation 94 'write' <Predicate = (lbus_ready_V_read)> <Delay = 0.00>
ST_1 : Operation 95 [1/1] (0.12ns)   --->   "%ret_V_10 = and i1 %s_axis_valid_V_read, %s_axis_last_V_read" [/home/kevinliu/Documents/gulf_stream/u250/GULF-Stream/src/axis2lbus/axis2lbus.cpp:62]   --->   Operation 95 'and' 'ret_V_10' <Predicate = (lbus_ready_V_read)> <Delay = 0.12> <Core = "LogicGate">   --->   Core 27 'LogicGate' <Latency = 0> <II = 1> <Delay = 0.12> <FuncUnit> <Opcode : 'and' 'or' 'xor'> <InPorts = 2> <OutPorts = 1>
ST_1 : Operation 96 [1/1] (0.00ns) (grouped into LUT with out node ret_V)   --->   "%xor_ln1355 = xor i1 %tmp, true" [/home/kevinliu/Documents/gulf_stream/u250/GULF-Stream/src/axis2lbus/axis2lbus.cpp:62]   --->   Operation 96 'xor' 'xor_ln1355' <Predicate = (lbus_ready_V_read)> <Delay = 0.00> <Core = "LogicGate">   --->   Core 27 'LogicGate' <Latency = 0> <II = 1> <Delay = 0.12> <FuncUnit> <Opcode : 'and' 'or' 'xor'> <InPorts = 2> <OutPorts = 1>
ST_1 : Operation 97 [1/1] (0.12ns) (out node of the LUT)   --->   "%ret_V = and i1 %ret_V_10, %xor_ln1355" [/home/kevinliu/Documents/gulf_stream/u250/GULF-Stream/src/axis2lbus/axis2lbus.cpp:62]   --->   Operation 97 'and' 'ret_V' <Predicate = (lbus_ready_V_read)> <Delay = 0.12> <Core = "LogicGate">   --->   Core 27 'LogicGate' <Latency = 0> <II = 1> <Delay = 0.12> <FuncUnit> <Opcode : 'and' 'or' 'xor'> <InPorts = 2> <OutPorts = 1>
ST_1 : Operation 98 [1/1] (0.00ns)   --->   "call void @_ssdm_op_Write.ap_none.i1P(i1* %lbus_0_eop_V, i1 %ret_V)" [/home/kevinliu/Documents/gulf_stream/u250/GULF-Stream/src/axis2lbus/axis2lbus.cpp:62]   --->   Operation 98 'write' <Predicate = (lbus_ready_V_read)> <Delay = 0.00>
ST_1 : Operation 99 [1/1] (0.00ns) (grouped into LUT with out node ret_V_6)   --->   "%xor_ln1355_1 = xor i1 %tmp_1, true" [/home/kevinliu/Documents/gulf_stream/u250/GULF-Stream/src/axis2lbus/axis2lbus.cpp:63]   --->   Operation 99 'xor' 'xor_ln1355_1' <Predicate = (lbus_ready_V_read)> <Delay = 0.00> <Core = "LogicGate">   --->   Core 27 'LogicGate' <Latency = 0> <II = 1> <Delay = 0.12> <FuncUnit> <Opcode : 'and' 'or' 'xor'> <InPorts = 2> <OutPorts = 1>
ST_1 : Operation 100 [1/1] (0.00ns) (grouped into LUT with out node ret_V_6)   --->   "%and_ln1355 = and i1 %tmp, %xor_ln1355_1" [/home/kevinliu/Documents/gulf_stream/u250/GULF-Stream/src/axis2lbus/axis2lbus.cpp:63]   --->   Operation 100 'and' 'and_ln1355' <Predicate = (lbus_ready_V_read)> <Delay = 0.00> <Core = "LogicGate">   --->   Core 27 'LogicGate' <Latency = 0> <II = 1> <Delay = 0.12> <FuncUnit> <Opcode : 'and' 'or' 'xor'> <InPorts = 2> <OutPorts = 1>
ST_1 : Operation 101 [1/1] (0.12ns) (out node of the LUT)   --->   "%ret_V_6 = and i1 %and_ln1355, %ret_V_10" [/home/kevinliu/Documents/gulf_stream/u250/GULF-Stream/src/axis2lbus/axis2lbus.cpp:63]   --->   Operation 101 'and' 'ret_V_6' <Predicate = (lbus_ready_V_read)> <Delay = 0.12> <Core = "LogicGate">   --->   Core 27 'LogicGate' <Latency = 0> <II = 1> <Delay = 0.12> <FuncUnit> <Opcode : 'and' 'or' 'xor'> <InPorts = 2> <OutPorts = 1>
ST_1 : Operation 102 [1/1] (0.00ns)   --->   "call void @_ssdm_op_Write.ap_none.i1P(i1* %lbus_1_eop_V, i1 %ret_V_6)" [/home/kevinliu/Documents/gulf_stream/u250/GULF-Stream/src/axis2lbus/axis2lbus.cpp:63]   --->   Operation 102 'write' <Predicate = (lbus_ready_V_read)> <Delay = 0.00>
ST_1 : Operation 103 [1/1] (0.00ns) (grouped into LUT with out node ret_V_7)   --->   "%xor_ln1355_2 = xor i1 %tmp_2, true" [/home/kevinliu/Documents/gulf_stream/u250/GULF-Stream/src/axis2lbus/axis2lbus.cpp:64]   --->   Operation 103 'xor' 'xor_ln1355_2' <Predicate = (lbus_ready_V_read)> <Delay = 0.00> <Core = "LogicGate">   --->   Core 27 'LogicGate' <Latency = 0> <II = 1> <Delay = 0.12> <FuncUnit> <Opcode : 'and' 'or' 'xor'> <InPorts = 2> <OutPorts = 1>
ST_1 : Operation 104 [1/1] (0.00ns) (grouped into LUT with out node ret_V_7)   --->   "%and_ln1355_2 = and i1 %tmp_1, %xor_ln1355_2" [/home/kevinliu/Documents/gulf_stream/u250/GULF-Stream/src/axis2lbus/axis2lbus.cpp:64]   --->   Operation 104 'and' 'and_ln1355_2' <Predicate = (lbus_ready_V_read)> <Delay = 0.00> <Core = "LogicGate">   --->   Core 27 'LogicGate' <Latency = 0> <II = 1> <Delay = 0.12> <FuncUnit> <Opcode : 'and' 'or' 'xor'> <InPorts = 2> <OutPorts = 1>
ST_1 : Operation 105 [1/1] (0.12ns) (out node of the LUT)   --->   "%ret_V_7 = and i1 %and_ln1355_2, %ret_V_10" [/home/kevinliu/Documents/gulf_stream/u250/GULF-Stream/src/axis2lbus/axis2lbus.cpp:64]   --->   Operation 105 'and' 'ret_V_7' <Predicate = (lbus_ready_V_read)> <Delay = 0.12> <Core = "LogicGate">   --->   Core 27 'LogicGate' <Latency = 0> <II = 1> <Delay = 0.12> <FuncUnit> <Opcode : 'and' 'or' 'xor'> <InPorts = 2> <OutPorts = 1>
ST_1 : Operation 106 [1/1] (0.00ns)   --->   "call void @_ssdm_op_Write.ap_none.i1P(i1* %lbus_2_eop_V, i1 %ret_V_7)" [/home/kevinliu/Documents/gulf_stream/u250/GULF-Stream/src/axis2lbus/axis2lbus.cpp:64]   --->   Operation 106 'write' <Predicate = (lbus_ready_V_read)> <Delay = 0.00>
ST_1 : Operation 107 [1/1] (0.12ns)   --->   "%ret_V_8 = and i1 %ret_V_10, %tmp_2" [/home/kevinliu/Documents/gulf_stream/u250/GULF-Stream/src/axis2lbus/axis2lbus.cpp:65]   --->   Operation 107 'and' 'ret_V_8' <Predicate = (lbus_ready_V_read)> <Delay = 0.12> <Core = "LogicGate">   --->   Core 27 'LogicGate' <Latency = 0> <II = 1> <Delay = 0.12> <FuncUnit> <Opcode : 'and' 'or' 'xor'> <InPorts = 2> <OutPorts = 1>
ST_1 : Operation 108 [1/1] (0.00ns)   --->   "call void @_ssdm_op_Write.ap_none.i1P(i1* %lbus_3_eop_V, i1 %ret_V_8)" [/home/kevinliu/Documents/gulf_stream/u250/GULF-Stream/src/axis2lbus/axis2lbus.cpp:65]   --->   Operation 108 'write' <Predicate = (lbus_ready_V_read)> <Delay = 0.00>
ST_1 : Operation 109 [1/1] (0.00ns)   --->   "call void @_ssdm_op_Write.ap_none.i1P(i1* %lbus_0_err_V, i1 false)" [/home/kevinliu/Documents/gulf_stream/u250/GULF-Stream/src/axis2lbus/axis2lbus.cpp:66]   --->   Operation 109 'write' <Predicate = (lbus_ready_V_read)> <Delay = 0.00>
ST_1 : Operation 110 [1/1] (0.00ns)   --->   "call void @_ssdm_op_Write.ap_none.i1P(i1* %lbus_1_err_V, i1 false)" [/home/kevinliu/Documents/gulf_stream/u250/GULF-Stream/src/axis2lbus/axis2lbus.cpp:67]   --->   Operation 110 'write' <Predicate = (lbus_ready_V_read)> <Delay = 0.00>
ST_1 : Operation 111 [1/1] (0.00ns)   --->   "call void @_ssdm_op_Write.ap_none.i1P(i1* %lbus_2_err_V, i1 false)" [/home/kevinliu/Documents/gulf_stream/u250/GULF-Stream/src/axis2lbus/axis2lbus.cpp:68]   --->   Operation 111 'write' <Predicate = (lbus_ready_V_read)> <Delay = 0.00>
ST_1 : Operation 112 [1/1] (0.00ns)   --->   "call void @_ssdm_op_Write.ap_none.i1P(i1* %lbus_3_err_V, i1 false)" [/home/kevinliu/Documents/gulf_stream/u250/GULF-Stream/src/axis2lbus/axis2lbus.cpp:69]   --->   Operation 112 'write' <Predicate = (lbus_ready_V_read)> <Delay = 0.00>
ST_1 : Operation 113 [1/1] (0.00ns)   --->   "%p_Result_4 = call i16 @_ssdm_op_PartSelect.i16.i64.i32.i32(i64 %s_axis_keep_V_read, i32 48, i32 63)" [/home/kevinliu/Documents/gulf_stream/u250/GULF-Stream/src/axis2lbus/axis2lbus.cpp:70]   --->   Operation 113 'partselect' 'p_Result_4' <Predicate = (lbus_ready_V_read)> <Delay = 0.00>
ST_1 : Operation 114 [1/1] (0.61ns)   --->   "switch i16 %p_Result_4, label %keep2mty.exit834 [
    i16 -1, label %1
    i16 -2, label %2
    i16 -4, label %3
    i16 -8, label %4
    i16 -16, label %5
    i16 -32, label %6
    i16 -64, label %7
    i16 -128, label %8
    i16 -256, label %9
    i16 -512, label %10
    i16 -1024, label %11
    i16 -2048, label %12
    i16 -4096, label %13
    i16 -8192, label %14
    i16 -16384, label %15
    i16 -32768, label %16
  ]" [/home/kevinliu/Documents/gulf_stream/u250/GULF-Stream/src/axis2lbus/util.cpp:36->/home/kevinliu/Documents/gulf_stream/u250/GULF-Stream/src/axis2lbus/axis2lbus.cpp:70]   --->   Operation 114 'switch' <Predicate = (lbus_ready_V_read)> <Delay = 0.61>
ST_1 : Operation 115 [1/1] (0.00ns)   --->   "call void @_ssdm_op_Write.ap_none.i4P(i4* %lbus_0_mty_V, i4 -1)" [/home/kevinliu/Documents/gulf_stream/u250/GULF-Stream/src/axis2lbus/util.cpp:83->/home/kevinliu/Documents/gulf_stream/u250/GULF-Stream/src/axis2lbus/axis2lbus.cpp:70]   --->   Operation 115 'write' <Predicate = (lbus_ready_V_read & p_Result_4 == 32768)> <Delay = 0.00>
ST_1 : Operation 116 [1/1] (0.00ns)   --->   "br label %keep2mty.exit834" [/home/kevinliu/Documents/gulf_stream/u250/GULF-Stream/src/axis2lbus/util.cpp:84->/home/kevinliu/Documents/gulf_stream/u250/GULF-Stream/src/axis2lbus/axis2lbus.cpp:70]   --->   Operation 116 'br' <Predicate = (lbus_ready_V_read & p_Result_4 == 32768)> <Delay = 0.00>
ST_1 : Operation 117 [1/1] (0.00ns)   --->   "call void @_ssdm_op_Write.ap_none.i4P(i4* %lbus_0_mty_V, i4 -2)" [/home/kevinliu/Documents/gulf_stream/u250/GULF-Stream/src/axis2lbus/util.cpp:80->/home/kevinliu/Documents/gulf_stream/u250/GULF-Stream/src/axis2lbus/axis2lbus.cpp:70]   --->   Operation 117 'write' <Predicate = (lbus_ready_V_read & p_Result_4 == 49152)> <Delay = 0.00>
ST_1 : Operation 118 [1/1] (0.00ns)   --->   "br label %keep2mty.exit834" [/home/kevinliu/Documents/gulf_stream/u250/GULF-Stream/src/axis2lbus/util.cpp:81->/home/kevinliu/Documents/gulf_stream/u250/GULF-Stream/src/axis2lbus/axis2lbus.cpp:70]   --->   Operation 118 'br' <Predicate = (lbus_ready_V_read & p_Result_4 == 49152)> <Delay = 0.00>
ST_1 : Operation 119 [1/1] (0.00ns)   --->   "call void @_ssdm_op_Write.ap_none.i4P(i4* %lbus_0_mty_V, i4 -3)" [/home/kevinliu/Documents/gulf_stream/u250/GULF-Stream/src/axis2lbus/util.cpp:77->/home/kevinliu/Documents/gulf_stream/u250/GULF-Stream/src/axis2lbus/axis2lbus.cpp:70]   --->   Operation 119 'write' <Predicate = (lbus_ready_V_read & p_Result_4 == 57344)> <Delay = 0.00>
ST_1 : Operation 120 [1/1] (0.00ns)   --->   "br label %keep2mty.exit834" [/home/kevinliu/Documents/gulf_stream/u250/GULF-Stream/src/axis2lbus/util.cpp:78->/home/kevinliu/Documents/gulf_stream/u250/GULF-Stream/src/axis2lbus/axis2lbus.cpp:70]   --->   Operation 120 'br' <Predicate = (lbus_ready_V_read & p_Result_4 == 57344)> <Delay = 0.00>
ST_1 : Operation 121 [1/1] (0.00ns)   --->   "call void @_ssdm_op_Write.ap_none.i4P(i4* %lbus_0_mty_V, i4 -4)" [/home/kevinliu/Documents/gulf_stream/u250/GULF-Stream/src/axis2lbus/util.cpp:74->/home/kevinliu/Documents/gulf_stream/u250/GULF-Stream/src/axis2lbus/axis2lbus.cpp:70]   --->   Operation 121 'write' <Predicate = (lbus_ready_V_read & p_Result_4 == 61440)> <Delay = 0.00>
ST_1 : Operation 122 [1/1] (0.00ns)   --->   "br label %keep2mty.exit834" [/home/kevinliu/Documents/gulf_stream/u250/GULF-Stream/src/axis2lbus/util.cpp:75->/home/kevinliu/Documents/gulf_stream/u250/GULF-Stream/src/axis2lbus/axis2lbus.cpp:70]   --->   Operation 122 'br' <Predicate = (lbus_ready_V_read & p_Result_4 == 61440)> <Delay = 0.00>
ST_1 : Operation 123 [1/1] (0.00ns)   --->   "call void @_ssdm_op_Write.ap_none.i4P(i4* %lbus_0_mty_V, i4 -5)" [/home/kevinliu/Documents/gulf_stream/u250/GULF-Stream/src/axis2lbus/util.cpp:71->/home/kevinliu/Documents/gulf_stream/u250/GULF-Stream/src/axis2lbus/axis2lbus.cpp:70]   --->   Operation 123 'write' <Predicate = (lbus_ready_V_read & p_Result_4 == 63488)> <Delay = 0.00>
ST_1 : Operation 124 [1/1] (0.00ns)   --->   "br label %keep2mty.exit834" [/home/kevinliu/Documents/gulf_stream/u250/GULF-Stream/src/axis2lbus/util.cpp:72->/home/kevinliu/Documents/gulf_stream/u250/GULF-Stream/src/axis2lbus/axis2lbus.cpp:70]   --->   Operation 124 'br' <Predicate = (lbus_ready_V_read & p_Result_4 == 63488)> <Delay = 0.00>
ST_1 : Operation 125 [1/1] (0.00ns)   --->   "call void @_ssdm_op_Write.ap_none.i4P(i4* %lbus_0_mty_V, i4 -6)" [/home/kevinliu/Documents/gulf_stream/u250/GULF-Stream/src/axis2lbus/util.cpp:68->/home/kevinliu/Documents/gulf_stream/u250/GULF-Stream/src/axis2lbus/axis2lbus.cpp:70]   --->   Operation 125 'write' <Predicate = (lbus_ready_V_read & p_Result_4 == 64512)> <Delay = 0.00>
ST_1 : Operation 126 [1/1] (0.00ns)   --->   "br label %keep2mty.exit834" [/home/kevinliu/Documents/gulf_stream/u250/GULF-Stream/src/axis2lbus/util.cpp:69->/home/kevinliu/Documents/gulf_stream/u250/GULF-Stream/src/axis2lbus/axis2lbus.cpp:70]   --->   Operation 126 'br' <Predicate = (lbus_ready_V_read & p_Result_4 == 64512)> <Delay = 0.00>
ST_1 : Operation 127 [1/1] (0.00ns)   --->   "call void @_ssdm_op_Write.ap_none.i4P(i4* %lbus_0_mty_V, i4 -7)" [/home/kevinliu/Documents/gulf_stream/u250/GULF-Stream/src/axis2lbus/util.cpp:65->/home/kevinliu/Documents/gulf_stream/u250/GULF-Stream/src/axis2lbus/axis2lbus.cpp:70]   --->   Operation 127 'write' <Predicate = (lbus_ready_V_read & p_Result_4 == 65024)> <Delay = 0.00>
ST_1 : Operation 128 [1/1] (0.00ns)   --->   "br label %keep2mty.exit834" [/home/kevinliu/Documents/gulf_stream/u250/GULF-Stream/src/axis2lbus/util.cpp:66->/home/kevinliu/Documents/gulf_stream/u250/GULF-Stream/src/axis2lbus/axis2lbus.cpp:70]   --->   Operation 128 'br' <Predicate = (lbus_ready_V_read & p_Result_4 == 65024)> <Delay = 0.00>
ST_1 : Operation 129 [1/1] (0.00ns)   --->   "call void @_ssdm_op_Write.ap_none.i4P(i4* %lbus_0_mty_V, i4 -8)" [/home/kevinliu/Documents/gulf_stream/u250/GULF-Stream/src/axis2lbus/util.cpp:62->/home/kevinliu/Documents/gulf_stream/u250/GULF-Stream/src/axis2lbus/axis2lbus.cpp:70]   --->   Operation 129 'write' <Predicate = (lbus_ready_V_read & p_Result_4 == 65280)> <Delay = 0.00>
ST_1 : Operation 130 [1/1] (0.00ns)   --->   "br label %keep2mty.exit834" [/home/kevinliu/Documents/gulf_stream/u250/GULF-Stream/src/axis2lbus/util.cpp:63->/home/kevinliu/Documents/gulf_stream/u250/GULF-Stream/src/axis2lbus/axis2lbus.cpp:70]   --->   Operation 130 'br' <Predicate = (lbus_ready_V_read & p_Result_4 == 65280)> <Delay = 0.00>
ST_1 : Operation 131 [1/1] (0.00ns)   --->   "call void @_ssdm_op_Write.ap_none.i4P(i4* %lbus_0_mty_V, i4 7)" [/home/kevinliu/Documents/gulf_stream/u250/GULF-Stream/src/axis2lbus/util.cpp:59->/home/kevinliu/Documents/gulf_stream/u250/GULF-Stream/src/axis2lbus/axis2lbus.cpp:70]   --->   Operation 131 'write' <Predicate = (lbus_ready_V_read & p_Result_4 == 65408)> <Delay = 0.00>
ST_1 : Operation 132 [1/1] (0.00ns)   --->   "br label %keep2mty.exit834" [/home/kevinliu/Documents/gulf_stream/u250/GULF-Stream/src/axis2lbus/util.cpp:60->/home/kevinliu/Documents/gulf_stream/u250/GULF-Stream/src/axis2lbus/axis2lbus.cpp:70]   --->   Operation 132 'br' <Predicate = (lbus_ready_V_read & p_Result_4 == 65408)> <Delay = 0.00>
ST_1 : Operation 133 [1/1] (0.00ns)   --->   "call void @_ssdm_op_Write.ap_none.i4P(i4* %lbus_0_mty_V, i4 6)" [/home/kevinliu/Documents/gulf_stream/u250/GULF-Stream/src/axis2lbus/util.cpp:56->/home/kevinliu/Documents/gulf_stream/u250/GULF-Stream/src/axis2lbus/axis2lbus.cpp:70]   --->   Operation 133 'write' <Predicate = (lbus_ready_V_read & p_Result_4 == 65472)> <Delay = 0.00>
ST_1 : Operation 134 [1/1] (0.00ns)   --->   "br label %keep2mty.exit834" [/home/kevinliu/Documents/gulf_stream/u250/GULF-Stream/src/axis2lbus/util.cpp:57->/home/kevinliu/Documents/gulf_stream/u250/GULF-Stream/src/axis2lbus/axis2lbus.cpp:70]   --->   Operation 134 'br' <Predicate = (lbus_ready_V_read & p_Result_4 == 65472)> <Delay = 0.00>
ST_1 : Operation 135 [1/1] (0.00ns)   --->   "call void @_ssdm_op_Write.ap_none.i4P(i4* %lbus_0_mty_V, i4 5)" [/home/kevinliu/Documents/gulf_stream/u250/GULF-Stream/src/axis2lbus/util.cpp:53->/home/kevinliu/Documents/gulf_stream/u250/GULF-Stream/src/axis2lbus/axis2lbus.cpp:70]   --->   Operation 135 'write' <Predicate = (lbus_ready_V_read & p_Result_4 == 65504)> <Delay = 0.00>
ST_1 : Operation 136 [1/1] (0.00ns)   --->   "br label %keep2mty.exit834" [/home/kevinliu/Documents/gulf_stream/u250/GULF-Stream/src/axis2lbus/util.cpp:54->/home/kevinliu/Documents/gulf_stream/u250/GULF-Stream/src/axis2lbus/axis2lbus.cpp:70]   --->   Operation 136 'br' <Predicate = (lbus_ready_V_read & p_Result_4 == 65504)> <Delay = 0.00>
ST_1 : Operation 137 [1/1] (0.00ns)   --->   "call void @_ssdm_op_Write.ap_none.i4P(i4* %lbus_0_mty_V, i4 4)" [/home/kevinliu/Documents/gulf_stream/u250/GULF-Stream/src/axis2lbus/util.cpp:50->/home/kevinliu/Documents/gulf_stream/u250/GULF-Stream/src/axis2lbus/axis2lbus.cpp:70]   --->   Operation 137 'write' <Predicate = (lbus_ready_V_read & p_Result_4 == 65520)> <Delay = 0.00>
ST_1 : Operation 138 [1/1] (0.00ns)   --->   "br label %keep2mty.exit834" [/home/kevinliu/Documents/gulf_stream/u250/GULF-Stream/src/axis2lbus/util.cpp:51->/home/kevinliu/Documents/gulf_stream/u250/GULF-Stream/src/axis2lbus/axis2lbus.cpp:70]   --->   Operation 138 'br' <Predicate = (lbus_ready_V_read & p_Result_4 == 65520)> <Delay = 0.00>
ST_1 : Operation 139 [1/1] (0.00ns)   --->   "call void @_ssdm_op_Write.ap_none.i4P(i4* %lbus_0_mty_V, i4 3)" [/home/kevinliu/Documents/gulf_stream/u250/GULF-Stream/src/axis2lbus/util.cpp:47->/home/kevinliu/Documents/gulf_stream/u250/GULF-Stream/src/axis2lbus/axis2lbus.cpp:70]   --->   Operation 139 'write' <Predicate = (lbus_ready_V_read & p_Result_4 == 65528)> <Delay = 0.00>
ST_1 : Operation 140 [1/1] (0.00ns)   --->   "br label %keep2mty.exit834" [/home/kevinliu/Documents/gulf_stream/u250/GULF-Stream/src/axis2lbus/util.cpp:48->/home/kevinliu/Documents/gulf_stream/u250/GULF-Stream/src/axis2lbus/axis2lbus.cpp:70]   --->   Operation 140 'br' <Predicate = (lbus_ready_V_read & p_Result_4 == 65528)> <Delay = 0.00>
ST_1 : Operation 141 [1/1] (0.00ns)   --->   "call void @_ssdm_op_Write.ap_none.i4P(i4* %lbus_0_mty_V, i4 2)" [/home/kevinliu/Documents/gulf_stream/u250/GULF-Stream/src/axis2lbus/util.cpp:44->/home/kevinliu/Documents/gulf_stream/u250/GULF-Stream/src/axis2lbus/axis2lbus.cpp:70]   --->   Operation 141 'write' <Predicate = (lbus_ready_V_read & p_Result_4 == 65532)> <Delay = 0.00>
ST_1 : Operation 142 [1/1] (0.00ns)   --->   "br label %keep2mty.exit834" [/home/kevinliu/Documents/gulf_stream/u250/GULF-Stream/src/axis2lbus/util.cpp:45->/home/kevinliu/Documents/gulf_stream/u250/GULF-Stream/src/axis2lbus/axis2lbus.cpp:70]   --->   Operation 142 'br' <Predicate = (lbus_ready_V_read & p_Result_4 == 65532)> <Delay = 0.00>
ST_1 : Operation 143 [1/1] (0.00ns)   --->   "call void @_ssdm_op_Write.ap_none.i4P(i4* %lbus_0_mty_V, i4 1)" [/home/kevinliu/Documents/gulf_stream/u250/GULF-Stream/src/axis2lbus/util.cpp:41->/home/kevinliu/Documents/gulf_stream/u250/GULF-Stream/src/axis2lbus/axis2lbus.cpp:70]   --->   Operation 143 'write' <Predicate = (lbus_ready_V_read & p_Result_4 == 65534)> <Delay = 0.00>
ST_1 : Operation 144 [1/1] (0.00ns)   --->   "br label %keep2mty.exit834" [/home/kevinliu/Documents/gulf_stream/u250/GULF-Stream/src/axis2lbus/util.cpp:42->/home/kevinliu/Documents/gulf_stream/u250/GULF-Stream/src/axis2lbus/axis2lbus.cpp:70]   --->   Operation 144 'br' <Predicate = (lbus_ready_V_read & p_Result_4 == 65534)> <Delay = 0.00>
ST_1 : Operation 145 [1/1] (0.00ns)   --->   "call void @_ssdm_op_Write.ap_none.i4P(i4* %lbus_0_mty_V, i4 0)" [/home/kevinliu/Documents/gulf_stream/u250/GULF-Stream/src/axis2lbus/util.cpp:38->/home/kevinliu/Documents/gulf_stream/u250/GULF-Stream/src/axis2lbus/axis2lbus.cpp:70]   --->   Operation 145 'write' <Predicate = (lbus_ready_V_read & p_Result_4 == 65535)> <Delay = 0.00>
ST_1 : Operation 146 [1/1] (0.00ns)   --->   "br label %keep2mty.exit834" [/home/kevinliu/Documents/gulf_stream/u250/GULF-Stream/src/axis2lbus/util.cpp:39->/home/kevinliu/Documents/gulf_stream/u250/GULF-Stream/src/axis2lbus/axis2lbus.cpp:70]   --->   Operation 146 'br' <Predicate = (lbus_ready_V_read & p_Result_4 == 65535)> <Delay = 0.00>
ST_1 : Operation 147 [1/1] (0.00ns)   --->   "%p_Result_5 = call i16 @_ssdm_op_PartSelect.i16.i64.i32.i32(i64 %s_axis_keep_V_read, i32 32, i32 47)" [/home/kevinliu/Documents/gulf_stream/u250/GULF-Stream/src/axis2lbus/axis2lbus.cpp:71]   --->   Operation 147 'partselect' 'p_Result_5' <Predicate = (lbus_ready_V_read)> <Delay = 0.00>
ST_1 : Operation 148 [1/1] (0.61ns)   --->   "switch i16 %p_Result_5, label %keep2mty.exit831 [
    i16 -1, label %17
    i16 -2, label %18
    i16 -4, label %19
    i16 -8, label %20
    i16 -16, label %21
    i16 -32, label %22
    i16 -64, label %23
    i16 -128, label %24
    i16 -256, label %25
    i16 -512, label %26
    i16 -1024, label %27
    i16 -2048, label %28
    i16 -4096, label %29
    i16 -8192, label %30
    i16 -16384, label %31
    i16 -32768, label %32
  ]" [/home/kevinliu/Documents/gulf_stream/u250/GULF-Stream/src/axis2lbus/util.cpp:36->/home/kevinliu/Documents/gulf_stream/u250/GULF-Stream/src/axis2lbus/axis2lbus.cpp:71]   --->   Operation 148 'switch' <Predicate = (lbus_ready_V_read)> <Delay = 0.61>
ST_1 : Operation 149 [1/1] (0.00ns)   --->   "call void @_ssdm_op_Write.ap_none.i4P(i4* %lbus_1_mty_V, i4 -1)" [/home/kevinliu/Documents/gulf_stream/u250/GULF-Stream/src/axis2lbus/util.cpp:83->/home/kevinliu/Documents/gulf_stream/u250/GULF-Stream/src/axis2lbus/axis2lbus.cpp:71]   --->   Operation 149 'write' <Predicate = (lbus_ready_V_read & p_Result_5 == 32768)> <Delay = 0.00>
ST_1 : Operation 150 [1/1] (0.00ns)   --->   "br label %keep2mty.exit831" [/home/kevinliu/Documents/gulf_stream/u250/GULF-Stream/src/axis2lbus/util.cpp:84->/home/kevinliu/Documents/gulf_stream/u250/GULF-Stream/src/axis2lbus/axis2lbus.cpp:71]   --->   Operation 150 'br' <Predicate = (lbus_ready_V_read & p_Result_5 == 32768)> <Delay = 0.00>
ST_1 : Operation 151 [1/1] (0.00ns)   --->   "call void @_ssdm_op_Write.ap_none.i4P(i4* %lbus_1_mty_V, i4 -2)" [/home/kevinliu/Documents/gulf_stream/u250/GULF-Stream/src/axis2lbus/util.cpp:80->/home/kevinliu/Documents/gulf_stream/u250/GULF-Stream/src/axis2lbus/axis2lbus.cpp:71]   --->   Operation 151 'write' <Predicate = (lbus_ready_V_read & p_Result_5 == 49152)> <Delay = 0.00>
ST_1 : Operation 152 [1/1] (0.00ns)   --->   "br label %keep2mty.exit831" [/home/kevinliu/Documents/gulf_stream/u250/GULF-Stream/src/axis2lbus/util.cpp:81->/home/kevinliu/Documents/gulf_stream/u250/GULF-Stream/src/axis2lbus/axis2lbus.cpp:71]   --->   Operation 152 'br' <Predicate = (lbus_ready_V_read & p_Result_5 == 49152)> <Delay = 0.00>
ST_1 : Operation 153 [1/1] (0.00ns)   --->   "call void @_ssdm_op_Write.ap_none.i4P(i4* %lbus_1_mty_V, i4 -3)" [/home/kevinliu/Documents/gulf_stream/u250/GULF-Stream/src/axis2lbus/util.cpp:77->/home/kevinliu/Documents/gulf_stream/u250/GULF-Stream/src/axis2lbus/axis2lbus.cpp:71]   --->   Operation 153 'write' <Predicate = (lbus_ready_V_read & p_Result_5 == 57344)> <Delay = 0.00>
ST_1 : Operation 154 [1/1] (0.00ns)   --->   "br label %keep2mty.exit831" [/home/kevinliu/Documents/gulf_stream/u250/GULF-Stream/src/axis2lbus/util.cpp:78->/home/kevinliu/Documents/gulf_stream/u250/GULF-Stream/src/axis2lbus/axis2lbus.cpp:71]   --->   Operation 154 'br' <Predicate = (lbus_ready_V_read & p_Result_5 == 57344)> <Delay = 0.00>
ST_1 : Operation 155 [1/1] (0.00ns)   --->   "call void @_ssdm_op_Write.ap_none.i4P(i4* %lbus_1_mty_V, i4 -4)" [/home/kevinliu/Documents/gulf_stream/u250/GULF-Stream/src/axis2lbus/util.cpp:74->/home/kevinliu/Documents/gulf_stream/u250/GULF-Stream/src/axis2lbus/axis2lbus.cpp:71]   --->   Operation 155 'write' <Predicate = (lbus_ready_V_read & p_Result_5 == 61440)> <Delay = 0.00>
ST_1 : Operation 156 [1/1] (0.00ns)   --->   "br label %keep2mty.exit831" [/home/kevinliu/Documents/gulf_stream/u250/GULF-Stream/src/axis2lbus/util.cpp:75->/home/kevinliu/Documents/gulf_stream/u250/GULF-Stream/src/axis2lbus/axis2lbus.cpp:71]   --->   Operation 156 'br' <Predicate = (lbus_ready_V_read & p_Result_5 == 61440)> <Delay = 0.00>
ST_1 : Operation 157 [1/1] (0.00ns)   --->   "call void @_ssdm_op_Write.ap_none.i4P(i4* %lbus_1_mty_V, i4 -5)" [/home/kevinliu/Documents/gulf_stream/u250/GULF-Stream/src/axis2lbus/util.cpp:71->/home/kevinliu/Documents/gulf_stream/u250/GULF-Stream/src/axis2lbus/axis2lbus.cpp:71]   --->   Operation 157 'write' <Predicate = (lbus_ready_V_read & p_Result_5 == 63488)> <Delay = 0.00>
ST_1 : Operation 158 [1/1] (0.00ns)   --->   "br label %keep2mty.exit831" [/home/kevinliu/Documents/gulf_stream/u250/GULF-Stream/src/axis2lbus/util.cpp:72->/home/kevinliu/Documents/gulf_stream/u250/GULF-Stream/src/axis2lbus/axis2lbus.cpp:71]   --->   Operation 158 'br' <Predicate = (lbus_ready_V_read & p_Result_5 == 63488)> <Delay = 0.00>
ST_1 : Operation 159 [1/1] (0.00ns)   --->   "call void @_ssdm_op_Write.ap_none.i4P(i4* %lbus_1_mty_V, i4 -6)" [/home/kevinliu/Documents/gulf_stream/u250/GULF-Stream/src/axis2lbus/util.cpp:68->/home/kevinliu/Documents/gulf_stream/u250/GULF-Stream/src/axis2lbus/axis2lbus.cpp:71]   --->   Operation 159 'write' <Predicate = (lbus_ready_V_read & p_Result_5 == 64512)> <Delay = 0.00>
ST_1 : Operation 160 [1/1] (0.00ns)   --->   "br label %keep2mty.exit831" [/home/kevinliu/Documents/gulf_stream/u250/GULF-Stream/src/axis2lbus/util.cpp:69->/home/kevinliu/Documents/gulf_stream/u250/GULF-Stream/src/axis2lbus/axis2lbus.cpp:71]   --->   Operation 160 'br' <Predicate = (lbus_ready_V_read & p_Result_5 == 64512)> <Delay = 0.00>
ST_1 : Operation 161 [1/1] (0.00ns)   --->   "call void @_ssdm_op_Write.ap_none.i4P(i4* %lbus_1_mty_V, i4 -7)" [/home/kevinliu/Documents/gulf_stream/u250/GULF-Stream/src/axis2lbus/util.cpp:65->/home/kevinliu/Documents/gulf_stream/u250/GULF-Stream/src/axis2lbus/axis2lbus.cpp:71]   --->   Operation 161 'write' <Predicate = (lbus_ready_V_read & p_Result_5 == 65024)> <Delay = 0.00>
ST_1 : Operation 162 [1/1] (0.00ns)   --->   "br label %keep2mty.exit831" [/home/kevinliu/Documents/gulf_stream/u250/GULF-Stream/src/axis2lbus/util.cpp:66->/home/kevinliu/Documents/gulf_stream/u250/GULF-Stream/src/axis2lbus/axis2lbus.cpp:71]   --->   Operation 162 'br' <Predicate = (lbus_ready_V_read & p_Result_5 == 65024)> <Delay = 0.00>
ST_1 : Operation 163 [1/1] (0.00ns)   --->   "call void @_ssdm_op_Write.ap_none.i4P(i4* %lbus_1_mty_V, i4 -8)" [/home/kevinliu/Documents/gulf_stream/u250/GULF-Stream/src/axis2lbus/util.cpp:62->/home/kevinliu/Documents/gulf_stream/u250/GULF-Stream/src/axis2lbus/axis2lbus.cpp:71]   --->   Operation 163 'write' <Predicate = (lbus_ready_V_read & p_Result_5 == 65280)> <Delay = 0.00>
ST_1 : Operation 164 [1/1] (0.00ns)   --->   "br label %keep2mty.exit831" [/home/kevinliu/Documents/gulf_stream/u250/GULF-Stream/src/axis2lbus/util.cpp:63->/home/kevinliu/Documents/gulf_stream/u250/GULF-Stream/src/axis2lbus/axis2lbus.cpp:71]   --->   Operation 164 'br' <Predicate = (lbus_ready_V_read & p_Result_5 == 65280)> <Delay = 0.00>
ST_1 : Operation 165 [1/1] (0.00ns)   --->   "call void @_ssdm_op_Write.ap_none.i4P(i4* %lbus_1_mty_V, i4 7)" [/home/kevinliu/Documents/gulf_stream/u250/GULF-Stream/src/axis2lbus/util.cpp:59->/home/kevinliu/Documents/gulf_stream/u250/GULF-Stream/src/axis2lbus/axis2lbus.cpp:71]   --->   Operation 165 'write' <Predicate = (lbus_ready_V_read & p_Result_5 == 65408)> <Delay = 0.00>
ST_1 : Operation 166 [1/1] (0.00ns)   --->   "br label %keep2mty.exit831" [/home/kevinliu/Documents/gulf_stream/u250/GULF-Stream/src/axis2lbus/util.cpp:60->/home/kevinliu/Documents/gulf_stream/u250/GULF-Stream/src/axis2lbus/axis2lbus.cpp:71]   --->   Operation 166 'br' <Predicate = (lbus_ready_V_read & p_Result_5 == 65408)> <Delay = 0.00>
ST_1 : Operation 167 [1/1] (0.00ns)   --->   "call void @_ssdm_op_Write.ap_none.i4P(i4* %lbus_1_mty_V, i4 6)" [/home/kevinliu/Documents/gulf_stream/u250/GULF-Stream/src/axis2lbus/util.cpp:56->/home/kevinliu/Documents/gulf_stream/u250/GULF-Stream/src/axis2lbus/axis2lbus.cpp:71]   --->   Operation 167 'write' <Predicate = (lbus_ready_V_read & p_Result_5 == 65472)> <Delay = 0.00>
ST_1 : Operation 168 [1/1] (0.00ns)   --->   "br label %keep2mty.exit831" [/home/kevinliu/Documents/gulf_stream/u250/GULF-Stream/src/axis2lbus/util.cpp:57->/home/kevinliu/Documents/gulf_stream/u250/GULF-Stream/src/axis2lbus/axis2lbus.cpp:71]   --->   Operation 168 'br' <Predicate = (lbus_ready_V_read & p_Result_5 == 65472)> <Delay = 0.00>
ST_1 : Operation 169 [1/1] (0.00ns)   --->   "call void @_ssdm_op_Write.ap_none.i4P(i4* %lbus_1_mty_V, i4 5)" [/home/kevinliu/Documents/gulf_stream/u250/GULF-Stream/src/axis2lbus/util.cpp:53->/home/kevinliu/Documents/gulf_stream/u250/GULF-Stream/src/axis2lbus/axis2lbus.cpp:71]   --->   Operation 169 'write' <Predicate = (lbus_ready_V_read & p_Result_5 == 65504)> <Delay = 0.00>
ST_1 : Operation 170 [1/1] (0.00ns)   --->   "br label %keep2mty.exit831" [/home/kevinliu/Documents/gulf_stream/u250/GULF-Stream/src/axis2lbus/util.cpp:54->/home/kevinliu/Documents/gulf_stream/u250/GULF-Stream/src/axis2lbus/axis2lbus.cpp:71]   --->   Operation 170 'br' <Predicate = (lbus_ready_V_read & p_Result_5 == 65504)> <Delay = 0.00>
ST_1 : Operation 171 [1/1] (0.00ns)   --->   "call void @_ssdm_op_Write.ap_none.i4P(i4* %lbus_1_mty_V, i4 4)" [/home/kevinliu/Documents/gulf_stream/u250/GULF-Stream/src/axis2lbus/util.cpp:50->/home/kevinliu/Documents/gulf_stream/u250/GULF-Stream/src/axis2lbus/axis2lbus.cpp:71]   --->   Operation 171 'write' <Predicate = (lbus_ready_V_read & p_Result_5 == 65520)> <Delay = 0.00>
ST_1 : Operation 172 [1/1] (0.00ns)   --->   "br label %keep2mty.exit831" [/home/kevinliu/Documents/gulf_stream/u250/GULF-Stream/src/axis2lbus/util.cpp:51->/home/kevinliu/Documents/gulf_stream/u250/GULF-Stream/src/axis2lbus/axis2lbus.cpp:71]   --->   Operation 172 'br' <Predicate = (lbus_ready_V_read & p_Result_5 == 65520)> <Delay = 0.00>
ST_1 : Operation 173 [1/1] (0.00ns)   --->   "call void @_ssdm_op_Write.ap_none.i4P(i4* %lbus_1_mty_V, i4 3)" [/home/kevinliu/Documents/gulf_stream/u250/GULF-Stream/src/axis2lbus/util.cpp:47->/home/kevinliu/Documents/gulf_stream/u250/GULF-Stream/src/axis2lbus/axis2lbus.cpp:71]   --->   Operation 173 'write' <Predicate = (lbus_ready_V_read & p_Result_5 == 65528)> <Delay = 0.00>
ST_1 : Operation 174 [1/1] (0.00ns)   --->   "br label %keep2mty.exit831" [/home/kevinliu/Documents/gulf_stream/u250/GULF-Stream/src/axis2lbus/util.cpp:48->/home/kevinliu/Documents/gulf_stream/u250/GULF-Stream/src/axis2lbus/axis2lbus.cpp:71]   --->   Operation 174 'br' <Predicate = (lbus_ready_V_read & p_Result_5 == 65528)> <Delay = 0.00>
ST_1 : Operation 175 [1/1] (0.00ns)   --->   "call void @_ssdm_op_Write.ap_none.i4P(i4* %lbus_1_mty_V, i4 2)" [/home/kevinliu/Documents/gulf_stream/u250/GULF-Stream/src/axis2lbus/util.cpp:44->/home/kevinliu/Documents/gulf_stream/u250/GULF-Stream/src/axis2lbus/axis2lbus.cpp:71]   --->   Operation 175 'write' <Predicate = (lbus_ready_V_read & p_Result_5 == 65532)> <Delay = 0.00>
ST_1 : Operation 176 [1/1] (0.00ns)   --->   "br label %keep2mty.exit831" [/home/kevinliu/Documents/gulf_stream/u250/GULF-Stream/src/axis2lbus/util.cpp:45->/home/kevinliu/Documents/gulf_stream/u250/GULF-Stream/src/axis2lbus/axis2lbus.cpp:71]   --->   Operation 176 'br' <Predicate = (lbus_ready_V_read & p_Result_5 == 65532)> <Delay = 0.00>
ST_1 : Operation 177 [1/1] (0.00ns)   --->   "call void @_ssdm_op_Write.ap_none.i4P(i4* %lbus_1_mty_V, i4 1)" [/home/kevinliu/Documents/gulf_stream/u250/GULF-Stream/src/axis2lbus/util.cpp:41->/home/kevinliu/Documents/gulf_stream/u250/GULF-Stream/src/axis2lbus/axis2lbus.cpp:71]   --->   Operation 177 'write' <Predicate = (lbus_ready_V_read & p_Result_5 == 65534)> <Delay = 0.00>
ST_1 : Operation 178 [1/1] (0.00ns)   --->   "br label %keep2mty.exit831" [/home/kevinliu/Documents/gulf_stream/u250/GULF-Stream/src/axis2lbus/util.cpp:42->/home/kevinliu/Documents/gulf_stream/u250/GULF-Stream/src/axis2lbus/axis2lbus.cpp:71]   --->   Operation 178 'br' <Predicate = (lbus_ready_V_read & p_Result_5 == 65534)> <Delay = 0.00>
ST_1 : Operation 179 [1/1] (0.00ns)   --->   "call void @_ssdm_op_Write.ap_none.i4P(i4* %lbus_1_mty_V, i4 0)" [/home/kevinliu/Documents/gulf_stream/u250/GULF-Stream/src/axis2lbus/util.cpp:38->/home/kevinliu/Documents/gulf_stream/u250/GULF-Stream/src/axis2lbus/axis2lbus.cpp:71]   --->   Operation 179 'write' <Predicate = (lbus_ready_V_read & p_Result_5 == 65535)> <Delay = 0.00>
ST_1 : Operation 180 [1/1] (0.00ns)   --->   "br label %keep2mty.exit831" [/home/kevinliu/Documents/gulf_stream/u250/GULF-Stream/src/axis2lbus/util.cpp:39->/home/kevinliu/Documents/gulf_stream/u250/GULF-Stream/src/axis2lbus/axis2lbus.cpp:71]   --->   Operation 180 'br' <Predicate = (lbus_ready_V_read & p_Result_5 == 65535)> <Delay = 0.00>
ST_1 : Operation 181 [1/1] (0.00ns)   --->   "%p_Result_6 = call i16 @_ssdm_op_PartSelect.i16.i64.i32.i32(i64 %s_axis_keep_V_read, i32 16, i32 31)" [/home/kevinliu/Documents/gulf_stream/u250/GULF-Stream/src/axis2lbus/axis2lbus.cpp:72]   --->   Operation 181 'partselect' 'p_Result_6' <Predicate = (lbus_ready_V_read)> <Delay = 0.00>
ST_1 : Operation 182 [1/1] (0.61ns)   --->   "switch i16 %p_Result_6, label %keep2mty.exit828 [
    i16 -1, label %33
    i16 -2, label %34
    i16 -4, label %35
    i16 -8, label %36
    i16 -16, label %37
    i16 -32, label %38
    i16 -64, label %39
    i16 -128, label %40
    i16 -256, label %41
    i16 -512, label %42
    i16 -1024, label %43
    i16 -2048, label %44
    i16 -4096, label %45
    i16 -8192, label %46
    i16 -16384, label %47
    i16 -32768, label %48
  ]" [/home/kevinliu/Documents/gulf_stream/u250/GULF-Stream/src/axis2lbus/util.cpp:36->/home/kevinliu/Documents/gulf_stream/u250/GULF-Stream/src/axis2lbus/axis2lbus.cpp:72]   --->   Operation 182 'switch' <Predicate = (lbus_ready_V_read)> <Delay = 0.61>
ST_1 : Operation 183 [1/1] (0.00ns)   --->   "call void @_ssdm_op_Write.ap_none.i4P(i4* %lbus_2_mty_V, i4 -1)" [/home/kevinliu/Documents/gulf_stream/u250/GULF-Stream/src/axis2lbus/util.cpp:83->/home/kevinliu/Documents/gulf_stream/u250/GULF-Stream/src/axis2lbus/axis2lbus.cpp:72]   --->   Operation 183 'write' <Predicate = (lbus_ready_V_read & p_Result_6 == 32768)> <Delay = 0.00>
ST_1 : Operation 184 [1/1] (0.00ns)   --->   "br label %keep2mty.exit828" [/home/kevinliu/Documents/gulf_stream/u250/GULF-Stream/src/axis2lbus/util.cpp:84->/home/kevinliu/Documents/gulf_stream/u250/GULF-Stream/src/axis2lbus/axis2lbus.cpp:72]   --->   Operation 184 'br' <Predicate = (lbus_ready_V_read & p_Result_6 == 32768)> <Delay = 0.00>
ST_1 : Operation 185 [1/1] (0.00ns)   --->   "call void @_ssdm_op_Write.ap_none.i4P(i4* %lbus_2_mty_V, i4 -2)" [/home/kevinliu/Documents/gulf_stream/u250/GULF-Stream/src/axis2lbus/util.cpp:80->/home/kevinliu/Documents/gulf_stream/u250/GULF-Stream/src/axis2lbus/axis2lbus.cpp:72]   --->   Operation 185 'write' <Predicate = (lbus_ready_V_read & p_Result_6 == 49152)> <Delay = 0.00>
ST_1 : Operation 186 [1/1] (0.00ns)   --->   "br label %keep2mty.exit828" [/home/kevinliu/Documents/gulf_stream/u250/GULF-Stream/src/axis2lbus/util.cpp:81->/home/kevinliu/Documents/gulf_stream/u250/GULF-Stream/src/axis2lbus/axis2lbus.cpp:72]   --->   Operation 186 'br' <Predicate = (lbus_ready_V_read & p_Result_6 == 49152)> <Delay = 0.00>
ST_1 : Operation 187 [1/1] (0.00ns)   --->   "call void @_ssdm_op_Write.ap_none.i4P(i4* %lbus_2_mty_V, i4 -3)" [/home/kevinliu/Documents/gulf_stream/u250/GULF-Stream/src/axis2lbus/util.cpp:77->/home/kevinliu/Documents/gulf_stream/u250/GULF-Stream/src/axis2lbus/axis2lbus.cpp:72]   --->   Operation 187 'write' <Predicate = (lbus_ready_V_read & p_Result_6 == 57344)> <Delay = 0.00>
ST_1 : Operation 188 [1/1] (0.00ns)   --->   "br label %keep2mty.exit828" [/home/kevinliu/Documents/gulf_stream/u250/GULF-Stream/src/axis2lbus/util.cpp:78->/home/kevinliu/Documents/gulf_stream/u250/GULF-Stream/src/axis2lbus/axis2lbus.cpp:72]   --->   Operation 188 'br' <Predicate = (lbus_ready_V_read & p_Result_6 == 57344)> <Delay = 0.00>
ST_1 : Operation 189 [1/1] (0.00ns)   --->   "call void @_ssdm_op_Write.ap_none.i4P(i4* %lbus_2_mty_V, i4 -4)" [/home/kevinliu/Documents/gulf_stream/u250/GULF-Stream/src/axis2lbus/util.cpp:74->/home/kevinliu/Documents/gulf_stream/u250/GULF-Stream/src/axis2lbus/axis2lbus.cpp:72]   --->   Operation 189 'write' <Predicate = (lbus_ready_V_read & p_Result_6 == 61440)> <Delay = 0.00>
ST_1 : Operation 190 [1/1] (0.00ns)   --->   "br label %keep2mty.exit828" [/home/kevinliu/Documents/gulf_stream/u250/GULF-Stream/src/axis2lbus/util.cpp:75->/home/kevinliu/Documents/gulf_stream/u250/GULF-Stream/src/axis2lbus/axis2lbus.cpp:72]   --->   Operation 190 'br' <Predicate = (lbus_ready_V_read & p_Result_6 == 61440)> <Delay = 0.00>
ST_1 : Operation 191 [1/1] (0.00ns)   --->   "call void @_ssdm_op_Write.ap_none.i4P(i4* %lbus_2_mty_V, i4 -5)" [/home/kevinliu/Documents/gulf_stream/u250/GULF-Stream/src/axis2lbus/util.cpp:71->/home/kevinliu/Documents/gulf_stream/u250/GULF-Stream/src/axis2lbus/axis2lbus.cpp:72]   --->   Operation 191 'write' <Predicate = (lbus_ready_V_read & p_Result_6 == 63488)> <Delay = 0.00>
ST_1 : Operation 192 [1/1] (0.00ns)   --->   "br label %keep2mty.exit828" [/home/kevinliu/Documents/gulf_stream/u250/GULF-Stream/src/axis2lbus/util.cpp:72->/home/kevinliu/Documents/gulf_stream/u250/GULF-Stream/src/axis2lbus/axis2lbus.cpp:72]   --->   Operation 192 'br' <Predicate = (lbus_ready_V_read & p_Result_6 == 63488)> <Delay = 0.00>
ST_1 : Operation 193 [1/1] (0.00ns)   --->   "call void @_ssdm_op_Write.ap_none.i4P(i4* %lbus_2_mty_V, i4 -6)" [/home/kevinliu/Documents/gulf_stream/u250/GULF-Stream/src/axis2lbus/util.cpp:68->/home/kevinliu/Documents/gulf_stream/u250/GULF-Stream/src/axis2lbus/axis2lbus.cpp:72]   --->   Operation 193 'write' <Predicate = (lbus_ready_V_read & p_Result_6 == 64512)> <Delay = 0.00>
ST_1 : Operation 194 [1/1] (0.00ns)   --->   "br label %keep2mty.exit828" [/home/kevinliu/Documents/gulf_stream/u250/GULF-Stream/src/axis2lbus/util.cpp:69->/home/kevinliu/Documents/gulf_stream/u250/GULF-Stream/src/axis2lbus/axis2lbus.cpp:72]   --->   Operation 194 'br' <Predicate = (lbus_ready_V_read & p_Result_6 == 64512)> <Delay = 0.00>
ST_1 : Operation 195 [1/1] (0.00ns)   --->   "call void @_ssdm_op_Write.ap_none.i4P(i4* %lbus_2_mty_V, i4 -7)" [/home/kevinliu/Documents/gulf_stream/u250/GULF-Stream/src/axis2lbus/util.cpp:65->/home/kevinliu/Documents/gulf_stream/u250/GULF-Stream/src/axis2lbus/axis2lbus.cpp:72]   --->   Operation 195 'write' <Predicate = (lbus_ready_V_read & p_Result_6 == 65024)> <Delay = 0.00>
ST_1 : Operation 196 [1/1] (0.00ns)   --->   "br label %keep2mty.exit828" [/home/kevinliu/Documents/gulf_stream/u250/GULF-Stream/src/axis2lbus/util.cpp:66->/home/kevinliu/Documents/gulf_stream/u250/GULF-Stream/src/axis2lbus/axis2lbus.cpp:72]   --->   Operation 196 'br' <Predicate = (lbus_ready_V_read & p_Result_6 == 65024)> <Delay = 0.00>
ST_1 : Operation 197 [1/1] (0.00ns)   --->   "call void @_ssdm_op_Write.ap_none.i4P(i4* %lbus_2_mty_V, i4 -8)" [/home/kevinliu/Documents/gulf_stream/u250/GULF-Stream/src/axis2lbus/util.cpp:62->/home/kevinliu/Documents/gulf_stream/u250/GULF-Stream/src/axis2lbus/axis2lbus.cpp:72]   --->   Operation 197 'write' <Predicate = (lbus_ready_V_read & p_Result_6 == 65280)> <Delay = 0.00>
ST_1 : Operation 198 [1/1] (0.00ns)   --->   "br label %keep2mty.exit828" [/home/kevinliu/Documents/gulf_stream/u250/GULF-Stream/src/axis2lbus/util.cpp:63->/home/kevinliu/Documents/gulf_stream/u250/GULF-Stream/src/axis2lbus/axis2lbus.cpp:72]   --->   Operation 198 'br' <Predicate = (lbus_ready_V_read & p_Result_6 == 65280)> <Delay = 0.00>
ST_1 : Operation 199 [1/1] (0.00ns)   --->   "call void @_ssdm_op_Write.ap_none.i4P(i4* %lbus_2_mty_V, i4 7)" [/home/kevinliu/Documents/gulf_stream/u250/GULF-Stream/src/axis2lbus/util.cpp:59->/home/kevinliu/Documents/gulf_stream/u250/GULF-Stream/src/axis2lbus/axis2lbus.cpp:72]   --->   Operation 199 'write' <Predicate = (lbus_ready_V_read & p_Result_6 == 65408)> <Delay = 0.00>
ST_1 : Operation 200 [1/1] (0.00ns)   --->   "br label %keep2mty.exit828" [/home/kevinliu/Documents/gulf_stream/u250/GULF-Stream/src/axis2lbus/util.cpp:60->/home/kevinliu/Documents/gulf_stream/u250/GULF-Stream/src/axis2lbus/axis2lbus.cpp:72]   --->   Operation 200 'br' <Predicate = (lbus_ready_V_read & p_Result_6 == 65408)> <Delay = 0.00>
ST_1 : Operation 201 [1/1] (0.00ns)   --->   "call void @_ssdm_op_Write.ap_none.i4P(i4* %lbus_2_mty_V, i4 6)" [/home/kevinliu/Documents/gulf_stream/u250/GULF-Stream/src/axis2lbus/util.cpp:56->/home/kevinliu/Documents/gulf_stream/u250/GULF-Stream/src/axis2lbus/axis2lbus.cpp:72]   --->   Operation 201 'write' <Predicate = (lbus_ready_V_read & p_Result_6 == 65472)> <Delay = 0.00>
ST_1 : Operation 202 [1/1] (0.00ns)   --->   "br label %keep2mty.exit828" [/home/kevinliu/Documents/gulf_stream/u250/GULF-Stream/src/axis2lbus/util.cpp:57->/home/kevinliu/Documents/gulf_stream/u250/GULF-Stream/src/axis2lbus/axis2lbus.cpp:72]   --->   Operation 202 'br' <Predicate = (lbus_ready_V_read & p_Result_6 == 65472)> <Delay = 0.00>
ST_1 : Operation 203 [1/1] (0.00ns)   --->   "call void @_ssdm_op_Write.ap_none.i4P(i4* %lbus_2_mty_V, i4 5)" [/home/kevinliu/Documents/gulf_stream/u250/GULF-Stream/src/axis2lbus/util.cpp:53->/home/kevinliu/Documents/gulf_stream/u250/GULF-Stream/src/axis2lbus/axis2lbus.cpp:72]   --->   Operation 203 'write' <Predicate = (lbus_ready_V_read & p_Result_6 == 65504)> <Delay = 0.00>
ST_1 : Operation 204 [1/1] (0.00ns)   --->   "br label %keep2mty.exit828" [/home/kevinliu/Documents/gulf_stream/u250/GULF-Stream/src/axis2lbus/util.cpp:54->/home/kevinliu/Documents/gulf_stream/u250/GULF-Stream/src/axis2lbus/axis2lbus.cpp:72]   --->   Operation 204 'br' <Predicate = (lbus_ready_V_read & p_Result_6 == 65504)> <Delay = 0.00>
ST_1 : Operation 205 [1/1] (0.00ns)   --->   "call void @_ssdm_op_Write.ap_none.i4P(i4* %lbus_2_mty_V, i4 4)" [/home/kevinliu/Documents/gulf_stream/u250/GULF-Stream/src/axis2lbus/util.cpp:50->/home/kevinliu/Documents/gulf_stream/u250/GULF-Stream/src/axis2lbus/axis2lbus.cpp:72]   --->   Operation 205 'write' <Predicate = (lbus_ready_V_read & p_Result_6 == 65520)> <Delay = 0.00>
ST_1 : Operation 206 [1/1] (0.00ns)   --->   "br label %keep2mty.exit828" [/home/kevinliu/Documents/gulf_stream/u250/GULF-Stream/src/axis2lbus/util.cpp:51->/home/kevinliu/Documents/gulf_stream/u250/GULF-Stream/src/axis2lbus/axis2lbus.cpp:72]   --->   Operation 206 'br' <Predicate = (lbus_ready_V_read & p_Result_6 == 65520)> <Delay = 0.00>
ST_1 : Operation 207 [1/1] (0.00ns)   --->   "call void @_ssdm_op_Write.ap_none.i4P(i4* %lbus_2_mty_V, i4 3)" [/home/kevinliu/Documents/gulf_stream/u250/GULF-Stream/src/axis2lbus/util.cpp:47->/home/kevinliu/Documents/gulf_stream/u250/GULF-Stream/src/axis2lbus/axis2lbus.cpp:72]   --->   Operation 207 'write' <Predicate = (lbus_ready_V_read & p_Result_6 == 65528)> <Delay = 0.00>
ST_1 : Operation 208 [1/1] (0.00ns)   --->   "br label %keep2mty.exit828" [/home/kevinliu/Documents/gulf_stream/u250/GULF-Stream/src/axis2lbus/util.cpp:48->/home/kevinliu/Documents/gulf_stream/u250/GULF-Stream/src/axis2lbus/axis2lbus.cpp:72]   --->   Operation 208 'br' <Predicate = (lbus_ready_V_read & p_Result_6 == 65528)> <Delay = 0.00>
ST_1 : Operation 209 [1/1] (0.00ns)   --->   "call void @_ssdm_op_Write.ap_none.i4P(i4* %lbus_2_mty_V, i4 2)" [/home/kevinliu/Documents/gulf_stream/u250/GULF-Stream/src/axis2lbus/util.cpp:44->/home/kevinliu/Documents/gulf_stream/u250/GULF-Stream/src/axis2lbus/axis2lbus.cpp:72]   --->   Operation 209 'write' <Predicate = (lbus_ready_V_read & p_Result_6 == 65532)> <Delay = 0.00>
ST_1 : Operation 210 [1/1] (0.00ns)   --->   "br label %keep2mty.exit828" [/home/kevinliu/Documents/gulf_stream/u250/GULF-Stream/src/axis2lbus/util.cpp:45->/home/kevinliu/Documents/gulf_stream/u250/GULF-Stream/src/axis2lbus/axis2lbus.cpp:72]   --->   Operation 210 'br' <Predicate = (lbus_ready_V_read & p_Result_6 == 65532)> <Delay = 0.00>
ST_1 : Operation 211 [1/1] (0.00ns)   --->   "call void @_ssdm_op_Write.ap_none.i4P(i4* %lbus_2_mty_V, i4 1)" [/home/kevinliu/Documents/gulf_stream/u250/GULF-Stream/src/axis2lbus/util.cpp:41->/home/kevinliu/Documents/gulf_stream/u250/GULF-Stream/src/axis2lbus/axis2lbus.cpp:72]   --->   Operation 211 'write' <Predicate = (lbus_ready_V_read & p_Result_6 == 65534)> <Delay = 0.00>
ST_1 : Operation 212 [1/1] (0.00ns)   --->   "br label %keep2mty.exit828" [/home/kevinliu/Documents/gulf_stream/u250/GULF-Stream/src/axis2lbus/util.cpp:42->/home/kevinliu/Documents/gulf_stream/u250/GULF-Stream/src/axis2lbus/axis2lbus.cpp:72]   --->   Operation 212 'br' <Predicate = (lbus_ready_V_read & p_Result_6 == 65534)> <Delay = 0.00>
ST_1 : Operation 213 [1/1] (0.00ns)   --->   "call void @_ssdm_op_Write.ap_none.i4P(i4* %lbus_2_mty_V, i4 0)" [/home/kevinliu/Documents/gulf_stream/u250/GULF-Stream/src/axis2lbus/util.cpp:38->/home/kevinliu/Documents/gulf_stream/u250/GULF-Stream/src/axis2lbus/axis2lbus.cpp:72]   --->   Operation 213 'write' <Predicate = (lbus_ready_V_read & p_Result_6 == 65535)> <Delay = 0.00>
ST_1 : Operation 214 [1/1] (0.00ns)   --->   "br label %keep2mty.exit828" [/home/kevinliu/Documents/gulf_stream/u250/GULF-Stream/src/axis2lbus/util.cpp:39->/home/kevinliu/Documents/gulf_stream/u250/GULF-Stream/src/axis2lbus/axis2lbus.cpp:72]   --->   Operation 214 'br' <Predicate = (lbus_ready_V_read & p_Result_6 == 65535)> <Delay = 0.00>
ST_1 : Operation 215 [1/1] (0.00ns)   --->   "%trunc_ln647_1 = trunc i64 %s_axis_keep_V_read to i16" [/home/kevinliu/Documents/gulf_stream/u250/GULF-Stream/src/axis2lbus/axis2lbus.cpp:73]   --->   Operation 215 'trunc' 'trunc_ln647_1' <Predicate = (lbus_ready_V_read)> <Delay = 0.00>
ST_1 : Operation 216 [1/1] (0.61ns)   --->   "switch i16 %trunc_ln647_1, label %keep2mty.exit [
    i16 -1, label %49
    i16 -2, label %50
    i16 -4, label %51
    i16 -8, label %52
    i16 -16, label %53
    i16 -32, label %54
    i16 -64, label %55
    i16 -128, label %56
    i16 -256, label %57
    i16 -512, label %58
    i16 -1024, label %59
    i16 -2048, label %60
    i16 -4096, label %61
    i16 -8192, label %62
    i16 -16384, label %63
    i16 -32768, label %64
  ]" [/home/kevinliu/Documents/gulf_stream/u250/GULF-Stream/src/axis2lbus/util.cpp:36->/home/kevinliu/Documents/gulf_stream/u250/GULF-Stream/src/axis2lbus/axis2lbus.cpp:73]   --->   Operation 216 'switch' <Predicate = (lbus_ready_V_read)> <Delay = 0.61>
ST_1 : Operation 217 [1/1] (0.00ns)   --->   "call void @_ssdm_op_Write.ap_none.i4P(i4* %lbus_3_mty_V, i4 -1)" [/home/kevinliu/Documents/gulf_stream/u250/GULF-Stream/src/axis2lbus/util.cpp:83->/home/kevinliu/Documents/gulf_stream/u250/GULF-Stream/src/axis2lbus/axis2lbus.cpp:73]   --->   Operation 217 'write' <Predicate = (lbus_ready_V_read & trunc_ln647_1 == 32768)> <Delay = 0.00>
ST_1 : Operation 218 [1/1] (0.00ns)   --->   "br label %keep2mty.exit" [/home/kevinliu/Documents/gulf_stream/u250/GULF-Stream/src/axis2lbus/util.cpp:84->/home/kevinliu/Documents/gulf_stream/u250/GULF-Stream/src/axis2lbus/axis2lbus.cpp:73]   --->   Operation 218 'br' <Predicate = (lbus_ready_V_read & trunc_ln647_1 == 32768)> <Delay = 0.00>
ST_1 : Operation 219 [1/1] (0.00ns)   --->   "call void @_ssdm_op_Write.ap_none.i4P(i4* %lbus_3_mty_V, i4 -2)" [/home/kevinliu/Documents/gulf_stream/u250/GULF-Stream/src/axis2lbus/util.cpp:80->/home/kevinliu/Documents/gulf_stream/u250/GULF-Stream/src/axis2lbus/axis2lbus.cpp:73]   --->   Operation 219 'write' <Predicate = (lbus_ready_V_read & trunc_ln647_1 == 49152)> <Delay = 0.00>
ST_1 : Operation 220 [1/1] (0.00ns)   --->   "br label %keep2mty.exit" [/home/kevinliu/Documents/gulf_stream/u250/GULF-Stream/src/axis2lbus/util.cpp:81->/home/kevinliu/Documents/gulf_stream/u250/GULF-Stream/src/axis2lbus/axis2lbus.cpp:73]   --->   Operation 220 'br' <Predicate = (lbus_ready_V_read & trunc_ln647_1 == 49152)> <Delay = 0.00>
ST_1 : Operation 221 [1/1] (0.00ns)   --->   "call void @_ssdm_op_Write.ap_none.i4P(i4* %lbus_3_mty_V, i4 -3)" [/home/kevinliu/Documents/gulf_stream/u250/GULF-Stream/src/axis2lbus/util.cpp:77->/home/kevinliu/Documents/gulf_stream/u250/GULF-Stream/src/axis2lbus/axis2lbus.cpp:73]   --->   Operation 221 'write' <Predicate = (lbus_ready_V_read & trunc_ln647_1 == 57344)> <Delay = 0.00>
ST_1 : Operation 222 [1/1] (0.00ns)   --->   "br label %keep2mty.exit" [/home/kevinliu/Documents/gulf_stream/u250/GULF-Stream/src/axis2lbus/util.cpp:78->/home/kevinliu/Documents/gulf_stream/u250/GULF-Stream/src/axis2lbus/axis2lbus.cpp:73]   --->   Operation 222 'br' <Predicate = (lbus_ready_V_read & trunc_ln647_1 == 57344)> <Delay = 0.00>
ST_1 : Operation 223 [1/1] (0.00ns)   --->   "call void @_ssdm_op_Write.ap_none.i4P(i4* %lbus_3_mty_V, i4 -4)" [/home/kevinliu/Documents/gulf_stream/u250/GULF-Stream/src/axis2lbus/util.cpp:74->/home/kevinliu/Documents/gulf_stream/u250/GULF-Stream/src/axis2lbus/axis2lbus.cpp:73]   --->   Operation 223 'write' <Predicate = (lbus_ready_V_read & trunc_ln647_1 == 61440)> <Delay = 0.00>
ST_1 : Operation 224 [1/1] (0.00ns)   --->   "br label %keep2mty.exit" [/home/kevinliu/Documents/gulf_stream/u250/GULF-Stream/src/axis2lbus/util.cpp:75->/home/kevinliu/Documents/gulf_stream/u250/GULF-Stream/src/axis2lbus/axis2lbus.cpp:73]   --->   Operation 224 'br' <Predicate = (lbus_ready_V_read & trunc_ln647_1 == 61440)> <Delay = 0.00>
ST_1 : Operation 225 [1/1] (0.00ns)   --->   "call void @_ssdm_op_Write.ap_none.i4P(i4* %lbus_3_mty_V, i4 -5)" [/home/kevinliu/Documents/gulf_stream/u250/GULF-Stream/src/axis2lbus/util.cpp:71->/home/kevinliu/Documents/gulf_stream/u250/GULF-Stream/src/axis2lbus/axis2lbus.cpp:73]   --->   Operation 225 'write' <Predicate = (lbus_ready_V_read & trunc_ln647_1 == 63488)> <Delay = 0.00>
ST_1 : Operation 226 [1/1] (0.00ns)   --->   "br label %keep2mty.exit" [/home/kevinliu/Documents/gulf_stream/u250/GULF-Stream/src/axis2lbus/util.cpp:72->/home/kevinliu/Documents/gulf_stream/u250/GULF-Stream/src/axis2lbus/axis2lbus.cpp:73]   --->   Operation 226 'br' <Predicate = (lbus_ready_V_read & trunc_ln647_1 == 63488)> <Delay = 0.00>
ST_1 : Operation 227 [1/1] (0.00ns)   --->   "call void @_ssdm_op_Write.ap_none.i4P(i4* %lbus_3_mty_V, i4 -6)" [/home/kevinliu/Documents/gulf_stream/u250/GULF-Stream/src/axis2lbus/util.cpp:68->/home/kevinliu/Documents/gulf_stream/u250/GULF-Stream/src/axis2lbus/axis2lbus.cpp:73]   --->   Operation 227 'write' <Predicate = (lbus_ready_V_read & trunc_ln647_1 == 64512)> <Delay = 0.00>
ST_1 : Operation 228 [1/1] (0.00ns)   --->   "br label %keep2mty.exit" [/home/kevinliu/Documents/gulf_stream/u250/GULF-Stream/src/axis2lbus/util.cpp:69->/home/kevinliu/Documents/gulf_stream/u250/GULF-Stream/src/axis2lbus/axis2lbus.cpp:73]   --->   Operation 228 'br' <Predicate = (lbus_ready_V_read & trunc_ln647_1 == 64512)> <Delay = 0.00>
ST_1 : Operation 229 [1/1] (0.00ns)   --->   "call void @_ssdm_op_Write.ap_none.i4P(i4* %lbus_3_mty_V, i4 -7)" [/home/kevinliu/Documents/gulf_stream/u250/GULF-Stream/src/axis2lbus/util.cpp:65->/home/kevinliu/Documents/gulf_stream/u250/GULF-Stream/src/axis2lbus/axis2lbus.cpp:73]   --->   Operation 229 'write' <Predicate = (lbus_ready_V_read & trunc_ln647_1 == 65024)> <Delay = 0.00>
ST_1 : Operation 230 [1/1] (0.00ns)   --->   "br label %keep2mty.exit" [/home/kevinliu/Documents/gulf_stream/u250/GULF-Stream/src/axis2lbus/util.cpp:66->/home/kevinliu/Documents/gulf_stream/u250/GULF-Stream/src/axis2lbus/axis2lbus.cpp:73]   --->   Operation 230 'br' <Predicate = (lbus_ready_V_read & trunc_ln647_1 == 65024)> <Delay = 0.00>
ST_1 : Operation 231 [1/1] (0.00ns)   --->   "call void @_ssdm_op_Write.ap_none.i4P(i4* %lbus_3_mty_V, i4 -8)" [/home/kevinliu/Documents/gulf_stream/u250/GULF-Stream/src/axis2lbus/util.cpp:62->/home/kevinliu/Documents/gulf_stream/u250/GULF-Stream/src/axis2lbus/axis2lbus.cpp:73]   --->   Operation 231 'write' <Predicate = (lbus_ready_V_read & trunc_ln647_1 == 65280)> <Delay = 0.00>
ST_1 : Operation 232 [1/1] (0.00ns)   --->   "br label %keep2mty.exit" [/home/kevinliu/Documents/gulf_stream/u250/GULF-Stream/src/axis2lbus/util.cpp:63->/home/kevinliu/Documents/gulf_stream/u250/GULF-Stream/src/axis2lbus/axis2lbus.cpp:73]   --->   Operation 232 'br' <Predicate = (lbus_ready_V_read & trunc_ln647_1 == 65280)> <Delay = 0.00>
ST_1 : Operation 233 [1/1] (0.00ns)   --->   "call void @_ssdm_op_Write.ap_none.i4P(i4* %lbus_3_mty_V, i4 7)" [/home/kevinliu/Documents/gulf_stream/u250/GULF-Stream/src/axis2lbus/util.cpp:59->/home/kevinliu/Documents/gulf_stream/u250/GULF-Stream/src/axis2lbus/axis2lbus.cpp:73]   --->   Operation 233 'write' <Predicate = (lbus_ready_V_read & trunc_ln647_1 == 65408)> <Delay = 0.00>
ST_1 : Operation 234 [1/1] (0.00ns)   --->   "br label %keep2mty.exit" [/home/kevinliu/Documents/gulf_stream/u250/GULF-Stream/src/axis2lbus/util.cpp:60->/home/kevinliu/Documents/gulf_stream/u250/GULF-Stream/src/axis2lbus/axis2lbus.cpp:73]   --->   Operation 234 'br' <Predicate = (lbus_ready_V_read & trunc_ln647_1 == 65408)> <Delay = 0.00>
ST_1 : Operation 235 [1/1] (0.00ns)   --->   "call void @_ssdm_op_Write.ap_none.i4P(i4* %lbus_3_mty_V, i4 6)" [/home/kevinliu/Documents/gulf_stream/u250/GULF-Stream/src/axis2lbus/util.cpp:56->/home/kevinliu/Documents/gulf_stream/u250/GULF-Stream/src/axis2lbus/axis2lbus.cpp:73]   --->   Operation 235 'write' <Predicate = (lbus_ready_V_read & trunc_ln647_1 == 65472)> <Delay = 0.00>
ST_1 : Operation 236 [1/1] (0.00ns)   --->   "br label %keep2mty.exit" [/home/kevinliu/Documents/gulf_stream/u250/GULF-Stream/src/axis2lbus/util.cpp:57->/home/kevinliu/Documents/gulf_stream/u250/GULF-Stream/src/axis2lbus/axis2lbus.cpp:73]   --->   Operation 236 'br' <Predicate = (lbus_ready_V_read & trunc_ln647_1 == 65472)> <Delay = 0.00>
ST_1 : Operation 237 [1/1] (0.00ns)   --->   "call void @_ssdm_op_Write.ap_none.i4P(i4* %lbus_3_mty_V, i4 5)" [/home/kevinliu/Documents/gulf_stream/u250/GULF-Stream/src/axis2lbus/util.cpp:53->/home/kevinliu/Documents/gulf_stream/u250/GULF-Stream/src/axis2lbus/axis2lbus.cpp:73]   --->   Operation 237 'write' <Predicate = (lbus_ready_V_read & trunc_ln647_1 == 65504)> <Delay = 0.00>
ST_1 : Operation 238 [1/1] (0.00ns)   --->   "br label %keep2mty.exit" [/home/kevinliu/Documents/gulf_stream/u250/GULF-Stream/src/axis2lbus/util.cpp:54->/home/kevinliu/Documents/gulf_stream/u250/GULF-Stream/src/axis2lbus/axis2lbus.cpp:73]   --->   Operation 238 'br' <Predicate = (lbus_ready_V_read & trunc_ln647_1 == 65504)> <Delay = 0.00>
ST_1 : Operation 239 [1/1] (0.00ns)   --->   "call void @_ssdm_op_Write.ap_none.i4P(i4* %lbus_3_mty_V, i4 4)" [/home/kevinliu/Documents/gulf_stream/u250/GULF-Stream/src/axis2lbus/util.cpp:50->/home/kevinliu/Documents/gulf_stream/u250/GULF-Stream/src/axis2lbus/axis2lbus.cpp:73]   --->   Operation 239 'write' <Predicate = (lbus_ready_V_read & trunc_ln647_1 == 65520)> <Delay = 0.00>
ST_1 : Operation 240 [1/1] (0.00ns)   --->   "br label %keep2mty.exit" [/home/kevinliu/Documents/gulf_stream/u250/GULF-Stream/src/axis2lbus/util.cpp:51->/home/kevinliu/Documents/gulf_stream/u250/GULF-Stream/src/axis2lbus/axis2lbus.cpp:73]   --->   Operation 240 'br' <Predicate = (lbus_ready_V_read & trunc_ln647_1 == 65520)> <Delay = 0.00>
ST_1 : Operation 241 [1/1] (0.00ns)   --->   "call void @_ssdm_op_Write.ap_none.i4P(i4* %lbus_3_mty_V, i4 3)" [/home/kevinliu/Documents/gulf_stream/u250/GULF-Stream/src/axis2lbus/util.cpp:47->/home/kevinliu/Documents/gulf_stream/u250/GULF-Stream/src/axis2lbus/axis2lbus.cpp:73]   --->   Operation 241 'write' <Predicate = (lbus_ready_V_read & trunc_ln647_1 == 65528)> <Delay = 0.00>
ST_1 : Operation 242 [1/1] (0.00ns)   --->   "br label %keep2mty.exit" [/home/kevinliu/Documents/gulf_stream/u250/GULF-Stream/src/axis2lbus/util.cpp:48->/home/kevinliu/Documents/gulf_stream/u250/GULF-Stream/src/axis2lbus/axis2lbus.cpp:73]   --->   Operation 242 'br' <Predicate = (lbus_ready_V_read & trunc_ln647_1 == 65528)> <Delay = 0.00>
ST_1 : Operation 243 [1/1] (0.00ns)   --->   "call void @_ssdm_op_Write.ap_none.i4P(i4* %lbus_3_mty_V, i4 2)" [/home/kevinliu/Documents/gulf_stream/u250/GULF-Stream/src/axis2lbus/util.cpp:44->/home/kevinliu/Documents/gulf_stream/u250/GULF-Stream/src/axis2lbus/axis2lbus.cpp:73]   --->   Operation 243 'write' <Predicate = (lbus_ready_V_read & trunc_ln647_1 == 65532)> <Delay = 0.00>
ST_1 : Operation 244 [1/1] (0.00ns)   --->   "br label %keep2mty.exit" [/home/kevinliu/Documents/gulf_stream/u250/GULF-Stream/src/axis2lbus/util.cpp:45->/home/kevinliu/Documents/gulf_stream/u250/GULF-Stream/src/axis2lbus/axis2lbus.cpp:73]   --->   Operation 244 'br' <Predicate = (lbus_ready_V_read & trunc_ln647_1 == 65532)> <Delay = 0.00>
ST_1 : Operation 245 [1/1] (0.00ns)   --->   "call void @_ssdm_op_Write.ap_none.i4P(i4* %lbus_3_mty_V, i4 1)" [/home/kevinliu/Documents/gulf_stream/u250/GULF-Stream/src/axis2lbus/util.cpp:41->/home/kevinliu/Documents/gulf_stream/u250/GULF-Stream/src/axis2lbus/axis2lbus.cpp:73]   --->   Operation 245 'write' <Predicate = (lbus_ready_V_read & trunc_ln647_1 == 65534)> <Delay = 0.00>
ST_1 : Operation 246 [1/1] (0.00ns)   --->   "br label %keep2mty.exit" [/home/kevinliu/Documents/gulf_stream/u250/GULF-Stream/src/axis2lbus/util.cpp:42->/home/kevinliu/Documents/gulf_stream/u250/GULF-Stream/src/axis2lbus/axis2lbus.cpp:73]   --->   Operation 246 'br' <Predicate = (lbus_ready_V_read & trunc_ln647_1 == 65534)> <Delay = 0.00>
ST_1 : Operation 247 [1/1] (0.00ns)   --->   "call void @_ssdm_op_Write.ap_none.i4P(i4* %lbus_3_mty_V, i4 0)" [/home/kevinliu/Documents/gulf_stream/u250/GULF-Stream/src/axis2lbus/util.cpp:38->/home/kevinliu/Documents/gulf_stream/u250/GULF-Stream/src/axis2lbus/axis2lbus.cpp:73]   --->   Operation 247 'write' <Predicate = (lbus_ready_V_read & trunc_ln647_1 == 65535)> <Delay = 0.00>
ST_1 : Operation 248 [1/1] (0.00ns)   --->   "br label %keep2mty.exit" [/home/kevinliu/Documents/gulf_stream/u250/GULF-Stream/src/axis2lbus/util.cpp:39->/home/kevinliu/Documents/gulf_stream/u250/GULF-Stream/src/axis2lbus/axis2lbus.cpp:73]   --->   Operation 248 'br' <Predicate = (lbus_ready_V_read & trunc_ln647_1 == 65535)> <Delay = 0.00>
ST_1 : Operation 249 [1/1] (0.00ns) (grouped into LUT with out node ret_V_9)   --->   "%r_V = xor i1 %s_axis_last_V_read, true" [/home/kevinliu/Documents/gulf_stream/u250/GULF-Stream/src/axis2lbus/axis2lbus.cpp:74]   --->   Operation 249 'xor' 'r_V' <Predicate = (lbus_ready_V_read)> <Delay = 0.00> <Core = "LogicGate">   --->   Core 27 'LogicGate' <Latency = 0> <II = 1> <Delay = 0.12> <FuncUnit> <Opcode : 'and' 'or' 'xor'> <InPorts = 2> <OutPorts = 1>
ST_1 : Operation 250 [1/1] (0.12ns) (out node of the LUT)   --->   "%ret_V_9 = and i1 %s_axis_valid_V_read, %r_V" [/home/kevinliu/Documents/gulf_stream/u250/GULF-Stream/src/axis2lbus/axis2lbus.cpp:74]   --->   Operation 250 'and' 'ret_V_9' <Predicate = (lbus_ready_V_read)> <Delay = 0.12> <Core = "LogicGate">   --->   Core 27 'LogicGate' <Latency = 0> <II = 1> <Delay = 0.12> <FuncUnit> <Opcode : 'and' 'or' 'xor'> <InPorts = 2> <OutPorts = 1>
ST_1 : Operation 251 [1/1] (0.00ns)   --->   "br i1 %ret_V_9, label %65, label %66" [/home/kevinliu/Documents/gulf_stream/u250/GULF-Stream/src/axis2lbus/axis2lbus.cpp:74]   --->   Operation 251 'br' <Predicate = (lbus_ready_V_read)> <Delay = 0.00>
ST_1 : Operation 252 [1/1] (0.00ns)   --->   "br i1 %ret_V_10, label %67, label %._crit_edge824" [/home/kevinliu/Documents/gulf_stream/u250/GULF-Stream/src/axis2lbus/axis2lbus.cpp:76]   --->   Operation 252 'br' <Predicate = (lbus_ready_V_read & !ret_V_9)> <Delay = 0.00>
ST_1 : Operation 253 [1/1] (0.60ns)   --->   "store i1 false, i1* @IN_PACKET_V, align 1" [/home/kevinliu/Documents/gulf_stream/u250/GULF-Stream/src/axis2lbus/axis2lbus.cpp:77]   --->   Operation 253 'store' <Predicate = (lbus_ready_V_read & !ret_V_9 & ret_V_10)> <Delay = 0.60>
ST_1 : Operation 254 [1/1] (0.00ns)   --->   "br label %._crit_edge824" [/home/kevinliu/Documents/gulf_stream/u250/GULF-Stream/src/axis2lbus/axis2lbus.cpp:78]   --->   Operation 254 'br' <Predicate = (lbus_ready_V_read & !ret_V_9 & ret_V_10)> <Delay = 0.00>
ST_1 : Operation 255 [1/1] (0.00ns)   --->   "br label %68"   --->   Operation 255 'br' <Predicate = (lbus_ready_V_read & !ret_V_9)> <Delay = 0.00>
ST_1 : Operation 256 [1/1] (0.60ns)   --->   "store i1 true, i1* @IN_PACKET_V, align 1" [/home/kevinliu/Documents/gulf_stream/u250/GULF-Stream/src/axis2lbus/axis2lbus.cpp:75]   --->   Operation 256 'store' <Predicate = (lbus_ready_V_read & ret_V_9)> <Delay = 0.60>
ST_1 : Operation 257 [1/1] (0.00ns)   --->   "br label %68" [/home/kevinliu/Documents/gulf_stream/u250/GULF-Stream/src/axis2lbus/axis2lbus.cpp:76]   --->   Operation 257 'br' <Predicate = (lbus_ready_V_read & ret_V_9)> <Delay = 0.00>
ST_1 : Operation 258 [1/1] (0.00ns)   --->   "br label %70" [/home/kevinliu/Documents/gulf_stream/u250/GULF-Stream/src/axis2lbus/axis2lbus.cpp:79]   --->   Operation 258 'br' <Predicate = (lbus_ready_V_read)> <Delay = 0.00>
ST_1 : Operation 259 [1/1] (0.00ns)   --->   "ret void" [/home/kevinliu/Documents/gulf_stream/u250/GULF-Stream/src/axis2lbus/axis2lbus.cpp:85]   --->   Operation 259 'ret' <Predicate = true> <Delay = 0.00>


============================================================
+ Verbose Summary: Timing violations
============================================================
Target clock period: 3.1ns, clock uncertainty: 0.388ns.

 <State 1>: 0.619ns
The critical path consists of the following:
	wire read on port 's_axis_keep_V' (/home/kevinliu/Documents/gulf_stream/u250/GULF-Stream/src/axis2lbus/axis2lbus.cpp:34) [66]  (0 ns)
	blocking operation 0.619 ns on control path)


============================================================
+ Verbose Summary: Binding
============================================================
N/A
* FSMD analyzer results:
  - Output states:
 - Input state : 
  - Chain level:
	State 1


============================================================
+ Verbose Summary: Datapath Resource usage 
============================================================
N/A
