Vivado Simulator 2018.2
Copyright 1986-1999, 2001-2018 Xilinx, Inc. All Rights Reserved.
Running: /opt/Xilinx/Vivado/2018.2/bin/unwrapped/lnx64.o/xelab -wto 6b9f842949a442699de0b7761d25e73a --incr --debug typical --relax --mt 8 -L axi_infrastructure_v1_1_0 -L smartconnect_v1_0 -L axi_protocol_checker_v2_0_3 -L xil_defaultlib -L axi_vip_v1_1_3 -L blk_mem_gen_v8_4_1 -L axis_infrastructure_v1_1_0 -L axis_register_slice_v1_1_17 -L axis_switch_v1_1_17 -L lib_pkg_v1_0_2 -L fifo_generator_v13_2_2 -L lib_fifo_v1_0_11 -L lib_srl_fifo_v1_0_2 -L lib_cdc_v1_0_2 -L axi_datamover_v5_1_19 -L xlconstant_v1_1_5 -L proc_sys_reset_v5_0_12 -L blk_mem_gen_v8_3_6 -L axi_bram_ctrl_v4_0_14 -L axi_lite_ipif_v3_0_4 -L interrupt_control_v3_1_4 -L axi_gpio_v2_0_19 -L gigantic_mux -L xlconcat_v2_1_1 -L util_vector_logic_v2_0_1 -L ten_gig_eth_mac_v15_1_6 -L gtwizard_ultrascale_v1_7_4 -L ten_gig_eth_pcs_pma_v6_0_13 -L fifo_generator_v13_2_1 -L microblaze_v10_0_7 -L lmb_v10_v3_0_9 -L lmb_bram_if_cntlr_v4_0_15 -L iomodule_v3_1_3 -L generic_baseblocks_v2_1_0 -L axi_register_slice_v2_1_17 -L axi_data_fifo_v2_1_16 -L axi_crossbar_v2_1_18 -L mdm_v3_2_14 -L xdma_v4_1_1 -L axi_mmu_v2_1_15 -L axi_protocol_converter_v2_1_17 -L axi_clock_converter_v2_1_16 -L axi_dwidth_converter_v2_1_17 -L xilinx_vip -L unisims_ver -L unimacro_ver -L secureip -L xpm --snapshot top_sim_tb_behav xil_defaultlib.top_sim_tb xil_defaultlib.glbl -log elaborate.log 
Using 8 slave threads.
Starting static elaboration
WARNING: [VRFC 10-278] actual bit length 15 differs from formal bit length 32 for port S_AXI_MEM_0_araddr [/home/tarafdar/workDir/test/galapagos/projects/hls4ml/1/1.srcs/sim_1/imports/sim/top_sim.v:115]
WARNING: [VRFC 10-278] actual bit length 15 differs from formal bit length 32 for port S_AXI_MEM_0_awaddr [/home/tarafdar/workDir/test/galapagos/projects/hls4ml/1/1.srcs/sim_1/imports/sim/top_sim.v:126]
WARNING: [VRFC 10-278] actual bit length 15 differs from formal bit length 32 for port S_AXI_MEM_1_araddr [/home/tarafdar/workDir/test/galapagos/projects/hls4ml/1/1.srcs/sim_1/imports/sim/top_sim.v:152]
WARNING: [VRFC 10-278] actual bit length 15 differs from formal bit length 32 for port S_AXI_MEM_1_awaddr [/home/tarafdar/workDir/test/galapagos/projects/hls4ml/1/1.srcs/sim_1/imports/sim/top_sim.v:163]
WARNING: [VRFC 10-278] actual bit length 1 differs from formal bit length 16 for port S_AXI_CONTROL_araddr [/home/tarafdar/workDir/test/galapagos/projects/hls4ml/1/1.srcs/sim_1/imports/sim/top_sim.v:213]
WARNING: [VRFC 10-278] actual bit length 1 differs from formal bit length 16 for port S_AXI_CONTROL_awaddr [/home/tarafdar/workDir/test/galapagos/projects/hls4ml/1/1.srcs/sim_1/imports/sim/top_sim.v:218]
WARNING: [VRFC 10-278] actual bit length 1 differs from formal bit length 2 for port S_AXI_CONTROL_bresp [/home/tarafdar/workDir/test/galapagos/projects/hls4ml/1/1.srcs/sim_1/imports/sim/top_sim.v:224]
WARNING: [VRFC 10-278] actual bit length 1 differs from formal bit length 32 for port S_AXI_CONTROL_rdata [/home/tarafdar/workDir/test/galapagos/projects/hls4ml/1/1.srcs/sim_1/imports/sim/top_sim.v:226]
WARNING: [VRFC 10-278] actual bit length 1 differs from formal bit length 2 for port S_AXI_CONTROL_rresp [/home/tarafdar/workDir/test/galapagos/projects/hls4ml/1/1.srcs/sim_1/imports/sim/top_sim.v:228]
WARNING: [VRFC 10-278] actual bit length 1 differs from formal bit length 32 for port S_AXI_CONTROL_wdata [/home/tarafdar/workDir/test/galapagos/projects/hls4ml/1/1.srcs/sim_1/imports/sim/top_sim.v:230]
WARNING: [VRFC 10-278] actual bit length 1 differs from formal bit length 4 for port S_AXI_CONTROL_wstrb [/home/tarafdar/workDir/test/galapagos/projects/hls4ml/1/1.srcs/sim_1/imports/sim/top_sim.v:232]
WARNING: [VRFC 10-278] actual bit length 15 differs from formal bit length 32 for port S_AXI_MEM_0_araddr [/home/tarafdar/workDir/test/galapagos/projects/hls4ml/1/1.srcs/sim_1/imports/sim/top_sim.v:234]
WARNING: [VRFC 10-278] actual bit length 1 differs from formal bit length 4 for port S_AXI_MEM_0_arqos [/home/tarafdar/workDir/test/galapagos/projects/hls4ml/1/1.srcs/sim_1/imports/sim/top_sim.v:241]
WARNING: [VRFC 10-278] actual bit length 15 differs from formal bit length 32 for port S_AXI_MEM_0_awaddr [/home/tarafdar/workDir/test/galapagos/projects/hls4ml/1/1.srcs/sim_1/imports/sim/top_sim.v:245]
WARNING: [VRFC 10-278] actual bit length 1 differs from formal bit length 4 for port S_AXI_MEM_0_awqos [/home/tarafdar/workDir/test/galapagos/projects/hls4ml/1/1.srcs/sim_1/imports/sim/top_sim.v:252]
WARNING: [VRFC 10-278] actual bit length 15 differs from formal bit length 32 for port S_AXI_MEM_1_araddr [/home/tarafdar/workDir/test/galapagos/projects/hls4ml/1/1.srcs/sim_1/imports/sim/top_sim.v:271]
WARNING: [VRFC 10-278] actual bit length 1 differs from formal bit length 4 for port S_AXI_MEM_1_arqos [/home/tarafdar/workDir/test/galapagos/projects/hls4ml/1/1.srcs/sim_1/imports/sim/top_sim.v:278]
WARNING: [VRFC 10-278] actual bit length 15 differs from formal bit length 32 for port S_AXI_MEM_1_awaddr [/home/tarafdar/workDir/test/galapagos/projects/hls4ml/1/1.srcs/sim_1/imports/sim/top_sim.v:282]
WARNING: [VRFC 10-278] actual bit length 1 differs from formal bit length 4 for port S_AXI_MEM_1_awqos [/home/tarafdar/workDir/test/galapagos/projects/hls4ml/1/1.srcs/sim_1/imports/sim/top_sim.v:289]
Completed static elaboration
WARNING: [XSIM 43-4127] File "/home/tarafdar/workDir/test/galapagos/projects/hls4ml/1/1.ip_user_files/bd/mem/ip/mem_ddr4_1_0/rtl/cal/ddr4_v2_2_cal_cplx.sv" Line 855 : The "System Verilog Assertion" is not supported yet for simulation. The statement will be ignored.
WARNING: [XSIM 43-4127] File "/home/tarafdar/workDir/test/galapagos/projects/hls4ml/1/1.ip_user_files/bd/mem/ip/mem_ddr4_1_0/rtl/cal/ddr4_v2_2_cal_top.sv" Line 1753 : The "System Verilog Assertion" is not supported yet for simulation. The statement will be ignored.
WARNING: [XSIM 43-4127] File "/wrk/2018.2/continuous/2018_06_14_2258646/packages/customer/vivado/data/ip/xilinx/axi_protocol_checker_v2_0/hdl/axi_protocol_checker_v2_0_vl_rfs.sv" Line 4764 : The "System Verilog Property Declaration" is not supported yet for simulation. The statement will be ignored.
WARNING: [XSIM 43-4127] File "/wrk/2018.2/continuous/2018_06_14_2258646/packages/customer/vivado/data/ip/xilinx/axi_protocol_checker_v2_0/hdl/axi_protocol_checker_v2_0_vl_rfs.sv" Line 4767 : The "System Verilog Assertion" is not supported yet for simulation. The statement will be ignored.
WARNING: [XSIM 43-4127] File "/wrk/2018.2/continuous/2018_06_14_2258646/packages/customer/vivado/data/ip/xilinx/axi_protocol_checker_v2_0/hdl/axi_protocol_checker_v2_0_vl_rfs.sv" Line 4773 : The "System Verilog Property Declaration" is not supported yet for simulation. The statement will be ignored.
WARNING: [XSIM 43-4127] File "/wrk/2018.2/continuous/2018_06_14_2258646/packages/customer/vivado/data/ip/xilinx/axi_protocol_checker_v2_0/hdl/axi_protocol_checker_v2_0_vl_rfs.sv" Line 4776 : The "System Verilog Assertion" is not supported yet for simulation. The statement will be ignored.
WARNING: [XSIM 43-4127] File "/wrk/2018.2/continuous/2018_06_14_2258646/packages/customer/vivado/data/ip/xilinx/axi_protocol_checker_v2_0/hdl/axi_protocol_checker_v2_0_vl_rfs.sv" Line 4782 : The "System Verilog Property Declaration" is not supported yet for simulation. The statement will be ignored.
WARNING: [XSIM 43-4127] File "/wrk/2018.2/continuous/2018_06_14_2258646/packages/customer/vivado/data/ip/xilinx/axi_protocol_checker_v2_0/hdl/axi_protocol_checker_v2_0_vl_rfs.sv" Line 4785 : The "System Verilog Assertion" is not supported yet for simulation. The statement will be ignored.
WARNING: [XSIM 43-4127] File "/wrk/2018.2/continuous/2018_06_14_2258646/packages/customer/vivado/data/ip/xilinx/axi_protocol_checker_v2_0/hdl/axi_protocol_checker_v2_0_vl_rfs.sv" Line 4791 : The "System Verilog Property Declaration" is not supported yet for simulation. The statement will be ignored.
WARNING: [XSIM 43-4127] File "/wrk/2018.2/continuous/2018_06_14_2258646/packages/customer/vivado/data/ip/xilinx/axi_protocol_checker_v2_0/hdl/axi_protocol_checker_v2_0_vl_rfs.sv" Line 4794 : The "System Verilog Assertion" is not supported yet for simulation. The statement will be ignored.
WARNING: [XSIM 43-4127] File "/wrk/2018.2/continuous/2018_06_14_2258646/packages/customer/vivado/data/ip/xilinx/axi_protocol_checker_v2_0/hdl/axi_protocol_checker_v2_0_vl_rfs.sv" Line 4800 : The "System Verilog Property Declaration" is not supported yet for simulation. The statement will be ignored.
WARNING: [XSIM 43-4127] File "/wrk/2018.2/continuous/2018_06_14_2258646/packages/customer/vivado/data/ip/xilinx/axi_protocol_checker_v2_0/hdl/axi_protocol_checker_v2_0_vl_rfs.sv" Line 4803 : The "System Verilog Assertion" is not supported yet for simulation. The statement will be ignored.
WARNING: [XSIM 43-4127] File "/wrk/2018.2/continuous/2018_06_14_2258646/packages/customer/vivado/data/ip/xilinx/axi_protocol_checker_v2_0/hdl/axi_protocol_checker_v2_0_vl_rfs.sv" Line 4809 : The "System Verilog Property Declaration" is not supported yet for simulation. The statement will be ignored.
WARNING: [XSIM 43-4127] File "/wrk/2018.2/continuous/2018_06_14_2258646/packages/customer/vivado/data/ip/xilinx/axi_protocol_checker_v2_0/hdl/axi_protocol_checker_v2_0_vl_rfs.sv" Line 4812 : The "System Verilog Assertion" is not supported yet for simulation. The statement will be ignored.
WARNING: [XSIM 43-4127] File "/wrk/2018.2/continuous/2018_06_14_2258646/packages/customer/vivado/data/ip/xilinx/axi_protocol_checker_v2_0/hdl/axi_protocol_checker_v2_0_vl_rfs.sv" Line 4818 : The "System Verilog Property Declaration" is not supported yet for simulation. The statement will be ignored.
WARNING: [XSIM 43-4127] File "/wrk/2018.2/continuous/2018_06_14_2258646/packages/customer/vivado/data/ip/xilinx/axi_protocol_checker_v2_0/hdl/axi_protocol_checker_v2_0_vl_rfs.sv" Line 4821 : The "System Verilog Assertion" is not supported yet for simulation. The statement will be ignored.
WARNING: [XSIM 43-4127] File "/wrk/2018.2/continuous/2018_06_14_2258646/packages/customer/vivado/data/ip/xilinx/axi_protocol_checker_v2_0/hdl/axi_protocol_checker_v2_0_vl_rfs.sv" Line 4827 : The "System Verilog Property Declaration" is not supported yet for simulation. The statement will be ignored.
WARNING: [XSIM 43-4127] File "/wrk/2018.2/continuous/2018_06_14_2258646/packages/customer/vivado/data/ip/xilinx/axi_protocol_checker_v2_0/hdl/axi_protocol_checker_v2_0_vl_rfs.sv" Line 4830 : The "System Verilog Assertion" is not supported yet for simulation. The statement will be ignored.
WARNING: [XSIM 43-4127] File "/wrk/2018.2/continuous/2018_06_14_2258646/packages/customer/vivado/data/ip/xilinx/axi_protocol_checker_v2_0/hdl/axi_protocol_checker_v2_0_vl_rfs.sv" Line 4836 : The "System Verilog Property Declaration" is not supported yet for simulation. The statement will be ignored.
WARNING: [XSIM 43-4127] File "/wrk/2018.2/continuous/2018_06_14_2258646/packages/customer/vivado/data/ip/xilinx/axi_protocol_checker_v2_0/hdl/axi_protocol_checker_v2_0_vl_rfs.sv" Line 4839 : The "System Verilog Assertion" is not supported yet for simulation. The statement will be ignored.
WARNING: [XSIM 43-4127] File "/wrk/2018.2/continuous/2018_06_14_2258646/packages/customer/vivado/data/ip/xilinx/axi_protocol_checker_v2_0/hdl/axi_protocol_checker_v2_0_vl_rfs.sv" Line 4845 : The "System Verilog Property Declaration" is not supported yet for simulation. The statement will be ignored.
WARNING: [XSIM 43-4127] File "/wrk/2018.2/continuous/2018_06_14_2258646/packages/customer/vivado/data/ip/xilinx/axi_protocol_checker_v2_0/hdl/axi_protocol_checker_v2_0_vl_rfs.sv" Line 4850 : The "System Verilog Assertion" is not supported yet for simulation. The statement will be ignored.
WARNING: [XSIM 43-4127] File "/wrk/2018.2/continuous/2018_06_14_2258646/packages/customer/vivado/data/ip/xilinx/axi_protocol_checker_v2_0/hdl/axi_protocol_checker_v2_0_vl_rfs.sv" Line 4856 : The "System Verilog Property Declaration" is not supported yet for simulation. The statement will be ignored.
WARNING: [XSIM 43-4127] File "/wrk/2018.2/continuous/2018_06_14_2258646/packages/customer/vivado/data/ip/xilinx/axi_protocol_checker_v2_0/hdl/axi_protocol_checker_v2_0_vl_rfs.sv" Line 4859 : The "System Verilog Assertion" is not supported yet for simulation. The statement will be ignored.
WARNING: [XSIM 43-4127] File "/wrk/2018.2/continuous/2018_06_14_2258646/packages/customer/vivado/data/ip/xilinx/axi_protocol_checker_v2_0/hdl/axi_protocol_checker_v2_0_vl_rfs.sv" Line 4865 : The "System Verilog Property Declaration" is not supported yet for simulation. The statement will be ignored.
WARNING: [XSIM 43-4127] File "/wrk/2018.2/continuous/2018_06_14_2258646/packages/customer/vivado/data/ip/xilinx/axi_protocol_checker_v2_0/hdl/axi_protocol_checker_v2_0_vl_rfs.sv" Line 4868 : The "System Verilog Assertion" is not supported yet for simulation. The statement will be ignored.
WARNING: [XSIM 43-4127] File "/wrk/2018.2/continuous/2018_06_14_2258646/packages/customer/vivado/data/ip/xilinx/axi_protocol_checker_v2_0/hdl/axi_protocol_checker_v2_0_vl_rfs.sv" Line 4876 : The "System Verilog Property Declaration" is not supported yet for simulation. The statement will be ignored.
WARNING: [XSIM 43-4127] File "/wrk/2018.2/continuous/2018_06_14_2258646/packages/customer/vivado/data/ip/xilinx/axi_protocol_checker_v2_0/hdl/axi_protocol_checker_v2_0_vl_rfs.sv" Line 4881 : The "System Verilog Assertion" is not supported yet for simulation. The statement will be ignored.
WARNING: [XSIM 43-4127] File "/wrk/2018.2/continuous/2018_06_14_2258646/packages/customer/vivado/data/ip/xilinx/axi_protocol_checker_v2_0/hdl/axi_protocol_checker_v2_0_vl_rfs.sv" Line 4887 : The "System Verilog Property Declaration" is not supported yet for simulation. The statement will be ignored.
WARNING: [XSIM 43-4127] File "/wrk/2018.2/continuous/2018_06_14_2258646/packages/customer/vivado/data/ip/xilinx/axi_protocol_checker_v2_0/hdl/axi_protocol_checker_v2_0_vl_rfs.sv" Line 4892 : The "System Verilog Assertion" is not supported yet for simulation. The statement will be ignored.
WARNING: [XSIM 43-4127] File "/wrk/2018.2/continuous/2018_06_14_2258646/packages/customer/vivado/data/ip/xilinx/axi_protocol_checker_v2_0/hdl/axi_protocol_checker_v2_0_vl_rfs.sv" Line 4898 : The "System Verilog Property Declaration" is not supported yet for simulation. The statement will be ignored.
WARNING: [XSIM 43-4127] File "/wrk/2018.2/continuous/2018_06_14_2258646/packages/customer/vivado/data/ip/xilinx/axi_protocol_checker_v2_0/hdl/axi_protocol_checker_v2_0_vl_rfs.sv" Line 4903 : The "System Verilog Assertion" is not supported yet for simulation. The statement will be ignored.
WARNING: [XSIM 43-4127] File "/wrk/2018.2/continuous/2018_06_14_2258646/packages/customer/vivado/data/ip/xilinx/axi_protocol_checker_v2_0/hdl/axi_protocol_checker_v2_0_vl_rfs.sv" Line 4909 : The "System Verilog Property Declaration" is not supported yet for simulation. The statement will be ignored.
WARNING: [XSIM 43-4127] File "/wrk/2018.2/continuous/2018_06_14_2258646/packages/customer/vivado/data/ip/xilinx/axi_protocol_checker_v2_0/hdl/axi_protocol_checker_v2_0_vl_rfs.sv" Line 4914 : The "System Verilog Assertion" is not supported yet for simulation. The statement will be ignored.
WARNING: [XSIM 43-4127] File "/wrk/2018.2/continuous/2018_06_14_2258646/packages/customer/vivado/data/ip/xilinx/axi_protocol_checker_v2_0/hdl/axi_protocol_checker_v2_0_vl_rfs.sv" Line 4920 : The "System Verilog Property Declaration" is not supported yet for simulation. The statement will be ignored.
WARNING: [XSIM 43-4127] File "/wrk/2018.2/continuous/2018_06_14_2258646/packages/customer/vivado/data/ip/xilinx/axi_protocol_checker_v2_0/hdl/axi_protocol_checker_v2_0_vl_rfs.sv" Line 4925 : The "System Verilog Assertion" is not supported yet for simulation. The statement will be ignored.
WARNING: [XSIM 43-4127] File "/wrk/2018.2/continuous/2018_06_14_2258646/packages/customer/vivado/data/ip/xilinx/axi_protocol_checker_v2_0/hdl/axi_protocol_checker_v2_0_vl_rfs.sv" Line 4932 : The "System Verilog Property Declaration" is not supported yet for simulation. The statement will be ignored.
WARNING: [XSIM 43-4127] File "/wrk/2018.2/continuous/2018_06_14_2258646/packages/customer/vivado/data/ip/xilinx/axi_protocol_checker_v2_0/hdl/axi_protocol_checker_v2_0_vl_rfs.sv" Line 4937 : The "System Verilog Assertion" is not supported yet for simulation. The statement will be ignored.
WARNING: [XSIM 43-4127] File "/wrk/2018.2/continuous/2018_06_14_2258646/packages/customer/vivado/data/ip/xilinx/axi_protocol_checker_v2_0/hdl/axi_protocol_checker_v2_0_vl_rfs.sv" Line 4943 : The "System Verilog Property Declaration" is not supported yet for simulation. The statement will be ignored.
WARNING: [XSIM 43-4127] File "/wrk/2018.2/continuous/2018_06_14_2258646/packages/customer/vivado/data/ip/xilinx/axi_protocol_checker_v2_0/hdl/axi_protocol_checker_v2_0_vl_rfs.sv" Line 4948 : The "System Verilog Assertion" is not supported yet for simulation. The statement will be ignored.
WARNING: [XSIM 43-4127] File "/wrk/2018.2/continuous/2018_06_14_2258646/packages/customer/vivado/data/ip/xilinx/axi_protocol_checker_v2_0/hdl/axi_protocol_checker_v2_0_vl_rfs.sv" Line 4954 : The "System Verilog Property Declaration" is not supported yet for simulation. The statement will be ignored.
WARNING: [XSIM 43-4127] File "/wrk/2018.2/continuous/2018_06_14_2258646/packages/customer/vivado/data/ip/xilinx/axi_protocol_checker_v2_0/hdl/axi_protocol_checker_v2_0_vl_rfs.sv" Line 4959 : The "System Verilog Assertion" is not supported yet for simulation. The statement will be ignored.
WARNING: [XSIM 43-4127] File "/wrk/2018.2/continuous/2018_06_14_2258646/packages/customer/vivado/data/ip/xilinx/axi_protocol_checker_v2_0/hdl/axi_protocol_checker_v2_0_vl_rfs.sv" Line 4965 : The "System Verilog Property Declaration" is not supported yet for simulation. The statement will be ignored.
WARNING: [XSIM 43-4127] File "/wrk/2018.2/continuous/2018_06_14_2258646/packages/customer/vivado/data/ip/xilinx/axi_protocol_checker_v2_0/hdl/axi_protocol_checker_v2_0_vl_rfs.sv" Line 4970 : The "System Verilog Assertion" is not supported yet for simulation. The statement will be ignored.
WARNING: [XSIM 43-4127] File "/wrk/2018.2/continuous/2018_06_14_2258646/packages/customer/vivado/data/ip/xilinx/axi_protocol_checker_v2_0/hdl/axi_protocol_checker_v2_0_vl_rfs.sv" Line 4976 : The "System Verilog Property Declaration" is not supported yet for simulation. The statement will be ignored.
WARNING: [XSIM 43-4127] File "/wrk/2018.2/continuous/2018_06_14_2258646/packages/customer/vivado/data/ip/xilinx/axi_protocol_checker_v2_0/hdl/axi_protocol_checker_v2_0_vl_rfs.sv" Line 4981 : The "System Verilog Assertion" is not supported yet for simulation. The statement will be ignored.
WARNING: [XSIM 43-4127] File "/wrk/2018.2/continuous/2018_06_14_2258646/packages/customer/vivado/data/ip/xilinx/axi_protocol_checker_v2_0/hdl/axi_protocol_checker_v2_0_vl_rfs.sv" Line 4987 : The "System Verilog Property Declaration" is not supported yet for simulation. The statement will be ignored.
WARNING: [XSIM 43-4127] File "/wrk/2018.2/continuous/2018_06_14_2258646/packages/customer/vivado/data/ip/xilinx/axi_protocol_checker_v2_0/hdl/axi_protocol_checker_v2_0_vl_rfs.sv" Line 4992 : The "System Verilog Assertion" is not supported yet for simulation. The statement will be ignored.
WARNING: [XSIM 43-4127] File "/wrk/2018.2/continuous/2018_06_14_2258646/packages/customer/vivado/data/ip/xilinx/axi_protocol_checker_v2_0/hdl/axi_protocol_checker_v2_0_vl_rfs.sv" Line 4998 : The "System Verilog Property Declaration" is not supported yet for simulation. The statement will be ignored.
WARNING: [XSIM 43-4127] File "/wrk/2018.2/continuous/2018_06_14_2258646/packages/customer/vivado/data/ip/xilinx/axi_protocol_checker_v2_0/hdl/axi_protocol_checker_v2_0_vl_rfs.sv" Line 5003 : The "System Verilog Assertion" is not supported yet for simulation. The statement will be ignored.
WARNING: [XSIM 43-4127] File "/wrk/2018.2/continuous/2018_06_14_2258646/packages/customer/vivado/data/ip/xilinx/axi_protocol_checker_v2_0/hdl/axi_protocol_checker_v2_0_vl_rfs.sv" Line 5009 : The "System Verilog Property Declaration" is not supported yet for simulation. The statement will be ignored.
WARNING: [XSIM 43-4127] File "/wrk/2018.2/continuous/2018_06_14_2258646/packages/customer/vivado/data/ip/xilinx/axi_protocol_checker_v2_0/hdl/axi_protocol_checker_v2_0_vl_rfs.sv" Line 5014 : The "System Verilog Assertion" is not supported yet for simulation. The statement will be ignored.
WARNING: [XSIM 43-4127] File "/wrk/2018.2/continuous/2018_06_14_2258646/packages/customer/vivado/data/ip/xilinx/axi_protocol_checker_v2_0/hdl/axi_protocol_checker_v2_0_vl_rfs.sv" Line 5020 : The "System Verilog Property Declaration" is not supported yet for simulation. The statement will be ignored.
WARNING: [XSIM 43-4127] File "/wrk/2018.2/continuous/2018_06_14_2258646/packages/customer/vivado/data/ip/xilinx/axi_protocol_checker_v2_0/hdl/axi_protocol_checker_v2_0_vl_rfs.sv" Line 5025 : The "System Verilog Assertion" is not supported yet for simulation. The statement will be ignored.
WARNING: [XSIM 43-4127] File "/wrk/2018.2/continuous/2018_06_14_2258646/packages/customer/vivado/data/ip/xilinx/axi_protocol_checker_v2_0/hdl/axi_protocol_checker_v2_0_vl_rfs.sv" Line 5031 : The "System Verilog Property Declaration" is not supported yet for simulation. The statement will be ignored.
WARNING: [XSIM 43-4127] File "/wrk/2018.2/continuous/2018_06_14_2258646/packages/customer/vivado/data/ip/xilinx/axi_protocol_checker_v2_0/hdl/axi_protocol_checker_v2_0_vl_rfs.sv" Line 5036 : The "System Verilog Assertion" is not supported yet for simulation. The statement will be ignored.
WARNING: [XSIM 43-4127] File "/wrk/2018.2/continuous/2018_06_14_2258646/packages/customer/vivado/data/ip/xilinx/axi_protocol_checker_v2_0/hdl/axi_protocol_checker_v2_0_vl_rfs.sv" Line 5042 : The "System Verilog Property Declaration" is not supported yet for simulation. The statement will be ignored.
WARNING: [XSIM 43-4127] File "/wrk/2018.2/continuous/2018_06_14_2258646/packages/customer/vivado/data/ip/xilinx/axi_protocol_checker_v2_0/hdl/axi_protocol_checker_v2_0_vl_rfs.sv" Line 5047 : The "System Verilog Assertion" is not supported yet for simulation. The statement will be ignored.
WARNING: [XSIM 43-4127] File "/wrk/2018.2/continuous/2018_06_14_2258646/packages/customer/vivado/data/ip/xilinx/axi_protocol_checker_v2_0/hdl/axi_protocol_checker_v2_0_vl_rfs.sv" Line 5053 : The "System Verilog Property Declaration" is not supported yet for simulation. The statement will be ignored.
WARNING: [XSIM 43-4127] File "/wrk/2018.2/continuous/2018_06_14_2258646/packages/customer/vivado/data/ip/xilinx/axi_protocol_checker_v2_0/hdl/axi_protocol_checker_v2_0_vl_rfs.sv" Line 5058 : The "System Verilog Assertion" is not supported yet for simulation. The statement will be ignored.
WARNING: [XSIM 43-4127] File "/wrk/2018.2/continuous/2018_06_14_2258646/packages/customer/vivado/data/ip/xilinx/axi_protocol_checker_v2_0/hdl/axi_protocol_checker_v2_0_vl_rfs.sv" Line 5064 : The "System Verilog Property Declaration" is not supported yet for simulation. The statement will be ignored.
WARNING: [XSIM 43-4127] File "/wrk/2018.2/continuous/2018_06_14_2258646/packages/customer/vivado/data/ip/xilinx/axi_protocol_checker_v2_0/hdl/axi_protocol_checker_v2_0_vl_rfs.sv" Line 5069 : The "System Verilog Assertion" is not supported yet for simulation. The statement will be ignored.
WARNING: [XSIM 43-4127] File "/wrk/2018.2/continuous/2018_06_14_2258646/packages/customer/vivado/data/ip/xilinx/axi_protocol_checker_v2_0/hdl/axi_protocol_checker_v2_0_vl_rfs.sv" Line 5075 : The "System Verilog Property Declaration" is not supported yet for simulation. The statement will be ignored.
WARNING: [XSIM 43-4127] File "/wrk/2018.2/continuous/2018_06_14_2258646/packages/customer/vivado/data/ip/xilinx/axi_protocol_checker_v2_0/hdl/axi_protocol_checker_v2_0_vl_rfs.sv" Line 5080 : The "System Verilog Assertion" is not supported yet for simulation. The statement will be ignored.
WARNING: [XSIM 43-4127] File "/wrk/2018.2/continuous/2018_06_14_2258646/packages/customer/vivado/data/ip/xilinx/axi_protocol_checker_v2_0/hdl/axi_protocol_checker_v2_0_vl_rfs.sv" Line 5086 : The "System Verilog Property Declaration" is not supported yet for simulation. The statement will be ignored.
WARNING: [XSIM 43-4127] File "/wrk/2018.2/continuous/2018_06_14_2258646/packages/customer/vivado/data/ip/xilinx/axi_protocol_checker_v2_0/hdl/axi_protocol_checker_v2_0_vl_rfs.sv" Line 5091 : The "System Verilog Assertion" is not supported yet for simulation. The statement will be ignored.
WARNING: [XSIM 43-4127] File "/wrk/2018.2/continuous/2018_06_14_2258646/packages/customer/vivado/data/ip/xilinx/axi_protocol_checker_v2_0/hdl/axi_protocol_checker_v2_0_vl_rfs.sv" Line 5097 : The "System Verilog Property Declaration" is not supported yet for simulation. The statement will be ignored.
WARNING: [XSIM 43-4127] File "/wrk/2018.2/continuous/2018_06_14_2258646/packages/customer/vivado/data/ip/xilinx/axi_protocol_checker_v2_0/hdl/axi_protocol_checker_v2_0_vl_rfs.sv" Line 5102 : The "System Verilog Assertion" is not supported yet for simulation. The statement will be ignored.
WARNING: [XSIM 43-4127] File "/wrk/2018.2/continuous/2018_06_14_2258646/packages/customer/vivado/data/ip/xilinx/axi_protocol_checker_v2_0/hdl/axi_protocol_checker_v2_0_vl_rfs.sv" Line 5108 : The "System Verilog Property Declaration" is not supported yet for simulation. The statement will be ignored.
WARNING: [XSIM 43-4127] File "/wrk/2018.2/continuous/2018_06_14_2258646/packages/customer/vivado/data/ip/xilinx/axi_protocol_checker_v2_0/hdl/axi_protocol_checker_v2_0_vl_rfs.sv" Line 5113 : The "System Verilog Assertion" is not supported yet for simulation. The statement will be ignored.
WARNING: [XSIM 43-4127] File "/wrk/2018.2/continuous/2018_06_14_2258646/packages/customer/vivado/data/ip/xilinx/axi_protocol_checker_v2_0/hdl/axi_protocol_checker_v2_0_vl_rfs.sv" Line 5119 : The "System Verilog Property Declaration" is not supported yet for simulation. The statement will be ignored.
WARNING: [XSIM 43-4127] File "/wrk/2018.2/continuous/2018_06_14_2258646/packages/customer/vivado/data/ip/xilinx/axi_protocol_checker_v2_0/hdl/axi_protocol_checker_v2_0_vl_rfs.sv" Line 5124 : The "System Verilog Assertion" is not supported yet for simulation. The statement will be ignored.
WARNING: [XSIM 43-4127] File "/wrk/2018.2/continuous/2018_06_14_2258646/packages/customer/vivado/data/ip/xilinx/axi_protocol_checker_v2_0/hdl/axi_protocol_checker_v2_0_vl_rfs.sv" Line 5130 : The "System Verilog Property Declaration" is not supported yet for simulation. The statement will be ignored.
WARNING: [XSIM 43-4127] File "/wrk/2018.2/continuous/2018_06_14_2258646/packages/customer/vivado/data/ip/xilinx/axi_protocol_checker_v2_0/hdl/axi_protocol_checker_v2_0_vl_rfs.sv" Line 5135 : The "System Verilog Assertion" is not supported yet for simulation. The statement will be ignored.
WARNING: [XSIM 43-4127] File "/wrk/2018.2/continuous/2018_06_14_2258646/packages/customer/vivado/data/ip/xilinx/axi_protocol_checker_v2_0/hdl/axi_protocol_checker_v2_0_vl_rfs.sv" Line 5141 : The "System Verilog Property Declaration" is not supported yet for simulation. The statement will be ignored.
WARNING: [XSIM 43-4127] File "/wrk/2018.2/continuous/2018_06_14_2258646/packages/customer/vivado/data/ip/xilinx/axi_protocol_checker_v2_0/hdl/axi_protocol_checker_v2_0_vl_rfs.sv" Line 5146 : The "System Verilog Assertion" is not supported yet for simulation. The statement will be ignored.
WARNING: [XSIM 43-4127] File "/wrk/2018.2/continuous/2018_06_14_2258646/packages/customer/vivado/data/ip/xilinx/axi_protocol_checker_v2_0/hdl/axi_protocol_checker_v2_0_vl_rfs.sv" Line 5152 : The "System Verilog Property Declaration" is not supported yet for simulation. The statement will be ignored.
WARNING: [XSIM 43-4127] File "/wrk/2018.2/continuous/2018_06_14_2258646/packages/customer/vivado/data/ip/xilinx/axi_protocol_checker_v2_0/hdl/axi_protocol_checker_v2_0_vl_rfs.sv" Line 5157 : The "System Verilog Assertion" is not supported yet for simulation. The statement will be ignored.
WARNING: [XSIM 43-4127] File "/wrk/2018.2/continuous/2018_06_14_2258646/packages/customer/vivado/data/ip/xilinx/axi_protocol_checker_v2_0/hdl/axi_protocol_checker_v2_0_vl_rfs.sv" Line 5163 : The "System Verilog Property Declaration" is not supported yet for simulation. The statement will be ignored.
WARNING: [XSIM 43-4127] File "/wrk/2018.2/continuous/2018_06_14_2258646/packages/customer/vivado/data/ip/xilinx/axi_protocol_checker_v2_0/hdl/axi_protocol_checker_v2_0_vl_rfs.sv" Line 5168 : The "System Verilog Assertion" is not supported yet for simulation. The statement will be ignored.
WARNING: [XSIM 43-4127] File "/wrk/2018.2/continuous/2018_06_14_2258646/packages/customer/vivado/data/ip/xilinx/sc_node_v1_0/hdl/sc_node_v1_0_vl_rfs.sv" Line 3873 : The "System Verilog Property Declaration" is not supported yet for simulation. The statement will be ignored.
WARNING: [XSIM 43-4127] File "/wrk/2018.2/continuous/2018_06_14_2258646/packages/customer/vivado/data/ip/xilinx/sc_node_v1_0/hdl/sc_node_v1_0_vl_rfs.sv" Line 3878 : The "System Verilog Assertion" is not supported yet for simulation. The statement will be ignored.
WARNING: [XSIM 43-4127] File "/wrk/2018.2/continuous/2018_06_14_2258646/packages/customer/vivado/data/ip/xilinx/sc_node_v1_0/hdl/sc_node_v1_0_vl_rfs.sv" Line 3885 : The "System Verilog Property Declaration" is not supported yet for simulation. The statement will be ignored.
WARNING: [XSIM 43-4127] File "/wrk/2018.2/continuous/2018_06_14_2258646/packages/customer/vivado/data/ip/xilinx/sc_node_v1_0/hdl/sc_node_v1_0_vl_rfs.sv" Line 3890 : The "System Verilog Assertion" is not supported yet for simulation. The statement will be ignored.
WARNING: [XSIM 43-4127] File "/wrk/2018.2/continuous/2018_06_14_2258646/packages/customer/vivado/data/ip/xilinx/sc_node_v1_0/hdl/sc_node_v1_0_vl_rfs.sv" Line 3895 : The "System Verilog Property Declaration" is not supported yet for simulation. The statement will be ignored.
WARNING: [XSIM 43-4127] File "/wrk/2018.2/continuous/2018_06_14_2258646/packages/customer/vivado/data/ip/xilinx/sc_node_v1_0/hdl/sc_node_v1_0_vl_rfs.sv" Line 3900 : The "System Verilog Assertion" is not supported yet for simulation. The statement will be ignored.
WARNING: [XSIM 43-4127] File "/wrk/2018.2/continuous/2018_06_14_2258646/packages/customer/vivado/data/ip/xilinx/sc_node_v1_0/hdl/sc_node_v1_0_vl_rfs.sv" Line 3873 : The "System Verilog Property Declaration" is not supported yet for simulation. The statement will be ignored.
WARNING: [XSIM 43-4127] File "/wrk/2018.2/continuous/2018_06_14_2258646/packages/customer/vivado/data/ip/xilinx/sc_node_v1_0/hdl/sc_node_v1_0_vl_rfs.sv" Line 3878 : The "System Verilog Assertion" is not supported yet for simulation. The statement will be ignored.
WARNING: [XSIM 43-4127] File "/wrk/2018.2/continuous/2018_06_14_2258646/packages/customer/vivado/data/ip/xilinx/sc_node_v1_0/hdl/sc_node_v1_0_vl_rfs.sv" Line 3885 : The "System Verilog Property Declaration" is not supported yet for simulation. The statement will be ignored.
WARNING: [XSIM 43-4127] File "/wrk/2018.2/continuous/2018_06_14_2258646/packages/customer/vivado/data/ip/xilinx/sc_node_v1_0/hdl/sc_node_v1_0_vl_rfs.sv" Line 3890 : The "System Verilog Assertion" is not supported yet for simulation. The statement will be ignored.
WARNING: [XSIM 43-4127] File "/wrk/2018.2/continuous/2018_06_14_2258646/packages/customer/vivado/data/ip/xilinx/sc_node_v1_0/hdl/sc_node_v1_0_vl_rfs.sv" Line 3895 : The "System Verilog Property Declaration" is not supported yet for simulation. The statement will be ignored.
WARNING: [XSIM 43-4127] File "/wrk/2018.2/continuous/2018_06_14_2258646/packages/customer/vivado/data/ip/xilinx/sc_node_v1_0/hdl/sc_node_v1_0_vl_rfs.sv" Line 3900 : The "System Verilog Assertion" is not supported yet for simulation. The statement will be ignored.
WARNING: [XSIM 43-4127] File "/wrk/2018.2/continuous/2018_06_14_2258646/packages/customer/vivado/data/ip/xilinx/sc_node_v1_0/hdl/sc_node_v1_0_vl_rfs.sv" Line 3873 : The "System Verilog Property Declaration" is not supported yet for simulation. The statement will be ignored.
WARNING: [XSIM 43-4127] File "/wrk/2018.2/continuous/2018_06_14_2258646/packages/customer/vivado/data/ip/xilinx/sc_node_v1_0/hdl/sc_node_v1_0_vl_rfs.sv" Line 3878 : The "System Verilog Assertion" is not supported yet for simulation. The statement will be ignored.
WARNING: [XSIM 43-4127] File "/wrk/2018.2/continuous/2018_06_14_2258646/packages/customer/vivado/data/ip/xilinx/sc_node_v1_0/hdl/sc_node_v1_0_vl_rfs.sv" Line 3885 : The "System Verilog Property Declaration" is not supported yet for simulation. The statement will be ignored.
WARNING: [XSIM 43-4127] File "/wrk/2018.2/continuous/2018_06_14_2258646/packages/customer/vivado/data/ip/xilinx/sc_node_v1_0/hdl/sc_node_v1_0_vl_rfs.sv" Line 3890 : The "System Verilog Assertion" is not supported yet for simulation. The statement will be ignored.
WARNING: [XSIM 43-4127] File "/wrk/2018.2/continuous/2018_06_14_2258646/packages/customer/vivado/data/ip/xilinx/sc_node_v1_0/hdl/sc_node_v1_0_vl_rfs.sv" Line 3895 : The "System Verilog Property Declaration" is not supported yet for simulation. The statement will be ignored.
WARNING: [XSIM 43-4127] File "/wrk/2018.2/continuous/2018_06_14_2258646/packages/customer/vivado/data/ip/xilinx/sc_node_v1_0/hdl/sc_node_v1_0_vl_rfs.sv" Line 3900 : The "System Verilog Assertion" is not supported yet for simulation. The statement will be ignored.
WARNING: [XSIM 43-4127] File "/wrk/2018.2/continuous/2018_06_14_2258646/packages/customer/vivado/data/ip/xilinx/sc_node_v1_0/hdl/sc_node_v1_0_vl_rfs.sv" Line 3873 : The "System Verilog Property Declaration" is not supported yet for simulation. The statement will be ignored.
WARNING: [XSIM 43-4127] File "/wrk/2018.2/continuous/2018_06_14_2258646/packages/customer/vivado/data/ip/xilinx/sc_node_v1_0/hdl/sc_node_v1_0_vl_rfs.sv" Line 3878 : The "System Verilog Assertion" is not supported yet for simulation. The statement will be ignored.
WARNING: [XSIM 43-4127] File "/wrk/2018.2/continuous/2018_06_14_2258646/packages/customer/vivado/data/ip/xilinx/sc_node_v1_0/hdl/sc_node_v1_0_vl_rfs.sv" Line 3885 : The "System Verilog Property Declaration" is not supported yet for simulation. The statement will be ignored.
WARNING: [XSIM 43-4127] File "/wrk/2018.2/continuous/2018_06_14_2258646/packages/customer/vivado/data/ip/xilinx/sc_node_v1_0/hdl/sc_node_v1_0_vl_rfs.sv" Line 3890 : The "System Verilog Assertion" is not supported yet for simulation. The statement will be ignored.
WARNING: [XSIM 43-4127] File "/wrk/2018.2/continuous/2018_06_14_2258646/packages/customer/vivado/data/ip/xilinx/sc_node_v1_0/hdl/sc_node_v1_0_vl_rfs.sv" Line 3895 : The "System Verilog Property Declaration" is not supported yet for simulation. The statement will be ignored.
WARNING: [XSIM 43-4127] File "/wrk/2018.2/continuous/2018_06_14_2258646/packages/customer/vivado/data/ip/xilinx/sc_node_v1_0/hdl/sc_node_v1_0_vl_rfs.sv" Line 3900 : The "System Verilog Assertion" is not supported yet for simulation. The statement will be ignored.
WARNING: [XSIM 43-4127] File "/wrk/2018.2/continuous/2018_06_14_2258646/packages/customer/vivado/data/ip/xilinx/sc_node_v1_0/hdl/sc_node_v1_0_vl_rfs.sv" Line 3873 : The "System Verilog Property Declaration" is not supported yet for simulation. The statement will be ignored.
WARNING: [XSIM 43-4127] File "/wrk/2018.2/continuous/2018_06_14_2258646/packages/customer/vivado/data/ip/xilinx/sc_node_v1_0/hdl/sc_node_v1_0_vl_rfs.sv" Line 3878 : The "System Verilog Assertion" is not supported yet for simulation. The statement will be ignored.
WARNING: [XSIM 43-4127] File "/wrk/2018.2/continuous/2018_06_14_2258646/packages/customer/vivado/data/ip/xilinx/sc_node_v1_0/hdl/sc_node_v1_0_vl_rfs.sv" Line 3885 : The "System Verilog Property Declaration" is not supported yet for simulation. The statement will be ignored.
WARNING: [XSIM 43-4127] File "/wrk/2018.2/continuous/2018_06_14_2258646/packages/customer/vivado/data/ip/xilinx/sc_node_v1_0/hdl/sc_node_v1_0_vl_rfs.sv" Line 3890 : The "System Verilog Assertion" is not supported yet for simulation. The statement will be ignored.
WARNING: [XSIM 43-4127] File "/wrk/2018.2/continuous/2018_06_14_2258646/packages/customer/vivado/data/ip/xilinx/sc_node_v1_0/hdl/sc_node_v1_0_vl_rfs.sv" Line 3895 : The "System Verilog Property Declaration" is not supported yet for simulation. The statement will be ignored.
WARNING: [XSIM 43-4127] File "/wrk/2018.2/continuous/2018_06_14_2258646/packages/customer/vivado/data/ip/xilinx/sc_node_v1_0/hdl/sc_node_v1_0_vl_rfs.sv" Line 3900 : The "System Verilog Assertion" is not supported yet for simulation. The statement will be ignored.
WARNING: [XSIM 43-4127] File "/wrk/2018.2/continuous/2018_06_14_2258646/packages/customer/vivado/data/ip/xilinx/sc_node_v1_0/hdl/sc_node_v1_0_vl_rfs.sv" Line 3873 : The "System Verilog Property Declaration" is not supported yet for simulation. The statement will be ignored.
WARNING: [XSIM 43-4127] File "/wrk/2018.2/continuous/2018_06_14_2258646/packages/customer/vivado/data/ip/xilinx/sc_node_v1_0/hdl/sc_node_v1_0_vl_rfs.sv" Line 3878 : The "System Verilog Assertion" is not supported yet for simulation. The statement will be ignored.
WARNING: [XSIM 43-4127] File "/wrk/2018.2/continuous/2018_06_14_2258646/packages/customer/vivado/data/ip/xilinx/sc_node_v1_0/hdl/sc_node_v1_0_vl_rfs.sv" Line 3885 : The "System Verilog Property Declaration" is not supported yet for simulation. The statement will be ignored.
WARNING: [XSIM 43-4127] File "/wrk/2018.2/continuous/2018_06_14_2258646/packages/customer/vivado/data/ip/xilinx/sc_node_v1_0/hdl/sc_node_v1_0_vl_rfs.sv" Line 3890 : The "System Verilog Assertion" is not supported yet for simulation. The statement will be ignored.
WARNING: [XSIM 43-4127] File "/wrk/2018.2/continuous/2018_06_14_2258646/packages/customer/vivado/data/ip/xilinx/sc_node_v1_0/hdl/sc_node_v1_0_vl_rfs.sv" Line 3895 : The "System Verilog Property Declaration" is not supported yet for simulation. The statement will be ignored.
WARNING: [XSIM 43-4127] File "/wrk/2018.2/continuous/2018_06_14_2258646/packages/customer/vivado/data/ip/xilinx/sc_node_v1_0/hdl/sc_node_v1_0_vl_rfs.sv" Line 3900 : The "System Verilog Assertion" is not supported yet for simulation. The statement will be ignored.
WARNING: [XSIM 43-4127] File "/wrk/2018.2/continuous/2018_06_14_2258646/packages/customer/vivado/data/ip/xilinx/sc_node_v1_0/hdl/sc_node_v1_0_vl_rfs.sv" Line 3873 : The "System Verilog Property Declaration" is not supported yet for simulation. The statement will be ignored.
WARNING: [XSIM 43-4127] File "/wrk/2018.2/continuous/2018_06_14_2258646/packages/customer/vivado/data/ip/xilinx/sc_node_v1_0/hdl/sc_node_v1_0_vl_rfs.sv" Line 3878 : The "System Verilog Assertion" is not supported yet for simulation. The statement will be ignored.
WARNING: [XSIM 43-4127] File "/wrk/2018.2/continuous/2018_06_14_2258646/packages/customer/vivado/data/ip/xilinx/sc_node_v1_0/hdl/sc_node_v1_0_vl_rfs.sv" Line 3885 : The "System Verilog Property Declaration" is not supported yet for simulation. The statement will be ignored.
WARNING: [XSIM 43-4127] File "/wrk/2018.2/continuous/2018_06_14_2258646/packages/customer/vivado/data/ip/xilinx/sc_node_v1_0/hdl/sc_node_v1_0_vl_rfs.sv" Line 3890 : The "System Verilog Assertion" is not supported yet for simulation. The statement will be ignored.
WARNING: [XSIM 43-4127] File "/wrk/2018.2/continuous/2018_06_14_2258646/packages/customer/vivado/data/ip/xilinx/sc_node_v1_0/hdl/sc_node_v1_0_vl_rfs.sv" Line 3895 : The "System Verilog Property Declaration" is not supported yet for simulation. The statement will be ignored.
WARNING: [XSIM 43-4127] File "/wrk/2018.2/continuous/2018_06_14_2258646/packages/customer/vivado/data/ip/xilinx/sc_node_v1_0/hdl/sc_node_v1_0_vl_rfs.sv" Line 3900 : The "System Verilog Assertion" is not supported yet for simulation. The statement will be ignored.
WARNING: [XSIM 43-4127] File "/wrk/2018.2/continuous/2018_06_14_2258646/packages/customer/vivado/data/ip/xilinx/sc_node_v1_0/hdl/sc_node_v1_0_vl_rfs.sv" Line 3873 : The "System Verilog Property Declaration" is not supported yet for simulation. The statement will be ignored.
WARNING: [XSIM 43-4127] File "/wrk/2018.2/continuous/2018_06_14_2258646/packages/customer/vivado/data/ip/xilinx/sc_node_v1_0/hdl/sc_node_v1_0_vl_rfs.sv" Line 3878 : The "System Verilog Assertion" is not supported yet for simulation. The statement will be ignored.
WARNING: [XSIM 43-4127] File "/wrk/2018.2/continuous/2018_06_14_2258646/packages/customer/vivado/data/ip/xilinx/sc_node_v1_0/hdl/sc_node_v1_0_vl_rfs.sv" Line 3885 : The "System Verilog Property Declaration" is not supported yet for simulation. The statement will be ignored.
WARNING: [XSIM 43-4127] File "/wrk/2018.2/continuous/2018_06_14_2258646/packages/customer/vivado/data/ip/xilinx/sc_node_v1_0/hdl/sc_node_v1_0_vl_rfs.sv" Line 3890 : The "System Verilog Assertion" is not supported yet for simulation. The statement will be ignored.
WARNING: [XSIM 43-4127] File "/wrk/2018.2/continuous/2018_06_14_2258646/packages/customer/vivado/data/ip/xilinx/sc_node_v1_0/hdl/sc_node_v1_0_vl_rfs.sv" Line 3895 : The "System Verilog Property Declaration" is not supported yet for simulation. The statement will be ignored.
WARNING: [XSIM 43-4127] File "/wrk/2018.2/continuous/2018_06_14_2258646/packages/customer/vivado/data/ip/xilinx/sc_node_v1_0/hdl/sc_node_v1_0_vl_rfs.sv" Line 3900 : The "System Verilog Assertion" is not supported yet for simulation. The statement will be ignored.
WARNING: [XSIM 43-4127] File "/wrk/2018.2/continuous/2018_06_14_2258646/packages/customer/vivado/data/ip/xilinx/sc_node_v1_0/hdl/sc_node_v1_0_vl_rfs.sv" Line 3873 : The "System Verilog Property Declaration" is not supported yet for simulation. The statement will be ignored.
WARNING: [XSIM 43-4127] File "/wrk/2018.2/continuous/2018_06_14_2258646/packages/customer/vivado/data/ip/xilinx/sc_node_v1_0/hdl/sc_node_v1_0_vl_rfs.sv" Line 3878 : The "System Verilog Assertion" is not supported yet for simulation. The statement will be ignored.
WARNING: [XSIM 43-4127] File "/wrk/2018.2/continuous/2018_06_14_2258646/packages/customer/vivado/data/ip/xilinx/sc_node_v1_0/hdl/sc_node_v1_0_vl_rfs.sv" Line 3885 : The "System Verilog Property Declaration" is not supported yet for simulation. The statement will be ignored.
WARNING: [XSIM 43-4127] File "/wrk/2018.2/continuous/2018_06_14_2258646/packages/customer/vivado/data/ip/xilinx/sc_node_v1_0/hdl/sc_node_v1_0_vl_rfs.sv" Line 3890 : The "System Verilog Assertion" is not supported yet for simulation. The statement will be ignored.
WARNING: [XSIM 43-4127] File "/wrk/2018.2/continuous/2018_06_14_2258646/packages/customer/vivado/data/ip/xilinx/sc_node_v1_0/hdl/sc_node_v1_0_vl_rfs.sv" Line 3895 : The "System Verilog Property Declaration" is not supported yet for simulation. The statement will be ignored.
WARNING: [XSIM 43-4127] File "/wrk/2018.2/continuous/2018_06_14_2258646/packages/customer/vivado/data/ip/xilinx/sc_node_v1_0/hdl/sc_node_v1_0_vl_rfs.sv" Line 3900 : The "System Verilog Assertion" is not supported yet for simulation. The statement will be ignored.
WARNING: [XSIM 43-4127] File "/wrk/2018.2/continuous/2018_06_14_2258646/packages/customer/vivado/data/ip/xilinx/sc_node_v1_0/hdl/sc_node_v1_0_vl_rfs.sv" Line 3873 : The "System Verilog Property Declaration" is not supported yet for simulation. The statement will be ignored.
WARNING: [XSIM 43-4127] File "/wrk/2018.2/continuous/2018_06_14_2258646/packages/customer/vivado/data/ip/xilinx/sc_node_v1_0/hdl/sc_node_v1_0_vl_rfs.sv" Line 3878 : The "System Verilog Assertion" is not supported yet for simulation. The statement will be ignored.
WARNING: [XSIM 43-4127] File "/wrk/2018.2/continuous/2018_06_14_2258646/packages/customer/vivado/data/ip/xilinx/sc_node_v1_0/hdl/sc_node_v1_0_vl_rfs.sv" Line 3885 : The "System Verilog Property Declaration" is not supported yet for simulation. The statement will be ignored.
WARNING: [XSIM 43-4127] File "/wrk/2018.2/continuous/2018_06_14_2258646/packages/customer/vivado/data/ip/xilinx/sc_node_v1_0/hdl/sc_node_v1_0_vl_rfs.sv" Line 3890 : The "System Verilog Assertion" is not supported yet for simulation. The statement will be ignored.
WARNING: [XSIM 43-4127] File "/wrk/2018.2/continuous/2018_06_14_2258646/packages/customer/vivado/data/ip/xilinx/sc_node_v1_0/hdl/sc_node_v1_0_vl_rfs.sv" Line 3895 : The "System Verilog Property Declaration" is not supported yet for simulation. The statement will be ignored.
WARNING: [XSIM 43-4127] File "/wrk/2018.2/continuous/2018_06_14_2258646/packages/customer/vivado/data/ip/xilinx/sc_node_v1_0/hdl/sc_node_v1_0_vl_rfs.sv" Line 3900 : The "System Verilog Assertion" is not supported yet for simulation. The statement will be ignored.
Starting simulation data flow analysis
Completed simulation data flow analysis
Time Resolution for simulation is 1ps
Compiling package std.standard
Compiling package std.textio
Compiling package ieee.std_logic_1164
Compiling package ieee.numeric_std
Compiling package unisim.vcomponents
Compiling package ieee.vital_timing
Compiling package ieee.vital_primitives
Compiling package unisim.vpkg
Compiling package ieee.std_logic_arith
Compiling package synopsys.attributes
Compiling package ieee.std_logic_misc
Compiling package ieee.std_logic_unsigned
Compiling package lib_pkg_v1_0_2.lib_pkg
Compiling package xpm.vcomponents
Compiling module xil_defaultlib.exerciser
Compiling module unisims_ver.BUFG
Compiling module unisims_ver.MMCME3_ADV(CLKFBOUT_MULT_F=8.0,C...
Compiling module xil_defaultlib.ddr4_v2_2_5_infrastructure(CLKIN...
Compiling module unisims_ver.OBUF
Compiling module unisims_ver.IBUFDS(IBUF_LOW_PWR="FALSE")
Compiling module unisims_ver.PLLE3_ADV(CLKFBOUT_MULT=4,CLKFBO...
Compiling module xil_defaultlib.ddr4_phy_v2_2_0_pll(BACKBONE_ROU...
Compiling module unisims_ver.OBUFDS
Compiling module xil_defaultlib.ddr4_phy_v2_2_0_iob_byte(IOBTYPE...
Compiling module xil_defaultlib.ddr4_phy_v2_2_0_iob_byte(IOBTYPE...
Compiling module xil_defaultlib.ddr4_phy_v2_2_0_iob_byte(IOBTYPE...
Compiling module unisims_ver.HPIO_VREF(VREF_CNTR="FABRIC_RANG...
Compiling module unisims_ver.IOBUFE3_default
Compiling module unisims_ver.IOBUFDS
Compiling module xil_defaultlib.ddr4_phy_v2_2_0_iob_byte(IOBTYPE...
Compiling module xil_defaultlib.ddr4_phy_v2_2_0_iob(BYTES=11,IOB...
Compiling module unisims_ver.RIU_OR_default
Compiling module xil_defaultlib.ddr4_phy_v2_2_0_xiphy_riuor_wrap...
Compiling secureip modules ...
Compiling module unisims_ver.RXTX_BITSLICE(ENABLE_PRE_EMPHASI...
Compiling module xil_defaultlib.ddr4_phy_v2_2_0_xiphy_bitslice_w...
Compiling secureip modules ...
Compiling module unisims_ver.RXTX_BITSLICE(ENABLE_PRE_EMPHASI...
Compiling module xil_defaultlib.ddr4_phy_v2_2_0_xiphy_bitslice_w...
Compiling module unisims_ver.RXTX_BITSLICE(ENABLE_PRE_EMPHASI...
Compiling module xil_defaultlib.ddr4_phy_v2_2_0_xiphy_bitslice_w...
Compiling secureip modules ...
Compiling module unisims_ver.TX_BITSLICE_TRI(OUTPUT_PHASE_90=...
Compiling module xil_defaultlib.ddr4_phy_v2_2_0_xiphy_tristate_w...
Compiling module unisims_ver.x_lut1_mux2
Compiling module unisims_ver.LUT1
Compiling secureip modules ...
Compiling module unisims_ver.BITSLICE_CONTROL(DIV_MODE="DIV4"...
Compiling module xil_defaultlib.ddr4_phy_v2_2_0_xiphy_control_wr...
Compiling module xil_defaultlib.ddr4_phy_v2_2_0_xiphy_byte_wrapp...
Compiling module xil_defaultlib.ddr4_phy_v2_2_0_xiphy_byte_wrapp...
Compiling module xil_defaultlib.ddr4_phy_v2_2_0_xiphy_byte_wrapp...
Compiling secureip modules ...
Compiling module unisims_ver.RXTX_BITSLICE(ENABLE_PRE_EMPHASI...
Compiling module xil_defaultlib.ddr4_phy_v2_2_0_xiphy_bitslice_w...
Compiling secureip modules ...
Compiling module unisims_ver.RXTX_BITSLICE(ENABLE_PRE_EMPHASI...
Compiling module xil_defaultlib.ddr4_phy_v2_2_0_xiphy_bitslice_w...
Compiling secureip modules ...
Compiling module unisims_ver.RXTX_BITSLICE(ENABLE_PRE_EMPHASI...
Compiling module xil_defaultlib.ddr4_phy_v2_2_0_xiphy_bitslice_w...
Compiling secureip modules ...
Compiling module unisims_ver.RXTX_BITSLICE(ENABLE_PRE_EMPHASI...
Compiling module xil_defaultlib.ddr4_phy_v2_2_0_xiphy_bitslice_w...
Compiling secureip modules ...
Compiling module unisims_ver.RXTX_BITSLICE(ENABLE_PRE_EMPHASI...
Compiling module xil_defaultlib.ddr4_phy_v2_2_0_xiphy_bitslice_w...
Compiling secureip modules ...
Compiling module unisims_ver.RXTX_BITSLICE(ENABLE_PRE_EMPHASI...
Compiling module xil_defaultlib.ddr4_phy_v2_2_0_xiphy_bitslice_w...
Compiling secureip modules ...
Compiling module unisims_ver.RXTX_BITSLICE(ENABLE_PRE_EMPHASI...
Compiling module xil_defaultlib.ddr4_phy_v2_2_0_xiphy_bitslice_w...
Compiling secureip modules ...
Compiling module unisims_ver.RXTX_BITSLICE(ENABLE_PRE_EMPHASI...
Compiling module xil_defaultlib.ddr4_phy_v2_2_0_xiphy_bitslice_w...
Compiling secureip modules ...
Compiling module unisims_ver.RXTX_BITSLICE(ENABLE_PRE_EMPHASI...
Compiling module xil_defaultlib.ddr4_phy_v2_2_0_xiphy_bitslice_w...
Compiling secureip modules ...
Compiling module unisims_ver.RXTX_BITSLICE(ENABLE_PRE_EMPHASI...
Compiling module xil_defaultlib.ddr4_phy_v2_2_0_xiphy_bitslice_w...
Compiling secureip modules ...
Compiling module unisims_ver.TX_BITSLICE_TRI(OUTPUT_PHASE_90=...
Compiling module xil_defaultlib.ddr4_phy_v2_2_0_xiphy_tristate_w...
Compiling secureip modules ...
Compiling module unisims_ver.TX_BITSLICE_TRI(OUTPUT_PHASE_90=...
Compiling module xil_defaultlib.ddr4_phy_v2_2_0_xiphy_tristate_w...
Compiling module unisims_ver.BITSLICE_CONTROL(DIV_MODE="DIV4"...
Compiling module xil_defaultlib.ddr4_phy_v2_2_0_xiphy_control_wr...
Compiling module unisims_ver.BITSLICE_CONTROL(DIV_MODE="DIV4"...
Compiling module xil_defaultlib.ddr4_phy_v2_2_0_xiphy_control_wr...
Compiling module xil_defaultlib.ddr4_phy_v2_2_0_xiphy_byte_wrapp...
Compiling module xil_defaultlib.ddr4_phy_v2_2_0_xiphy_byte_wrapp...
Compiling module xil_defaultlib.ddr4_phy_v2_2_0_xiphy(BYTES=11,D...
Compiling module xil_defaultlib.mem_ddr4_0_0_phy_ddr4_default
Compiling module xil_defaultlib.mem_ddr4_0_0_phy
Compiling module xil_defaultlib.ddr4_v2_2_5_mc_group(ABITS=17,AL...
Compiling module xil_defaultlib.ddr4_v2_2_5_mc_act_rank(tFAW=23,...
Compiling module xil_defaultlib.ddr4_v2_2_5_mc_act_timer(tFAW=23...
Compiling module xil_defaultlib.ddr4_v2_2_5_mc_arb_a
Compiling module xil_defaultlib.ddr4_v2_2_5_mc_wtr(tWTR_L=8)
Compiling module xil_defaultlib.ddr4_v2_2_5_mc_rd_wr(tWTR_L=8,tR...
Compiling module xil_defaultlib.ddr4_v2_2_5_mc_arb_c_default
Compiling module xil_defaultlib.ddr4_v2_2_5_mc_arb_p
Compiling module xil_defaultlib.ddr4_v2_2_5_mc_cmd_mux_ap(ABITS=...
Compiling module xil_defaultlib.ddr4_v2_2_5_mc_arb_mux_p(ABITS=1...
Compiling module xil_defaultlib.ddr4_v2_2_5_cal_mc_odt(ODTWR=16'...
Compiling module xil_defaultlib.ddr4_v2_2_5_mc_ctl(ABITS=17,CKEB...
Compiling module xil_defaultlib.ddr4_v2_2_5_mc_cmd_mux_c
Compiling module xil_defaultlib.ddr4_v2_2_5_mc_ref(LR_WIDTH=1,S_...
Compiling module xil_defaultlib.ddr4_v2_2_5_mc_periodic
Compiling module xil_defaultlib.ddr4_v2_2_5_mc_ecc(TCQ=0.1,DQ_WI...
Compiling module xil_defaultlib.ddr4_v2_2_5_mc(ABITS=17,CKEBITS=...
Compiling module xil_defaultlib.ddr4_v2_2_5_ui_cmd(TCQ=100.0,ADD...
Compiling module unisims_ver.RAM32M
Compiling module xil_defaultlib.ddr4_v2_2_5_ui_wr_data(TCQ=100.0...
Compiling module xil_defaultlib.ddr4_v2_2_5_ui_rd_data(TCQ=100.0...
Compiling module xil_defaultlib.ddr4_v2_2_5_ui(TCQ=100.0,ADDR_WI...
Compiling module xil_defaultlib.ddr4_v2_2_5_cal_debug_microblaze...
Compiling module xil_defaultlib.ddr4_v2_2_5_cal_cplx_data(DBYTES...
Compiling module xil_defaultlib.ddr4_v2_2_5_cal_cplx(DBYTES=8,AB...
Compiling module xil_defaultlib.ddr4_v2_2_5_cal_mc_odt(ODTWR=16'...
Compiling module xil_defaultlib.ddr4_v2_2_5_cal_addr_decode(DBYT...
Compiling module xil_defaultlib.ddr4_v2_2_5_cal_config_rom(MEM0=...
Compiling module xil_defaultlib.ddr4_v2_2_5_chipscope_xsdb_slave...
Compiling module xil_defaultlib.ddr4_v2_2_5_cal_sync(WIDTH=1)
Compiling module xil_defaultlib.ddr4_v2_2_5_cal_sync(WIDTH=16)
Compiling module xil_defaultlib.ddr4_v2_2_5_cal_sync(WIDTH=9)
Compiling module xil_defaultlib.ddr4_v2_2_5_cal_sync(WIDTH=1,MAX...
Compiling module xil_defaultlib.ddr4_v2_2_5_cal_sync(WIDTH=9,MAX...
Compiling module xil_defaultlib.ddr4_v2_2_5_cal_xsdb_arbiter
Compiling module xil_defaultlib.ddr4_v2_2_5_bram_tdp(INIT=2304'b...
Compiling module xil_defaultlib.ddr4_v2_2_5_cfg_mem_mod(SIZE=368...
Compiling module xil_defaultlib.ddr4_v2_2_5_cal_xsdb_bram(SPREAD...
Compiling module xil_defaultlib.ddr4_v2_2_5_cal(ABITS=17,CKEBITS...
Compiling module xil_defaultlib.ddr4_v2_2_5_cal_rd_en(RL=32'b011...
Compiling module xil_defaultlib.ddr4_v2_2_5_cal_read(DBYTES=8,RL...
Compiling module xil_defaultlib.ddr4_v2_2_5_cal_wr_bit
Compiling module xil_defaultlib.ddr4_v2_2_5_cal_wr_byte_default
Compiling module xil_defaultlib.ddr4_v2_2_5_cal_write(DBYTES=8,W...
Compiling module xil_defaultlib.ddr4_v2_2_5_cal_pi(DBYTES=8,DBYT...
Compiling module xil_defaultlib.ddr4_v2_2_5_cal_top(ABITS=17,COL...
Compiling module unisims_ver.VCC
Compiling module unisims_ver.GND
Compiling module unisims_ver.FDRE_default
Compiling module unisims_ver.FDR
Compiling module unisims_ver.FDSE_default
Compiling module unisims_ver.FDS
Compiling module unisims_ver.FD
Compiling module unisims_ver.FDRE(INIT=1'b1)
Compiling module unisims_ver.FD(INIT=1'b1)
Compiling module unisims_ver.RAM32X1D
Compiling module unisims_ver.FDE
Compiling module unisims_ver.LUT6_2(INIT=64'b1111111100000000...
Compiling module unisims_ver.LUT6_2(INIT=64'b0110000001111010...
Compiling module unisims_ver.MUXCY
Compiling module unisims_ver.MUXCY_L
Compiling module unisims_ver.XORCY
Compiling module unisims_ver.x_lut2_mux4
Compiling module unisims_ver.LUT2
Compiling module unisims_ver.MULT_AND
Compiling module unisims_ver.x_lut3_mux8
Compiling module unisims_ver.LUT3
Compiling module unisims_ver.LUT4
Compiling module unisims_ver.LUT6
Compiling module unisims_ver.MUXF5
Compiling module unisims_ver.SRL16E_default
Compiling module unisims_ver.LUT6_2(INIT=64'b0111100010000111...
Compiling module unisims_ver.LUT6_2(INIT=64'b1000011101111000...
Compiling module unisims_ver.LUT6_2(INIT=64'b0110011000000000...
Compiling module unisims_ver.LUT6_2(INIT=64'b1111111100000000...
Compiling module unisims_ver.LUT6_2(INIT=64'b0100010001000100...
Compiling module unisims_ver.LUT6_2(INIT=64'b0110011000000000...
Compiling module unisims_ver.LUT6_2(INIT=64'b0101010001111100...
Compiling module unisims_ver.LUT6_2(INIT=64'b0101010001011110...
Compiling module unisims_ver.LUT5
Compiling module unisims_ver.FDSE(INIT=1'b0)
Compiling module unisims_ver.MUXF7
Compiling module unisims_ver.INV
Compiling module unisims_ver.RB36_INTERNAL_VLOG(READ_WIDTH_A=...
Compiling module unisims_ver.RAMB36E1(READ_WIDTH_A=2,READ_WID...
Compiling module unisims_ver.RAMB36(READ_WIDTH_A=2,READ_WIDTH...
Compiling module xil_defaultlib.microblaze_mcs
Compiling module xil_defaultlib.mem_ddr4_0_0_microblaze_mcs
Compiling module xil_defaultlib.mem_ddr4_0_0_ddr4_cal_riu
Compiling module xil_defaultlib.ddr4_v2_2_5_cal_sync(WIDTH=1,MAX...
Compiling module xil_defaultlib.ddr4_v2_2_5_cal_sync(WIDTH=32,MA...
Compiling module xil_defaultlib.ddr4_v2_2_5_cal_sync(WIDTH=1,MAX...
Compiling module xil_defaultlib.ddr4_v2_2_5_cal_sync(WIDTH=20,MA...
Compiling module xil_defaultlib.ddr4_v2_2_5_cal_sync(WIDTH=32,TC...
Compiling module xil_defaultlib.ddr4_v2_2_5_cal_sync(WIDTH=1,TCQ...
Compiling module xil_defaultlib.mem_ddr4_0_0_ddr4_mem_intfc(ADDR...
Compiling module xil_defaultlib.ddr4_v2_2_5_axic_register_slice(...
Compiling module xil_defaultlib.ddr4_v2_2_5_axic_register_slice(...
Compiling module xil_defaultlib.ddr4_v2_2_5_axic_register_slice(...
Compiling module xil_defaultlib.ddr4_v2_2_5_axic_register_slice(...
Compiling module xil_defaultlib.ddr4_v2_2_5_axi_register_slice(C...
Compiling module xil_defaultlib.ddr4_v2_2_5_axic_register_slice(...
Compiling module xil_defaultlib.ddr4_v2_2_5_axic_register_slice(...
Compiling module xil_defaultlib.ddr4_v2_2_5_axic_register_slice(...
Compiling module xil_defaultlib.ddr4_v2_2_5_axic_register_slice(...
Compiling module xil_defaultlib.ddr4_v2_2_5_axi_register_slice(C...
Compiling module xil_defaultlib.ddr4_v2_2_5_axic_register_slice(...
Compiling module xil_defaultlib.ddr4_v2_2_5_axic_register_slice(...
Compiling module xil_defaultlib.ddr4_v2_2_5_axi_register_slice(C...
Compiling module xil_defaultlib.ddr4_v2_2_5_command_fifo(C_FAMIL...
Compiling module xil_defaultlib.ddr4_v2_2_5_a_upsizer(C_AXI_ID_W...
Compiling module xil_defaultlib.ddr4_v2_2_5_w_upsizer(C_S_AXI_DA...
Compiling module xil_defaultlib.ddr4_v2_2_5_a_upsizer(C_AXI_ID_W...
Compiling module xil_defaultlib.ddr4_v2_2_5_r_upsizer(C_AXI_ID_W...
Compiling module xil_defaultlib.ddr4_v2_2_5_axi_upsizer(C_AXI_ID...
Compiling module xil_defaultlib.ddr4_v2_2_5_axi_incr_cmd(C_MC_AD...
Compiling module xil_defaultlib.ddr4_v2_2_5_axi_wrap_cmd(C_MC_AD...
Compiling module xil_defaultlib.ddr4_v2_2_5_axi_cmd_translator(C...
Compiling module xil_defaultlib.ddr4_v2_2_5_axi_wr_cmd_fsm
Compiling module xil_defaultlib.ddr4_v2_2_5_axi_aw_channel(C_ID_...
Compiling module xil_defaultlib.ddr4_v2_2_5_axi_w_channel(C_DATA...
Compiling module xil_defaultlib.ddr4_v2_2_5_axi_fifo(C_WIDTH=1,C...
Compiling module xil_defaultlib.ddr4_v2_2_5_axi_b_channel(C_ID_W...
Compiling module xil_defaultlib.ddr4_v2_2_5_axi_incr_cmd(C_MC_AD...
Compiling module xil_defaultlib.ddr4_v2_2_5_axi_wrap_cmd(C_MC_AD...
Compiling module xil_defaultlib.ddr4_v2_2_5_axi_cmd_translator(C...
Compiling module xil_defaultlib.ddr4_v2_2_5_axi_cmd_fsm(C_MC_RD_...
Compiling module xil_defaultlib.ddr4_v2_2_5_axi_ar_channel(C_ID_...
Compiling module xil_defaultlib.ddr4_v2_2_5_axi_fifo(C_WIDTH=513...
Compiling module xil_defaultlib.ddr4_v2_2_5_axi_fifo(C_WIDTH=4,C...
Compiling module xil_defaultlib.ddr4_v2_2_5_axi_r_channel(C_ID_W...
Compiling module xil_defaultlib.ddr4_v2_2_5_axi_cmd_arbiter(C_MC...
Compiling module xil_defaultlib.ddr4_v2_2_5_axi(C_S_AXI_ID_WIDTH...
Compiling module xil_defaultlib.mem_ddr4_0_0_ddr4_default
Compiling module xil_defaultlib.mem_ddr4_0_0
Compiling module xil_defaultlib.ddr4_phy_v2_2_0_xiphy_byte_wrapp...
Compiling module xil_defaultlib.ddr4_phy_v2_2_0_xiphy_byte_wrapp...
Compiling module xil_defaultlib.ddr4_phy_v2_2_0_xiphy_byte_wrapp...
Compiling module xil_defaultlib.ddr4_phy_v2_2_0_xiphy_byte_wrapp...
Compiling module unisims_ver.RXTX_BITSLICE(ENABLE_PRE_EMPHASI...
Compiling module xil_defaultlib.ddr4_phy_v2_2_0_xiphy_bitslice_w...
Compiling module xil_defaultlib.ddr4_phy_v2_2_0_xiphy_byte_wrapp...
Compiling module xil_defaultlib.ddr4_phy_v2_2_0_xiphy_byte_wrapp...
Compiling module xil_defaultlib.ddr4_phy_v2_2_0_xiphy(BYTES=11,D...
Compiling module xil_defaultlib.mem_ddr4_1_0_phy_ddr4_default
Compiling module xil_defaultlib.mem_ddr4_1_0_phy
Compiling module xil_defaultlib.mem_ddr4_1_0_microblaze_mcs
Compiling module xil_defaultlib.mem_ddr4_1_0_ddr4_cal_riu
Compiling module xil_defaultlib.mem_ddr4_1_0_ddr4_mem_intfc(ADDR...
Compiling module xil_defaultlib.mem_ddr4_1_0_ddr4_default
Compiling module xil_defaultlib.mem_ddr4_1_0
Compiling module fifo_generator_v13_2_2.fifo_generator_v13_2_2_sync_stag...
Compiling module fifo_generator_v13_2_2.fifo_generator_v13_2_2_bhv_ver_a...
Compiling module fifo_generator_v13_2_2.fifo_generator_v13_2_2_bhv_ver_p...
Compiling module fifo_generator_v13_2_2.fifo_generator_v13_2_2_CONV_VER(...
Compiling module fifo_generator_v13_2_2.fifo_generator_vlog_beh(C_DATA_C...
Compiling module fifo_generator_v13_2_2.fifo_generator_v13_2_2_bhv_ver_a...
Compiling module fifo_generator_v13_2_2.fifo_generator_v13_2_2_bhv_ver_p...
Compiling module fifo_generator_v13_2_2.fifo_generator_v13_2_2_CONV_VER(...
Compiling module fifo_generator_v13_2_2.fifo_generator_vlog_beh(C_DATA_C...
Compiling module fifo_generator_v13_2_2.fifo_generator_v13_2_2_bhv_ver_a...
Compiling module fifo_generator_v13_2_2.fifo_generator_v13_2_2_bhv_ver_p...
Compiling module fifo_generator_v13_2_2.fifo_generator_v13_2_2_CONV_VER(...
Compiling module fifo_generator_v13_2_2.fifo_generator_vlog_beh(C_DATA_C...
Compiling module fifo_generator_v13_2_2.fifo_generator_vlog_beh(C_DATA_C...
Compiling module fifo_generator_v13_2_2.fifo_generator_v13_2_2_bhv_ver_a...
Compiling module fifo_generator_v13_2_2.fifo_generator_v13_2_2_bhv_ver_p...
Compiling module fifo_generator_v13_2_2.fifo_generator_v13_2_2_CONV_VER(...
Compiling module fifo_generator_v13_2_2.fifo_generator_vlog_beh(C_DATA_C...
Compiling module fifo_generator_v13_2_2.fifo_generator_v13_2_2(C_DATA_CO...
Compiling module axi_clock_converter_v2_1_16.axi_clock_converter_v2_1_16_axi_...
Compiling module xil_defaultlib.mem_auto_cc_0
Compiling module fifo_generator_v13_2_2.fifo_generator_v13_2_2_bhv_ver_s...
Compiling module fifo_generator_v13_2_2.fifo_generator_v13_2_2_bhv_ver_p...
Compiling module fifo_generator_v13_2_2.fifo_generator_v13_2_2_CONV_VER(...
Compiling module fifo_generator_v13_2_2.fifo_generator_v13_2_2_axic_reg_...
Compiling module fifo_generator_v13_2_2.fifo_generator_v13_2_2_bhv_ver_s...
Compiling module fifo_generator_v13_2_2.fifo_generator_v13_2_2_bhv_ver_p...
Compiling module fifo_generator_v13_2_2.fifo_generator_v13_2_2_CONV_VER(...
Compiling module fifo_generator_v13_2_2.fifo_generator_v13_2_2_bhv_ver_s...
Compiling module fifo_generator_v13_2_2.fifo_generator_v13_2_2_bhv_ver_p...
Compiling module fifo_generator_v13_2_2.fifo_generator_v13_2_2_CONV_VER(...
Compiling module fifo_generator_v13_2_2.fifo_generator_vlog_beh(C_COMMON...
Compiling module fifo_generator_v13_2_2.fifo_generator_v13_2_2(C_COMMON_...
Compiling module axi_data_fifo_v2_1_16.axi_data_fifo_v2_1_16_axi_data_f...
Compiling module xil_defaultlib.mem_s00_data_fifo_0
Compiling module xil_defaultlib.s00_couplers_imp_NACBYP
Compiling module xil_defaultlib.mem_mem_interconnect_0
Compiling module xil_defaultlib.mem_auto_cc_1
Compiling module xil_defaultlib.mem_s00_data_fifo_1
Compiling module xil_defaultlib.s00_couplers_imp_1H855RL
Compiling module xil_defaultlib.mem_mem_interconnect_1_0
Compiling architecture fdre_v of entity unisim.FDRE [fdre_default]
Compiling architecture fdre_v of entity unisim.FDRE [\FDRE(init='1')\]
Compiling architecture fdr_v of entity unisim.FDR [fdr_default]
Compiling architecture implementation of entity lib_cdc_v1_0_2.cdc_sync [\cdc_sync(c_vector_width=2,c_mtb...]
Compiling architecture srl16e_v of entity unisim.SRL16E [\SRL16E(init="1111111111111111")...]
Compiling architecture srl16_v of entity unisim.SRL16 [\SRL16(init="1111111111111111")(...]
Compiling architecture imp of entity proc_sys_reset_v5_0_12.lpf [\lpf(c_ext_rst_width=4,c_aux_rst...]
Compiling architecture imp of entity proc_sys_reset_v5_0_12.upcnt_n [\upcnt_n(c_size=6)\]
Compiling architecture imp of entity proc_sys_reset_v5_0_12.sequence_psr [sequence_psr_default]
Compiling architecture imp of entity proc_sys_reset_v5_0_12.proc_sys_reset [\proc_sys_reset(c_family="kintex...]
Compiling architecture mem_proc_sys_reset_1_0_arch of entity xil_defaultlib.mem_proc_sys_reset_1_0 [mem_proc_sys_reset_1_0_default]
Compiling module util_vector_logic_v2_0_1.util_vector_logic_v2_0_1_util_ve...
Compiling module xil_defaultlib.mem_util_vector_logic_4_0
Compiling module xil_defaultlib.mem_util_vector_logic_5_0
Compiling module xil_defaultlib.mem_interface_imp_OEQPBD
Compiling module util_vector_logic_v2_0_1.util_vector_logic_v2_0_1_util_ve...
Compiling module xil_defaultlib.mem_util_vector_logic_3_0
Compiling module xil_defaultlib.mem
Compiling module xpm.xpm_fifo_rst_default
Compiling module xpm.xpm_fifo_reg_bit
Compiling module xpm.xpm_counter_updn(COUNTER_WIDTH=8...
Compiling module xpm.xpm_counter_updn(COUNTER_WIDTH=7...
Compiling module xpm.xpm_counter_updn(COUNTER_WIDTH=7...
Compiling module xpm.xpm_counter_updn(COUNTER_WIDTH=7...
Compiling module xpm.xpm_memory_base(MEMORY_TYPE=1,ME...
Compiling module xpm.xpm_counter_updn(COUNTER_WIDTH=2...
Compiling module xpm.xpm_fifo_base(FIFO_MEMORY_TYPE=2...
Compiling module xpm.xpm_fifo_sync(FIFO_MEMORY_TYPE="...
Compiling architecture implementation of entity lib_fifo_v1_0_11.sync_fifo_fg [\sync_fifo_fg(c_family="kintexu"...]
Compiling architecture imp of entity axi_datamover_v5_1_19.axi_datamover_sfifo_autord [\axi_datamover_sfifo_autord(c_dw...]
Compiling architecture implementation of entity axi_datamover_v5_1_19.axi_datamover_rd_sf [\axi_datamover_rd_sf(c_sf_fifo_d...]
Compiling architecture implementation of entity axi_datamover_v5_1_19.axi_datamover_skid_buf [\axi_datamover_skid_buf(c_wdata_...]
Compiling architecture implementation of entity axi_datamover_v5_1_19.axi_datamover_reset [axi_datamover_reset_default]
Compiling architecture behavioral of entity lib_srl_fifo_v1_0_2.dynshreg_f [\dynshreg_f(c_depth=4,c_dwidth=8...]
Compiling architecture imp of entity lib_srl_fifo_v1_0_2.srl_fifo_rbu_f [\srl_fifo_rbu_f(c_dwidth=8,c_dep...]
Compiling architecture imp of entity lib_srl_fifo_v1_0_2.srl_fifo_f [\srl_fifo_f(c_dwidth=8,c_depth=4...]
Compiling architecture imp of entity axi_datamover_v5_1_19.axi_datamover_fifo [\axi_datamover_fifo(c_dwidth=8,c...]
Compiling architecture imp of entity lib_srl_fifo_v1_0_2.cntr_incr_decr_addn_f [\cntr_incr_decr_addn_f(c_size=3,...]
Compiling architecture behavioral of entity lib_srl_fifo_v1_0_2.dynshreg_f [\dynshreg_f(c_depth=4,c_dwidth=6...]
Compiling architecture imp of entity lib_srl_fifo_v1_0_2.srl_fifo_rbu_f [\srl_fifo_rbu_f(c_dwidth=68,c_de...]
Compiling architecture imp of entity lib_srl_fifo_v1_0_2.srl_fifo_f [\srl_fifo_f(c_dwidth=68,c_depth=...]
Compiling architecture imp of entity axi_datamover_v5_1_19.axi_datamover_fifo [\axi_datamover_fifo(c_dwidth=68,...]
Compiling architecture implementation of entity axi_datamover_v5_1_19.axi_datamover_cmd_status [\axi_datamover_cmd_status(c_fami...]
Compiling architecture implementation of entity axi_datamover_v5_1_19.axi_datamover_rd_status_cntl [axi_datamover_rd_status_cntl_def...]
Compiling architecture implementation of entity axi_datamover_v5_1_19.axi_datamover_strb_gen2 [axi_datamover_strb_gen2_default]
Compiling architecture implementation of entity axi_datamover_v5_1_19.axi_datamover_strb_gen2 [\axi_datamover_strb_gen2(c_op_mo...]
Compiling architecture implementation of entity axi_datamover_v5_1_19.axi_datamover_pcc [\axi_datamover_pcc(c_is_mm2s=1,c...]
Compiling architecture behavioral of entity lib_srl_fifo_v1_0_2.dynshreg_f [\dynshreg_f(c_depth=3,c_dwidth=5...]
Compiling architecture imp of entity lib_srl_fifo_v1_0_2.srl_fifo_rbu_f [\srl_fifo_rbu_f(c_dwidth=59,c_de...]
Compiling architecture imp of entity lib_srl_fifo_v1_0_2.srl_fifo_f [\srl_fifo_f(c_dwidth=59,c_depth=...]
Compiling architecture imp of entity axi_datamover_v5_1_19.axi_datamover_fifo [\axi_datamover_fifo(c_dwidth=59,...]
Compiling architecture implementation of entity axi_datamover_v5_1_19.axi_datamover_addr_cntl [\axi_datamover_addr_cntl(c_addr_...]
Compiling architecture behavioral of entity lib_srl_fifo_v1_0_2.dynshreg_f [\dynshreg_f(c_depth=3,c_dwidth=3...]
Compiling architecture imp of entity lib_srl_fifo_v1_0_2.srl_fifo_rbu_f [\srl_fifo_rbu_f(c_dwidth=38,c_de...]
Compiling architecture imp of entity lib_srl_fifo_v1_0_2.srl_fifo_f [\srl_fifo_f(c_dwidth=38,c_depth=...]
Compiling architecture imp of entity axi_datamover_v5_1_19.axi_datamover_fifo [\axi_datamover_fifo(c_dwidth=38,...]
Compiling architecture implementation of entity axi_datamover_v5_1_19.axi_datamover_rdmux [\axi_datamover_rdmux(c_sel_addr_...]
Compiling architecture implementation of entity axi_datamover_v5_1_19.axi_datamover_rddata_cntl [\axi_datamover_rddata_cntl(c_ali...]
Compiling architecture implementation of entity axi_datamover_v5_1_19.axi_datamover_mm2s_full_wrap [\axi_datamover_mm2s_full_wrap(c_...]
Compiling architecture implementation of entity axi_datamover_v5_1_19.axi_datamover_pcc [\axi_datamover_pcc(c_dre_align_w...]
Compiling architecture implementation of entity axi_datamover_v5_1_19.axi_datamover_ms_strb_set [axi_datamover_ms_strb_set_defaul...]
Compiling architecture implementation of entity axi_datamover_v5_1_19.axi_datamover_mssai_skid_buf [\axi_datamover_mssai_skid_buf(c_...]
Compiling architecture working of entity axi_datamover_v5_1_19.axi_datamover_slice [\axi_datamover_slice(c_data_widt...]
Compiling architecture imp of entity lib_srl_fifo_v1_0_2.cntr_incr_decr_addn_f [\cntr_incr_decr_addn_f(c_size=5,...]
Compiling architecture behavioral of entity lib_srl_fifo_v1_0_2.dynshreg_f [\dynshreg_f(c_depth=16,c_dwidth=...]
Compiling architecture imp of entity lib_srl_fifo_v1_0_2.srl_fifo_rbu_f [\srl_fifo_rbu_f(c_dwidth=14,c_fa...]
Compiling architecture imp of entity lib_srl_fifo_v1_0_2.srl_fifo_f [\srl_fifo_f(c_dwidth=14,c_family...]
Compiling architecture imp of entity axi_datamover_v5_1_19.axi_datamover_fifo [\axi_datamover_fifo(c_dwidth=14,...]
Compiling architecture implementation of entity axi_datamover_v5_1_19.axi_datamover_s2mm_scatter [\axi_datamover_s2mm_scatter(c_dr...]
Compiling architecture behavioral of entity lib_srl_fifo_v1_0_2.dynshreg_f [\dynshreg_f(c_depth=4,c_dwidth=2...]
Compiling architecture imp of entity lib_srl_fifo_v1_0_2.srl_fifo_rbu_f [\srl_fifo_rbu_f(c_dwidth=27,c_de...]
Compiling architecture imp of entity lib_srl_fifo_v1_0_2.srl_fifo_f [\srl_fifo_f(c_dwidth=27,c_depth=...]
Compiling architecture imp of entity axi_datamover_v5_1_19.axi_datamover_fifo [\axi_datamover_fifo(c_dwidth=27,...]
Compiling architecture implementation of entity axi_datamover_v5_1_19.axi_datamover_s2mm_realign [\axi_datamover_s2mm_realign(c_in...]
Compiling module xpm.xpm_fifo_rst_default_1
Compiling module xpm.xpm_memory_base(MEMORY_TYPE=1,ME...
Compiling module xpm.xpm_fifo_base(FIFO_MEMORY_TYPE=2...
Compiling module xpm.xpm_fifo_sync(FIFO_MEMORY_TYPE="...
Compiling architecture implementation of entity lib_fifo_v1_0_11.sync_fifo_fg [\sync_fifo_fg(c_family="kintexu"...]
Compiling architecture imp of entity axi_datamover_v5_1_19.axi_datamover_sfifo_autord [\axi_datamover_sfifo_autord(c_dw...]
Compiling architecture behavioral of entity lib_srl_fifo_v1_0_2.dynshreg_f [\dynshreg_f(c_depth=8,c_dwidth=8...]
Compiling architecture imp of entity lib_srl_fifo_v1_0_2.srl_fifo_rbu_f [\srl_fifo_rbu_f(c_dwidth=8,c_dep...]
Compiling architecture imp of entity lib_srl_fifo_v1_0_2.srl_fifo_f [\srl_fifo_f(c_dwidth=8,c_depth=8...]
Compiling architecture implementation of entity axi_datamover_v5_1_19.axi_datamover_wr_sf [\axi_datamover_wr_sf(c_sf_fifo_d...]
Compiling architecture behavioral of entity lib_srl_fifo_v1_0_2.dynshreg_f [\dynshreg_f(c_depth=6,c_dwidth=7...]
Compiling architecture imp of entity lib_srl_fifo_v1_0_2.srl_fifo_rbu_f [\srl_fifo_rbu_f(c_dwidth=7,c_dep...]
Compiling architecture imp of entity lib_srl_fifo_v1_0_2.srl_fifo_f [\srl_fifo_f(c_dwidth=7,c_depth=6...]
Compiling architecture imp of entity axi_datamover_v5_1_19.axi_datamover_fifo [\axi_datamover_fifo(c_dwidth=7,c...]
Compiling architecture imp of entity lib_srl_fifo_v1_0_2.cntr_incr_decr_addn_f [\cntr_incr_decr_addn_f(c_size=4,...]
Compiling architecture behavioral of entity lib_srl_fifo_v1_0_2.dynshreg_f [\dynshreg_f(c_depth=6,c_dwidth=2...]
Compiling architecture imp of entity lib_srl_fifo_v1_0_2.srl_fifo_rbu_f [\srl_fifo_rbu_f(c_dwidth=2,c_dep...]
Compiling architecture imp of entity lib_srl_fifo_v1_0_2.srl_fifo_f [\srl_fifo_f(c_dwidth=2,c_depth=6...]
Compiling architecture imp of entity axi_datamover_v5_1_19.axi_datamover_fifo [\axi_datamover_fifo(c_dwidth=2,c...]
Compiling architecture implementation of entity axi_datamover_v5_1_19.axi_datamover_wr_status_cntl [\axi_datamover_wr_status_cntl(c_...]
Compiling architecture behavioral of entity lib_srl_fifo_v1_0_2.dynshreg_f [\dynshreg_f(c_depth=4,c_dwidth=5...]
Compiling architecture imp of entity lib_srl_fifo_v1_0_2.srl_fifo_rbu_f [\srl_fifo_rbu_f(c_dwidth=59,c_de...]
Compiling architecture imp of entity lib_srl_fifo_v1_0_2.srl_fifo_f [\srl_fifo_f(c_dwidth=59,c_depth=...]
Compiling architecture imp of entity axi_datamover_v5_1_19.axi_datamover_fifo [\axi_datamover_fifo(c_dwidth=59,...]
Compiling architecture implementation of entity axi_datamover_v5_1_19.axi_datamover_addr_cntl [\axi_datamover_addr_cntl(c_famil...]
Compiling architecture behavioral of entity lib_srl_fifo_v1_0_2.dynshreg_f [\dynshreg_f(c_depth=4,c_dwidth=3...]
Compiling architecture imp of entity lib_srl_fifo_v1_0_2.srl_fifo_rbu_f [\srl_fifo_rbu_f(c_dwidth=36,c_de...]
Compiling architecture imp of entity lib_srl_fifo_v1_0_2.srl_fifo_f [\srl_fifo_f(c_dwidth=36,c_depth=...]
Compiling architecture imp of entity axi_datamover_v5_1_19.axi_datamover_fifo [\axi_datamover_fifo(c_dwidth=36,...]
Compiling architecture implementation of entity axi_datamover_v5_1_19.axi_datamover_wrdata_cntl [\axi_datamover_wrdata_cntl(c_rea...]
Compiling architecture implementation of entity axi_datamover_v5_1_19.axi_datamover_wr_demux [\axi_datamover_wr_demux(c_sel_ad...]
Compiling architecture implementation of entity axi_datamover_v5_1_19.axi_datamover_skid2mm_buf [\axi_datamover_skid2mm_buf(c_mda...]
Compiling architecture implementation of entity axi_datamover_v5_1_19.axi_datamover_s2mm_full_wrap [\axi_datamover_s2mm_full_wrap(c_...]
Compiling architecture implementation of entity axi_datamover_v5_1_19.axi_datamover [\axi_datamover(c_include_mm2s=1,...]
Compiling architecture pr_axi_datamover_0_1_arch of entity xil_defaultlib.pr_axi_datamover_0_1 [pr_axi_datamover_0_1_default]
Compiling module xilinx_vip.cb
Compiling module xilinx_vip.axi_vip_if(C_AXI_PROTOCOL=2,C_AX...
Compiling module smartconnect_v1_0.sc_util_v1_0_3_onehot_to_binary(...
Compiling module smartconnect_v1_0.sc_util_v1_0_3_srl_rtl(C_A_WIDTH...
Compiling module smartconnect_v1_0.sc_util_v1_0_3_axic_reg_srl_fifo...
Compiling module axi_protocol_checker_v2_0_3.axi_protocol_checker_v2_0_3_thre...
Compiling module axi_protocol_checker_v2_0_3.axi_protocol_checker_v2_0_3_syn_...
Compiling module axi_protocol_checker_v2_0_3.axi_protocol_checker_v2_0_3_axi4...
Compiling module axi_protocol_checker_v2_0_3.axi_protocol_checker_v2_0_3_axi4...
Compiling module axi_protocol_checker_v2_0_3.axi_protocol_checker_v2_0_3_syn_...
Compiling module axi_protocol_checker_v2_0_3.axi_protocol_checker_v2_0_3_syn_...
Compiling module axi_protocol_checker_v2_0_3.axi_protocol_checker_v2_0_3_core...
Compiling module axi_protocol_checker_v2_0_3.axi_protocol_checker_v2_0_3_repo...
Compiling module axi_protocol_checker_v2_0_3.axi_protocol_checker_v2_0_3_top(...
Compiling module axi_vip_v1_1_3.axi_vip_v1_1_3_top(C_AXI_PROTOCO...
Compiling module xil_defaultlib.pr_axi_vip_ctrl_0
Compiling module blk_mem_gen_v8_4_1.blk_mem_gen_v8_4_1_output_stage(...
Compiling module blk_mem_gen_v8_4_1.blk_mem_gen_v8_4_1_output_stage(...
Compiling module blk_mem_gen_v8_4_1.blk_mem_gen_v8_4_1_softecc_outpu...
Compiling module blk_mem_gen_v8_4_1.blk_mem_gen_v8_4_1_mem_module(C_...
Compiling module blk_mem_gen_v8_4_1.blk_mem_gen_v8_4_1(C_FAMILY="kin...
Compiling module xil_defaultlib.pr_blk_mem_switch_rom_0
Compiling module xil_defaultlib.width48router
Compiling module xil_defaultlib.width48router_network_table_V_if
Compiling module xil_defaultlib.width48router_stream_in_V_reg_sl...
Compiling module xil_defaultlib.width48router_stream_in_V_if
Compiling module xil_defaultlib.width48router_stream_out_network...
Compiling module xil_defaultlib.width48router_stream_out_network...
Compiling module xil_defaultlib.width48router_stream_out_switch_...
Compiling module xil_defaultlib.width48router_stream_out_switch_...
Compiling module xil_defaultlib.width48router_ap_rst_if(RESET_AC...
Compiling module xil_defaultlib.width48router_top
Compiling module xil_defaultlib.pr_custom_switch_inst_0
Compiling module xil_defaultlib.dariusController_bkb_ram
Compiling module xil_defaultlib.dariusController_bkb(DataWidth=3...
Compiling module xil_defaultlib.dariusController_raw_darius_driv...
Compiling module xil_defaultlib.dariusController_raw_darius_driv...
Compiling module xil_defaultlib.dariusController_raw_darius_driv...
Compiling module xil_defaultlib.dariusController_raw_darius_driv...
Compiling module xil_defaultlib.dariusController_raw_darius_driv...
Compiling module xil_defaultlib.dariusController_raw_darius_driv...
Compiling module xil_defaultlib.dariusController_raw_darius_driv...
Compiling module xil_defaultlib.dariusController_raw_darius_driv...
Compiling module xil_defaultlib.dariusController_raw_darius_driv...
Compiling module xil_defaultlib.dariusController_raw_darius_driv...
Compiling module xil_defaultlib.dariusController_raw_darius_driv...
Compiling module xil_defaultlib.dariusController_raw_darius_driv...
Compiling module xil_defaultlib.dariusController_raw(C_M_AXI_DAR...
Compiling module xil_defaultlib.pr_dariusController_raw_0_0
Compiling module axis_infrastructure_v1_1_0.axis_infrastructure_v1_1_0_util_...
Compiling module axis_register_slice_v1_1_17.axis_register_slice_v1_1_17_axis...
Compiling module axis_register_slice_v1_1_17.axis_register_slice_v1_1_17_axis...
Compiling module axis_infrastructure_v1_1_0.axis_infrastructure_v1_1_0_util_...
Compiling module axis_switch_v1_1_17.axis_switch_v1_1_17_axisc_decode...
Compiling module axis_switch_v1_1_17.axis_switch_v1_1_17_axisc_arb_re...
Compiling module axis_infrastructure_v1_1_0.axis_infrastructure_v1_1_0_mux_e...
Compiling module axis_infrastructure_v1_1_0.axis_infrastructure_v1_1_0_mux_e...
Compiling module axis_switch_v1_1_17.axis_switch_v1_1_17_axisc_transf...
Compiling module axis_switch_v1_1_17.axis_switch_v1_1_17_dynamic_prio...
Compiling module axis_switch_v1_1_17.axis_switch_v1_1_17_dynamic_prio...
Compiling module axis_switch_v1_1_17.axis_switch_v1_1_17_arb_rr(C_FAM...
Compiling module axis_switch_v1_1_17.axis_switch_v1_1_17_axis_switch_...
Compiling module axis_switch_v1_1_17.axis_switch_v1_1_17_axis_switch(...
Compiling module xil_defaultlib.pr_input_switch_0
Compiling module xlconstant_v1_1_5.xlconstant_v1_1_5_xlconstant(CON...
Compiling module xil_defaultlib.bd_7d4e_one_0
Compiling architecture imp of entity proc_sys_reset_v5_0_12.lpf [\lpf(c_ext_rst_width=4,c_aux_rst...]
Compiling architecture imp of entity proc_sys_reset_v5_0_12.proc_sys_reset [\proc_sys_reset(c_family="kintex...]
Compiling architecture bd_7d4e_psr_aclk_0_arch of entity xil_defaultlib.bd_7d4e_psr_aclk_0 [bd_7d4e_psr_aclk_0_default]
Compiling module xil_defaultlib.clk_map_imp_13SA56M
Compiling module smartconnect_v1_0.sc_exit_v1_0_7_splitter(C_RDATA_...
Compiling module smartconnect_v1_0.sc_util_v1_0_3_srl_rtl_default
Compiling module smartconnect_v1_0.sc_util_v1_0_3_axic_reg_srl_fifo...
Compiling module smartconnect_v1_0.sc_util_v1_0_3_axic_reg_srl_fifo...
Compiling module smartconnect_v1_0.sc_exit_v1_0_7_exit(C_FAMILY="ki...
Compiling module smartconnect_v1_0.sc_util_v1_0_3_axi2vector(C_RDAT...
Compiling module smartconnect_v1_0.sc_util_v1_0_3_vector2axi(C_RDAT...
Compiling module smartconnect_v1_0.sc_util_v1_0_3_axi_reg_stall(C_R...
Compiling module smartconnect_v1_0.sc_exit_v1_0_7_top(C_FAMILY="kin...
Compiling module xil_defaultlib.bd_7d4e_m00e_0
Compiling module xil_defaultlib.m00_exit_pipeline_imp_X8NM1X
Compiling module smartconnect_v1_0.sc_util_v1_0_3_axic_register_sli...
Compiling module smartconnect_v1_0.sc_util_v1_0_3_pipeline_default
Compiling module smartconnect_v1_0.sc_util_v1_0_3_counter(C_WIDTH=2...
Compiling module smartconnect_v1_0.sc_node_v1_0_9_arb_alg_rr(C_NUM_...
Compiling module smartconnect_v1_0.sc_node_v1_0_9_si_handler(C_NUM_...
Compiling module smartconnect_v1_0.sc_util_v1_0_3_pipeline(C_DEPTH=...
Compiling module smartconnect_v1_0.sc_util_v1_0_3_pipeline(C_DWIDTH...
Compiling module smartconnect_v1_0.sc_util_v1_0_3_pipeline(C_DWIDTH...
Compiling module smartconnect_v1_0.sc_util_v1_0_3_pipeline(C_DWIDTH...
Compiling module smartconnect_v1_0.sc_util_v1_0_3_counter_default
Compiling module smartconnect_v1_0.sc_node_v1_0_9_ingress(C_NUM_SI=...
Compiling module xpm.xpm_memory_base(MEMORY_TYPE=1,ME...
Compiling module xpm.xpm_memory_sdpram(MEMORY_SIZE=32...
Compiling module smartconnect_v1_0.sc_util_v1_0_3_counter(C_WIDTH=6...
Compiling module smartconnect_v1_0.sc_util_v1_0_3_counter(C_WIDTH=6...
Compiling module smartconnect_v1_0.sc_util_v1_0_3_xpm_memory_fifo(C...
Compiling module smartconnect_v1_0.sc_node_v1_0_9_fifo(C_FAMILY="ki...
Compiling module smartconnect_v1_0.sc_node_v1_0_9_reg_slice3(C_PAYL...
Compiling module smartconnect_v1_0.sc_util_v1_0_3_pipeline(C_DEPTH=...
Compiling module xpm.xpm_memory_base(MEMORY_TYPE=1,ME...
Compiling module xpm.xpm_memory_sdpram(MEMORY_SIZE=51...
Compiling module smartconnect_v1_0.sc_util_v1_0_3_xpm_memory_fifo(C...
Compiling module smartconnect_v1_0.sc_node_v1_0_9_fifo(C_FAMILY="ki...
Compiling module smartconnect_v1_0.sc_node_v1_0_9_egress(C_NODE_PAY...
Compiling module smartconnect_v1_0.sc_node_v1_0_9_mi_handler(C_NUM_...
Compiling module smartconnect_v1_0.sc_node_v1_0_9_top(C_FAMILY="kin...
Compiling module xil_defaultlib.bd_7d4e_m00arn_0
Compiling module smartconnect_v1_0.sc_util_v1_0_3_axic_reg_srl_fifo...
Compiling module smartconnect_v1_0.sc_node_v1_0_9_si_handler(C_NUM_...
Compiling module smartconnect_v1_0.sc_node_v1_0_9_ingress(C_NUM_SI=...
Compiling module smartconnect_v1_0.sc_node_v1_0_9_egress(C_NODE_PAY...
Compiling module smartconnect_v1_0.sc_node_v1_0_9_mi_handler(C_NUM_...
Compiling module smartconnect_v1_0.sc_node_v1_0_9_top(C_FAMILY="kin...
Compiling module xil_defaultlib.bd_7d4e_m00awn_0
Compiling module smartconnect_v1_0.sc_node_v1_0_9_si_handler(C_NUM_...
Compiling module smartconnect_v1_0.sc_util_v1_0_3_pipeline(C_DWIDTH...
Compiling module smartconnect_v1_0.sc_util_v1_0_3_onehot_to_binary(...
Compiling module smartconnect_v1_0.sc_node_v1_0_9_ingress(C_PAYLD_W...
Compiling module xpm.xpm_memory_base(MEMORY_TYPE=1,ME...
Compiling module xpm.xpm_memory_sdpram(MEMORY_SIZE=60...
Compiling module smartconnect_v1_0.sc_util_v1_0_3_xpm_memory_fifo(C...
Compiling module smartconnect_v1_0.sc_node_v1_0_9_fifo(C_FAMILY="ki...
Compiling module smartconnect_v1_0.sc_node_v1_0_9_reg_slice3(C_PAYL...
Compiling module xpm.xpm_memory_base(MEMORY_TYPE=1,ME...
Compiling module xpm.xpm_memory_sdpram(MEMORY_SIZE=19...
Compiling module smartconnect_v1_0.sc_util_v1_0_3_xpm_memory_fifo(C...
Compiling module smartconnect_v1_0.sc_node_v1_0_9_fifo(C_FAMILY="ki...
Compiling module smartconnect_v1_0.sc_node_v1_0_9_egress(C_NODE_PAY...
Compiling module smartconnect_v1_0.sc_node_v1_0_9_mi_handler(C_NUM_...
Compiling module smartconnect_v1_0.sc_node_v1_0_9_top(C_FAMILY="kin...
Compiling module xil_defaultlib.bd_7d4e_m00bn_0
Compiling module smartconnect_v1_0.sc_node_v1_0_9_si_handler(C_NUM_...
Compiling module smartconnect_v1_0.sc_util_v1_0_3_pipeline(C_DWIDTH...
Compiling module smartconnect_v1_0.sc_node_v1_0_9_ingress(C_PAYLD_W...
Compiling module xpm.xpm_memory_base(MEMORY_TYPE=1,ME...
Compiling module xpm.xpm_memory_sdpram(MEMORY_SIZE=56...
Compiling module xpm.xpm_memory_base(MEMORY_TYPE=1,ME...
Compiling module xpm.xpm_memory_sdpram(MEMORY_SIZE=56...
Compiling module smartconnect_v1_0.sc_util_v1_0_3_xpm_memory_fifo(C...
Compiling module smartconnect_v1_0.sc_node_v1_0_9_fifo(C_FAMILY="ki...
Compiling module smartconnect_v1_0.sc_node_v1_0_9_egress(C_NODE_PAY...
Compiling module smartconnect_v1_0.sc_node_v1_0_9_mi_handler(C_NUM_...
Compiling module smartconnect_v1_0.sc_node_v1_0_9_top(C_FAMILY="kin...
Compiling module xil_defaultlib.bd_7d4e_m00rn_0
Compiling module xpm.xpm_memory_base(MEMORY_TYPE=1,ME...
Compiling module xpm.xpm_memory_sdpram(MEMORY_SIZE=4,...
Compiling module smartconnect_v1_0.sc_util_v1_0_3_counter(C_WIDTH=3...
Compiling module smartconnect_v1_0.sc_util_v1_0_3_counter(C_WIDTH=3...
Compiling module smartconnect_v1_0.sc_util_v1_0_3_xpm_memory_fifo(C...
Compiling module smartconnect_v1_0.sc_node_v1_0_9_fifo(C_FAMILY="ki...
Compiling module smartconnect_v1_0.sc_node_v1_0_9_si_handler(C_NUM_...
Compiling module smartconnect_v1_0.sc_util_v1_0_3_pipeline(C_DWIDTH...
Compiling module smartconnect_v1_0.sc_node_v1_0_9_ingress(C_NUM_SI=...
Compiling module xpm.xpm_memory_base(MEMORY_TYPE=1,ME...
Compiling module xpm.xpm_memory_sdpram(MEMORY_SIZE=48...
Compiling module xpm.xpm_memory_base(MEMORY_TYPE=1,ME...
Compiling module xpm.xpm_memory_sdpram(MEMORY_SIZE=48...
Compiling module smartconnect_v1_0.sc_util_v1_0_3_xpm_memory_fifo(C...
Compiling module smartconnect_v1_0.sc_node_v1_0_9_fifo(C_FAMILY="ki...
Compiling module smartconnect_v1_0.sc_node_v1_0_9_egress(C_NODE_PAY...
Compiling module smartconnect_v1_0.sc_node_v1_0_9_mi_handler(C_NUM_...
Compiling module smartconnect_v1_0.sc_node_v1_0_9_top(C_FAMILY="kin...
Compiling module xil_defaultlib.bd_7d4e_m00wn_0
Compiling module xil_defaultlib.m00_nodes_imp_B3ASLL
Compiling module smartconnect_v1_0.sc_sc2axi_v1_0_6_top(C_AXI_ID_WI...
Compiling module xil_defaultlib.bd_7d4e_m00s2a_0
Compiling module xil_defaultlib.bd_7d4e_m01e_0
Compiling module xil_defaultlib.m01_exit_pipeline_imp_QVU5R9
Compiling module xil_defaultlib.bd_7d4e_m01arn_0
Compiling module xil_defaultlib.bd_7d4e_m01awn_0
Compiling module xil_defaultlib.bd_7d4e_m01bn_0
Compiling module xil_defaultlib.bd_7d4e_m01rn_0
Compiling module xil_defaultlib.bd_7d4e_m01wn_0
Compiling module xil_defaultlib.m01_nodes_imp_1FVIQ0V
Compiling module xil_defaultlib.bd_7d4e_m01s2a_0
Compiling module smartconnect_v1_0.sc_axi2sc_v1_0_6_top(C_AXI_ID_WI...
Compiling module xil_defaultlib.bd_7d4e_s00a2s_0
Compiling module smartconnect_v1_0.sc_util_v1_0_3_axic_reg_srl_fifo...
Compiling module smartconnect_v1_0.sc_util_v1_0_3_axi_splitter
Compiling module smartconnect_v1_0.sc_mmu_v1_0_6_addr_decoder(C_FAM...
Compiling module smartconnect_v1_0.sc_mmu_v1_0_6_decerr_slave(C_AXI...
Compiling module smartconnect_v1_0.sc_util_v1_0_3_axi2vector(C_ID_W...
Compiling module smartconnect_v1_0.sc_util_v1_0_3_vector2axi(C_RDAT...
Compiling module smartconnect_v1_0.sc_util_v1_0_3_axi2vector(C_ID_W...
Compiling module smartconnect_v1_0.sc_util_v1_0_3_vector2axi(C_RDAT...
Compiling module smartconnect_v1_0.sc_mmu_v1_0_6_top(C_FAMILY="kint...
Compiling module xil_defaultlib.bd_7d4e_s00mmu_0
Compiling module smartconnect_v1_0.sc_util_v1_0_3_axic_reg_srl_fifo...
Compiling module smartconnect_v1_0.sc_util_v1_0_3_axi2vector(C_ID_W...
Compiling module smartconnect_v1_0.sc_util_v1_0_3_vector2axi(C_RDAT...
Compiling module smartconnect_v1_0.sc_util_v1_0_3_axi_reg_stall_def...
Compiling module smartconnect_v1_0.sc_si_converter_v1_0_6_splitter(...
Compiling module smartconnect_v1_0.sc_si_converter_v1_0_6_top(C_LIM...
Compiling module xil_defaultlib.bd_7d4e_s00sic_0
Compiling module smartconnect_v1_0.sc_util_v1_0_3_axic_reg_srl_fifo...
Compiling module smartconnect_v1_0.sc_transaction_regulator_v1_0_7_...
Compiling module smartconnect_v1_0.sc_transaction_regulator_v1_0_7_...
Compiling module xil_defaultlib.bd_7d4e_s00tr_0
Compiling module xil_defaultlib.s00_entry_pipeline_imp_1VY6QUE
Compiling module smartconnect_v1_0.sc_node_v1_0_9_si_handler(C_NUM_...
Compiling module smartconnect_v1_0.sc_node_v1_0_9_ingress(C_PAYLD_W...
Compiling module xpm.xpm_memory_base(MEMORY_TYPE=1,ME...
Compiling module xpm.xpm_memory_sdpram(MEMORY_SIZE=45...
Compiling module smartconnect_v1_0.sc_util_v1_0_3_xpm_memory_fifo(C...
Compiling module smartconnect_v1_0.sc_node_v1_0_9_fifo(C_FAMILY="ki...
Compiling module smartconnect_v1_0.sc_node_v1_0_9_egress(C_NODE_PAY...
Compiling module smartconnect_v1_0.sc_node_v1_0_9_mi_handler(C_NUM_...
Compiling module smartconnect_v1_0.sc_node_v1_0_9_top(C_FAMILY="kin...
Compiling module xil_defaultlib.bd_7d4e_sarn_0
Compiling module smartconnect_v1_0.sc_node_v1_0_9_si_handler(C_NUM_...
Compiling module smartconnect_v1_0.sc_node_v1_0_9_ingress(C_NUM_SI=...
Compiling module smartconnect_v1_0.sc_node_v1_0_9_reg_slice3(C_PAYL...
Compiling module smartconnect_v1_0.sc_util_v1_0_3_pipeline(C_DWIDTH...
Compiling module smartconnect_v1_0.sc_util_v1_0_3_pipeline(C_DWIDTH...
Compiling module smartconnect_v1_0.sc_node_v1_0_9_downsizer(C_REQSE...
Compiling module xpm.xpm_memory_base(MEMORY_TYPE=1,ME...
Compiling module xpm.xpm_memory_sdpram(MEMORY_SIZE=58...
Compiling module smartconnect_v1_0.sc_util_v1_0_3_xpm_memory_fifo(C...
Compiling module smartconnect_v1_0.sc_node_v1_0_9_fifo(C_FAMILY="ki...
Compiling module smartconnect_v1_0.sc_node_v1_0_9_egress(C_NODE_PAY...
Compiling module smartconnect_v1_0.sc_node_v1_0_9_mi_handler(C_NUM_...
Compiling module smartconnect_v1_0.sc_node_v1_0_9_top(C_FAMILY="kin...
Compiling module xil_defaultlib.bd_7d4e_srn_0
Compiling module xil_defaultlib.s00_nodes_imp_1QJ2CFW
Compiling module xil_defaultlib.bd_7d4e_s01a2s_0
Compiling module smartconnect_v1_0.sc_mmu_v1_0_6_addr_decoder(C_FAM...
Compiling module smartconnect_v1_0.sc_mmu_v1_0_6_top(C_FAMILY="kint...
Compiling module xil_defaultlib.bd_7d4e_s01mmu_0
Compiling module smartconnect_v1_0.sc_si_converter_v1_0_6_splitter(...
Compiling module smartconnect_v1_0.sc_si_converter_v1_0_6_top(C_LIM...
Compiling module xil_defaultlib.bd_7d4e_s01sic_0
Compiling module smartconnect_v1_0.sc_transaction_regulator_v1_0_7_...
Compiling module smartconnect_v1_0.sc_transaction_regulator_v1_0_7_...
Compiling module xil_defaultlib.bd_7d4e_s01tr_0
Compiling module xil_defaultlib.s01_entry_pipeline_imp_UYMYEQ
Compiling module smartconnect_v1_0.sc_node_v1_0_9_si_handler(C_NUM_...
Compiling module smartconnect_v1_0.sc_node_v1_0_9_ingress(C_PAYLD_W...
Compiling module smartconnect_v1_0.sc_node_v1_0_9_egress(C_NODE_PAY...
Compiling module smartconnect_v1_0.sc_node_v1_0_9_mi_handler(C_NUM_...
Compiling module smartconnect_v1_0.sc_node_v1_0_9_top(C_FAMILY="kin...
Compiling module xil_defaultlib.bd_7d4e_sawn_0
Compiling module smartconnect_v1_0.sc_node_v1_0_9_si_handler(C_NUM_...
Compiling module smartconnect_v1_0.sc_node_v1_0_9_ingress(C_NUM_SI=...
Compiling module xpm.xpm_memory_base(MEMORY_TYPE=1,ME...
Compiling module xpm.xpm_memory_sdpram(MEMORY_SIZE=76...
Compiling module smartconnect_v1_0.sc_util_v1_0_3_xpm_memory_fifo(C...
Compiling module smartconnect_v1_0.sc_node_v1_0_9_fifo(C_FAMILY="ki...
Compiling module smartconnect_v1_0.sc_node_v1_0_9_egress(C_NODE_PAY...
Compiling module smartconnect_v1_0.sc_node_v1_0_9_mi_handler(C_NUM_...
Compiling module smartconnect_v1_0.sc_node_v1_0_9_top(C_FAMILY="kin...
Compiling module xil_defaultlib.bd_7d4e_sbn_0
Compiling module smartconnect_v1_0.sc_node_v1_0_9_si_handler(C_NUM_...
Compiling module smartconnect_v1_0.sc_node_v1_0_9_ingress(C_PAYLD_W...
Compiling module smartconnect_v1_0.sc_util_v1_0_3_pipeline(C_DWIDTH...
Compiling module smartconnect_v1_0.sc_node_v1_0_9_upsizer(C_REQSEND...
Compiling module smartconnect_v1_0.sc_node_v1_0_9_fi_regulator(C_AL...
Compiling module smartconnect_v1_0.sc_util_v1_0_3_xpm_memory_fifo(C...
Compiling module smartconnect_v1_0.sc_node_v1_0_9_fifo(C_FAMILY="ki...
Compiling module xpm.xpm_memory_base(MEMORY_TYPE=1,ME...
Compiling module xpm.xpm_memory_sdpram(MEMORY_SIZE=63...
Compiling module xpm.xpm_memory_base(MEMORY_TYPE=1,ME...
Compiling module xpm.xpm_memory_sdpram(MEMORY_SIZE=63...
Compiling module smartconnect_v1_0.sc_util_v1_0_3_xpm_memory_fifo(C...
Compiling module smartconnect_v1_0.sc_node_v1_0_9_fifo(C_FAMILY="ki...
Compiling module smartconnect_v1_0.sc_node_v1_0_9_egress(C_NODE_PAY...
Compiling module smartconnect_v1_0.sc_node_v1_0_9_mi_handler(C_NUM_...
Compiling module smartconnect_v1_0.sc_node_v1_0_9_top(C_FAMILY="kin...
Compiling module xil_defaultlib.bd_7d4e_swn_0
Compiling module xil_defaultlib.s01_nodes_imp_YHV8QY
Compiling module smartconnect_v1_0.sc_util_v1_0_3_onehot_to_binary(...
Compiling module smartconnect_v1_0.sc_util_v1_0_3_pipeline(C_DWIDTH...
Compiling module smartconnect_v1_0.sc_util_v1_0_3_mux(C_DWIDTH=142,...
Compiling module smartconnect_v1_0.sc_util_v1_0_3_pipeline(C_DWIDTH...
Compiling module smartconnect_v1_0.sc_switchboard_v1_0_5_top(C_PAYL...
Compiling module xil_defaultlib.bd_7d4e_arsw_0
Compiling module xil_defaultlib.bd_7d4e_awsw_0
Compiling module smartconnect_v1_0.sc_util_v1_0_3_mux(C_DWIDTH=6,C_...
Compiling module smartconnect_v1_0.sc_util_v1_0_3_pipeline(C_DWIDTH...
Compiling module smartconnect_v1_0.sc_switchboard_v1_0_5_top(C_PAYL...
Compiling module xil_defaultlib.bd_7d4e_bsw_0
Compiling module smartconnect_v1_0.sc_util_v1_0_3_mux(C_DWIDTH=532,...
Compiling module smartconnect_v1_0.sc_util_v1_0_3_pipeline(C_DWIDTH...
Compiling module smartconnect_v1_0.sc_switchboard_v1_0_5_top(C_PAYL...
Compiling module xil_defaultlib.bd_7d4e_rsw_0
Compiling module smartconnect_v1_0.sc_util_v1_0_3_mux(C_DWIDTH=593,...
Compiling module smartconnect_v1_0.sc_util_v1_0_3_pipeline(C_DWIDTH...
Compiling module smartconnect_v1_0.sc_switchboard_v1_0_5_top(C_PAYL...
Compiling module xil_defaultlib.bd_7d4e_wsw_0
Compiling module xil_defaultlib.switchboards_imp_12H5D9K
Compiling module xil_defaultlib.bd_7d4e
Compiling module xil_defaultlib.pr_smartconnect_0_0
Compiling module xlconstant_v1_1_5.xlconstant_v1_1_5_xlconstant(CON...
Compiling module xil_defaultlib.pr_xlconstant_0_1
Compiling module xil_defaultlib.pr_xlconstant_0_2
Compiling module xil_defaultlib.applicationRegion_imp_1EIFTCH
Compiling module blk_mem_gen_v8_4_1.blk_mem_gen_v8_4_1_mem_module(C_...
Compiling module blk_mem_gen_v8_4_1.blk_mem_gen_v8_4_1(C_FAMILY="kin...
Compiling module xil_defaultlib.pr_blk_mem_bridge_rom_1
Compiling module xil_defaultlib.ip_constant_block(C_IP_B0=8'b011...
Compiling module xil_defaultlib.pr_ip_constant_block_inst_1
Compiling module xil_defaultlib.ethernet_bridge_entr
Compiling module xil_defaultlib.eth_to_app
Compiling module xil_defaultlib.app_to_eth
Compiling module xil_defaultlib.fifo_w48_d2_A_shiftReg
Compiling module xil_defaultlib.fifo_w48_d2_A
Compiling module xil_defaultlib.ethernet_bridge
Compiling module xil_defaultlib.ethernet_bridge_mac_table_V_if
Compiling module xil_defaultlib.ethernet_bridge_from_app_V_reg_s...
Compiling module xil_defaultlib.ethernet_bridge_from_app_V_if
Compiling module xil_defaultlib.ethernet_bridge_from_eth_V_reg_s...
Compiling module xil_defaultlib.ethernet_bridge_from_eth_V_if
Compiling module xil_defaultlib.ethernet_bridge_to_app_V_reg_sli...
Compiling module xil_defaultlib.ethernet_bridge_to_app_V_if
Compiling module xil_defaultlib.ethernet_bridge_to_eth_V_reg_sli...
Compiling module xil_defaultlib.ethernet_bridge_to_eth_V_if
Compiling module xil_defaultlib.ethernet_bridge_ap_rst_if(RESET_...
Compiling module xil_defaultlib.ethernet_bridge_top
Compiling module xil_defaultlib.pr_network_bridge_inst_1
Compiling module xil_defaultlib.network_imp_MCWI7J
Compiling module xil_defaultlib.pr
Compiling module xil_defaultlib.top_sim
Compiling module xil_defaultlib.top_sim_tb
Compiling module xil_defaultlib.glbl
Compiling package xil_defaultlib.$unit_top_sim_tb_sv
Compiling package xilinx_vip.axi_vip_pkg
Compiling package xilinx_vip.xil_common_vip_pkg
Compiling package std.std
Compiling package smartconnect_v1_0.sc_util_v1_0_3_pkg
Built simulation snapshot top_sim_tb_behav
