INFO: [VRFC 10-2263] Analyzing Verilog file "/home/tarafdar/workDir/test/galapagos/projects/hls4ml/1/1.ip_user_files/bd/pr/ip/pr_blk_mem_switch_rom_0/sim/pr_blk_mem_switch_rom_0.v" into library xil_defaultlib
INFO: [VRFC 10-311] analyzing module pr_blk_mem_switch_rom_0
INFO: [VRFC 10-2263] Analyzing Verilog file "/home/tarafdar/workDir/test/galapagos/projects/hls4ml/1/1.srcs/sources_1/bd/pr/ipshared/6571/hdl/verilog/width48router.v" into library xil_defaultlib
INFO: [VRFC 10-311] analyzing module width48router
INFO: [VRFC 10-2263] Analyzing Verilog file "/home/tarafdar/workDir/test/galapagos/projects/hls4ml/1/1.srcs/sources_1/bd/pr/ipshared/6571/hdl/verilog/width48router_ap_rst_if.v" into library xil_defaultlib
INFO: [VRFC 10-311] analyzing module width48router_ap_rst_if
INFO: [VRFC 10-2263] Analyzing Verilog file "/home/tarafdar/workDir/test/galapagos/projects/hls4ml/1/1.srcs/sources_1/bd/pr/ipshared/6571/hdl/verilog/width48router_network_table_V_if.v" into library xil_defaultlib
INFO: [VRFC 10-311] analyzing module width48router_network_table_V_if
INFO: [VRFC 10-2263] Analyzing Verilog file "/home/tarafdar/workDir/test/galapagos/projects/hls4ml/1/1.srcs/sources_1/bd/pr/ipshared/6571/hdl/verilog/width48router_stream_in_V_if.v" into library xil_defaultlib
INFO: [VRFC 10-311] analyzing module width48router_stream_in_V_if
INFO: [VRFC 10-311] analyzing module width48router_stream_in_V_reg_slice
INFO: [VRFC 10-2263] Analyzing Verilog file "/home/tarafdar/workDir/test/galapagos/projects/hls4ml/1/1.srcs/sources_1/bd/pr/ipshared/6571/hdl/verilog/width48router_stream_out_network_V_if.v" into library xil_defaultlib
INFO: [VRFC 10-311] analyzing module width48router_stream_out_network_V_if
INFO: [VRFC 10-311] analyzing module width48router_stream_out_network_V_reg_slice
INFO: [VRFC 10-2263] Analyzing Verilog file "/home/tarafdar/workDir/test/galapagos/projects/hls4ml/1/1.srcs/sources_1/bd/pr/ipshared/6571/hdl/verilog/width48router_stream_out_switch_V_if.v" into library xil_defaultlib
INFO: [VRFC 10-311] analyzing module width48router_stream_out_switch_V_if
INFO: [VRFC 10-311] analyzing module width48router_stream_out_switch_V_reg_slice
INFO: [VRFC 10-2263] Analyzing Verilog file "/home/tarafdar/workDir/test/galapagos/projects/hls4ml/1/1.srcs/sources_1/bd/pr/ipshared/6571/hdl/verilog/width48router_top.v" into library xil_defaultlib
INFO: [VRFC 10-311] analyzing module width48router_top
INFO: [VRFC 10-2458] undeclared symbol sig_width48router_ap_rst_n, assumed default net type wire [/home/tarafdar/workDir/test/galapagos/projects/hls4ml/1/1.srcs/sources_1/bd/pr/ipshared/6571/hdl/verilog/width48router_top.v:157]
INFO: [VRFC 10-2263] Analyzing Verilog file "/home/tarafdar/workDir/test/galapagos/projects/hls4ml/1/1.ip_user_files/bd/pr/ip/pr_custom_switch_inst_0/sim/pr_custom_switch_inst_0.v" into library xil_defaultlib
INFO: [VRFC 10-311] analyzing module pr_custom_switch_inst_0
INFO: [VRFC 10-2263] Analyzing Verilog file "/home/tarafdar/workDir/test/galapagos/projects/hls4ml/1/1.ip_user_files/bd/pr/ip/pr_input_switch_0/sim/pr_input_switch_0.v" into library xil_defaultlib
INFO: [VRFC 10-311] analyzing module pr_input_switch_0
INFO: [VRFC 10-2263] Analyzing Verilog file "/home/tarafdar/workDir/test/galapagos/projects/hls4ml/1/1.ip_user_files/bd/pr/ip/pr_xlconstant_0_1/sim/pr_xlconstant_0_1.v" into library xil_defaultlib
INFO: [VRFC 10-311] analyzing module pr_xlconstant_0_1
INFO: [VRFC 10-2263] Analyzing Verilog file "/home/tarafdar/workDir/test/galapagos/projects/hls4ml/1/1.ip_user_files/bd/pr/ip/pr_xlconstant_0_2/sim/pr_xlconstant_0_2.v" into library xil_defaultlib
INFO: [VRFC 10-311] analyzing module pr_xlconstant_0_2
INFO: [VRFC 10-2263] Analyzing Verilog file "/home/tarafdar/workDir/test/galapagos/projects/hls4ml/1/1.ip_user_files/bd/pr/ip/pr_smartconnect_0_0/bd_0/sim/bd_7d4e.v" into library xil_defaultlib
INFO: [VRFC 10-311] analyzing module bd_7d4e
INFO: [VRFC 10-311] analyzing module clk_map_imp_13SA56M
INFO: [VRFC 10-311] analyzing module m00_exit_pipeline_imp_X8NM1X
INFO: [VRFC 10-311] analyzing module m00_nodes_imp_B3ASLL
INFO: [VRFC 10-311] analyzing module m01_exit_pipeline_imp_QVU5R9
INFO: [VRFC 10-311] analyzing module m01_nodes_imp_1FVIQ0V
INFO: [VRFC 10-311] analyzing module s00_entry_pipeline_imp_1VY6QUE
INFO: [VRFC 10-311] analyzing module s00_nodes_imp_1QJ2CFW
INFO: [VRFC 10-311] analyzing module s01_entry_pipeline_imp_UYMYEQ
INFO: [VRFC 10-311] analyzing module s01_nodes_imp_YHV8QY
INFO: [VRFC 10-311] analyzing module switchboards_imp_12H5D9K
INFO: [VRFC 10-2263] Analyzing SystemVerilog file "/home/tarafdar/workDir/test/galapagos/projects/hls4ml/1/1.ip_user_files/bd/pr/ip/pr_smartconnect_0_0/bd_0/ip/ip_10/sim/bd_7d4e_s00a2s_0.sv" into library xil_defaultlib
INFO: [VRFC 10-311] analyzing module bd_7d4e_s00a2s_0
INFO: [VRFC 10-2263] Analyzing SystemVerilog file "/home/tarafdar/workDir/test/galapagos/projects/hls4ml/1/1.ip_user_files/bd/pr/ip/pr_smartconnect_0_0/bd_0/ip/ip_16/sim/bd_7d4e_s01a2s_0.sv" into library xil_defaultlib
INFO: [VRFC 10-311] analyzing module bd_7d4e_s01a2s_0
INFO: [VRFC 10-2263] Analyzing SystemVerilog file "/home/tarafdar/workDir/test/galapagos/projects/hls4ml/1/1.ip_user_files/bd/pr/ip/pr_smartconnect_0_0/bd_0/ip/ip_20/sim/bd_7d4e_m00s2a_0.sv" into library xil_defaultlib
INFO: [VRFC 10-311] analyzing module bd_7d4e_m00s2a_0
INFO: [VRFC 10-2263] Analyzing SystemVerilog file "/home/tarafdar/workDir/test/galapagos/projects/hls4ml/1/1.ip_user_files/bd/pr/ip/pr_smartconnect_0_0/bd_0/ip/ip_27/sim/bd_7d4e_m01s2a_0.sv" into library xil_defaultlib
INFO: [VRFC 10-311] analyzing module bd_7d4e_m01s2a_0
INFO: [VRFC 10-2263] Analyzing SystemVerilog file "/home/tarafdar/workDir/test/galapagos/projects/hls4ml/1/1.ip_user_files/bd/pr/ip/pr_smartconnect_0_0/bd_0/ip/ip_33/sim/bd_7d4e_m01e_0.sv" into library xil_defaultlib
INFO: [VRFC 10-311] analyzing module bd_7d4e_m01e_0
INFO: [VRFC 10-2263] Analyzing SystemVerilog file "/home/tarafdar/workDir/test/galapagos/projects/hls4ml/1/1.ip_user_files/bd/pr/ip/pr_smartconnect_0_0/bd_0/ip/ip_28/sim/bd_7d4e_m01arn_0.sv" into library xil_defaultlib
INFO: [VRFC 10-311] analyzing module bd_7d4e_m01arn_0
INFO: [VRFC 10-2263] Analyzing SystemVerilog file "/home/tarafdar/workDir/test/galapagos/projects/hls4ml/1/1.ip_user_files/bd/pr/ip/pr_smartconnect_0_0/bd_0/ip/ip_29/sim/bd_7d4e_m01rn_0.sv" into library xil_defaultlib
INFO: [VRFC 10-311] analyzing module bd_7d4e_m01rn_0
INFO: [VRFC 10-2263] Analyzing SystemVerilog file "/home/tarafdar/workDir/test/galapagos/projects/hls4ml/1/1.ip_user_files/bd/pr/ip/pr_smartconnect_0_0/bd_0/ip/ip_30/sim/bd_7d4e_m01awn_0.sv" into library xil_defaultlib
INFO: [VRFC 10-311] analyzing module bd_7d4e_m01awn_0
INFO: [VRFC 10-2263] Analyzing SystemVerilog file "/home/tarafdar/workDir/test/galapagos/projects/hls4ml/1/1.ip_user_files/bd/pr/ip/pr_smartconnect_0_0/bd_0/ip/ip_31/sim/bd_7d4e_m01wn_0.sv" into library xil_defaultlib
INFO: [VRFC 10-311] analyzing module bd_7d4e_m01wn_0
INFO: [VRFC 10-2263] Analyzing SystemVerilog file "/home/tarafdar/workDir/test/galapagos/projects/hls4ml/1/1.ip_user_files/bd/pr/ip/pr_smartconnect_0_0/bd_0/ip/ip_32/sim/bd_7d4e_m01bn_0.sv" into library xil_defaultlib
INFO: [VRFC 10-311] analyzing module bd_7d4e_m01bn_0
INFO: [VRFC 10-2263] Analyzing SystemVerilog file "/home/tarafdar/workDir/test/galapagos/projects/hls4ml/1/1.ip_user_files/bd/pr/ip/pr_smartconnect_0_0/bd_0/ip/ip_26/sim/bd_7d4e_m00e_0.sv" into library xil_defaultlib
INFO: [VRFC 10-311] analyzing module bd_7d4e_m00e_0
INFO: [VRFC 10-2263] Analyzing SystemVerilog file "/home/tarafdar/workDir/test/galapagos/projects/hls4ml/1/1.ip_user_files/bd/pr/ip/pr_smartconnect_0_0/bd_0/ip/ip_21/sim/bd_7d4e_m00arn_0.sv" into library xil_defaultlib
INFO: [VRFC 10-311] analyzing module bd_7d4e_m00arn_0
INFO: [VRFC 10-2263] Analyzing SystemVerilog file "/home/tarafdar/workDir/test/galapagos/projects/hls4ml/1/1.ip_user_files/bd/pr/ip/pr_smartconnect_0_0/bd_0/ip/ip_22/sim/bd_7d4e_m00rn_0.sv" into library xil_defaultlib
INFO: [VRFC 10-311] analyzing module bd_7d4e_m00rn_0
INFO: [VRFC 10-2263] Analyzing SystemVerilog file "/home/tarafdar/workDir/test/galapagos/projects/hls4ml/1/1.ip_user_files/bd/pr/ip/pr_smartconnect_0_0/bd_0/ip/ip_23/sim/bd_7d4e_m00awn_0.sv" into library xil_defaultlib
INFO: [VRFC 10-311] analyzing module bd_7d4e_m00awn_0
INFO: [VRFC 10-2263] Analyzing SystemVerilog file "/home/tarafdar/workDir/test/galapagos/projects/hls4ml/1/1.ip_user_files/bd/pr/ip/pr_smartconnect_0_0/bd_0/ip/ip_24/sim/bd_7d4e_m00wn_0.sv" into library xil_defaultlib
INFO: [VRFC 10-311] analyzing module bd_7d4e_m00wn_0
INFO: [VRFC 10-2263] Analyzing SystemVerilog file "/home/tarafdar/workDir/test/galapagos/projects/hls4ml/1/1.ip_user_files/bd/pr/ip/pr_smartconnect_0_0/bd_0/ip/ip_25/sim/bd_7d4e_m00bn_0.sv" into library xil_defaultlib
INFO: [VRFC 10-311] analyzing module bd_7d4e_m00bn_0
INFO: [VRFC 10-2263] Analyzing SystemVerilog file "/home/tarafdar/workDir/test/galapagos/projects/hls4ml/1/1.ip_user_files/bd/pr/ip/pr_smartconnect_0_0/bd_0/ip/ip_17/sim/bd_7d4e_sawn_0.sv" into library xil_defaultlib
INFO: [VRFC 10-311] analyzing module bd_7d4e_sawn_0
INFO: [VRFC 10-2263] Analyzing SystemVerilog file "/home/tarafdar/workDir/test/galapagos/projects/hls4ml/1/1.ip_user_files/bd/pr/ip/pr_smartconnect_0_0/bd_0/ip/ip_18/sim/bd_7d4e_swn_0.sv" into library xil_defaultlib
INFO: [VRFC 10-311] analyzing module bd_7d4e_swn_0
INFO: [VRFC 10-2263] Analyzing SystemVerilog file "/home/tarafdar/workDir/test/galapagos/projects/hls4ml/1/1.ip_user_files/bd/pr/ip/pr_smartconnect_0_0/bd_0/ip/ip_19/sim/bd_7d4e_sbn_0.sv" into library xil_defaultlib
INFO: [VRFC 10-311] analyzing module bd_7d4e_sbn_0
INFO: [VRFC 10-2263] Analyzing SystemVerilog file "/home/tarafdar/workDir/test/galapagos/projects/hls4ml/1/1.ip_user_files/bd/pr/ip/pr_smartconnect_0_0/bd_0/ip/ip_13/sim/bd_7d4e_s01mmu_0.sv" into library xil_defaultlib
INFO: [VRFC 10-311] analyzing module bd_7d4e_s01mmu_0
INFO: [VRFC 10-2263] Analyzing SystemVerilog file "/home/tarafdar/workDir/test/galapagos/projects/hls4ml/1/1.ip_user_files/bd/pr/ip/pr_smartconnect_0_0/bd_0/ip/ip_14/sim/bd_7d4e_s01tr_0.sv" into library xil_defaultlib
INFO: [VRFC 10-311] analyzing module bd_7d4e_s01tr_0
INFO: [VRFC 10-2263] Analyzing SystemVerilog file "/home/tarafdar/workDir/test/galapagos/projects/hls4ml/1/1.ip_user_files/bd/pr/ip/pr_smartconnect_0_0/bd_0/ip/ip_15/sim/bd_7d4e_s01sic_0.sv" into library xil_defaultlib
INFO: [VRFC 10-311] analyzing module bd_7d4e_s01sic_0
INFO: [VRFC 10-2263] Analyzing SystemVerilog file "/home/tarafdar/workDir/test/galapagos/projects/hls4ml/1/1.ip_user_files/bd/pr/ip/pr_smartconnect_0_0/bd_0/ip/ip_11/sim/bd_7d4e_sarn_0.sv" into library xil_defaultlib
INFO: [VRFC 10-311] analyzing module bd_7d4e_sarn_0
INFO: [VRFC 10-2263] Analyzing SystemVerilog file "/home/tarafdar/workDir/test/galapagos/projects/hls4ml/1/1.ip_user_files/bd/pr/ip/pr_smartconnect_0_0/bd_0/ip/ip_12/sim/bd_7d4e_srn_0.sv" into library xil_defaultlib
INFO: [VRFC 10-311] analyzing module bd_7d4e_srn_0
INFO: [VRFC 10-2263] Analyzing SystemVerilog file "/home/tarafdar/workDir/test/galapagos/projects/hls4ml/1/1.ip_user_files/bd/pr/ip/pr_smartconnect_0_0/bd_0/ip/ip_7/sim/bd_7d4e_s00mmu_0.sv" into library xil_defaultlib
INFO: [VRFC 10-311] analyzing module bd_7d4e_s00mmu_0
INFO: [VRFC 10-2263] Analyzing SystemVerilog file "/home/tarafdar/workDir/test/galapagos/projects/hls4ml/1/1.ip_user_files/bd/pr/ip/pr_smartconnect_0_0/bd_0/ip/ip_8/sim/bd_7d4e_s00tr_0.sv" into library xil_defaultlib
INFO: [VRFC 10-311] analyzing module bd_7d4e_s00tr_0
INFO: [VRFC 10-2263] Analyzing SystemVerilog file "/home/tarafdar/workDir/test/galapagos/projects/hls4ml/1/1.ip_user_files/bd/pr/ip/pr_smartconnect_0_0/bd_0/ip/ip_9/sim/bd_7d4e_s00sic_0.sv" into library xil_defaultlib
INFO: [VRFC 10-311] analyzing module bd_7d4e_s00sic_0
INFO: [VRFC 10-2263] Analyzing SystemVerilog file "/home/tarafdar/workDir/test/galapagos/projects/hls4ml/1/1.ip_user_files/bd/pr/ip/pr_smartconnect_0_0/bd_0/ip/ip_2/sim/bd_7d4e_arsw_0.sv" into library xil_defaultlib
INFO: [VRFC 10-311] analyzing module bd_7d4e_arsw_0
INFO: [VRFC 10-2263] Analyzing SystemVerilog file "/home/tarafdar/workDir/test/galapagos/projects/hls4ml/1/1.ip_user_files/bd/pr/ip/pr_smartconnect_0_0/bd_0/ip/ip_3/sim/bd_7d4e_rsw_0.sv" into library xil_defaultlib
INFO: [VRFC 10-311] analyzing module bd_7d4e_rsw_0
INFO: [VRFC 10-2263] Analyzing SystemVerilog file "/home/tarafdar/workDir/test/galapagos/projects/hls4ml/1/1.ip_user_files/bd/pr/ip/pr_smartconnect_0_0/bd_0/ip/ip_4/sim/bd_7d4e_awsw_0.sv" into library xil_defaultlib
INFO: [VRFC 10-311] analyzing module bd_7d4e_awsw_0
INFO: [VRFC 10-2263] Analyzing SystemVerilog file "/home/tarafdar/workDir/test/galapagos/projects/hls4ml/1/1.ip_user_files/bd/pr/ip/pr_smartconnect_0_0/bd_0/ip/ip_5/sim/bd_7d4e_wsw_0.sv" into library xil_defaultlib
INFO: [VRFC 10-311] analyzing module bd_7d4e_wsw_0
INFO: [VRFC 10-2263] Analyzing SystemVerilog file "/home/tarafdar/workDir/test/galapagos/projects/hls4ml/1/1.ip_user_files/bd/pr/ip/pr_smartconnect_0_0/bd_0/ip/ip_6/sim/bd_7d4e_bsw_0.sv" into library xil_defaultlib
INFO: [VRFC 10-311] analyzing module bd_7d4e_bsw_0
INFO: [VRFC 10-2263] Analyzing Verilog file "/home/tarafdar/workDir/test/galapagos/projects/hls4ml/1/1.ip_user_files/bd/pr/ip/pr_smartconnect_0_0/bd_0/ip/ip_0/sim/bd_7d4e_one_0.v" into library xil_defaultlib
INFO: [VRFC 10-311] analyzing module bd_7d4e_one_0
INFO: [VRFC 10-2263] Analyzing Verilog file "/home/tarafdar/workDir/test/galapagos/projects/hls4ml/1/1.ip_user_files/bd/pr/ip/pr_smartconnect_0_0/sim/pr_smartconnect_0_0.v" into library xil_defaultlib
INFO: [VRFC 10-311] analyzing module pr_smartconnect_0_0
INFO: [VRFC 10-2263] Analyzing Verilog file "/home/tarafdar/workDir/test/galapagos/projects/hls4ml/1/1.ip_user_files/bd/pr/ipshared/546a/ip_constant_block.v" into library xil_defaultlib
INFO: [VRFC 10-311] analyzing module ip_constant_block
INFO: [VRFC 10-2263] Analyzing Verilog file "/home/tarafdar/workDir/test/galapagos/projects/hls4ml/1/1.ip_user_files/bd/pr/ip/pr_ip_constant_block_inst_1/sim/pr_ip_constant_block_inst_1.v" into library xil_defaultlib
INFO: [VRFC 10-311] analyzing module pr_ip_constant_block_inst_1
INFO: [VRFC 10-2263] Analyzing Verilog file "/home/tarafdar/workDir/test/galapagos/projects/hls4ml/1/1.srcs/sources_1/bd/pr/ipshared/f6d2/hdl/verilog/app_to_eth.v" into library xil_defaultlib
INFO: [VRFC 10-311] analyzing module app_to_eth
INFO: [VRFC 10-2263] Analyzing Verilog file "/home/tarafdar/workDir/test/galapagos/projects/hls4ml/1/1.srcs/sources_1/bd/pr/ipshared/f6d2/hdl/verilog/eth_to_app.v" into library xil_defaultlib
INFO: [VRFC 10-311] analyzing module eth_to_app
INFO: [VRFC 10-2263] Analyzing Verilog file "/home/tarafdar/workDir/test/galapagos/projects/hls4ml/1/1.srcs/sources_1/bd/pr/ipshared/f6d2/hdl/verilog/ethernet_bridge.v" into library xil_defaultlib
INFO: [VRFC 10-311] analyzing module ethernet_bridge
INFO: [VRFC 10-2263] Analyzing Verilog file "/home/tarafdar/workDir/test/galapagos/projects/hls4ml/1/1.srcs/sources_1/bd/pr/ipshared/f6d2/hdl/verilog/ethernet_bridge_ap_rst_if.v" into library xil_defaultlib
INFO: [VRFC 10-311] analyzing module ethernet_bridge_ap_rst_if
INFO: [VRFC 10-2263] Analyzing Verilog file "/home/tarafdar/workDir/test/galapagos/projects/hls4ml/1/1.srcs/sources_1/bd/pr/ipshared/f6d2/hdl/verilog/ethernet_bridge_entr.v" into library xil_defaultlib
INFO: [VRFC 10-311] analyzing module ethernet_bridge_entr
INFO: [VRFC 10-2263] Analyzing Verilog file "/home/tarafdar/workDir/test/galapagos/projects/hls4ml/1/1.srcs/sources_1/bd/pr/ipshared/f6d2/hdl/verilog/ethernet_bridge_from_app_V_if.v" into library xil_defaultlib
INFO: [VRFC 10-311] analyzing module ethernet_bridge_from_app_V_if
INFO: [VRFC 10-311] analyzing module ethernet_bridge_from_app_V_reg_slice
INFO: [VRFC 10-2263] Analyzing Verilog file "/home/tarafdar/workDir/test/galapagos/projects/hls4ml/1/1.srcs/sources_1/bd/pr/ipshared/f6d2/hdl/verilog/ethernet_bridge_from_eth_V_if.v" into library xil_defaultlib
INFO: [VRFC 10-311] analyzing module ethernet_bridge_from_eth_V_if
INFO: [VRFC 10-311] analyzing module ethernet_bridge_from_eth_V_reg_slice
INFO: [VRFC 10-2263] Analyzing Verilog file "/home/tarafdar/workDir/test/galapagos/projects/hls4ml/1/1.srcs/sources_1/bd/pr/ipshared/f6d2/hdl/verilog/ethernet_bridge_mac_table_V_if.v" into library xil_defaultlib
INFO: [VRFC 10-311] analyzing module ethernet_bridge_mac_table_V_if
INFO: [VRFC 10-2263] Analyzing Verilog file "/home/tarafdar/workDir/test/galapagos/projects/hls4ml/1/1.srcs/sources_1/bd/pr/ipshared/f6d2/hdl/verilog/ethernet_bridge_to_app_V_if.v" into library xil_defaultlib
INFO: [VRFC 10-311] analyzing module ethernet_bridge_to_app_V_if
INFO: [VRFC 10-311] analyzing module ethernet_bridge_to_app_V_reg_slice
INFO: [VRFC 10-2263] Analyzing Verilog file "/home/tarafdar/workDir/test/galapagos/projects/hls4ml/1/1.srcs/sources_1/bd/pr/ipshared/f6d2/hdl/verilog/ethernet_bridge_to_eth_V_if.v" into library xil_defaultlib
INFO: [VRFC 10-311] analyzing module ethernet_bridge_to_eth_V_if
INFO: [VRFC 10-311] analyzing module ethernet_bridge_to_eth_V_reg_slice
INFO: [VRFC 10-2263] Analyzing Verilog file "/home/tarafdar/workDir/test/galapagos/projects/hls4ml/1/1.srcs/sources_1/bd/pr/ipshared/f6d2/hdl/verilog/fifo_w48_d2_A.v" into library xil_defaultlib
INFO: [VRFC 10-311] analyzing module fifo_w48_d2_A_shiftReg
INFO: [VRFC 10-311] analyzing module fifo_w48_d2_A
INFO: [VRFC 10-2263] Analyzing Verilog file "/home/tarafdar/workDir/test/galapagos/projects/hls4ml/1/1.srcs/sources_1/bd/pr/ipshared/f6d2/hdl/verilog/ethernet_bridge_top.v" into library xil_defaultlib
INFO: [VRFC 10-311] analyzing module ethernet_bridge_top
INFO: [VRFC 10-2458] undeclared symbol sig_ethernet_bridge_ap_rst_n, assumed default net type wire [/home/tarafdar/workDir/test/galapagos/projects/hls4ml/1/1.srcs/sources_1/bd/pr/ipshared/f6d2/hdl/verilog/ethernet_bridge_top.v:221]
INFO: [VRFC 10-2263] Analyzing Verilog file "/home/tarafdar/workDir/test/galapagos/projects/hls4ml/1/1.ip_user_files/bd/pr/ip/pr_network_bridge_inst_1/sim/pr_network_bridge_inst_1.v" into library xil_defaultlib
INFO: [VRFC 10-311] analyzing module pr_network_bridge_inst_1
INFO: [VRFC 10-2263] Analyzing Verilog file "/home/tarafdar/workDir/test/galapagos/projects/hls4ml/1/1.ip_user_files/bd/pr/ip/pr_blk_mem_bridge_rom_1/sim/pr_blk_mem_bridge_rom_1.v" into library xil_defaultlib
INFO: [VRFC 10-311] analyzing module pr_blk_mem_bridge_rom_1
INFO: [VRFC 10-2263] Analyzing Verilog file "/home/tarafdar/workDir/test/galapagos/projects/hls4ml/1/1.ip_user_files/bd/pr/sim/pr.v" into library xil_defaultlib
INFO: [VRFC 10-311] analyzing module applicationRegion_imp_1EIFTCH
INFO: [VRFC 10-311] analyzing module network_imp_MCWI7J
INFO: [VRFC 10-311] analyzing module pr
INFO: [VRFC 10-2263] Analyzing Verilog file "/home/tarafdar/workDir/test/galapagos/projects/hls4ml/1/1.srcs/sources_1/bd/pr/ipshared/d0e3/hdl/verilog/dariusController_bkb.v" into library xil_defaultlib
INFO: [VRFC 10-311] analyzing module dariusController_bkb_ram
INFO: [VRFC 10-311] analyzing module dariusController_bkb
INFO: [VRFC 10-2263] Analyzing Verilog file "/home/tarafdar/workDir/test/galapagos/projects/hls4ml/1/1.srcs/sources_1/bd/pr/ipshared/d0e3/hdl/verilog/dariusController_raw_darius_driver_m_axi.v" into library xil_defaultlib
INFO: [VRFC 10-311] analyzing module dariusController_raw_darius_driver_m_axi
INFO: [VRFC 10-311] analyzing module dariusController_raw_darius_driver_m_axi_reg_slice
INFO: [VRFC 10-311] analyzing module dariusController_raw_darius_driver_m_axi_fifo
INFO: [VRFC 10-311] analyzing module dariusController_raw_darius_driver_m_axi_buffer
INFO: [VRFC 10-311] analyzing module dariusController_raw_darius_driver_m_axi_decoder
INFO: [VRFC 10-311] analyzing module dariusController_raw_darius_driver_m_axi_throttl
INFO: [VRFC 10-311] analyzing module dariusController_raw_darius_driver_m_axi_read
INFO: [VRFC 10-311] analyzing module dariusController_raw_darius_driver_m_axi_write
INFO: [VRFC 10-2458] undeclared symbol data_valid, assumed default net type wire [/home/tarafdar/workDir/test/galapagos/projects/hls4ml/1/1.srcs/sources_1/bd/pr/ipshared/d0e3/hdl/verilog/dariusController_raw_darius_driver_m_axi.v:2236]
INFO: [VRFC 10-2263] Analyzing Verilog file "/home/tarafdar/workDir/test/galapagos/projects/hls4ml/1/1.srcs/sources_1/bd/pr/ipshared/d0e3/hdl/verilog/dariusController_raw.v" into library xil_defaultlib
INFO: [VRFC 10-311] analyzing module dariusController_raw
INFO: [VRFC 10-2263] Analyzing Verilog file "/home/tarafdar/workDir/test/galapagos/projects/hls4ml/1/1.ip_user_files/bd/pr/ip/pr_dariusController_raw_0_0/sim/pr_dariusController_raw_0_0.v" into library xil_defaultlib
INFO: [VRFC 10-311] analyzing module pr_dariusController_raw_0_0
INFO: [VRFC 10-2263] Analyzing Verilog file "/home/tarafdar/workDir/test/galapagos/projects/hls4ml/1/1.ip_user_files/bd/shell/ip/shell_blk_mem_gen_0_0/sim/shell_blk_mem_gen_0_0.v" into library xil_defaultlib
INFO: [VRFC 10-311] analyzing module shell_blk_mem_gen_0_0
INFO: [VRFC 10-2263] Analyzing Verilog file "/home/tarafdar/workDir/test/galapagos/projects/hls4ml/1/1.ip_user_files/bd/shell/ip/shell_clk_wiz_0_0/shell_clk_wiz_0_0_clk_wiz.v" into library xil_defaultlib
INFO: [VRFC 10-311] analyzing module shell_clk_wiz_0_0_clk_wiz
INFO: [VRFC 10-2263] Analyzing Verilog file "/home/tarafdar/workDir/test/galapagos/projects/hls4ml/1/1.ip_user_files/bd/shell/ip/shell_clk_wiz_0_0/shell_clk_wiz_0_0.v" into library xil_defaultlib
INFO: [VRFC 10-311] analyzing module shell_clk_wiz_0_0
INFO: [VRFC 10-2263] Analyzing Verilog file "/home/tarafdar/workDir/test/galapagos/projects/hls4ml/1/1.ip_user_files/bd/shell/ip/shell_gnd_0/sim/shell_gnd_0.v" into library xil_defaultlib
INFO: [VRFC 10-311] analyzing module shell_gnd_0
INFO: [VRFC 10-2263] Analyzing Verilog file "/home/tarafdar/workDir/test/galapagos/projects/hls4ml/1/1.ip_user_files/bd/shell/ip/shell_system_ila_0_0/bd_0/ip/ip_0/sim/bd_6748_ila_lib_0.v" into library xil_defaultlib
INFO: [VRFC 10-311] analyzing module bd_6748_ila_lib_0
INFO: [VRFC 10-2263] Analyzing Verilog file "/home/tarafdar/workDir/test/galapagos/projects/hls4ml/1/1.ip_user_files/bd/shell/ip/shell_system_ila_0_0/bd_0/ip/ip_1/bd_6748_g_inst_0_gigantic_mux.v" into library xil_defaultlib
INFO: [VRFC 10-311] analyzing module bd_6748_g_inst_0_gigantic_mux
INFO: [VRFC 10-2263] Analyzing Verilog file "/home/tarafdar/workDir/test/galapagos/projects/hls4ml/1/1.ip_user_files/bd/shell/ip/shell_system_ila_0_0/bd_0/ip/ip_1/sim/bd_6748_g_inst_0.v" into library xil_defaultlib
INFO: [VRFC 10-311] analyzing module bd_6748_g_inst_0
INFO: [VRFC 10-2263] Analyzing Verilog file "/home/tarafdar/workDir/test/galapagos/projects/hls4ml/1/1.ip_user_files/bd/shell/ip/shell_system_ila_0_0/bd_0/ip/ip_2/sim/bd_6748_slot_0_aw_0.v" into library xil_defaultlib
INFO: [VRFC 10-311] analyzing module bd_6748_slot_0_aw_0
INFO: [VRFC 10-2263] Analyzing Verilog file "/home/tarafdar/workDir/test/galapagos/projects/hls4ml/1/1.ip_user_files/bd/shell/ip/shell_system_ila_0_0/bd_0/ip/ip_3/sim/bd_6748_slot_0_w_0.v" into library xil_defaultlib
INFO: [VRFC 10-311] analyzing module bd_6748_slot_0_w_0
INFO: [VRFC 10-2263] Analyzing Verilog file "/home/tarafdar/workDir/test/galapagos/projects/hls4ml/1/1.ip_user_files/bd/shell/ip/shell_system_ila_0_0/bd_0/ip/ip_4/sim/bd_6748_slot_0_b_0.v" into library xil_defaultlib
INFO: [VRFC 10-311] analyzing module bd_6748_slot_0_b_0
INFO: [VRFC 10-2263] Analyzing Verilog file "/home/tarafdar/workDir/test/galapagos/projects/hls4ml/1/1.ip_user_files/bd/shell/ip/shell_system_ila_0_0/bd_0/ip/ip_5/sim/bd_6748_slot_0_ar_0.v" into library xil_defaultlib
INFO: [VRFC 10-311] analyzing module bd_6748_slot_0_ar_0
INFO: [VRFC 10-2263] Analyzing Verilog file "/home/tarafdar/workDir/test/galapagos/projects/hls4ml/1/1.ip_user_files/bd/shell/ip/shell_system_ila_0_0/bd_0/ip/ip_6/sim/bd_6748_slot_0_r_0.v" into library xil_defaultlib
INFO: [VRFC 10-311] analyzing module bd_6748_slot_0_r_0
INFO: [VRFC 10-2263] Analyzing Verilog file "/home/tarafdar/workDir/test/galapagos/projects/hls4ml/1/1.ip_user_files/bd/shell/ip/shell_system_ila_0_0/bd_0/ip/ip_7/sim/bd_6748_slot_1_aw_0.v" into library xil_defaultlib
INFO: [VRFC 10-311] analyzing module bd_6748_slot_1_aw_0
INFO: [VRFC 10-2263] Analyzing Verilog file "/home/tarafdar/workDir/test/galapagos/projects/hls4ml/1/1.ip_user_files/bd/shell/ip/shell_system_ila_0_0/bd_0/ip/ip_8/sim/bd_6748_slot_1_w_0.v" into library xil_defaultlib
INFO: [VRFC 10-311] analyzing module bd_6748_slot_1_w_0
INFO: [VRFC 10-2263] Analyzing Verilog file "/home/tarafdar/workDir/test/galapagos/projects/hls4ml/1/1.ip_user_files/bd/shell/ip/shell_system_ila_0_0/bd_0/ip/ip_9/sim/bd_6748_slot_1_b_0.v" into library xil_defaultlib
INFO: [VRFC 10-311] analyzing module bd_6748_slot_1_b_0
INFO: [VRFC 10-2263] Analyzing Verilog file "/home/tarafdar/workDir/test/galapagos/projects/hls4ml/1/1.ip_user_files/bd/shell/ip/shell_system_ila_0_0/bd_0/ip/ip_10/sim/bd_6748_slot_1_ar_0.v" into library xil_defaultlib
INFO: [VRFC 10-311] analyzing module bd_6748_slot_1_ar_0
INFO: [VRFC 10-2263] Analyzing Verilog file "/home/tarafdar/workDir/test/galapagos/projects/hls4ml/1/1.ip_user_files/bd/shell/ip/shell_system_ila_0_0/bd_0/ip/ip_11/sim/bd_6748_slot_1_r_0.v" into library xil_defaultlib
INFO: [VRFC 10-311] analyzing module bd_6748_slot_1_r_0
INFO: [VRFC 10-2263] Analyzing Verilog file "/home/tarafdar/workDir/test/galapagos/projects/hls4ml/1/1.ip_user_files/bd/shell/ip/shell_system_ila_0_0/bd_0/ip/ip_12/sim/bd_6748_slot_2_aw_0.v" into library xil_defaultlib
INFO: [VRFC 10-311] analyzing module bd_6748_slot_2_aw_0
INFO: [VRFC 10-2263] Analyzing Verilog file "/home/tarafdar/workDir/test/galapagos/projects/hls4ml/1/1.ip_user_files/bd/shell/ip/shell_system_ila_0_0/bd_0/ip/ip_13/sim/bd_6748_slot_2_w_0.v" into library xil_defaultlib
INFO: [VRFC 10-311] analyzing module bd_6748_slot_2_w_0
INFO: [VRFC 10-2263] Analyzing Verilog file "/home/tarafdar/workDir/test/galapagos/projects/hls4ml/1/1.ip_user_files/bd/shell/ip/shell_system_ila_0_0/bd_0/ip/ip_14/sim/bd_6748_slot_2_b_0.v" into library xil_defaultlib
INFO: [VRFC 10-311] analyzing module bd_6748_slot_2_b_0
INFO: [VRFC 10-2263] Analyzing Verilog file "/home/tarafdar/workDir/test/galapagos/projects/hls4ml/1/1.ip_user_files/bd/shell/ip/shell_system_ila_0_0/bd_0/ip/ip_15/sim/bd_6748_slot_2_ar_0.v" into library xil_defaultlib
INFO: [VRFC 10-311] analyzing module bd_6748_slot_2_ar_0
INFO: [VRFC 10-2263] Analyzing Verilog file "/home/tarafdar/workDir/test/galapagos/projects/hls4ml/1/1.ip_user_files/bd/shell/ip/shell_system_ila_0_0/bd_0/ip/ip_16/sim/bd_6748_slot_2_r_0.v" into library xil_defaultlib
INFO: [VRFC 10-311] analyzing module bd_6748_slot_2_r_0
INFO: [VRFC 10-2263] Analyzing Verilog file "/home/tarafdar/workDir/test/galapagos/projects/hls4ml/1/1.ip_user_files/bd/shell/ip/shell_system_ila_0_0/bd_0/sim/bd_6748.v" into library xil_defaultlib
INFO: [VRFC 10-311] analyzing module bd_6748
INFO: [VRFC 10-2263] Analyzing Verilog file "/home/tarafdar/workDir/test/galapagos/projects/hls4ml/1/1.ip_user_files/bd/shell/ip/shell_system_ila_0_0/sim/shell_system_ila_0_0.v" into library xil_defaultlib
INFO: [VRFC 10-311] analyzing module shell_system_ila_0_0
INFO: [VRFC 10-2263] Analyzing Verilog file "/home/tarafdar/workDir/test/galapagos/projects/hls4ml/1/1.ip_user_files/bd/shell/ip/shell_util_vector_logic_0_0/sim/shell_util_vector_logic_0_0.v" into library xil_defaultlib
INFO: [VRFC 10-311] analyzing module shell_util_vector_logic_0_0
INFO: [VRFC 10-2263] Analyzing Verilog file "/home/tarafdar/workDir/test/galapagos/projects/hls4ml/1/1.ip_user_files/bd/shell/ip/shell_util_vector_logic_1_0/sim/shell_util_vector_logic_1_0.v" into library xil_defaultlib
INFO: [VRFC 10-311] analyzing module shell_util_vector_logic_1_0
INFO: [VRFC 10-2263] Analyzing Verilog file "/home/tarafdar/workDir/test/galapagos/projects/hls4ml/1/1.ip_user_files/bd/shell/ip/shell_util_vector_logic_2_0/sim/shell_util_vector_logic_2_0.v" into library xil_defaultlib
INFO: [VRFC 10-311] analyzing module shell_util_vector_logic_2_0
INFO: [VRFC 10-2263] Analyzing Verilog file "/home/tarafdar/workDir/test/galapagos/projects/hls4ml/1/1.ip_user_files/bd/shell/ip/shell_util_vector_logic_3_0/sim/shell_util_vector_logic_3_0.v" into library xil_defaultlib
INFO: [VRFC 10-311] analyzing module shell_util_vector_logic_3_0
INFO: [VRFC 10-2263] Analyzing Verilog file "/home/tarafdar/workDir/test/galapagos/projects/hls4ml/1/1.ip_user_files/bd/shell/ip/shell_vio_0_0/sim/shell_vio_0_0.v" into library xil_defaultlib
INFO: [VRFC 10-311] analyzing module shell_vio_0_0
INFO: [VRFC 10-2263] Analyzing Verilog file "/home/tarafdar/workDir/test/galapagos/projects/hls4ml/1/1.ip_user_files/bd/shell/ip/shell_axi_10g_ethernet_0_0/bd_0/ip/ip_0/ten_gig_eth_mac_v15_1_1/hdl/bd_01e2_xmac_0_core.v" into library xil_defaultlib
INFO: [VRFC 10-311] analyzing module bd_01e2_xmac_0_core_top
INFO: [VRFC 10-2263] Analyzing Verilog file "/home/tarafdar/workDir/test/galapagos/projects/hls4ml/1/1.ip_user_files/bd/shell/ip/shell_axi_10g_ethernet_0_0/bd_0/ip/ip_0/synth/bd_01e2_xmac_0_block.v" into library xil_defaultlib
INFO: [VRFC 10-311] analyzing module bd_01e2_xmac_0_block
INFO: [VRFC 10-2263] Analyzing Verilog file "/home/tarafdar/workDir/test/galapagos/projects/hls4ml/1/1.ip_user_files/bd/shell/ip/shell_axi_10g_ethernet_0_0/bd_0/ip/ip_0/synth/bd_01e2_xmac_0.v" into library xil_defaultlib
INFO: [VRFC 10-311] analyzing module bd_01e2_xmac_0
INFO: [VRFC 10-2263] Analyzing Verilog file "/home/tarafdar/workDir/test/galapagos/projects/hls4ml/1/1.ip_user_files/bd/shell/ip/shell_axi_10g_ethernet_0_0/bd_0/ip/ip_1/ip_0/sim/gtwizard_ultrascale_v1_7_gthe3_channel.v" into library xil_defaultlib
INFO: [VRFC 10-311] analyzing module gtwizard_ultrascale_v1_7_4_gthe3_channel
INFO: [VRFC 10-2263] Analyzing Verilog file "/home/tarafdar/workDir/test/galapagos/projects/hls4ml/1/1.ip_user_files/bd/shell/ip/shell_axi_10g_ethernet_0_0/bd_0/ip/ip_1/ip_0/sim/bd_01e2_xpcs_0_gt_gthe3_channel_wrapper.v" into library xil_defaultlib
INFO: [VRFC 10-311] analyzing module bd_01e2_xpcs_0_gt_gthe3_channel_wrapper
INFO: [VRFC 10-2263] Analyzing Verilog file "/home/tarafdar/workDir/test/galapagos/projects/hls4ml/1/1.ip_user_files/bd/shell/ip/shell_axi_10g_ethernet_0_0/bd_0/ip/ip_1/ip_0/sim/bd_01e2_xpcs_0_gt_gtwizard_gthe3.v" into library xil_defaultlib
INFO: [VRFC 10-311] analyzing module bd_01e2_xpcs_0_gt_gtwizard_gthe3
INFO: [VRFC 10-2263] Analyzing Verilog file "/home/tarafdar/workDir/test/galapagos/projects/hls4ml/1/1.ip_user_files/bd/shell/ip/shell_axi_10g_ethernet_0_0/bd_0/ip/ip_1/ip_0/sim/bd_01e2_xpcs_0_gt_gtwizard_top.v" into library xil_defaultlib
INFO: [VRFC 10-311] analyzing module bd_01e2_xpcs_0_gt_gtwizard_top
INFO: [VRFC 10-2263] Analyzing Verilog file "/home/tarafdar/workDir/test/galapagos/projects/hls4ml/1/1.ip_user_files/bd/shell/ip/shell_axi_10g_ethernet_0_0/bd_0/ip/ip_1/ip_0/sim/bd_01e2_xpcs_0_gt.v" into library xil_defaultlib
INFO: [VRFC 10-311] analyzing module bd_01e2_xpcs_0_gt
INFO: [VRFC 10-2263] Analyzing Verilog file "/home/tarafdar/workDir/test/galapagos/projects/hls4ml/1/1.ip_user_files/bd/shell/ip/shell_axi_10g_ethernet_0_0/bd_0/ip/ip_1/synth/bd_01e2_xpcs_0_ff_synchronizer_rst.v" into library xil_defaultlib
INFO: [VRFC 10-311] analyzing module bd_01e2_xpcs_0_ff_synchronizer_rst
INFO: [VRFC 10-2263] Analyzing Verilog file "/home/tarafdar/workDir/test/galapagos/projects/hls4ml/1/1.ip_user_files/bd/shell/ip/shell_axi_10g_ethernet_0_0/bd_0/ip/ip_1/synth/bd_01e2_xpcs_0_ff_synchronizer.v" into library xil_defaultlib
INFO: [VRFC 10-311] analyzing module bd_01e2_xpcs_0_ff_synchronizer
INFO: [VRFC 10-2263] Analyzing Verilog file "/home/tarafdar/workDir/test/galapagos/projects/hls4ml/1/1.ip_user_files/bd/shell/ip/shell_axi_10g_ethernet_0_0/bd_0/ip/ip_1/synth/bd_01e2_xpcs_0_local_clock_and_reset.v" into library xil_defaultlib
INFO: [VRFC 10-311] analyzing module bd_01e2_xpcs_0_local_clock_and_reset
INFO: [VRFC 10-2263] Analyzing Verilog file "/home/tarafdar/workDir/test/galapagos/projects/hls4ml/1/1.ip_user_files/bd/shell/ip/shell_axi_10g_ethernet_0_0/bd_0/ip/ip_1/synth/bd_01e2_xpcs_0_sim_speedup_controller.v" into library xil_defaultlib
INFO: [VRFC 10-311] analyzing module bd_01e2_xpcs_0_sim_speedup_controller
INFO: [VRFC 10-2263] Analyzing Verilog file "/home/tarafdar/workDir/test/galapagos/projects/hls4ml/1/1.ip_user_files/bd/shell/ip/shell_axi_10g_ethernet_0_0/bd_0/ip/ip_1/synth/bd_01e2_xpcs_0_cable_pull_logic.v" into library xil_defaultlib
INFO: [VRFC 10-311] analyzing module bd_01e2_xpcs_0_cable_pull_logic
INFO: [VRFC 10-2263] Analyzing Verilog file "/home/tarafdar/workDir/test/galapagos/projects/hls4ml/1/1.ip_user_files/bd/shell/ip/shell_axi_10g_ethernet_0_0/bd_0/ip/ip_1/synth/bd_01e2_xpcs_0_block.v" into library xil_defaultlib
INFO: [VRFC 10-311] analyzing module bd_01e2_xpcs_0_block
INFO: [VRFC 10-2263] Analyzing Verilog file "/home/tarafdar/workDir/test/galapagos/projects/hls4ml/1/1.ip_user_files/bd/shell/ip/shell_axi_10g_ethernet_0_0/bd_0/ip/ip_1/synth/bd_01e2_xpcs_0_support.v" into library xil_defaultlib
INFO: [VRFC 10-311] analyzing module bd_01e2_xpcs_0_support
INFO: [VRFC 10-2263] Analyzing Verilog file "/home/tarafdar/workDir/test/galapagos/projects/hls4ml/1/1.ip_user_files/bd/shell/ip/shell_axi_10g_ethernet_0_0/bd_0/ip/ip_1/synth/bd_01e2_xpcs_0_shared_clock_and_reset.v" into library xil_defaultlib
INFO: [VRFC 10-311] analyzing module bd_01e2_xpcs_0_shared_clock_and_reset
INFO: [VRFC 10-2263] Analyzing Verilog file "/home/tarafdar/workDir/test/galapagos/projects/hls4ml/1/1.ip_user_files/bd/shell/ip/shell_axi_10g_ethernet_0_0/bd_0/ip/ip_1/synth/gtwizard_ultrascale_v1_7_gthe3_common.v" into library xil_defaultlib
INFO: [VRFC 10-311] analyzing module gtwizard_ultrascale_v1_7_4_gthe3_common
INFO: [VRFC 10-2263] Analyzing Verilog file "/home/tarafdar/workDir/test/galapagos/projects/hls4ml/1/1.ip_user_files/bd/shell/ip/shell_axi_10g_ethernet_0_0/bd_0/ip/ip_1/synth/bd_01e2_xpcs_0_gt_common_wrapper.v" into library xil_defaultlib
INFO: [VRFC 10-311] analyzing module bd_01e2_xpcs_0_gt_common_wrapper
INFO: [VRFC 10-2263] Analyzing Verilog file "/home/tarafdar/workDir/test/galapagos/projects/hls4ml/1/1.ip_user_files/bd/shell/ip/shell_axi_10g_ethernet_0_0/bd_0/ip/ip_1/synth/bd_01e2_xpcs_0_gt_common.v" into library xil_defaultlib
INFO: [VRFC 10-311] analyzing module bd_01e2_xpcs_0_gt_common
INFO: [VRFC 10-2458] undeclared symbol GTHE3_COMMON_QPLL0PD, assumed default net type wire [/home/tarafdar/workDir/test/galapagos/projects/hls4ml/1/1.ip_user_files/bd/shell/ip/shell_axi_10g_ethernet_0_0/bd_0/ip/ip_1/synth/bd_01e2_xpcs_0_gt_common.v:117]
INFO: [VRFC 10-2458] undeclared symbol GTHE3_COMMON_QPLL1PD, assumed default net type wire [/home/tarafdar/workDir/test/galapagos/projects/hls4ml/1/1.ip_user_files/bd/shell/ip/shell_axi_10g_ethernet_0_0/bd_0/ip/ip_1/synth/bd_01e2_xpcs_0_gt_common.v:118]
INFO: [VRFC 10-2263] Analyzing Verilog file "/home/tarafdar/workDir/test/galapagos/projects/hls4ml/1/1.ip_user_files/bd/shell/ip/shell_axi_10g_ethernet_0_0/bd_0/ip/ip_1/synth/bd_01e2_xpcs_0_ff_synchronizer_rst2.v" into library xil_defaultlib
INFO: [VRFC 10-311] analyzing module bd_01e2_xpcs_0_ff_synchronizer_rst2
INFO: [VRFC 10-2263] Analyzing Verilog file "/home/tarafdar/workDir/test/galapagos/projects/hls4ml/1/1.ip_user_files/bd/shell/ip/shell_axi_10g_ethernet_0_0/bd_0/ip/ip_1/synth/bd_01e2_xpcs_0.v" into library xil_defaultlib
INFO: [VRFC 10-311] analyzing module bd_01e2_xpcs_0
INFO: [VRFC 10-2263] Analyzing Verilog file "/home/tarafdar/workDir/test/galapagos/projects/hls4ml/1/1.ip_user_files/bd/shell/ip/shell_axi_10g_ethernet_0_0/bd_0/ip/ip_2/sim/bd_01e2_dcm_locked_driver_0.v" into library xil_defaultlib
INFO: [VRFC 10-311] analyzing module bd_01e2_dcm_locked_driver_0
INFO: [VRFC 10-2263] Analyzing Verilog file "/home/tarafdar/workDir/test/galapagos/projects/hls4ml/1/1.ip_user_files/bd/shell/ip/shell_axi_10g_ethernet_0_0/bd_0/ip/ip_3/sim/bd_01e2_pma_pmd_type_driver_0.v" into library xil_defaultlib
INFO: [VRFC 10-311] analyzing module bd_01e2_pma_pmd_type_driver_0
INFO: [VRFC 10-2263] Analyzing Verilog file "/home/tarafdar/workDir/test/galapagos/projects/hls4ml/1/1.ip_user_files/bd/shell/ip/shell_axi_10g_ethernet_0_0/bd_0/sim/bd_01e2.v" into library xil_defaultlib
INFO: [VRFC 10-311] analyzing module bd_01e2
INFO: [VRFC 10-2263] Analyzing Verilog file "/home/tarafdar/workDir/test/galapagos/projects/hls4ml/1/1.ip_user_files/bd/shell/ip/shell_axi_10g_ethernet_0_0/sim/shell_axi_10g_ethernet_0_0.v" into library xil_defaultlib
INFO: [VRFC 10-311] analyzing module shell_axi_10g_ethernet_0_0
INFO: [VRFC 10-2263] Analyzing Verilog file "/home/tarafdar/workDir/test/galapagos/projects/hls4ml/1/1.ip_user_files/bd/shell/ip/shell_gnd_1/sim/shell_gnd_1.v" into library xil_defaultlib
INFO: [VRFC 10-311] analyzing module shell_gnd_1
INFO: [VRFC 10-2263] Analyzing Verilog file "/home/tarafdar/workDir/test/galapagos/projects/hls4ml/1/1.ip_user_files/bd/shell/ip/shell_ifg_delay_0/sim/shell_ifg_delay_0.v" into library xil_defaultlib
INFO: [VRFC 10-311] analyzing module shell_ifg_delay_0
INFO: [VRFC 10-2263] Analyzing Verilog file "/home/tarafdar/workDir/test/galapagos/projects/hls4ml/1/1.ip_user_files/bd/shell/ip/shell_mac_config_vector_0/sim/shell_mac_config_vector_0.v" into library xil_defaultlib
INFO: [VRFC 10-311] analyzing module shell_mac_config_vector_0
INFO: [VRFC 10-2263] Analyzing Verilog file "/home/tarafdar/workDir/test/galapagos/projects/hls4ml/1/1.srcs/sources_1/bd/shell/ipshared/e0e9/network_packet_fifo_tx.srcs/sources_1/ip/axis_sync_fifo/simulation/fifo_generator_vlog_beh.v" into library fifo_generator_v13_2_1
INFO: [VRFC 10-311] analyzing module fifo_generator_vlog_beh
INFO: [VRFC 10-2458] undeclared symbol wr_rst_busy_i, assumed default net type wire [/home/tarafdar/workDir/test/galapagos/projects/hls4ml/1/1.srcs/sources_1/bd/shell/ipshared/e0e9/network_packet_fifo_tx.srcs/sources_1/ip/axis_sync_fifo/simulation/fifo_generator_vlog_beh.v:1249]
INFO: [VRFC 10-2458] undeclared symbol wr_eop_ad, assumed default net type wire [/home/tarafdar/workDir/test/galapagos/projects/hls4ml/1/1.srcs/sources_1/bd/shell/ipshared/e0e9/network_packet_fifo_tx.srcs/sources_1/ip/axis_sync_fifo/simulation/fifo_generator_vlog_beh.v:1331]
INFO: [VRFC 10-2458] undeclared symbol rd_eop_ad, assumed default net type wire [/home/tarafdar/workDir/test/galapagos/projects/hls4ml/1/1.srcs/sources_1/bd/shell/ipshared/e0e9/network_packet_fifo_tx.srcs/sources_1/ip/axis_sync_fifo/simulation/fifo_generator_vlog_beh.v:1332]
INFO: [VRFC 10-2458] undeclared symbol rd_rst_busy_axis, assumed default net type wire [/home/tarafdar/workDir/test/galapagos/projects/hls4ml/1/1.srcs/sources_1/bd/shell/ipshared/e0e9/network_packet_fifo_tx.srcs/sources_1/ip/axis_sync_fifo/simulation/fifo_generator_vlog_beh.v:1574]
INFO: [VRFC 10-2458] undeclared symbol rd_rst_busy_wach, assumed default net type wire [/home/tarafdar/workDir/test/galapagos/projects/hls4ml/1/1.srcs/sources_1/bd/shell/ipshared/e0e9/network_packet_fifo_tx.srcs/sources_1/ip/axis_sync_fifo/simulation/fifo_generator_vlog_beh.v:2099]
INFO: [VRFC 10-2458] undeclared symbol rd_rst_busy_wdch, assumed default net type wire [/home/tarafdar/workDir/test/galapagos/projects/hls4ml/1/1.srcs/sources_1/bd/shell/ipshared/e0e9/network_packet_fifo_tx.srcs/sources_1/ip/axis_sync_fifo/simulation/fifo_generator_vlog_beh.v:2319]
INFO: [VRFC 10-2458] undeclared symbol rd_rst_busy_wrch, assumed default net type wire [/home/tarafdar/workDir/test/galapagos/projects/hls4ml/1/1.srcs/sources_1/bd/shell/ipshared/e0e9/network_packet_fifo_tx.srcs/sources_1/ip/axis_sync_fifo/simulation/fifo_generator_vlog_beh.v:2486]
INFO: [VRFC 10-2458] undeclared symbol rd_rst_busy_rach, assumed default net type wire [/home/tarafdar/workDir/test/galapagos/projects/hls4ml/1/1.srcs/sources_1/bd/shell/ipshared/e0e9/network_packet_fifo_tx.srcs/sources_1/ip/axis_sync_fifo/simulation/fifo_generator_vlog_beh.v:2866]
INFO: [VRFC 10-2458] undeclared symbol rd_rst_busy_rdch, assumed default net type wire [/home/tarafdar/workDir/test/galapagos/projects/hls4ml/1/1.srcs/sources_1/bd/shell/ipshared/e0e9/network_packet_fifo_tx.srcs/sources_1/ip/axis_sync_fifo/simulation/fifo_generator_vlog_beh.v:3099]
INFO: [VRFC 10-311] analyzing module fifo_generator_v13_2_1_CONV_VER
INFO: [VRFC 10-2458] undeclared symbol safety_ckt_rd_rst, assumed default net type wire [/home/tarafdar/workDir/test/galapagos/projects/hls4ml/1/1.srcs/sources_1/bd/shell/ipshared/e0e9/network_packet_fifo_tx.srcs/sources_1/ip/axis_sync_fifo/simulation/fifo_generator_vlog_beh.v:4153]
INFO: [VRFC 10-2458] undeclared symbol safety_ckt_rd_rst, assumed default net type wire [/home/tarafdar/workDir/test/galapagos/projects/hls4ml/1/1.srcs/sources_1/bd/shell/ipshared/e0e9/network_packet_fifo_tx.srcs/sources_1/ip/axis_sync_fifo/simulation/fifo_generator_vlog_beh.v:4361]
INFO: [VRFC 10-311] analyzing module fifo_generator_v13_2_1_sync_stage
INFO: [VRFC 10-311] analyzing module fifo_generator_v13_2_1_bhv_ver_as
INFO: [VRFC 10-311] analyzing module fifo_generator_v13_2_1_beh_ver_ll_afifo
INFO: [VRFC 10-311] analyzing module fifo_generator_v13_2_1_bhv_ver_ss
INFO: [VRFC 10-2458] undeclared symbol srst_wrst_busy, assumed default net type wire [/home/tarafdar/workDir/test/galapagos/projects/hls4ml/1/1.srcs/sources_1/bd/shell/ipshared/e0e9/network_packet_fifo_tx.srcs/sources_1/ip/axis_sync_fifo/simulation/fifo_generator_vlog_beh.v:7792]
INFO: [VRFC 10-311] analyzing module fifo_generator_v13_2_1_bhv_ver_preload0
INFO: [VRFC 10-311] analyzing module fifo_generator_v13_2_1_axic_reg_slice
INFO: [VRFC 10-2263] Analyzing Verilog file "/home/tarafdar/workDir/test/galapagos/projects/hls4ml/1/1.srcs/sources_1/bd/shell/ipshared/e0e9/network_packet_fifo_tx.srcs/sources_1/ip/axis_sync_fifo/hdl/fifo_generator_v13_2_rfs.v" into library fifo_generator_v13_2_1
INFO: [VRFC 10-311] analyzing module fifo_generator_v13_2_1
INFO: [VRFC 10-2458] undeclared symbol sleep_i, assumed default net type wire [/home/tarafdar/workDir/test/galapagos/projects/hls4ml/1/1.srcs/sources_1/bd/shell/ipshared/e0e9/network_packet_fifo_tx.srcs/sources_1/ip/axis_sync_fifo/hdl/fifo_generator_v13_2_rfs.v:519]
INFO: [VRFC 10-2263] Analyzing Verilog file "/home/tarafdar/workDir/test/galapagos/projects/hls4ml/1/1.ip_user_files/bd/shell/ipshared/e0e9/network_packet_fifo_tx.srcs/sources_1/ip/axis_sync_fifo/sim/axis_sync_fifo.v" into library xil_defaultlib
INFO: [VRFC 10-311] analyzing module axis_sync_fifo
INFO: [VRFC 10-2263] Analyzing SystemVerilog file "/home/tarafdar/workDir/test/galapagos/projects/hls4ml/1/1.ip_user_files/bd/shell/ip/shell_ddr4_1_0/tb/microblaze_mcs_0.sv" into library xil_defaultlib
INFO: [VRFC 10-311] analyzing module shell_ddr4_1_0_microblaze_mcs
INFO: [VRFC 10-311] analyzing module microblaze_mcs
INFO: [VRFC 10-2263] Analyzing Verilog file "/home/tarafdar/workDir/test/galapagos/projects/hls4ml/1/1.ip_user_files/bd/shell/ip/shell_xdma_0_0/ip_0/ip_0/sim/gtwizard_ultrascale_v1_7_gthe3_channel.v" into library xil_defaultlib
INFO: [VRFC 10-311] analyzing module gtwizard_ultrascale_v1_7_4_gthe3_channel
WARNING: [VRFC 10-2845] overwriting previous definition of module gtwizard_ultrascale_v1_7_4_gthe3_channel [/home/tarafdar/workDir/test/galapagos/projects/hls4ml/1/1.ip_user_files/bd/shell/ip/shell_xdma_0_0/ip_0/ip_0/sim/gtwizard_ultrascale_v1_7_gthe3_channel.v:55]
INFO: [VRFC 10-2263] Analyzing Verilog file "/home/tarafdar/workDir/test/galapagos/projects/hls4ml/1/1.ip_user_files/bd/shell/ip/shell_xdma_0_0/ip_0/ip_0/sim/gtwizard_ultrascale_v1_7_gthe3_common.v" into library xil_defaultlib
INFO: [VRFC 10-311] analyzing module gtwizard_ultrascale_v1_7_4_gthe3_common
WARNING: [VRFC 10-2845] overwriting previous definition of module gtwizard_ultrascale_v1_7_4_gthe3_common [/home/tarafdar/workDir/test/galapagos/projects/hls4ml/1/1.ip_user_files/bd/shell/ip/shell_xdma_0_0/ip_0/ip_0/sim/gtwizard_ultrascale_v1_7_gthe3_common.v:55]
INFO: [VRFC 10-2263] Analyzing SystemVerilog file "/home/tarafdar/workDir/test/galapagos/projects/hls4ml/1/1.ip_user_files/bd/mem/ip/mem_ddr4_1_0/ip_1/rtl/phy/ddr4_phy_v2_2_xiphy_behav.sv" into library xil_defaultlib
INFO: [VRFC 10-311] analyzing module ddr4_phy_v2_2_0_xiphy_behav
INFO: [VRFC 10-311] analyzing module ddr4_phy_v2_2_0_bitslice_behav
INFO: [VRFC 10-311] analyzing module ddr4_phy_v2_2_0_fifo_sv
INFO: [VRFC 10-2263] Analyzing SystemVerilog file "/home/tarafdar/workDir/test/galapagos/projects/hls4ml/1/1.ip_user_files/bd/mem/ip/mem_ddr4_1_0/ip_1/rtl/phy/ddr4_phy_v2_2_xiphy.sv" into library xil_defaultlib
INFO: [VRFC 10-311] analyzing module ddr4_phy_v2_2_0_xiphy
INFO: [VRFC 10-2263] Analyzing SystemVerilog file "/home/tarafdar/workDir/test/galapagos/projects/hls4ml/1/1.ip_user_files/bd/mem/ip/mem_ddr4_1_0/ip_1/rtl/iob/ddr4_phy_v2_2_iob_byte.sv" into library xil_defaultlib
INFO: [VRFC 10-311] analyzing module ddr4_phy_v2_2_0_iob_byte
INFO: [VRFC 10-2263] Analyzing SystemVerilog file "/home/tarafdar/workDir/test/galapagos/projects/hls4ml/1/1.ip_user_files/bd/mem/ip/mem_ddr4_1_0/ip_1/rtl/iob/ddr4_phy_v2_2_iob.sv" into library xil_defaultlib
INFO: [VRFC 10-311] analyzing module ddr4_phy_v2_2_0_iob
INFO: [VRFC 10-2263] Analyzing SystemVerilog file "/home/tarafdar/workDir/test/galapagos/projects/hls4ml/1/1.ip_user_files/bd/mem/ip/mem_ddr4_1_0/ip_1/rtl/clocking/ddr4_phy_v2_2_pll.sv" into library xil_defaultlib
INFO: [VRFC 10-311] analyzing module ddr4_phy_v2_2_0_pll
INFO: [VRFC 10-2263] Analyzing SystemVerilog file "/home/tarafdar/workDir/test/galapagos/projects/hls4ml/1/1.ip_user_files/bd/mem/ip/mem_ddr4_1_0/ip_1/rtl/xiphy_files/ddr4_phy_v2_2_xiphy_tristate_wrapper.sv" into library xil_defaultlib
INFO: [VRFC 10-311] analyzing module ddr4_phy_v2_2_0_xiphy_tristate_wrapper
INFO: [VRFC 10-2263] Analyzing SystemVerilog file "/home/tarafdar/workDir/test/galapagos/projects/hls4ml/1/1.ip_user_files/bd/mem/ip/mem_ddr4_1_0/ip_1/rtl/xiphy_files/ddr4_phy_v2_2_xiphy_riuor_wrapper.sv" into library xil_defaultlib
INFO: [VRFC 10-311] analyzing module ddr4_phy_v2_2_0_xiphy_riuor_wrapper
INFO: [VRFC 10-2263] Analyzing SystemVerilog file "/home/tarafdar/workDir/test/galapagos/projects/hls4ml/1/1.ip_user_files/bd/mem/ip/mem_ddr4_1_0/ip_1/rtl/xiphy_files/ddr4_phy_v2_2_xiphy_control_wrapper.sv" into library xil_defaultlib
INFO: [VRFC 10-311] analyzing module ddr4_phy_v2_2_0_xiphy_control_wrapper
INFO: [VRFC 10-2263] Analyzing SystemVerilog file "/home/tarafdar/workDir/test/galapagos/projects/hls4ml/1/1.ip_user_files/bd/mem/ip/mem_ddr4_1_0/ip_1/rtl/xiphy_files/ddr4_phy_v2_2_xiphy_byte_wrapper.sv" into library xil_defaultlib
INFO: [VRFC 10-311] analyzing module ddr4_phy_v2_2_0_xiphy_byte_wrapper
INFO: [VRFC 10-2263] Analyzing SystemVerilog file "/home/tarafdar/workDir/test/galapagos/projects/hls4ml/1/1.ip_user_files/bd/mem/ip/mem_ddr4_1_0/ip_1/rtl/xiphy_files/ddr4_phy_v2_2_xiphy_bitslice_wrapper.sv" into library xil_defaultlib
INFO: [VRFC 10-311] analyzing module ddr4_phy_v2_2_0_xiphy_bitslice_wrapper
INFO: [VRFC 10-2263] Analyzing SystemVerilog file "/home/tarafdar/workDir/test/galapagos/projects/hls4ml/1/1.ip_user_files/bd/mem/ip/mem_ddr4_1_0/rtl/controller/ddr4_v2_2_mc_wtr.sv" into library xil_defaultlib
INFO: [VRFC 10-311] analyzing module ddr4_v2_2_5_mc_wtr
INFO: [VRFC 10-2263] Analyzing SystemVerilog file "/home/tarafdar/workDir/test/galapagos/projects/hls4ml/1/1.ip_user_files/bd/mem/ip/mem_ddr4_1_0/rtl/controller/ddr4_v2_2_mc_ref.sv" into library xil_defaultlib
INFO: [VRFC 10-311] analyzing module ddr4_v2_2_5_mc_ref
INFO: [VRFC 10-2263] Analyzing SystemVerilog file "/home/tarafdar/workDir/test/galapagos/projects/hls4ml/1/1.ip_user_files/bd/mem/ip/mem_ddr4_1_0/rtl/controller/ddr4_v2_2_mc_rd_wr.sv" into library xil_defaultlib
INFO: [VRFC 10-311] analyzing module ddr4_v2_2_5_mc_rd_wr
INFO: [VRFC 10-2263] Analyzing SystemVerilog file "/home/tarafdar/workDir/test/galapagos/projects/hls4ml/1/1.ip_user_files/bd/mem/ip/mem_ddr4_1_0/rtl/controller/ddr4_v2_2_mc_periodic.sv" into library xil_defaultlib
INFO: [VRFC 10-311] analyzing module ddr4_v2_2_5_mc_periodic
INFO: [VRFC 10-2263] Analyzing SystemVerilog file "/home/tarafdar/workDir/test/galapagos/projects/hls4ml/1/1.ip_user_files/bd/mem/ip/mem_ddr4_1_0/rtl/controller/ddr4_v2_2_mc_group.sv" into library xil_defaultlib
INFO: [VRFC 10-311] analyzing module ddr4_v2_2_5_mc_group
INFO: [VRFC 10-2263] Analyzing SystemVerilog file "/home/tarafdar/workDir/test/galapagos/projects/hls4ml/1/1.ip_user_files/bd/mem/ip/mem_ddr4_1_0/rtl/controller/ddr4_v2_2_mc_ecc_merge_enc.sv" into library xil_defaultlib
INFO: [VRFC 10-311] analyzing module ddr4_v2_2_5_mc_ecc_merge_enc
INFO: [VRFC 10-2263] Analyzing SystemVerilog file "/home/tarafdar/workDir/test/galapagos/projects/hls4ml/1/1.ip_user_files/bd/mem/ip/mem_ddr4_1_0/rtl/controller/ddr4_v2_2_mc_ecc_gen.sv" into library xil_defaultlib
INFO: [VRFC 10-311] analyzing module ddr4_v2_2_5_mc_ecc_gen
INFO: [VRFC 10-2263] Analyzing SystemVerilog file "/home/tarafdar/workDir/test/galapagos/projects/hls4ml/1/1.ip_user_files/bd/mem/ip/mem_ddr4_1_0/rtl/controller/ddr4_v2_2_mc_ecc_fi_xor.sv" into library xil_defaultlib
INFO: [VRFC 10-311] analyzing module ddr4_v2_2_5_mc_ecc_fi_xor
WARNING: [VRFC 10-2821] generate block is allowed only inside loop and conditional generate in SystemVerilog mode [/home/tarafdar/workDir/test/galapagos/projects/hls4ml/1/1.ip_user_files/bd/mem/ip/mem_ddr4_1_0/rtl/controller/ddr4_v2_2_mc_ecc_fi_xor.sv:125]
INFO: [VRFC 10-2263] Analyzing SystemVerilog file "/home/tarafdar/workDir/test/galapagos/projects/hls4ml/1/1.ip_user_files/bd/mem/ip/mem_ddr4_1_0/rtl/controller/ddr4_v2_2_mc_ecc_dec_fix.sv" into library xil_defaultlib
INFO: [VRFC 10-311] analyzing module ddr4_v2_2_5_mc_ecc_dec_fix
INFO: [VRFC 10-2263] Analyzing SystemVerilog file "/home/tarafdar/workDir/test/galapagos/projects/hls4ml/1/1.ip_user_files/bd/mem/ip/mem_ddr4_1_0/rtl/controller/ddr4_v2_2_mc_ecc_buf.sv" into library xil_defaultlib
INFO: [VRFC 10-311] analyzing module ddr4_v2_2_5_mc_ecc_buf
WARNING: [VRFC 10-2821] generate block is allowed only inside loop and conditional generate in SystemVerilog mode [/home/tarafdar/workDir/test/galapagos/projects/hls4ml/1/1.ip_user_files/bd/mem/ip/mem_ddr4_1_0/rtl/controller/ddr4_v2_2_mc_ecc_buf.sv:135]
INFO: [VRFC 10-2263] Analyzing SystemVerilog file "/home/tarafdar/workDir/test/galapagos/projects/hls4ml/1/1.ip_user_files/bd/mem/ip/mem_ddr4_1_0/rtl/controller/ddr4_v2_2_mc_ecc.sv" into library xil_defaultlib
INFO: [VRFC 10-311] analyzing module ddr4_v2_2_5_mc_ecc
INFO: [VRFC 10-2263] Analyzing SystemVerilog file "/home/tarafdar/workDir/test/galapagos/projects/hls4ml/1/1.ip_user_files/bd/mem/ip/mem_ddr4_1_0/rtl/controller/ddr4_v2_2_mc_ctl.sv" into library xil_defaultlib
INFO: [VRFC 10-311] analyzing module ddr4_v2_2_5_mc_ctl
INFO: [VRFC 10-2263] Analyzing SystemVerilog file "/home/tarafdar/workDir/test/galapagos/projects/hls4ml/1/1.ip_user_files/bd/mem/ip/mem_ddr4_1_0/rtl/controller/ddr4_v2_2_mc_cmd_mux_c.sv" into library xil_defaultlib
INFO: [VRFC 10-311] analyzing module ddr4_v2_2_5_mc_cmd_mux_c
INFO: [VRFC 10-2263] Analyzing SystemVerilog file "/home/tarafdar/workDir/test/galapagos/projects/hls4ml/1/1.ip_user_files/bd/mem/ip/mem_ddr4_1_0/rtl/controller/ddr4_v2_2_mc_cmd_mux_ap.sv" into library xil_defaultlib
INFO: [VRFC 10-311] analyzing module ddr4_v2_2_5_mc_cmd_mux_ap
INFO: [VRFC 10-2263] Analyzing SystemVerilog file "/home/tarafdar/workDir/test/galapagos/projects/hls4ml/1/1.ip_user_files/bd/mem/ip/mem_ddr4_1_0/rtl/controller/ddr4_v2_2_mc_arb_p.sv" into library xil_defaultlib
INFO: [VRFC 10-311] analyzing module ddr4_v2_2_5_mc_arb_p
INFO: [VRFC 10-2263] Analyzing SystemVerilog file "/home/tarafdar/workDir/test/galapagos/projects/hls4ml/1/1.ip_user_files/bd/mem/ip/mem_ddr4_1_0/rtl/controller/ddr4_v2_2_mc_arb_mux_p.sv" into library xil_defaultlib
INFO: [VRFC 10-311] analyzing module ddr4_v2_2_5_mc_arb_mux_p
INFO: [VRFC 10-2263] Analyzing SystemVerilog file "/home/tarafdar/workDir/test/galapagos/projects/hls4ml/1/1.ip_user_files/bd/mem/ip/mem_ddr4_1_0/rtl/controller/ddr4_v2_2_mc_arb_c.sv" into library xil_defaultlib
INFO: [VRFC 10-311] analyzing module ddr4_v2_2_5_mc_arb_c
INFO: [VRFC 10-2263] Analyzing SystemVerilog file "/home/tarafdar/workDir/test/galapagos/projects/hls4ml/1/1.ip_user_files/bd/mem/ip/mem_ddr4_1_0/rtl/controller/ddr4_v2_2_mc_arb_a.sv" into library xil_defaultlib
INFO: [VRFC 10-311] analyzing module ddr4_v2_2_5_mc_arb_a
INFO: [VRFC 10-2263] Analyzing SystemVerilog file "/home/tarafdar/workDir/test/galapagos/projects/hls4ml/1/1.ip_user_files/bd/mem/ip/mem_ddr4_1_0/rtl/controller/ddr4_v2_2_mc_act_timer.sv" into library xil_defaultlib
INFO: [VRFC 10-311] analyzing module ddr4_v2_2_5_mc_act_timer
INFO: [VRFC 10-2263] Analyzing SystemVerilog file "/home/tarafdar/workDir/test/galapagos/projects/hls4ml/1/1.ip_user_files/bd/mem/ip/mem_ddr4_1_0/rtl/controller/ddr4_v2_2_mc_act_rank.sv" into library xil_defaultlib
INFO: [VRFC 10-311] analyzing module ddr4_v2_2_5_mc_act_rank
INFO: [VRFC 10-2263] Analyzing SystemVerilog file "/home/tarafdar/workDir/test/galapagos/projects/hls4ml/1/1.ip_user_files/bd/mem/ip/mem_ddr4_1_0/rtl/controller/ddr4_v2_2_mc.sv" into library xil_defaultlib
INFO: [VRFC 10-311] analyzing module ddr4_v2_2_5_mc
INFO: [VRFC 10-2263] Analyzing SystemVerilog file "/home/tarafdar/workDir/test/galapagos/projects/hls4ml/1/1.ip_user_files/bd/mem/ip/mem_ddr4_1_0/rtl/ui/ddr4_v2_2_ui_wr_data.sv" into library xil_defaultlib
INFO: [VRFC 10-311] analyzing module ddr4_v2_2_5_ui_wr_data
INFO: [VRFC 10-2263] Analyzing SystemVerilog file "/home/tarafdar/workDir/test/galapagos/projects/hls4ml/1/1.ip_user_files/bd/mem/ip/mem_ddr4_1_0/rtl/ui/ddr4_v2_2_ui_rd_data.sv" into library xil_defaultlib
INFO: [VRFC 10-311] analyzing module ddr4_v2_2_5_ui_rd_data
INFO: [VRFC 10-2263] Analyzing SystemVerilog file "/home/tarafdar/workDir/test/galapagos/projects/hls4ml/1/1.ip_user_files/bd/mem/ip/mem_ddr4_1_0/rtl/ui/ddr4_v2_2_ui_cmd.sv" into library xil_defaultlib
INFO: [VRFC 10-311] analyzing module ddr4_v2_2_5_ui_cmd
INFO: [VRFC 10-2263] Analyzing SystemVerilog file "/home/tarafdar/workDir/test/galapagos/projects/hls4ml/1/1.ip_user_files/bd/mem/ip/mem_ddr4_1_0/rtl/ui/ddr4_v2_2_ui.sv" into library xil_defaultlib
INFO: [VRFC 10-311] analyzing module ddr4_v2_2_5_ui
INFO: [VRFC 10-2263] Analyzing SystemVerilog file "/home/tarafdar/workDir/test/galapagos/projects/hls4ml/1/1.ip_user_files/bd/mem/ip/mem_ddr4_1_0/rtl/axi/ddr4_v2_2_axi_ar_channel.sv" into library xil_defaultlib
INFO: [VRFC 10-311] analyzing module ddr4_v2_2_5_axi_ar_channel
INFO: [VRFC 10-2263] Analyzing SystemVerilog file "/home/tarafdar/workDir/test/galapagos/projects/hls4ml/1/1.ip_user_files/bd/mem/ip/mem_ddr4_1_0/rtl/axi/ddr4_v2_2_axi_aw_channel.sv" into library xil_defaultlib
INFO: [VRFC 10-311] analyzing module ddr4_v2_2_5_axi_aw_channel
INFO: [VRFC 10-2263] Analyzing SystemVerilog file "/home/tarafdar/workDir/test/galapagos/projects/hls4ml/1/1.ip_user_files/bd/mem/ip/mem_ddr4_1_0/rtl/axi/ddr4_v2_2_axi_b_channel.sv" into library xil_defaultlib
INFO: [VRFC 10-311] analyzing module ddr4_v2_2_5_axi_b_channel
INFO: [VRFC 10-2263] Analyzing SystemVerilog file "/home/tarafdar/workDir/test/galapagos/projects/hls4ml/1/1.ip_user_files/bd/mem/ip/mem_ddr4_1_0/rtl/axi/ddr4_v2_2_axi_cmd_arbiter.sv" into library xil_defaultlib
INFO: [VRFC 10-311] analyzing module ddr4_v2_2_5_axi_cmd_arbiter
INFO: [VRFC 10-2263] Analyzing SystemVerilog file "/home/tarafdar/workDir/test/galapagos/projects/hls4ml/1/1.ip_user_files/bd/mem/ip/mem_ddr4_1_0/rtl/axi/ddr4_v2_2_axi_cmd_fsm.sv" into library xil_defaultlib
INFO: [VRFC 10-311] analyzing module ddr4_v2_2_5_axi_cmd_fsm
INFO: [VRFC 10-2263] Analyzing SystemVerilog file "/home/tarafdar/workDir/test/galapagos/projects/hls4ml/1/1.ip_user_files/bd/mem/ip/mem_ddr4_1_0/rtl/axi/ddr4_v2_2_axi_cmd_translator.sv" into library xil_defaultlib
INFO: [VRFC 10-311] analyzing module ddr4_v2_2_5_axi_cmd_translator
INFO: [VRFC 10-2263] Analyzing SystemVerilog file "/home/tarafdar/workDir/test/galapagos/projects/hls4ml/1/1.ip_user_files/bd/mem/ip/mem_ddr4_1_0/rtl/axi/ddr4_v2_2_axi_fifo.sv" into library xil_defaultlib
INFO: [VRFC 10-311] analyzing module ddr4_v2_2_5_axi_fifo
INFO: [VRFC 10-2263] Analyzing SystemVerilog file "/home/tarafdar/workDir/test/galapagos/projects/hls4ml/1/1.ip_user_files/bd/mem/ip/mem_ddr4_1_0/rtl/axi/ddr4_v2_2_axi_incr_cmd.sv" into library xil_defaultlib
INFO: [VRFC 10-311] analyzing module ddr4_v2_2_5_axi_incr_cmd
INFO: [VRFC 10-2263] Analyzing SystemVerilog file "/home/tarafdar/workDir/test/galapagos/projects/hls4ml/1/1.ip_user_files/bd/mem/ip/mem_ddr4_1_0/rtl/axi/ddr4_v2_2_axi_r_channel.sv" into library xil_defaultlib
INFO: [VRFC 10-311] analyzing module ddr4_v2_2_5_axi_r_channel
INFO: [VRFC 10-2263] Analyzing SystemVerilog file "/home/tarafdar/workDir/test/galapagos/projects/hls4ml/1/1.ip_user_files/bd/mem/ip/mem_ddr4_1_0/rtl/axi/ddr4_v2_2_axi_w_channel.sv" into library xil_defaultlib
INFO: [VRFC 10-311] analyzing module ddr4_v2_2_5_axi_w_channel
INFO: [VRFC 10-2263] Analyzing SystemVerilog file "/home/tarafdar/workDir/test/galapagos/projects/hls4ml/1/1.ip_user_files/bd/mem/ip/mem_ddr4_1_0/rtl/axi/ddr4_v2_2_axi_wr_cmd_fsm.sv" into library xil_defaultlib
INFO: [VRFC 10-311] analyzing module ddr4_v2_2_5_axi_wr_cmd_fsm
INFO: [VRFC 10-2263] Analyzing SystemVerilog file "/home/tarafdar/workDir/test/galapagos/projects/hls4ml/1/1.ip_user_files/bd/mem/ip/mem_ddr4_1_0/rtl/axi/ddr4_v2_2_axi_wrap_cmd.sv" into library xil_defaultlib
INFO: [VRFC 10-311] analyzing module ddr4_v2_2_5_axi_wrap_cmd
INFO: [VRFC 10-2263] Analyzing SystemVerilog file "/home/tarafdar/workDir/test/galapagos/projects/hls4ml/1/1.ip_user_files/bd/mem/ip/mem_ddr4_1_0/rtl/axi/ddr4_v2_2_a_upsizer.sv" into library xil_defaultlib
INFO: [VRFC 10-311] analyzing module ddr4_v2_2_5_a_upsizer
INFO: [VRFC 10-2263] Analyzing SystemVerilog file "/home/tarafdar/workDir/test/galapagos/projects/hls4ml/1/1.ip_user_files/bd/mem/ip/mem_ddr4_1_0/rtl/axi/ddr4_v2_2_axi.sv" into library xil_defaultlib
INFO: [VRFC 10-311] analyzing module ddr4_v2_2_5_axi
INFO: [VRFC 10-2263] Analyzing SystemVerilog file "/home/tarafdar/workDir/test/galapagos/projects/hls4ml/1/1.ip_user_files/bd/mem/ip/mem_ddr4_1_0/rtl/axi/ddr4_v2_2_axi_register_slice.sv" into library xil_defaultlib
INFO: [VRFC 10-311] analyzing module ddr4_v2_2_5_axi_register_slice
INFO: [VRFC 10-2263] Analyzing SystemVerilog file "/home/tarafdar/workDir/test/galapagos/projects/hls4ml/1/1.ip_user_files/bd/mem/ip/mem_ddr4_1_0/rtl/axi/ddr4_v2_2_axi_upsizer.sv" into library xil_defaultlib
INFO: [VRFC 10-311] analyzing module ddr4_v2_2_5_axi_upsizer
INFO: [VRFC 10-2263] Analyzing SystemVerilog file "/home/tarafdar/workDir/test/galapagos/projects/hls4ml/1/1.ip_user_files/bd/mem/ip/mem_ddr4_1_0/rtl/axi/ddr4_v2_2_axic_register_slice.sv" into library xil_defaultlib
INFO: [VRFC 10-311] analyzing module ddr4_v2_2_5_axic_register_slice
INFO: [VRFC 10-2263] Analyzing SystemVerilog file "/home/tarafdar/workDir/test/galapagos/projects/hls4ml/1/1.ip_user_files/bd/mem/ip/mem_ddr4_1_0/rtl/axi/ddr4_v2_2_carry_and.sv" into library xil_defaultlib
INFO: [VRFC 10-311] analyzing module ddr4_v2_2_5_carry_and
INFO: [VRFC 10-2263] Analyzing SystemVerilog file "/home/tarafdar/workDir/test/galapagos/projects/hls4ml/1/1.ip_user_files/bd/mem/ip/mem_ddr4_1_0/rtl/axi/ddr4_v2_2_carry_latch_and.sv" into library xil_defaultlib
INFO: [VRFC 10-311] analyzing module ddr4_v2_2_5_carry_latch_and
INFO: [VRFC 10-2263] Analyzing SystemVerilog file "/home/tarafdar/workDir/test/galapagos/projects/hls4ml/1/1.ip_user_files/bd/mem/ip/mem_ddr4_1_0/rtl/axi/ddr4_v2_2_carry_latch_or.sv" into library xil_defaultlib
INFO: [VRFC 10-311] analyzing module ddr4_v2_2_5_carry_latch_or
INFO: [VRFC 10-2263] Analyzing SystemVerilog file "/home/tarafdar/workDir/test/galapagos/projects/hls4ml/1/1.ip_user_files/bd/mem/ip/mem_ddr4_1_0/rtl/axi/ddr4_v2_2_carry_or.sv" into library xil_defaultlib
INFO: [VRFC 10-311] analyzing module ddr4_v2_2_5_carry_or
INFO: [VRFC 10-2263] Analyzing SystemVerilog file "/home/tarafdar/workDir/test/galapagos/projects/hls4ml/1/1.ip_user_files/bd/mem/ip/mem_ddr4_1_0/rtl/axi/ddr4_v2_2_command_fifo.sv" into library xil_defaultlib
INFO: [VRFC 10-311] analyzing module ddr4_v2_2_5_command_fifo
INFO: [VRFC 10-2263] Analyzing SystemVerilog file "/home/tarafdar/workDir/test/galapagos/projects/hls4ml/1/1.ip_user_files/bd/mem/ip/mem_ddr4_1_0/rtl/axi/ddr4_v2_2_comparator.sv" into library xil_defaultlib
INFO: [VRFC 10-311] analyzing module ddr4_v2_2_5_comparator
INFO: [VRFC 10-2263] Analyzing SystemVerilog file "/home/tarafdar/workDir/test/galapagos/projects/hls4ml/1/1.ip_user_files/bd/mem/ip/mem_ddr4_1_0/rtl/axi/ddr4_v2_2_comparator_sel.sv" into library xil_defaultlib
INFO: [VRFC 10-311] analyzing module ddr4_v2_2_5_comparator_sel
INFO: [VRFC 10-2263] Analyzing SystemVerilog file "/home/tarafdar/workDir/test/galapagos/projects/hls4ml/1/1.ip_user_files/bd/mem/ip/mem_ddr4_1_0/rtl/axi/ddr4_v2_2_comparator_sel_static.sv" into library xil_defaultlib
INFO: [VRFC 10-311] analyzing module ddr4_v2_2_5_comparator_sel_static
INFO: [VRFC 10-2263] Analyzing SystemVerilog file "/home/tarafdar/workDir/test/galapagos/projects/hls4ml/1/1.ip_user_files/bd/mem/ip/mem_ddr4_1_0/rtl/axi/ddr4_v2_2_r_upsizer.sv" into library xil_defaultlib
INFO: [VRFC 10-311] analyzing module ddr4_v2_2_5_r_upsizer
INFO: [VRFC 10-2263] Analyzing SystemVerilog file "/home/tarafdar/workDir/test/galapagos/projects/hls4ml/1/1.ip_user_files/bd/mem/ip/mem_ddr4_1_0/rtl/axi/ddr4_v2_2_w_upsizer.sv" into library xil_defaultlib
INFO: [VRFC 10-311] analyzing module ddr4_v2_2_5_w_upsizer
INFO: [VRFC 10-2263] Analyzing SystemVerilog file "/home/tarafdar/workDir/test/galapagos/projects/hls4ml/1/1.ip_user_files/bd/mem/ip/mem_ddr4_1_0/rtl/axi_ctrl/ddr4_v2_2_axi_ctrl_addr_decode.sv" into library xil_defaultlib
INFO: [VRFC 10-311] analyzing module ddr4_v2_2_5_axi_ctrl_addr_decode
INFO: [VRFC 10-2263] Analyzing SystemVerilog file "/home/tarafdar/workDir/test/galapagos/projects/hls4ml/1/1.ip_user_files/bd/mem/ip/mem_ddr4_1_0/rtl/axi_ctrl/ddr4_v2_2_axi_ctrl_read.sv" into library xil_defaultlib
INFO: [VRFC 10-311] analyzing module ddr4_v2_2_5_axi_ctrl_read
INFO: [VRFC 10-2263] Analyzing SystemVerilog file "/home/tarafdar/workDir/test/galapagos/projects/hls4ml/1/1.ip_user_files/bd/mem/ip/mem_ddr4_1_0/rtl/axi_ctrl/ddr4_v2_2_axi_ctrl_reg_bank.sv" into library xil_defaultlib
INFO: [VRFC 10-311] analyzing module ddr4_v2_2_5_axi_ctrl_reg_bank
INFO: [VRFC 10-2263] Analyzing SystemVerilog file "/home/tarafdar/workDir/test/galapagos/projects/hls4ml/1/1.ip_user_files/bd/mem/ip/mem_ddr4_1_0/rtl/axi_ctrl/ddr4_v2_2_axi_ctrl_reg.sv" into library xil_defaultlib
INFO: [VRFC 10-311] analyzing module ddr4_v2_2_5_axi_ctrl_reg
INFO: [VRFC 10-2263] Analyzing SystemVerilog file "/home/tarafdar/workDir/test/galapagos/projects/hls4ml/1/1.ip_user_files/bd/mem/ip/mem_ddr4_1_0/rtl/axi_ctrl/ddr4_v2_2_axi_ctrl_top.sv" into library xil_defaultlib
INFO: [VRFC 10-311] analyzing module ddr4_v2_2_5_axi_ctrl_top
INFO: [VRFC 10-2263] Analyzing SystemVerilog file "/home/tarafdar/workDir/test/galapagos/projects/hls4ml/1/1.ip_user_files/bd/mem/ip/mem_ddr4_1_0/rtl/axi_ctrl/ddr4_v2_2_axi_ctrl_write.sv" into library xil_defaultlib
INFO: [VRFC 10-311] analyzing module ddr4_v2_2_5_axi_ctrl_write
INFO: [VRFC 10-2263] Analyzing SystemVerilog file "/home/tarafdar/workDir/test/galapagos/projects/hls4ml/1/1.ip_user_files/bd/mem/ip/mem_ddr4_1_0/rtl/clocking/ddr4_v2_2_infrastructure.sv" into library xil_defaultlib
INFO: [VRFC 10-311] analyzing module ddr4_v2_2_5_infrastructure
INFO: [VRFC 10-2263] Analyzing SystemVerilog file "/home/tarafdar/workDir/test/galapagos/projects/hls4ml/1/1.ip_user_files/bd/mem/ip/mem_ddr4_1_0/rtl/cal/ddr4_v2_2_cal_xsdb_bram.sv" into library xil_defaultlib
INFO: [VRFC 10-311] analyzing module ddr4_v2_2_5_cal_xsdb_bram
INFO: [VRFC 10-2263] Analyzing SystemVerilog file "/home/tarafdar/workDir/test/galapagos/projects/hls4ml/1/1.ip_user_files/bd/mem/ip/mem_ddr4_1_0/rtl/cal/ddr4_v2_2_cal_write.sv" into library xil_defaultlib
INFO: [VRFC 10-311] analyzing module ddr4_v2_2_5_cal_write
INFO: [VRFC 10-2263] Analyzing SystemVerilog file "/home/tarafdar/workDir/test/galapagos/projects/hls4ml/1/1.ip_user_files/bd/mem/ip/mem_ddr4_1_0/rtl/cal/ddr4_v2_2_cal_wr_byte.sv" into library xil_defaultlib
INFO: [VRFC 10-311] analyzing module ddr4_v2_2_5_cal_wr_byte
INFO: [VRFC 10-2263] Analyzing SystemVerilog file "/home/tarafdar/workDir/test/galapagos/projects/hls4ml/1/1.ip_user_files/bd/mem/ip/mem_ddr4_1_0/rtl/cal/ddr4_v2_2_cal_wr_bit.sv" into library xil_defaultlib
INFO: [VRFC 10-311] analyzing module ddr4_v2_2_5_cal_wr_bit
INFO: [VRFC 10-2263] Analyzing SystemVerilog file "/home/tarafdar/workDir/test/galapagos/projects/hls4ml/1/1.ip_user_files/bd/mem/ip/mem_ddr4_1_0/rtl/cal/ddr4_v2_2_cal_sync.sv" into library xil_defaultlib
INFO: [VRFC 10-311] analyzing module ddr4_v2_2_5_cal_sync
INFO: [VRFC 10-2263] Analyzing SystemVerilog file "/home/tarafdar/workDir/test/galapagos/projects/hls4ml/1/1.ip_user_files/bd/mem/ip/mem_ddr4_1_0/rtl/cal/ddr4_v2_2_cal_read.sv" into library xil_defaultlib
INFO: [VRFC 10-311] analyzing module ddr4_v2_2_5_cal_read
INFO: [VRFC 10-2263] Analyzing SystemVerilog file "/home/tarafdar/workDir/test/galapagos/projects/hls4ml/1/1.ip_user_files/bd/mem/ip/mem_ddr4_1_0/rtl/cal/ddr4_v2_2_cal_rd_en.sv" into library xil_defaultlib
INFO: [VRFC 10-311] analyzing module ddr4_v2_2_5_cal_rd_en
INFO: [VRFC 10-2263] Analyzing SystemVerilog file "/home/tarafdar/workDir/test/galapagos/projects/hls4ml/1/1.ip_user_files/bd/mem/ip/mem_ddr4_1_0/rtl/cal/ddr4_v2_2_cal_pi.sv" into library xil_defaultlib
INFO: [VRFC 10-311] analyzing module ddr4_v2_2_5_cal_pi
INFO: [VRFC 10-2263] Analyzing SystemVerilog file "/home/tarafdar/workDir/test/galapagos/projects/hls4ml/1/1.ip_user_files/bd/mem/ip/mem_ddr4_1_0/rtl/cal/ddr4_v2_2_cal_mc_odt.sv" into library xil_defaultlib
INFO: [VRFC 10-311] analyzing module ddr4_v2_2_5_cal_mc_odt
INFO: [VRFC 10-2263] Analyzing SystemVerilog file "/home/tarafdar/workDir/test/galapagos/projects/hls4ml/1/1.ip_user_files/bd/mem/ip/mem_ddr4_1_0/rtl/cal/ddr4_v2_2_cal_debug_microblaze.sv" into library xil_defaultlib
INFO: [VRFC 10-311] analyzing module ddr4_v2_2_5_cal_debug_microblaze
INFO: [VRFC 10-2263] Analyzing SystemVerilog file "/home/tarafdar/workDir/test/galapagos/projects/hls4ml/1/1.ip_user_files/bd/mem/ip/mem_ddr4_1_0/rtl/cal/ddr4_v2_2_cal_cplx_data.sv" into library xil_defaultlib
INFO: [VRFC 10-311] analyzing module ddr4_v2_2_5_cal_cplx_data
INFO: [VRFC 10-2263] Analyzing SystemVerilog file "/home/tarafdar/workDir/test/galapagos/projects/hls4ml/1/1.ip_user_files/bd/mem/ip/mem_ddr4_1_0/rtl/cal/ddr4_v2_2_cal_cplx.sv" into library xil_defaultlib
INFO: [VRFC 10-311] analyzing module ddr4_v2_2_5_cal_cplx
INFO: [VRFC 10-2263] Analyzing SystemVerilog file "/home/tarafdar/workDir/test/galapagos/projects/hls4ml/1/1.ip_user_files/bd/mem/ip/mem_ddr4_1_0/rtl/cal/ddr4_v2_2_cal_config_rom.sv" into library xil_defaultlib
INFO: [VRFC 10-311] analyzing module ddr4_v2_2_5_cal_config_rom
INFO: [VRFC 10-2263] Analyzing SystemVerilog file "/home/tarafdar/workDir/test/galapagos/projects/hls4ml/1/1.ip_user_files/bd/mem/ip/mem_ddr4_1_0/rtl/cal/ddr4_v2_2_cal_addr_decode.sv" into library xil_defaultlib
INFO: [VRFC 10-311] analyzing module ddr4_v2_2_5_cal_addr_decode
INFO: [VRFC 10-2263] Analyzing SystemVerilog file "/home/tarafdar/workDir/test/galapagos/projects/hls4ml/1/1.ip_user_files/bd/mem/ip/mem_ddr4_1_0/rtl/cal/ddr4_v2_2_cal_top.sv" into library xil_defaultlib
INFO: [VRFC 10-311] analyzing module ddr4_v2_2_5_cal_top
INFO: [VRFC 10-2263] Analyzing SystemVerilog file "/home/tarafdar/workDir/test/galapagos/projects/hls4ml/1/1.ip_user_files/bd/mem/ip/mem_ddr4_1_0/rtl/cal/ddr4_v2_2_cal_xsdb_arbiter.sv" into library xil_defaultlib
INFO: [VRFC 10-311] analyzing module ddr4_v2_2_5_cal_xsdb_arbiter
INFO: [VRFC 10-2263] Analyzing SystemVerilog file "/home/tarafdar/workDir/test/galapagos/projects/hls4ml/1/1.ip_user_files/bd/mem/ip/mem_ddr4_1_0/rtl/cal/ddr4_v2_2_cal.sv" into library xil_defaultlib
INFO: [VRFC 10-311] analyzing module ddr4_v2_2_5_cal
INFO: [VRFC 10-2263] Analyzing SystemVerilog file "/home/tarafdar/workDir/test/galapagos/projects/hls4ml/1/1.ip_user_files/bd/mem/ip/mem_ddr4_1_0/rtl/cal/ddr4_v2_2_chipscope_xsdb_slave.sv" into library xil_defaultlib
INFO: [VRFC 10-311] analyzing module ddr4_v2_2_5_chipscope_xsdb_slave
INFO: [VRFC 10-2263] Analyzing SystemVerilog file "/home/tarafdar/workDir/test/galapagos/projects/hls4ml/1/1.ip_user_files/bd/mem/ip/mem_ddr4_1_0/rtl/cal/ddr4_v2_2_dp_AB9.sv" into library xil_defaultlib
INFO: [VRFC 10-311] analyzing module ddr4_v2_2_5_cfg_mem_mod
INFO: [VRFC 10-311] analyzing module ddr4_v2_2_5_bram_tdp
INFO: [VRFC 10-2263] Analyzing SystemVerilog file "/home/tarafdar/workDir/test/galapagos/telepathy/simPy/build/top_sim_tb.sv" into library xil_defaultlib
INFO: [VRFC 10-311] analyzing module exerciser
WARNING: [VRFC 10-756] identifier flags is used before its declaration [/home/tarafdar/workDir/test/galapagos/telepathy/simPy/build/top_sim_tb.sv:114]
WARNING: [VRFC 10-756] identifier flags is used before its declaration [/home/tarafdar/workDir/test/galapagos/telepathy/simPy/build/top_sim_tb.sv:117]
WARNING: [VRFC 10-756] identifier timeRef is used before its declaration [/home/tarafdar/workDir/test/galapagos/telepathy/simPy/build/top_sim_tb.sv:123]
WARNING: [VRFC 10-756] identifier timeRef is used before its declaration [/home/tarafdar/workDir/test/galapagos/telepathy/simPy/build/top_sim_tb.sv:129]
WARNING: [VRFC 10-756] identifier errorCheck_latched is used before its declaration [/home/tarafdar/workDir/test/galapagos/telepathy/simPy/build/top_sim_tb.sv:240]
INFO: [VRFC 10-311] analyzing module top_sim_tb
