

================================================================
== Vivado HLS Report for 'g2N_egress'
================================================================
* Date:           Wed Aug 12 00:40:08 2020

* Version:        2018.1 (Build 2188600 on Wed Apr 04 19:04:02 MDT 2018)
* Project:        galapagos_bridge
* Solution:       solution1
* Product family: kintexu
* Target device:  xcku115-flva1517-2-e


================================================================
== Performance Estimates
================================================================
+ Timing (ns): 
    * Summary: 
    +--------+-------+----------+------------+
    |  Clock | Target| Estimated| Uncertainty|
    +--------+-------+----------+------------+
    |ap_clk  |  10.00|      2.56|        1.25|
    +--------+-------+----------+------------+

+ Latency (clock cycles): 
    * Summary: 
    +-----+-------+-----+-------+---------+
    |   Latency   |   Interval  | Pipeline|
    | min |  max  | min |  max  |   Type  |
    +-----+-------+-----+-------+---------+
    |    2|  65537|    2|  65537|   none  |
    +-----+-------+-----+-------+---------+

    + Detail: 
        * Instance: 
        N/A

        * Loop: 
        +-------------+-----+-------+----------+-----------+-----------+-----------+----------+
        |             |   Latency   | Iteration|  Initiation Interval  |    Trip   |          |
        |  Loop Name  | min |  max  |  Latency |  achieved |   target  |   Count   | Pipelined|
        +-------------+-----+-------+----------+-----------+-----------+-----------+----------+
        |- read_loop  |    0|  65535|         2|          1|          1| 0 ~ 65535 |    yes   |
        +-------------+-----+-------+----------+-----------+-----------+-----------+----------+



================================================================
== Utilization Estimates
================================================================
* Summary: 
+---------------------+---------+-------+---------+--------+
|         Name        | BRAM_18K| DSP48E|    FF   |   LUT  |
+---------------------+---------+-------+---------+--------+
|DSP                  |        -|      -|        -|       -|
|Expression           |        -|      -|        0|     113|
|FIFO                 |        -|      -|        -|       -|
|Instance             |        -|      -|        -|       -|
|Memory               |        -|      -|        -|       -|
|Multiplexer          |        -|      -|        -|      78|
|Register             |        -|      -|       56|       -|
+---------------------+---------+-------+---------+--------+
|Total                |        0|      0|       56|     191|
+---------------------+---------+-------+---------+--------+
|Available SLR        |     2160|   2760|   663360|  331680|
+---------------------+---------+-------+---------+--------+
|Utilization SLR (%)  |        0|      0|    ~0   |   ~0   |
+---------------------+---------+-------+---------+--------+
|Available            |     4320|   5520|  1326720|  663360|
+---------------------+---------+-------+---------+--------+
|Utilization (%)      |        0|      0|    ~0   |   ~0   |
+---------------------+---------+-------+---------+--------+

+ Detail: 
    * Instance: 
    N/A

    * DSP48: 
    N/A

    * Memory: 
    N/A

    * FIFO: 
    N/A

    * Expression: 
    +----------------------------------+----------+-------+---+----+------------+------------+
    |           Variable Name          | Operation| DSP48E| FF| LUT| Bitwidth P0| Bitwidth P1|
    +----------------------------------+----------+-------+---+----+------------+------------+
    |i_3_fu_176_p2                     |     +    |      0|  0|  39|          32|           1|
    |r_V_fu_190_p2                     |     +    |      0|  0|  24|          17|           2|
    |ap_block_pp0_stage0_01001         |    and   |      0|  0|   2|           1|           1|
    |ap_block_state3_pp0_stage0_iter1  |    and   |      0|  0|   2|           1|           1|
    |tmp_1_fu_170_p2                   |   icmp   |      0|  0|  20|          32|          32|
    |tmp_last_V_fu_200_p2              |   icmp   |      0|  0|  20|          32|          32|
    |ap_block_state1                   |    or    |      0|  0|   2|           1|           1|
    |ap_enable_pp0                     |    xor   |      0|  0|   2|           1|           2|
    |ap_enable_reg_pp0_iter1           |    xor   |      0|  0|   2|           2|           1|
    +----------------------------------+----------+-------+---+----+------------+------------+
    |Total                             |          |      0|  0| 113|         119|          73|
    +----------------------------------+----------+-------+---+----+------------+------------+

    * Multiplexer: 
    +-------------------------+----+-----------+-----+-----------+
    |           Name          | LUT| Input Size| Bits| Total Bits|
    +-------------------------+----+-----------+-----+-----------+
    |ap_NS_fsm                |  21|          4|    1|          4|
    |ap_done                  |   9|          2|    1|          2|
    |ap_enable_reg_pp0_iter1  |  15|          3|    1|          3|
    |i_reg_125                |   9|          2|   32|         64|
    |output_V_blk_n           |   9|          2|    1|          2|
    |output_V_din             |  15|          3|   73|        219|
    +-------------------------+----+-----------+-----+-----------+
    |Total                    |  78|         16|  109|        294|
    +-------------------------+----+-----------+-----+-----------+

    * Register: 
    +-------------------------+----+----+-----+-----------+
    |           Name          | FF | LUT| Bits| Const Bits|
    +-------------------------+----+----+-----+-----------+
    |ap_CS_fsm                |   3|   0|    3|          0|
    |ap_done_reg              |   1|   0|    1|          0|
    |ap_enable_reg_pp0_iter0  |   1|   0|    1|          0|
    |ap_enable_reg_pp0_iter1  |   1|   0|    1|          0|
    |i_reg_125                |  32|   0|   32|          0|
    |tmp_1_reg_222            |   1|   0|    1|          0|
    |tmp_V_reg_216            |  16|   0|   16|          0|
    |tmp_last_V_reg_236       |   1|   0|    1|          0|
    +-------------------------+----+----+-----+-----------+
    |Total                    |  56|   0|   56|          0|
    +-------------------------+----+----+-----+-----------+



================================================================
== Interface
================================================================
* Summary: 
+---------------------------+-----+-----+------------+-------------------+--------------+
|         RTL Ports         | Dir | Bits|  Protocol  |   Source Object   |    C Type    |
+---------------------------+-----+-----+------------+-------------------+--------------+
|ap_clk                     |  in |    1| ap_ctrl_hs |     g2N_egress    | return value |
|ap_rst                     |  in |    1| ap_ctrl_hs |     g2N_egress    | return value |
|ap_start                   |  in |    1| ap_ctrl_hs |     g2N_egress    | return value |
|ap_done                    | out |    1| ap_ctrl_hs |     g2N_egress    | return value |
|ap_continue                |  in |    1| ap_ctrl_hs |     g2N_egress    | return value |
|ap_idle                    | out |    1| ap_ctrl_hs |     g2N_egress    | return value |
|ap_ready                   | out |    1| ap_ctrl_hs |     g2N_egress    | return value |
|output_V_din               | out |   73|   ap_fifo  |      output_V     |    pointer   |
|output_V_full_n            |  in |    1|   ap_fifo  |      output_V     |    pointer   |
|output_V_write             | out |    1|   ap_fifo  |      output_V     |    pointer   |
|buffer_storage_V_address0  | out |    9|  ap_memory |  buffer_storage_V |     array    |
|buffer_storage_V_ce0       | out |    1|  ap_memory |  buffer_storage_V |     array    |
|buffer_storage_V_q0        |  in |   64|  ap_memory |  buffer_storage_V |     array    |
|length_stream_V_V          |  in |   16|   ap_none  | length_stream_V_V |    pointer   |
|dest_stream_V_V            |  in |    8|   ap_none  |  dest_stream_V_V  |    pointer   |
|src_stream_V_V             |  in |    8|   ap_none  |   src_stream_V_V  |    pointer   |
+---------------------------+-----+-----+------------+-------------------+--------------+

