

================================================================
== Vivado HLS Report for 'lbus_fifo_read'
================================================================
* Date:           Thu Jul 25 02:36:35 2024

* Version:        2019.1 (Build 2552052 on Fri May 24 15:28:33 MDT 2019)
* Project:        lbus_fifo_read
* Solution:       solution1
* Product family: virtexuplus
* Target device:  xcu250-figd2104-2L-e


================================================================
== Performance Estimates
================================================================
+ Timing (ns): 
    * Summary: 
    +--------+-------+----------+------------+
    |  Clock | Target| Estimated| Uncertainty|
    +--------+-------+----------+------------+
    |ap_clk  |   3.10|     1.409|        0.39|
    +--------+-------+----------+------------+

+ Latency (clock cycles): 
    * Summary: 
    +-----+-----+-----+-----+---------+
    |  Latency  |  Interval | Pipeline|
    | min | max | min | max |   Type  |
    +-----+-----+-----+-----+---------+
    |    0|    0|    0|    0|   none  |
    +-----+-----+-----+-----+---------+

    + Detail: 
        * Instance: 
        N/A

        * Loop: 
        N/A

============================================================
+ Verbose Summary: Synthesis Manager
============================================================
InlineROM: 1
ExposeGlobal: 0
============================================================
+ Verbose Summary: CDFG Model
============================================================
IsTopModel: 1
ResetActiveHigh: 1
IsCombinational: 0
IsDatapathOnly: 0
HasWiredReturn: 1
HasMFsm: 0
HasVarLatency: 0
IsPipeline: 0
IsRtlPipelined: 0
IsInstanceOverlapped: 0
IsDontTouch: 0
HasImplIP: 0
IsGatedGlobalClock: 0


============================================================
+ Verbose Summary: Schedule
============================================================
* Number of FSM states : 1
* Pipeline : 0
* Dataflow Pipeline: 0

* FSM state transitions: 
1 --> 

* FSM state operations: 

State 1 <SV = 0> <Delay = 1.40>
ST_1 : Operation 2 [1/1] (0.00ns)   --->   "call void (...)* @_ssdm_op_SpecBitsMap(i408 %lbus_fifo_pkt_end), !map !115"   --->   Operation 2 'specbitsmap' <Predicate = true> <Delay = 0.00>
ST_1 : Operation 3 [1/1] (0.00ns)   --->   "call void (...)* @_ssdm_op_SpecBitsMap(i544 %lbus_fifo), !map !172"   --->   Operation 3 'specbitsmap' <Predicate = true> <Delay = 0.00>
ST_1 : Operation 4 [1/1] (0.00ns)   --->   "call void (...)* @_ssdm_op_SpecBitsMap(i1 %lbus_fifo_empty_V), !map !245"   --->   Operation 4 'specbitsmap' <Predicate = true> <Delay = 0.00>
ST_1 : Operation 5 [1/1] (0.00ns)   --->   "call void (...)* @_ssdm_op_SpecBitsMap(i1 %lbus_fifo_pkt_end_empty_V), !map !249"   --->   Operation 5 'specbitsmap' <Predicate = true> <Delay = 0.00>
ST_1 : Operation 6 [1/1] (0.00ns)   --->   "call void (...)* @_ssdm_op_SpecBitsMap(i1 %lbus_fifo_valid_V), !map !253"   --->   Operation 6 'specbitsmap' <Predicate = true> <Delay = 0.00>
ST_1 : Operation 7 [1/1] (0.00ns)   --->   "call void (...)* @_ssdm_op_SpecBitsMap(i1 %lbus_fifo_pkt_end_valid_V), !map !257"   --->   Operation 7 'specbitsmap' <Predicate = true> <Delay = 0.00>
ST_1 : Operation 8 [1/1] (0.00ns)   --->   "call void (...)* @_ssdm_op_SpecBitsMap(i1* %lbus_fifo_re_V), !map !261"   --->   Operation 8 'specbitsmap' <Predicate = true> <Delay = 0.00>
ST_1 : Operation 9 [1/1] (0.00ns)   --->   "call void (...)* @_ssdm_op_SpecBitsMap(i1* %lbus_fifo_pkt_end_re_V), !map !265"   --->   Operation 9 'specbitsmap' <Predicate = true> <Delay = 0.00>
ST_1 : Operation 10 [1/1] (0.00ns)   --->   "call void (...)* @_ssdm_op_SpecBitsMap(i1* %error_V), !map !269"   --->   Operation 10 'specbitsmap' <Predicate = true> <Delay = 0.00>
ST_1 : Operation 11 [1/1] (0.00ns)   --->   "call void (...)* @_ssdm_op_SpecBitsMap(i512* %m_axis_data_V), !map !273"   --->   Operation 11 'specbitsmap' <Predicate = true> <Delay = 0.00>
ST_1 : Operation 12 [1/1] (0.00ns)   --->   "call void (...)* @_ssdm_op_SpecBitsMap(i64* %m_axis_keep_V), !map !277"   --->   Operation 12 'specbitsmap' <Predicate = true> <Delay = 0.00>
ST_1 : Operation 13 [1/1] (0.00ns)   --->   "call void (...)* @_ssdm_op_SpecBitsMap(i1* %m_axis_last_V), !map !281"   --->   Operation 13 'specbitsmap' <Predicate = true> <Delay = 0.00>
ST_1 : Operation 14 [1/1] (0.00ns)   --->   "call void (...)* @_ssdm_op_SpecBitsMap(i1* %m_axis_valid_V), !map !285"   --->   Operation 14 'specbitsmap' <Predicate = true> <Delay = 0.00>
ST_1 : Operation 15 [1/1] (0.00ns)   --->   "call void (...)* @_ssdm_op_SpecTopModule([15 x i8]* @lbus_fifo_read_str) nounwind"   --->   Operation 15 'spectopmodule' <Predicate = true> <Delay = 0.00>
ST_1 : Operation 16 [1/1] (0.00ns)   --->   "%lbus_fifo_pkt_end_va = call i1 @_ssdm_op_Read.ap_none.i1(i1 %lbus_fifo_pkt_end_valid_V)" [/home/kevinliu/Documents/gulf_stream/u250/GULF-Stream/src/lbus2axis/lbus_fifo_read.cpp:64]   --->   Operation 16 'read' 'lbus_fifo_pkt_end_va' <Predicate = true> <Delay = 0.00>
ST_1 : Operation 17 [1/1] (0.00ns)   --->   "%lbus_fifo_valid_V_re = call i1 @_ssdm_op_Read.ap_none.i1(i1 %lbus_fifo_valid_V)" [/home/kevinliu/Documents/gulf_stream/u250/GULF-Stream/src/lbus2axis/lbus_fifo_read.cpp:64]   --->   Operation 17 'read' 'lbus_fifo_valid_V_re' <Predicate = true> <Delay = 0.00>
ST_1 : Operation 18 [1/1] (0.00ns)   --->   "%lbus_fifo_pkt_end_em = call i1 @_ssdm_op_Read.ap_none.i1(i1 %lbus_fifo_pkt_end_empty_V)" [/home/kevinliu/Documents/gulf_stream/u250/GULF-Stream/src/lbus2axis/lbus_fifo_read.cpp:64]   --->   Operation 18 'read' 'lbus_fifo_pkt_end_em' <Predicate = true> <Delay = 0.00>
ST_1 : Operation 19 [1/1] (0.00ns)   --->   "%lbus_fifo_empty_V_re = call i1 @_ssdm_op_Read.ap_none.i1(i1 %lbus_fifo_empty_V)" [/home/kevinliu/Documents/gulf_stream/u250/GULF-Stream/src/lbus2axis/lbus_fifo_read.cpp:64]   --->   Operation 19 'read' 'lbus_fifo_empty_V_re' <Predicate = true> <Delay = 0.00>
ST_1 : Operation 20 [1/1] (0.00ns)   --->   "%lbus_fifo_pkt_end_re = call i408 @_ssdm_op_Read.ap_none.i408(i408 %lbus_fifo_pkt_end)" [/home/kevinliu/Documents/gulf_stream/u250/GULF-Stream/src/lbus2axis/lbus_fifo_read.cpp:64]   --->   Operation 20 'read' 'lbus_fifo_pkt_end_re' <Predicate = true> <Delay = 0.00>
ST_1 : Operation 21 [1/1] (0.00ns)   --->   "%lbus_fifo_read = call i544 @_ssdm_op_Read.ap_none.i544(i544 %lbus_fifo)" [/home/kevinliu/Documents/gulf_stream/u250/GULF-Stream/src/lbus2axis/lbus_fifo_read.cpp:64]   --->   Operation 21 'read' 'lbus_fifo_read' <Predicate = true> <Delay = 0.00>
ST_1 : Operation 22 [1/1] (0.00ns)   --->   "call void (...)* @_ssdm_op_SpecInterface(i32 0, [13 x i8]* @p_str, i32 0, i32 0, [1 x i8]* @p_str1, i32 0, i32 0, [1 x i8]* @p_str1, [1 x i8]* @p_str1, [1 x i8]* @p_str1, i32 0, i32 0, i32 0, i32 0, [1 x i8]* @p_str1, [1 x i8]* @p_str1) nounwind" [/home/kevinliu/Documents/gulf_stream/u250/GULF-Stream/src/lbus2axis/lbus_fifo_read.cpp:69]   --->   Operation 22 'specinterface' <Predicate = true> <Delay = 0.00>
ST_1 : Operation 23 [1/1] (0.00ns)   --->   "call void (...)* @_ssdm_op_SpecInterface(i544 %lbus_fifo, [8 x i8]* @p_str2, i32 0, i32 0, [1 x i8]* @p_str1, i32 0, i32 0, [1 x i8]* @p_str1, [1 x i8]* @p_str1, [1 x i8]* @p_str1, i32 0, i32 0, i32 0, i32 0, [1 x i8]* @p_str1, [1 x i8]* @p_str1) nounwind" [/home/kevinliu/Documents/gulf_stream/u250/GULF-Stream/src/lbus2axis/lbus_fifo_read.cpp:70]   --->   Operation 23 'specinterface' <Predicate = true> <Delay = 0.00>
ST_1 : Operation 24 [1/1] (0.00ns)   --->   "call void (...)* @_ssdm_op_SpecInterface(i408 %lbus_fifo_pkt_end, [8 x i8]* @p_str2, i32 0, i32 0, [1 x i8]* @p_str1, i32 0, i32 0, [1 x i8]* @p_str1, [1 x i8]* @p_str1, [1 x i8]* @p_str1, i32 0, i32 0, i32 0, i32 0, [1 x i8]* @p_str1, [1 x i8]* @p_str1) nounwind" [/home/kevinliu/Documents/gulf_stream/u250/GULF-Stream/src/lbus2axis/lbus_fifo_read.cpp:71]   --->   Operation 24 'specinterface' <Predicate = true> <Delay = 0.00>
ST_1 : Operation 25 [1/1] (0.00ns)   --->   "call void (...)* @_ssdm_op_SpecInterface(i1 %lbus_fifo_empty_V, [8 x i8]* @p_str2, i32 0, i32 0, [1 x i8]* @p_str1, i32 0, i32 0, [1 x i8]* @p_str1, [1 x i8]* @p_str1, [1 x i8]* @p_str1, i32 0, i32 0, i32 0, i32 0, [1 x i8]* @p_str1, [1 x i8]* @p_str1) nounwind" [/home/kevinliu/Documents/gulf_stream/u250/GULF-Stream/src/lbus2axis/lbus_fifo_read.cpp:72]   --->   Operation 25 'specinterface' <Predicate = true> <Delay = 0.00>
ST_1 : Operation 26 [1/1] (0.00ns)   --->   "call void (...)* @_ssdm_op_SpecInterface(i1 %lbus_fifo_pkt_end_empty_V, [8 x i8]* @p_str2, i32 0, i32 0, [1 x i8]* @p_str1, i32 0, i32 0, [1 x i8]* @p_str1, [1 x i8]* @p_str1, [1 x i8]* @p_str1, i32 0, i32 0, i32 0, i32 0, [1 x i8]* @p_str1, [1 x i8]* @p_str1) nounwind" [/home/kevinliu/Documents/gulf_stream/u250/GULF-Stream/src/lbus2axis/lbus_fifo_read.cpp:73]   --->   Operation 26 'specinterface' <Predicate = true> <Delay = 0.00>
ST_1 : Operation 27 [1/1] (0.00ns)   --->   "call void (...)* @_ssdm_op_SpecInterface(i1* %lbus_fifo_re_V, [8 x i8]* @p_str2, i32 0, i32 0, [1 x i8]* @p_str1, i32 0, i32 0, [1 x i8]* @p_str1, [1 x i8]* @p_str1, [1 x i8]* @p_str1, i32 0, i32 0, i32 0, i32 0, [1 x i8]* @p_str1, [1 x i8]* @p_str1) nounwind" [/home/kevinliu/Documents/gulf_stream/u250/GULF-Stream/src/lbus2axis/lbus_fifo_read.cpp:74]   --->   Operation 27 'specinterface' <Predicate = true> <Delay = 0.00>
ST_1 : Operation 28 [1/1] (0.00ns)   --->   "call void (...)* @_ssdm_op_SpecInterface(i1* %lbus_fifo_pkt_end_re_V, [8 x i8]* @p_str2, i32 0, i32 0, [1 x i8]* @p_str1, i32 0, i32 0, [1 x i8]* @p_str1, [1 x i8]* @p_str1, [1 x i8]* @p_str1, i32 0, i32 0, i32 0, i32 0, [1 x i8]* @p_str1, [1 x i8]* @p_str1) nounwind" [/home/kevinliu/Documents/gulf_stream/u250/GULF-Stream/src/lbus2axis/lbus_fifo_read.cpp:75]   --->   Operation 28 'specinterface' <Predicate = true> <Delay = 0.00>
ST_1 : Operation 29 [1/1] (0.00ns)   --->   "call void (...)* @_ssdm_op_SpecInterface(i1 %lbus_fifo_valid_V, [8 x i8]* @p_str2, i32 0, i32 0, [1 x i8]* @p_str1, i32 0, i32 0, [1 x i8]* @p_str1, [1 x i8]* @p_str1, [1 x i8]* @p_str1, i32 0, i32 0, i32 0, i32 0, [1 x i8]* @p_str1, [1 x i8]* @p_str1) nounwind" [/home/kevinliu/Documents/gulf_stream/u250/GULF-Stream/src/lbus2axis/lbus_fifo_read.cpp:76]   --->   Operation 29 'specinterface' <Predicate = true> <Delay = 0.00>
ST_1 : Operation 30 [1/1] (0.00ns)   --->   "call void (...)* @_ssdm_op_SpecInterface(i1 %lbus_fifo_pkt_end_valid_V, [8 x i8]* @p_str2, i32 0, i32 0, [1 x i8]* @p_str1, i32 0, i32 0, [1 x i8]* @p_str1, [1 x i8]* @p_str1, [1 x i8]* @p_str1, i32 0, i32 0, i32 0, i32 0, [1 x i8]* @p_str1, [1 x i8]* @p_str1) nounwind" [/home/kevinliu/Documents/gulf_stream/u250/GULF-Stream/src/lbus2axis/lbus_fifo_read.cpp:77]   --->   Operation 30 'specinterface' <Predicate = true> <Delay = 0.00>
ST_1 : Operation 31 [1/1] (0.00ns)   --->   "call void (...)* @_ssdm_op_SpecInterface(i512* %m_axis_data_V, i64* %m_axis_keep_V, i1* %m_axis_last_V, i1* %m_axis_valid_V, [8 x i8]* @p_str2, i32 0, i32 0, [1 x i8]* @p_str1, i32 0, i32 0, [1 x i8]* @p_str1, [1 x i8]* @p_str1, [1 x i8]* @p_str1, i32 0, i32 0, i32 0, i32 0, [1 x i8]* @p_str1, [1 x i8]* @p_str1) nounwind" [/home/kevinliu/Documents/gulf_stream/u250/GULF-Stream/src/lbus2axis/lbus_fifo_read.cpp:78]   --->   Operation 31 'specinterface' <Predicate = true> <Delay = 0.00>
ST_1 : Operation 32 [1/1] (0.00ns)   --->   "call void (...)* @_ssdm_op_SpecInterface(i1* %error_V, [8 x i8]* @p_str2, i32 0, i32 0, [1 x i8]* @p_str1, i32 0, i32 0, [1 x i8]* @p_str1, [1 x i8]* @p_str1, [1 x i8]* @p_str1, i32 0, i32 0, i32 0, i32 0, [1 x i8]* @p_str1, [1 x i8]* @p_str1) nounwind" [/home/kevinliu/Documents/gulf_stream/u250/GULF-Stream/src/lbus2axis/lbus_fifo_read.cpp:79]   --->   Operation 32 'specinterface' <Predicate = true> <Delay = 0.00>
ST_1 : Operation 33 [1/1] (0.12ns)   --->   "%ret_V = xor i1 %lbus_fifo_empty_V_re, %lbus_fifo_pkt_end_em" [/home/kevinliu/Documents/gulf_stream/u250/GULF-Stream/src/lbus2axis/lbus_fifo_read.cpp:83]   --->   Operation 33 'xor' 'ret_V' <Predicate = true> <Delay = 0.12> <Core = "LogicGate">   --->   Core 27 'LogicGate' <Latency = 0> <II = 1> <Delay = 0.12> <FuncUnit> <Opcode : 'and' 'or' 'xor'> <InPorts = 2> <OutPorts = 1>
ST_1 : Operation 34 [1/1] (0.00ns)   --->   "call void @_ssdm_op_Write.ap_none.i1P(i1* %error_V, i1 %ret_V)" [/home/kevinliu/Documents/gulf_stream/u250/GULF-Stream/src/lbus2axis/lbus_fifo_read.cpp:83]   --->   Operation 34 'write' <Predicate = true> <Delay = 0.00>
ST_1 : Operation 35 [1/1] (0.00ns)   --->   "%m_axis_databuf_V_loa = load i512* @m_axis_databuf_V, align 64" [/home/kevinliu/Documents/gulf_stream/u250/GULF-Stream/src/lbus2axis/lbus_fifo_read.cpp:97]   --->   Operation 35 'load' 'm_axis_databuf_V_loa' <Predicate = true> <Delay = 0.00>
ST_1 : Operation 36 [1/1] (0.00ns)   --->   "call void @_ssdm_op_Write.ap_none.i512P(i512* %m_axis_data_V, i512 %m_axis_databuf_V_loa)" [/home/kevinliu/Documents/gulf_stream/u250/GULF-Stream/src/lbus2axis/lbus_fifo_read.cpp:97]   --->   Operation 36 'write' <Predicate = true> <Delay = 0.00>
ST_1 : Operation 37 [1/1] (0.00ns)   --->   "%lhs_V = load i16* @m_axis_keepbuf_V_1, align 2" [/home/kevinliu/Documents/gulf_stream/u250/GULF-Stream/src/lbus2axis/lbus_fifo_read.cpp:99]   --->   Operation 37 'load' 'lhs_V' <Predicate = true> <Delay = 0.00>
ST_1 : Operation 38 [1/1] (0.00ns)   --->   "%keep1mask_V_load = load i1* @keep1mask_V, align 1" [/home/kevinliu/Documents/gulf_stream/u250/GULF-Stream/src/lbus2axis/lbus_fifo_read.cpp:99]   --->   Operation 38 'load' 'keep1mask_V_load' <Predicate = true> <Delay = 0.00>
ST_1 : Operation 39 [1/1] (0.00ns) (grouped into LUT with out node ret_V_21)   --->   "%rhs_V = select i1 %keep1mask_V_load, i16 -1, i16 0" [/home/kevinliu/Documents/gulf_stream/u250/GULF-Stream/src/lbus2axis/lbus_fifo_read.cpp:99]   --->   Operation 39 'select' 'rhs_V' <Predicate = true> <Delay = 0.00> <Core = "Sel">   --->   Core 26 'Sel' <Latency = 0> <II = 1> <Delay = 0.27> <FuncUnit> <Opcode : 'select'> <InPorts = 3> <OutPorts = 1>
ST_1 : Operation 40 [1/1] (0.29ns) (out node of the LUT)   --->   "%ret_V_21 = and i16 %rhs_V, %lhs_V" [/home/kevinliu/Documents/gulf_stream/u250/GULF-Stream/src/lbus2axis/lbus_fifo_read.cpp:99]   --->   Operation 40 'and' 'ret_V_21' <Predicate = true> <Delay = 0.29> <Core = "LogicGate">   --->   Core 27 'LogicGate' <Latency = 0> <II = 1> <Delay = 0.12> <FuncUnit> <Opcode : 'and' 'or' 'xor'> <InPorts = 2> <OutPorts = 1>
ST_1 : Operation 41 [1/1] (0.00ns)   --->   "%lhs_V_1 = load i16* @m_axis_keepbuf_V_2, align 2" [/home/kevinliu/Documents/gulf_stream/u250/GULF-Stream/src/lbus2axis/lbus_fifo_read.cpp:100]   --->   Operation 41 'load' 'lhs_V_1' <Predicate = true> <Delay = 0.00>
ST_1 : Operation 42 [1/1] (0.00ns)   --->   "%keep2mask_V_load = load i1* @keep2mask_V, align 1" [/home/kevinliu/Documents/gulf_stream/u250/GULF-Stream/src/lbus2axis/lbus_fifo_read.cpp:100]   --->   Operation 42 'load' 'keep2mask_V_load' <Predicate = true> <Delay = 0.00>
ST_1 : Operation 43 [1/1] (0.00ns) (grouped into LUT with out node ret_V_22)   --->   "%rhs_V_14 = select i1 %keep2mask_V_load, i16 -1, i16 0" [/home/kevinliu/Documents/gulf_stream/u250/GULF-Stream/src/lbus2axis/lbus_fifo_read.cpp:100]   --->   Operation 43 'select' 'rhs_V_14' <Predicate = true> <Delay = 0.00> <Core = "Sel">   --->   Core 26 'Sel' <Latency = 0> <II = 1> <Delay = 0.27> <FuncUnit> <Opcode : 'select'> <InPorts = 3> <OutPorts = 1>
ST_1 : Operation 44 [1/1] (0.29ns) (out node of the LUT)   --->   "%ret_V_22 = and i16 %rhs_V_14, %lhs_V_1" [/home/kevinliu/Documents/gulf_stream/u250/GULF-Stream/src/lbus2axis/lbus_fifo_read.cpp:100]   --->   Operation 44 'and' 'ret_V_22' <Predicate = true> <Delay = 0.29> <Core = "LogicGate">   --->   Core 27 'LogicGate' <Latency = 0> <II = 1> <Delay = 0.12> <FuncUnit> <Opcode : 'and' 'or' 'xor'> <InPorts = 2> <OutPorts = 1>
ST_1 : Operation 45 [1/1] (0.00ns)   --->   "%lhs_V_2 = load i16* @m_axis_keepbuf_V_3, align 2" [/home/kevinliu/Documents/gulf_stream/u250/GULF-Stream/src/lbus2axis/lbus_fifo_read.cpp:101]   --->   Operation 45 'load' 'lhs_V_2' <Predicate = true> <Delay = 0.00>
ST_1 : Operation 46 [1/1] (0.00ns)   --->   "%keep3mask_V_load = load i1* @keep3mask_V, align 1" [/home/kevinliu/Documents/gulf_stream/u250/GULF-Stream/src/lbus2axis/lbus_fifo_read.cpp:101]   --->   Operation 46 'load' 'keep3mask_V_load' <Predicate = true> <Delay = 0.00>
ST_1 : Operation 47 [1/1] (0.00ns) (grouped into LUT with out node ret_V_23)   --->   "%rhs_V_15 = select i1 %keep3mask_V_load, i16 -1, i16 0" [/home/kevinliu/Documents/gulf_stream/u250/GULF-Stream/src/lbus2axis/lbus_fifo_read.cpp:101]   --->   Operation 47 'select' 'rhs_V_15' <Predicate = true> <Delay = 0.00> <Core = "Sel">   --->   Core 26 'Sel' <Latency = 0> <II = 1> <Delay = 0.27> <FuncUnit> <Opcode : 'select'> <InPorts = 3> <OutPorts = 1>
ST_1 : Operation 48 [1/1] (0.29ns) (out node of the LUT)   --->   "%ret_V_23 = and i16 %rhs_V_15, %lhs_V_2" [/home/kevinliu/Documents/gulf_stream/u250/GULF-Stream/src/lbus2axis/lbus_fifo_read.cpp:101]   --->   Operation 48 'and' 'ret_V_23' <Predicate = true> <Delay = 0.29> <Core = "LogicGate">   --->   Core 27 'LogicGate' <Latency = 0> <II = 1> <Delay = 0.12> <FuncUnit> <Opcode : 'and' 'or' 'xor'> <InPorts = 2> <OutPorts = 1>
ST_1 : Operation 49 [1/1] (0.00ns)   --->   "%v1_V = load i16* @m_axis_keepbuf_V_0, align 2" [/home/kevinliu/Documents/gulf_stream/u250/GULF-Stream/src/lbus2axis/lbus_fifo_read.cpp:101]   --->   Operation 49 'load' 'v1_V' <Predicate = true> <Delay = 0.00>
ST_1 : Operation 50 [1/1] (0.00ns)   --->   "%p_Result_s = call i64 @_ssdm_op_BitConcatenate.i64.i16.i16.i16.i16(i16 %v1_V, i16 %ret_V_21, i16 %ret_V_22, i16 %ret_V_23)" [/home/kevinliu/Documents/gulf_stream/u250/GULF-Stream/src/lbus2axis/lbus_fifo_read.cpp:101]   --->   Operation 50 'bitconcatenate' 'p_Result_s' <Predicate = true> <Delay = 0.00>
ST_1 : Operation 51 [1/1] (0.00ns)   --->   "call void @_ssdm_op_Write.ap_none.i64P(i64* %m_axis_keep_V, i64 %p_Result_s)" [/home/kevinliu/Documents/gulf_stream/u250/GULF-Stream/src/lbus2axis/lbus_fifo_read.cpp:101]   --->   Operation 51 'write' <Predicate = true> <Delay = 0.00>
ST_1 : Operation 52 [1/1] (0.00ns)   --->   "%m_axis_lastbuf_V_loa = load i1* @m_axis_lastbuf_V, align 1" [/home/kevinliu/Documents/gulf_stream/u250/GULF-Stream/src/lbus2axis/lbus_fifo_read.cpp:102]   --->   Operation 52 'load' 'm_axis_lastbuf_V_loa' <Predicate = true> <Delay = 0.00>
ST_1 : Operation 53 [1/1] (0.00ns)   --->   "call void @_ssdm_op_Write.ap_none.i1P(i1* %m_axis_last_V, i1 %m_axis_lastbuf_V_loa)" [/home/kevinliu/Documents/gulf_stream/u250/GULF-Stream/src/lbus2axis/lbus_fifo_read.cpp:102]   --->   Operation 53 'write' <Predicate = true> <Delay = 0.00>
ST_1 : Operation 54 [1/1] (0.00ns)   --->   "%m_axis_validbuf_V_lo = load i1* @m_axis_validbuf_V, align 1" [/home/kevinliu/Documents/gulf_stream/u250/GULF-Stream/src/lbus2axis/lbus_fifo_read.cpp:103]   --->   Operation 54 'load' 'm_axis_validbuf_V_lo' <Predicate = true> <Delay = 0.00>
ST_1 : Operation 55 [1/1] (0.00ns)   --->   "call void @_ssdm_op_Write.ap_none.i1P(i1* %m_axis_valid_V, i1 %m_axis_validbuf_V_lo)" [/home/kevinliu/Documents/gulf_stream/u250/GULF-Stream/src/lbus2axis/lbus_fifo_read.cpp:103]   --->   Operation 55 'write' <Predicate = true> <Delay = 0.00>
ST_1 : Operation 56 [1/1] (0.00ns)   --->   "%v2_V = load i128* @outbuf_data_V_3, align 16" [/home/kevinliu/Documents/gulf_stream/u250/GULF-Stream/src/lbus2axis/lbus_fifo_read.cpp:105]   --->   Operation 56 'load' 'v2_V' <Predicate = true> <Delay = 0.00>
ST_1 : Operation 57 [1/1] (0.00ns)   --->   "%v2_V_6 = load i128* @outbuf_data_V_2, align 16" [/home/kevinliu/Documents/gulf_stream/u250/GULF-Stream/src/lbus2axis/lbus_fifo_read.cpp:105]   --->   Operation 57 'load' 'v2_V_6' <Predicate = true> <Delay = 0.00>
ST_1 : Operation 58 [1/1] (0.00ns)   --->   "%v2_V_7 = load i128* @outbuf_data_V_1, align 16" [/home/kevinliu/Documents/gulf_stream/u250/GULF-Stream/src/lbus2axis/lbus_fifo_read.cpp:105]   --->   Operation 58 'load' 'v2_V_7' <Predicate = true> <Delay = 0.00>
ST_1 : Operation 59 [1/1] (0.00ns)   --->   "%v1_V_1 = load i128* @outbuf_data_V_0, align 16" [/home/kevinliu/Documents/gulf_stream/u250/GULF-Stream/src/lbus2axis/lbus_fifo_read.cpp:105]   --->   Operation 59 'load' 'v1_V_1' <Predicate = true> <Delay = 0.00>
ST_1 : Operation 60 [1/1] (0.00ns)   --->   "%p_Result_1 = call i512 @_ssdm_op_BitConcatenate.i512.i128.i128.i128.i128(i128 %v1_V_1, i128 %v2_V_7, i128 %v2_V_6, i128 %v2_V)" [/home/kevinliu/Documents/gulf_stream/u250/GULF-Stream/src/lbus2axis/lbus_fifo_read.cpp:105]   --->   Operation 60 'bitconcatenate' 'p_Result_1' <Predicate = true> <Delay = 0.00>
ST_1 : Operation 61 [1/1] (0.00ns)   --->   "store i512 %p_Result_1, i512* @m_axis_databuf_V, align 64" [/home/kevinliu/Documents/gulf_stream/u250/GULF-Stream/src/lbus2axis/lbus_fifo_read.cpp:105]   --->   Operation 61 'store' <Predicate = true> <Delay = 0.00>
ST_1 : Operation 62 [1/1] (0.00ns)   --->   "%outbuf_mty_V_0_load = load i4* @outbuf_mty_V_0, align 4" [/home/kevinliu/Documents/gulf_stream/u250/GULF-Stream/src/lbus2axis/lbus_fifo_read.cpp:109]   --->   Operation 62 'load' 'outbuf_mty_V_0_load' <Predicate = true> <Delay = 0.00>
ST_1 : Operation 63 [1/1] (0.00ns)   --->   "%outbuf_ena_V_0_load = load i1* @outbuf_ena_V_0, align 16" [/home/kevinliu/Documents/gulf_stream/u250/GULF-Stream/src/lbus2axis/lbus_fifo_read.cpp:109]   --->   Operation 63 'load' 'outbuf_ena_V_0_load' <Predicate = true> <Delay = 0.00>
ST_1 : Operation 64 [1/1] (1.40ns)   --->   "%call_ret = call fastcc i16 @mty2keep(i4 %outbuf_mty_V_0_load, i1 %outbuf_ena_V_0_load)" [/home/kevinliu/Documents/gulf_stream/u250/GULF-Stream/src/lbus2axis/lbus_fifo_read.cpp:109]   --->   Operation 64 'call' 'call_ret' <Predicate = true> <Delay = 1.40> <CoreType = "Generic">   --->   Core 0 '' <Latency = 0> <II = 1> <Delay = 1.00> <Generic> <Opcode : >
ST_1 : Operation 65 [1/1] (0.00ns)   --->   "store i16 %call_ret, i16* @m_axis_keepbuf_V_0, align 2" [/home/kevinliu/Documents/gulf_stream/u250/GULF-Stream/src/lbus2axis/lbus_fifo_read.cpp:109]   --->   Operation 65 'store' <Predicate = true> <Delay = 0.00>
ST_1 : Operation 66 [1/1] (0.00ns)   --->   "%outbuf_mty_V_1_load = load i4* @outbuf_mty_V_1, align 4" [/home/kevinliu/Documents/gulf_stream/u250/GULF-Stream/src/lbus2axis/lbus_fifo_read.cpp:110]   --->   Operation 66 'load' 'outbuf_mty_V_1_load' <Predicate = true> <Delay = 0.00>
ST_1 : Operation 67 [1/1] (0.00ns)   --->   "%outbuf_ena_V_1_load = load i1* @outbuf_ena_V_1, align 8" [/home/kevinliu/Documents/gulf_stream/u250/GULF-Stream/src/lbus2axis/lbus_fifo_read.cpp:110]   --->   Operation 67 'load' 'outbuf_ena_V_1_load' <Predicate = true> <Delay = 0.00>
ST_1 : Operation 68 [1/1] (1.40ns)   --->   "%call_ret1 = call fastcc i16 @mty2keep(i4 %outbuf_mty_V_1_load, i1 %outbuf_ena_V_1_load)" [/home/kevinliu/Documents/gulf_stream/u250/GULF-Stream/src/lbus2axis/lbus_fifo_read.cpp:110]   --->   Operation 68 'call' 'call_ret1' <Predicate = true> <Delay = 1.40> <CoreType = "Generic">   --->   Core 0 '' <Latency = 0> <II = 1> <Delay = 1.00> <Generic> <Opcode : >
ST_1 : Operation 69 [1/1] (0.00ns)   --->   "store i16 %call_ret1, i16* @m_axis_keepbuf_V_1, align 2" [/home/kevinliu/Documents/gulf_stream/u250/GULF-Stream/src/lbus2axis/lbus_fifo_read.cpp:110]   --->   Operation 69 'store' <Predicate = true> <Delay = 0.00>
ST_1 : Operation 70 [1/1] (0.00ns)   --->   "%outbuf_mty_V_2_load = load i4* @outbuf_mty_V_2, align 4" [/home/kevinliu/Documents/gulf_stream/u250/GULF-Stream/src/lbus2axis/lbus_fifo_read.cpp:111]   --->   Operation 70 'load' 'outbuf_mty_V_2_load' <Predicate = true> <Delay = 0.00>
ST_1 : Operation 71 [1/1] (0.00ns)   --->   "%outbuf_ena_V_2_load = load i1* @outbuf_ena_V_2, align 16" [/home/kevinliu/Documents/gulf_stream/u250/GULF-Stream/src/lbus2axis/lbus_fifo_read.cpp:111]   --->   Operation 71 'load' 'outbuf_ena_V_2_load' <Predicate = true> <Delay = 0.00>
ST_1 : Operation 72 [1/1] (1.40ns)   --->   "%call_ret2 = call fastcc i16 @mty2keep(i4 %outbuf_mty_V_2_load, i1 %outbuf_ena_V_2_load)" [/home/kevinliu/Documents/gulf_stream/u250/GULF-Stream/src/lbus2axis/lbus_fifo_read.cpp:111]   --->   Operation 72 'call' 'call_ret2' <Predicate = true> <Delay = 1.40> <CoreType = "Generic">   --->   Core 0 '' <Latency = 0> <II = 1> <Delay = 1.00> <Generic> <Opcode : >
ST_1 : Operation 73 [1/1] (0.00ns)   --->   "store i16 %call_ret2, i16* @m_axis_keepbuf_V_2, align 2" [/home/kevinliu/Documents/gulf_stream/u250/GULF-Stream/src/lbus2axis/lbus_fifo_read.cpp:111]   --->   Operation 73 'store' <Predicate = true> <Delay = 0.00>
ST_1 : Operation 74 [1/1] (0.00ns)   --->   "%outbuf_mty_V_3_load = load i4* @outbuf_mty_V_3, align 4" [/home/kevinliu/Documents/gulf_stream/u250/GULF-Stream/src/lbus2axis/lbus_fifo_read.cpp:112]   --->   Operation 74 'load' 'outbuf_mty_V_3_load' <Predicate = true> <Delay = 0.00>
ST_1 : Operation 75 [1/1] (0.00ns)   --->   "%outbuf_ena_V_3_load = load i1* @outbuf_ena_V_3, align 8" [/home/kevinliu/Documents/gulf_stream/u250/GULF-Stream/src/lbus2axis/lbus_fifo_read.cpp:112]   --->   Operation 75 'load' 'outbuf_ena_V_3_load' <Predicate = true> <Delay = 0.00>
ST_1 : Operation 76 [1/1] (1.40ns)   --->   "%call_ret3 = call fastcc i16 @mty2keep(i4 %outbuf_mty_V_3_load, i1 %outbuf_ena_V_3_load)" [/home/kevinliu/Documents/gulf_stream/u250/GULF-Stream/src/lbus2axis/lbus_fifo_read.cpp:112]   --->   Operation 76 'call' 'call_ret3' <Predicate = true> <Delay = 1.40> <CoreType = "Generic">   --->   Core 0 '' <Latency = 0> <II = 1> <Delay = 1.00> <Generic> <Opcode : >
ST_1 : Operation 77 [1/1] (0.00ns)   --->   "store i16 %call_ret3, i16* @m_axis_keepbuf_V_3, align 2" [/home/kevinliu/Documents/gulf_stream/u250/GULF-Stream/src/lbus2axis/lbus_fifo_read.cpp:112]   --->   Operation 77 'store' <Predicate = true> <Delay = 0.00>
ST_1 : Operation 78 [1/1] (0.00ns)   --->   "%lhs_V_3 = load i1* @outbuf_eop_V_0, align 2" [/home/kevinliu/Documents/gulf_stream/u250/GULF-Stream/src/lbus2axis/lbus_fifo_read.cpp:113]   --->   Operation 78 'load' 'lhs_V_3' <Predicate = true> <Delay = 0.00>
ST_1 : Operation 79 [1/1] (0.12ns)   --->   "%xor_ln113 = xor i1 %lhs_V_3, true" [/home/kevinliu/Documents/gulf_stream/u250/GULF-Stream/src/lbus2axis/lbus_fifo_read.cpp:113]   --->   Operation 79 'xor' 'xor_ln113' <Predicate = true> <Delay = 0.12> <Core = "LogicGate">   --->   Core 27 'LogicGate' <Latency = 0> <II = 1> <Delay = 0.12> <FuncUnit> <Opcode : 'and' 'or' 'xor'> <InPorts = 2> <OutPorts = 1>
ST_1 : Operation 80 [1/1] (0.00ns)   --->   "store i1 %xor_ln113, i1* @keep1mask_V, align 1" [/home/kevinliu/Documents/gulf_stream/u250/GULF-Stream/src/lbus2axis/lbus_fifo_read.cpp:113]   --->   Operation 80 'store' <Predicate = true> <Delay = 0.00>
ST_1 : Operation 81 [1/1] (0.00ns)   --->   "%rhs_V_16 = load i1* @outbuf_eop_V_1, align 1" [/home/kevinliu/Documents/gulf_stream/u250/GULF-Stream/src/lbus2axis/lbus_fifo_read.cpp:114]   --->   Operation 81 'load' 'rhs_V_16' <Predicate = true> <Delay = 0.00>
ST_1 : Operation 82 [1/1] (0.12ns)   --->   "%ret_V_24 = or i1 %lhs_V_3, %rhs_V_16" [/home/kevinliu/Documents/gulf_stream/u250/GULF-Stream/src/lbus2axis/lbus_fifo_read.cpp:114]   --->   Operation 82 'or' 'ret_V_24' <Predicate = true> <Delay = 0.12> <Core = "LogicGate">   --->   Core 27 'LogicGate' <Latency = 0> <II = 1> <Delay = 0.12> <FuncUnit> <Opcode : 'and' 'or' 'xor'> <InPorts = 2> <OutPorts = 1>
ST_1 : Operation 83 [1/1] (0.12ns)   --->   "%xor_ln114 = xor i1 %ret_V_24, true" [/home/kevinliu/Documents/gulf_stream/u250/GULF-Stream/src/lbus2axis/lbus_fifo_read.cpp:114]   --->   Operation 83 'xor' 'xor_ln114' <Predicate = true> <Delay = 0.12> <Core = "LogicGate">   --->   Core 27 'LogicGate' <Latency = 0> <II = 1> <Delay = 0.12> <FuncUnit> <Opcode : 'and' 'or' 'xor'> <InPorts = 2> <OutPorts = 1>
ST_1 : Operation 84 [1/1] (0.00ns)   --->   "store i1 %xor_ln114, i1* @keep2mask_V, align 1" [/home/kevinliu/Documents/gulf_stream/u250/GULF-Stream/src/lbus2axis/lbus_fifo_read.cpp:114]   --->   Operation 84 'store' <Predicate = true> <Delay = 0.00>
ST_1 : Operation 85 [1/1] (0.00ns)   --->   "%rhs_V_17 = load i1* @outbuf_eop_V_2, align 1" [/home/kevinliu/Documents/gulf_stream/u250/GULF-Stream/src/lbus2axis/lbus_fifo_read.cpp:115]   --->   Operation 85 'load' 'rhs_V_17' <Predicate = true> <Delay = 0.00>
ST_1 : Operation 86 [1/1] (0.12ns)   --->   "%ret_V_25 = or i1 %rhs_V_17, %ret_V_24" [/home/kevinliu/Documents/gulf_stream/u250/GULF-Stream/src/lbus2axis/lbus_fifo_read.cpp:115]   --->   Operation 86 'or' 'ret_V_25' <Predicate = true> <Delay = 0.12> <Core = "LogicGate">   --->   Core 27 'LogicGate' <Latency = 0> <II = 1> <Delay = 0.12> <FuncUnit> <Opcode : 'and' 'or' 'xor'> <InPorts = 2> <OutPorts = 1>
ST_1 : Operation 87 [1/1] (0.12ns)   --->   "%xor_ln115 = xor i1 %ret_V_25, true" [/home/kevinliu/Documents/gulf_stream/u250/GULF-Stream/src/lbus2axis/lbus_fifo_read.cpp:115]   --->   Operation 87 'xor' 'xor_ln115' <Predicate = true> <Delay = 0.12> <Core = "LogicGate">   --->   Core 27 'LogicGate' <Latency = 0> <II = 1> <Delay = 0.12> <FuncUnit> <Opcode : 'and' 'or' 'xor'> <InPorts = 2> <OutPorts = 1>
ST_1 : Operation 88 [1/1] (0.00ns)   --->   "store i1 %xor_ln115, i1* @keep3mask_V, align 1" [/home/kevinliu/Documents/gulf_stream/u250/GULF-Stream/src/lbus2axis/lbus_fifo_read.cpp:115]   --->   Operation 88 'store' <Predicate = true> <Delay = 0.00>
ST_1 : Operation 89 [1/1] (0.00ns)   --->   "%rhs_V_18 = load i1* @outbuf_eop_V_3, align 2" [/home/kevinliu/Documents/gulf_stream/u250/GULF-Stream/src/lbus2axis/lbus_fifo_read.cpp:116]   --->   Operation 89 'load' 'rhs_V_18' <Predicate = true> <Delay = 0.00>
ST_1 : Operation 90 [1/1] (0.12ns)   --->   "%ret_V_20 = or i1 %rhs_V_18, %ret_V_25" [/home/kevinliu/Documents/gulf_stream/u250/GULF-Stream/src/lbus2axis/lbus_fifo_read.cpp:116]   --->   Operation 90 'or' 'ret_V_20' <Predicate = true> <Delay = 0.12> <Core = "LogicGate">   --->   Core 27 'LogicGate' <Latency = 0> <II = 1> <Delay = 0.12> <FuncUnit> <Opcode : 'and' 'or' 'xor'> <InPorts = 2> <OutPorts = 1>
ST_1 : Operation 91 [1/1] (0.00ns)   --->   "store i1 %ret_V_20, i1* @m_axis_lastbuf_V, align 1" [/home/kevinliu/Documents/gulf_stream/u250/GULF-Stream/src/lbus2axis/lbus_fifo_read.cpp:116]   --->   Operation 91 'store' <Predicate = true> <Delay = 0.00>
ST_1 : Operation 92 [1/1] (0.00ns)   --->   "%output_valid_V_load = load i1* @output_valid_V, align 1" [/home/kevinliu/Documents/gulf_stream/u250/GULF-Stream/src/lbus2axis/lbus_fifo_read.cpp:120]   --->   Operation 92 'load' 'output_valid_V_load' <Predicate = true> <Delay = 0.00>
ST_1 : Operation 93 [1/1] (0.00ns)   --->   "store i1 %output_valid_V_load, i1* @m_axis_validbuf_V, align 1" [/home/kevinliu/Documents/gulf_stream/u250/GULF-Stream/src/lbus2axis/lbus_fifo_read.cpp:120]   --->   Operation 93 'store' <Predicate = true> <Delay = 0.00>
ST_1 : Operation 94 [1/1] (0.00ns)   --->   "%out_pktendbuf_ena_V_1 = load i1* @out_pktendbuf_ena_V_s, align 16" [/home/kevinliu/Documents/gulf_stream/u250/GULF-Stream/src/lbus2axis/lbus_fifo_read.cpp:124]   --->   Operation 94 'load' 'out_pktendbuf_ena_V_1' <Predicate = true> <Delay = 0.00>
ST_1 : Operation 95 [1/1] (0.00ns)   --->   "br i1 %out_pktendbuf_ena_V_1, label %0, label %1" [/home/kevinliu/Documents/gulf_stream/u250/GULF-Stream/src/lbus2axis/lbus_fifo_read.cpp:124]   --->   Operation 95 'br' <Predicate = true> <Delay = 0.00>
ST_1 : Operation 96 [1/1] (0.12ns)   --->   "%and_ln133 = and i1 %lbus_fifo_valid_V_re, %lbus_fifo_pkt_end_va" [/home/kevinliu/Documents/gulf_stream/u250/GULF-Stream/src/lbus2axis/lbus_fifo_read.cpp:133]   --->   Operation 96 'and' 'and_ln133' <Predicate = (!out_pktendbuf_ena_V_1)> <Delay = 0.12> <Core = "LogicGate">   --->   Core 27 'LogicGate' <Latency = 0> <II = 1> <Delay = 0.12> <FuncUnit> <Opcode : 'and' 'or' 'xor'> <InPorts = 2> <OutPorts = 1>
ST_1 : Operation 97 [1/1] (0.60ns)   --->   "br i1 %and_ln133, label %2, label %._crit_edge521" [/home/kevinliu/Documents/gulf_stream/u250/GULF-Stream/src/lbus2axis/lbus_fifo_read.cpp:133]   --->   Operation 97 'br' <Predicate = (!out_pktendbuf_ena_V_1)> <Delay = 0.60>
ST_1 : Operation 98 [1/1] (0.00ns)   --->   "%trunc_ln321 = trunc i544 %lbus_fifo_read to i128" [/home/kevinliu/Documents/gulf_stream/u250/GULF-Stream/src/lbus2axis/lbus2axis.h:40->/home/kevinliu/Documents/gulf_stream/u250/GULF-Stream/src/lbus2axis/lbus_fifo_read.cpp:134]   --->   Operation 98 'trunc' 'trunc_ln321' <Predicate = (!out_pktendbuf_ena_V_1 & and_ln133)> <Delay = 0.00>
ST_1 : Operation 99 [1/1] (0.60ns)   --->   "store i128 %trunc_ln321, i128* @outbuf_data_V_0, align 16" [/home/kevinliu/Documents/gulf_stream/u250/GULF-Stream/src/lbus2axis/lbus2axis.h:40->/home/kevinliu/Documents/gulf_stream/u250/GULF-Stream/src/lbus2axis/lbus_fifo_read.cpp:134]   --->   Operation 99 'store' <Predicate = (!out_pktendbuf_ena_V_1 & and_ln133)> <Delay = 0.60>
ST_1 : Operation 100 [1/1] (0.00ns)   --->   "%tmp = call i1 @_ssdm_op_BitSelect.i1.i544.i32(i544 %lbus_fifo_read, i32 128)" [/home/kevinliu/Documents/gulf_stream/u250/GULF-Stream/src/lbus2axis/lbus2axis.h:40->/home/kevinliu/Documents/gulf_stream/u250/GULF-Stream/src/lbus2axis/lbus_fifo_read.cpp:134]   --->   Operation 100 'bitselect' 'tmp' <Predicate = (!out_pktendbuf_ena_V_1 & and_ln133)> <Delay = 0.00>
ST_1 : Operation 101 [1/1] (0.60ns)   --->   "store i1 %tmp, i1* @outbuf_ena_V_0, align 16" [/home/kevinliu/Documents/gulf_stream/u250/GULF-Stream/src/lbus2axis/lbus2axis.h:40->/home/kevinliu/Documents/gulf_stream/u250/GULF-Stream/src/lbus2axis/lbus_fifo_read.cpp:134]   --->   Operation 101 'store' <Predicate = (!out_pktendbuf_ena_V_1 & and_ln133)> <Delay = 0.60>
ST_1 : Operation 102 [1/1] (0.00ns)   --->   "%tmp_3 = call i1 @_ssdm_op_BitSelect.i1.i544.i32(i544 %lbus_fifo_read, i32 130)" [/home/kevinliu/Documents/gulf_stream/u250/GULF-Stream/src/lbus2axis/lbus2axis.h:40->/home/kevinliu/Documents/gulf_stream/u250/GULF-Stream/src/lbus2axis/lbus_fifo_read.cpp:134]   --->   Operation 102 'bitselect' 'tmp_3' <Predicate = (!out_pktendbuf_ena_V_1 & and_ln133)> <Delay = 0.00>
ST_1 : Operation 103 [1/1] (0.60ns)   --->   "store i1 %tmp_3, i1* @outbuf_eop_V_0, align 2" [/home/kevinliu/Documents/gulf_stream/u250/GULF-Stream/src/lbus2axis/lbus2axis.h:40->/home/kevinliu/Documents/gulf_stream/u250/GULF-Stream/src/lbus2axis/lbus_fifo_read.cpp:134]   --->   Operation 103 'store' <Predicate = (!out_pktendbuf_ena_V_1 & and_ln133)> <Delay = 0.60>
ST_1 : Operation 104 [1/1] (0.00ns)   --->   "%lbus_fifo_lbus0_mty_s = call i4 @_ssdm_op_PartSelect.i4.i544.i32.i32(i544 %lbus_fifo_read, i32 132, i32 135)" [/home/kevinliu/Documents/gulf_stream/u250/GULF-Stream/src/lbus2axis/lbus2axis.h:40->/home/kevinliu/Documents/gulf_stream/u250/GULF-Stream/src/lbus2axis/lbus_fifo_read.cpp:134]   --->   Operation 104 'partselect' 'lbus_fifo_lbus0_mty_s' <Predicate = (!out_pktendbuf_ena_V_1 & and_ln133)> <Delay = 0.00>
ST_1 : Operation 105 [1/1] (0.60ns)   --->   "store i4 %lbus_fifo_lbus0_mty_s, i4* @outbuf_mty_V_0, align 4" [/home/kevinliu/Documents/gulf_stream/u250/GULF-Stream/src/lbus2axis/lbus2axis.h:40->/home/kevinliu/Documents/gulf_stream/u250/GULF-Stream/src/lbus2axis/lbus_fifo_read.cpp:134]   --->   Operation 105 'store' <Predicate = (!out_pktendbuf_ena_V_1 & and_ln133)> <Delay = 0.60>
ST_1 : Operation 106 [1/1] (0.00ns)   --->   "%lbus_fifo_lbus1_data = call i128 @_ssdm_op_PartSelect.i128.i544.i32.i32(i544 %lbus_fifo_read, i32 136, i32 263)" [/home/kevinliu/Documents/gulf_stream/u250/GULF-Stream/src/lbus2axis/lbus2axis.h:40->/home/kevinliu/Documents/gulf_stream/u250/GULF-Stream/src/lbus2axis/lbus_fifo_read.cpp:135]   --->   Operation 106 'partselect' 'lbus_fifo_lbus1_data' <Predicate = (!out_pktendbuf_ena_V_1 & and_ln133)> <Delay = 0.00>
ST_1 : Operation 107 [1/1] (0.60ns)   --->   "store i128 %lbus_fifo_lbus1_data, i128* @outbuf_data_V_1, align 16" [/home/kevinliu/Documents/gulf_stream/u250/GULF-Stream/src/lbus2axis/lbus2axis.h:40->/home/kevinliu/Documents/gulf_stream/u250/GULF-Stream/src/lbus2axis/lbus_fifo_read.cpp:135]   --->   Operation 107 'store' <Predicate = (!out_pktendbuf_ena_V_1 & and_ln133)> <Delay = 0.60>
ST_1 : Operation 108 [1/1] (0.00ns)   --->   "%tmp_4 = call i1 @_ssdm_op_BitSelect.i1.i544.i32(i544 %lbus_fifo_read, i32 264)" [/home/kevinliu/Documents/gulf_stream/u250/GULF-Stream/src/lbus2axis/lbus2axis.h:40->/home/kevinliu/Documents/gulf_stream/u250/GULF-Stream/src/lbus2axis/lbus_fifo_read.cpp:135]   --->   Operation 108 'bitselect' 'tmp_4' <Predicate = (!out_pktendbuf_ena_V_1 & and_ln133)> <Delay = 0.00>
ST_1 : Operation 109 [1/1] (0.60ns)   --->   "store i1 %tmp_4, i1* @outbuf_ena_V_1, align 8" [/home/kevinliu/Documents/gulf_stream/u250/GULF-Stream/src/lbus2axis/lbus2axis.h:40->/home/kevinliu/Documents/gulf_stream/u250/GULF-Stream/src/lbus2axis/lbus_fifo_read.cpp:135]   --->   Operation 109 'store' <Predicate = (!out_pktendbuf_ena_V_1 & and_ln133)> <Delay = 0.60>
ST_1 : Operation 110 [1/1] (0.00ns)   --->   "%tmp_5 = call i1 @_ssdm_op_BitSelect.i1.i544.i32(i544 %lbus_fifo_read, i32 266)" [/home/kevinliu/Documents/gulf_stream/u250/GULF-Stream/src/lbus2axis/lbus2axis.h:40->/home/kevinliu/Documents/gulf_stream/u250/GULF-Stream/src/lbus2axis/lbus_fifo_read.cpp:135]   --->   Operation 110 'bitselect' 'tmp_5' <Predicate = (!out_pktendbuf_ena_V_1 & and_ln133)> <Delay = 0.00>
ST_1 : Operation 111 [1/1] (0.60ns)   --->   "store i1 %tmp_5, i1* @outbuf_eop_V_1, align 2" [/home/kevinliu/Documents/gulf_stream/u250/GULF-Stream/src/lbus2axis/lbus2axis.h:40->/home/kevinliu/Documents/gulf_stream/u250/GULF-Stream/src/lbus2axis/lbus_fifo_read.cpp:135]   --->   Operation 111 'store' <Predicate = (!out_pktendbuf_ena_V_1 & and_ln133)> <Delay = 0.60>
ST_1 : Operation 112 [1/1] (0.00ns)   --->   "%lbus_fifo_lbus1_mty_s = call i4 @_ssdm_op_PartSelect.i4.i544.i32.i32(i544 %lbus_fifo_read, i32 268, i32 271)" [/home/kevinliu/Documents/gulf_stream/u250/GULF-Stream/src/lbus2axis/lbus2axis.h:40->/home/kevinliu/Documents/gulf_stream/u250/GULF-Stream/src/lbus2axis/lbus_fifo_read.cpp:135]   --->   Operation 112 'partselect' 'lbus_fifo_lbus1_mty_s' <Predicate = (!out_pktendbuf_ena_V_1 & and_ln133)> <Delay = 0.00>
ST_1 : Operation 113 [1/1] (0.60ns)   --->   "store i4 %lbus_fifo_lbus1_mty_s, i4* @outbuf_mty_V_1, align 4" [/home/kevinliu/Documents/gulf_stream/u250/GULF-Stream/src/lbus2axis/lbus2axis.h:40->/home/kevinliu/Documents/gulf_stream/u250/GULF-Stream/src/lbus2axis/lbus_fifo_read.cpp:135]   --->   Operation 113 'store' <Predicate = (!out_pktendbuf_ena_V_1 & and_ln133)> <Delay = 0.60>
ST_1 : Operation 114 [1/1] (0.00ns)   --->   "%lbus_fifo_lbus2_data = call i128 @_ssdm_op_PartSelect.i128.i544.i32.i32(i544 %lbus_fifo_read, i32 272, i32 399)" [/home/kevinliu/Documents/gulf_stream/u250/GULF-Stream/src/lbus2axis/lbus2axis.h:40->/home/kevinliu/Documents/gulf_stream/u250/GULF-Stream/src/lbus2axis/lbus_fifo_read.cpp:136]   --->   Operation 114 'partselect' 'lbus_fifo_lbus2_data' <Predicate = (!out_pktendbuf_ena_V_1 & and_ln133)> <Delay = 0.00>
ST_1 : Operation 115 [1/1] (0.60ns)   --->   "store i128 %lbus_fifo_lbus2_data, i128* @outbuf_data_V_2, align 16" [/home/kevinliu/Documents/gulf_stream/u250/GULF-Stream/src/lbus2axis/lbus2axis.h:40->/home/kevinliu/Documents/gulf_stream/u250/GULF-Stream/src/lbus2axis/lbus_fifo_read.cpp:136]   --->   Operation 115 'store' <Predicate = (!out_pktendbuf_ena_V_1 & and_ln133)> <Delay = 0.60>
ST_1 : Operation 116 [1/1] (0.00ns)   --->   "%tmp_6 = call i1 @_ssdm_op_BitSelect.i1.i544.i32(i544 %lbus_fifo_read, i32 400)" [/home/kevinliu/Documents/gulf_stream/u250/GULF-Stream/src/lbus2axis/lbus2axis.h:40->/home/kevinliu/Documents/gulf_stream/u250/GULF-Stream/src/lbus2axis/lbus_fifo_read.cpp:136]   --->   Operation 116 'bitselect' 'tmp_6' <Predicate = (!out_pktendbuf_ena_V_1 & and_ln133)> <Delay = 0.00>
ST_1 : Operation 117 [1/1] (0.60ns)   --->   "store i1 %tmp_6, i1* @outbuf_ena_V_2, align 16" [/home/kevinliu/Documents/gulf_stream/u250/GULF-Stream/src/lbus2axis/lbus2axis.h:40->/home/kevinliu/Documents/gulf_stream/u250/GULF-Stream/src/lbus2axis/lbus_fifo_read.cpp:136]   --->   Operation 117 'store' <Predicate = (!out_pktendbuf_ena_V_1 & and_ln133)> <Delay = 0.60>
ST_1 : Operation 118 [1/1] (0.00ns)   --->   "%tmp_7 = call i1 @_ssdm_op_BitSelect.i1.i544.i32(i544 %lbus_fifo_read, i32 402)" [/home/kevinliu/Documents/gulf_stream/u250/GULF-Stream/src/lbus2axis/lbus2axis.h:40->/home/kevinliu/Documents/gulf_stream/u250/GULF-Stream/src/lbus2axis/lbus_fifo_read.cpp:136]   --->   Operation 118 'bitselect' 'tmp_7' <Predicate = (!out_pktendbuf_ena_V_1 & and_ln133)> <Delay = 0.00>
ST_1 : Operation 119 [1/1] (0.60ns)   --->   "store i1 %tmp_7, i1* @outbuf_eop_V_2, align 2" [/home/kevinliu/Documents/gulf_stream/u250/GULF-Stream/src/lbus2axis/lbus2axis.h:40->/home/kevinliu/Documents/gulf_stream/u250/GULF-Stream/src/lbus2axis/lbus_fifo_read.cpp:136]   --->   Operation 119 'store' <Predicate = (!out_pktendbuf_ena_V_1 & and_ln133)> <Delay = 0.60>
ST_1 : Operation 120 [1/1] (0.00ns)   --->   "%lbus_fifo_lbus2_mty_s = call i4 @_ssdm_op_PartSelect.i4.i544.i32.i32(i544 %lbus_fifo_read, i32 404, i32 407)" [/home/kevinliu/Documents/gulf_stream/u250/GULF-Stream/src/lbus2axis/lbus2axis.h:40->/home/kevinliu/Documents/gulf_stream/u250/GULF-Stream/src/lbus2axis/lbus_fifo_read.cpp:136]   --->   Operation 120 'partselect' 'lbus_fifo_lbus2_mty_s' <Predicate = (!out_pktendbuf_ena_V_1 & and_ln133)> <Delay = 0.00>
ST_1 : Operation 121 [1/1] (0.60ns)   --->   "store i4 %lbus_fifo_lbus2_mty_s, i4* @outbuf_mty_V_2, align 4" [/home/kevinliu/Documents/gulf_stream/u250/GULF-Stream/src/lbus2axis/lbus2axis.h:40->/home/kevinliu/Documents/gulf_stream/u250/GULF-Stream/src/lbus2axis/lbus_fifo_read.cpp:136]   --->   Operation 121 'store' <Predicate = (!out_pktendbuf_ena_V_1 & and_ln133)> <Delay = 0.60>
ST_1 : Operation 122 [1/1] (0.00ns)   --->   "%lbus_fifo_lbus3_data = call i128 @_ssdm_op_PartSelect.i128.i544.i32.i32(i544 %lbus_fifo_read, i32 408, i32 535)" [/home/kevinliu/Documents/gulf_stream/u250/GULF-Stream/src/lbus2axis/lbus2axis.h:40->/home/kevinliu/Documents/gulf_stream/u250/GULF-Stream/src/lbus2axis/lbus_fifo_read.cpp:137]   --->   Operation 122 'partselect' 'lbus_fifo_lbus3_data' <Predicate = (!out_pktendbuf_ena_V_1 & and_ln133)> <Delay = 0.00>
ST_1 : Operation 123 [1/1] (0.60ns)   --->   "store i128 %lbus_fifo_lbus3_data, i128* @outbuf_data_V_3, align 16" [/home/kevinliu/Documents/gulf_stream/u250/GULF-Stream/src/lbus2axis/lbus2axis.h:40->/home/kevinliu/Documents/gulf_stream/u250/GULF-Stream/src/lbus2axis/lbus_fifo_read.cpp:137]   --->   Operation 123 'store' <Predicate = (!out_pktendbuf_ena_V_1 & and_ln133)> <Delay = 0.60>
ST_1 : Operation 124 [1/1] (0.00ns)   --->   "%tmp_8 = call i1 @_ssdm_op_BitSelect.i1.i544.i32(i544 %lbus_fifo_read, i32 536)" [/home/kevinliu/Documents/gulf_stream/u250/GULF-Stream/src/lbus2axis/lbus2axis.h:40->/home/kevinliu/Documents/gulf_stream/u250/GULF-Stream/src/lbus2axis/lbus_fifo_read.cpp:137]   --->   Operation 124 'bitselect' 'tmp_8' <Predicate = (!out_pktendbuf_ena_V_1 & and_ln133)> <Delay = 0.00>
ST_1 : Operation 125 [1/1] (0.60ns)   --->   "store i1 %tmp_8, i1* @outbuf_ena_V_3, align 8" [/home/kevinliu/Documents/gulf_stream/u250/GULF-Stream/src/lbus2axis/lbus2axis.h:40->/home/kevinliu/Documents/gulf_stream/u250/GULF-Stream/src/lbus2axis/lbus_fifo_read.cpp:137]   --->   Operation 125 'store' <Predicate = (!out_pktendbuf_ena_V_1 & and_ln133)> <Delay = 0.60>
ST_1 : Operation 126 [1/1] (0.00ns)   --->   "%tmp_9 = call i1 @_ssdm_op_BitSelect.i1.i544.i32(i544 %lbus_fifo_read, i32 538)" [/home/kevinliu/Documents/gulf_stream/u250/GULF-Stream/src/lbus2axis/lbus2axis.h:40->/home/kevinliu/Documents/gulf_stream/u250/GULF-Stream/src/lbus2axis/lbus_fifo_read.cpp:137]   --->   Operation 126 'bitselect' 'tmp_9' <Predicate = (!out_pktendbuf_ena_V_1 & and_ln133)> <Delay = 0.00>
ST_1 : Operation 127 [1/1] (0.60ns)   --->   "store i1 %tmp_9, i1* @outbuf_eop_V_3, align 2" [/home/kevinliu/Documents/gulf_stream/u250/GULF-Stream/src/lbus2axis/lbus2axis.h:40->/home/kevinliu/Documents/gulf_stream/u250/GULF-Stream/src/lbus2axis/lbus_fifo_read.cpp:137]   --->   Operation 127 'store' <Predicate = (!out_pktendbuf_ena_V_1 & and_ln133)> <Delay = 0.60>
ST_1 : Operation 128 [1/1] (0.00ns)   --->   "%lbus_fifo_lbus3_mty_s = call i4 @_ssdm_op_PartSelect.i4.i544.i32.i32(i544 %lbus_fifo_read, i32 540, i32 543)" [/home/kevinliu/Documents/gulf_stream/u250/GULF-Stream/src/lbus2axis/lbus2axis.h:40->/home/kevinliu/Documents/gulf_stream/u250/GULF-Stream/src/lbus2axis/lbus_fifo_read.cpp:137]   --->   Operation 128 'partselect' 'lbus_fifo_lbus3_mty_s' <Predicate = (!out_pktendbuf_ena_V_1 & and_ln133)> <Delay = 0.00>
ST_1 : Operation 129 [1/1] (0.60ns)   --->   "store i4 %lbus_fifo_lbus3_mty_s, i4* @outbuf_mty_V_3, align 4" [/home/kevinliu/Documents/gulf_stream/u250/GULF-Stream/src/lbus2axis/lbus2axis.h:40->/home/kevinliu/Documents/gulf_stream/u250/GULF-Stream/src/lbus2axis/lbus_fifo_read.cpp:137]   --->   Operation 129 'store' <Predicate = (!out_pktendbuf_ena_V_1 & and_ln133)> <Delay = 0.60>
ST_1 : Operation 130 [1/1] (0.00ns)   --->   "%trunc_ln321_1 = trunc i408 %lbus_fifo_pkt_end_re to i128" [/home/kevinliu/Documents/gulf_stream/u250/GULF-Stream/src/lbus2axis/lbus2axis.h:40->/home/kevinliu/Documents/gulf_stream/u250/GULF-Stream/src/lbus2axis/lbus_fifo_read.cpp:138]   --->   Operation 130 'trunc' 'trunc_ln321_1' <Predicate = (!out_pktendbuf_ena_V_1 & and_ln133)> <Delay = 0.00>
ST_1 : Operation 131 [1/1] (0.60ns)   --->   "store i128 %trunc_ln321_1, i128* @out_pktendbuf_data_V, align 16" [/home/kevinliu/Documents/gulf_stream/u250/GULF-Stream/src/lbus2axis/lbus2axis.h:40->/home/kevinliu/Documents/gulf_stream/u250/GULF-Stream/src/lbus2axis/lbus_fifo_read.cpp:138]   --->   Operation 131 'store' <Predicate = (!out_pktendbuf_ena_V_1 & and_ln133)> <Delay = 0.60>
ST_1 : Operation 132 [1/1] (0.00ns)   --->   "%tmp_10 = call i1 @_ssdm_op_BitSelect.i1.i408.i32(i408 %lbus_fifo_pkt_end_re, i32 128)" [/home/kevinliu/Documents/gulf_stream/u250/GULF-Stream/src/lbus2axis/lbus2axis.h:40->/home/kevinliu/Documents/gulf_stream/u250/GULF-Stream/src/lbus2axis/lbus_fifo_read.cpp:138]   --->   Operation 132 'bitselect' 'tmp_10' <Predicate = (!out_pktendbuf_ena_V_1 & and_ln133)> <Delay = 0.00>
ST_1 : Operation 133 [1/1] (0.60ns)   --->   "store i1 %tmp_10, i1* @out_pktendbuf_ena_V_s, align 16" [/home/kevinliu/Documents/gulf_stream/u250/GULF-Stream/src/lbus2axis/lbus2axis.h:40->/home/kevinliu/Documents/gulf_stream/u250/GULF-Stream/src/lbus2axis/lbus_fifo_read.cpp:138]   --->   Operation 133 'store' <Predicate = (!out_pktendbuf_ena_V_1 & and_ln133)> <Delay = 0.60>
ST_1 : Operation 134 [1/1] (0.00ns)   --->   "%tmp_11 = call i1 @_ssdm_op_BitSelect.i1.i408.i32(i408 %lbus_fifo_pkt_end_re, i32 130)" [/home/kevinliu/Documents/gulf_stream/u250/GULF-Stream/src/lbus2axis/lbus2axis.h:40->/home/kevinliu/Documents/gulf_stream/u250/GULF-Stream/src/lbus2axis/lbus_fifo_read.cpp:138]   --->   Operation 134 'bitselect' 'tmp_11' <Predicate = (!out_pktendbuf_ena_V_1 & and_ln133)> <Delay = 0.00>
ST_1 : Operation 135 [1/1] (0.60ns)   --->   "store i1 %tmp_11, i1* @out_pktendbuf_eop_V_s, align 2" [/home/kevinliu/Documents/gulf_stream/u250/GULF-Stream/src/lbus2axis/lbus2axis.h:40->/home/kevinliu/Documents/gulf_stream/u250/GULF-Stream/src/lbus2axis/lbus_fifo_read.cpp:138]   --->   Operation 135 'store' <Predicate = (!out_pktendbuf_ena_V_1 & and_ln133)> <Delay = 0.60>
ST_1 : Operation 136 [1/1] (0.00ns)   --->   "%lbus_fifo_pkt_end_lb_3 = call i4 @_ssdm_op_PartSelect.i4.i408.i32.i32(i408 %lbus_fifo_pkt_end_re, i32 132, i32 135)" [/home/kevinliu/Documents/gulf_stream/u250/GULF-Stream/src/lbus2axis/lbus2axis.h:40->/home/kevinliu/Documents/gulf_stream/u250/GULF-Stream/src/lbus2axis/lbus_fifo_read.cpp:138]   --->   Operation 136 'partselect' 'lbus_fifo_pkt_end_lb_3' <Predicate = (!out_pktendbuf_ena_V_1 & and_ln133)> <Delay = 0.00>
ST_1 : Operation 137 [1/1] (0.60ns)   --->   "store i4 %lbus_fifo_pkt_end_lb_3, i4* @out_pktendbuf_mty_V_s, align 4" [/home/kevinliu/Documents/gulf_stream/u250/GULF-Stream/src/lbus2axis/lbus2axis.h:40->/home/kevinliu/Documents/gulf_stream/u250/GULF-Stream/src/lbus2axis/lbus_fifo_read.cpp:138]   --->   Operation 137 'store' <Predicate = (!out_pktendbuf_ena_V_1 & and_ln133)> <Delay = 0.60>
ST_1 : Operation 138 [1/1] (0.00ns)   --->   "%lbus_fifo_pkt_end_lb_4 = call i128 @_ssdm_op_PartSelect.i128.i408.i32.i32(i408 %lbus_fifo_pkt_end_re, i32 136, i32 263)" [/home/kevinliu/Documents/gulf_stream/u250/GULF-Stream/src/lbus2axis/lbus2axis.h:40->/home/kevinliu/Documents/gulf_stream/u250/GULF-Stream/src/lbus2axis/lbus_fifo_read.cpp:139]   --->   Operation 138 'partselect' 'lbus_fifo_pkt_end_lb_4' <Predicate = (!out_pktendbuf_ena_V_1 & and_ln133)> <Delay = 0.00>
ST_1 : Operation 139 [1/1] (0.60ns)   --->   "store i128 %lbus_fifo_pkt_end_lb_4, i128* @out_pktendbuf_data_V_1, align 16" [/home/kevinliu/Documents/gulf_stream/u250/GULF-Stream/src/lbus2axis/lbus2axis.h:40->/home/kevinliu/Documents/gulf_stream/u250/GULF-Stream/src/lbus2axis/lbus_fifo_read.cpp:139]   --->   Operation 139 'store' <Predicate = (!out_pktendbuf_ena_V_1 & and_ln133)> <Delay = 0.60>
ST_1 : Operation 140 [1/1] (0.00ns)   --->   "%tmp_12 = call i1 @_ssdm_op_BitSelect.i1.i408.i32(i408 %lbus_fifo_pkt_end_re, i32 264)" [/home/kevinliu/Documents/gulf_stream/u250/GULF-Stream/src/lbus2axis/lbus2axis.h:40->/home/kevinliu/Documents/gulf_stream/u250/GULF-Stream/src/lbus2axis/lbus_fifo_read.cpp:139]   --->   Operation 140 'bitselect' 'tmp_12' <Predicate = (!out_pktendbuf_ena_V_1 & and_ln133)> <Delay = 0.00>
ST_1 : Operation 141 [1/1] (0.60ns)   --->   "store i1 %tmp_12, i1* @out_pktendbuf_ena_V_1, align 8" [/home/kevinliu/Documents/gulf_stream/u250/GULF-Stream/src/lbus2axis/lbus2axis.h:40->/home/kevinliu/Documents/gulf_stream/u250/GULF-Stream/src/lbus2axis/lbus_fifo_read.cpp:139]   --->   Operation 141 'store' <Predicate = (!out_pktendbuf_ena_V_1 & and_ln133)> <Delay = 0.60>
ST_1 : Operation 142 [1/1] (0.00ns)   --->   "%tmp_13 = call i1 @_ssdm_op_BitSelect.i1.i408.i32(i408 %lbus_fifo_pkt_end_re, i32 266)" [/home/kevinliu/Documents/gulf_stream/u250/GULF-Stream/src/lbus2axis/lbus2axis.h:40->/home/kevinliu/Documents/gulf_stream/u250/GULF-Stream/src/lbus2axis/lbus_fifo_read.cpp:139]   --->   Operation 142 'bitselect' 'tmp_13' <Predicate = (!out_pktendbuf_ena_V_1 & and_ln133)> <Delay = 0.00>
ST_1 : Operation 143 [1/1] (0.60ns)   --->   "store i1 %tmp_13, i1* @out_pktendbuf_eop_V_1, align 2" [/home/kevinliu/Documents/gulf_stream/u250/GULF-Stream/src/lbus2axis/lbus2axis.h:40->/home/kevinliu/Documents/gulf_stream/u250/GULF-Stream/src/lbus2axis/lbus_fifo_read.cpp:139]   --->   Operation 143 'store' <Predicate = (!out_pktendbuf_ena_V_1 & and_ln133)> <Delay = 0.60>
ST_1 : Operation 144 [1/1] (0.00ns)   --->   "%lbus_fifo_pkt_end_lb_7 = call i4 @_ssdm_op_PartSelect.i4.i408.i32.i32(i408 %lbus_fifo_pkt_end_re, i32 268, i32 271)" [/home/kevinliu/Documents/gulf_stream/u250/GULF-Stream/src/lbus2axis/lbus2axis.h:40->/home/kevinliu/Documents/gulf_stream/u250/GULF-Stream/src/lbus2axis/lbus_fifo_read.cpp:139]   --->   Operation 144 'partselect' 'lbus_fifo_pkt_end_lb_7' <Predicate = (!out_pktendbuf_ena_V_1 & and_ln133)> <Delay = 0.00>
ST_1 : Operation 145 [1/1] (0.60ns)   --->   "store i4 %lbus_fifo_pkt_end_lb_7, i4* @out_pktendbuf_mty_V_1, align 4" [/home/kevinliu/Documents/gulf_stream/u250/GULF-Stream/src/lbus2axis/lbus2axis.h:40->/home/kevinliu/Documents/gulf_stream/u250/GULF-Stream/src/lbus2axis/lbus_fifo_read.cpp:139]   --->   Operation 145 'store' <Predicate = (!out_pktendbuf_ena_V_1 & and_ln133)> <Delay = 0.60>
ST_1 : Operation 146 [1/1] (0.00ns)   --->   "%lbus_fifo_pkt_end_lb_8 = call i128 @_ssdm_op_PartSelect.i128.i408.i32.i32(i408 %lbus_fifo_pkt_end_re, i32 272, i32 399)" [/home/kevinliu/Documents/gulf_stream/u250/GULF-Stream/src/lbus2axis/lbus2axis.h:40->/home/kevinliu/Documents/gulf_stream/u250/GULF-Stream/src/lbus2axis/lbus_fifo_read.cpp:140]   --->   Operation 146 'partselect' 'lbus_fifo_pkt_end_lb_8' <Predicate = (!out_pktendbuf_ena_V_1 & and_ln133)> <Delay = 0.00>
ST_1 : Operation 147 [1/1] (0.60ns)   --->   "store i128 %lbus_fifo_pkt_end_lb_8, i128* @out_pktendbuf_data_V_2, align 16" [/home/kevinliu/Documents/gulf_stream/u250/GULF-Stream/src/lbus2axis/lbus2axis.h:40->/home/kevinliu/Documents/gulf_stream/u250/GULF-Stream/src/lbus2axis/lbus_fifo_read.cpp:140]   --->   Operation 147 'store' <Predicate = (!out_pktendbuf_ena_V_1 & and_ln133)> <Delay = 0.60>
ST_1 : Operation 148 [1/1] (0.00ns)   --->   "%tmp_14 = call i1 @_ssdm_op_BitSelect.i1.i408.i32(i408 %lbus_fifo_pkt_end_re, i32 400)" [/home/kevinliu/Documents/gulf_stream/u250/GULF-Stream/src/lbus2axis/lbus2axis.h:40->/home/kevinliu/Documents/gulf_stream/u250/GULF-Stream/src/lbus2axis/lbus_fifo_read.cpp:140]   --->   Operation 148 'bitselect' 'tmp_14' <Predicate = (!out_pktendbuf_ena_V_1 & and_ln133)> <Delay = 0.00>
ST_1 : Operation 149 [1/1] (0.60ns)   --->   "store i1 %tmp_14, i1* @out_pktendbuf_ena_V_2, align 16" [/home/kevinliu/Documents/gulf_stream/u250/GULF-Stream/src/lbus2axis/lbus2axis.h:40->/home/kevinliu/Documents/gulf_stream/u250/GULF-Stream/src/lbus2axis/lbus_fifo_read.cpp:140]   --->   Operation 149 'store' <Predicate = (!out_pktendbuf_ena_V_1 & and_ln133)> <Delay = 0.60>
ST_1 : Operation 150 [1/1] (0.00ns)   --->   "%tmp_15 = call i1 @_ssdm_op_BitSelect.i1.i408.i32(i408 %lbus_fifo_pkt_end_re, i32 402)" [/home/kevinliu/Documents/gulf_stream/u250/GULF-Stream/src/lbus2axis/lbus2axis.h:40->/home/kevinliu/Documents/gulf_stream/u250/GULF-Stream/src/lbus2axis/lbus_fifo_read.cpp:140]   --->   Operation 150 'bitselect' 'tmp_15' <Predicate = (!out_pktendbuf_ena_V_1 & and_ln133)> <Delay = 0.00>
ST_1 : Operation 151 [1/1] (0.60ns)   --->   "store i1 %tmp_15, i1* @out_pktendbuf_eop_V_2, align 2" [/home/kevinliu/Documents/gulf_stream/u250/GULF-Stream/src/lbus2axis/lbus2axis.h:40->/home/kevinliu/Documents/gulf_stream/u250/GULF-Stream/src/lbus2axis/lbus_fifo_read.cpp:140]   --->   Operation 151 'store' <Predicate = (!out_pktendbuf_ena_V_1 & and_ln133)> <Delay = 0.60>
ST_1 : Operation 152 [1/1] (0.00ns)   --->   "%lbus_fifo_pkt_end_lb = call i4 @_ssdm_op_PartSelect.i4.i408.i32.i32(i408 %lbus_fifo_pkt_end_re, i32 404, i32 407)" [/home/kevinliu/Documents/gulf_stream/u250/GULF-Stream/src/lbus2axis/lbus2axis.h:40->/home/kevinliu/Documents/gulf_stream/u250/GULF-Stream/src/lbus2axis/lbus_fifo_read.cpp:140]   --->   Operation 152 'partselect' 'lbus_fifo_pkt_end_lb' <Predicate = (!out_pktendbuf_ena_V_1 & and_ln133)> <Delay = 0.00>
ST_1 : Operation 153 [1/1] (0.60ns)   --->   "store i4 %lbus_fifo_pkt_end_lb, i4* @out_pktendbuf_mty_V_2, align 4" [/home/kevinliu/Documents/gulf_stream/u250/GULF-Stream/src/lbus2axis/lbus2axis.h:40->/home/kevinliu/Documents/gulf_stream/u250/GULF-Stream/src/lbus2axis/lbus_fifo_read.cpp:140]   --->   Operation 153 'store' <Predicate = (!out_pktendbuf_ena_V_1 & and_ln133)> <Delay = 0.60>
ST_1 : Operation 154 [1/1] (0.60ns)   --->   "br label %._crit_edge521" [/home/kevinliu/Documents/gulf_stream/u250/GULF-Stream/src/lbus2axis/lbus_fifo_read.cpp:142]   --->   Operation 154 'br' <Predicate = (!out_pktendbuf_ena_V_1 & and_ln133)> <Delay = 0.60>
ST_1 : Operation 155 [1/1] (0.00ns)   --->   "%out_pktendbuf_data_V_3 = load i128* @out_pktendbuf_data_V, align 16" [/home/kevinliu/Documents/gulf_stream/u250/GULF-Stream/src/lbus2axis/lbus2axis.h:40->/home/kevinliu/Documents/gulf_stream/u250/GULF-Stream/src/lbus2axis/lbus_fifo_read.cpp:125]   --->   Operation 155 'load' 'out_pktendbuf_data_V_3' <Predicate = (out_pktendbuf_ena_V_1)> <Delay = 0.00>
ST_1 : Operation 156 [1/1] (0.60ns)   --->   "store i128 %out_pktendbuf_data_V_3, i128* @outbuf_data_V_0, align 16" [/home/kevinliu/Documents/gulf_stream/u250/GULF-Stream/src/lbus2axis/lbus2axis.h:40->/home/kevinliu/Documents/gulf_stream/u250/GULF-Stream/src/lbus2axis/lbus_fifo_read.cpp:125]   --->   Operation 156 'store' <Predicate = (out_pktendbuf_ena_V_1)> <Delay = 0.60>
ST_1 : Operation 157 [1/1] (0.60ns)   --->   "store i1 true, i1* @outbuf_ena_V_0, align 16" [/home/kevinliu/Documents/gulf_stream/u250/GULF-Stream/src/lbus2axis/lbus2axis.h:40->/home/kevinliu/Documents/gulf_stream/u250/GULF-Stream/src/lbus2axis/lbus_fifo_read.cpp:125]   --->   Operation 157 'store' <Predicate = (out_pktendbuf_ena_V_1)> <Delay = 0.60>
ST_1 : Operation 158 [1/1] (0.00ns)   --->   "%out_pktendbuf_eop_V_1 = load i1* @out_pktendbuf_eop_V_s, align 2" [/home/kevinliu/Documents/gulf_stream/u250/GULF-Stream/src/lbus2axis/lbus2axis.h:40->/home/kevinliu/Documents/gulf_stream/u250/GULF-Stream/src/lbus2axis/lbus_fifo_read.cpp:125]   --->   Operation 158 'load' 'out_pktendbuf_eop_V_1' <Predicate = (out_pktendbuf_ena_V_1)> <Delay = 0.00>
ST_1 : Operation 159 [1/1] (0.60ns)   --->   "store i1 %out_pktendbuf_eop_V_1, i1* @outbuf_eop_V_0, align 2" [/home/kevinliu/Documents/gulf_stream/u250/GULF-Stream/src/lbus2axis/lbus2axis.h:40->/home/kevinliu/Documents/gulf_stream/u250/GULF-Stream/src/lbus2axis/lbus_fifo_read.cpp:125]   --->   Operation 159 'store' <Predicate = (out_pktendbuf_ena_V_1)> <Delay = 0.60>
ST_1 : Operation 160 [1/1] (0.00ns)   --->   "%out_pktendbuf_mty_V_1 = load i4* @out_pktendbuf_mty_V_s, align 4" [/home/kevinliu/Documents/gulf_stream/u250/GULF-Stream/src/lbus2axis/lbus2axis.h:40->/home/kevinliu/Documents/gulf_stream/u250/GULF-Stream/src/lbus2axis/lbus_fifo_read.cpp:125]   --->   Operation 160 'load' 'out_pktendbuf_mty_V_1' <Predicate = (out_pktendbuf_ena_V_1)> <Delay = 0.00>
ST_1 : Operation 161 [1/1] (0.60ns)   --->   "store i4 %out_pktendbuf_mty_V_1, i4* @outbuf_mty_V_0, align 4" [/home/kevinliu/Documents/gulf_stream/u250/GULF-Stream/src/lbus2axis/lbus2axis.h:40->/home/kevinliu/Documents/gulf_stream/u250/GULF-Stream/src/lbus2axis/lbus_fifo_read.cpp:125]   --->   Operation 161 'store' <Predicate = (out_pktendbuf_ena_V_1)> <Delay = 0.60>
ST_1 : Operation 162 [1/1] (0.00ns)   --->   "%out_pktendbuf_data_V_4 = load i128* @out_pktendbuf_data_V_1, align 16" [/home/kevinliu/Documents/gulf_stream/u250/GULF-Stream/src/lbus2axis/lbus2axis.h:40->/home/kevinliu/Documents/gulf_stream/u250/GULF-Stream/src/lbus2axis/lbus_fifo_read.cpp:126]   --->   Operation 162 'load' 'out_pktendbuf_data_V_4' <Predicate = (out_pktendbuf_ena_V_1)> <Delay = 0.00>
ST_1 : Operation 163 [1/1] (0.60ns)   --->   "store i128 %out_pktendbuf_data_V_4, i128* @outbuf_data_V_1, align 16" [/home/kevinliu/Documents/gulf_stream/u250/GULF-Stream/src/lbus2axis/lbus2axis.h:40->/home/kevinliu/Documents/gulf_stream/u250/GULF-Stream/src/lbus2axis/lbus_fifo_read.cpp:126]   --->   Operation 163 'store' <Predicate = (out_pktendbuf_ena_V_1)> <Delay = 0.60>
ST_1 : Operation 164 [1/1] (0.00ns)   --->   "%out_pktendbuf_ena_V_2 = load i1* @out_pktendbuf_ena_V_1, align 8" [/home/kevinliu/Documents/gulf_stream/u250/GULF-Stream/src/lbus2axis/lbus2axis.h:40->/home/kevinliu/Documents/gulf_stream/u250/GULF-Stream/src/lbus2axis/lbus_fifo_read.cpp:126]   --->   Operation 164 'load' 'out_pktendbuf_ena_V_2' <Predicate = (out_pktendbuf_ena_V_1)> <Delay = 0.00>
ST_1 : Operation 165 [1/1] (0.60ns)   --->   "store i1 %out_pktendbuf_ena_V_2, i1* @outbuf_ena_V_1, align 8" [/home/kevinliu/Documents/gulf_stream/u250/GULF-Stream/src/lbus2axis/lbus2axis.h:40->/home/kevinliu/Documents/gulf_stream/u250/GULF-Stream/src/lbus2axis/lbus_fifo_read.cpp:126]   --->   Operation 165 'store' <Predicate = (out_pktendbuf_ena_V_1)> <Delay = 0.60>
ST_1 : Operation 166 [1/1] (0.00ns)   --->   "%out_pktendbuf_eop_V_2 = load i1* @out_pktendbuf_eop_V_1, align 2" [/home/kevinliu/Documents/gulf_stream/u250/GULF-Stream/src/lbus2axis/lbus2axis.h:40->/home/kevinliu/Documents/gulf_stream/u250/GULF-Stream/src/lbus2axis/lbus_fifo_read.cpp:126]   --->   Operation 166 'load' 'out_pktendbuf_eop_V_2' <Predicate = (out_pktendbuf_ena_V_1)> <Delay = 0.00>
ST_1 : Operation 167 [1/1] (0.60ns)   --->   "store i1 %out_pktendbuf_eop_V_2, i1* @outbuf_eop_V_1, align 2" [/home/kevinliu/Documents/gulf_stream/u250/GULF-Stream/src/lbus2axis/lbus2axis.h:40->/home/kevinliu/Documents/gulf_stream/u250/GULF-Stream/src/lbus2axis/lbus_fifo_read.cpp:126]   --->   Operation 167 'store' <Predicate = (out_pktendbuf_ena_V_1)> <Delay = 0.60>
ST_1 : Operation 168 [1/1] (0.00ns)   --->   "%out_pktendbuf_mty_V_2 = load i4* @out_pktendbuf_mty_V_1, align 4" [/home/kevinliu/Documents/gulf_stream/u250/GULF-Stream/src/lbus2axis/lbus2axis.h:40->/home/kevinliu/Documents/gulf_stream/u250/GULF-Stream/src/lbus2axis/lbus_fifo_read.cpp:126]   --->   Operation 168 'load' 'out_pktendbuf_mty_V_2' <Predicate = (out_pktendbuf_ena_V_1)> <Delay = 0.00>
ST_1 : Operation 169 [1/1] (0.60ns)   --->   "store i4 %out_pktendbuf_mty_V_2, i4* @outbuf_mty_V_1, align 4" [/home/kevinliu/Documents/gulf_stream/u250/GULF-Stream/src/lbus2axis/lbus2axis.h:40->/home/kevinliu/Documents/gulf_stream/u250/GULF-Stream/src/lbus2axis/lbus_fifo_read.cpp:126]   --->   Operation 169 'store' <Predicate = (out_pktendbuf_ena_V_1)> <Delay = 0.60>
ST_1 : Operation 170 [1/1] (0.00ns)   --->   "%out_pktendbuf_data_V_5 = load i128* @out_pktendbuf_data_V_2, align 16" [/home/kevinliu/Documents/gulf_stream/u250/GULF-Stream/src/lbus2axis/lbus2axis.h:40->/home/kevinliu/Documents/gulf_stream/u250/GULF-Stream/src/lbus2axis/lbus_fifo_read.cpp:127]   --->   Operation 170 'load' 'out_pktendbuf_data_V_5' <Predicate = (out_pktendbuf_ena_V_1)> <Delay = 0.00>
ST_1 : Operation 171 [1/1] (0.60ns)   --->   "store i128 %out_pktendbuf_data_V_5, i128* @outbuf_data_V_2, align 16" [/home/kevinliu/Documents/gulf_stream/u250/GULF-Stream/src/lbus2axis/lbus2axis.h:40->/home/kevinliu/Documents/gulf_stream/u250/GULF-Stream/src/lbus2axis/lbus_fifo_read.cpp:127]   --->   Operation 171 'store' <Predicate = (out_pktendbuf_ena_V_1)> <Delay = 0.60>
ST_1 : Operation 172 [1/1] (0.00ns)   --->   "%out_pktendbuf_ena_V_3 = load i1* @out_pktendbuf_ena_V_2, align 16" [/home/kevinliu/Documents/gulf_stream/u250/GULF-Stream/src/lbus2axis/lbus2axis.h:40->/home/kevinliu/Documents/gulf_stream/u250/GULF-Stream/src/lbus2axis/lbus_fifo_read.cpp:127]   --->   Operation 172 'load' 'out_pktendbuf_ena_V_3' <Predicate = (out_pktendbuf_ena_V_1)> <Delay = 0.00>
ST_1 : Operation 173 [1/1] (0.60ns)   --->   "store i1 %out_pktendbuf_ena_V_3, i1* @outbuf_ena_V_2, align 16" [/home/kevinliu/Documents/gulf_stream/u250/GULF-Stream/src/lbus2axis/lbus2axis.h:40->/home/kevinliu/Documents/gulf_stream/u250/GULF-Stream/src/lbus2axis/lbus_fifo_read.cpp:127]   --->   Operation 173 'store' <Predicate = (out_pktendbuf_ena_V_1)> <Delay = 0.60>
ST_1 : Operation 174 [1/1] (0.00ns)   --->   "%out_pktendbuf_eop_V_3 = load i1* @out_pktendbuf_eop_V_2, align 2" [/home/kevinliu/Documents/gulf_stream/u250/GULF-Stream/src/lbus2axis/lbus2axis.h:40->/home/kevinliu/Documents/gulf_stream/u250/GULF-Stream/src/lbus2axis/lbus_fifo_read.cpp:127]   --->   Operation 174 'load' 'out_pktendbuf_eop_V_3' <Predicate = (out_pktendbuf_ena_V_1)> <Delay = 0.00>
ST_1 : Operation 175 [1/1] (0.60ns)   --->   "store i1 %out_pktendbuf_eop_V_3, i1* @outbuf_eop_V_2, align 2" [/home/kevinliu/Documents/gulf_stream/u250/GULF-Stream/src/lbus2axis/lbus2axis.h:40->/home/kevinliu/Documents/gulf_stream/u250/GULF-Stream/src/lbus2axis/lbus_fifo_read.cpp:127]   --->   Operation 175 'store' <Predicate = (out_pktendbuf_ena_V_1)> <Delay = 0.60>
ST_1 : Operation 176 [1/1] (0.00ns)   --->   "%out_pktendbuf_mty_V_3 = load i4* @out_pktendbuf_mty_V_2, align 4" [/home/kevinliu/Documents/gulf_stream/u250/GULF-Stream/src/lbus2axis/lbus2axis.h:40->/home/kevinliu/Documents/gulf_stream/u250/GULF-Stream/src/lbus2axis/lbus_fifo_read.cpp:127]   --->   Operation 176 'load' 'out_pktendbuf_mty_V_3' <Predicate = (out_pktendbuf_ena_V_1)> <Delay = 0.00>
ST_1 : Operation 177 [1/1] (0.60ns)   --->   "store i4 %out_pktendbuf_mty_V_3, i4* @outbuf_mty_V_2, align 4" [/home/kevinliu/Documents/gulf_stream/u250/GULF-Stream/src/lbus2axis/lbus2axis.h:40->/home/kevinliu/Documents/gulf_stream/u250/GULF-Stream/src/lbus2axis/lbus_fifo_read.cpp:127]   --->   Operation 177 'store' <Predicate = (out_pktendbuf_ena_V_1)> <Delay = 0.60>
ST_1 : Operation 178 [1/1] (0.60ns)   --->   "store i128 0, i128* @outbuf_data_V_3, align 16" [/home/kevinliu/Documents/gulf_stream/u250/GULF-Stream/src/lbus2axis/lbus2axis.h:40->/home/kevinliu/Documents/gulf_stream/u250/GULF-Stream/src/lbus2axis/lbus_fifo_read.cpp:128]   --->   Operation 178 'store' <Predicate = (out_pktendbuf_ena_V_1)> <Delay = 0.60>
ST_1 : Operation 179 [1/1] (0.60ns)   --->   "store i1 false, i1* @outbuf_ena_V_3, align 8" [/home/kevinliu/Documents/gulf_stream/u250/GULF-Stream/src/lbus2axis/lbus2axis.h:40->/home/kevinliu/Documents/gulf_stream/u250/GULF-Stream/src/lbus2axis/lbus_fifo_read.cpp:128]   --->   Operation 179 'store' <Predicate = (out_pktendbuf_ena_V_1)> <Delay = 0.60>
ST_1 : Operation 180 [1/1] (0.60ns)   --->   "store i1 false, i1* @outbuf_eop_V_3, align 2" [/home/kevinliu/Documents/gulf_stream/u250/GULF-Stream/src/lbus2axis/lbus2axis.h:40->/home/kevinliu/Documents/gulf_stream/u250/GULF-Stream/src/lbus2axis/lbus_fifo_read.cpp:128]   --->   Operation 180 'store' <Predicate = (out_pktendbuf_ena_V_1)> <Delay = 0.60>
ST_1 : Operation 181 [1/1] (0.60ns)   --->   "store i4 0, i4* @outbuf_mty_V_3, align 4" [/home/kevinliu/Documents/gulf_stream/u250/GULF-Stream/src/lbus2axis/lbus2axis.h:40->/home/kevinliu/Documents/gulf_stream/u250/GULF-Stream/src/lbus2axis/lbus_fifo_read.cpp:128]   --->   Operation 181 'store' <Predicate = (out_pktendbuf_ena_V_1)> <Delay = 0.60>
ST_1 : Operation 182 [1/1] (0.60ns)   --->   "store i128 0, i128* @out_pktendbuf_data_V, align 16" [/home/kevinliu/Documents/gulf_stream/u250/GULF-Stream/src/lbus2axis/lbus2axis.h:40->/home/kevinliu/Documents/gulf_stream/u250/GULF-Stream/src/lbus2axis/lbus_fifo_read.cpp:129]   --->   Operation 182 'store' <Predicate = (out_pktendbuf_ena_V_1)> <Delay = 0.60>
ST_1 : Operation 183 [1/1] (0.60ns)   --->   "store i1 false, i1* @out_pktendbuf_ena_V_s, align 16" [/home/kevinliu/Documents/gulf_stream/u250/GULF-Stream/src/lbus2axis/lbus2axis.h:40->/home/kevinliu/Documents/gulf_stream/u250/GULF-Stream/src/lbus2axis/lbus_fifo_read.cpp:129]   --->   Operation 183 'store' <Predicate = (out_pktendbuf_ena_V_1)> <Delay = 0.60>
ST_1 : Operation 184 [1/1] (0.60ns)   --->   "store i1 false, i1* @out_pktendbuf_eop_V_s, align 2" [/home/kevinliu/Documents/gulf_stream/u250/GULF-Stream/src/lbus2axis/lbus2axis.h:40->/home/kevinliu/Documents/gulf_stream/u250/GULF-Stream/src/lbus2axis/lbus_fifo_read.cpp:129]   --->   Operation 184 'store' <Predicate = (out_pktendbuf_ena_V_1)> <Delay = 0.60>
ST_1 : Operation 185 [1/1] (0.60ns)   --->   "store i4 0, i4* @out_pktendbuf_mty_V_s, align 4" [/home/kevinliu/Documents/gulf_stream/u250/GULF-Stream/src/lbus2axis/lbus2axis.h:40->/home/kevinliu/Documents/gulf_stream/u250/GULF-Stream/src/lbus2axis/lbus_fifo_read.cpp:129]   --->   Operation 185 'store' <Predicate = (out_pktendbuf_ena_V_1)> <Delay = 0.60>
ST_1 : Operation 186 [1/1] (0.60ns)   --->   "store i128 0, i128* @out_pktendbuf_data_V_1, align 16" [/home/kevinliu/Documents/gulf_stream/u250/GULF-Stream/src/lbus2axis/lbus2axis.h:40->/home/kevinliu/Documents/gulf_stream/u250/GULF-Stream/src/lbus2axis/lbus_fifo_read.cpp:130]   --->   Operation 186 'store' <Predicate = (out_pktendbuf_ena_V_1)> <Delay = 0.60>
ST_1 : Operation 187 [1/1] (0.60ns)   --->   "store i1 false, i1* @out_pktendbuf_ena_V_1, align 8" [/home/kevinliu/Documents/gulf_stream/u250/GULF-Stream/src/lbus2axis/lbus2axis.h:40->/home/kevinliu/Documents/gulf_stream/u250/GULF-Stream/src/lbus2axis/lbus_fifo_read.cpp:130]   --->   Operation 187 'store' <Predicate = (out_pktendbuf_ena_V_1)> <Delay = 0.60>
ST_1 : Operation 188 [1/1] (0.60ns)   --->   "store i1 false, i1* @out_pktendbuf_eop_V_1, align 2" [/home/kevinliu/Documents/gulf_stream/u250/GULF-Stream/src/lbus2axis/lbus2axis.h:40->/home/kevinliu/Documents/gulf_stream/u250/GULF-Stream/src/lbus2axis/lbus_fifo_read.cpp:130]   --->   Operation 188 'store' <Predicate = (out_pktendbuf_ena_V_1)> <Delay = 0.60>
ST_1 : Operation 189 [1/1] (0.60ns)   --->   "store i4 0, i4* @out_pktendbuf_mty_V_1, align 4" [/home/kevinliu/Documents/gulf_stream/u250/GULF-Stream/src/lbus2axis/lbus2axis.h:40->/home/kevinliu/Documents/gulf_stream/u250/GULF-Stream/src/lbus2axis/lbus_fifo_read.cpp:130]   --->   Operation 189 'store' <Predicate = (out_pktendbuf_ena_V_1)> <Delay = 0.60>
ST_1 : Operation 190 [1/1] (0.60ns)   --->   "store i128 0, i128* @out_pktendbuf_data_V_2, align 16" [/home/kevinliu/Documents/gulf_stream/u250/GULF-Stream/src/lbus2axis/lbus2axis.h:40->/home/kevinliu/Documents/gulf_stream/u250/GULF-Stream/src/lbus2axis/lbus_fifo_read.cpp:131]   --->   Operation 190 'store' <Predicate = (out_pktendbuf_ena_V_1)> <Delay = 0.60>
ST_1 : Operation 191 [1/1] (0.60ns)   --->   "store i1 false, i1* @out_pktendbuf_ena_V_2, align 16" [/home/kevinliu/Documents/gulf_stream/u250/GULF-Stream/src/lbus2axis/lbus2axis.h:40->/home/kevinliu/Documents/gulf_stream/u250/GULF-Stream/src/lbus2axis/lbus_fifo_read.cpp:131]   --->   Operation 191 'store' <Predicate = (out_pktendbuf_ena_V_1)> <Delay = 0.60>
ST_1 : Operation 192 [1/1] (0.60ns)   --->   "store i1 false, i1* @out_pktendbuf_eop_V_2, align 2" [/home/kevinliu/Documents/gulf_stream/u250/GULF-Stream/src/lbus2axis/lbus2axis.h:40->/home/kevinliu/Documents/gulf_stream/u250/GULF-Stream/src/lbus2axis/lbus_fifo_read.cpp:131]   --->   Operation 192 'store' <Predicate = (out_pktendbuf_ena_V_1)> <Delay = 0.60>
ST_1 : Operation 193 [1/1] (0.60ns)   --->   "store i4 0, i4* @out_pktendbuf_mty_V_2, align 4" [/home/kevinliu/Documents/gulf_stream/u250/GULF-Stream/src/lbus2axis/lbus2axis.h:40->/home/kevinliu/Documents/gulf_stream/u250/GULF-Stream/src/lbus2axis/lbus_fifo_read.cpp:131]   --->   Operation 193 'store' <Predicate = (out_pktendbuf_ena_V_1)> <Delay = 0.60>
ST_1 : Operation 194 [1/1] (0.60ns)   --->   "br label %._crit_edge521" [/home/kevinliu/Documents/gulf_stream/u250/GULF-Stream/src/lbus2axis/lbus_fifo_read.cpp:133]   --->   Operation 194 'br' <Predicate = (out_pktendbuf_ena_V_1)> <Delay = 0.60>
ST_1 : Operation 195 [1/1] (0.00ns) (grouped into LUT with out node xor_ln146)   --->   "%empty = phi i1 [ false, %0 ], [ %tmp_10, %2 ], [ false, %1 ]" [/home/kevinliu/Documents/gulf_stream/u250/GULF-Stream/src/lbus2axis/lbus2axis.h:40->/home/kevinliu/Documents/gulf_stream/u250/GULF-Stream/src/lbus2axis/lbus_fifo_read.cpp:138]   --->   Operation 195 'phi' 'empty' <Predicate = true> <Delay = 0.00>
ST_1 : Operation 196 [1/1] (0.00ns)   --->   "%storemerge482 = phi i1 [ true, %0 ], [ true, %2 ], [ false, %1 ]"   --->   Operation 196 'phi' 'storemerge482' <Predicate = true> <Delay = 0.00>
ST_1 : Operation 197 [1/1] (0.00ns)   --->   "store i1 %storemerge482, i1* @output_valid_V, align 1" [/home/kevinliu/Documents/gulf_stream/u250/GULF-Stream/src/lbus2axis/lbus_fifo_read.cpp:132]   --->   Operation 197 'store' <Predicate = true> <Delay = 0.00>
ST_1 : Operation 198 [1/1] (0.00ns) (grouped into LUT with out node xor_ln146)   --->   "%or_ln146 = or i1 %empty, %lbus_fifo_pkt_end_em" [/home/kevinliu/Documents/gulf_stream/u250/GULF-Stream/src/lbus2axis/lbus_fifo_read.cpp:146]   --->   Operation 198 'or' 'or_ln146' <Predicate = true> <Delay = 0.00> <Core = "LogicGate">   --->   Core 27 'LogicGate' <Latency = 0> <II = 1> <Delay = 0.12> <FuncUnit> <Opcode : 'and' 'or' 'xor'> <InPorts = 2> <OutPorts = 1>
ST_1 : Operation 199 [1/1] (0.00ns) (grouped into LUT with out node xor_ln146)   --->   "%or_ln146_1 = or i1 %or_ln146, %lbus_fifo_empty_V_re" [/home/kevinliu/Documents/gulf_stream/u250/GULF-Stream/src/lbus2axis/lbus_fifo_read.cpp:146]   --->   Operation 199 'or' 'or_ln146_1' <Predicate = true> <Delay = 0.00> <Core = "LogicGate">   --->   Core 27 'LogicGate' <Latency = 0> <II = 1> <Delay = 0.12> <FuncUnit> <Opcode : 'and' 'or' 'xor'> <InPorts = 2> <OutPorts = 1>
ST_1 : Operation 200 [1/1] (0.12ns) (out node of the LUT)   --->   "%xor_ln146 = xor i1 %or_ln146_1, true" [/home/kevinliu/Documents/gulf_stream/u250/GULF-Stream/src/lbus2axis/lbus_fifo_read.cpp:146]   --->   Operation 200 'xor' 'xor_ln146' <Predicate = true> <Delay = 0.12> <Core = "LogicGate">   --->   Core 27 'LogicGate' <Latency = 0> <II = 1> <Delay = 0.12> <FuncUnit> <Opcode : 'and' 'or' 'xor'> <InPorts = 2> <OutPorts = 1>
ST_1 : Operation 201 [1/1] (0.00ns)   --->   "call void @_ssdm_op_Write.ap_none.i1P(i1* %lbus_fifo_re_V, i1 %xor_ln146)" [/home/kevinliu/Documents/gulf_stream/u250/GULF-Stream/src/lbus2axis/lbus_fifo_read.cpp:147]   --->   Operation 201 'write' <Predicate = true> <Delay = 0.00>
ST_1 : Operation 202 [1/1] (0.00ns)   --->   "call void @_ssdm_op_Write.ap_none.i1P(i1* %lbus_fifo_pkt_end_re_V, i1 %xor_ln146)" [/home/kevinliu/Documents/gulf_stream/u250/GULF-Stream/src/lbus2axis/lbus_fifo_read.cpp:151]   --->   Operation 202 'write' <Predicate = true> <Delay = 0.00>
ST_1 : Operation 203 [1/1] (0.00ns)   --->   "ret void" [/home/kevinliu/Documents/gulf_stream/u250/GULF-Stream/src/lbus2axis/lbus_fifo_read.cpp:154]   --->   Operation 203 'ret' <Predicate = true> <Delay = 0.00>


============================================================
+ Verbose Summary: Timing violations
============================================================
Target clock period: 3.1ns, clock uncertainty: 0.388ns.

 <State 1>: 1.41ns
The critical path consists of the following:
	'load' operation ('outbuf_mty_V_0_load', /home/kevinliu/Documents/gulf_stream/u250/GULF-Stream/src/lbus2axis/lbus_fifo_read.cpp:109) on static variable 'outbuf_mty_V_0' [113]  (0 ns)
	'call' operation ('call_ret', /home/kevinliu/Documents/gulf_stream/u250/GULF-Stream/src/lbus2axis/lbus_fifo_read.cpp:109) to 'mty2keep' [115]  (1.41 ns)


============================================================
+ Verbose Summary: Binding
============================================================
N/A
* FSMD analyzer results:
  - Output states:
 - Input state : 
  - Chain level:
	State 1


============================================================
+ Verbose Summary: Datapath Resource usage 
============================================================
N/A
