

================================================================
== Vivado HLS Report for 'eth_to_app'
================================================================
* Date:           Wed Aug 12 00:42:59 2020

* Version:        2018.1 (Build 2188600 on Wed Apr 04 19:04:02 MDT 2018)
* Project:        ethernet_bridge
* Solution:       solution1
* Product family: kintexu
* Target device:  xcku115-flva1517-2-e


================================================================
== Performance Estimates
================================================================
+ Timing (ns): 
    * Summary: 
    +--------+-------+----------+------------+
    |  Clock | Target| Estimated| Uncertainty|
    +--------+-------+----------+------------+
    |ap_clk  |   4.00|      4.33|        0.50|
    +--------+-------+----------+------------+

+ Latency (clock cycles): 
    * Summary: 
    +-----+-----+-----+-----+----------+
    |  Latency  |  Interval | Pipeline |
    | min | max | min | max |   Type   |
    +-----+-----+-----+-----+----------+
    |    1|    1|    1|    1| function |
    +-----+-----+-----+-----+----------+

    + Detail: 
        * Instance: 
        N/A

        * Loop: 
        N/A

============================================================
+ Verbose Summary: Synthesis Manager
============================================================
InlineROM: 1
ExposeGlobal: 1
============================================================
+ Verbose Summary: CDFG Model
============================================================
IsTopModel: 0
ResetActiveHigh: 1
IsCombinational: 2
IsDatapathOnly: 0
HasWiredReturn: 1
HasMFsm: 2
HasVarLatency: 0
IsPipeline: 1
IsRtlPipelined: 1
IsInstanceOverlapped: 0
IsDontTouch: 0
HasImplIP: 0
IsGatedGlobalClock: 0

+ Individual pipeline summary: 
  * Pipeline-0: initiation interval (II) = 1, depth = 2


============================================================
+ Verbose Summary: Schedule
============================================================
* Number of FSM states : 2
* Pipeline : 1
  Pipeline-0 : II = 1, D = 2, States = { 1 2 }
* Dataflow Pipeline: 0

* FSM state transitions: 
1 --> 
	2  / true
2 --> 

* FSM state operations: 

 <State 1> : 4.33ns
ST_1 : Operation 3 [1/1] (1.75ns)   --->   "%mac_address_V_read = call i48 @_ssdm_op_Read.ap_fifo.i48P(i48* %mac_address_V)"   --->   Core 32 'FIFO' <Latency = 0> <II = 1> <Delay = 2.26> <Storage> <Opcode : 'read' 'write' 'nbread' 'nbwrite'> <Ports = 0> <Width = 48> <Depth = 2> <FIFO>
ST_1 : Operation 4 [1/1] (0.00ns)   --->   "%state_V_1_load = load i3* @state_V_1, align 1" [/home/user/galapagos/middleware/hls/network_bridge_ethernet/src/ethernet_bridge.cpp:83]
ST_1 : Operation 5 [1/1] (0.90ns)   --->   "switch i3 %state_V_1_load, label %.exit [
    i3 0, label %0
    i3 2, label %2
    i3 3, label %4
    i3 1, label %6
  ]" [/home/user/galapagos/middleware/hls/network_bridge_ethernet/src/ethernet_bridge.cpp:83]
ST_1 : Operation 6 [1/1] (0.00ns)   --->   "%tmp_3 = call i1 @_ssdm_op_NbReadReq.ap_fifo.i73P(i73* %from_eth_V, i32 1)"   --->   Core 5 'AXI4Stream' <Latency = 0> <II = 1> <Delay = 1.00> <Adapter> <Opcode : >
ST_1 : Operation 7 [1/1] (0.00ns)   --->   "%tmp_436 = call i73 @_ssdm_op_Read.ap_fifo.volatile.i73P(i73* %from_eth_V)"   --->   Core 5 'AXI4Stream' <Latency = 0> <II = 1> <Delay = 1.00> <Adapter> <Opcode : >
ST_1 : Operation 8 [1/1] (0.00ns)   --->   "%tmp_12 = call i1 @_ssdm_op_BitSelect.i1.i73.i32(i73 %tmp_436, i32 64)" [/home/user/galapagos/middleware/hls/network_bridge_ethernet/src/ethernet_bridge.cpp:13->/home/user/galapagos/middleware/hls/network_bridge_ethernet/src/ethernet_bridge.cpp:129]
ST_1 : Operation 9 [1/1] (0.33ns)   --->   "%not_tmp_last_V_4_loa = xor i1 %tmp_12, true" [/home/user/galapagos/middleware/hls/network_bridge_ethernet/src/ethernet_bridge.cpp:130]   --->   Core 27 'LogicGate' <Latency = 0> <II = 1> <Delay = 0.33> <FuncUnit> <Opcode : 'and' 'or' 'xor'> <InPorts = 2> <OutPorts = 1>
ST_1 : Operation 10 [1/1] (0.00ns)   --->   "%storemerge_cast_i = zext i1 %not_tmp_last_V_4_loa to i3" [/home/user/galapagos/middleware/hls/network_bridge_ethernet/src/ethernet_bridge.cpp:130]
ST_1 : Operation 11 [1/1] (1.00ns)   --->   "store i3 %storemerge_cast_i, i3* @state_V_1, align 1" [/home/user/galapagos/middleware/hls/network_bridge_ethernet/src/ethernet_bridge.cpp:131]
ST_1 : Operation 12 [1/1] (0.00ns)   --->   "br label %.exit" [/home/user/galapagos/middleware/hls/network_bridge_ethernet/src/ethernet_bridge.cpp:137]
ST_1 : Operation 13 [1/1] (0.00ns)   --->   "%tmp_2 = call i1 @_ssdm_op_NbReadReq.ap_fifo.i73P(i73* %from_eth_V, i32 1)"   --->   Core 5 'AXI4Stream' <Latency = 0> <II = 1> <Delay = 1.00> <Adapter> <Opcode : >
ST_1 : Operation 14 [1/1] (0.00ns)   --->   "%app_packet_out_last_1 = load i1* @app_packet_out_last_s, align 1" [/home/user/galapagos/middleware/hls/network_bridge_ethernet/src/ethernet_bridge.cpp:120]
ST_1 : Operation 15 [1/1] (0.83ns)   --->   "br i1 %tmp_2, label %5, label %._crit_edge170.i" [/home/user/galapagos/middleware/hls/network_bridge_ethernet/src/ethernet_bridge.cpp:111]
ST_1 : Operation 16 [1/1] (0.00ns)   --->   "%tmp_223 = call i73 @_ssdm_op_Read.ap_fifo.volatile.i73P(i73* %from_eth_V)"   --->   Core 5 'AXI4Stream' <Latency = 0> <II = 1> <Delay = 1.00> <Adapter> <Opcode : >
ST_1 : Operation 17 [1/1] (0.00ns)   --->   "%tmp_last_V = call i1 @_ssdm_op_BitSelect.i1.i73.i32(i73 %tmp_223, i32 64)" [/home/user/galapagos/middleware/hls/network_bridge_ethernet/src/ethernet_bridge.cpp:13->/home/user/galapagos/middleware/hls/network_bridge_ethernet/src/ethernet_bridge.cpp:112]
ST_1 : Operation 18 [1/1] (0.00ns)   --->   "%tmp_tkeep_V = call i8 @_ssdm_op_PartSelect.i8.i73.i32.i32(i73 %tmp_223, i32 65, i32 72)" [/home/user/galapagos/middleware/hls/network_bridge_ethernet/src/ethernet_bridge.cpp:13->/home/user/galapagos/middleware/hls/network_bridge_ethernet/src/ethernet_bridge.cpp:112]
ST_1 : Operation 19 [1/1] (0.00ns)   --->   "store i1 %tmp_last_V, i1* @app_packet_out_last_s, align 8" [/home/user/galapagos/middleware/hls/network_bridge_ethernet/src/ethernet_bridge.cpp:117]
ST_1 : Operation 20 [1/1] (0.00ns)   --->   "%tmp_11 = trunc i73 %tmp_223 to i65" [/home/user/galapagos/middleware/hls/network_bridge_ethernet/src/ethernet_bridge.cpp:118]
ST_1 : Operation 21 [1/1] (0.83ns)   --->   "br label %._crit_edge170.i" [/home/user/galapagos/middleware/hls/network_bridge_ethernet/src/ethernet_bridge.cpp:119]
ST_1 : Operation 22 [1/1] (0.00ns) (grouped into LUT with out node storemerge2_cast_i_c)   --->   "%app_packet_out_last_2 = phi i1 [ %tmp_last_V, %5 ], [ %app_packet_out_last_1, %4 ]"
ST_1 : Operation 23 [1/1] (0.19ns) (out node of the LUT)   --->   "%storemerge2_cast_i_c = select i1 %app_packet_out_last_2, i3 0, i3 3" [/home/user/galapagos/middleware/hls/network_bridge_ethernet/src/ethernet_bridge.cpp:120]   --->   Core 26 'Sel' <Latency = 0> <II = 1> <Delay = 0.19> <FuncUnit> <Opcode : 'select'> <InPorts = 3> <OutPorts = 1>
ST_1 : Operation 24 [1/1] (1.00ns)   --->   "store i3 %storemerge2_cast_i_c, i3* @state_V_1, align 1" [/home/user/galapagos/middleware/hls/network_bridge_ethernet/src/ethernet_bridge.cpp:121]
ST_1 : Operation 25 [1/1] (0.00ns)   --->   "br label %.exit" [/home/user/galapagos/middleware/hls/network_bridge_ethernet/src/ethernet_bridge.cpp:126]
ST_1 : Operation 26 [1/1] (0.00ns)   --->   "%tmp_1 = call i1 @_ssdm_op_NbReadReq.ap_fifo.i73P(i73* %from_eth_V, i32 1)"   --->   Core 5 'AXI4Stream' <Latency = 0> <II = 1> <Delay = 1.00> <Adapter> <Opcode : >
ST_1 : Operation 27 [1/1] (0.00ns)   --->   "%tmp_116 = call i73 @_ssdm_op_Read.ap_fifo.volatile.i73P(i73* %from_eth_V)"   --->   Core 5 'AXI4Stream' <Latency = 0> <II = 1> <Delay = 1.00> <Adapter> <Opcode : >
ST_1 : Operation 28 [1/1] (0.00ns)   --->   "%tmp_s = call i8 @_ssdm_op_PartSelect.i8.i73.i32.i32(i73 %tmp_116, i32 48, i32 55)"
ST_1 : Operation 29 [1/1] (0.00ns)   --->   "store i8 %tmp_s, i8* @dest_V, align 1" [/home/user/galapagos/middleware/hls/network_bridge_ethernet/src/ethernet_bridge.cpp:104]
ST_1 : Operation 30 [1/1] (1.00ns)   --->   "store i3 3, i3* @state_V_1, align 1" [/home/user/galapagos/middleware/hls/network_bridge_ethernet/src/ethernet_bridge.cpp:105]
ST_1 : Operation 31 [1/1] (0.00ns)   --->   "br label %.exit" [/home/user/galapagos/middleware/hls/network_bridge_ethernet/src/ethernet_bridge.cpp:108]
ST_1 : Operation 32 [1/1] (0.00ns)   --->   "%tmp = call i1 @_ssdm_op_NbReadReq.ap_fifo.i73P(i73* %from_eth_V, i32 1)"   --->   Core 5 'AXI4Stream' <Latency = 0> <II = 1> <Delay = 1.00> <Adapter> <Opcode : >
ST_1 : Operation 33 [1/1] (0.00ns)   --->   "br i1 %tmp, label %1, label %.exit" [/home/user/galapagos/middleware/hls/network_bridge_ethernet/src/ethernet_bridge.cpp:87]
ST_1 : Operation 34 [1/1] (0.00ns)   --->   "%tmp9 = call i73 @_ssdm_op_Read.ap_fifo.volatile.i73P(i73* %from_eth_V)"   --->   Core 5 'AXI4Stream' <Latency = 0> <II = 1> <Delay = 1.00> <Adapter> <Opcode : >
ST_1 : Operation 35 [1/1] (0.00ns)   --->   "%tmp_4 = trunc i73 %tmp9 to i8"
ST_1 : Operation 36 [1/1] (0.00ns)   --->   "%tmp_5 = call i8 @_ssdm_op_PartSelect.i8.i73.i32.i32(i73 %tmp9, i32 8, i32 15)"
ST_1 : Operation 37 [1/1] (0.00ns)   --->   "%tmp_6 = call i8 @_ssdm_op_PartSelect.i8.i73.i32.i32(i73 %tmp9, i32 16, i32 23)"
ST_1 : Operation 38 [1/1] (0.00ns)   --->   "%tmp_7 = call i8 @_ssdm_op_PartSelect.i8.i73.i32.i32(i73 %tmp9, i32 32, i32 39)"
ST_1 : Operation 39 [1/1] (0.00ns)   --->   "%tmp_8 = call i8 @_ssdm_op_PartSelect.i8.i73.i32.i32(i73 %tmp9, i32 24, i32 31)"
ST_1 : Operation 40 [1/1] (0.00ns)   --->   "%tmp_9 = call i8 @_ssdm_op_PartSelect.i8.i73.i32.i32(i73 %tmp9, i32 40, i32 47)"
ST_1 : Operation 41 [1/1] (0.00ns)   --->   "%observedAddress_V = call i48 @_ssdm_op_BitConcatenate.i48.i8.i8.i8.i8.i8.i8(i8 %tmp_4, i8 %tmp_5, i8 %tmp_6, i8 %tmp_8, i8 %tmp_7, i8 %tmp_9)" [/home/user/galapagos/middleware/hls/network_bridge_ethernet/src/ethernet_bridge.cpp:90]
ST_1 : Operation 42 [1/1] (1.38ns)   --->   "%tmp_i = icmp eq i48 %observedAddress_V, %mac_address_V_read" [/home/user/galapagos/middleware/hls/network_bridge_ethernet/src/ethernet_bridge.cpp:92]   --->   Core 25 'Cmp' <Latency = 0> <II = 1> <Delay = 1.38> <FuncUnit> <Opcode : 'icmp'> <InPorts = 2> <OutPorts = 1>
ST_1 : Operation 43 [1/1] (0.19ns)   --->   "%storemerge1_cast_i_c = select i1 %tmp_i, i3 2, i3 1" [/home/user/galapagos/middleware/hls/network_bridge_ethernet/src/ethernet_bridge.cpp:92]   --->   Core 26 'Sel' <Latency = 0> <II = 1> <Delay = 0.19> <FuncUnit> <Opcode : 'select'> <InPorts = 3> <OutPorts = 1>
ST_1 : Operation 44 [1/1] (1.00ns)   --->   "store i3 %storemerge1_cast_i_c, i3* @state_V_1, align 1" [/home/user/galapagos/middleware/hls/network_bridge_ethernet/src/ethernet_bridge.cpp:93]
ST_1 : Operation 45 [1/1] (0.00ns)   --->   "br label %.exit" [/home/user/galapagos/middleware/hls/network_bridge_ethernet/src/ethernet_bridge.cpp:98]

 <State 2> : 0.00ns
ST_2 : Operation 46 [1/1] (0.00ns)   --->   "call void (...)* @_ssdm_op_SpecIFCore(i73* %from_eth_V, [1 x i8]* @p_str, [11 x i8]* @p_str2, [1 x i8]* @p_str, i32 -1, [1 x i8]* @p_str, [1 x i8]* @p_str, [1 x i8]* @p_str, [1 x i8]* @p_str, [1 x i8]* @p_str)"
ST_2 : Operation 47 [1/1] (0.00ns)   --->   "call void (...)* @_ssdm_op_SpecIFCore(i81* %to_app_V, [1 x i8]* @p_str, [11 x i8]* @p_str2, [1 x i8]* @p_str, i32 -1, [1 x i8]* @p_str, [1 x i8]* @p_str, [1 x i8]* @p_str, [1 x i8]* @p_str, [1 x i8]* @p_str)"
ST_2 : Operation 48 [1/1] (0.00ns)   --->   "call void (...)* @_ssdm_op_SpecInterface(i81* %to_app_V, [8 x i8]* @ap_fifo_str, i32 0, i32 0, [1 x i8]* @p_str, i32 0, i32 0, [1 x i8]* @p_str, [1 x i8]* @p_str, [1 x i8]* @p_str, i32 2, i32 2, i32 16, i32 16, [1 x i8]* @p_str, [1 x i8]* @p_str)"
ST_2 : Operation 49 [1/1] (0.00ns)   --->   "call void (...)* @_ssdm_op_SpecInterface(i73* %from_eth_V, [8 x i8]* @ap_fifo_str, i32 0, i32 0, [1 x i8]* @p_str, i32 0, i32 0, [1 x i8]* @p_str, [1 x i8]* @p_str, [1 x i8]* @p_str, i32 2, i32 2, i32 16, i32 16, [1 x i8]* @p_str, [1 x i8]* @p_str)"
ST_2 : Operation 50 [1/1] (0.00ns)   --->   "call void (...)* @_ssdm_op_SpecInterface(i48* %mac_address_V, [8 x i8]* @ap_fifo_str, i32 0, i32 0, [1 x i8]* @p_str, i32 0, i32 0, [1 x i8]* @p_str, [1 x i8]* @p_str, [1 x i8]* @p_str, i32 2, i32 2, i32 16, i32 16, [1 x i8]* @p_str, [1 x i8]* @p_str)"
ST_2 : Operation 51 [1/1] (0.00ns)   --->   "call void (...)* @_ssdm_op_SpecPipeline(i32 1, i32 1, i32 1, i32 0, [1 x i8]* @p_str) nounwind" [/home/user/galapagos/middleware/hls/network_bridge_ethernet/src/ethernet_bridge.cpp:74]
ST_2 : Operation 52 [1/1] (0.00ns)   --->   "br i1 %tmp_3, label %7, label %._crit_edge171.i" [/home/user/galapagos/middleware/hls/network_bridge_ethernet/src/ethernet_bridge.cpp:128]
ST_2 : Operation 53 [1/1] (0.00ns)   --->   "br label %._crit_edge171.i" [/home/user/galapagos/middleware/hls/network_bridge_ethernet/src/ethernet_bridge.cpp:136]
ST_2 : Operation 54 [1/1] (0.00ns)   --->   "%tmp_tdest_V = load i8* @dest_V, align 1"
ST_2 : Operation 55 [1/1] (0.00ns)   --->   "%tmp_31 = call i81 @_ssdm_op_BitConcatenate.i81.i8.i8.i65(i8 %tmp_tkeep_V, i8 %tmp_tdest_V, i65 %tmp_11)" [/home/user/galapagos/middleware/hls/network_bridge_ethernet/src/ethernet_bridge.cpp:118]
ST_2 : Operation 56 [1/1] (0.00ns)   --->   "call void @_ssdm_op_Write.ap_fifo.volatile.i81P(i81* %to_app_V, i81 %tmp_31)" [/home/user/galapagos/middleware/hls/network_bridge_ethernet/src/ethernet_bridge.cpp:118]   --->   Core 5 'AXI4Stream' <Latency = 0> <II = 1> <Delay = 1.00> <Adapter> <Opcode : >
ST_2 : Operation 57 [1/1] (0.00ns)   --->   "br i1 %tmp_1, label %3, label %._crit_edge169.i" [/home/user/galapagos/middleware/hls/network_bridge_ethernet/src/ethernet_bridge.cpp:101]
ST_2 : Operation 58 [1/1] (0.00ns)   --->   "br label %._crit_edge169.i" [/home/user/galapagos/middleware/hls/network_bridge_ethernet/src/ethernet_bridge.cpp:107]
ST_2 : Operation 59 [1/1] (0.00ns)   --->   "%p_066_1_i = phi i48 [ undef, %._crit_edge171.i ], [ undef, %._crit_edge170.i ], [ undef, %._crit_edge169.i ], [ %observedAddress_V, %1 ], [ undef, %entry ], [ undef, %0 ]"
ST_2 : Operation 60 [1/1] (0.00ns)   --->   "call void @_ssdm_op_Write.ap_auto.i48P(i48* %observedAddress_out_s, i48 %p_066_1_i)" [/home/user/galapagos/middleware/hls/network_bridge_ethernet/src/ethernet_bridge.cpp:140]
ST_2 : Operation 61 [1/1] (0.00ns)   --->   "ret void"


============================================================
+ Verbose Summary: Binding
============================================================
STG Binding: 
---------------- STG Properties BEGIN ----------------
- Is combinational: 0
- Is one-state seq: 0
- Is datapath-only: 0
- Is pipelined: 1
- Is top level: 0
Port [ Return ] is wired: 1; IO mode=ap_ctrl_hs:ce=0
Port [ from_eth_V]:  wired=1; compound=1; hidden=0; nouse=0; global=0; static=0; extern=0; dir=0; type=3; pingpong=0; private_global=0; IO mode=ap_fifo:ce=0
Port [ to_app_V]:  wired=1; compound=1; hidden=0; nouse=0; global=0; static=0; extern=0; dir=1; type=3; pingpong=0; private_global=0; IO mode=ap_fifo:ce=0
Port [ mac_address_V]:  wired=1; compound=1; hidden=0; nouse=0; global=0; static=0; extern=0; dir=0; type=3; pingpong=0; private_global=0; IO mode=ap_fifo:ce=0
Port [ observedAddress_out_s]:  wired=1; compound=0; hidden=0; nouse=0; global=0; static=0; extern=0; dir=1; type=0; pingpong=0; private_global=0; IO mode=ap_vld:ce=0
Port [ state_V_1]:  wired=0; compound=0; hidden=1; nouse=0; global=1; static=1; extern=0; dir=2; type=0; pingpong=0; private_global=1; linkage=7; visibility=0; IO mode=ap_ovld:ce=0
Port [ dest_V]:  wired=0; compound=0; hidden=1; nouse=0; global=1; static=1; extern=0; dir=2; type=0; pingpong=0; private_global=1; linkage=7; visibility=0; IO mode=ap_ovld:ce=0
Port [ app_packet_out_last_s]:  wired=0; compound=0; hidden=1; nouse=0; global=1; static=1; extern=0; dir=2; type=0; pingpong=0; private_global=1; linkage=7; visibility=0; IO mode=ap_ovld:ce=0
---------------- STG Properties END ------------------

---------------- Datapath Model BEGIN ----------------

<LifeTime>
<method=bitvector/>
mac_address_V_read    (read          ) [ 000]
state_V_1_load        (load          ) [ 011]
StgValue_5            (switch        ) [ 011]
tmp_3                 (nbreadreq     ) [ 011]
tmp_436               (read          ) [ 000]
tmp_12                (bitselect     ) [ 000]
not_tmp_last_V_4_loa  (xor           ) [ 000]
storemerge_cast_i     (zext          ) [ 000]
StgValue_11           (store         ) [ 000]
StgValue_12           (br            ) [ 011]
tmp_2                 (nbreadreq     ) [ 011]
app_packet_out_last_1 (load          ) [ 000]
StgValue_15           (br            ) [ 000]
tmp_223               (read          ) [ 000]
tmp_last_V            (bitselect     ) [ 000]
tmp_tkeep_V           (partselect    ) [ 011]
StgValue_19           (store         ) [ 000]
tmp_11                (trunc         ) [ 011]
StgValue_21           (br            ) [ 000]
app_packet_out_last_2 (phi           ) [ 000]
storemerge2_cast_i_c  (select        ) [ 000]
StgValue_24           (store         ) [ 000]
StgValue_25           (br            ) [ 011]
tmp_1                 (nbreadreq     ) [ 011]
tmp_116               (read          ) [ 000]
tmp_s                 (partselect    ) [ 000]
StgValue_29           (store         ) [ 000]
StgValue_30           (store         ) [ 000]
StgValue_31           (br            ) [ 011]
tmp                   (nbreadreq     ) [ 010]
StgValue_33           (br            ) [ 011]
tmp9                  (read          ) [ 000]
tmp_4                 (trunc         ) [ 000]
tmp_5                 (partselect    ) [ 000]
tmp_6                 (partselect    ) [ 000]
tmp_7                 (partselect    ) [ 000]
tmp_8                 (partselect    ) [ 000]
tmp_9                 (partselect    ) [ 000]
observedAddress_V     (bitconcatenate) [ 011]
tmp_i                 (icmp          ) [ 000]
storemerge1_cast_i_c  (select        ) [ 000]
StgValue_44           (store         ) [ 000]
StgValue_45           (br            ) [ 011]
StgValue_46           (specifcore    ) [ 000]
StgValue_47           (specifcore    ) [ 000]
StgValue_48           (specinterface ) [ 000]
StgValue_49           (specinterface ) [ 000]
StgValue_50           (specinterface ) [ 000]
StgValue_51           (specpipeline  ) [ 000]
StgValue_52           (br            ) [ 000]
StgValue_53           (br            ) [ 000]
tmp_tdest_V           (load          ) [ 000]
tmp_31                (bitconcatenate) [ 000]
StgValue_56           (write         ) [ 000]
StgValue_57           (br            ) [ 000]
StgValue_58           (br            ) [ 000]
p_066_1_i             (phi           ) [ 011]
StgValue_60           (write         ) [ 000]
StgValue_61           (ret           ) [ 000]
</LifeTime>

<model>

<comp_list>
<comp id="0" class="1000" name="from_eth_V">
<pin_list>
<pin id="1" dir="1" index="0" bw="1" slack="0"/>
</pin_list>
<bind>
<StgValue><ssdm name="from_eth_V"/></StgValue>
</bind>
</comp>

<comp id="2" class="1000" name="to_app_V">
<pin_list>
<pin id="3" dir="1" index="0" bw="1" slack="0"/>
</pin_list>
<bind>
<StgValue><ssdm name="to_app_V"/></StgValue>
</bind>
</comp>

<comp id="4" class="1000" name="mac_address_V">
<pin_list>
<pin id="5" dir="1" index="0" bw="1" slack="0"/>
</pin_list>
<bind>
<StgValue><ssdm name="mac_address_V"/></StgValue>
</bind>
</comp>

<comp id="6" class="1000" name="observedAddress_out_s">
<pin_list>
<pin id="7" dir="1" index="0" bw="1" slack="0"/>
</pin_list>
<bind>
<StgValue><ssdm name="observedAddress_out_s"/></StgValue>
</bind>
</comp>

<comp id="8" class="1000" name="state_V_1">
<pin_list>
<pin id="9" dir="1" index="0" bw="1" slack="0"/>
</pin_list>
<bind>
<StgValue><ssdm name="state_V_1"/></StgValue>
</bind>
</comp>

<comp id="10" class="1000" name="dest_V">
<pin_list>
<pin id="11" dir="1" index="0" bw="1" slack="0"/>
</pin_list>
<bind>
<StgValue><ssdm name="dest_V"/></StgValue>
</bind>
</comp>

<comp id="12" class="1000" name="app_packet_out_last_s">
<pin_list>
<pin id="13" dir="1" index="0" bw="1" slack="0"/>
</pin_list>
<bind>
<StgValue><ssdm name="app_packet_out_last_s"/></StgValue>
</bind>
</comp>

<comp id="14" class="1001" name="const_14">
<pin_list>
<pin id="15" dir="1" index="0" bw="1" slack="0"/>
</pin_list>
<bind>
<StgValue><ssdm name="_ssdm_op_Read.ap_fifo.i48P"/></StgValue>
</bind>
</comp>

<comp id="16" class="1001" name="const_16">
<pin_list>
<pin id="17" dir="1" index="0" bw="1" slack="0"/>
</pin_list>
<bind>
<StgValue><ssdm name=""/></StgValue>
</bind>
</comp>

<comp id="18" class="1001" name="const_18">
<pin_list>
<pin id="19" dir="1" index="0" bw="1" slack="0"/>
</pin_list>
<bind>
<StgValue><ssdm name=""/></StgValue>
</bind>
</comp>

<comp id="20" class="1001" name="const_20">
<pin_list>
<pin id="21" dir="1" index="0" bw="1" slack="0"/>
</pin_list>
<bind>
<StgValue><ssdm name=""/></StgValue>
</bind>
</comp>

<comp id="22" class="1001" name="const_22">
<pin_list>
<pin id="23" dir="1" index="0" bw="1" slack="0"/>
</pin_list>
<bind>
<StgValue><ssdm name=""/></StgValue>
</bind>
</comp>

<comp id="24" class="1001" name="const_24">
<pin_list>
<pin id="25" dir="1" index="0" bw="1" slack="0"/>
</pin_list>
<bind>
<StgValue><ssdm name="_ssdm_op_NbReadReq.ap_fifo.i73P"/></StgValue>
</bind>
</comp>

<comp id="26" class="1001" name="const_26">
<pin_list>
<pin id="27" dir="1" index="0" bw="1" slack="0"/>
</pin_list>
<bind>
<StgValue><ssdm name=""/></StgValue>
</bind>
</comp>

<comp id="28" class="1001" name="const_28">
<pin_list>
<pin id="29" dir="1" index="0" bw="1" slack="0"/>
</pin_list>
<bind>
<StgValue><ssdm name="_ssdm_op_Read.ap_fifo.volatile.i73P"/></StgValue>
</bind>
</comp>

<comp id="30" class="1001" name="const_30">
<pin_list>
<pin id="31" dir="1" index="0" bw="1" slack="0"/>
</pin_list>
<bind>
<StgValue><ssdm name="_ssdm_op_BitSelect.i1.i73.i32"/></StgValue>
</bind>
</comp>

<comp id="32" class="1001" name="const_32">
<pin_list>
<pin id="33" dir="1" index="0" bw="1" slack="0"/>
</pin_list>
<bind>
<StgValue><ssdm name=""/></StgValue>
</bind>
</comp>

<comp id="34" class="1001" name="const_34">
<pin_list>
<pin id="35" dir="1" index="0" bw="1" slack="0"/>
</pin_list>
<bind>
<StgValue><ssdm name=""/></StgValue>
</bind>
</comp>

<comp id="36" class="1001" name="const_36">
<pin_list>
<pin id="37" dir="1" index="0" bw="1" slack="0"/>
</pin_list>
<bind>
<StgValue><ssdm name="_ssdm_op_PartSelect.i8.i73.i32.i32"/></StgValue>
</bind>
</comp>

<comp id="38" class="1001" name="const_38">
<pin_list>
<pin id="39" dir="1" index="0" bw="1" slack="0"/>
</pin_list>
<bind>
<StgValue><ssdm name=""/></StgValue>
</bind>
</comp>

<comp id="40" class="1001" name="const_40">
<pin_list>
<pin id="41" dir="1" index="0" bw="1" slack="0"/>
</pin_list>
<bind>
<StgValue><ssdm name=""/></StgValue>
</bind>
</comp>

<comp id="42" class="1001" name="const_42">
<pin_list>
<pin id="43" dir="1" index="0" bw="1" slack="0"/>
</pin_list>
<bind>
<StgValue><ssdm name=""/></StgValue>
</bind>
</comp>

<comp id="44" class="1001" name="const_44">
<pin_list>
<pin id="45" dir="1" index="0" bw="1" slack="0"/>
</pin_list>
<bind>
<StgValue><ssdm name=""/></StgValue>
</bind>
</comp>

<comp id="46" class="1001" name="const_46">
<pin_list>
<pin id="47" dir="1" index="0" bw="1" slack="0"/>
</pin_list>
<bind>
<StgValue><ssdm name=""/></StgValue>
</bind>
</comp>

<comp id="48" class="1001" name="const_48">
<pin_list>
<pin id="49" dir="1" index="0" bw="1" slack="0"/>
</pin_list>
<bind>
<StgValue><ssdm name=""/></StgValue>
</bind>
</comp>

<comp id="50" class="1001" name="const_50">
<pin_list>
<pin id="51" dir="1" index="0" bw="1" slack="0"/>
</pin_list>
<bind>
<StgValue><ssdm name=""/></StgValue>
</bind>
</comp>

<comp id="52" class="1001" name="const_52">
<pin_list>
<pin id="53" dir="1" index="0" bw="1" slack="0"/>
</pin_list>
<bind>
<StgValue><ssdm name=""/></StgValue>
</bind>
</comp>

<comp id="54" class="1001" name="const_54">
<pin_list>
<pin id="55" dir="1" index="0" bw="1" slack="0"/>
</pin_list>
<bind>
<StgValue><ssdm name=""/></StgValue>
</bind>
</comp>

<comp id="56" class="1001" name="const_56">
<pin_list>
<pin id="57" dir="1" index="0" bw="1" slack="0"/>
</pin_list>
<bind>
<StgValue><ssdm name=""/></StgValue>
</bind>
</comp>

<comp id="58" class="1001" name="const_58">
<pin_list>
<pin id="59" dir="1" index="0" bw="1" slack="0"/>
</pin_list>
<bind>
<StgValue><ssdm name=""/></StgValue>
</bind>
</comp>

<comp id="60" class="1001" name="const_60">
<pin_list>
<pin id="61" dir="1" index="0" bw="1" slack="0"/>
</pin_list>
<bind>
<StgValue><ssdm name=""/></StgValue>
</bind>
</comp>

<comp id="62" class="1001" name="const_62">
<pin_list>
<pin id="63" dir="1" index="0" bw="1" slack="0"/>
</pin_list>
<bind>
<StgValue><ssdm name=""/></StgValue>
</bind>
</comp>

<comp id="64" class="1001" name="const_64">
<pin_list>
<pin id="65" dir="1" index="0" bw="1" slack="0"/>
</pin_list>
<bind>
<StgValue><ssdm name=""/></StgValue>
</bind>
</comp>

<comp id="66" class="1001" name="const_66">
<pin_list>
<pin id="67" dir="1" index="0" bw="1" slack="0"/>
</pin_list>
<bind>
<StgValue><ssdm name="_ssdm_op_BitConcatenate.i48.i8.i8.i8.i8.i8.i8"/></StgValue>
</bind>
</comp>

<comp id="68" class="1001" name="const_68">
<pin_list>
<pin id="69" dir="1" index="0" bw="1" slack="2147483647"/>
</pin_list>
<bind>
<StgValue><ssdm name="_ssdm_op_SpecIFCore"/></StgValue>
</bind>
</comp>

<comp id="70" class="1001" name="const_70">
<pin_list>
<pin id="71" dir="1" index="0" bw="1" slack="2147483647"/>
</pin_list>
<bind>
<StgValue><ssdm name="p_str"/></StgValue>
</bind>
</comp>

<comp id="72" class="1001" name="const_72">
<pin_list>
<pin id="73" dir="1" index="0" bw="1" slack="2147483647"/>
</pin_list>
<bind>
<StgValue><ssdm name="p_str2"/></StgValue>
</bind>
</comp>

<comp id="74" class="1001" name="const_74">
<pin_list>
<pin id="75" dir="1" index="0" bw="1" slack="2147483647"/>
</pin_list>
<bind>
<StgValue><ssdm name=""/></StgValue>
</bind>
</comp>

<comp id="76" class="1001" name="const_76">
<pin_list>
<pin id="77" dir="1" index="0" bw="1" slack="2147483647"/>
</pin_list>
<bind>
<StgValue><ssdm name="_ssdm_op_SpecInterface"/></StgValue>
</bind>
</comp>

<comp id="78" class="1001" name="const_78">
<pin_list>
<pin id="79" dir="1" index="0" bw="1" slack="2147483647"/>
</pin_list>
<bind>
<StgValue><ssdm name="ap_fifo_str"/></StgValue>
</bind>
</comp>

<comp id="80" class="1001" name="const_80">
<pin_list>
<pin id="81" dir="1" index="0" bw="1" slack="2147483647"/>
</pin_list>
<bind>
<StgValue><ssdm name=""/></StgValue>
</bind>
</comp>

<comp id="82" class="1001" name="const_82">
<pin_list>
<pin id="83" dir="1" index="0" bw="1" slack="2147483647"/>
</pin_list>
<bind>
<StgValue><ssdm name=""/></StgValue>
</bind>
</comp>

<comp id="84" class="1001" name="const_84">
<pin_list>
<pin id="85" dir="1" index="0" bw="1" slack="2147483647"/>
</pin_list>
<bind>
<StgValue><ssdm name="_ssdm_op_SpecPipeline"/></StgValue>
</bind>
</comp>

<comp id="86" class="1001" name="const_86">
<pin_list>
<pin id="87" dir="1" index="0" bw="1" slack="0"/>
</pin_list>
<bind>
<StgValue><ssdm name="_ssdm_op_BitConcatenate.i81.i8.i8.i65"/></StgValue>
</bind>
</comp>

<comp id="88" class="1001" name="const_88">
<pin_list>
<pin id="89" dir="1" index="0" bw="1" slack="0"/>
</pin_list>
<bind>
<StgValue><ssdm name="_ssdm_op_Write.ap_fifo.volatile.i81P"/></StgValue>
</bind>
</comp>

<comp id="90" class="1001" name="const_90">
<pin_list>
<pin id="91" dir="1" index="0" bw="1" slack="1"/>
</pin_list>
<bind>
<StgValue><ssdm name=""/></StgValue>
</bind>
</comp>

<comp id="92" class="1001" name="const_92">
<pin_list>
<pin id="93" dir="1" index="0" bw="1" slack="0"/>
</pin_list>
<bind>
<StgValue><ssdm name="_ssdm_op_Write.ap_auto.i48P"/></StgValue>
</bind>
</comp>

<comp id="94" class="1004" name="mac_address_V_read_read_fu_94">
<pin_list>
<pin id="95" dir="0" index="0" bw="48" slack="0"/>
<pin id="96" dir="0" index="1" bw="48" slack="0"/>
<pin id="97" dir="1" index="2" bw="48" slack="0"/>
</pin_list>
<bind>
<opcode="read(1150) " fcode="read"/>
<opset="mac_address_V_read/1 "/>
</bind>
</comp>

<comp id="100" class="1004" name="grp_nbreadreq_fu_100">
<pin_list>
<pin id="101" dir="0" index="0" bw="1" slack="0"/>
<pin id="102" dir="0" index="1" bw="73" slack="0"/>
<pin id="103" dir="0" index="2" bw="1" slack="0"/>
<pin id="104" dir="1" index="3" bw="1" slack="1"/>
</pin_list>
<bind>
<opcode="nbreadreq(1156) " fcode="nbreadreq"/>
<opset="tmp_3/1 tmp_2/1 tmp_1/1 tmp/1 "/>
</bind>
</comp>

<comp id="108" class="1004" name="grp_read_fu_108">
<pin_list>
<pin id="109" dir="0" index="0" bw="73" slack="0"/>
<pin id="110" dir="0" index="1" bw="73" slack="0"/>
<pin id="111" dir="1" index="2" bw="73" slack="0"/>
</pin_list>
<bind>
<opcode="read(1150) " fcode="read"/>
<opset="tmp_436/1 tmp_223/1 tmp_116/1 tmp9/1 "/>
</bind>
</comp>

<comp id="114" class="1004" name="StgValue_56_write_fu_114">
<pin_list>
<pin id="115" dir="0" index="0" bw="0" slack="0"/>
<pin id="116" dir="0" index="1" bw="81" slack="0"/>
<pin id="117" dir="0" index="2" bw="81" slack="0"/>
<pin id="118" dir="1" index="3" bw="0" slack="2147483647"/>
</pin_list>
<bind>
<opcode="write(1151) " fcode="write"/>
<opset="StgValue_56/2 "/>
</bind>
</comp>

<comp id="121" class="1004" name="StgValue_60_write_fu_121">
<pin_list>
<pin id="122" dir="0" index="0" bw="0" slack="0"/>
<pin id="123" dir="0" index="1" bw="48" slack="0"/>
<pin id="124" dir="0" index="2" bw="48" slack="0"/>
<pin id="125" dir="1" index="3" bw="0" slack="2147483647"/>
</pin_list>
<bind>
<opcode="write(1151) " fcode="write"/>
<opset="StgValue_60/2 "/>
</bind>
</comp>

<comp id="128" class="1005" name="app_packet_out_last_2_reg_128">
<pin_list>
<pin id="129" dir="0" index="0" bw="1" slack="2147483647"/>
<pin id="130" dir="1" index="1" bw="1" slack="2147483647"/>
</pin_list>
<bind>
<opset="app_packet_out_last_2 (phireg) "/>
</bind>
</comp>

<comp id="131" class="1004" name="app_packet_out_last_2_phi_fu_131">
<pin_list>
<pin id="132" dir="0" index="0" bw="1" slack="0"/>
<pin id="133" dir="0" index="1" bw="0" slack="2147483647"/>
<pin id="134" dir="0" index="2" bw="1" slack="0"/>
<pin id="135" dir="0" index="3" bw="0" slack="2147483647"/>
<pin id="136" dir="1" index="4" bw="1" slack="0"/>
</pin_list>
<bind>
<opcode="phi(47) " fcode="phi"/>
<opset="app_packet_out_last_2/1 "/>
</bind>
</comp>

<comp id="137" class="1005" name="p_066_1_i_reg_137">
<pin_list>
<pin id="138" dir="0" index="0" bw="48" slack="1"/>
<pin id="139" dir="1" index="1" bw="48" slack="1"/>
</pin_list>
<bind>
<opset="p_066_1_i (phireg) "/>
</bind>
</comp>

<comp id="141" class="1004" name="p_066_1_i_phi_fu_141">
<pin_list>
<pin id="142" dir="0" index="0" bw="1" slack="1"/>
<pin id="143" dir="0" index="1" bw="0" slack="2147483647"/>
<pin id="144" dir="0" index="2" bw="1" slack="1"/>
<pin id="145" dir="0" index="3" bw="0" slack="2147483647"/>
<pin id="146" dir="0" index="4" bw="1" slack="1"/>
<pin id="147" dir="0" index="5" bw="0" slack="2147483647"/>
<pin id="148" dir="0" index="6" bw="48" slack="1"/>
<pin id="149" dir="0" index="7" bw="0" slack="2147483647"/>
<pin id="150" dir="0" index="8" bw="1" slack="1"/>
<pin id="151" dir="0" index="9" bw="0" slack="2147483647"/>
<pin id="152" dir="0" index="10" bw="1" slack="1"/>
<pin id="153" dir="0" index="11" bw="0" slack="2147483647"/>
<pin id="154" dir="1" index="12" bw="48" slack="0"/>
</pin_list>
<bind>
<opcode="phi(47) " fcode="phi"/>
<opset="p_066_1_i/2 "/>
</bind>
</comp>

<comp id="161" class="1004" name="grp_fu_161">
<pin_list>
<pin id="162" dir="0" index="0" bw="1" slack="0"/>
<pin id="163" dir="0" index="1" bw="73" slack="0"/>
<pin id="164" dir="0" index="2" bw="8" slack="0"/>
<pin id="165" dir="1" index="3" bw="1" slack="0"/>
</pin_list>
<bind>
<opcode="bitselect(1000) " fcode="bitselect"/>
<opset="tmp_12/1 tmp_last_V/1 "/>
</bind>
</comp>

<comp id="170" class="1004" name="state_V_1_load_load_fu_170">
<pin_list>
<pin id="171" dir="0" index="0" bw="3" slack="0"/>
<pin id="172" dir="1" index="1" bw="3" slack="1"/>
</pin_list>
<bind>
<opcode="load(27) " fcode="load"/>
<opset="state_V_1_load/1 "/>
</bind>
</comp>

<comp id="174" class="1004" name="not_tmp_last_V_4_loa_fu_174">
<pin_list>
<pin id="175" dir="0" index="0" bw="1" slack="0"/>
<pin id="176" dir="0" index="1" bw="1" slack="0"/>
<pin id="177" dir="1" index="2" bw="1" slack="0"/>
</pin_list>
<bind>
<opcode="xor(25) " fcode="xor"/>
<opset="not_tmp_last_V_4_loa/1 "/>
</bind>
</comp>

<comp id="180" class="1004" name="storemerge_cast_i_fu_180">
<pin_list>
<pin id="181" dir="0" index="0" bw="1" slack="0"/>
<pin id="182" dir="1" index="1" bw="3" slack="0"/>
</pin_list>
<bind>
<opcode="zext(34) " fcode="zext"/>
<opset="storemerge_cast_i/1 "/>
</bind>
</comp>

<comp id="184" class="1004" name="StgValue_11_store_fu_184">
<pin_list>
<pin id="185" dir="0" index="0" bw="1" slack="0"/>
<pin id="186" dir="0" index="1" bw="3" slack="0"/>
<pin id="187" dir="1" index="2" bw="0" slack="2147483647"/>
</pin_list>
<bind>
<opcode="store(28) " fcode="store"/>
<opset="StgValue_11/1 "/>
</bind>
</comp>

<comp id="190" class="1004" name="app_packet_out_last_1_load_fu_190">
<pin_list>
<pin id="191" dir="0" index="0" bw="1" slack="0"/>
<pin id="192" dir="1" index="1" bw="1" slack="0"/>
</pin_list>
<bind>
<opcode="load(27) " fcode="load"/>
<opset="app_packet_out_last_1/1 "/>
</bind>
</comp>

<comp id="195" class="1004" name="tmp_tkeep_V_fu_195">
<pin_list>
<pin id="196" dir="0" index="0" bw="8" slack="0"/>
<pin id="197" dir="0" index="1" bw="73" slack="0"/>
<pin id="198" dir="0" index="2" bw="8" slack="0"/>
<pin id="199" dir="0" index="3" bw="8" slack="0"/>
<pin id="200" dir="1" index="4" bw="8" slack="1"/>
</pin_list>
<bind>
<opcode="partselect(1002) " fcode="partselect"/>
<opset="tmp_tkeep_V/1 "/>
</bind>
</comp>

<comp id="205" class="1004" name="StgValue_19_store_fu_205">
<pin_list>
<pin id="206" dir="0" index="0" bw="1" slack="0"/>
<pin id="207" dir="0" index="1" bw="1" slack="0"/>
<pin id="208" dir="1" index="2" bw="0" slack="2147483647"/>
</pin_list>
<bind>
<opcode="store(28) " fcode="store"/>
<opset="StgValue_19/1 "/>
</bind>
</comp>

<comp id="211" class="1004" name="tmp_11_fu_211">
<pin_list>
<pin id="212" dir="0" index="0" bw="73" slack="0"/>
<pin id="213" dir="1" index="1" bw="65" slack="1"/>
</pin_list>
<bind>
<opcode="trunc(33) " fcode="trunc"/>
<opset="tmp_11/1 "/>
</bind>
</comp>

<comp id="215" class="1004" name="storemerge2_cast_i_c_fu_215">
<pin_list>
<pin id="216" dir="0" index="0" bw="1" slack="0"/>
<pin id="217" dir="0" index="1" bw="1" slack="0"/>
<pin id="218" dir="0" index="2" bw="3" slack="0"/>
<pin id="219" dir="1" index="3" bw="3" slack="0"/>
</pin_list>
<bind>
<opcode="select(49) " fcode="select"/>
<opset="storemerge2_cast_i_c/1 "/>
</bind>
</comp>

<comp id="223" class="1004" name="StgValue_24_store_fu_223">
<pin_list>
<pin id="224" dir="0" index="0" bw="3" slack="0"/>
<pin id="225" dir="0" index="1" bw="3" slack="0"/>
<pin id="226" dir="1" index="2" bw="0" slack="2147483647"/>
</pin_list>
<bind>
<opcode="store(28) " fcode="store"/>
<opset="StgValue_24/1 "/>
</bind>
</comp>

<comp id="229" class="1004" name="tmp_s_fu_229">
<pin_list>
<pin id="230" dir="0" index="0" bw="8" slack="0"/>
<pin id="231" dir="0" index="1" bw="73" slack="0"/>
<pin id="232" dir="0" index="2" bw="7" slack="0"/>
<pin id="233" dir="0" index="3" bw="7" slack="0"/>
<pin id="234" dir="1" index="4" bw="8" slack="0"/>
</pin_list>
<bind>
<opcode="partselect(1002) " fcode="partselect"/>
<opset="tmp_s/1 "/>
</bind>
</comp>

<comp id="239" class="1004" name="StgValue_29_store_fu_239">
<pin_list>
<pin id="240" dir="0" index="0" bw="8" slack="0"/>
<pin id="241" dir="0" index="1" bw="8" slack="0"/>
<pin id="242" dir="1" index="2" bw="0" slack="2147483647"/>
</pin_list>
<bind>
<opcode="store(28) " fcode="store"/>
<opset="StgValue_29/1 "/>
</bind>
</comp>

<comp id="245" class="1004" name="StgValue_30_store_fu_245">
<pin_list>
<pin id="246" dir="0" index="0" bw="3" slack="0"/>
<pin id="247" dir="0" index="1" bw="3" slack="0"/>
<pin id="248" dir="1" index="2" bw="0" slack="2147483647"/>
</pin_list>
<bind>
<opcode="store(28) " fcode="store"/>
<opset="StgValue_30/1 "/>
</bind>
</comp>

<comp id="251" class="1004" name="tmp_4_fu_251">
<pin_list>
<pin id="252" dir="0" index="0" bw="73" slack="0"/>
<pin id="253" dir="1" index="1" bw="8" slack="0"/>
</pin_list>
<bind>
<opcode="trunc(33) " fcode="trunc"/>
<opset="tmp_4/1 "/>
</bind>
</comp>

<comp id="255" class="1004" name="tmp_5_fu_255">
<pin_list>
<pin id="256" dir="0" index="0" bw="8" slack="0"/>
<pin id="257" dir="0" index="1" bw="73" slack="0"/>
<pin id="258" dir="0" index="2" bw="5" slack="0"/>
<pin id="259" dir="0" index="3" bw="5" slack="0"/>
<pin id="260" dir="1" index="4" bw="8" slack="0"/>
</pin_list>
<bind>
<opcode="partselect(1002) " fcode="partselect"/>
<opset="tmp_5/1 "/>
</bind>
</comp>

<comp id="265" class="1004" name="tmp_6_fu_265">
<pin_list>
<pin id="266" dir="0" index="0" bw="8" slack="0"/>
<pin id="267" dir="0" index="1" bw="73" slack="0"/>
<pin id="268" dir="0" index="2" bw="6" slack="0"/>
<pin id="269" dir="0" index="3" bw="6" slack="0"/>
<pin id="270" dir="1" index="4" bw="8" slack="0"/>
</pin_list>
<bind>
<opcode="partselect(1002) " fcode="partselect"/>
<opset="tmp_6/1 "/>
</bind>
</comp>

<comp id="275" class="1004" name="tmp_7_fu_275">
<pin_list>
<pin id="276" dir="0" index="0" bw="8" slack="0"/>
<pin id="277" dir="0" index="1" bw="73" slack="0"/>
<pin id="278" dir="0" index="2" bw="7" slack="0"/>
<pin id="279" dir="0" index="3" bw="7" slack="0"/>
<pin id="280" dir="1" index="4" bw="8" slack="0"/>
</pin_list>
<bind>
<opcode="partselect(1002) " fcode="partselect"/>
<opset="tmp_7/1 "/>
</bind>
</comp>

<comp id="285" class="1004" name="tmp_8_fu_285">
<pin_list>
<pin id="286" dir="0" index="0" bw="8" slack="0"/>
<pin id="287" dir="0" index="1" bw="73" slack="0"/>
<pin id="288" dir="0" index="2" bw="6" slack="0"/>
<pin id="289" dir="0" index="3" bw="6" slack="0"/>
<pin id="290" dir="1" index="4" bw="8" slack="0"/>
</pin_list>
<bind>
<opcode="partselect(1002) " fcode="partselect"/>
<opset="tmp_8/1 "/>
</bind>
</comp>

<comp id="295" class="1004" name="tmp_9_fu_295">
<pin_list>
<pin id="296" dir="0" index="0" bw="8" slack="0"/>
<pin id="297" dir="0" index="1" bw="73" slack="0"/>
<pin id="298" dir="0" index="2" bw="7" slack="0"/>
<pin id="299" dir="0" index="3" bw="7" slack="0"/>
<pin id="300" dir="1" index="4" bw="8" slack="0"/>
</pin_list>
<bind>
<opcode="partselect(1002) " fcode="partselect"/>
<opset="tmp_9/1 "/>
</bind>
</comp>

<comp id="305" class="1004" name="observedAddress_V_fu_305">
<pin_list>
<pin id="306" dir="0" index="0" bw="48" slack="0"/>
<pin id="307" dir="0" index="1" bw="8" slack="0"/>
<pin id="308" dir="0" index="2" bw="8" slack="0"/>
<pin id="309" dir="0" index="3" bw="8" slack="0"/>
<pin id="310" dir="0" index="4" bw="8" slack="0"/>
<pin id="311" dir="0" index="5" bw="8" slack="0"/>
<pin id="312" dir="0" index="6" bw="8" slack="0"/>
<pin id="313" dir="1" index="7" bw="48" slack="0"/>
</pin_list>
<bind>
<opcode="bitconcatenate(1004) " fcode="bitconcatenate"/>
<opset="observedAddress_V/1 "/>
</bind>
</comp>

<comp id="321" class="1004" name="tmp_i_fu_321">
<pin_list>
<pin id="322" dir="0" index="0" bw="48" slack="0"/>
<pin id="323" dir="0" index="1" bw="48" slack="0"/>
<pin id="324" dir="1" index="2" bw="1" slack="0"/>
</pin_list>
<bind>
<opcode="icmp(45) " fcode="icmp"/>
<opset="tmp_i/1 "/>
</bind>
</comp>

<comp id="327" class="1004" name="storemerge1_cast_i_c_fu_327">
<pin_list>
<pin id="328" dir="0" index="0" bw="1" slack="0"/>
<pin id="329" dir="0" index="1" bw="3" slack="0"/>
<pin id="330" dir="0" index="2" bw="1" slack="0"/>
<pin id="331" dir="1" index="3" bw="3" slack="0"/>
</pin_list>
<bind>
<opcode="select(49) " fcode="select"/>
<opset="storemerge1_cast_i_c/1 "/>
</bind>
</comp>

<comp id="335" class="1004" name="StgValue_44_store_fu_335">
<pin_list>
<pin id="336" dir="0" index="0" bw="3" slack="0"/>
<pin id="337" dir="0" index="1" bw="3" slack="0"/>
<pin id="338" dir="1" index="2" bw="0" slack="2147483647"/>
</pin_list>
<bind>
<opcode="store(28) " fcode="store"/>
<opset="StgValue_44/1 "/>
</bind>
</comp>

<comp id="341" class="1004" name="tmp_tdest_V_load_fu_341">
<pin_list>
<pin id="342" dir="0" index="0" bw="8" slack="0"/>
<pin id="343" dir="1" index="1" bw="8" slack="0"/>
</pin_list>
<bind>
<opcode="load(27) " fcode="load"/>
<opset="tmp_tdest_V/2 "/>
</bind>
</comp>

<comp id="345" class="1004" name="tmp_31_fu_345">
<pin_list>
<pin id="346" dir="0" index="0" bw="81" slack="0"/>
<pin id="347" dir="0" index="1" bw="8" slack="1"/>
<pin id="348" dir="0" index="2" bw="8" slack="0"/>
<pin id="349" dir="0" index="3" bw="65" slack="1"/>
<pin id="350" dir="1" index="4" bw="81" slack="0"/>
</pin_list>
<bind>
<opcode="bitconcatenate(1004) " fcode="bitconcatenate"/>
<opset="tmp_31/2 "/>
</bind>
</comp>

<comp id="354" class="1005" name="state_V_1_load_reg_354">
<pin_list>
<pin id="355" dir="0" index="0" bw="3" slack="1"/>
<pin id="356" dir="1" index="1" bw="3" slack="2147483647"/>
</pin_list>
<bind>
<opset="state_V_1_load "/>
</bind>
</comp>

<comp id="358" class="1005" name="tmp_3_reg_358">
<pin_list>
<pin id="359" dir="0" index="0" bw="1" slack="1"/>
<pin id="360" dir="1" index="1" bw="1" slack="2147483647"/>
</pin_list>
<bind>
<opset="tmp_3 "/>
</bind>
</comp>

<comp id="362" class="1005" name="tmp_2_reg_362">
<pin_list>
<pin id="363" dir="0" index="0" bw="1" slack="1"/>
<pin id="364" dir="1" index="1" bw="1" slack="2147483647"/>
</pin_list>
<bind>
<opset="tmp_2 "/>
</bind>
</comp>

<comp id="366" class="1005" name="tmp_tkeep_V_reg_366">
<pin_list>
<pin id="367" dir="0" index="0" bw="8" slack="1"/>
<pin id="368" dir="1" index="1" bw="8" slack="1"/>
</pin_list>
<bind>
<opset="tmp_tkeep_V "/>
</bind>
</comp>

<comp id="371" class="1005" name="tmp_11_reg_371">
<pin_list>
<pin id="372" dir="0" index="0" bw="65" slack="1"/>
<pin id="373" dir="1" index="1" bw="65" slack="1"/>
</pin_list>
<bind>
<opset="tmp_11 "/>
</bind>
</comp>

<comp id="376" class="1005" name="tmp_1_reg_376">
<pin_list>
<pin id="377" dir="0" index="0" bw="1" slack="1"/>
<pin id="378" dir="1" index="1" bw="1" slack="2147483647"/>
</pin_list>
<bind>
<opset="tmp_1 "/>
</bind>
</comp>

<comp id="383" class="1005" name="observedAddress_V_reg_383">
<pin_list>
<pin id="384" dir="0" index="0" bw="48" slack="1"/>
<pin id="385" dir="1" index="1" bw="48" slack="1"/>
</pin_list>
<bind>
<opset="observedAddress_V "/>
</bind>
</comp>

</comp_list>

<net_list>
<net id="98"><net_src comp="14" pin="0"/><net_sink comp="94" pin=0"/></net>

<net id="99"><net_src comp="4" pin="0"/><net_sink comp="94" pin=1"/></net>

<net id="105"><net_src comp="24" pin="0"/><net_sink comp="100" pin=0"/></net>

<net id="106"><net_src comp="0" pin="0"/><net_sink comp="100" pin=1"/></net>

<net id="107"><net_src comp="26" pin="0"/><net_sink comp="100" pin=2"/></net>

<net id="112"><net_src comp="28" pin="0"/><net_sink comp="108" pin=0"/></net>

<net id="113"><net_src comp="0" pin="0"/><net_sink comp="108" pin=1"/></net>

<net id="119"><net_src comp="88" pin="0"/><net_sink comp="114" pin=0"/></net>

<net id="120"><net_src comp="2" pin="0"/><net_sink comp="114" pin=1"/></net>

<net id="126"><net_src comp="92" pin="0"/><net_sink comp="121" pin=0"/></net>

<net id="127"><net_src comp="6" pin="0"/><net_sink comp="121" pin=1"/></net>

<net id="140"><net_src comp="90" pin="0"/><net_sink comp="137" pin=0"/></net>

<net id="155"><net_src comp="137" pin="1"/><net_sink comp="141" pin=0"/></net>

<net id="156"><net_src comp="137" pin="1"/><net_sink comp="141" pin=2"/></net>

<net id="157"><net_src comp="137" pin="1"/><net_sink comp="141" pin=4"/></net>

<net id="158"><net_src comp="137" pin="1"/><net_sink comp="141" pin=8"/></net>

<net id="159"><net_src comp="137" pin="1"/><net_sink comp="141" pin=10"/></net>

<net id="160"><net_src comp="141" pin="12"/><net_sink comp="121" pin=2"/></net>

<net id="166"><net_src comp="30" pin="0"/><net_sink comp="161" pin=0"/></net>

<net id="167"><net_src comp="108" pin="2"/><net_sink comp="161" pin=1"/></net>

<net id="168"><net_src comp="32" pin="0"/><net_sink comp="161" pin=2"/></net>

<net id="169"><net_src comp="161" pin="3"/><net_sink comp="131" pin=0"/></net>

<net id="173"><net_src comp="8" pin="0"/><net_sink comp="170" pin=0"/></net>

<net id="178"><net_src comp="161" pin="3"/><net_sink comp="174" pin=0"/></net>

<net id="179"><net_src comp="34" pin="0"/><net_sink comp="174" pin=1"/></net>

<net id="183"><net_src comp="174" pin="2"/><net_sink comp="180" pin=0"/></net>

<net id="188"><net_src comp="180" pin="1"/><net_sink comp="184" pin=0"/></net>

<net id="189"><net_src comp="8" pin="0"/><net_sink comp="184" pin=1"/></net>

<net id="193"><net_src comp="12" pin="0"/><net_sink comp="190" pin=0"/></net>

<net id="194"><net_src comp="190" pin="1"/><net_sink comp="131" pin=2"/></net>

<net id="201"><net_src comp="36" pin="0"/><net_sink comp="195" pin=0"/></net>

<net id="202"><net_src comp="108" pin="2"/><net_sink comp="195" pin=1"/></net>

<net id="203"><net_src comp="38" pin="0"/><net_sink comp="195" pin=2"/></net>

<net id="204"><net_src comp="40" pin="0"/><net_sink comp="195" pin=3"/></net>

<net id="209"><net_src comp="161" pin="3"/><net_sink comp="205" pin=0"/></net>

<net id="210"><net_src comp="12" pin="0"/><net_sink comp="205" pin=1"/></net>

<net id="214"><net_src comp="108" pin="2"/><net_sink comp="211" pin=0"/></net>

<net id="220"><net_src comp="131" pin="4"/><net_sink comp="215" pin=0"/></net>

<net id="221"><net_src comp="16" pin="0"/><net_sink comp="215" pin=1"/></net>

<net id="222"><net_src comp="20" pin="0"/><net_sink comp="215" pin=2"/></net>

<net id="227"><net_src comp="215" pin="3"/><net_sink comp="223" pin=0"/></net>

<net id="228"><net_src comp="8" pin="0"/><net_sink comp="223" pin=1"/></net>

<net id="235"><net_src comp="36" pin="0"/><net_sink comp="229" pin=0"/></net>

<net id="236"><net_src comp="108" pin="2"/><net_sink comp="229" pin=1"/></net>

<net id="237"><net_src comp="42" pin="0"/><net_sink comp="229" pin=2"/></net>

<net id="238"><net_src comp="44" pin="0"/><net_sink comp="229" pin=3"/></net>

<net id="243"><net_src comp="229" pin="4"/><net_sink comp="239" pin=0"/></net>

<net id="244"><net_src comp="10" pin="0"/><net_sink comp="239" pin=1"/></net>

<net id="249"><net_src comp="20" pin="0"/><net_sink comp="245" pin=0"/></net>

<net id="250"><net_src comp="8" pin="0"/><net_sink comp="245" pin=1"/></net>

<net id="254"><net_src comp="108" pin="2"/><net_sink comp="251" pin=0"/></net>

<net id="261"><net_src comp="36" pin="0"/><net_sink comp="255" pin=0"/></net>

<net id="262"><net_src comp="108" pin="2"/><net_sink comp="255" pin=1"/></net>

<net id="263"><net_src comp="46" pin="0"/><net_sink comp="255" pin=2"/></net>

<net id="264"><net_src comp="48" pin="0"/><net_sink comp="255" pin=3"/></net>

<net id="271"><net_src comp="36" pin="0"/><net_sink comp="265" pin=0"/></net>

<net id="272"><net_src comp="108" pin="2"/><net_sink comp="265" pin=1"/></net>

<net id="273"><net_src comp="50" pin="0"/><net_sink comp="265" pin=2"/></net>

<net id="274"><net_src comp="52" pin="0"/><net_sink comp="265" pin=3"/></net>

<net id="281"><net_src comp="36" pin="0"/><net_sink comp="275" pin=0"/></net>

<net id="282"><net_src comp="108" pin="2"/><net_sink comp="275" pin=1"/></net>

<net id="283"><net_src comp="54" pin="0"/><net_sink comp="275" pin=2"/></net>

<net id="284"><net_src comp="56" pin="0"/><net_sink comp="275" pin=3"/></net>

<net id="291"><net_src comp="36" pin="0"/><net_sink comp="285" pin=0"/></net>

<net id="292"><net_src comp="108" pin="2"/><net_sink comp="285" pin=1"/></net>

<net id="293"><net_src comp="58" pin="0"/><net_sink comp="285" pin=2"/></net>

<net id="294"><net_src comp="60" pin="0"/><net_sink comp="285" pin=3"/></net>

<net id="301"><net_src comp="36" pin="0"/><net_sink comp="295" pin=0"/></net>

<net id="302"><net_src comp="108" pin="2"/><net_sink comp="295" pin=1"/></net>

<net id="303"><net_src comp="62" pin="0"/><net_sink comp="295" pin=2"/></net>

<net id="304"><net_src comp="64" pin="0"/><net_sink comp="295" pin=3"/></net>

<net id="314"><net_src comp="66" pin="0"/><net_sink comp="305" pin=0"/></net>

<net id="315"><net_src comp="251" pin="1"/><net_sink comp="305" pin=1"/></net>

<net id="316"><net_src comp="255" pin="4"/><net_sink comp="305" pin=2"/></net>

<net id="317"><net_src comp="265" pin="4"/><net_sink comp="305" pin=3"/></net>

<net id="318"><net_src comp="285" pin="4"/><net_sink comp="305" pin=4"/></net>

<net id="319"><net_src comp="275" pin="4"/><net_sink comp="305" pin=5"/></net>

<net id="320"><net_src comp="295" pin="4"/><net_sink comp="305" pin=6"/></net>

<net id="325"><net_src comp="305" pin="7"/><net_sink comp="321" pin=0"/></net>

<net id="326"><net_src comp="94" pin="2"/><net_sink comp="321" pin=1"/></net>

<net id="332"><net_src comp="321" pin="2"/><net_sink comp="327" pin=0"/></net>

<net id="333"><net_src comp="18" pin="0"/><net_sink comp="327" pin=1"/></net>

<net id="334"><net_src comp="22" pin="0"/><net_sink comp="327" pin=2"/></net>

<net id="339"><net_src comp="327" pin="3"/><net_sink comp="335" pin=0"/></net>

<net id="340"><net_src comp="8" pin="0"/><net_sink comp="335" pin=1"/></net>

<net id="344"><net_src comp="10" pin="0"/><net_sink comp="341" pin=0"/></net>

<net id="351"><net_src comp="86" pin="0"/><net_sink comp="345" pin=0"/></net>

<net id="352"><net_src comp="341" pin="1"/><net_sink comp="345" pin=2"/></net>

<net id="353"><net_src comp="345" pin="4"/><net_sink comp="114" pin=2"/></net>

<net id="357"><net_src comp="170" pin="1"/><net_sink comp="354" pin=0"/></net>

<net id="361"><net_src comp="100" pin="3"/><net_sink comp="358" pin=0"/></net>

<net id="365"><net_src comp="100" pin="3"/><net_sink comp="362" pin=0"/></net>

<net id="369"><net_src comp="195" pin="4"/><net_sink comp="366" pin=0"/></net>

<net id="370"><net_src comp="366" pin="1"/><net_sink comp="345" pin=1"/></net>

<net id="374"><net_src comp="211" pin="1"/><net_sink comp="371" pin=0"/></net>

<net id="375"><net_src comp="371" pin="1"/><net_sink comp="345" pin=3"/></net>

<net id="379"><net_src comp="100" pin="3"/><net_sink comp="376" pin=0"/></net>

<net id="386"><net_src comp="305" pin="7"/><net_sink comp="383" pin=0"/></net>

<net id="387"><net_src comp="383" pin="1"/><net_sink comp="141" pin=6"/></net>

</net_list>

</model> 
---------------- Datapath Model END ------------------

* FSMD analyzer results:
  - Output states:
	Port: to_app_V | {2 }
	Port: observedAddress_out_s | {2 }
	Port: state_V_1 | {1 }
	Port: dest_V | {1 }
	Port: app_packet_out_last_s | {1 }
 - Input state : 
	Port: eth_to_app : from_eth_V | {1 }
	Port: eth_to_app : mac_address_V | {1 }
	Port: eth_to_app : state_V_1 | {1 }
	Port: eth_to_app : dest_V | {2 }
	Port: eth_to_app : app_packet_out_last_s | {1 }
  - Chain level:
	State 1
		StgValue_5 : 1
		not_tmp_last_V_4_loa : 1
		storemerge_cast_i : 1
		StgValue_11 : 2
		StgValue_19 : 1
		app_packet_out_last_2 : 1
		storemerge2_cast_i_c : 2
		StgValue_24 : 3
		StgValue_29 : 1
		observedAddress_V : 1
		tmp_i : 2
		storemerge1_cast_i_c : 3
		StgValue_44 : 4
	State 2
		tmp_31 : 1
		StgValue_56 : 2
		StgValue_60 : 1


============================================================
+ Verbose Summary: Datapath Resource usage 
============================================================

* Functional unit list:
|----------|-------------------------------|---------|---------|
| Operation|        Functional Unit        |    FF   |   LUT   |
|----------|-------------------------------|---------|---------|
|   icmp   |          tmp_i_fu_321         |    0    |    24   |
|----------|-------------------------------|---------|---------|
|  select  |  storemerge2_cast_i_c_fu_215  |    0    |    3    |
|          |  storemerge1_cast_i_c_fu_327  |    0    |    3    |
|----------|-------------------------------|---------|---------|
|    xor   |  not_tmp_last_V_4_loa_fu_174  |    0    |    2    |
|----------|-------------------------------|---------|---------|
|   read   | mac_address_V_read_read_fu_94 |    0    |    0    |
|          |        grp_read_fu_108        |    0    |    0    |
|----------|-------------------------------|---------|---------|
| nbreadreq|      grp_nbreadreq_fu_100     |    0    |    0    |
|----------|-------------------------------|---------|---------|
|   write  |    StgValue_56_write_fu_114   |    0    |    0    |
|          |    StgValue_60_write_fu_121   |    0    |    0    |
|----------|-------------------------------|---------|---------|
| bitselect|           grp_fu_161          |    0    |    0    |
|----------|-------------------------------|---------|---------|
|   zext   |    storemerge_cast_i_fu_180   |    0    |    0    |
|----------|-------------------------------|---------|---------|
|          |       tmp_tkeep_V_fu_195      |    0    |    0    |
|          |          tmp_s_fu_229         |    0    |    0    |
|          |          tmp_5_fu_255         |    0    |    0    |
|partselect|          tmp_6_fu_265         |    0    |    0    |
|          |          tmp_7_fu_275         |    0    |    0    |
|          |          tmp_8_fu_285         |    0    |    0    |
|          |          tmp_9_fu_295         |    0    |    0    |
|----------|-------------------------------|---------|---------|
|   trunc  |         tmp_11_fu_211         |    0    |    0    |
|          |          tmp_4_fu_251         |    0    |    0    |
|----------|-------------------------------|---------|---------|
|bitconcatenate|    observedAddress_V_fu_305   |    0    |    0    |
|          |         tmp_31_fu_345         |    0    |    0    |
|----------|-------------------------------|---------|---------|
|   Total  |                               |    0    |    32   |
|----------|-------------------------------|---------|---------|

Memories:
N/A

* Register list:
+-----------------------------+--------+
|                             |   FF   |
+-----------------------------+--------+
|app_packet_out_last_2_reg_128|    1   |
|  observedAddress_V_reg_383  |   48   |
|      p_066_1_i_reg_137      |   48   |
|    state_V_1_load_reg_354   |    3   |
|        tmp_11_reg_371       |   65   |
|        tmp_1_reg_376        |    1   |
|        tmp_2_reg_362        |    1   |
|        tmp_3_reg_358        |    1   |
|     tmp_tkeep_V_reg_366     |    8   |
+-----------------------------+--------+
|            Total            |   176  |
+-----------------------------+--------+

* Multiplexer (MUX) list: 
|--------|------|------|------|--------|
|  Comp  |  Pin | Size |  BW  | S x BW |
|--------|------|------|------|--------|
|  Total |      |      |      |    0   |
|--------|------|------|------|--------|



* Summary:
+-----------+--------+--------+
|           |   FF   |   LUT  |
+-----------+--------+--------+
|  Function |    0   |   32   |
|   Memory  |    -   |    -   |
|Multiplexer|    -   |    -   |
|  Register |   176  |    -   |
+-----------+--------+--------+
|   Total   |   176  |   32   |
+-----------+--------+--------+
