

================================================================
== Vivado HLS Report for 'eth_to_app'
================================================================
* Date:           Wed Aug 12 00:42:59 2020

* Version:        2018.1 (Build 2188600 on Wed Apr 04 19:04:02 MDT 2018)
* Project:        ethernet_bridge
* Solution:       solution1
* Product family: kintexu
* Target device:  xcku115-flva1517-2-e


================================================================
== Performance Estimates
================================================================
+ Timing (ns): 
    * Summary: 
    +--------+-------+----------+------------+
    |  Clock | Target| Estimated| Uncertainty|
    +--------+-------+----------+------------+
    |ap_clk  |   4.00|      4.33|        0.50|
    +--------+-------+----------+------------+

+ Latency (clock cycles): 
    * Summary: 
    +-----+-----+-----+-----+----------+
    |  Latency  |  Interval | Pipeline |
    | min | max | min | max |   Type   |
    +-----+-----+-----+-----+----------+
    |    1|    1|    1|    1| function |
    +-----+-----+-----+-----+----------+

    + Detail: 
        * Instance: 
        N/A

        * Loop: 
        N/A

============================================================
+ Verbose Summary: Synthesis Manager
============================================================
InlineROM: 1
ExposeGlobal: 1
============================================================
+ Verbose Summary: CDFG Model
============================================================
IsTopModel: 0
ResetActiveHigh: 1
IsCombinational: 2
IsDatapathOnly: 0
HasWiredReturn: 1
HasMFsm: 2
HasVarLatency: 0
IsPipeline: 1
IsRtlPipelined: 1
IsInstanceOverlapped: 0
IsDontTouch: 0
HasImplIP: 0
IsGatedGlobalClock: 0

+ Individual pipeline summary: 
  * Pipeline-0: initiation interval (II) = 1, depth = 2


============================================================
+ Verbose Summary: Schedule
============================================================
* Number of FSM states : 2
* Pipeline : 1
  Pipeline-0 : II = 1, D = 2, States = { 1 2 }
* Dataflow Pipeline: 0

* FSM state transitions: 
1 --> 
	2  / true
2 --> 

* FSM state operations: 

 <State 1> : 4.33ns
ST_1 : Operation 3 [1/1] (1.75ns)   --->   "%mac_address_V_read = call i48 @_ssdm_op_Read.ap_fifo.i48P(i48* %mac_address_V)"   --->   Core 32 'FIFO' <Latency = 0> <II = 1> <Delay = 2.26> <Storage> <Opcode : 'read' 'write' 'nbread' 'nbwrite'> <Ports = 0> <Width = 48> <Depth = 2> <FIFO>
ST_1 : Operation 4 [1/1] (0.00ns)   --->   "%state_V_1_load = load i3* @state_V_1, align 1" [/home/user/galapagos/middleware/hls/network_bridge_ethernet/src/ethernet_bridge.cpp:83]
ST_1 : Operation 5 [1/1] (0.90ns)   --->   "switch i3 %state_V_1_load, label %.exit [
    i3 0, label %0
    i3 2, label %2
    i3 3, label %4
    i3 1, label %6
  ]" [/home/user/galapagos/middleware/hls/network_bridge_ethernet/src/ethernet_bridge.cpp:83]
ST_1 : Operation 6 [1/1] (0.00ns)   --->   "%tmp_3 = call i1 @_ssdm_op_NbReadReq.ap_fifo.i73P(i73* %from_eth_V, i32 1)"   --->   Core 5 'AXI4Stream' <Latency = 0> <II = 1> <Delay = 1.00> <Adapter> <Opcode : >
ST_1 : Operation 7 [1/1] (0.00ns)   --->   "%tmp_436 = call i73 @_ssdm_op_Read.ap_fifo.volatile.i73P(i73* %from_eth_V)"   --->   Core 5 'AXI4Stream' <Latency = 0> <II = 1> <Delay = 1.00> <Adapter> <Opcode : >
ST_1 : Operation 8 [1/1] (0.00ns)   --->   "%tmp_12 = call i1 @_ssdm_op_BitSelect.i1.i73.i32(i73 %tmp_436, i32 64)" [/home/user/galapagos/middleware/hls/network_bridge_ethernet/src/ethernet_bridge.cpp:13->/home/user/galapagos/middleware/hls/network_bridge_ethernet/src/ethernet_bridge.cpp:129]
ST_1 : Operation 9 [1/1] (0.33ns)   --->   "%not_tmp_last_V_4_loa = xor i1 %tmp_12, true" [/home/user/galapagos/middleware/hls/network_bridge_ethernet/src/ethernet_bridge.cpp:130]   --->   Core 27 'LogicGate' <Latency = 0> <II = 1> <Delay = 0.33> <FuncUnit> <Opcode : 'and' 'or' 'xor'> <InPorts = 2> <OutPorts = 1>
ST_1 : Operation 10 [1/1] (0.00ns)   --->   "%storemerge_cast_i = zext i1 %not_tmp_last_V_4_loa to i3" [/home/user/galapagos/middleware/hls/network_bridge_ethernet/src/ethernet_bridge.cpp:130]
ST_1 : Operation 11 [1/1] (1.00ns)   --->   "store i3 %storemerge_cast_i, i3* @state_V_1, align 1" [/home/user/galapagos/middleware/hls/network_bridge_ethernet/src/ethernet_bridge.cpp:131]
ST_1 : Operation 12 [1/1] (0.00ns)   --->   "br label %.exit" [/home/user/galapagos/middleware/hls/network_bridge_ethernet/src/ethernet_bridge.cpp:137]
ST_1 : Operation 13 [1/1] (0.00ns)   --->   "%tmp_2 = call i1 @_ssdm_op_NbReadReq.ap_fifo.i73P(i73* %from_eth_V, i32 1)"   --->   Core 5 'AXI4Stream' <Latency = 0> <II = 1> <Delay = 1.00> <Adapter> <Opcode : >
ST_1 : Operation 14 [1/1] (0.00ns)   --->   "%app_packet_out_last_1 = load i1* @app_packet_out_last_s, align 1" [/home/user/galapagos/middleware/hls/network_bridge_ethernet/src/ethernet_bridge.cpp:120]
ST_1 : Operation 15 [1/1] (0.83ns)   --->   "br i1 %tmp_2, label %5, label %._crit_edge170.i" [/home/user/galapagos/middleware/hls/network_bridge_ethernet/src/ethernet_bridge.cpp:111]
ST_1 : Operation 16 [1/1] (0.00ns)   --->   "%tmp_223 = call i73 @_ssdm_op_Read.ap_fifo.volatile.i73P(i73* %from_eth_V)"   --->   Core 5 'AXI4Stream' <Latency = 0> <II = 1> <Delay = 1.00> <Adapter> <Opcode : >
ST_1 : Operation 17 [1/1] (0.00ns)   --->   "%tmp_last_V = call i1 @_ssdm_op_BitSelect.i1.i73.i32(i73 %tmp_223, i32 64)" [/home/user/galapagos/middleware/hls/network_bridge_ethernet/src/ethernet_bridge.cpp:13->/home/user/galapagos/middleware/hls/network_bridge_ethernet/src/ethernet_bridge.cpp:112]
ST_1 : Operation 18 [1/1] (0.00ns)   --->   "%tmp_tkeep_V = call i8 @_ssdm_op_PartSelect.i8.i73.i32.i32(i73 %tmp_223, i32 65, i32 72)" [/home/user/galapagos/middleware/hls/network_bridge_ethernet/src/ethernet_bridge.cpp:13->/home/user/galapagos/middleware/hls/network_bridge_ethernet/src/ethernet_bridge.cpp:112]
ST_1 : Operation 19 [1/1] (0.00ns)   --->   "store i1 %tmp_last_V, i1* @app_packet_out_last_s, align 8" [/home/user/galapagos/middleware/hls/network_bridge_ethernet/src/ethernet_bridge.cpp:117]
ST_1 : Operation 20 [1/1] (0.00ns)   --->   "%tmp_11 = trunc i73 %tmp_223 to i65" [/home/user/galapagos/middleware/hls/network_bridge_ethernet/src/ethernet_bridge.cpp:118]
ST_1 : Operation 21 [1/1] (0.83ns)   --->   "br label %._crit_edge170.i" [/home/user/galapagos/middleware/hls/network_bridge_ethernet/src/ethernet_bridge.cpp:119]
ST_1 : Operation 22 [1/1] (0.00ns) (grouped into LUT with out node storemerge2_cast_i_c)   --->   "%app_packet_out_last_2 = phi i1 [ %tmp_last_V, %5 ], [ %app_packet_out_last_1, %4 ]"
ST_1 : Operation 23 [1/1] (0.19ns) (out node of the LUT)   --->   "%storemerge2_cast_i_c = select i1 %app_packet_out_last_2, i3 0, i3 3" [/home/user/galapagos/middleware/hls/network_bridge_ethernet/src/ethernet_bridge.cpp:120]   --->   Core 26 'Sel' <Latency = 0> <II = 1> <Delay = 0.19> <FuncUnit> <Opcode : 'select'> <InPorts = 3> <OutPorts = 1>
ST_1 : Operation 24 [1/1] (1.00ns)   --->   "store i3 %storemerge2_cast_i_c, i3* @state_V_1, align 1" [/home/user/galapagos/middleware/hls/network_bridge_ethernet/src/ethernet_bridge.cpp:121]
ST_1 : Operation 25 [1/1] (0.00ns)   --->   "br label %.exit" [/home/user/galapagos/middleware/hls/network_bridge_ethernet/src/ethernet_bridge.cpp:126]
ST_1 : Operation 26 [1/1] (0.00ns)   --->   "%tmp_1 = call i1 @_ssdm_op_NbReadReq.ap_fifo.i73P(i73* %from_eth_V, i32 1)"   --->   Core 5 'AXI4Stream' <Latency = 0> <II = 1> <Delay = 1.00> <Adapter> <Opcode : >
ST_1 : Operation 27 [1/1] (0.00ns)   --->   "%tmp_116 = call i73 @_ssdm_op_Read.ap_fifo.volatile.i73P(i73* %from_eth_V)"   --->   Core 5 'AXI4Stream' <Latency = 0> <II = 1> <Delay = 1.00> <Adapter> <Opcode : >
ST_1 : Operation 28 [1/1] (0.00ns)   --->   "%tmp_s = call i8 @_ssdm_op_PartSelect.i8.i73.i32.i32(i73 %tmp_116, i32 48, i32 55)"
ST_1 : Operation 29 [1/1] (0.00ns)   --->   "store i8 %tmp_s, i8* @dest_V, align 1" [/home/user/galapagos/middleware/hls/network_bridge_ethernet/src/ethernet_bridge.cpp:104]
ST_1 : Operation 30 [1/1] (1.00ns)   --->   "store i3 3, i3* @state_V_1, align 1" [/home/user/galapagos/middleware/hls/network_bridge_ethernet/src/ethernet_bridge.cpp:105]
ST_1 : Operation 31 [1/1] (0.00ns)   --->   "br label %.exit" [/home/user/galapagos/middleware/hls/network_bridge_ethernet/src/ethernet_bridge.cpp:108]
ST_1 : Operation 32 [1/1] (0.00ns)   --->   "%tmp = call i1 @_ssdm_op_NbReadReq.ap_fifo.i73P(i73* %from_eth_V, i32 1)"   --->   Core 5 'AXI4Stream' <Latency = 0> <II = 1> <Delay = 1.00> <Adapter> <Opcode : >
ST_1 : Operation 33 [1/1] (0.00ns)   --->   "br i1 %tmp, label %1, label %.exit" [/home/user/galapagos/middleware/hls/network_bridge_ethernet/src/ethernet_bridge.cpp:87]
ST_1 : Operation 34 [1/1] (0.00ns)   --->   "%tmp9 = call i73 @_ssdm_op_Read.ap_fifo.volatile.i73P(i73* %from_eth_V)"   --->   Core 5 'AXI4Stream' <Latency = 0> <II = 1> <Delay = 1.00> <Adapter> <Opcode : >
ST_1 : Operation 35 [1/1] (0.00ns)   --->   "%tmp_4 = trunc i73 %tmp9 to i8"
ST_1 : Operation 36 [1/1] (0.00ns)   --->   "%tmp_5 = call i8 @_ssdm_op_PartSelect.i8.i73.i32.i32(i73 %tmp9, i32 8, i32 15)"
ST_1 : Operation 37 [1/1] (0.00ns)   --->   "%tmp_6 = call i8 @_ssdm_op_PartSelect.i8.i73.i32.i32(i73 %tmp9, i32 16, i32 23)"
ST_1 : Operation 38 [1/1] (0.00ns)   --->   "%tmp_7 = call i8 @_ssdm_op_PartSelect.i8.i73.i32.i32(i73 %tmp9, i32 32, i32 39)"
ST_1 : Operation 39 [1/1] (0.00ns)   --->   "%tmp_8 = call i8 @_ssdm_op_PartSelect.i8.i73.i32.i32(i73 %tmp9, i32 24, i32 31)"
ST_1 : Operation 40 [1/1] (0.00ns)   --->   "%tmp_9 = call i8 @_ssdm_op_PartSelect.i8.i73.i32.i32(i73 %tmp9, i32 40, i32 47)"
ST_1 : Operation 41 [1/1] (0.00ns)   --->   "%observedAddress_V = call i48 @_ssdm_op_BitConcatenate.i48.i8.i8.i8.i8.i8.i8(i8 %tmp_4, i8 %tmp_5, i8 %tmp_6, i8 %tmp_8, i8 %tmp_7, i8 %tmp_9)" [/home/user/galapagos/middleware/hls/network_bridge_ethernet/src/ethernet_bridge.cpp:90]
ST_1 : Operation 42 [1/1] (1.38ns)   --->   "%tmp_i = icmp eq i48 %observedAddress_V, %mac_address_V_read" [/home/user/galapagos/middleware/hls/network_bridge_ethernet/src/ethernet_bridge.cpp:92]   --->   Core 25 'Cmp' <Latency = 0> <II = 1> <Delay = 1.38> <FuncUnit> <Opcode : 'icmp'> <InPorts = 2> <OutPorts = 1>
ST_1 : Operation 43 [1/1] (0.19ns)   --->   "%storemerge1_cast_i_c = select i1 %tmp_i, i3 2, i3 1" [/home/user/galapagos/middleware/hls/network_bridge_ethernet/src/ethernet_bridge.cpp:92]   --->   Core 26 'Sel' <Latency = 0> <II = 1> <Delay = 0.19> <FuncUnit> <Opcode : 'select'> <InPorts = 3> <OutPorts = 1>
ST_1 : Operation 44 [1/1] (1.00ns)   --->   "store i3 %storemerge1_cast_i_c, i3* @state_V_1, align 1" [/home/user/galapagos/middleware/hls/network_bridge_ethernet/src/ethernet_bridge.cpp:93]
ST_1 : Operation 45 [1/1] (0.00ns)   --->   "br label %.exit" [/home/user/galapagos/middleware/hls/network_bridge_ethernet/src/ethernet_bridge.cpp:98]

 <State 2> : 0.00ns
ST_2 : Operation 46 [1/1] (0.00ns)   --->   "call void (...)* @_ssdm_op_SpecIFCore(i73* %from_eth_V, [1 x i8]* @p_str, [11 x i8]* @p_str2, [1 x i8]* @p_str, i32 -1, [1 x i8]* @p_str, [1 x i8]* @p_str, [1 x i8]* @p_str, [1 x i8]* @p_str, [1 x i8]* @p_str)"
ST_2 : Operation 47 [1/1] (0.00ns)   --->   "call void (...)* @_ssdm_op_SpecIFCore(i81* %to_app_V, [1 x i8]* @p_str, [11 x i8]* @p_str2, [1 x i8]* @p_str, i32 -1, [1 x i8]* @p_str, [1 x i8]* @p_str, [1 x i8]* @p_str, [1 x i8]* @p_str, [1 x i8]* @p_str)"
ST_2 : Operation 48 [1/1] (0.00ns)   --->   "call void (...)* @_ssdm_op_SpecInterface(i81* %to_app_V, [8 x i8]* @ap_fifo_str, i32 0, i32 0, [1 x i8]* @p_str, i32 0, i32 0, [1 x i8]* @p_str, [1 x i8]* @p_str, [1 x i8]* @p_str, i32 2, i32 2, i32 16, i32 16, [1 x i8]* @p_str, [1 x i8]* @p_str)"
ST_2 : Operation 49 [1/1] (0.00ns)   --->   "call void (...)* @_ssdm_op_SpecInterface(i73* %from_eth_V, [8 x i8]* @ap_fifo_str, i32 0, i32 0, [1 x i8]* @p_str, i32 0, i32 0, [1 x i8]* @p_str, [1 x i8]* @p_str, [1 x i8]* @p_str, i32 2, i32 2, i32 16, i32 16, [1 x i8]* @p_str, [1 x i8]* @p_str)"
ST_2 : Operation 50 [1/1] (0.00ns)   --->   "call void (...)* @_ssdm_op_SpecInterface(i48* %mac_address_V, [8 x i8]* @ap_fifo_str, i32 0, i32 0, [1 x i8]* @p_str, i32 0, i32 0, [1 x i8]* @p_str, [1 x i8]* @p_str, [1 x i8]* @p_str, i32 2, i32 2, i32 16, i32 16, [1 x i8]* @p_str, [1 x i8]* @p_str)"
ST_2 : Operation 51 [1/1] (0.00ns)   --->   "call void (...)* @_ssdm_op_SpecPipeline(i32 1, i32 1, i32 1, i32 0, [1 x i8]* @p_str) nounwind" [/home/user/galapagos/middleware/hls/network_bridge_ethernet/src/ethernet_bridge.cpp:74]
ST_2 : Operation 52 [1/1] (0.00ns)   --->   "br i1 %tmp_3, label %7, label %._crit_edge171.i" [/home/user/galapagos/middleware/hls/network_bridge_ethernet/src/ethernet_bridge.cpp:128]
ST_2 : Operation 53 [1/1] (0.00ns)   --->   "br label %._crit_edge171.i" [/home/user/galapagos/middleware/hls/network_bridge_ethernet/src/ethernet_bridge.cpp:136]
ST_2 : Operation 54 [1/1] (0.00ns)   --->   "%tmp_tdest_V = load i8* @dest_V, align 1"
ST_2 : Operation 55 [1/1] (0.00ns)   --->   "%tmp_31 = call i81 @_ssdm_op_BitConcatenate.i81.i8.i8.i65(i8 %tmp_tkeep_V, i8 %tmp_tdest_V, i65 %tmp_11)" [/home/user/galapagos/middleware/hls/network_bridge_ethernet/src/ethernet_bridge.cpp:118]
ST_2 : Operation 56 [1/1] (0.00ns)   --->   "call void @_ssdm_op_Write.ap_fifo.volatile.i81P(i81* %to_app_V, i81 %tmp_31)" [/home/user/galapagos/middleware/hls/network_bridge_ethernet/src/ethernet_bridge.cpp:118]   --->   Core 5 'AXI4Stream' <Latency = 0> <II = 1> <Delay = 1.00> <Adapter> <Opcode : >
ST_2 : Operation 57 [1/1] (0.00ns)   --->   "br i1 %tmp_1, label %3, label %._crit_edge169.i" [/home/user/galapagos/middleware/hls/network_bridge_ethernet/src/ethernet_bridge.cpp:101]
ST_2 : Operation 58 [1/1] (0.00ns)   --->   "br label %._crit_edge169.i" [/home/user/galapagos/middleware/hls/network_bridge_ethernet/src/ethernet_bridge.cpp:107]
ST_2 : Operation 59 [1/1] (0.00ns)   --->   "%p_066_1_i = phi i48 [ undef, %._crit_edge171.i ], [ undef, %._crit_edge170.i ], [ undef, %._crit_edge169.i ], [ %observedAddress_V, %1 ], [ undef, %entry ], [ undef, %0 ]"
ST_2 : Operation 60 [1/1] (0.00ns)   --->   "call void @_ssdm_op_Write.ap_auto.i48P(i48* %observedAddress_out_s, i48 %p_066_1_i)" [/home/user/galapagos/middleware/hls/network_bridge_ethernet/src/ethernet_bridge.cpp:140]
ST_2 : Operation 61 [1/1] (0.00ns)   --->   "ret void"


============================================================
+ Verbose Summary: Timing violations
============================================================
Target clock period: 4ns, clock uncertainty: 0.5ns.

 <State 1>: 4.33ns
The critical path consists of the following:
	fifo read on port 'mac_address_V' [13]  (1.75 ns)
	'icmp' operation ('tmp_i', /home/user/galapagos/middleware/hls/network_bridge_ethernet/src/ethernet_bridge.cpp:92) [71]  (1.39 ns)
	'select' operation ('storemerge1_cast_i_c', /home/user/galapagos/middleware/hls/network_bridge_ethernet/src/ethernet_bridge.cpp:92) [72]  (0.19 ns)
	'store' operation (/home/user/galapagos/middleware/hls/network_bridge_ethernet/src/ethernet_bridge.cpp:93) of variable 'storemerge1_cast_i_c', /home/user/galapagos/middleware/hls/network_bridge_ethernet/src/ethernet_bridge.cpp:92 on static variable 'state_V_1' [73]  (1 ns)

 <State 2>: 0ns
The critical path consists of the following:


============================================================
+ Verbose Summary: Binding
============================================================
N/A
* FSMD analyzer results:
  - Output states:
 - Input state : 
  - Chain level:
	State 1
	State 2


============================================================
+ Verbose Summary: Datapath Resource usage 
============================================================
N/A
