

================================================================
== Vivado HLS Report for 'lbus_fifo_read'
================================================================
* Date:           Thu Jul 25 02:36:35 2024

* Version:        2019.1 (Build 2552052 on Fri May 24 15:28:33 MDT 2019)
* Project:        lbus_fifo_read
* Solution:       solution1
* Product family: virtexuplus
* Target device:  xcu250-figd2104-2L-e


================================================================
== Performance Estimates
================================================================
+ Timing (ns): 
    * Summary: 
    +--------+-------+----------+------------+
    |  Clock | Target| Estimated| Uncertainty|
    +--------+-------+----------+------------+
    |ap_clk  |   3.10|     1.409|        0.39|
    +--------+-------+----------+------------+

+ Latency (clock cycles): 
    * Summary: 
    +-----+-----+-----+-----+---------+
    |  Latency  |  Interval | Pipeline|
    | min | max | min | max |   Type  |
    +-----+-----+-----+-----+---------+
    |    0|    0|    0|    0|   none  |
    +-----+-----+-----+-----+---------+

    + Detail: 
        * Instance: 
        +---------------------------+----------+-----+-----+-----+-----+---------+
        |                           |          |  Latency  |  Interval | Pipeline|
        |          Instance         |  Module  | min | max | min | max |   Type  |
        +---------------------------+----------+-----+-----+-----+-----+---------+
        |call_ret_mty2keep_fu_318   |mty2keep  |    0|    0|    0|    0|   none  |
        |call_ret1_mty2keep_fu_324  |mty2keep  |    0|    0|    0|    0|   none  |
        |call_ret2_mty2keep_fu_330  |mty2keep  |    0|    0|    0|    0|   none  |
        |call_ret3_mty2keep_fu_336  |mty2keep  |    0|    0|    0|    0|   none  |
        +---------------------------+----------+-----+-----+-----+-----+---------+

        * Loop: 
        N/A



================================================================
== Utilization Estimates
================================================================
* Summary: 
+---------------------+---------+-------+---------+---------+------+
|         Name        | BRAM_18K| DSP48E|    FF   |   LUT   | URAM |
+---------------------+---------+-------+---------+---------+------+
|DSP                  |        -|      -|        -|        -|     -|
|Expression           |        -|      -|        0|       76|     -|
|FIFO                 |        -|      -|        -|        -|     -|
|Instance             |        -|      -|        0|      628|     -|
|Memory               |        -|      -|        -|        -|     -|
|Multiplexer          |        -|      -|        -|      282|     -|
|Register             |        -|      -|     1521|        -|     -|
+---------------------+---------+-------+---------+---------+------+
|Total                |        0|      0|     1521|      986|     0|
+---------------------+---------+-------+---------+---------+------+
|Available SLR        |     1344|   3072|   864000|   432000|   320|
+---------------------+---------+-------+---------+---------+------+
|Utilization SLR (%)  |        0|      0|    ~0   |    ~0   |     0|
+---------------------+---------+-------+---------+---------+------+
|Available            |     5376|  12288|  3456000|  1728000|  1280|
+---------------------+---------+-------+---------+---------+------+
|Utilization (%)      |        0|      0|    ~0   |    ~0   |     0|
+---------------------+---------+-------+---------+---------+------+

+ Detail: 
    * Instance: 
    +---------------------------+----------+---------+-------+---+-----+-----+
    |          Instance         |  Module  | BRAM_18K| DSP48E| FF| LUT | URAM|
    +---------------------------+----------+---------+-------+---+-----+-----+
    |call_ret_mty2keep_fu_318   |mty2keep  |        0|      0|  0|  157|    0|
    |call_ret1_mty2keep_fu_324  |mty2keep  |        0|      0|  0|  157|    0|
    |call_ret2_mty2keep_fu_330  |mty2keep  |        0|      0|  0|  157|    0|
    |call_ret3_mty2keep_fu_336  |mty2keep  |        0|      0|  0|  157|    0|
    +---------------------------+----------+---------+-------+---+-----+-----+
    |Total                      |          |        0|      0|  0|  628|    0|
    +---------------------------+----------+---------+-------+---+-----+-----+

    * DSP48E: 
    N/A

    * Memory: 
    N/A

    * FIFO: 
    N/A

    * Expression: 
    +-----------------------+----------+-------+---+----+------------+------------+
    |     Variable Name     | Operation| DSP48E| FF| LUT| Bitwidth P0| Bitwidth P1|
    +-----------------------+----------+-------+---+----+------------+------------+
    |and_ln133_fu_635_p2    |    and   |      0|  0|   2|           1|           1|
    |ret_V_21_fu_370_p2     |    and   |      0|  0|  16|          16|          16|
    |ret_V_22_fu_392_p2     |    and   |      0|  0|  16|          16|          16|
    |ret_V_23_fu_414_p2     |    and   |      0|  0|  16|          16|          16|
    |or_ln146_1_fu_1274_p2  |    or    |      0|  0|   2|           1|           1|
    |or_ln146_fu_1268_p2    |    or    |      0|  0|   2|           1|           1|
    |ret_V_20_fu_609_p2     |    or    |      0|  0|   2|           1|           1|
    |ret_V_24_fu_565_p2     |    or    |      0|  0|   2|           1|           1|
    |ret_V_25_fu_587_p2     |    or    |      0|  0|   2|           1|           1|
    |rhs_V_14_fu_384_p3     |  select  |      0|  0|   2|           1|           2|
    |rhs_V_15_fu_406_p3     |  select  |      0|  0|   2|           1|           2|
    |rhs_V_fu_362_p3        |  select  |      0|  0|   2|           1|           2|
    |error_V                |    xor   |      0|  0|   2|           1|           1|
    |xor_ln113_fu_549_p2    |    xor   |      0|  0|   2|           1|           2|
    |xor_ln114_fu_571_p2    |    xor   |      0|  0|   2|           1|           2|
    |xor_ln115_fu_593_p2    |    xor   |      0|  0|   2|           1|           2|
    |xor_ln146_fu_1280_p2   |    xor   |      0|  0|   2|           1|           2|
    +-----------------------+----------+-------+---+----+------------+------------+
    |Total                  |          |      0|  0|  76|          62|          69|
    +-----------------------+----------+-------+---+----+------------+------------+

    * Multiplexer: 
    +----------------------------------------+----+-----------+-----+-----------+
    |                  Name                  | LUT| Input Size| Bits| Total Bits|
    +----------------------------------------+----+-----------+-----+-----------+
    |ap_phi_mux_empty_phi_fu_294_p6          |  15|          3|    1|          3|
    |ap_phi_mux_storemerge482_phi_fu_307_p6  |  15|          3|    1|          3|
    |out_pktendbuf_data_V                    |   9|          2|  128|        256|
    |out_pktendbuf_data_V_1                  |   9|          2|  128|        256|
    |out_pktendbuf_data_V_2                  |   9|          2|  128|        256|
    |out_pktendbuf_ena_V_1                   |   9|          2|    1|          2|
    |out_pktendbuf_ena_V_2                   |   9|          2|    1|          2|
    |out_pktendbuf_ena_V_s                   |   9|          2|    1|          2|
    |out_pktendbuf_eop_V_1                   |   9|          2|    1|          2|
    |out_pktendbuf_eop_V_2                   |   9|          2|    1|          2|
    |out_pktendbuf_eop_V_s                   |   9|          2|    1|          2|
    |out_pktendbuf_mty_V_1                   |   9|          2|    4|          8|
    |out_pktendbuf_mty_V_2                   |   9|          2|    4|          8|
    |out_pktendbuf_mty_V_s                   |   9|          2|    4|          8|
    |outbuf_data_V_0                         |   9|          2|  128|        256|
    |outbuf_data_V_1                         |   9|          2|  128|        256|
    |outbuf_data_V_2                         |   9|          2|  128|        256|
    |outbuf_data_V_3                         |   9|          2|  128|        256|
    |outbuf_ena_V_0                          |   9|          2|    1|          2|
    |outbuf_ena_V_1                          |   9|          2|    1|          2|
    |outbuf_ena_V_2                          |   9|          2|    1|          2|
    |outbuf_ena_V_3                          |   9|          2|    1|          2|
    |outbuf_eop_V_0                          |   9|          2|    1|          2|
    |outbuf_eop_V_1                          |   9|          2|    1|          2|
    |outbuf_eop_V_2                          |   9|          2|    1|          2|
    |outbuf_eop_V_3                          |   9|          2|    1|          2|
    |outbuf_mty_V_0                          |   9|          2|    4|          8|
    |outbuf_mty_V_1                          |   9|          2|    4|          8|
    |outbuf_mty_V_2                          |   9|          2|    4|          8|
    |outbuf_mty_V_3                          |   9|          2|    4|          8|
    +----------------------------------------+----+-----------+-----+-----------+
    |Total                                   | 282|         62|  940|       1882|
    +----------------------------------------+----+-----------+-----+-----------+

    * Register: 
    +------------------------+-----+----+-----+-----------+
    |          Name          |  FF | LUT| Bits| Const Bits|
    +------------------------+-----+----+-----+-----------+
    |ap_CS_fsm               |    1|   0|    1|          0|
    |keep1mask_V             |    1|   0|    1|          0|
    |keep2mask_V             |    1|   0|    1|          0|
    |keep3mask_V             |    1|   0|    1|          0|
    |m_axis_databuf_V        |  512|   0|  512|          0|
    |m_axis_keepbuf_V_0      |   16|   0|   16|          0|
    |m_axis_keepbuf_V_1      |   16|   0|   16|          0|
    |m_axis_keepbuf_V_2      |   16|   0|   16|          0|
    |m_axis_keepbuf_V_3      |   16|   0|   16|          0|
    |m_axis_lastbuf_V        |    1|   0|    1|          0|
    |m_axis_validbuf_V       |    1|   0|    1|          0|
    |out_pktendbuf_data_V    |  128|   0|  128|          0|
    |out_pktendbuf_data_V_1  |  128|   0|  128|          0|
    |out_pktendbuf_data_V_2  |  128|   0|  128|          0|
    |out_pktendbuf_ena_V_1   |    1|   0|    1|          0|
    |out_pktendbuf_ena_V_2   |    1|   0|    1|          0|
    |out_pktendbuf_ena_V_s   |    1|   0|    1|          0|
    |out_pktendbuf_eop_V_1   |    1|   0|    1|          0|
    |out_pktendbuf_eop_V_2   |    1|   0|    1|          0|
    |out_pktendbuf_eop_V_s   |    1|   0|    1|          0|
    |out_pktendbuf_mty_V_1   |    4|   0|    4|          0|
    |out_pktendbuf_mty_V_2   |    4|   0|    4|          0|
    |out_pktendbuf_mty_V_s   |    4|   0|    4|          0|
    |outbuf_data_V_0         |  128|   0|  128|          0|
    |outbuf_data_V_1         |  128|   0|  128|          0|
    |outbuf_data_V_2         |  128|   0|  128|          0|
    |outbuf_data_V_3         |  128|   0|  128|          0|
    |outbuf_ena_V_0          |    1|   0|    1|          0|
    |outbuf_ena_V_1          |    1|   0|    1|          0|
    |outbuf_ena_V_2          |    1|   0|    1|          0|
    |outbuf_ena_V_3          |    1|   0|    1|          0|
    |outbuf_eop_V_0          |    1|   0|    1|          0|
    |outbuf_eop_V_1          |    1|   0|    1|          0|
    |outbuf_eop_V_2          |    1|   0|    1|          0|
    |outbuf_eop_V_3          |    1|   0|    1|          0|
    |outbuf_mty_V_0          |    4|   0|    4|          0|
    |outbuf_mty_V_1          |    4|   0|    4|          0|
    |outbuf_mty_V_2          |    4|   0|    4|          0|
    |outbuf_mty_V_3          |    4|   0|    4|          0|
    |output_valid_V          |    1|   0|    1|          0|
    +------------------------+-----+----+-----+-----------+
    |Total                   | 1521|   0| 1521|          0|
    +------------------------+-----+----+-----+-----------+



================================================================
== Interface
================================================================
* Summary: 
+---------------------------+-----+-----+--------------+---------------------------+--------------+
|         RTL Ports         | Dir | Bits|   Protocol   |       Source Object       |    C Type    |
+---------------------------+-----+-----+--------------+---------------------------+--------------+
|ap_clk                     |  in |    1| ap_ctrl_none |       lbus_fifo_read      | return value |
|ap_rst                     |  in |    1| ap_ctrl_none |       lbus_fifo_read      | return value |
|lbus_fifo                  |  in |  544|    ap_none   |         lbus_fifo         |    scalar    |
|lbus_fifo_pkt_end          |  in |  408|    ap_none   |     lbus_fifo_pkt_end     |    scalar    |
|lbus_fifo_empty_V          |  in |    1|    ap_none   |     lbus_fifo_empty_V     |    scalar    |
|lbus_fifo_pkt_end_empty_V  |  in |    1|    ap_none   | lbus_fifo_pkt_end_empty_V |    scalar    |
|lbus_fifo_valid_V          |  in |    1|    ap_none   |     lbus_fifo_valid_V     |    scalar    |
|lbus_fifo_pkt_end_valid_V  |  in |    1|    ap_none   | lbus_fifo_pkt_end_valid_V |    scalar    |
|lbus_fifo_re_V             | out |    1|    ap_none   |       lbus_fifo_re_V      |    pointer   |
|lbus_fifo_pkt_end_re_V     | out |    1|    ap_none   |   lbus_fifo_pkt_end_re_V  |    pointer   |
|error_V                    | out |    1|    ap_none   |          error_V          |    pointer   |
|m_axis_data_V              | out |  512|    ap_none   |       m_axis_data_V       |    pointer   |
|m_axis_keep_V              | out |   64|    ap_none   |       m_axis_keep_V       |    pointer   |
|m_axis_last_V              | out |    1|    ap_none   |       m_axis_last_V       |    pointer   |
|m_axis_valid_V             | out |    1|    ap_none   |       m_axis_valid_V      |    pointer   |
+---------------------------+-----+-----+--------------+---------------------------+--------------+

