

================================================================
== Vivado HLS Report for 'arp_send'
================================================================
* Date:           Thu Jul 25 02:33:52 2024

* Version:        2019.1 (Build 2552052 on Fri May 24 15:28:33 MDT 2019)
* Project:        arp_send
* Solution:       solution1
* Product family: virtexuplus
* Target device:  xcu280-fsvh2892-2L-e


================================================================
== Performance Estimates
================================================================
+ Timing (ns): 
    * Summary: 
    +--------+-------+----------+------------+
    |  Clock | Target| Estimated| Uncertainty|
    +--------+-------+----------+------------+
    |ap_clk  |   3.10|     1.564|        0.39|
    +--------+-------+----------+------------+

+ Latency (clock cycles): 
    * Summary: 
    +-----+-----+-----+-----+---------+
    |  Latency  |  Interval | Pipeline|
    | min | max | min | max |   Type  |
    +-----+-----+-----+-----+---------+
    |    0|    0|    0|    0|   none  |
    +-----+-----+-----+-----+---------+

    + Detail: 
        * Instance: 
        N/A

        * Loop: 
        N/A



================================================================
== Utilization Estimates
================================================================
* Summary: 
+---------------------+---------+-------+---------+---------+-----+
|         Name        | BRAM_18K| DSP48E|    FF   |   LUT   | URAM|
+---------------------+---------+-------+---------+---------+-----+
|DSP                  |        -|      -|        -|        -|    -|
|Expression           |        -|      -|        0|     1334|    -|
|FIFO                 |        -|      -|        -|        -|    -|
|Instance             |        -|      -|        0|       34|    -|
|Memory               |        -|      -|        -|        -|    -|
|Multiplexer          |        -|      -|        -|      360|    -|
|Register             |        -|      -|     1071|        -|    -|
+---------------------+---------+-------+---------+---------+-----+
|Total                |        0|      0|     1071|     1728|    0|
+---------------------+---------+-------+---------+---------+-----+
|Available SLR        |     1344|   3008|   869120|   434560|  320|
+---------------------+---------+-------+---------+---------+-----+
|Utilization SLR (%)  |        0|      0|    ~0   |    ~0   |    0|
+---------------------+---------+-------+---------+---------+-----+
|Available            |     4032|   9024|  2607360|  1303680|  960|
+---------------------+---------+-------+---------+---------+-----+
|Utilization (%)      |        0|      0|    ~0   |    ~0   |    0|
+---------------------+---------+-------+---------+---------+-----+

+ Detail: 
    * Instance: 
    +---------------------------+------------------------+---------+-------+---+----+-----+
    |          Instance         |         Module         | BRAM_18K| DSP48E| FF| LUT| URAM|
    +---------------------------+------------------------+---------+-------+---+----+-----+
    |arp_send_mux_42_32_1_1_U1  |arp_send_mux_42_32_1_1  |        0|      0|  0|  17|    0|
    |arp_send_mux_42_32_1_1_U2  |arp_send_mux_42_32_1_1  |        0|      0|  0|  17|    0|
    +---------------------------+------------------------+---------+-------+---+----+-----+
    |Total                      |                        |        0|      0|  0|  34|    0|
    +---------------------------+------------------------+---------+-------+---+----+-----+

    * DSP48E: 
    N/A

    * Memory: 
    N/A

    * FIFO: 
    N/A

    * Expression: 
    +----------------------------+----------+-------+---+----+------------+------------+
    |        Variable Name       | Operation| DSP48E| FF| LUT| Bitwidth P0| Bitwidth P1|
    +----------------------------+----------+-------+---+----+------------+------------+
    |add_ln700_1_fu_934_p2       |     +    |      0|  0|   3|           2|           1|
    |add_ln700_2_fu_1140_p2      |     +    |      0|  0|   3|           2|           1|
    |add_ln700_5_fu_1494_p2      |     +    |      0|  0|  32|          32|           1|
    |add_ln700_fu_816_p2         |     +    |      0|  0|   3|           2|           1|
    |grp_fu_591_p2               |     +    |      0|  0|   3|           2|           1|
    |and_ln142_fu_1164_p2        |    and   |      0|  0|   2|           1|           1|
    |and_ln321_1_fu_1076_p2      |    and   |      0|  0|   2|           1|           1|
    |and_ln321_2_fu_1253_p2      |    and   |      0|  0|   2|           1|           1|
    |and_ln321_3_fu_1259_p2      |    and   |      0|  0|   2|           1|           1|
    |and_ln321_4_fu_1372_p2      |    and   |      0|  0|   2|           1|           1|
    |and_ln321_5_fu_1378_p2      |    and   |      0|  0|   2|           1|           1|
    |and_ln321_fu_1070_p2        |    and   |      0|  0|   2|           1|           1|
    |and_ln879_fu_1568_p2        |    and   |      0|  0|  32|          32|          32|
    |ap_condition_201            |    and   |      0|  0|   2|           1|           1|
    |rhs_V_fu_1317_p2            |    and   |      0|  0|   2|           1|           1|
    |grp_fu_531_p2               |   icmp   |      0|  0|   8|           2|           1|
    |grp_fu_544_p2               |   icmp   |      0|  0|   8|           2|           1|
    |grp_fu_557_p2               |   icmp   |      0|  0|   9|           2|           3|
    |grp_fu_576_p2               |   icmp   |      0|  0|   9|           2|           3|
    |grp_fu_581_p2               |   icmp   |      0|  0|   8|           2|           1|
    |grp_fu_586_p2               |   icmp   |      0|  0|   8|           2|           1|
    |icmp_ln178_fu_1606_p2       |   icmp   |      0|  0|  20|          32|          32|
    |icmp_ln321_1_fu_986_p2      |   icmp   |      0|  0|   8|           2|           1|
    |icmp_ln321_2_fu_1016_p2     |   icmp   |      0|  0|   9|           2|           3|
    |icmp_ln321_3_fu_1052_p2     |   icmp   |      0|  0|   9|           2|           3|
    |icmp_ln321_4_fu_1058_p2     |   icmp   |      0|  0|   8|           2|           1|
    |icmp_ln321_5_fu_1064_p2     |   icmp   |      0|  0|   8|           2|           1|
    |icmp_ln321_fu_964_p2        |   icmp   |      0|  0|   8|           2|           1|
    |icmp_ln879_1_fu_1412_p2     |   icmp   |      0|  0|  20|          32|          32|
    |icmp_ln879_2_fu_1574_p2     |   icmp   |      0|  0|  20|          32|           1|
    |icmp_ln879_fu_1303_p2       |   icmp   |      0|  0|  20|          29|           1|
    |icmp_ln883_1_fu_832_p2      |   icmp   |      0|  0|   8|           2|           2|
    |icmp_ln883_2_fu_1152_p2     |   icmp   |      0|  0|  24|          48|          48|
    |icmp_ln883_3_fu_1158_p2     |   icmp   |      0|  0|  20|          32|          32|
    |icmp_ln883_4_fu_1293_p2     |   icmp   |      0|  0|  20|          32|          32|
    |icmp_ln883_5_fu_1454_p2     |   icmp   |      0|  0|  11|           8|           1|
    |icmp_ln883_6_fu_1488_p2     |   icmp   |      0|  0|  11|           8|           1|
    |icmp_ln883_7_fu_1552_p2     |   icmp   |      0|  0|  11|           8|           1|
    |icmp_ln883_fu_725_p2        |   icmp   |      0|  0|   8|           2|           2|
    |icmp_ln9_1_fu_866_p2        |   icmp   |      0|  0|   8|           2|           1|
    |icmp_ln9_2_fu_872_p2        |   icmp   |      0|  0|   9|           2|           3|
    |icmp_ln9_fu_860_p2          |   icmp   |      0|  0|   8|           2|           1|
    |grp_fu_536_p2               |    or    |      0|  0|   2|           1|           1|
    |grp_fu_549_p2               |    or    |      0|  0|   2|           1|           1|
    |grp_fu_562_p2               |    or    |      0|  0|   2|           1|           1|
    |grp_fu_570_p2               |    or    |      0|  0|   2|           1|           1|
    |or_ln161_fu_1478_p2         |    or    |      0|  0|   2|           1|           1|
    |or_ln321_14_fu_1384_p2      |    or    |      0|  0|   2|           1|           1|
    |or_ln321_1_fu_992_p2        |    or    |      0|  0|   2|           1|           1|
    |or_ln321_2_fu_1022_p2       |    or    |      0|  0|   2|           1|           1|
    |or_ln321_3_fu_1029_p2       |    or    |      0|  0|   2|           1|           1|
    |or_ln321_4_fu_1082_p2       |    or    |      0|  0|   2|           1|           1|
    |or_ln321_9_fu_1265_p2       |    or    |      0|  0|   2|           1|           1|
    |or_ln321_fu_970_p2          |    or    |      0|  0|   2|           1|           1|
    |or_ln9_fu_886_p2            |    or    |      0|  0|   2|           1|           1|
    |ret_V_fu_1323_p2            |    or    |      0|  0|   2|           1|           1|
    |arp_out_keep_V              |  select  |      0|  0|   6|           1|           6|
    |select_ln174_fu_1588_p3     |  select  |      0|  0|   8|           1|           8|
    |select_ln181_fu_1624_p3     |  select  |      0|  0|  32|           1|          32|
    |select_ln321_10_fu_1236_p3  |  select  |      0|  0|  32|           1|          32|
    |select_ln321_11_fu_1244_p3  |  select  |      0|  0|  32|           1|          32|
    |select_ln321_12_fu_1272_p3  |  select  |      0|  0|  32|           1|          32|
    |select_ln321_13_fu_1280_p3  |  select  |      0|  0|  32|           1|          32|
    |select_ln321_14_fu_1329_p3  |  select  |      0|  0|  32|           1|          32|
    |select_ln321_15_fu_1338_p3  |  select  |      0|  0|  32|           1|          32|
    |select_ln321_16_fu_1346_p3  |  select  |      0|  0|  32|           1|          32|
    |select_ln321_17_fu_1355_p3  |  select  |      0|  0|  32|           1|          32|
    |select_ln321_18_fu_1363_p3  |  select  |      0|  0|  32|           1|          32|
    |select_ln321_19_fu_1391_p3  |  select  |      0|  0|  32|           1|          32|
    |select_ln321_1_fu_999_p3    |  select  |      0|  0|  32|           1|          32|
    |select_ln321_20_fu_1399_p3  |  select  |      0|  0|  32|           1|          32|
    |select_ln321_2_fu_1007_p3   |  select  |      0|  0|  32|           1|          32|
    |select_ln321_3_fu_1035_p3   |  select  |      0|  0|  32|           1|          32|
    |select_ln321_4_fu_1043_p3   |  select  |      0|  0|  32|           1|          32|
    |select_ln321_5_fu_1089_p3   |  select  |      0|  0|  32|           1|          32|
    |select_ln321_6_fu_1097_p3   |  select  |      0|  0|  32|           1|          32|
    |select_ln321_7_fu_1210_p3   |  select  |      0|  0|  32|           1|          32|
    |select_ln321_8_fu_1219_p3   |  select  |      0|  0|  32|           1|          32|
    |select_ln321_9_fu_1227_p3   |  select  |      0|  0|  32|           1|          32|
    |select_ln321_fu_977_p3      |  select  |      0|  0|  32|           1|          32|
    |select_ln9_1_fu_892_p3      |  select  |      0|  0|  48|           1|          48|
    |select_ln9_2_fu_900_p3      |  select  |      0|  0|  48|           1|          48|
    |select_ln9_fu_878_p3        |  select  |      0|  0|  48|           1|          48|
    |xor_ln879_fu_1562_p2        |    xor   |      0|  0|  32|          32|          32|
    +----------------------------+----------+-------+---+----+------------+------------+
    |Total                       |          |      0|  0|1334|         449|        1164|
    +----------------------------+----------+-------+---+----+------------+------------+

    * Multiplexer: 
    +-------------------------------------------------+----+-----------+-----+-----------+
    |                       Name                      | LUT| Input Size| Bits| Total Bits|
    +-------------------------------------------------+----+-----------+-----+-----------+
    |ap_phi_mux_send_req_fifo_V_0_fl_1_phi_fu_400_p8  |  15|          3|    1|          3|
    |ap_phi_mux_send_req_fifo_V_0_fl_phi_fu_296_p6    |  15|          3|    1|          3|
    |ap_phi_mux_send_req_fifo_V_0_ne_phi_fu_415_p8    |  21|          4|   32|        128|
    |ap_phi_mux_send_req_fifo_V_1_fl_phi_fu_428_p8    |  15|          3|    1|          3|
    |ap_phi_mux_send_req_fifo_V_1_ne_phi_fu_443_p8    |  21|          4|   32|        128|
    |ap_phi_mux_send_req_fifo_V_2_fl_phi_fu_456_p8    |  15|          3|    1|          3|
    |ap_phi_mux_send_req_fifo_V_2_ne_phi_fu_471_p8    |  21|          4|   32|        128|
    |ap_phi_mux_send_req_fifo_V_3_fl_phi_fu_484_p8    |  21|          4|    1|          4|
    |ap_phi_mux_send_req_fifo_V_3_ne_phi_fu_499_p8    |  21|          4|   32|        128|
    |ap_phi_mux_send_resp_fifo_ip_V_10_phi_fu_362_p4  |  15|          3|    1|          3|
    |ap_phi_mux_send_resp_fifo_ip_V_11_phi_fu_372_p4  |  15|          3|   32|         96|
    |ap_phi_mux_send_resp_fifo_ip_V_12_phi_fu_381_p4  |  15|          3|    1|          3|
    |ap_phi_mux_send_resp_fifo_ip_V_13_phi_fu_391_p4  |  15|          3|   32|         96|
    |ap_phi_mux_send_resp_fifo_ip_V_5_phi_fu_310_p6   |  15|          3|    1|          3|
    |ap_phi_mux_send_resp_fifo_ip_V_6_phi_fu_324_p4   |  15|          3|    1|          3|
    |ap_phi_mux_send_resp_fifo_ip_V_7_phi_fu_334_p4   |  15|          3|   32|         96|
    |ap_phi_mux_send_resp_fifo_ip_V_8_phi_fu_343_p4   |  15|          3|    1|          3|
    |ap_phi_mux_send_resp_fifo_ip_V_9_phi_fu_353_p4   |  15|          3|   32|         96|
    |arp_out_reg_dst_ip_V                             |   9|          2|   32|         64|
    |arp_out_reg_dst_mac_s                            |   9|          2|   48|         96|
    |arp_out_reg_opcode_V                             |   9|          2|    2|          4|
    |arp_status_reg_V                                 |  15|          3|    2|          6|
    |arp_timeout_cnt_V                                |   9|          2|   32|         64|
    |lookup_req_valid_reg_1                           |   9|          2|    1|          2|
    +-------------------------------------------------+----+-----------+-----+-----------+
    |Total                                            | 360|         72|  383|       1163|
    +-------------------------------------------------+----+-----------+-----+-----------+

    * Register: 
    +------------------------+----+----+-----+-----------+
    |          Name          | FF | LUT| Bits| Const Bits|
    +------------------------+----+----+-----+-----------+
    |ap_CS_fsm               |   1|   0|    1|          0|
    |arp_out_reg_dst_ip_V    |  32|   0|   32|          0|
    |arp_out_reg_dst_mac_s   |  48|   0|   48|          0|
    |arp_out_reg_fixed_he    |   5|   0|   34|         29|
    |arp_out_reg_opcode_V    |   2|   0|    4|          2|
    |arp_out_reg_src_ip_V    |  32|   0|   32|          0|
    |arp_out_reg_src_mac_s   |  48|   0|   48|          0|
    |arp_out_reg_valid_V     |   1|   0|    1|          0|
    |arp_status_reg_V        |   2|   0|    2|          0|
    |arp_timeout_cnt_V       |  32|   0|   32|          0|
    |arptable_addr_reg_V     |   8|   0|    8|          0|
    |call_for_responce_re    |   1|   0|    1|          0|
    |call_for_responce_re_1  |  80|   0|   80|          0|
    |gatewayReg_V            |  32|   0|   32|          0|
    |lookup_req_issued0_V    |  32|   0|   32|          0|
    |lookup_req_issued1_V    |  32|   0|   32|          0|
    |lookup_req_issued_V     |  32|   0|   32|          0|
    |lookup_req_reg_V        |  32|   0|   32|          0|
    |lookup_req_valid_reg    |   1|   0|    1|          0|
    |lookup_req_valid_reg_1  |   1|   0|    1|          0|
    |lookup_req_valid_reg_2  |   1|   0|    1|          0|
    |lookup_result_reg_V     |  48|   0|   48|          0|
    |myIPReg_V               |  32|   0|   32|          0|
    |myMacReg_V              |  48|   0|   48|          0|
    |netmaskReg_V            |  32|   0|   32|          0|
    |send_req_fifo_V_0       |  32|   0|   32|          0|
    |send_req_fifo_V_1       |  32|   0|   32|          0|
    |send_req_fifo_V_2       |  32|   0|   32|          0|
    |send_req_fifo_V_3       |  32|   0|   32|          0|
    |send_req_fifo_rdidx_s   |   2|   0|    2|          0|
    |send_req_fifo_wridx_s   |   2|   0|    2|          0|
    |send_resp_fifo_ip_V_1   |  32|   0|   32|          0|
    |send_resp_fifo_ip_V_2   |  32|   0|   32|          0|
    |send_resp_fifo_ip_V_3   |  32|   0|   32|          0|
    |send_resp_fifo_ip_V_s   |  32|   0|   32|          0|
    |send_resp_fifo_mac_V    |  48|   0|   48|          0|
    |send_resp_fifo_mac_V_1  |  48|   0|   48|          0|
    |send_resp_fifo_mac_V_2  |  48|   0|   48|          0|
    |send_resp_fifo_mac_V_3  |  48|   0|   48|          0|
    |send_resp_fifo_rdidx    |   2|   0|    2|          0|
    |send_resp_fifo_wridx    |   2|   0|    2|          0|
    +------------------------+----+----+-----+-----------+
    |Total                   |1071|   0| 1102|         31|
    +------------------------+----+----+-----+-----------+



================================================================
== Interface
================================================================
* Summary: 
+----------------------------+-----+-----+--------------+----------------------------+--------------+
|          RTL Ports         | Dir | Bits|   Protocol   |        Source Object       |    C Type    |
+----------------------------+-----+-----+--------------+----------------------------+--------------+
|ap_clk                      |  in |    1| ap_ctrl_none |          arp_send          | return value |
|ap_rst                      |  in |    1| ap_ctrl_none |          arp_send          | return value |
|myMac_V                     |  in |   48|    ap_none   |           myMac_V          |    scalar    |
|myIP_V                      |  in |   32|    ap_none   |           myIP_V           |    scalar    |
|gateway_V                   |  in |   32|    ap_none   |          gateway_V         |    scalar    |
|netmask_V                   |  in |   32|    ap_none   |          netmask_V         |    scalar    |
|arptable_addr_V             | out |    8|    ap_none   |       arptable_addr_V      |    pointer   |
|arptable_data_V             |  in |   80|    ap_none   |       arptable_data_V      |    scalar    |
|call_for_responce_Mac_IP_V  |  in |   80|    ap_none   | call_for_responce_Mac_IP_V |    scalar    |
|call_for_responce_valid_V   |  in |    1|    ap_none   |  call_for_responce_valid_V |    scalar    |
|lookup_req_V                |  in |   32|    ap_none   |        lookup_req_V        |    scalar    |
|lookup_result_V             | out |   48|    ap_none   |       lookup_result_V      |    pointer   |
|arp_status_V                | out |    2|    ap_none   |        arp_status_V        |    pointer   |
|arp_out_data_V              | out |  512|    ap_none   |       arp_out_data_V       |    pointer   |
|arp_out_keep_V              | out |   64|    ap_none   |       arp_out_keep_V       |    pointer   |
|arp_out_last_V              | out |    1|    ap_none   |       arp_out_last_V       |    pointer   |
|arp_out_valid_V             | out |    1|    ap_none   |       arp_out_valid_V      |    pointer   |
|arp_out_ready_V             |  in |    1|    ap_none   |       arp_out_ready_V      |    pointer   |
+----------------------------+-----+-----+--------------+----------------------------+--------------+

