

================================================================
== Vivado HLS Report for 'PE_3'
================================================================
* Date:           Mon Feb 27 15:57:47 2023

* Version:        2019.1 (Build 2552052 on Fri May 24 15:28:33 MDT 2019)
* Project:        hls_project
* Solution:       kernel_1
* Product family: zynquplus
* Target device:  xczu19eg-ffvc1760-2-i


================================================================
== Performance Estimates
================================================================
+ Timing (ns): 
    * Summary: 
    +--------+-------+----------+------------+
    |  Clock | Target| Estimated| Uncertainty|
    +--------+-------+----------+------------+
    |ap_clk  |   5.00|     4.367|        0.62|
    +--------+-------+----------+------------+

+ Latency (clock cycles): 
    * Summary: 
    +-----+---------+-----+---------+---------+
    |    Latency    |    Interval   | Pipeline|
    | min |   max   | min |   max   |   Type  |
    +-----+---------+-----+---------+---------+
    |  774|  3145734|  774|  3145734|   none  |
    +-----+---------+-----+---------+---------+

    + Detail: 
        * Instance: 
        N/A

        * Loop: 
        +------------+-----+---------+----------+-----------+-----------+---------------+----------+
        |            |    Latency    | Iteration|  Initiation Interval  |      Trip     |          |
        |  Loop Name | min |   max   |  Latency |  achieved |   target  |     Count     | Pipelined|
        +------------+-----+---------+----------+-----------+-----------+---------------+----------+
        |- Loop_1_L  |  772|  3145732|         6|          1|          1| 768 ~ 3145728 |    yes   |
        +------------+-----+---------+----------+-----------+-----------+---------------+----------+



================================================================
== Utilization Estimates
================================================================
* Summary: 
+-----------------+---------+-------+---------+--------+-----+
|       Name      | BRAM_18K| DSP48E|    FF   |   LUT  | URAM|
+-----------------+---------+-------+---------+--------+-----+
|DSP              |        -|     64|        -|       -|    -|
|Expression       |        -|      -|        0|    8302|    -|
|FIFO             |        -|      -|        -|       -|    -|
|Instance         |        -|      -|        -|       -|    -|
|Memory           |        -|      -|        -|       -|    -|
|Multiplexer      |        -|      -|        -|     201|    -|
|Register         |        0|      -|     4437|      32|    -|
+-----------------+---------+-------+---------+--------+-----+
|Total            |        0|     64|     4437|    8535|    0|
+-----------------+---------+-------+---------+--------+-----+
|Available        |     1968|   1968|  1045440|  522720|  128|
+-----------------+---------+-------+---------+--------+-----+
|Utilization (%)  |        0|      3|    ~0   |       1|    0|
+-----------------+---------+-------+---------+--------+-----+

+ Detail: 
    * Instance: 
    N/A

    * DSP48E: 
    +-------------------------------------------+--------------------------------------+----------------+
    |                  Instance                 |                Module                |   Expression   |
    +-------------------------------------------+--------------------------------------+----------------+
    |kernel_1_am_addmul_24s_24s_8s_32_1_1_U167  |kernel_1_am_addmul_24s_24s_8s_32_1_1  | (i0 + i1) * i2 |
    |kernel_1_am_addmul_24s_24s_8s_32_1_1_U168  |kernel_1_am_addmul_24s_24s_8s_32_1_1  | (i0 + i1) * i2 |
    |kernel_1_am_addmul_24s_24s_8s_32_1_1_U169  |kernel_1_am_addmul_24s_24s_8s_32_1_1  | (i0 + i1) * i2 |
    |kernel_1_am_addmul_24s_24s_8s_32_1_1_U170  |kernel_1_am_addmul_24s_24s_8s_32_1_1  | (i0 + i1) * i2 |
    |kernel_1_am_addmul_24s_24s_8s_32_1_1_U171  |kernel_1_am_addmul_24s_24s_8s_32_1_1  | (i0 + i1) * i2 |
    |kernel_1_am_addmul_24s_24s_8s_32_1_1_U172  |kernel_1_am_addmul_24s_24s_8s_32_1_1  | (i0 + i1) * i2 |
    |kernel_1_am_addmul_24s_24s_8s_32_1_1_U173  |kernel_1_am_addmul_24s_24s_8s_32_1_1  | (i0 + i1) * i2 |
    |kernel_1_am_addmul_24s_24s_8s_32_1_1_U174  |kernel_1_am_addmul_24s_24s_8s_32_1_1  | (i0 + i1) * i2 |
    |kernel_1_am_addmul_24s_24s_8s_32_1_1_U175  |kernel_1_am_addmul_24s_24s_8s_32_1_1  | (i0 + i1) * i2 |
    |kernel_1_am_addmul_24s_24s_8s_32_1_1_U176  |kernel_1_am_addmul_24s_24s_8s_32_1_1  | (i0 + i1) * i2 |
    |kernel_1_am_addmul_24s_24s_8s_32_1_1_U177  |kernel_1_am_addmul_24s_24s_8s_32_1_1  | (i0 + i1) * i2 |
    |kernel_1_am_addmul_24s_24s_8s_32_1_1_U178  |kernel_1_am_addmul_24s_24s_8s_32_1_1  | (i0 + i1) * i2 |
    |kernel_1_am_addmul_24s_24s_8s_32_1_1_U179  |kernel_1_am_addmul_24s_24s_8s_32_1_1  | (i0 + i1) * i2 |
    |kernel_1_am_addmul_24s_24s_8s_32_1_1_U180  |kernel_1_am_addmul_24s_24s_8s_32_1_1  | (i0 + i1) * i2 |
    |kernel_1_am_addmul_24s_24s_8s_32_1_1_U181  |kernel_1_am_addmul_24s_24s_8s_32_1_1  | (i0 + i1) * i2 |
    |kernel_1_am_addmul_24s_24s_8s_32_1_1_U182  |kernel_1_am_addmul_24s_24s_8s_32_1_1  | (i0 + i1) * i2 |
    |kernel_1_am_addmul_24s_24s_8s_32_1_1_U183  |kernel_1_am_addmul_24s_24s_8s_32_1_1  | (i0 + i1) * i2 |
    |kernel_1_am_addmul_24s_24s_8s_32_1_1_U184  |kernel_1_am_addmul_24s_24s_8s_32_1_1  | (i0 + i1) * i2 |
    |kernel_1_am_addmul_24s_24s_8s_32_1_1_U185  |kernel_1_am_addmul_24s_24s_8s_32_1_1  | (i0 + i1) * i2 |
    |kernel_1_am_addmul_24s_24s_8s_32_1_1_U186  |kernel_1_am_addmul_24s_24s_8s_32_1_1  | (i0 + i1) * i2 |
    |kernel_1_am_addmul_24s_24s_8s_32_1_1_U187  |kernel_1_am_addmul_24s_24s_8s_32_1_1  | (i0 + i1) * i2 |
    |kernel_1_am_addmul_24s_24s_8s_32_1_1_U188  |kernel_1_am_addmul_24s_24s_8s_32_1_1  | (i0 + i1) * i2 |
    |kernel_1_am_addmul_24s_24s_8s_32_1_1_U189  |kernel_1_am_addmul_24s_24s_8s_32_1_1  | (i0 + i1) * i2 |
    |kernel_1_am_addmul_24s_24s_8s_32_1_1_U190  |kernel_1_am_addmul_24s_24s_8s_32_1_1  | (i0 + i1) * i2 |
    |kernel_1_am_addmul_24s_24s_8s_32_1_1_U191  |kernel_1_am_addmul_24s_24s_8s_32_1_1  | (i0 + i1) * i2 |
    |kernel_1_am_addmul_24s_24s_8s_32_1_1_U192  |kernel_1_am_addmul_24s_24s_8s_32_1_1  | (i0 + i1) * i2 |
    |kernel_1_am_addmul_24s_24s_8s_32_1_1_U193  |kernel_1_am_addmul_24s_24s_8s_32_1_1  | (i0 + i1) * i2 |
    |kernel_1_am_addmul_24s_24s_8s_32_1_1_U194  |kernel_1_am_addmul_24s_24s_8s_32_1_1  | (i0 + i1) * i2 |
    |kernel_1_am_addmul_24s_24s_8s_32_1_1_U195  |kernel_1_am_addmul_24s_24s_8s_32_1_1  | (i0 + i1) * i2 |
    |kernel_1_am_addmul_24s_24s_8s_32_1_1_U196  |kernel_1_am_addmul_24s_24s_8s_32_1_1  | (i0 + i1) * i2 |
    |kernel_1_am_addmul_24s_24s_8s_32_1_1_U197  |kernel_1_am_addmul_24s_24s_8s_32_1_1  | (i0 + i1) * i2 |
    |kernel_1_am_addmul_24s_24s_8s_32_1_1_U198  |kernel_1_am_addmul_24s_24s_8s_32_1_1  | (i0 + i1) * i2 |
    |kernel_1_am_addmul_24s_24s_8s_32_1_1_U199  |kernel_1_am_addmul_24s_24s_8s_32_1_1  | (i0 + i1) * i2 |
    |kernel_1_am_addmul_24s_24s_8s_32_1_1_U200  |kernel_1_am_addmul_24s_24s_8s_32_1_1  | (i0 + i1) * i2 |
    |kernel_1_am_addmul_24s_24s_8s_32_1_1_U201  |kernel_1_am_addmul_24s_24s_8s_32_1_1  | (i0 + i1) * i2 |
    |kernel_1_am_addmul_24s_24s_8s_32_1_1_U202  |kernel_1_am_addmul_24s_24s_8s_32_1_1  | (i0 + i1) * i2 |
    |kernel_1_am_addmul_24s_24s_8s_32_1_1_U203  |kernel_1_am_addmul_24s_24s_8s_32_1_1  | (i0 + i1) * i2 |
    |kernel_1_am_addmul_24s_24s_8s_32_1_1_U204  |kernel_1_am_addmul_24s_24s_8s_32_1_1  | (i0 + i1) * i2 |
    |kernel_1_am_addmul_24s_24s_8s_32_1_1_U205  |kernel_1_am_addmul_24s_24s_8s_32_1_1  | (i0 + i1) * i2 |
    |kernel_1_am_addmul_24s_24s_8s_32_1_1_U206  |kernel_1_am_addmul_24s_24s_8s_32_1_1  | (i0 + i1) * i2 |
    |kernel_1_am_addmul_24s_24s_8s_32_1_1_U207  |kernel_1_am_addmul_24s_24s_8s_32_1_1  | (i0 + i1) * i2 |
    |kernel_1_am_addmul_24s_24s_8s_32_1_1_U208  |kernel_1_am_addmul_24s_24s_8s_32_1_1  | (i0 + i1) * i2 |
    |kernel_1_am_addmul_24s_24s_8s_32_1_1_U209  |kernel_1_am_addmul_24s_24s_8s_32_1_1  | (i0 + i1) * i2 |
    |kernel_1_am_addmul_24s_24s_8s_32_1_1_U210  |kernel_1_am_addmul_24s_24s_8s_32_1_1  | (i0 + i1) * i2 |
    |kernel_1_am_addmul_24s_24s_8s_32_1_1_U211  |kernel_1_am_addmul_24s_24s_8s_32_1_1  | (i0 + i1) * i2 |
    |kernel_1_am_addmul_24s_24s_8s_32_1_1_U212  |kernel_1_am_addmul_24s_24s_8s_32_1_1  | (i0 + i1) * i2 |
    |kernel_1_am_addmul_24s_24s_8s_32_1_1_U213  |kernel_1_am_addmul_24s_24s_8s_32_1_1  | (i0 + i1) * i2 |
    |kernel_1_am_addmul_24s_24s_8s_32_1_1_U214  |kernel_1_am_addmul_24s_24s_8s_32_1_1  | (i0 + i1) * i2 |
    |kernel_1_am_addmul_24s_24s_8s_32_1_1_U215  |kernel_1_am_addmul_24s_24s_8s_32_1_1  | (i0 + i1) * i2 |
    |kernel_1_am_addmul_24s_24s_8s_32_1_1_U216  |kernel_1_am_addmul_24s_24s_8s_32_1_1  | (i0 + i1) * i2 |
    |kernel_1_am_addmul_24s_24s_8s_32_1_1_U217  |kernel_1_am_addmul_24s_24s_8s_32_1_1  | (i0 + i1) * i2 |
    |kernel_1_am_addmul_24s_24s_8s_32_1_1_U218  |kernel_1_am_addmul_24s_24s_8s_32_1_1  | (i0 + i1) * i2 |
    |kernel_1_am_addmul_24s_24s_8s_32_1_1_U219  |kernel_1_am_addmul_24s_24s_8s_32_1_1  | (i0 + i1) * i2 |
    |kernel_1_am_addmul_24s_24s_8s_32_1_1_U220  |kernel_1_am_addmul_24s_24s_8s_32_1_1  | (i0 + i1) * i2 |
    |kernel_1_am_addmul_24s_24s_8s_32_1_1_U221  |kernel_1_am_addmul_24s_24s_8s_32_1_1  | (i0 + i1) * i2 |
    |kernel_1_am_addmul_24s_24s_8s_32_1_1_U222  |kernel_1_am_addmul_24s_24s_8s_32_1_1  | (i0 + i1) * i2 |
    |kernel_1_am_addmul_24s_24s_8s_32_1_1_U223  |kernel_1_am_addmul_24s_24s_8s_32_1_1  | (i0 + i1) * i2 |
    |kernel_1_am_addmul_24s_24s_8s_32_1_1_U224  |kernel_1_am_addmul_24s_24s_8s_32_1_1  | (i0 + i1) * i2 |
    |kernel_1_am_addmul_24s_24s_8s_32_1_1_U225  |kernel_1_am_addmul_24s_24s_8s_32_1_1  | (i0 + i1) * i2 |
    |kernel_1_am_addmul_24s_24s_8s_32_1_1_U226  |kernel_1_am_addmul_24s_24s_8s_32_1_1  | (i0 + i1) * i2 |
    |kernel_1_am_addmul_24s_24s_8s_32_1_1_U227  |kernel_1_am_addmul_24s_24s_8s_32_1_1  | (i0 + i1) * i2 |
    |kernel_1_am_addmul_24s_24s_8s_32_1_1_U228  |kernel_1_am_addmul_24s_24s_8s_32_1_1  | (i0 + i1) * i2 |
    |kernel_1_am_addmul_24s_24s_8s_32_1_1_U229  |kernel_1_am_addmul_24s_24s_8s_32_1_1  | (i0 + i1) * i2 |
    |kernel_1_am_addmul_24s_24s_8s_32_1_1_U230  |kernel_1_am_addmul_24s_24s_8s_32_1_1  | (i0 + i1) * i2 |
    +-------------------------------------------+--------------------------------------+----------------+

    * Memory: 
    N/A

    * FIFO: 
    N/A

    * Expression: 
    +----------------------------------+----------+-------+---+----+------------+------------+
    |           Variable Name          | Operation| DSP48E| FF| LUT| Bitwidth P0| Bitwidth P1|
    +----------------------------------+----------+-------+---+----+------------+------------+
    |add_ln105_fu_1075_p2              |     +    |      0|  0|  49|          42|           1|
    |add_ln700_257_fu_11090_p2         |     +    |      0|  0|  24|          17|          17|
    |add_ln700_258_fu_10575_p2         |     +    |      0|  0|  24|          17|          17|
    |add_ln700_259_fu_11106_p2         |     +    |      0|  0|  25|          18|          18|
    |add_ln700_260_fu_11119_p2         |     +    |      0|  0|  24|          17|          17|
    |add_ln700_261_fu_11129_p2         |     +    |      0|  0|  25|          18|          18|
    |add_ln700_262_fu_11154_p2         |     +    |      0|  0|  32|          19|          19|
    |add_ln700_263_fu_10589_p2         |     +    |      0|  0|  24|          17|          17|
    |add_ln700_264_fu_11163_p2         |     +    |      0|  0|  25|          18|          18|
    |add_ln700_265_fu_11173_p2         |     +    |      0|  0|  32|          19|          19|
    |add_ln700_266_fu_11186_p2         |     +    |      0|  0|  32|          19|          19|
    |add_ln700_267_fu_11192_p2         |     +    |      0|  0|  24|          17|          17|
    |add_ln700_268_fu_11202_p2         |     +    |      0|  0|  25|          18|          18|
    |add_ln700_269_fu_11212_p2         |     +    |      0|  0|  32|          19|          19|
    |add_ln700_270_fu_11249_p2         |     +    |      0|  0|  27|          20|          20|
    |add_ln700_271_fu_10619_p2         |     +    |      0|  0|  24|          17|          17|
    |add_ln700_272_fu_11258_p2         |     +    |      0|  0|  32|          20|          20|
    |add_ln700_273_fu_10625_p2         |     +    |      0|  0|  24|          17|          17|
    |add_ln700_274_fu_10631_p2         |     +    |      0|  0|  24|          17|          17|
    |add_ln700_275_fu_11270_p2         |     +    |      0|  0|  25|          18|          18|
    |add_ln700_276_fu_11280_p2         |     +    |      0|  0|  26|          19|          19|
    |add_ln700_277_fu_11290_p2         |     +    |      0|  0|  32|          20|          20|
    |add_ln700_278_fu_11303_p2         |     +    |      0|  0|  27|          20|          20|
    |add_ln700_279_fu_11309_p2         |     +    |      0|  0|  24|          17|          17|
    |add_ln700_280_fu_11319_p2         |     +    |      0|  0|  32|          20|          20|
    |add_ln700_281_fu_11325_p2         |     +    |      0|  0|  24|          17|          17|
    |add_ln700_282_fu_11335_p2         |     +    |      0|  0|  24|          17|          17|
    |add_ln700_283_fu_11345_p2         |     +    |      0|  0|  25|          18|          18|
    |add_ln700_284_fu_11355_p2         |     +    |      0|  0|  26|          19|          19|
    |add_ln700_285_fu_11365_p2         |     +    |      0|  0|  32|          20|          20|
    |add_ln700_286_fu_11420_p2         |     +    |      0|  0|  32|          21|          21|
    |add_ln700_287_fu_10693_p2         |     +    |      0|  0|  24|          17|          17|
    |add_ln700_288_fu_11429_p2         |     +    |      0|  0|  32|          21|          21|
    |add_ln700_289_fu_10699_p2         |     +    |      0|  0|  24|          17|          17|
    |add_ln700_290_fu_10705_p2         |     +    |      0|  0|  24|          17|          17|
    |add_ln700_291_fu_11441_p2         |     +    |      0|  0|  25|          18|          18|
    |add_ln700_292_fu_12121_p2         |     +    |      0|  0|  32|          21|          21|
    |add_ln700_293_fu_10711_p2         |     +    |      0|  0|  24|          17|          17|
    |add_ln700_294_fu_10717_p2         |     +    |      0|  0|  24|          17|          17|
    |add_ln700_295_fu_11453_p2         |     +    |      0|  0|  25|          18|          18|
    |add_ln700_296_fu_10723_p2         |     +    |      0|  0|  24|          17|          17|
    |add_ln700_297_fu_10729_p2         |     +    |      0|  0|  24|          17|          17|
    |add_ln700_298_fu_11469_p2         |     +    |      0|  0|  25|          18|          18|
    |add_ln700_299_fu_11479_p2         |     +    |      0|  0|  26|          19|          19|
    |add_ln700_300_fu_11489_p2         |     +    |      0|  0|  27|          20|          20|
    |add_ln700_301_fu_12129_p2         |     +    |      0|  0|  32|          21|          21|
    |add_ln700_302_fu_12139_p2         |     +    |      0|  0|  32|          21|          21|
    |add_ln700_303_fu_11498_p2         |     +    |      0|  0|  24|          17|          17|
    |add_ln700_304_fu_12148_p2         |     +    |      0|  0|  32|          21|          21|
    |add_ln700_305_fu_11504_p2         |     +    |      0|  0|  24|          17|          17|
    |add_ln700_306_fu_11514_p2         |     +    |      0|  0|  24|          17|          17|
    |add_ln700_307_fu_11524_p2         |     +    |      0|  0|  25|          18|          18|
    |add_ln700_308_fu_12157_p2         |     +    |      0|  0|  32|          21|          21|
    |add_ln700_309_fu_11530_p2         |     +    |      0|  0|  24|          17|          17|
    |add_ln700_310_fu_11540_p2         |     +    |      0|  0|  24|          17|          17|
    |add_ln700_311_fu_11550_p2         |     +    |      0|  0|  25|          18|          18|
    |add_ln700_312_fu_11560_p2         |     +    |      0|  0|  24|          17|          17|
    |add_ln700_313_fu_11570_p2         |     +    |      0|  0|  24|          17|          17|
    |add_ln700_314_fu_11580_p2         |     +    |      0|  0|  25|          18|          18|
    |add_ln700_315_fu_11590_p2         |     +    |      0|  0|  26|          19|          19|
    |add_ln700_316_fu_11600_p2         |     +    |      0|  0|  27|          20|          20|
    |add_ln700_317_fu_12166_p2         |     +    |      0|  0|  32|          21|          21|
    |add_ln700_318_fu_12182_p2         |     +    |      0|  0|  29|          22|          22|
    |add_ln700_319_fu_10855_p2         |     +    |      0|  0|  24|          17|          17|
    |add_ln700_320_fu_12191_p2         |     +    |      0|  0|  32|          22|          22|
    |add_ln700_321_fu_10861_p2         |     +    |      0|  0|  24|          17|          17|
    |add_ln700_322_fu_10867_p2         |     +    |      0|  0|  24|          17|          17|
    |add_ln700_323_fu_11705_p2         |     +    |      0|  0|  25|          18|          18|
    |add_ln700_324_fu_12200_p2         |     +    |      0|  0|  32|          22|          22|
    |add_ln700_325_fu_10873_p2         |     +    |      0|  0|  24|          17|          17|
    |add_ln700_326_fu_10879_p2         |     +    |      0|  0|  24|          17|          17|
    |add_ln700_327_fu_11717_p2         |     +    |      0|  0|  25|          18|          18|
    |add_ln700_328_fu_10885_p2         |     +    |      0|  0|  24|          17|          17|
    |add_ln700_329_fu_10891_p2         |     +    |      0|  0|  24|          17|          17|
    |add_ln700_330_fu_11733_p2         |     +    |      0|  0|  25|          18|          18|
    |add_ln700_331_fu_11743_p2         |     +    |      0|  0|  26|          19|          19|
    |add_ln700_332_fu_12209_p2         |     +    |      0|  0|  32|          22|          22|
    |add_ln700_333_fu_10897_p2         |     +    |      0|  0|  24|          17|          17|
    |add_ln700_334_fu_10903_p2         |     +    |      0|  0|  24|          17|          17|
    |add_ln700_335_fu_11755_p2         |     +    |      0|  0|  25|          18|          18|
    |add_ln700_336_fu_10909_p2         |     +    |      0|  0|  24|          17|          17|
    |add_ln700_337_fu_10915_p2         |     +    |      0|  0|  24|          17|          17|
    |add_ln700_338_fu_11771_p2         |     +    |      0|  0|  25|          18|          18|
    |add_ln700_339_fu_11781_p2         |     +    |      0|  0|  26|          19|          19|
    |add_ln700_340_fu_10921_p2         |     +    |      0|  0|  24|          17|          17|
    |add_ln700_341_fu_10927_p2         |     +    |      0|  0|  24|          17|          17|
    |add_ln700_342_fu_11797_p2         |     +    |      0|  0|  25|          18|          18|
    |add_ln700_343_fu_10933_p2         |     +    |      0|  0|  24|          17|          17|
    |add_ln700_344_fu_10939_p2         |     +    |      0|  0|  24|          17|          17|
    |add_ln700_345_fu_11813_p2         |     +    |      0|  0|  25|          18|          18|
    |add_ln700_346_fu_11823_p2         |     +    |      0|  0|  26|          19|          19|
    |add_ln700_347_fu_11833_p2         |     +    |      0|  0|  27|          20|          20|
    |add_ln700_348_fu_11843_p2         |     +    |      0|  0|  28|          21|          21|
    |add_ln700_350_fu_12228_p2         |     +    |      0|  0|  29|          22|          22|
    |add_ln700_351_fu_11852_p2         |     +    |      0|  0|  24|          17|          17|
    |add_ln700_352_fu_12237_p2         |     +    |      0|  0|  32|          22|          22|
    |add_ln700_353_fu_11858_p2         |     +    |      0|  0|  24|          17|          17|
    |add_ln700_354_fu_11868_p2         |     +    |      0|  0|  24|          17|          17|
    |add_ln700_355_fu_11878_p2         |     +    |      0|  0|  25|          18|          18|
    |add_ln700_356_fu_12246_p2         |     +    |      0|  0|  32|          22|          22|
    |add_ln700_357_fu_11884_p2         |     +    |      0|  0|  24|          17|          17|
    |add_ln700_358_fu_11894_p2         |     +    |      0|  0|  24|          17|          17|
    |add_ln700_359_fu_11904_p2         |     +    |      0|  0|  25|          18|          18|
    |add_ln700_360_fu_11914_p2         |     +    |      0|  0|  24|          17|          17|
    |add_ln700_361_fu_11924_p2         |     +    |      0|  0|  24|          17|          17|
    |add_ln700_362_fu_11934_p2         |     +    |      0|  0|  25|          18|          18|
    |add_ln700_363_fu_11944_p2         |     +    |      0|  0|  26|          19|          19|
    |add_ln700_364_fu_12255_p2         |     +    |      0|  0|  32|          22|          22|
    |add_ln700_365_fu_11950_p2         |     +    |      0|  0|  24|          17|          17|
    |add_ln700_366_fu_11960_p2         |     +    |      0|  0|  24|          17|          17|
    |add_ln700_367_fu_11970_p2         |     +    |      0|  0|  25|          18|          18|
    |add_ln700_368_fu_11980_p2         |     +    |      0|  0|  24|          17|          17|
    |add_ln700_369_fu_11990_p2         |     +    |      0|  0|  24|          17|          17|
    |add_ln700_370_fu_12000_p2         |     +    |      0|  0|  25|          18|          18|
    |add_ln700_371_fu_12010_p2         |     +    |      0|  0|  26|          19|          19|
    |add_ln700_372_fu_12020_p2         |     +    |      0|  0|  24|          17|          17|
    |add_ln700_373_fu_12030_p2         |     +    |      0|  0|  24|          17|          17|
    |add_ln700_374_fu_12040_p2         |     +    |      0|  0|  25|          18|          18|
    |add_ln700_375_fu_12050_p2         |     +    |      0|  0|  24|          17|          17|
    |add_ln700_376_fu_12060_p2         |     +    |      0|  0|  24|          17|          17|
    |add_ln700_377_fu_12070_p2         |     +    |      0|  0|  25|          18|          18|
    |add_ln700_378_fu_12080_p2         |     +    |      0|  0|  26|          19|          19|
    |add_ln700_379_fu_12090_p2         |     +    |      0|  0|  27|          20|          20|
    |add_ln700_380_fu_12100_p2         |     +    |      0|  0|  28|          21|          21|
    |add_ln700_382_fu_12294_p2         |     +    |      0|  0|  32|          32|          32|
    |add_ln700_384_fu_12339_p2         |     +    |      0|  0|  32|          32|          32|
    |add_ln700_fu_10561_p2             |     +    |      0|  0|  24|          17|          17|
    |add_ln78_25_fu_8764_p2            |     +    |      0|  0|  23|          16|          16|
    |add_ln78_26_fu_8812_p2            |     +    |      0|  0|  23|          16|          16|
    |add_ln78_27_fu_8860_p2            |     +    |      0|  0|  23|          16|          16|
    |add_ln78_28_fu_8908_p2            |     +    |      0|  0|  23|          16|          16|
    |add_ln78_29_fu_8956_p2            |     +    |      0|  0|  23|          16|          16|
    |add_ln78_30_fu_9004_p2            |     +    |      0|  0|  23|          16|          16|
    |add_ln78_31_fu_9052_p2            |     +    |      0|  0|  23|          16|          16|
    |add_ln78_32_fu_11075_p2           |     +    |      0|  0|  23|          16|          16|
    |add_ln78_33_fu_9107_p2            |     +    |      0|  0|  23|          16|          16|
    |add_ln78_34_fu_9155_p2            |     +    |      0|  0|  23|          16|          16|
    |add_ln78_35_fu_9203_p2            |     +    |      0|  0|  23|          16|          16|
    |add_ln78_36_fu_9251_p2            |     +    |      0|  0|  23|          16|          16|
    |add_ln78_37_fu_9299_p2            |     +    |      0|  0|  23|          16|          16|
    |add_ln78_38_fu_9347_p2            |     +    |      0|  0|  23|          16|          16|
    |add_ln78_39_fu_9395_p2            |     +    |      0|  0|  23|          16|          16|
    |add_ln78_40_fu_9443_p2            |     +    |      0|  0|  23|          16|          16|
    |add_ln78_41_fu_9491_p2            |     +    |      0|  0|  23|          16|          16|
    |add_ln78_42_fu_9539_p2            |     +    |      0|  0|  23|          16|          16|
    |add_ln78_43_fu_9587_p2            |     +    |      0|  0|  23|          16|          16|
    |add_ln78_44_fu_9635_p2            |     +    |      0|  0|  23|          16|          16|
    |add_ln78_45_fu_9683_p2            |     +    |      0|  0|  23|          16|          16|
    |add_ln78_46_fu_9731_p2            |     +    |      0|  0|  23|          16|          16|
    |add_ln78_47_fu_9779_p2            |     +    |      0|  0|  23|          16|          16|
    |add_ln78_48_fu_9827_p2            |     +    |      0|  0|  23|          16|          16|
    |add_ln78_49_fu_9875_p2            |     +    |      0|  0|  23|          16|          16|
    |add_ln78_50_fu_9923_p2            |     +    |      0|  0|  23|          16|          16|
    |add_ln78_51_fu_9971_p2            |     +    |      0|  0|  23|          16|          16|
    |add_ln78_52_fu_10019_p2           |     +    |      0|  0|  23|          16|          16|
    |add_ln78_53_fu_10067_p2           |     +    |      0|  0|  23|          16|          16|
    |add_ln78_54_fu_10115_p2           |     +    |      0|  0|  23|          16|          16|
    |add_ln78_55_fu_10163_p2           |     +    |      0|  0|  23|          16|          16|
    |add_ln78_56_fu_10211_p2           |     +    |      0|  0|  23|          16|          16|
    |add_ln78_57_fu_10259_p2           |     +    |      0|  0|  23|          16|          16|
    |add_ln78_58_fu_10307_p2           |     +    |      0|  0|  23|          16|          16|
    |add_ln78_59_fu_10355_p2           |     +    |      0|  0|  23|          16|          16|
    |add_ln78_60_fu_10403_p2           |     +    |      0|  0|  23|          16|          16|
    |add_ln78_61_fu_10451_p2           |     +    |      0|  0|  23|          16|          16|
    |add_ln78_62_fu_10499_p2           |     +    |      0|  0|  23|          16|          16|
    |add_ln78_fu_10547_p2              |     +    |      0|  0|  23|          16|          16|
    |c_buffer1_0_V_fu_12218_p2         |     +    |      0|  0|  32|          22|          22|
    |c_buffer2_0_V_fu_12264_p2         |     +    |      0|  0|  32|          22|          22|
    |c_out_2_2_V_V_din                 |     +    |      0|  0|  32|          32|          32|
    |iter2_fu_1121_p2                  |     +    |      0|  0|  17|          10|           1|
    |temp_c2_int8_0_V_fu_7605_p2       |     +    |      0|  0|  23|          16|          16|
    |temp_c2_int8_10_V_fu_8085_p2      |     +    |      0|  0|  23|          16|          16|
    |temp_c2_int8_11_V_fu_8133_p2      |     +    |      0|  0|  23|          16|          16|
    |temp_c2_int8_12_V_fu_8181_p2      |     +    |      0|  0|  23|          16|          16|
    |temp_c2_int8_13_V_fu_8229_p2      |     +    |      0|  0|  23|          16|          16|
    |temp_c2_int8_14_V_fu_8277_p2      |     +    |      0|  0|  23|          16|          16|
    |temp_c2_int8_15_V_fu_8325_p2      |     +    |      0|  0|  23|          16|          16|
    |temp_c2_int8_16_V_fu_11035_p2     |     +    |      0|  0|  23|          16|          16|
    |temp_c2_int8_17_V_fu_8380_p2      |     +    |      0|  0|  23|          16|          16|
    |temp_c2_int8_18_V_fu_8428_p2      |     +    |      0|  0|  23|          16|          16|
    |temp_c2_int8_19_V_fu_8476_p2      |     +    |      0|  0|  23|          16|          16|
    |temp_c2_int8_1_V_fu_7653_p2       |     +    |      0|  0|  23|          16|          16|
    |temp_c2_int8_20_V_fu_8524_p2      |     +    |      0|  0|  23|          16|          16|
    |temp_c2_int8_21_V_fu_8572_p2      |     +    |      0|  0|  23|          16|          16|
    |temp_c2_int8_22_V_fu_8620_p2      |     +    |      0|  0|  23|          16|          16|
    |temp_c2_int8_23_V_fu_8668_p2      |     +    |      0|  0|  23|          16|          16|
    |temp_c2_int8_24_V_fu_8716_p2      |     +    |      0|  0|  23|          16|          16|
    |temp_c2_int8_2_V_fu_7701_p2       |     +    |      0|  0|  23|          16|          16|
    |temp_c2_int8_3_V_fu_7749_p2       |     +    |      0|  0|  23|          16|          16|
    |temp_c2_int8_4_V_fu_7797_p2       |     +    |      0|  0|  23|          16|          16|
    |temp_c2_int8_5_V_fu_7845_p2       |     +    |      0|  0|  23|          16|          16|
    |temp_c2_int8_6_V_fu_7893_p2       |     +    |      0|  0|  23|          16|          16|
    |temp_c2_int8_7_V_fu_7941_p2       |     +    |      0|  0|  23|          16|          16|
    |temp_c2_int8_8_V_fu_7989_p2       |     +    |      0|  0|  23|          16|          16|
    |temp_c2_int8_9_V_fu_8037_p2       |     +    |      0|  0|  23|          16|          16|
    |tmp_V_50_fu_12300_p2              |     +    |      0|  0|  32|          32|          32|
    |bound_fu_1064_p2                  |     -    |      0|  0|  49|          42|          42|
    |ap_predicate_op375_read_state3    |    and   |      0|  0|   2|           1|           1|
    |icmp_ln105_fu_1070_p2             |   icmp   |      0|  0|  24|          42|          42|
    |icmp_ln107_fu_1081_p2             |   icmp   |      0|  0|  13|          10|          10|
    |icmp_ln136_fu_1109_p2             |   icmp   |      0|  0|  13|           9|           1|
    |icmp_ln145_fu_1115_p2             |   icmp   |      0|  0|  13|          10|           4|
    |ap_block_pp0_stage0_01001         |    or    |      0|  0|   2|           1|           1|
    |ap_block_state1                   |    or    |      0|  0|   2|           1|           1|
    |ap_block_state3_pp0_stage0_iter1  |    or    |      0|  0|   2|           1|           1|
    |ap_block_state6_pp0_stage0_iter4  |    or    |      0|  0|   2|           1|           1|
    |ap_block_state7_pp0_stage0_iter5  |    or    |      0|  0|   2|           1|           1|
    |c_buffer1_1_V_13_fu_12270_p3      |  select  |      0|  0|  32|           1|          32|
    |c_buffer1_1_V_14_fu_12277_p3      |  select  |      0|  0|  32|           1|          32|
    |c_buffer2_1_V_13_fu_12315_p3      |  select  |      0|  0|  32|           1|          32|
    |c_buffer2_1_V_14_fu_12322_p3      |  select  |      0|  0|  32|           1|          32|
    |select_ln107_fu_1087_p3           |  select  |      0|  0|  10|           1|           1|
    |select_ln215_127_fu_7619_p3       |  select  |      0|  0|   8|           1|           8|
    |select_ln215_128_fu_7667_p3       |  select  |      0|  0|   8|           1|           8|
    |select_ln215_129_fu_7715_p3       |  select  |      0|  0|   8|           1|           8|
    |select_ln215_130_fu_7763_p3       |  select  |      0|  0|   8|           1|           8|
    |select_ln215_131_fu_7811_p3       |  select  |      0|  0|   8|           1|           8|
    |select_ln215_132_fu_7859_p3       |  select  |      0|  0|   8|           1|           8|
    |select_ln215_133_fu_7907_p3       |  select  |      0|  0|   8|           1|           8|
    |select_ln215_134_fu_7955_p3       |  select  |      0|  0|   8|           1|           8|
    |select_ln215_135_fu_8003_p3       |  select  |      0|  0|   8|           1|           8|
    |select_ln215_136_fu_8051_p3       |  select  |      0|  0|   8|           1|           8|
    |select_ln215_137_fu_8099_p3       |  select  |      0|  0|   8|           1|           8|
    |select_ln215_138_fu_8147_p3       |  select  |      0|  0|   8|           1|           8|
    |select_ln215_139_fu_8195_p3       |  select  |      0|  0|   8|           1|           8|
    |select_ln215_140_fu_8243_p3       |  select  |      0|  0|   8|           1|           8|
    |select_ln215_141_fu_8291_p3       |  select  |      0|  0|   8|           1|           8|
    |select_ln215_142_fu_8331_p3       |  select  |      0|  0|   8|           1|           8|
    |select_ln215_143_fu_8346_p3       |  select  |      0|  0|   8|           1|           8|
    |select_ln215_144_fu_8394_p3       |  select  |      0|  0|   8|           1|           8|
    |select_ln215_145_fu_8442_p3       |  select  |      0|  0|   8|           1|           8|
    |select_ln215_146_fu_8490_p3       |  select  |      0|  0|   8|           1|           8|
    |select_ln215_147_fu_8538_p3       |  select  |      0|  0|   8|           1|           8|
    |select_ln215_148_fu_8586_p3       |  select  |      0|  0|   8|           1|           8|
    |select_ln215_149_fu_8634_p3       |  select  |      0|  0|   8|           1|           8|
    |select_ln215_150_fu_8682_p3       |  select  |      0|  0|   8|           1|           8|
    |select_ln215_151_fu_8730_p3       |  select  |      0|  0|   8|           1|           8|
    |select_ln215_152_fu_8778_p3       |  select  |      0|  0|   8|           1|           8|
    |select_ln215_153_fu_8826_p3       |  select  |      0|  0|   8|           1|           8|
    |select_ln215_154_fu_8874_p3       |  select  |      0|  0|   8|           1|           8|
    |select_ln215_155_fu_8922_p3       |  select  |      0|  0|   8|           1|           8|
    |select_ln215_156_fu_8970_p3       |  select  |      0|  0|   8|           1|           8|
    |select_ln215_157_fu_9018_p3       |  select  |      0|  0|   8|           1|           8|
    |select_ln215_158_fu_9058_p3       |  select  |      0|  0|   8|           1|           8|
    |select_ln215_159_fu_9073_p3       |  select  |      0|  0|   8|           1|           8|
    |select_ln215_160_fu_9121_p3       |  select  |      0|  0|   8|           1|           8|
    |select_ln215_161_fu_9169_p3       |  select  |      0|  0|   8|           1|           8|
    |select_ln215_162_fu_9217_p3       |  select  |      0|  0|   8|           1|           8|
    |select_ln215_163_fu_9265_p3       |  select  |      0|  0|   8|           1|           8|
    |select_ln215_164_fu_9313_p3       |  select  |      0|  0|   8|           1|           8|
    |select_ln215_165_fu_9361_p3       |  select  |      0|  0|   8|           1|           8|
    |select_ln215_166_fu_9409_p3       |  select  |      0|  0|   8|           1|           8|
    |select_ln215_167_fu_9457_p3       |  select  |      0|  0|   8|           1|           8|
    |select_ln215_168_fu_9505_p3       |  select  |      0|  0|   8|           1|           8|
    |select_ln215_169_fu_9553_p3       |  select  |      0|  0|   8|           1|           8|
    |select_ln215_170_fu_9601_p3       |  select  |      0|  0|   8|           1|           8|
    |select_ln215_171_fu_9649_p3       |  select  |      0|  0|   8|           1|           8|
    |select_ln215_172_fu_9697_p3       |  select  |      0|  0|   8|           1|           8|
    |select_ln215_173_fu_9745_p3       |  select  |      0|  0|   8|           1|           8|
    |select_ln215_174_fu_9793_p3       |  select  |      0|  0|   8|           1|           8|
    |select_ln215_175_fu_9841_p3       |  select  |      0|  0|   8|           1|           8|
    |select_ln215_176_fu_9889_p3       |  select  |      0|  0|   8|           1|           8|
    |select_ln215_177_fu_9937_p3       |  select  |      0|  0|   8|           1|           8|
    |select_ln215_178_fu_9985_p3       |  select  |      0|  0|   8|           1|           8|
    |select_ln215_179_fu_10033_p3      |  select  |      0|  0|   8|           1|           8|
    |select_ln215_180_fu_10081_p3      |  select  |      0|  0|   8|           1|           8|
    |select_ln215_181_fu_10129_p3      |  select  |      0|  0|   8|           1|           8|
    |select_ln215_182_fu_10177_p3      |  select  |      0|  0|   8|           1|           8|
    |select_ln215_183_fu_10225_p3      |  select  |      0|  0|   8|           1|           8|
    |select_ln215_184_fu_10273_p3      |  select  |      0|  0|   8|           1|           8|
    |select_ln215_185_fu_10321_p3      |  select  |      0|  0|   8|           1|           8|
    |select_ln215_186_fu_10369_p3      |  select  |      0|  0|   8|           1|           8|
    |select_ln215_187_fu_10417_p3      |  select  |      0|  0|   8|           1|           8|
    |select_ln215_188_fu_10465_p3      |  select  |      0|  0|   8|           1|           8|
    |select_ln215_189_fu_10513_p3      |  select  |      0|  0|   8|           1|           8|
    |select_ln215_fu_7571_p3           |  select  |      0|  0|   8|           1|           8|
    |temp_a1_int8_0_V_fu_5457_p3       |  select  |      0|  0|  24|           1|          24|
    |temp_a1_int8_10_V_fu_5737_p3      |  select  |      0|  0|  24|           1|          24|
    |temp_a1_int8_11_V_fu_5765_p3      |  select  |      0|  0|  24|           1|          24|
    |temp_a1_int8_12_V_fu_5793_p3      |  select  |      0|  0|  24|           1|          24|
    |temp_a1_int8_13_V_fu_5821_p3      |  select  |      0|  0|  24|           1|          24|
    |temp_a1_int8_14_V_fu_5849_p3      |  select  |      0|  0|  24|           1|          24|
    |temp_a1_int8_15_V_fu_5877_p3      |  select  |      0|  0|  24|           1|          24|
    |temp_a1_int8_16_V_fu_10959_p3     |  select  |      0|  0|  24|           1|          24|
    |temp_a1_int8_17_V_fu_5905_p3      |  select  |      0|  0|  24|           1|          24|
    |temp_a1_int8_18_V_fu_5933_p3      |  select  |      0|  0|  24|           1|          24|
    |temp_a1_int8_19_V_fu_5961_p3      |  select  |      0|  0|  24|           1|          24|
    |temp_a1_int8_1_V_fu_5485_p3       |  select  |      0|  0|  24|           1|          24|
    |temp_a1_int8_20_V_fu_5989_p3      |  select  |      0|  0|  24|           1|          24|
    |temp_a1_int8_21_V_fu_6017_p3      |  select  |      0|  0|  24|           1|          24|
    |temp_a1_int8_22_V_fu_6045_p3      |  select  |      0|  0|  24|           1|          24|
    |temp_a1_int8_23_V_fu_6073_p3      |  select  |      0|  0|  24|           1|          24|
    |temp_a1_int8_24_V_fu_6101_p3      |  select  |      0|  0|  24|           1|          24|
    |temp_a1_int8_25_V_fu_6129_p3      |  select  |      0|  0|  24|           1|          24|
    |temp_a1_int8_26_V_fu_6157_p3      |  select  |      0|  0|  24|           1|          24|
    |temp_a1_int8_27_V_fu_6185_p3      |  select  |      0|  0|  24|           1|          24|
    |temp_a1_int8_28_V_fu_6213_p3      |  select  |      0|  0|  24|           1|          24|
    |temp_a1_int8_29_V_fu_6241_p3      |  select  |      0|  0|  24|           1|          24|
    |temp_a1_int8_2_V_fu_5513_p3       |  select  |      0|  0|  24|           1|          24|
    |temp_a1_int8_30_V_fu_6269_p3      |  select  |      0|  0|  24|           1|          24|
    |temp_a1_int8_31_V_fu_6297_p3      |  select  |      0|  0|  24|           1|          24|
    |temp_a1_int8_32_V_fu_10987_p3     |  select  |      0|  0|  24|           1|          24|
    |temp_a1_int8_33_V_fu_6325_p3      |  select  |      0|  0|  24|           1|          24|
    |temp_a1_int8_34_V_fu_6353_p3      |  select  |      0|  0|  24|           1|          24|
    |temp_a1_int8_35_V_fu_6381_p3      |  select  |      0|  0|  24|           1|          24|
    |temp_a1_int8_36_V_fu_6409_p3      |  select  |      0|  0|  24|           1|          24|
    |temp_a1_int8_37_V_fu_6437_p3      |  select  |      0|  0|  24|           1|          24|
    |temp_a1_int8_38_V_fu_6465_p3      |  select  |      0|  0|  24|           1|          24|
    |temp_a1_int8_39_V_fu_6493_p3      |  select  |      0|  0|  24|           1|          24|
    |temp_a1_int8_3_V_fu_5541_p3       |  select  |      0|  0|  24|           1|          24|
    |temp_a1_int8_40_V_fu_6521_p3      |  select  |      0|  0|  24|           1|          24|
    |temp_a1_int8_41_V_fu_6549_p3      |  select  |      0|  0|  24|           1|          24|
    |temp_a1_int8_42_V_fu_6577_p3      |  select  |      0|  0|  24|           1|          24|
    |temp_a1_int8_43_V_fu_6605_p3      |  select  |      0|  0|  24|           1|          24|
    |temp_a1_int8_44_V_fu_6633_p3      |  select  |      0|  0|  24|           1|          24|
    |temp_a1_int8_45_V_fu_6661_p3      |  select  |      0|  0|  24|           1|          24|
    |temp_a1_int8_46_V_fu_6689_p3      |  select  |      0|  0|  24|           1|          24|
    |temp_a1_int8_47_V_fu_6717_p3      |  select  |      0|  0|  24|           1|          24|
    |temp_a1_int8_48_V_fu_6745_p3      |  select  |      0|  0|  24|           1|          24|
    |temp_a1_int8_49_V_fu_6773_p3      |  select  |      0|  0|  24|           1|          24|
    |temp_a1_int8_4_V_fu_5569_p3       |  select  |      0|  0|  24|           1|          24|
    |temp_a1_int8_50_V_fu_6801_p3      |  select  |      0|  0|  24|           1|          24|
    |temp_a1_int8_51_V_fu_6829_p3      |  select  |      0|  0|  24|           1|          24|
    |temp_a1_int8_52_V_fu_6857_p3      |  select  |      0|  0|  24|           1|          24|
    |temp_a1_int8_53_V_fu_6885_p3      |  select  |      0|  0|  24|           1|          24|
    |temp_a1_int8_54_V_fu_6913_p3      |  select  |      0|  0|  24|           1|          24|
    |temp_a1_int8_55_V_fu_6941_p3      |  select  |      0|  0|  24|           1|          24|
    |temp_a1_int8_56_V_fu_6969_p3      |  select  |      0|  0|  24|           1|          24|
    |temp_a1_int8_57_V_fu_6997_p3      |  select  |      0|  0|  24|           1|          24|
    |temp_a1_int8_58_V_fu_7025_p3      |  select  |      0|  0|  24|           1|          24|
    |temp_a1_int8_59_V_fu_7053_p3      |  select  |      0|  0|  24|           1|          24|
    |temp_a1_int8_5_V_fu_5597_p3       |  select  |      0|  0|  24|           1|          24|
    |temp_a1_int8_60_V_fu_7081_p3      |  select  |      0|  0|  24|           1|          24|
    |temp_a1_int8_61_V_fu_7109_p3      |  select  |      0|  0|  24|           1|          24|
    |temp_a1_int8_62_V_fu_7137_p3      |  select  |      0|  0|  24|           1|          24|
    |temp_a1_int8_63_V_fu_7165_p3      |  select  |      0|  0|  24|           1|          24|
    |temp_a1_int8_6_V_fu_5625_p3       |  select  |      0|  0|  24|           1|          24|
    |temp_a1_int8_7_V_fu_5653_p3       |  select  |      0|  0|  24|           1|          24|
    |temp_a1_int8_8_V_fu_5681_p3       |  select  |      0|  0|  24|           1|          24|
    |temp_a1_int8_9_V_fu_5709_p3       |  select  |      0|  0|  24|           1|          24|
    |temp_b_int8_0_1_V_13_fu_3283_p3   |  select  |      0|  0|   8|           1|           8|
    |temp_b_int8_0_1_V_14_fu_3290_p3   |  select  |      0|  0|   8|           1|           8|
    |temp_b_int8_10_1_V_21_fu_3523_p3  |  select  |      0|  0|   8|           1|           8|
    |temp_b_int8_10_1_V_22_fu_3530_p3  |  select  |      0|  0|   8|           1|           8|
    |temp_b_int8_11_1_V_21_fu_3547_p3  |  select  |      0|  0|   8|           1|           8|
    |temp_b_int8_11_1_V_22_fu_3554_p3  |  select  |      0|  0|   8|           1|           8|
    |temp_b_int8_12_1_V_21_fu_3571_p3  |  select  |      0|  0|   8|           1|           8|
    |temp_b_int8_12_1_V_22_fu_3578_p3  |  select  |      0|  0|   8|           1|           8|
    |temp_b_int8_13_1_V_21_fu_3595_p3  |  select  |      0|  0|   8|           1|           8|
    |temp_b_int8_13_1_V_22_fu_3602_p3  |  select  |      0|  0|   8|           1|           8|
    |temp_b_int8_14_1_V_21_fu_3619_p3  |  select  |      0|  0|   8|           1|           8|
    |temp_b_int8_14_1_V_22_fu_3626_p3  |  select  |      0|  0|   8|           1|           8|
    |temp_b_int8_15_1_V_21_fu_3643_p3  |  select  |      0|  0|   8|           1|           8|
    |temp_b_int8_15_1_V_22_fu_3650_p3  |  select  |      0|  0|   8|           1|           8|
    |temp_b_int8_16_1_V_21_fu_3667_p3  |  select  |      0|  0|   8|           1|           8|
    |temp_b_int8_16_1_V_22_fu_3674_p3  |  select  |      0|  0|   8|           1|           8|
    |temp_b_int8_17_1_V_21_fu_3691_p3  |  select  |      0|  0|   8|           1|           8|
    |temp_b_int8_17_1_V_22_fu_3698_p3  |  select  |      0|  0|   8|           1|           8|
    |temp_b_int8_18_1_V_21_fu_3715_p3  |  select  |      0|  0|   8|           1|           8|
    |temp_b_int8_18_1_V_22_fu_3722_p3  |  select  |      0|  0|   8|           1|           8|
    |temp_b_int8_19_1_V_21_fu_3739_p3  |  select  |      0|  0|   8|           1|           8|
    |temp_b_int8_19_1_V_22_fu_3746_p3  |  select  |      0|  0|   8|           1|           8|
    |temp_b_int8_1_1_V_13_fu_3307_p3   |  select  |      0|  0|   8|           1|           8|
    |temp_b_int8_1_1_V_14_fu_3314_p3   |  select  |      0|  0|   8|           1|           8|
    |temp_b_int8_20_1_V_21_fu_3763_p3  |  select  |      0|  0|   8|           1|           8|
    |temp_b_int8_20_1_V_22_fu_3770_p3  |  select  |      0|  0|   8|           1|           8|
    |temp_b_int8_21_1_V_21_fu_3787_p3  |  select  |      0|  0|   8|           1|           8|
    |temp_b_int8_21_1_V_22_fu_3794_p3  |  select  |      0|  0|   8|           1|           8|
    |temp_b_int8_22_1_V_21_fu_3811_p3  |  select  |      0|  0|   8|           1|           8|
    |temp_b_int8_22_1_V_22_fu_3818_p3  |  select  |      0|  0|   8|           1|           8|
    |temp_b_int8_23_1_V_21_fu_3835_p3  |  select  |      0|  0|   8|           1|           8|
    |temp_b_int8_23_1_V_22_fu_3842_p3  |  select  |      0|  0|   8|           1|           8|
    |temp_b_int8_24_1_V_21_fu_3859_p3  |  select  |      0|  0|   8|           1|           8|
    |temp_b_int8_24_1_V_22_fu_3866_p3  |  select  |      0|  0|   8|           1|           8|
    |temp_b_int8_25_1_V_21_fu_3883_p3  |  select  |      0|  0|   8|           1|           8|
    |temp_b_int8_25_1_V_22_fu_3890_p3  |  select  |      0|  0|   8|           1|           8|
    |temp_b_int8_26_1_V_21_fu_3907_p3  |  select  |      0|  0|   8|           1|           8|
    |temp_b_int8_26_1_V_22_fu_3914_p3  |  select  |      0|  0|   8|           1|           8|
    |temp_b_int8_27_1_V_21_fu_3931_p3  |  select  |      0|  0|   8|           1|           8|
    |temp_b_int8_27_1_V_22_fu_3938_p3  |  select  |      0|  0|   8|           1|           8|
    |temp_b_int8_28_1_V_21_fu_3955_p3  |  select  |      0|  0|   8|           1|           8|
    |temp_b_int8_28_1_V_22_fu_3962_p3  |  select  |      0|  0|   8|           1|           8|
    |temp_b_int8_29_1_V_21_fu_3979_p3  |  select  |      0|  0|   8|           1|           8|
    |temp_b_int8_29_1_V_22_fu_3986_p3  |  select  |      0|  0|   8|           1|           8|
    |temp_b_int8_2_1_V_13_fu_3331_p3   |  select  |      0|  0|   8|           1|           8|
    |temp_b_int8_2_1_V_14_fu_3338_p3   |  select  |      0|  0|   8|           1|           8|
    |temp_b_int8_30_1_V_21_fu_4003_p3  |  select  |      0|  0|   8|           1|           8|
    |temp_b_int8_30_1_V_22_fu_4010_p3  |  select  |      0|  0|   8|           1|           8|
    |temp_b_int8_31_1_V_21_fu_4027_p3  |  select  |      0|  0|   8|           1|           8|
    |temp_b_int8_31_1_V_22_fu_4034_p3  |  select  |      0|  0|   8|           1|           8|
    |temp_b_int8_32_1_V_21_fu_4045_p3  |  select  |      0|  0|   8|           1|           8|
    |temp_b_int8_32_1_V_22_fu_4052_p3  |  select  |      0|  0|   8|           1|           8|
    |temp_b_int8_33_1_V_21_fu_4069_p3  |  select  |      0|  0|   8|           1|           8|
    |temp_b_int8_33_1_V_22_fu_4076_p3  |  select  |      0|  0|   8|           1|           8|
    |temp_b_int8_34_1_V_21_fu_4093_p3  |  select  |      0|  0|   8|           1|           8|
    |temp_b_int8_34_1_V_22_fu_4100_p3  |  select  |      0|  0|   8|           1|           8|
    |temp_b_int8_35_1_V_21_fu_4117_p3  |  select  |      0|  0|   8|           1|           8|
    |temp_b_int8_35_1_V_22_fu_4124_p3  |  select  |      0|  0|   8|           1|           8|
    |temp_b_int8_36_1_V_21_fu_4141_p3  |  select  |      0|  0|   8|           1|           8|
    |temp_b_int8_36_1_V_22_fu_4148_p3  |  select  |      0|  0|   8|           1|           8|
    |temp_b_int8_37_1_V_21_fu_4165_p3  |  select  |      0|  0|   8|           1|           8|
    |temp_b_int8_37_1_V_22_fu_4172_p3  |  select  |      0|  0|   8|           1|           8|
    |temp_b_int8_38_1_V_21_fu_4189_p3  |  select  |      0|  0|   8|           1|           8|
    |temp_b_int8_38_1_V_22_fu_4196_p3  |  select  |      0|  0|   8|           1|           8|
    |temp_b_int8_39_1_V_21_fu_4213_p3  |  select  |      0|  0|   8|           1|           8|
    |temp_b_int8_39_1_V_22_fu_4220_p3  |  select  |      0|  0|   8|           1|           8|
    |temp_b_int8_3_1_V_13_fu_3355_p3   |  select  |      0|  0|   8|           1|           8|
    |temp_b_int8_3_1_V_14_fu_3362_p3   |  select  |      0|  0|   8|           1|           8|
    |temp_b_int8_40_1_V_21_fu_4237_p3  |  select  |      0|  0|   8|           1|           8|
    |temp_b_int8_40_1_V_22_fu_4244_p3  |  select  |      0|  0|   8|           1|           8|
    |temp_b_int8_41_1_V_21_fu_4261_p3  |  select  |      0|  0|   8|           1|           8|
    |temp_b_int8_41_1_V_22_fu_4268_p3  |  select  |      0|  0|   8|           1|           8|
    |temp_b_int8_42_1_V_21_fu_4285_p3  |  select  |      0|  0|   8|           1|           8|
    |temp_b_int8_42_1_V_22_fu_4292_p3  |  select  |      0|  0|   8|           1|           8|
    |temp_b_int8_43_1_V_21_fu_4309_p3  |  select  |      0|  0|   8|           1|           8|
    |temp_b_int8_43_1_V_22_fu_4316_p3  |  select  |      0|  0|   8|           1|           8|
    |temp_b_int8_44_1_V_21_fu_4333_p3  |  select  |      0|  0|   8|           1|           8|
    |temp_b_int8_44_1_V_22_fu_4340_p3  |  select  |      0|  0|   8|           1|           8|
    |temp_b_int8_45_1_V_21_fu_4357_p3  |  select  |      0|  0|   8|           1|           8|
    |temp_b_int8_45_1_V_22_fu_4364_p3  |  select  |      0|  0|   8|           1|           8|
    |temp_b_int8_46_1_V_21_fu_4381_p3  |  select  |      0|  0|   8|           1|           8|
    |temp_b_int8_46_1_V_22_fu_4388_p3  |  select  |      0|  0|   8|           1|           8|
    |temp_b_int8_47_1_V_21_fu_4405_p3  |  select  |      0|  0|   8|           1|           8|
    |temp_b_int8_47_1_V_22_fu_4412_p3  |  select  |      0|  0|   8|           1|           8|
    |temp_b_int8_48_1_V_21_fu_4429_p3  |  select  |      0|  0|   8|           1|           8|
    |temp_b_int8_48_1_V_22_fu_4436_p3  |  select  |      0|  0|   8|           1|           8|
    |temp_b_int8_49_1_V_21_fu_4453_p3  |  select  |      0|  0|   8|           1|           8|
    |temp_b_int8_49_1_V_22_fu_4460_p3  |  select  |      0|  0|   8|           1|           8|
    |temp_b_int8_4_1_V_13_fu_3379_p3   |  select  |      0|  0|   8|           1|           8|
    |temp_b_int8_4_1_V_14_fu_3386_p3   |  select  |      0|  0|   8|           1|           8|
    |temp_b_int8_50_1_V_21_fu_4477_p3  |  select  |      0|  0|   8|           1|           8|
    |temp_b_int8_50_1_V_22_fu_4484_p3  |  select  |      0|  0|   8|           1|           8|
    |temp_b_int8_51_1_V_21_fu_4501_p3  |  select  |      0|  0|   8|           1|           8|
    |temp_b_int8_51_1_V_22_fu_4508_p3  |  select  |      0|  0|   8|           1|           8|
    |temp_b_int8_52_1_V_21_fu_4525_p3  |  select  |      0|  0|   8|           1|           8|
    |temp_b_int8_52_1_V_22_fu_4532_p3  |  select  |      0|  0|   8|           1|           8|
    |temp_b_int8_53_1_V_21_fu_4549_p3  |  select  |      0|  0|   8|           1|           8|
    |temp_b_int8_53_1_V_22_fu_4556_p3  |  select  |      0|  0|   8|           1|           8|
    |temp_b_int8_54_1_V_21_fu_4573_p3  |  select  |      0|  0|   8|           1|           8|
    |temp_b_int8_54_1_V_22_fu_4580_p3  |  select  |      0|  0|   8|           1|           8|
    |temp_b_int8_55_1_V_21_fu_4597_p3  |  select  |      0|  0|   8|           1|           8|
    |temp_b_int8_55_1_V_22_fu_4604_p3  |  select  |      0|  0|   8|           1|           8|
    |temp_b_int8_56_1_V_21_fu_4621_p3  |  select  |      0|  0|   8|           1|           8|
    |temp_b_int8_56_1_V_22_fu_4628_p3  |  select  |      0|  0|   8|           1|           8|
    |temp_b_int8_57_1_V_21_fu_4645_p3  |  select  |      0|  0|   8|           1|           8|
    |temp_b_int8_57_1_V_22_fu_4652_p3  |  select  |      0|  0|   8|           1|           8|
    |temp_b_int8_58_1_V_21_fu_4669_p3  |  select  |      0|  0|   8|           1|           8|
    |temp_b_int8_58_1_V_22_fu_4676_p3  |  select  |      0|  0|   8|           1|           8|
    |temp_b_int8_59_1_V_21_fu_4693_p3  |  select  |      0|  0|   8|           1|           8|
    |temp_b_int8_59_1_V_22_fu_4700_p3  |  select  |      0|  0|   8|           1|           8|
    |temp_b_int8_5_1_V_13_fu_3403_p3   |  select  |      0|  0|   8|           1|           8|
    |temp_b_int8_5_1_V_14_fu_3410_p3   |  select  |      0|  0|   8|           1|           8|
    |temp_b_int8_60_1_V_21_fu_4717_p3  |  select  |      0|  0|   8|           1|           8|
    |temp_b_int8_60_1_V_22_fu_4724_p3  |  select  |      0|  0|   8|           1|           8|
    |temp_b_int8_61_1_V_21_fu_4741_p3  |  select  |      0|  0|   8|           1|           8|
    |temp_b_int8_61_1_V_22_fu_4748_p3  |  select  |      0|  0|   8|           1|           8|
    |temp_b_int8_62_1_V_21_fu_4765_p3  |  select  |      0|  0|   8|           1|           8|
    |temp_b_int8_62_1_V_22_fu_4772_p3  |  select  |      0|  0|   8|           1|           8|
    |temp_b_int8_63_1_V_21_fu_4789_p3  |  select  |      0|  0|   8|           1|           8|
    |temp_b_int8_63_1_V_22_fu_4796_p3  |  select  |      0|  0|   8|           1|           8|
    |temp_b_int8_6_1_V_13_fu_3427_p3   |  select  |      0|  0|   8|           1|           8|
    |temp_b_int8_6_1_V_14_fu_3434_p3   |  select  |      0|  0|   8|           1|           8|
    |temp_b_int8_7_1_V_13_fu_3451_p3   |  select  |      0|  0|   8|           1|           8|
    |temp_b_int8_7_1_V_14_fu_3458_p3   |  select  |      0|  0|   8|           1|           8|
    |temp_b_int8_8_1_V_13_fu_3475_p3   |  select  |      0|  0|   8|           1|           8|
    |temp_b_int8_8_1_V_14_fu_3482_p3   |  select  |      0|  0|   8|           1|           8|
    |temp_b_int8_9_1_V_13_fu_3499_p3   |  select  |      0|  0|   8|           1|           8|
    |temp_b_int8_9_1_V_14_fu_3506_p3   |  select  |      0|  0|   8|           1|           8|
    |ap_enable_pp0                     |    xor   |      0|  0|   2|           1|           2|
    |ap_enable_reg_pp0_iter1           |    xor   |      0|  0|   2|           2|           1|
    +----------------------------------+----------+-------+---+----+------------+------------+
    |Total                             |          |      0|  0|8302|        3903|        6779|
    +----------------------------------+----------+-------+---+----+------------+------------+

    * Multiplexer: 
    +-------------------------+----+-----------+-----+-----------+
    |           Name          | LUT| Input Size| Bits| Total Bits|
    +-------------------------+----+-----------+-----+-----------+
    |N_pipe_in_1_V_V_blk_n    |   9|          2|    1|          2|
    |N_pipe_out_2_V_V_blk_n   |   9|          2|    1|          2|
    |a_in_1_1_V_V_blk_n       |   9|          2|    1|          2|
    |a_in_2_1_V_V_blk_n       |   9|          2|    1|          2|
    |a_in_3_1_V_V_blk_n       |   9|          2|    1|          2|
    |a_in_4_1_V_V_blk_n       |   9|          2|    1|          2|
    |ap_NS_fsm                |  21|          4|    1|          4|
    |ap_done                  |   9|          2|    1|          2|
    |ap_enable_reg_pp0_iter1  |   9|          2|    1|          2|
    |ap_enable_reg_pp0_iter5  |   9|          2|    1|          2|
    |b_in_1_1_V_V_blk_n       |   9|          2|    1|          2|
    |b_in_2_1_V_V_blk_n       |   9|          2|    1|          2|
    |b_out_1_2_V_V_blk_n      |   9|          2|    1|          2|
    |b_out_2_2_V_V_blk_n      |   9|          2|    1|          2|
    |c_in_1_1_V_V_blk_n       |   9|          2|    1|          2|
    |c_in_2_1_V_V_blk_n       |   9|          2|    1|          2|
    |c_out_1_2_V_V_blk_n      |   9|          2|    1|          2|
    |c_out_2_2_V_V_blk_n      |   9|          2|    1|          2|
    |indvar_flatten_reg_1022  |   9|          2|   42|         84|
    |iter2_0_reg_1033         |   9|          2|   10|         20|
    |real_start               |   9|          2|    1|          2|
    +-------------------------+----+-----------+-----+-----------+
    |Total                    | 201|         44|   71|        144|
    +-------------------------+----+-----------+-----+-----------+

    * Register: 
    +-----------------------------------------+----+----+-----+-----------+
    |                   Name                  | FF | LUT| Bits| Const Bits|
    +-----------------------------------------+----+----+-----+-----------+
    |add_ln700_258_reg_15581                  |  17|   0|   17|          0|
    |add_ln700_263_reg_15586                  |  17|   0|   17|          0|
    |add_ln700_271_reg_15591                  |  17|   0|   17|          0|
    |add_ln700_273_reg_15596                  |  17|   0|   17|          0|
    |add_ln700_274_reg_15601                  |  17|   0|   17|          0|
    |add_ln700_285_reg_15731                  |  20|   0|   20|          0|
    |add_ln700_287_reg_15606                  |  17|   0|   17|          0|
    |add_ln700_288_reg_15736                  |  21|   0|   21|          0|
    |add_ln700_289_reg_15611                  |  17|   0|   17|          0|
    |add_ln700_290_reg_15616                  |  17|   0|   17|          0|
    |add_ln700_291_reg_15741                  |  18|   0|   18|          0|
    |add_ln700_293_reg_15621                  |  17|   0|   17|          0|
    |add_ln700_294_reg_15626                  |  17|   0|   17|          0|
    |add_ln700_296_reg_15631                  |  17|   0|   17|          0|
    |add_ln700_297_reg_15636                  |  17|   0|   17|          0|
    |add_ln700_300_reg_15746                  |  20|   0|   20|          0|
    |add_ln700_303_reg_15751                  |  17|   0|   17|          0|
    |add_ln700_307_reg_15756                  |  18|   0|   18|          0|
    |add_ln700_316_reg_15761                  |  20|   0|   20|          0|
    |add_ln700_319_reg_15641                  |  17|   0|   17|          0|
    |add_ln700_319_reg_15641_pp0_iter3_reg    |  17|   0|   17|          0|
    |add_ln700_321_reg_15646                  |  17|   0|   17|          0|
    |add_ln700_322_reg_15651                  |  17|   0|   17|          0|
    |add_ln700_323_reg_15766                  |  18|   0|   18|          0|
    |add_ln700_325_reg_15656                  |  17|   0|   17|          0|
    |add_ln700_326_reg_15661                  |  17|   0|   17|          0|
    |add_ln700_328_reg_15666                  |  17|   0|   17|          0|
    |add_ln700_329_reg_15671                  |  17|   0|   17|          0|
    |add_ln700_331_reg_15771                  |  19|   0|   19|          0|
    |add_ln700_333_reg_15676                  |  17|   0|   17|          0|
    |add_ln700_334_reg_15681                  |  17|   0|   17|          0|
    |add_ln700_336_reg_15686                  |  17|   0|   17|          0|
    |add_ln700_337_reg_15691                  |  17|   0|   17|          0|
    |add_ln700_340_reg_15696                  |  17|   0|   17|          0|
    |add_ln700_341_reg_15701                  |  17|   0|   17|          0|
    |add_ln700_343_reg_15706                  |  17|   0|   17|          0|
    |add_ln700_344_reg_15711                  |  17|   0|   17|          0|
    |add_ln700_348_reg_15776                  |  21|   0|   21|          0|
    |add_ln700_351_reg_15781                  |  17|   0|   17|          0|
    |add_ln700_355_reg_15786                  |  18|   0|   18|          0|
    |add_ln700_363_reg_15791                  |  19|   0|   19|          0|
    |add_ln700_380_reg_15796                  |  21|   0|   21|          0|
    |add_ln700_reg_15576                      |  17|   0|   17|          0|
    |add_ln78_25_reg_15371                    |  16|   0|   16|          0|
    |add_ln78_26_reg_15376                    |  16|   0|   16|          0|
    |add_ln78_27_reg_15381                    |  16|   0|   16|          0|
    |add_ln78_28_reg_15386                    |  16|   0|   16|          0|
    |add_ln78_29_reg_15396                    |  16|   0|   16|          0|
    |add_ln78_30_reg_15401                    |  16|   0|   16|          0|
    |add_ln78_31_reg_15406                    |  16|   0|   16|          0|
    |add_ln78_32_reg_15726                    |  16|   0|   16|          0|
    |add_ln78_33_reg_15416                    |  16|   0|   16|          0|
    |add_ln78_34_reg_15421                    |  16|   0|   16|          0|
    |add_ln78_35_reg_15426                    |  16|   0|   16|          0|
    |add_ln78_36_reg_15431                    |  16|   0|   16|          0|
    |add_ln78_37_reg_15436                    |  16|   0|   16|          0|
    |add_ln78_38_reg_15441                    |  16|   0|   16|          0|
    |add_ln78_39_reg_15446                    |  16|   0|   16|          0|
    |add_ln78_40_reg_15451                    |  16|   0|   16|          0|
    |add_ln78_41_reg_15456                    |  16|   0|   16|          0|
    |add_ln78_42_reg_15461                    |  16|   0|   16|          0|
    |add_ln78_43_reg_15466                    |  16|   0|   16|          0|
    |add_ln78_44_reg_15471                    |  16|   0|   16|          0|
    |add_ln78_45_reg_15476                    |  16|   0|   16|          0|
    |add_ln78_46_reg_15481                    |  16|   0|   16|          0|
    |add_ln78_47_reg_15486                    |  16|   0|   16|          0|
    |add_ln78_48_reg_15491                    |  16|   0|   16|          0|
    |add_ln78_49_reg_15496                    |  16|   0|   16|          0|
    |add_ln78_50_reg_15501                    |  16|   0|   16|          0|
    |add_ln78_51_reg_15506                    |  16|   0|   16|          0|
    |add_ln78_52_reg_15511                    |  16|   0|   16|          0|
    |add_ln78_53_reg_15516                    |  16|   0|   16|          0|
    |add_ln78_54_reg_15521                    |  16|   0|   16|          0|
    |add_ln78_55_reg_15526                    |  16|   0|   16|          0|
    |add_ln78_56_reg_15531                    |  16|   0|   16|          0|
    |add_ln78_57_reg_15536                    |  16|   0|   16|          0|
    |add_ln78_58_reg_15541                    |  16|   0|   16|          0|
    |add_ln78_59_reg_15546                    |  16|   0|   16|          0|
    |add_ln78_60_reg_15551                    |  16|   0|   16|          0|
    |add_ln78_61_reg_15561                    |  16|   0|   16|          0|
    |add_ln78_62_reg_15566                    |  16|   0|   16|          0|
    |add_ln78_reg_15571                       |  16|   0|   16|          0|
    |ap_CS_fsm                                |   3|   0|    3|          0|
    |ap_done_reg                              |   1|   0|    1|          0|
    |ap_enable_reg_pp0_iter0                  |   1|   0|    1|          0|
    |ap_enable_reg_pp0_iter1                  |   1|   0|    1|          0|
    |ap_enable_reg_pp0_iter2                  |   1|   0|    1|          0|
    |ap_enable_reg_pp0_iter3                  |   1|   0|    1|          0|
    |ap_enable_reg_pp0_iter4                  |   1|   0|    1|          0|
    |ap_enable_reg_pp0_iter5                  |   1|   0|    1|          0|
    |bound_reg_13975                          |  34|   0|   42|          8|
    |c_buffer1_1_V_11_fu_414                  |  32|   0|   32|          0|
    |c_buffer1_1_V_fu_410                     |  32|   0|   32|          0|
    |c_buffer2_0_V_reg_15801                  |  22|   0|   22|          0|
    |c_buffer2_1_V_11_fu_406                  |  32|   0|   32|          0|
    |c_buffer2_1_V_fu_402                     |  32|   0|   32|          0|
    |icmp_ln105_reg_13980                     |   1|   0|    1|          0|
    |icmp_ln136_reg_14189                     |   1|   0|    1|          0|
    |icmp_ln145_reg_14193                     |   1|   0|    1|          0|
    |indvar_flatten_reg_1022                  |  42|   0|   42|          0|
    |iter2_0_reg_1033                         |  10|   0|   10|          0|
    |j_reg_13989                              |   1|   0|    1|          0|
    |p_Result_52_10_reg_14362                 |   8|   0|    8|          0|
    |p_Result_52_11_reg_14378                 |   8|   0|    8|          0|
    |p_Result_52_12_reg_14394                 |   8|   0|    8|          0|
    |p_Result_52_13_reg_14410                 |   8|   0|    8|          0|
    |p_Result_52_14_reg_14426                 |   8|   0|    8|          0|
    |p_Result_52_15_reg_14442                 |   8|   0|    8|          0|
    |p_Result_52_16_reg_14458                 |   8|   0|    8|          0|
    |p_Result_52_16_reg_14458_pp0_iter2_reg   |   8|   0|    8|          0|
    |p_Result_52_17_reg_14474                 |   8|   0|    8|          0|
    |p_Result_52_18_reg_14490                 |   8|   0|    8|          0|
    |p_Result_52_19_reg_14506                 |   8|   0|    8|          0|
    |p_Result_52_1_reg_14218                  |   8|   0|    8|          0|
    |p_Result_52_20_reg_14522                 |   8|   0|    8|          0|
    |p_Result_52_21_reg_14538                 |   8|   0|    8|          0|
    |p_Result_52_22_reg_14554                 |   8|   0|    8|          0|
    |p_Result_52_23_reg_14570                 |   8|   0|    8|          0|
    |p_Result_52_24_reg_14586                 |   8|   0|    8|          0|
    |p_Result_52_25_reg_14602                 |   8|   0|    8|          0|
    |p_Result_52_26_reg_14618                 |   8|   0|    8|          0|
    |p_Result_52_27_reg_14634                 |   8|   0|    8|          0|
    |p_Result_52_28_reg_14650                 |   8|   0|    8|          0|
    |p_Result_52_29_reg_14666                 |   8|   0|    8|          0|
    |p_Result_52_2_reg_14234                  |   8|   0|    8|          0|
    |p_Result_52_30_reg_14682                 |   8|   0|    8|          0|
    |p_Result_52_31_reg_14698                 |   8|   0|    8|          0|
    |p_Result_52_33_reg_14730                 |   8|   0|    8|          0|
    |p_Result_52_34_reg_14746                 |   8|   0|    8|          0|
    |p_Result_52_35_reg_14762                 |   8|   0|    8|          0|
    |p_Result_52_36_reg_14778                 |   8|   0|    8|          0|
    |p_Result_52_37_reg_14794                 |   8|   0|    8|          0|
    |p_Result_52_38_reg_14810                 |   8|   0|    8|          0|
    |p_Result_52_39_reg_14826                 |   8|   0|    8|          0|
    |p_Result_52_3_reg_14250                  |   8|   0|    8|          0|
    |p_Result_52_40_reg_14842                 |   8|   0|    8|          0|
    |p_Result_52_41_reg_14858                 |   8|   0|    8|          0|
    |p_Result_52_42_reg_14874                 |   8|   0|    8|          0|
    |p_Result_52_43_reg_14890                 |   8|   0|    8|          0|
    |p_Result_52_44_reg_14906                 |   8|   0|    8|          0|
    |p_Result_52_45_reg_14922                 |   8|   0|    8|          0|
    |p_Result_52_46_reg_14938                 |   8|   0|    8|          0|
    |p_Result_52_47_reg_14954                 |   8|   0|    8|          0|
    |p_Result_52_48_reg_14970                 |   8|   0|    8|          0|
    |p_Result_52_49_reg_14986                 |   8|   0|    8|          0|
    |p_Result_52_4_reg_14266                  |   8|   0|    8|          0|
    |p_Result_52_50_reg_15002                 |   8|   0|    8|          0|
    |p_Result_52_51_reg_15018                 |   8|   0|    8|          0|
    |p_Result_52_52_reg_15034                 |   8|   0|    8|          0|
    |p_Result_52_53_reg_15050                 |   8|   0|    8|          0|
    |p_Result_52_54_reg_15066                 |   8|   0|    8|          0|
    |p_Result_52_55_reg_15082                 |   8|   0|    8|          0|
    |p_Result_52_56_reg_15098                 |   8|   0|    8|          0|
    |p_Result_52_57_reg_15114                 |   8|   0|    8|          0|
    |p_Result_52_58_reg_15130                 |   8|   0|    8|          0|
    |p_Result_52_59_reg_15146                 |   8|   0|    8|          0|
    |p_Result_52_5_reg_14282                  |   8|   0|    8|          0|
    |p_Result_52_60_reg_15162                 |   8|   0|    8|          0|
    |p_Result_52_61_reg_15178                 |   8|   0|    8|          0|
    |p_Result_52_62_reg_15194                 |   8|   0|    8|          0|
    |p_Result_52_6_reg_14298                  |   8|   0|    8|          0|
    |p_Result_52_7_reg_14314                  |   8|   0|    8|          0|
    |p_Result_52_8_reg_14330                  |   8|   0|    8|          0|
    |p_Result_52_9_reg_14346                  |   8|   0|    8|          0|
    |p_Result_52_s_reg_15210                  |   8|   0|    8|          0|
    |p_Result_54_10_reg_14373                 |   8|   0|    8|          0|
    |p_Result_54_11_reg_14389                 |   8|   0|    8|          0|
    |p_Result_54_12_reg_14405                 |   8|   0|    8|          0|
    |p_Result_54_13_reg_14421                 |   8|   0|    8|          0|
    |p_Result_54_14_reg_14437                 |   8|   0|    8|          0|
    |p_Result_54_15_reg_14453                 |   8|   0|    8|          0|
    |p_Result_54_16_reg_14469                 |   8|   0|    8|          0|
    |p_Result_54_16_reg_14469_pp0_iter2_reg   |   8|   0|    8|          0|
    |p_Result_54_17_reg_14485                 |   8|   0|    8|          0|
    |p_Result_54_18_reg_14501                 |   8|   0|    8|          0|
    |p_Result_54_19_reg_14517                 |   8|   0|    8|          0|
    |p_Result_54_1_reg_14229                  |   8|   0|    8|          0|
    |p_Result_54_20_reg_14533                 |   8|   0|    8|          0|
    |p_Result_54_21_reg_14549                 |   8|   0|    8|          0|
    |p_Result_54_22_reg_14565                 |   8|   0|    8|          0|
    |p_Result_54_23_reg_14581                 |   8|   0|    8|          0|
    |p_Result_54_24_reg_14597                 |   8|   0|    8|          0|
    |p_Result_54_25_reg_14613                 |   8|   0|    8|          0|
    |p_Result_54_26_reg_14629                 |   8|   0|    8|          0|
    |p_Result_54_27_reg_14645                 |   8|   0|    8|          0|
    |p_Result_54_28_reg_14661                 |   8|   0|    8|          0|
    |p_Result_54_29_reg_14677                 |   8|   0|    8|          0|
    |p_Result_54_2_reg_14245                  |   8|   0|    8|          0|
    |p_Result_54_30_reg_14693                 |   8|   0|    8|          0|
    |p_Result_54_31_reg_14709                 |   8|   0|    8|          0|
    |p_Result_54_33_reg_14741                 |   8|   0|    8|          0|
    |p_Result_54_34_reg_14757                 |   8|   0|    8|          0|
    |p_Result_54_35_reg_14773                 |   8|   0|    8|          0|
    |p_Result_54_36_reg_14789                 |   8|   0|    8|          0|
    |p_Result_54_37_reg_14805                 |   8|   0|    8|          0|
    |p_Result_54_38_reg_14821                 |   8|   0|    8|          0|
    |p_Result_54_39_reg_14837                 |   8|   0|    8|          0|
    |p_Result_54_3_reg_14261                  |   8|   0|    8|          0|
    |p_Result_54_40_reg_14853                 |   8|   0|    8|          0|
    |p_Result_54_41_reg_14869                 |   8|   0|    8|          0|
    |p_Result_54_42_reg_14885                 |   8|   0|    8|          0|
    |p_Result_54_43_reg_14901                 |   8|   0|    8|          0|
    |p_Result_54_44_reg_14917                 |   8|   0|    8|          0|
    |p_Result_54_45_reg_14933                 |   8|   0|    8|          0|
    |p_Result_54_46_reg_14949                 |   8|   0|    8|          0|
    |p_Result_54_47_reg_14965                 |   8|   0|    8|          0|
    |p_Result_54_48_reg_14981                 |   8|   0|    8|          0|
    |p_Result_54_49_reg_14997                 |   8|   0|    8|          0|
    |p_Result_54_4_reg_14277                  |   8|   0|    8|          0|
    |p_Result_54_50_reg_15013                 |   8|   0|    8|          0|
    |p_Result_54_51_reg_15029                 |   8|   0|    8|          0|
    |p_Result_54_52_reg_15045                 |   8|   0|    8|          0|
    |p_Result_54_53_reg_15061                 |   8|   0|    8|          0|
    |p_Result_54_54_reg_15077                 |   8|   0|    8|          0|
    |p_Result_54_55_reg_15093                 |   8|   0|    8|          0|
    |p_Result_54_56_reg_15109                 |   8|   0|    8|          0|
    |p_Result_54_57_reg_15125                 |   8|   0|    8|          0|
    |p_Result_54_58_reg_15141                 |   8|   0|    8|          0|
    |p_Result_54_59_reg_15157                 |   8|   0|    8|          0|
    |p_Result_54_5_reg_14293                  |   8|   0|    8|          0|
    |p_Result_54_60_reg_15173                 |   8|   0|    8|          0|
    |p_Result_54_61_reg_15189                 |   8|   0|    8|          0|
    |p_Result_54_62_reg_15205                 |   8|   0|    8|          0|
    |p_Result_54_6_reg_14309                  |   8|   0|    8|          0|
    |p_Result_54_7_reg_14325                  |   8|   0|    8|          0|
    |p_Result_54_8_reg_14341                  |   8|   0|    8|          0|
    |p_Result_54_9_reg_14357                  |   8|   0|    8|          0|
    |p_Result_54_s_reg_15221                  |   8|   0|    8|          0|
    |select_ln215_142_reg_15326               |   8|   0|    8|          0|
    |select_ln215_158_reg_15411               |   8|   0|    8|          0|
    |start_once_reg                           |   1|   0|    1|          0|
    |temp_b_int8_0_1_V_11_fu_530              |   8|   0|    8|          0|
    |temp_b_int8_0_1_V_fu_526                 |   8|   0|    8|          0|
    |temp_b_int8_10_1_V_19_fu_610             |   8|   0|    8|          0|
    |temp_b_int8_10_1_V_fu_606                |   8|   0|    8|          0|
    |temp_b_int8_11_1_V_19_fu_618             |   8|   0|    8|          0|
    |temp_b_int8_11_1_V_fu_614                |   8|   0|    8|          0|
    |temp_b_int8_12_1_V_19_fu_626             |   8|   0|    8|          0|
    |temp_b_int8_12_1_V_fu_622                |   8|   0|    8|          0|
    |temp_b_int8_13_1_V_19_fu_634             |   8|   0|    8|          0|
    |temp_b_int8_13_1_V_fu_630                |   8|   0|    8|          0|
    |temp_b_int8_14_1_V_19_fu_642             |   8|   0|    8|          0|
    |temp_b_int8_14_1_V_fu_638                |   8|   0|    8|          0|
    |temp_b_int8_15_1_V_19_fu_650             |   8|   0|    8|          0|
    |temp_b_int8_15_1_V_fu_646                |   8|   0|    8|          0|
    |temp_b_int8_16_1_V_19_fu_658             |   8|   0|    8|          0|
    |temp_b_int8_16_1_V_fu_654                |   8|   0|    8|          0|
    |temp_b_int8_17_1_V_19_fu_666             |   8|   0|    8|          0|
    |temp_b_int8_17_1_V_fu_662                |   8|   0|    8|          0|
    |temp_b_int8_18_1_V_19_fu_674             |   8|   0|    8|          0|
    |temp_b_int8_18_1_V_fu_670                |   8|   0|    8|          0|
    |temp_b_int8_19_1_V_19_fu_682             |   8|   0|    8|          0|
    |temp_b_int8_19_1_V_fu_678                |   8|   0|    8|          0|
    |temp_b_int8_1_1_V_11_fu_538              |   8|   0|    8|          0|
    |temp_b_int8_1_1_V_fu_534                 |   8|   0|    8|          0|
    |temp_b_int8_20_1_V_19_fu_690             |   8|   0|    8|          0|
    |temp_b_int8_20_1_V_fu_686                |   8|   0|    8|          0|
    |temp_b_int8_21_1_V_19_fu_698             |   8|   0|    8|          0|
    |temp_b_int8_21_1_V_fu_694                |   8|   0|    8|          0|
    |temp_b_int8_22_1_V_19_fu_706             |   8|   0|    8|          0|
    |temp_b_int8_22_1_V_fu_702                |   8|   0|    8|          0|
    |temp_b_int8_23_1_V_19_fu_710             |   8|   0|    8|          0|
    |temp_b_int8_23_1_V_fu_522                |   8|   0|    8|          0|
    |temp_b_int8_24_1_V_19_fu_518             |   8|   0|    8|          0|
    |temp_b_int8_24_1_V_fu_514                |   8|   0|    8|          0|
    |temp_b_int8_25_1_V_19_fu_510             |   8|   0|    8|          0|
    |temp_b_int8_25_1_V_fu_506                |   8|   0|    8|          0|
    |temp_b_int8_26_1_V_19_fu_502             |   8|   0|    8|          0|
    |temp_b_int8_26_1_V_fu_498                |   8|   0|    8|          0|
    |temp_b_int8_27_1_V_19_fu_494             |   8|   0|    8|          0|
    |temp_b_int8_27_1_V_fu_490                |   8|   0|    8|          0|
    |temp_b_int8_28_1_V_19_fu_486             |   8|   0|    8|          0|
    |temp_b_int8_28_1_V_fu_482                |   8|   0|    8|          0|
    |temp_b_int8_29_1_V_19_fu_478             |   8|   0|    8|          0|
    |temp_b_int8_29_1_V_fu_474                |   8|   0|    8|          0|
    |temp_b_int8_2_1_V_11_fu_546              |   8|   0|    8|          0|
    |temp_b_int8_2_1_V_fu_542                 |   8|   0|    8|          0|
    |temp_b_int8_30_1_V_19_fu_470             |   8|   0|    8|          0|
    |temp_b_int8_30_1_V_fu_466                |   8|   0|    8|          0|
    |temp_b_int8_31_1_V_19_fu_462             |   8|   0|    8|          0|
    |temp_b_int8_31_1_V_fu_458                |   8|   0|    8|          0|
    |temp_b_int8_32_1_V_19_fu_454             |   8|   0|    8|          0|
    |temp_b_int8_32_1_V_fu_450                |   8|   0|    8|          0|
    |temp_b_int8_33_1_V_19_fu_446             |   8|   0|    8|          0|
    |temp_b_int8_33_1_V_fu_442                |   8|   0|    8|          0|
    |temp_b_int8_34_1_V_19_fu_438             |   8|   0|    8|          0|
    |temp_b_int8_34_1_V_fu_434                |   8|   0|    8|          0|
    |temp_b_int8_35_1_V_19_fu_430             |   8|   0|    8|          0|
    |temp_b_int8_35_1_V_fu_426                |   8|   0|    8|          0|
    |temp_b_int8_36_1_V_19_fu_422             |   8|   0|    8|          0|
    |temp_b_int8_36_1_V_fu_418                |   8|   0|    8|          0|
    |temp_b_int8_37_1_V_19_fu_718             |   8|   0|    8|          0|
    |temp_b_int8_37_1_V_fu_714                |   8|   0|    8|          0|
    |temp_b_int8_38_1_V_19_fu_726             |   8|   0|    8|          0|
    |temp_b_int8_38_1_V_fu_722                |   8|   0|    8|          0|
    |temp_b_int8_39_1_V_19_fu_734             |   8|   0|    8|          0|
    |temp_b_int8_39_1_V_fu_730                |   8|   0|    8|          0|
    |temp_b_int8_3_1_V_11_fu_554              |   8|   0|    8|          0|
    |temp_b_int8_3_1_V_fu_550                 |   8|   0|    8|          0|
    |temp_b_int8_40_1_V_19_fu_742             |   8|   0|    8|          0|
    |temp_b_int8_40_1_V_fu_738                |   8|   0|    8|          0|
    |temp_b_int8_41_1_V_19_fu_750             |   8|   0|    8|          0|
    |temp_b_int8_41_1_V_fu_746                |   8|   0|    8|          0|
    |temp_b_int8_42_1_V_19_fu_758             |   8|   0|    8|          0|
    |temp_b_int8_42_1_V_fu_754                |   8|   0|    8|          0|
    |temp_b_int8_43_1_V_19_fu_766             |   8|   0|    8|          0|
    |temp_b_int8_43_1_V_fu_762                |   8|   0|    8|          0|
    |temp_b_int8_44_1_V_19_fu_774             |   8|   0|    8|          0|
    |temp_b_int8_44_1_V_fu_770                |   8|   0|    8|          0|
    |temp_b_int8_45_1_V_19_fu_782             |   8|   0|    8|          0|
    |temp_b_int8_45_1_V_fu_778                |   8|   0|    8|          0|
    |temp_b_int8_46_1_V_19_fu_790             |   8|   0|    8|          0|
    |temp_b_int8_46_1_V_fu_786                |   8|   0|    8|          0|
    |temp_b_int8_47_1_V_19_fu_798             |   8|   0|    8|          0|
    |temp_b_int8_47_1_V_fu_794                |   8|   0|    8|          0|
    |temp_b_int8_48_1_V_19_fu_806             |   8|   0|    8|          0|
    |temp_b_int8_48_1_V_fu_802                |   8|   0|    8|          0|
    |temp_b_int8_49_1_V_19_fu_814             |   8|   0|    8|          0|
    |temp_b_int8_49_1_V_fu_810                |   8|   0|    8|          0|
    |temp_b_int8_4_1_V_11_fu_562              |   8|   0|    8|          0|
    |temp_b_int8_4_1_V_fu_558                 |   8|   0|    8|          0|
    |temp_b_int8_50_1_V_19_fu_822             |   8|   0|    8|          0|
    |temp_b_int8_50_1_V_fu_818                |   8|   0|    8|          0|
    |temp_b_int8_51_1_V_19_fu_830             |   8|   0|    8|          0|
    |temp_b_int8_51_1_V_fu_826                |   8|   0|    8|          0|
    |temp_b_int8_52_1_V_19_fu_838             |   8|   0|    8|          0|
    |temp_b_int8_52_1_V_fu_834                |   8|   0|    8|          0|
    |temp_b_int8_53_1_V_19_fu_846             |   8|   0|    8|          0|
    |temp_b_int8_53_1_V_fu_842                |   8|   0|    8|          0|
    |temp_b_int8_54_1_V_19_fu_854             |   8|   0|    8|          0|
    |temp_b_int8_54_1_V_fu_850                |   8|   0|    8|          0|
    |temp_b_int8_55_1_V_19_fu_862             |   8|   0|    8|          0|
    |temp_b_int8_55_1_V_fu_858                |   8|   0|    8|          0|
    |temp_b_int8_56_1_V_19_fu_870             |   8|   0|    8|          0|
    |temp_b_int8_56_1_V_fu_866                |   8|   0|    8|          0|
    |temp_b_int8_57_1_V_19_fu_878             |   8|   0|    8|          0|
    |temp_b_int8_57_1_V_fu_874                |   8|   0|    8|          0|
    |temp_b_int8_58_1_V_19_fu_886             |   8|   0|    8|          0|
    |temp_b_int8_58_1_V_fu_882                |   8|   0|    8|          0|
    |temp_b_int8_59_1_V_19_fu_894             |   8|   0|    8|          0|
    |temp_b_int8_59_1_V_fu_890                |   8|   0|    8|          0|
    |temp_b_int8_5_1_V_11_fu_570              |   8|   0|    8|          0|
    |temp_b_int8_5_1_V_fu_566                 |   8|   0|    8|          0|
    |temp_b_int8_60_1_V_19_fu_902             |   8|   0|    8|          0|
    |temp_b_int8_60_1_V_fu_898                |   8|   0|    8|          0|
    |temp_b_int8_61_1_V_19_fu_910             |   8|   0|    8|          0|
    |temp_b_int8_61_1_V_fu_906                |   8|   0|    8|          0|
    |temp_b_int8_62_1_V_19_fu_918             |   8|   0|    8|          0|
    |temp_b_int8_62_1_V_fu_914                |   8|   0|    8|          0|
    |temp_b_int8_63_1_V_19_fu_926             |   8|   0|    8|          0|
    |temp_b_int8_63_1_V_fu_922                |   8|   0|    8|          0|
    |temp_b_int8_6_1_V_11_fu_578              |   8|   0|    8|          0|
    |temp_b_int8_6_1_V_fu_574                 |   8|   0|    8|          0|
    |temp_b_int8_7_1_V_11_fu_586              |   8|   0|    8|          0|
    |temp_b_int8_7_1_V_fu_582                 |   8|   0|    8|          0|
    |temp_b_int8_8_1_V_11_fu_594              |   8|   0|    8|          0|
    |temp_b_int8_8_1_V_fu_590                 |   8|   0|    8|          0|
    |temp_b_int8_9_1_V_11_fu_602              |   8|   0|    8|          0|
    |temp_b_int8_9_1_V_fu_598                 |   8|   0|    8|          0|
    |temp_c1_int8_13_V_reg_15306              |  16|   0|   16|          0|
    |temp_c1_int8_4_V_reg_15246               |  16|   0|   16|          0|
    |temp_c1_int8_5_V_reg_15256               |  16|   0|   16|          0|
    |temp_c1_int8_8_V_reg_15276               |  16|   0|   16|          0|
    |temp_c2_int8_0_V_reg_15226               |  16|   0|   16|          0|
    |temp_c2_int8_10_V_reg_15291              |  16|   0|   16|          0|
    |temp_c2_int8_11_V_reg_15296              |  16|   0|   16|          0|
    |temp_c2_int8_12_V_reg_15301              |  16|   0|   16|          0|
    |temp_c2_int8_13_V_reg_15311              |  16|   0|   16|          0|
    |temp_c2_int8_14_V_reg_15316              |  16|   0|   16|          0|
    |temp_c2_int8_15_V_reg_15321              |  16|   0|   16|          0|
    |temp_c2_int8_16_V_reg_15716              |  16|   0|   16|          0|
    |temp_c2_int8_17_V_reg_15331              |  16|   0|   16|          0|
    |temp_c2_int8_18_V_reg_15336              |  16|   0|   16|          0|
    |temp_c2_int8_19_V_reg_15341              |  16|   0|   16|          0|
    |temp_c2_int8_1_V_reg_15231               |  16|   0|   16|          0|
    |temp_c2_int8_20_V_reg_15346              |  16|   0|   16|          0|
    |temp_c2_int8_21_V_reg_15351              |  16|   0|   16|          0|
    |temp_c2_int8_22_V_reg_15356              |  16|   0|   16|          0|
    |temp_c2_int8_23_V_reg_15361              |  16|   0|   16|          0|
    |temp_c2_int8_24_V_reg_15366              |  16|   0|   16|          0|
    |temp_c2_int8_2_V_reg_15236               |  16|   0|   16|          0|
    |temp_c2_int8_3_V_reg_15241               |  16|   0|   16|          0|
    |temp_c2_int8_4_V_reg_15251               |  16|   0|   16|          0|
    |temp_c2_int8_5_V_reg_15261               |  16|   0|   16|          0|
    |temp_c2_int8_6_V_reg_15266               |  16|   0|   16|          0|
    |temp_c2_int8_7_V_reg_15271               |  16|   0|   16|          0|
    |temp_c2_int8_8_V_reg_15281               |  16|   0|   16|          0|
    |temp_c2_int8_9_V_reg_15286               |  16|   0|   16|          0|
    |tmp_261_reg_14208                        |   1|   0|    1|          0|
    |tmp_262_reg_14224                        |   1|   0|    1|          0|
    |tmp_263_reg_14240                        |   1|   0|    1|          0|
    |tmp_264_reg_14256                        |   1|   0|    1|          0|
    |tmp_265_reg_14272                        |   1|   0|    1|          0|
    |tmp_266_reg_14288                        |   1|   0|    1|          0|
    |tmp_267_reg_14304                        |   1|   0|    1|          0|
    |tmp_268_reg_14320                        |   1|   0|    1|          0|
    |tmp_269_reg_14336                        |   1|   0|    1|          0|
    |tmp_270_reg_14352                        |   1|   0|    1|          0|
    |tmp_271_reg_14368                        |   1|   0|    1|          0|
    |tmp_272_reg_14384                        |   1|   0|    1|          0|
    |tmp_273_reg_14400                        |   1|   0|    1|          0|
    |tmp_274_reg_14416                        |   1|   0|    1|          0|
    |tmp_275_reg_14432                        |   1|   0|    1|          0|
    |tmp_276_reg_14448                        |   1|   0|    1|          0|
    |tmp_277_reg_14464                        |   1|   0|    1|          0|
    |tmp_277_reg_14464_pp0_iter2_reg          |   1|   0|    1|          0|
    |tmp_278_reg_14480                        |   1|   0|    1|          0|
    |tmp_279_reg_14496                        |   1|   0|    1|          0|
    |tmp_280_reg_14512                        |   1|   0|    1|          0|
    |tmp_281_reg_14528                        |   1|   0|    1|          0|
    |tmp_282_reg_14544                        |   1|   0|    1|          0|
    |tmp_283_reg_14560                        |   1|   0|    1|          0|
    |tmp_284_reg_14576                        |   1|   0|    1|          0|
    |tmp_285_reg_14592                        |   1|   0|    1|          0|
    |tmp_286_reg_14608                        |   1|   0|    1|          0|
    |tmp_287_reg_14624                        |   1|   0|    1|          0|
    |tmp_288_reg_14640                        |   1|   0|    1|          0|
    |tmp_289_reg_14656                        |   1|   0|    1|          0|
    |tmp_290_reg_14672                        |   1|   0|    1|          0|
    |tmp_291_reg_14688                        |   1|   0|    1|          0|
    |tmp_292_reg_14704                        |   1|   0|    1|          0|
    |tmp_293_reg_14720                        |   1|   0|    1|          0|
    |tmp_293_reg_14720_pp0_iter2_reg          |   1|   0|    1|          0|
    |tmp_294_reg_14736                        |   1|   0|    1|          0|
    |tmp_295_reg_14752                        |   1|   0|    1|          0|
    |tmp_296_reg_14768                        |   1|   0|    1|          0|
    |tmp_297_reg_14784                        |   1|   0|    1|          0|
    |tmp_298_reg_14800                        |   1|   0|    1|          0|
    |tmp_299_reg_14816                        |   1|   0|    1|          0|
    |tmp_300_reg_14832                        |   1|   0|    1|          0|
    |tmp_301_reg_14848                        |   1|   0|    1|          0|
    |tmp_302_reg_14864                        |   1|   0|    1|          0|
    |tmp_303_reg_14880                        |   1|   0|    1|          0|
    |tmp_304_reg_14896                        |   1|   0|    1|          0|
    |tmp_305_reg_14912                        |   1|   0|    1|          0|
    |tmp_306_reg_14928                        |   1|   0|    1|          0|
    |tmp_307_reg_14944                        |   1|   0|    1|          0|
    |tmp_308_reg_14960                        |   1|   0|    1|          0|
    |tmp_309_reg_14976                        |   1|   0|    1|          0|
    |tmp_310_reg_14992                        |   1|   0|    1|          0|
    |tmp_311_reg_15008                        |   1|   0|    1|          0|
    |tmp_312_reg_15024                        |   1|   0|    1|          0|
    |tmp_313_reg_15040                        |   1|   0|    1|          0|
    |tmp_314_reg_15056                        |   1|   0|    1|          0|
    |tmp_315_reg_15072                        |   1|   0|    1|          0|
    |tmp_316_reg_15088                        |   1|   0|    1|          0|
    |tmp_317_reg_15104                        |   1|   0|    1|          0|
    |tmp_318_reg_15120                        |   1|   0|    1|          0|
    |tmp_319_reg_15136                        |   1|   0|    1|          0|
    |tmp_320_reg_15152                        |   1|   0|    1|          0|
    |tmp_321_reg_15168                        |   1|   0|    1|          0|
    |tmp_322_reg_15184                        |   1|   0|    1|          0|
    |tmp_323_reg_15200                        |   1|   0|    1|          0|
    |tmp_324_reg_15216                        |   1|   0|    1|          0|
    |tmp_V_50_reg_15811                       |  32|   0|   32|          0|
    |tmp_V_53_reg_15806                       |  32|   0|   32|          0|
    |trunc_ln647_139_reg_14213                |   8|   0|    8|          0|
    |trunc_ln647_140_reg_14714                |   8|   0|    8|          0|
    |trunc_ln647_140_reg_14714_pp0_iter2_reg  |   8|   0|    8|          0|
    |trunc_ln647_141_reg_14725                |   8|   0|    8|          0|
    |trunc_ln647_141_reg_14725_pp0_iter2_reg  |   8|   0|    8|          0|
    |trunc_ln647_173_reg_15391                |  16|   0|   16|          0|
    |trunc_ln647_176_reg_15721                |  16|   0|   16|          0|
    |trunc_ln647_205_reg_15556                |  16|   0|   16|          0|
    |trunc_ln647_reg_14202                    |   8|   0|    8|          0|
    |j_reg_13989                              |  64|  32|    1|          0|
    +-----------------------------------------+----+----+-----+-----------+
    |Total                                    |4437|  32| 4382|          8|
    +-----------------------------------------+----+----+-----+-----------+



================================================================
== Interface
================================================================
* Summary: 
+-------------------------+-----+-----+------------+------------------+--------------+
|        RTL Ports        | Dir | Bits|  Protocol  |   Source Object  |    C Type    |
+-------------------------+-----+-----+------------+------------------+--------------+
|ap_clk                   |  in |    1| ap_ctrl_hs |       PE.3       | return value |
|ap_rst                   |  in |    1| ap_ctrl_hs |       PE.3       | return value |
|ap_start                 |  in |    1| ap_ctrl_hs |       PE.3       | return value |
|start_full_n             |  in |    1| ap_ctrl_hs |       PE.3       | return value |
|ap_done                  | out |    1| ap_ctrl_hs |       PE.3       | return value |
|ap_continue              |  in |    1| ap_ctrl_hs |       PE.3       | return value |
|ap_idle                  | out |    1| ap_ctrl_hs |       PE.3       | return value |
|ap_ready                 | out |    1| ap_ctrl_hs |       PE.3       | return value |
|start_out                | out |    1| ap_ctrl_hs |       PE.3       | return value |
|start_write              | out |    1| ap_ctrl_hs |       PE.3       | return value |
|N_pipe_in_1_V_V_dout     |  in |   32|   ap_fifo  |  N_pipe_in_1_V_V |    pointer   |
|N_pipe_in_1_V_V_empty_n  |  in |    1|   ap_fifo  |  N_pipe_in_1_V_V |    pointer   |
|N_pipe_in_1_V_V_read     | out |    1|   ap_fifo  |  N_pipe_in_1_V_V |    pointer   |
|N_pipe_out_2_V_V_din     | out |   32|   ap_fifo  | N_pipe_out_2_V_V |    pointer   |
|N_pipe_out_2_V_V_full_n  |  in |    1|   ap_fifo  | N_pipe_out_2_V_V |    pointer   |
|N_pipe_out_2_V_V_write   | out |    1|   ap_fifo  | N_pipe_out_2_V_V |    pointer   |
|a_in_1_1_V_V_dout        |  in |  256|   ap_fifo  |   a_in_1_1_V_V   |    pointer   |
|a_in_1_1_V_V_empty_n     |  in |    1|   ap_fifo  |   a_in_1_1_V_V   |    pointer   |
|a_in_1_1_V_V_read        | out |    1|   ap_fifo  |   a_in_1_1_V_V   |    pointer   |
|a_in_2_1_V_V_dout        |  in |  256|   ap_fifo  |   a_in_2_1_V_V   |    pointer   |
|a_in_2_1_V_V_empty_n     |  in |    1|   ap_fifo  |   a_in_2_1_V_V   |    pointer   |
|a_in_2_1_V_V_read        | out |    1|   ap_fifo  |   a_in_2_1_V_V   |    pointer   |
|a_in_3_1_V_V_dout        |  in |  256|   ap_fifo  |   a_in_3_1_V_V   |    pointer   |
|a_in_3_1_V_V_empty_n     |  in |    1|   ap_fifo  |   a_in_3_1_V_V   |    pointer   |
|a_in_3_1_V_V_read        | out |    1|   ap_fifo  |   a_in_3_1_V_V   |    pointer   |
|a_in_4_1_V_V_dout        |  in |  256|   ap_fifo  |   a_in_4_1_V_V   |    pointer   |
|a_in_4_1_V_V_empty_n     |  in |    1|   ap_fifo  |   a_in_4_1_V_V   |    pointer   |
|a_in_4_1_V_V_read        | out |    1|   ap_fifo  |   a_in_4_1_V_V   |    pointer   |
|b_in_1_1_V_V_dout        |  in |  256|   ap_fifo  |   b_in_1_1_V_V   |    pointer   |
|b_in_1_1_V_V_empty_n     |  in |    1|   ap_fifo  |   b_in_1_1_V_V   |    pointer   |
|b_in_1_1_V_V_read        | out |    1|   ap_fifo  |   b_in_1_1_V_V   |    pointer   |
|b_in_2_1_V_V_dout        |  in |  256|   ap_fifo  |   b_in_2_1_V_V   |    pointer   |
|b_in_2_1_V_V_empty_n     |  in |    1|   ap_fifo  |   b_in_2_1_V_V   |    pointer   |
|b_in_2_1_V_V_read        | out |    1|   ap_fifo  |   b_in_2_1_V_V   |    pointer   |
|b_out_1_2_V_V_din        | out |  256|   ap_fifo  |   b_out_1_2_V_V  |    pointer   |
|b_out_1_2_V_V_full_n     |  in |    1|   ap_fifo  |   b_out_1_2_V_V  |    pointer   |
|b_out_1_2_V_V_write      | out |    1|   ap_fifo  |   b_out_1_2_V_V  |    pointer   |
|b_out_2_2_V_V_din        | out |  256|   ap_fifo  |   b_out_2_2_V_V  |    pointer   |
|b_out_2_2_V_V_full_n     |  in |    1|   ap_fifo  |   b_out_2_2_V_V  |    pointer   |
|b_out_2_2_V_V_write      | out |    1|   ap_fifo  |   b_out_2_2_V_V  |    pointer   |
|c_in_1_1_V_V_dout        |  in |   32|   ap_fifo  |   c_in_1_1_V_V   |    pointer   |
|c_in_1_1_V_V_empty_n     |  in |    1|   ap_fifo  |   c_in_1_1_V_V   |    pointer   |
|c_in_1_1_V_V_read        | out |    1|   ap_fifo  |   c_in_1_1_V_V   |    pointer   |
|c_in_2_1_V_V_dout        |  in |   32|   ap_fifo  |   c_in_2_1_V_V   |    pointer   |
|c_in_2_1_V_V_empty_n     |  in |    1|   ap_fifo  |   c_in_2_1_V_V   |    pointer   |
|c_in_2_1_V_V_read        | out |    1|   ap_fifo  |   c_in_2_1_V_V   |    pointer   |
|c_out_1_2_V_V_din        | out |   32|   ap_fifo  |   c_out_1_2_V_V  |    pointer   |
|c_out_1_2_V_V_full_n     |  in |    1|   ap_fifo  |   c_out_1_2_V_V  |    pointer   |
|c_out_1_2_V_V_write      | out |    1|   ap_fifo  |   c_out_1_2_V_V  |    pointer   |
|c_out_2_2_V_V_din        | out |   32|   ap_fifo  |   c_out_2_2_V_V  |    pointer   |
|c_out_2_2_V_V_full_n     |  in |    1|   ap_fifo  |   c_out_2_2_V_V  |    pointer   |
|c_out_2_2_V_V_write      | out |    1|   ap_fifo  |   c_out_2_2_V_V  |    pointer   |
+-------------------------+-----+-----+------------+------------------+--------------+

