

================================================================
== Vivado HLS Report for 'ReadA123138'
================================================================
* Date:           Mon Feb 27 15:59:02 2023

* Version:        2019.1 (Build 2552052 on Fri May 24 15:28:33 MDT 2019)
* Project:        hls_project
* Solution:       kernel_1
* Product family: zynquplus
* Target device:  xczu19eg-ffvc1760-2-i


================================================================
== Performance Estimates
================================================================
+ Timing (ns): 
    * Summary: 
    +--------+-------+----------+------------+
    |  Clock | Target| Estimated| Uncertainty|
    +--------+-------+----------+------------+
    |ap_clk  |   5.00|     3.075|        0.62|
    +--------+-------+----------+------------+

+ Latency (clock cycles): 
    * Summary: 
    +-----+---------+-----+---------+---------+
    |    Latency    |    Interval   | Pipeline|
    | min |   max   | min |   max   |   Type  |
    +-----+---------+-----+---------+---------+
    |  770|  3145730|  770|  3145730|   none  |
    +-----+---------+-----+---------+---------+

    + Detail: 
        * Instance: 
        N/A

        * Loop: 
        +----------+-----+---------+----------+-----------+-----------+---------------+----------+
        |          |    Latency    | Iteration|  Initiation Interval  |      Trip     |          |
        | Loop Name| min |   max   |  Latency |  achieved |   target  |     Count     | Pipelined|
        +----------+-----+---------+----------+-----------+-----------+---------------+----------+
        |- Loop 1  |  768|  3145728|         2|          1|          1| 768 ~ 3145728 |    yes   |
        +----------+-----+---------+----------+-----------+-----------+---------------+----------+



================================================================
== Utilization Estimates
================================================================
* Summary: 
+-----------------+---------+-------+---------+--------+-----+
|       Name      | BRAM_18K| DSP48E|    FF   |   LUT  | URAM|
+-----------------+---------+-------+---------+--------+-----+
|DSP              |        -|      -|        -|       -|    -|
|Expression       |        -|      -|        0|     172|    -|
|FIFO             |        -|      -|        -|       -|    -|
|Instance         |        -|      -|        -|       -|    -|
|Memory           |        0|      -|        0|       0|   32|
|Multiplexer      |        -|      -|        -|     108|    -|
|Register         |        -|      -|       93|       -|    -|
+-----------------+---------+-------+---------+--------+-----+
|Total            |        0|      0|       93|     280|   32|
+-----------------+---------+-------+---------+--------+-----+
|Available        |     1968|   1968|  1045440|  522720|  128|
+-----------------+---------+-------+---------+--------+-----+
|Utilization (%)  |        0|      0|    ~0   |   ~0   |   25|
+-----------------+---------+-------+---------+--------+-----+

+ Detail: 
    * Instance: 
    N/A

    * DSP48E: 
    N/A

    * Memory: 
    +------------------+----------------------------+---------+---+----+-----+------+-----+------+-------------+
    |      Memory      |           Module           | BRAM_18K| FF| LUT| URAM| Words| Bits| Banks| W*Bits*Banks|
    +------------------+----------------------------+---------+---+----+-----+------+-----+------+-------------+
    |weights_0_5_0_U   |ReadA123138_weights_0_5_0   |        0|  0|   0|    1|   768|   32|     1|        24576|
    |weights_0_5_1_U   |ReadA123138_weights_0_5_1   |        0|  0|   0|    1|   768|   32|     1|        24576|
    |weights_0_5_10_U  |ReadA123138_weights_0_5_10  |        0|  0|   0|    1|   768|   32|     1|        24576|
    |weights_0_5_11_U  |ReadA123138_weights_0_5_11  |        0|  0|   0|    1|   768|   32|     1|        24576|
    |weights_0_5_12_U  |ReadA123138_weights_0_5_12  |        0|  0|   0|    1|   768|   32|     1|        24576|
    |weights_0_5_13_U  |ReadA123138_weights_0_5_13  |        0|  0|   0|    1|   768|   32|     1|        24576|
    |weights_0_5_14_U  |ReadA123138_weights_0_5_14  |        0|  0|   0|    1|   768|   32|     1|        24576|
    |weights_0_5_15_U  |ReadA123138_weights_0_5_15  |        0|  0|   0|    1|   768|   32|     1|        24576|
    |weights_0_5_16_U  |ReadA123138_weights_0_5_16  |        0|  0|   0|    1|   768|   32|     1|        24576|
    |weights_0_5_17_U  |ReadA123138_weights_0_5_17  |        0|  0|   0|    1|   768|   32|     1|        24576|
    |weights_0_5_18_U  |ReadA123138_weights_0_5_18  |        0|  0|   0|    1|   768|   32|     1|        24576|
    |weights_0_5_19_U  |ReadA123138_weights_0_5_19  |        0|  0|   0|    1|   768|   32|     1|        24576|
    |weights_0_5_2_U   |ReadA123138_weights_0_5_2   |        0|  0|   0|    1|   768|   32|     1|        24576|
    |weights_0_5_20_U  |ReadA123138_weights_0_5_20  |        0|  0|   0|    1|   768|   32|     1|        24576|
    |weights_0_5_21_U  |ReadA123138_weights_0_5_21  |        0|  0|   0|    1|   768|   32|     1|        24576|
    |weights_0_5_22_U  |ReadA123138_weights_0_5_22  |        0|  0|   0|    1|   768|   32|     1|        24576|
    |weights_0_5_23_U  |ReadA123138_weights_0_5_23  |        0|  0|   0|    1|   768|   32|     1|        24576|
    |weights_0_5_24_U  |ReadA123138_weights_0_5_24  |        0|  0|   0|    1|   768|   32|     1|        24576|
    |weights_0_5_25_U  |ReadA123138_weights_0_5_25  |        0|  0|   0|    1|   768|   32|     1|        24576|
    |weights_0_5_26_U  |ReadA123138_weights_0_5_26  |        0|  0|   0|    1|   768|   32|     1|        24576|
    |weights_0_5_27_U  |ReadA123138_weights_0_5_27  |        0|  0|   0|    1|   768|   32|     1|        24576|
    |weights_0_5_28_U  |ReadA123138_weights_0_5_28  |        0|  0|   0|    1|   768|   32|     1|        24576|
    |weights_0_5_29_U  |ReadA123138_weights_0_5_29  |        0|  0|   0|    1|   768|   32|     1|        24576|
    |weights_0_5_3_U   |ReadA123138_weights_0_5_3   |        0|  0|   0|    1|   768|   32|     1|        24576|
    |weights_0_5_30_U  |ReadA123138_weights_0_5_30  |        0|  0|   0|    1|   768|   32|     1|        24576|
    |weights_0_5_31_U  |ReadA123138_weights_0_5_31  |        0|  0|   0|    1|   768|   32|     1|        24576|
    |weights_0_5_4_U   |ReadA123138_weights_0_5_4   |        0|  0|   0|    1|   768|   32|     1|        24576|
    |weights_0_5_5_U   |ReadA123138_weights_0_5_5   |        0|  0|   0|    1|   768|   32|     1|        24576|
    |weights_0_5_6_U   |ReadA123138_weights_0_5_6   |        0|  0|   0|    1|   768|   32|     1|        24576|
    |weights_0_5_7_U   |ReadA123138_weights_0_5_7   |        0|  0|   0|    1|   768|   32|     1|        24576|
    |weights_0_5_8_U   |ReadA123138_weights_0_5_8   |        0|  0|   0|    1|   768|   32|     1|        24576|
    |weights_0_5_9_U   |ReadA123138_weights_0_5_9   |        0|  0|   0|    1|   768|   32|     1|        24576|
    +------------------+----------------------------+---------+---+----+-----+------+-----+------+-------------+
    |Total             |                            |        0|  0|   0|   32| 24576| 1024|    32|       786432|
    +------------------+----------------------------+---------+---+----+-----+------+-----+------+-------------+

    * FIFO: 
    N/A

    * Expression: 
    +----------------------------------+----------+-------+---+----+------------+------------+
    |           Variable Name          | Operation| DSP48E| FF| LUT| Bitwidth P0| Bitwidth P1|
    +----------------------------------+----------+-------+---+----+------------+------------+
    |add_ln25_fu_697_p2                |     +    |      0|  0|  49|          42|           1|
    |n_fu_753_p2                       |     +    |      0|  0|  17|          10|           1|
    |bound_fu_686_p2                   |     -    |      0|  0|  49|          42|          42|
    |ap_block_pp0_stage0_01001         |    and   |      0|  0|   2|           1|           1|
    |icmp_ln25_fu_692_p2               |   icmp   |      0|  0|  24|          42|          42|
    |icmp_ln27_fu_703_p2               |   icmp   |      0|  0|  13|          10|          10|
    |ap_block_state1                   |    or    |      0|  0|   2|           1|           1|
    |ap_block_state3_pp0_stage0_iter1  |    or    |      0|  0|   2|           1|           1|
    |select_ln27_fu_709_p3             |  select  |      0|  0|  10|           1|           1|
    |ap_enable_pp0                     |    xor   |      0|  0|   2|           1|           2|
    |ap_enable_reg_pp0_iter1           |    xor   |      0|  0|   2|           2|           1|
    +----------------------------------+----------+-------+---+----+------------+------------+
    |Total                             |          |      0|  0| 172|         153|         103|
    +----------------------------------+----------+-------+---+----+------------+------------+

    * Multiplexer: 
    +-------------------------+----+-----------+-----+-----------+
    |           Name          | LUT| Input Size| Bits| Total Bits|
    +-------------------------+----+-----------+-----+-----------+
    |N_pipe_in_V_V5_blk_n     |   9|          2|    1|          2|
    |a_pipes_1_V_V17_blk_n    |   9|          2|    1|          2|
    |a_pipes_2_V_V22_blk_n    |   9|          2|    1|          2|
    |a_pipes_3_V_V27_blk_n    |   9|          2|    1|          2|
    |a_pipes_4_V_V32_blk_n    |   9|          2|    1|          2|
    |ap_NS_fsm                |  21|          4|    1|          4|
    |ap_done                  |   9|          2|    1|          2|
    |ap_enable_reg_pp0_iter1  |  15|          3|    1|          3|
    |indvar_flatten_reg_644   |   9|          2|   42|         84|
    |n_0_reg_655              |   9|          2|   10|         20|
    +-------------------------+----+-----------+-----+-----------+
    |Total                    | 108|         23|   60|        123|
    +-------------------------+----+-----------+-----+-----------+

    * Register: 
    +-------------------------+----+----+-----+-----------+
    |           Name          | FF | LUT| Bits| Const Bits|
    +-------------------------+----+----+-----+-----------+
    |ap_CS_fsm                |   3|   0|    3|          0|
    |ap_done_reg              |   1|   0|    1|          0|
    |ap_enable_reg_pp0_iter0  |   1|   0|    1|          0|
    |ap_enable_reg_pp0_iter1  |   1|   0|    1|          0|
    |bound_reg_843            |  34|   0|   42|          8|
    |icmp_ln25_reg_848        |   1|   0|    1|          0|
    |indvar_flatten_reg_644   |  42|   0|   42|          0|
    |n_0_reg_655              |  10|   0|   10|          0|
    +-------------------------+----+----+-----+-----------+
    |Total                    |  93|   0|  101|          8|
    +-------------------------+----+----+-----+-----------+



================================================================
== Interface
================================================================
* Summary: 
+------------------------+-----+-----+------------+-----------------+--------------+
|        RTL Ports       | Dir | Bits|  Protocol  |  Source Object  |    C Type    |
+------------------------+-----+-----+------------+-----------------+--------------+
|ap_clk                  |  in |    1| ap_ctrl_hs |   ReadA123138   | return value |
|ap_rst                  |  in |    1| ap_ctrl_hs |   ReadA123138   | return value |
|ap_start                |  in |    1| ap_ctrl_hs |   ReadA123138   | return value |
|ap_done                 | out |    1| ap_ctrl_hs |   ReadA123138   | return value |
|ap_continue             |  in |    1| ap_ctrl_hs |   ReadA123138   | return value |
|ap_idle                 | out |    1| ap_ctrl_hs |   ReadA123138   | return value |
|ap_ready                | out |    1| ap_ctrl_hs |   ReadA123138   | return value |
|N_pipe_in_V_V5_dout     |  in |   32|   ap_fifo  |  N_pipe_in_V_V5 |    pointer   |
|N_pipe_in_V_V5_empty_n  |  in |    1|   ap_fifo  |  N_pipe_in_V_V5 |    pointer   |
|N_pipe_in_V_V5_read     | out |    1|   ap_fifo  |  N_pipe_in_V_V5 |    pointer   |
|a_pipes_1_V_V17_din     | out |  256|   ap_fifo  | a_pipes_1_V_V17 |    pointer   |
|a_pipes_1_V_V17_full_n  |  in |    1|   ap_fifo  | a_pipes_1_V_V17 |    pointer   |
|a_pipes_1_V_V17_write   | out |    1|   ap_fifo  | a_pipes_1_V_V17 |    pointer   |
|a_pipes_2_V_V22_din     | out |  256|   ap_fifo  | a_pipes_2_V_V22 |    pointer   |
|a_pipes_2_V_V22_full_n  |  in |    1|   ap_fifo  | a_pipes_2_V_V22 |    pointer   |
|a_pipes_2_V_V22_write   | out |    1|   ap_fifo  | a_pipes_2_V_V22 |    pointer   |
|a_pipes_3_V_V27_din     | out |  256|   ap_fifo  | a_pipes_3_V_V27 |    pointer   |
|a_pipes_3_V_V27_full_n  |  in |    1|   ap_fifo  | a_pipes_3_V_V27 |    pointer   |
|a_pipes_3_V_V27_write   | out |    1|   ap_fifo  | a_pipes_3_V_V27 |    pointer   |
|a_pipes_4_V_V32_din     | out |  256|   ap_fifo  | a_pipes_4_V_V32 |    pointer   |
|a_pipes_4_V_V32_full_n  |  in |    1|   ap_fifo  | a_pipes_4_V_V32 |    pointer   |
|a_pipes_4_V_V32_write   | out |    1|   ap_fifo  | a_pipes_4_V_V32 |    pointer   |
+------------------------+-----+-----+------------+-----------------+--------------+

