INFO-FLOW: Workspace /home/kevinliu/Documents/gulf_stream/u280/GULF-Stream/ip_repo/hls_ips/udp_ip_server/action_generator/solution1 opened at Thu Jul 25 02:41:57 UTC 2024
Execute   set_part xcu280-fsvh2892-2L-e -tool vivado 
Execute     ap_part_info -name xcu280-fsvh2892-2L-e -data single -quiet 
Command     ap_part_info done; 5.02 sec.
Execute     ap_part_info -name xcu280-fsvh2892-2L-e -data info 
Execute     add_library xilinx/virtexuplus/virtexuplus:xcu280:-fsvh2892:-2L-e 
Execute       get_default_platform 
Execute       license_isbetapart xcu280 
Command       license_isbetapart done; error code: 1; 
Execute       open_platform DefaultPlatform 
Execute       import_lib /mnt/shares/tools/Xilinx/Vivado/2019.1/common/technology/xilinx/virtexuplus/virtexuplus 
Execute         source /mnt/shares/tools/Xilinx/Vivado/2019.1/common/technology/xilinx/common/xilinx.lib 
Execute           source /mnt/shares/tools/Xilinx/Vivado/2019.1/common/technology/xilinx/interface/xilinx_interface.lib 
Execute             source /mnt/shares/tools/Xilinx/Vivado/2019.1/common/technology/xilinx/interface/plb46.lib 
Execute             source /mnt/shares/tools/Xilinx/Vivado/2019.1/common/technology/xilinx/interface/fsl.lib 
Execute             source /mnt/shares/tools/Xilinx/Vivado/2019.1/common/technology/xilinx/interface/axi4.lib 
Execute             source /mnt/shares/tools/Xilinx/Vivado/2019.1/common/technology/xilinx/interface/maxi.lib 
Execute             source /mnt/shares/tools/Xilinx/Vivado/2019.1/common/technology/xilinx/interface/saxilite.lib 
Execute           source /mnt/shares/tools/Xilinx/Vivado/2019.1/common/technology/xilinx/common/dsp48.lib 
Execute           source /mnt/shares/tools/Xilinx/Vivado/2019.1/common/technology/xilinx/ip/xfir.lib 
Execute           source /mnt/shares/tools/Xilinx/Vivado/2019.1/common/technology/xilinx/ip/dds_compiler.lib 
Execute           source /mnt/shares/tools/Xilinx/Vivado/2019.1/common/technology/xilinx/ip/xfft.lib 
Execute         source /mnt/shares/tools/Xilinx/Vivado/2019.1/common/technology/xilinx/common/xilinx.hlp 
Execute           source /mnt/shares/tools/Xilinx/Vivado/2019.1/common/technology/xilinx/common/target_info.tcl 
Execute           source /mnt/shares/tools/Xilinx/Vivado/2019.1/common/technology/xilinx/interface/xilinx_interface.hlp 
Execute             source /mnt/shares/tools/Xilinx/Vivado/2019.1/common/technology/xilinx/interface/maxi.hlp 
Execute             source /mnt/shares/tools/Xilinx/Vivado/2019.1/common/technology/xilinx/interface/saxilite.hlp 
Execute           source /mnt/shares/tools/Xilinx/Vivado/2019.1/common/technology/xilinx/common/dsp48.hlp 
Execute         source /mnt/shares/tools/Xilinx/Vivado/2019.1/common/technology/xilinx/virtexuplus/dsp48e2.hlp 
Execute         source /mnt/shares/tools/Xilinx/Vivado/2019.1/common/technology/xilinx/common/xilinx.hlp 
Execute           source /mnt/shares/tools/Xilinx/Vivado/2019.1/common/technology/xilinx/common/target_info.tcl 
Execute           source /mnt/shares/tools/Xilinx/Vivado/2019.1/common/technology/xilinx/interface/xilinx_interface.hlp 
Execute             source /mnt/shares/tools/Xilinx/Vivado/2019.1/common/technology/xilinx/interface/maxi.hlp 
Execute             source /mnt/shares/tools/Xilinx/Vivado/2019.1/common/technology/xilinx/interface/saxilite.hlp 
Execute           source /mnt/shares/tools/Xilinx/Vivado/2019.1/common/technology/xilinx/common/dsp48.hlp 
Command       import_lib done; 0.15 sec.
Execute       source /mnt/shares/tools/Xilinx/Vivado/2019.1/common/technology/xilinx/virtexuplus/virtexuplus.gen 
Execute         source /mnt/shares/tools/Xilinx/Vivado/2019.1/common/technology/xilinx/common/xilinx.gen 
Execute           source /mnt/shares/tools/Xilinx/Vivado/2019.1/common/technology/xilinx/interface/plb46.gen 
Execute           source /mnt/shares/tools/Xilinx/Vivado/2019.1/common/technology/xilinx/interface/fsl.gen 
Execute           source /mnt/shares/tools/Xilinx/Vivado/2019.1/common/technology/xilinx/interface/axi4.gen 
Execute           source /mnt/shares/tools/Xilinx/Vivado/2019.1/common/technology/xilinx/interface/nativeAXI4.gen 
Execute             source /mnt/shares/tools/Xilinx/Vivado/2019.1/common/technology/xilinx/interface/saxilite.gen 
Execute             source /mnt/shares/tools/Xilinx/Vivado/2019.1/common/technology/xilinx/interface/maxi.gen 
Execute           source /mnt/shares/tools/Xilinx/Vivado/2019.1/common/technology/xilinx/scripts/xilinxcoregen.gen 
Execute           source /mnt/shares/tools/Xilinx/Vivado/2019.1/common/technology/xilinx/interface/XilEDKCoreGen.gen 
Execute           source /mnt/shares/tools/Xilinx/Vivado/2019.1/common/technology/xilinx/ip/dds_compiler.gen 
Execute           source /mnt/shares/tools/Xilinx/Vivado/2019.1/common/technology/xilinx/ip/util.gen 
Execute           source /mnt/shares/tools/Xilinx/Vivado/2019.1/common/technology/xilinx/ip/xfft.gen 
Command           ap_source done; 0.14 sec.
Execute           source /mnt/shares/tools/Xilinx/Vivado/2019.1/common/technology/xilinx/ip/xfir.gen 
Execute           source /mnt/shares/tools/Xilinx/Vivado/2019.1/common/technology/xilinx/common/dsp48.gen 
Command         ap_source done; 0.46 sec.
Command       ap_source done; 0.47 sec.
Execute       ap_part_info -data single -name xcu280-fsvh2892-2L-e 
Execute       ap_part_info -name xcu280-fsvh2892-2L-e -data resources 
Execute       ap_part_info -name xcu280-fsvh2892-2L-e -data info 
Execute       ap_part_info -name xcu280-fsvh2892-2L-e -data info 
Execute       config_chip_info -quiet -resource {SLICE 162960} {LUT 1303680} {FF 2607360} {DSP48E 9024} {BRAM 4032} {URAM 960} {SLR 3} 
Execute       ap_part_info -name xcu280-fsvh2892-2L-e -data info 
Execute       config_chip_info -quiet -speed medium 
Command     add_library done; 0.67 sec.
Execute     add_library xilinx/virtexuplus/virtexuplus_fpv7 
Execute       get_default_platform 
Execute       open_platform DefaultPlatform 
Execute       import_lib /mnt/shares/tools/Xilinx/Vivado/2019.1/common/technology/xilinx/virtexuplus/virtexuplus_fpv7 
Execute         source /mnt/shares/tools/Xilinx/Vivado/2019.1/common/technology/xilinx/common/xilinx_fp.lib 
Execute         source /mnt/shares/tools/Xilinx/Vivado/2019.1/common/technology/xilinx/common/xilinx_fp.hlp 
Execute           source /mnt/shares/tools/Xilinx/Vivado/2019.1/common/technology/xilinx/common/xilinx.hlp 
Execute             source /mnt/shares/tools/Xilinx/Vivado/2019.1/common/technology/xilinx/common/target_info.tcl 
Execute             source /mnt/shares/tools/Xilinx/Vivado/2019.1/common/technology/xilinx/interface/xilinx_interface.hlp 
Execute               source /mnt/shares/tools/Xilinx/Vivado/2019.1/common/technology/xilinx/interface/maxi.hlp 
Execute               source /mnt/shares/tools/Xilinx/Vivado/2019.1/common/technology/xilinx/interface/saxilite.hlp 
Execute             source /mnt/shares/tools/Xilinx/Vivado/2019.1/common/technology/xilinx/common/dsp48.hlp 
Execute       source /mnt/shares/tools/Xilinx/Vivado/2019.1/common/technology/xilinx/virtexuplus/virtexuplus_fpv7.gen 
Execute         source /mnt/shares/tools/Xilinx/Vivado/2019.1/common/technology/xilinx/common/xilinx_fp.gen 
INFO: [HLS 200-10] Setting target device to 'xcu280-fsvh2892-2L-e'
Execute     ap_part_info -name xcu280-fsvh2892-2L-e -data info 
Execute     get_default_platform 
Command   set_part done; 5.88 sec.
Execute   create_clock -period 3.103 -name default 
Execute     config_clock -quiet -name default -period 3.103 -default=false 
INFO: [SYN 201-201] Setting up clock 'default' with a period of 3.103ns.
Execute   config_rtl -reset all 
Execute   csynth_design 
Execute     get_config_compile -dump_cfg 
Execute     get_config_compile -effort 
Execute     get_config_compile -enable_clang39 
Execute     get_config_compile -g 
Execute     get_config_compile -ng 
Execute     get_config_compile -opt_fp 
Execute     get_config_compile -skip_cdt 
Execute     get_config_compile -skip_syncheck 
Execute     get_config_compile -skip_transform 
Execute     get_config_compile -keep_printf 
Execute     elaborate -effort=medium -skip_syncheck=0 -keep_printf=0 -skip_cdt=0 -skip_transform=0 -ng=0 -g=0 -opt_fp=0 -from_csynth_design=1 
Execute       get_config_schedule -relax_ii_for_timing 
INFO: [SCHED 204-61] Option 'relax_ii_for_timing' is enabled, will increase II to preserve clock frequency constraints.
Execute       get_config_schedule -suppress_dependence_error_break 
INFO: [HLS 200-10] Analyzing design file '/home/kevinliu/Documents/gulf_stream/u280/GULF-Stream/src/udp_ip_server/udp_ip_rx/action_generator.cpp' ... 
INFO-FLOW: Compiling one TU...
Execute       is_m_axi_addr64 
INFO-FLOW: Handling /home/kevinliu/Documents/gulf_stream/u280/GULF-Stream/src/udp_ip_server/udp_ip_rx/action_generator.cpp as C++
Execute       ap_part_info -name xcu280-fsvh2892-2L-e -data info 
Execute       is_encrypted /home/kevinliu/Documents/gulf_stream/u280/GULF-Stream/src/udp_ip_server/udp_ip_rx/action_generator.cpp 
Execute       ap_part_info -name xcu280-fsvh2892-2L-e -data info 
INFO-FLOW: Running: GCC PP
INFO-FLOW: Source preprocessing
Execute       clang  -fno-limit-debug-info -gcc-toolchain "/mnt/shares/tools/Xilinx/Vivado/2019.1/lnx64/tools/gcc" -hls  -fno-exceptions  -D__llvm__  -E "/home/kevinliu/Documents/gulf_stream/u280/GULF-Stream/src/udp_ip_server/udp_ip_rx/action_generator.cpp"     -fno-math-errno -c -emit-llvm -O0  -mllvm -disable-llvm-optzns -fno-threadsafe-statics  -fno-use-cxa-atexit  -fno-threadsafe-statics -fno-use-cxa-atexit -D__CLANG_3_1__ -DAESL_SYN -D__SYNTHESIS__ -D__HLS_SYN__ -I "/mnt/shares/tools/Xilinx/Vivado/2019.1/common/technology/autopilot" -I "/mnt/shares/tools/Xilinx/Vivado/2019.1/common/technology/autopilot/ap_sysc" -include etc/autopilot_ssdm_op.h -D__DSP48E2__  -o "/home/kevinliu/Documents/gulf_stream/u280/GULF-Stream/ip_repo/hls_ips/udp_ip_server/action_generator/solution1/.autopilot/db/action_generator.pp.0.cpp" 
INFO-FLOW: exec /mnt/shares/tools/Xilinx/Vivado/2019.1/lnx64/tools/clang/bin/clang -fno-limit-debug-info -gcc-toolchain /mnt/shares/tools/Xilinx/Vivado/2019.1/lnx64/tools/gcc -hls -fno-exceptions -D__llvm__ -E /home/kevinliu/Documents/gulf_stream/u280/GULF-Stream/src/udp_ip_server/udp_ip_rx/action_generator.cpp -fno-math-errno -c -emit-llvm -O0 -mllvm -disable-llvm-optzns -fno-threadsafe-statics -fno-use-cxa-atexit -fno-threadsafe-statics -fno-use-cxa-atexit -D__CLANG_3_1__ -DAESL_SYN -D__SYNTHESIS__ -D__HLS_SYN__ -I /mnt/shares/tools/Xilinx/Vivado/2019.1/common/technology/autopilot -I /mnt/shares/tools/Xilinx/Vivado/2019.1/common/technology/autopilot/ap_sysc -include etc/autopilot_ssdm_op.h -D__DSP48E2__ -o /home/kevinliu/Documents/gulf_stream/u280/GULF-Stream/ip_repo/hls_ips/udp_ip_server/action_generator/solution1/.autopilot/db/action_generator.pp.0.cpp
Command       clang done; 3.14 sec.
Execute       tidy_31 xilinx-xfmat-array-geometry /home/kevinliu/Documents/gulf_stream/u280/GULF-Stream/ip_repo/hls_ips/udp_ip_server/action_generator/solution1/.autopilot/db/action_generator.pp.0.cpp std=gnu++98 
INFO-FLOW: exec /mnt/shares/tools/Xilinx/Vivado/2019.1/lnx64/tools/clang-3.9-csynth/bin/tidy-3.1 -header-filter=.* -checks=-*,xilinx-xfmat-array-geometry -quiet -fix /home/kevinliu/Documents/gulf_stream/u280/GULF-Stream/ip_repo/hls_ips/udp_ip_server/action_generator/solution1/.autopilot/db/action_generator.pp.0.cpp -- -std=gnu++98 -fhls -ferror-limit=0
Command       tidy_31 done; 1.14 sec.
INFO-FLOW: Syntax Checking before pre-processing...
Execute       clang -syntaxcheck -src /home/kevinliu/Documents/gulf_stream/u280/GULF-Stream/ip_repo/hls_ips/udp_ip_server/action_generator/solution1/.autopilot/db/action_generator.pp.0.cpp  -fno-limit-debug-info -gcc-toolchain "/mnt/shares/tools/Xilinx/Vivado/2019.1/lnx64/tools/gcc" -hls    -fno-math-errno -c -emit-llvm -O0  -mllvm -disable-llvm-optzns -fno-threadsafe-statics  -fno-use-cxa-atexit  -fno-threadsafe-statics -fno-use-cxa-atexit -D__CLANG_3_1__ -DAESL_SYN -D__SYNTHESIS__ -D__HLS_SYN__ -I "/mnt/shares/tools/Xilinx/Vivado/2019.1/common/technology/autopilot" -I "/mnt/shares/tools/Xilinx/Vivado/2019.1/common/technology/autopilot/ap_sysc" -include etc/autopilot_ssdm_op.h -D__DSP48E2__  "/home/kevinliu/Documents/gulf_stream/u280/GULF-Stream/ip_repo/hls_ips/udp_ip_server/action_generator/solution1/.autopilot/db/action_generator.pp.0.cpp"  -o "/home/kevinliu/Documents/gulf_stream/u280/GULF-Stream/ip_repo/hls_ips/udp_ip_server/action_generator/solution1/.autopilot/db/useless.bc"  
INFO-FLOW: exec /mnt/shares/tools/Xilinx/Vivado/2019.1/lnx64/tools/clang/bin/clang -fno-limit-debug-info -gcc-toolchain /mnt/shares/tools/Xilinx/Vivado/2019.1/lnx64/tools/gcc -hls -fno-math-errno -c -emit-llvm -O0 -mllvm -disable-llvm-optzns -fno-threadsafe-statics -fno-use-cxa-atexit -fno-threadsafe-statics -fno-use-cxa-atexit -D__CLANG_3_1__ -DAESL_SYN -D__SYNTHESIS__ -D__HLS_SYN__ -I /mnt/shares/tools/Xilinx/Vivado/2019.1/common/technology/autopilot -I /mnt/shares/tools/Xilinx/Vivado/2019.1/common/technology/autopilot/ap_sysc -include etc/autopilot_ssdm_op.h -D__DSP48E2__ /home/kevinliu/Documents/gulf_stream/u280/GULF-Stream/ip_repo/hls_ips/udp_ip_server/action_generator/solution1/.autopilot/db/action_generator.pp.0.cpp -o /home/kevinliu/Documents/gulf_stream/u280/GULF-Stream/ip_repo/hls_ips/udp_ip_server/action_generator/solution1/.autopilot/db/useless.bc
Command       clang done; 3.42 sec.
INFO-FLOW: Done: GCC PP time: 7.7 seconds per iteration
Execute       source /mnt/shares/tools/Xilinx/Vivado/2019.1/tps/tcl/tcllib1.11.1/yaml/huddle.tcl 
Execute       source /mnt/shares/tools/Xilinx/Vivado/2019.1/tps/tcl/tcllib1.11.1/yaml/json2huddle.tcl 
Execute         source /mnt/shares/tools/Xilinx/Vivado/2019.1/tps/tcl/tcllib1.11.1/try/try.tcl 
Execute       list_core -type functional_unit 
Execute       tidy_31 xilinx-systemc-detector /home/kevinliu/Documents/gulf_stream/u280/GULF-Stream/ip_repo/hls_ips/udp_ip_server/action_generator/solution1/.autopilot/db/action_generator.pp.0.cpp std=gnu++98 -directive=/home/kevinliu/Documents/gulf_stream/u280/GULF-Stream/ip_repo/hls_ips/udp_ip_server/action_generator/solution1/.autopilot/db/.systemc_flag 
INFO-FLOW: exec /mnt/shares/tools/Xilinx/Vivado/2019.1/lnx64/tools/clang-3.9-csynth/bin/tidy-3.1 -header-filter=.* -checks=-*,xilinx-systemc-detector -import-directive=/home/kevinliu/Documents/gulf_stream/u280/GULF-Stream/ip_repo/hls_ips/udp_ip_server/action_generator/solution1/.autopilot/db/.systemc_flag -quiet -fix-errors /home/kevinliu/Documents/gulf_stream/u280/GULF-Stream/ip_repo/hls_ips/udp_ip_server/action_generator/solution1/.autopilot/db/action_generator.pp.0.cpp -- -std=gnu++98 -fhls -ferror-limit=0
Command       tidy_31 done; 1.05 sec.
INFO-FLOW: Running: tidy-3.1 CDT preprocess
Execute       tidy_31 xilinx-directive2pragma /home/kevinliu/Documents/gulf_stream/u280/GULF-Stream/ip_repo/hls_ips/udp_ip_server/action_generator/solution1/.autopilot/db/action_generator.pp.0.cpp std=gnu++98 -directive=/home/kevinliu/Documents/gulf_stream/u280/GULF-Stream/ip_repo/hls_ips/udp_ip_server/action_generator/solution1/.autopilot/db/all.directive.json 
INFO-FLOW: exec /mnt/shares/tools/Xilinx/Vivado/2019.1/lnx64/tools/clang-3.9-csynth/bin/tidy-3.1 -header-filter=.* -checks=-*,xilinx-directive2pragma -import-directive=/home/kevinliu/Documents/gulf_stream/u280/GULF-Stream/ip_repo/hls_ips/udp_ip_server/action_generator/solution1/.autopilot/db/all.directive.json -quiet -fix-errors /home/kevinliu/Documents/gulf_stream/u280/GULF-Stream/ip_repo/hls_ips/udp_ip_server/action_generator/solution1/.autopilot/db/action_generator.pp.0.cpp -- -std=gnu++98 -fhls -ferror-limit=0
Command       tidy_31 done; 1.23 sec.
Execute       get_config_dataflow -strict_mode 
Execute       ap_eval exec -ignorestderr /mnt/shares/tools/Xilinx/Vivado/2019.1/lnx64/tools/clang-3.9-csynth/bin/xilinx-dataflow-lawyer -export-fixes=/home/kevinliu/Documents/gulf_stream/u280/GULF-Stream/ip_repo/hls_ips/udp_ip_server/action_generator/solution1/.autopilot/db/xilinx-dataflow-lawyer.action_generator.pp.0.cpp.diag.yml /home/kevinliu/Documents/gulf_stream/u280/GULF-Stream/ip_repo/hls_ips/udp_ip_server/action_generator/solution1/.autopilot/db/action_generator.pp.0.cpp -- -std=gnu++98 -fhls -ferror-limit=0 -fstrict-dataflow > /home/kevinliu/Documents/gulf_stream/u280/GULF-Stream/ip_repo/hls_ips/udp_ip_server/action_generator/solution1/.autopilot/db/xilinx-dataflow-lawyer.action_generator.pp.0.cpp.out.log 2> /home/kevinliu/Documents/gulf_stream/u280/GULF-Stream/ip_repo/hls_ips/udp_ip_server/action_generator/solution1/.autopilot/db/xilinx-dataflow-lawyer.action_generator.pp.0.cpp.err.log 
Command       ap_eval done; 1.08 sec.
Execute       tidy_31 -errorcheck xilinx-constantarray-param,xilinx-resource-pragma-transformer,xilinx-xfmat-array-geometry /home/kevinliu/Documents/gulf_stream/u280/GULF-Stream/ip_repo/hls_ips/udp_ip_server/action_generator/solution1/.autopilot/db/action_generator.pp.0.cpp std=gnu++98 
Execute         ap_eval exec -ignorestderr /mnt/shares/tools/Xilinx/Vivado/2019.1/lnx64/tools/clang-3.9-csynth/bin/tidy-3.1 -export-fixes=/home/kevinliu/Documents/gulf_stream/u280/GULF-Stream/ip_repo/hls_ips/udp_ip_server/action_generator/solution1/.autopilot/db/tidy-3.1.action_generator.pp.0.cpp.diag.yml -header-filter=.* -checks=-*,xilinx-constantarray-param,xilinx-resource-pragma-transformer,xilinx-xfmat-array-geometry -quiet -fix-errors /home/kevinliu/Documents/gulf_stream/u280/GULF-Stream/ip_repo/hls_ips/udp_ip_server/action_generator/solution1/.autopilot/db/action_generator.pp.0.cpp -- -std=gnu++98 -fhls -ferror-limit=0 > /home/kevinliu/Documents/gulf_stream/u280/GULF-Stream/ip_repo/hls_ips/udp_ip_server/action_generator/solution1/.autopilot/db/tidy-3.1.action_generator.pp.0.cpp.out.log 2> /home/kevinliu/Documents/gulf_stream/u280/GULF-Stream/ip_repo/hls_ips/udp_ip_server/action_generator/solution1/.autopilot/db/tidy-3.1.action_generator.pp.0.cpp.err.log 
Command         ap_eval done; 1.47 sec.
Execute         ap_eval exec -ignorestderr /mnt/shares/tools/Xilinx/Vivado/2019.1/lnx64/tools/clang-3.9-csynth/bin/xilinx-legacy-rewriter /home/kevinliu/Documents/gulf_stream/u280/GULF-Stream/ip_repo/hls_ips/udp_ip_server/action_generator/solution1/.autopilot/db/action_generator.pp.0.cpp -- -std=gnu++98 -fhls -ferror-limit=0 > /home/kevinliu/Documents/gulf_stream/u280/GULF-Stream/ip_repo/hls_ips/udp_ip_server/action_generator/solution1/.autopilot/db/xilinx-legacy-rewriter.action_generator.pp.0.cpp.out.log 2> /home/kevinliu/Documents/gulf_stream/u280/GULF-Stream/ip_repo/hls_ips/udp_ip_server/action_generator/solution1/.autopilot/db/xilinx-legacy-rewriter.action_generator.pp.0.cpp.err.log 
Command         ap_eval done; 1.13 sec.
Command       tidy_31 done; 2.6 sec.
INFO-FLOW: Done: tidy-3.1 CDT preprocess time: 4.9 seconds per iteration
INFO-FLOW: Pragma Handling...
Execute       tidy_31 xilinx-ssdm-intrinsics-arguments /home/kevinliu/Documents/gulf_stream/u280/GULF-Stream/ip_repo/hls_ips/udp_ip_server/action_generator/solution1/.autopilot/db/action_generator.pragma.1.cpp std=gnu++98 
INFO-FLOW: exec /mnt/shares/tools/Xilinx/Vivado/2019.1/lnx64/tools/clang-3.9-csynth/bin/tidy-3.1 -header-filter=.* -checks=-*,xilinx-ssdm-intrinsics-arguments -quiet -fix-errors /home/kevinliu/Documents/gulf_stream/u280/GULF-Stream/ip_repo/hls_ips/udp_ip_server/action_generator/solution1/.autopilot/db/action_generator.pragma.1.cpp -- -std=gnu++98 -fhls -ferror-limit=0
Command       tidy_31 done; 1.35 sec.
Execute       ap_part_info -name xcu280-fsvh2892-2L-e -data info 
INFO-FLOW: Processing labels
Execute       clang -src /home/kevinliu/Documents/gulf_stream/u280/GULF-Stream/ip_repo/hls_ips/udp_ip_server/action_generator/solution1/.autopilot/db/action_generator.pragma.2.cpp  -fno-limit-debug-info -gcc-toolchain /mnt/shares/tools/Xilinx/Vivado/2019.1/lnx64/tools/gcc -hls -hls-analyze-label -hls-analyze-pragma -fno-exceptions  -D__llvm__  -w  "/home/kevinliu/Documents/gulf_stream/u280/GULF-Stream/ip_repo/hls_ips/udp_ip_server/action_generator/solution1/.autopilot/db/action_generator.pragma.2.cpp"    -fno-math-errno -c -emit-llvm -O0  -mllvm -disable-llvm-optzns -fno-threadsafe-statics  -fno-use-cxa-atexit -DAESL_SYN -D__SYNTHESIS__ -D__HLS_SYN__ -I "/mnt/shares/tools/Xilinx/Vivado/2019.1/common/technology/autopilot" -I "/mnt/shares/tools/Xilinx/Vivado/2019.1/common/technology/autopilot/ap_sysc" -include etc/autopilot_ssdm_op.h -D__DSP48E2__ -g -o "/home/kevinliu/Documents/gulf_stream/u280/GULF-Stream/ip_repo/hls_ips/udp_ip_server/action_generator/solution1/.autopilot/db/action_generator.bc" 
INFO-FLOW: exec /mnt/shares/tools/Xilinx/Vivado/2019.1/lnx64/tools/clang/bin/clang -fno-limit-debug-info -gcc-toolchain /mnt/shares/tools/Xilinx/Vivado/2019.1/lnx64/tools/gcc -hls -hls-analyze-label -hls-analyze-pragma -fno-exceptions -D__llvm__ -w /home/kevinliu/Documents/gulf_stream/u280/GULF-Stream/ip_repo/hls_ips/udp_ip_server/action_generator/solution1/.autopilot/db/action_generator.pragma.2.cpp -fno-math-errno -c -emit-llvm -O0 -mllvm -disable-llvm-optzns -fno-threadsafe-statics -fno-use-cxa-atexit -DAESL_SYN -D__SYNTHESIS__ -D__HLS_SYN__ -I /mnt/shares/tools/Xilinx/Vivado/2019.1/common/technology/autopilot -I /mnt/shares/tools/Xilinx/Vivado/2019.1/common/technology/autopilot/ap_sysc -include etc/autopilot_ssdm_op.h -D__DSP48E2__ -g -o /home/kevinliu/Documents/gulf_stream/u280/GULF-Stream/ip_repo/hls_ips/udp_ip_server/action_generator/solution1/.autopilot/db/action_generator.bc
Command       clang done; 3.82 sec.
INFO-FLOW: Linking Debug ...
Execute       llvm-ld /home/kevinliu/Documents/gulf_stream/u280/GULF-Stream/ip_repo/hls_ips/udp_ip_server/action_generator/solution1/.autopilot/db/action_generator.g.bc -hls-opt -except-internalize action_generator -L/mnt/shares/tools/Xilinx/Vivado/2019.1/lnx64/lib -lhlsm -lhlsmc++ -o /home/kevinliu/Documents/gulf_stream/u280/GULF-Stream/ip_repo/hls_ips/udp_ip_server/action_generator/solution1/.autopilot/db/a.g 
Command       llvm-ld done; 2.09 sec.
INFO: [HLS 200-111] Finished Linking Time (s): cpu = 00:00:17 ; elapsed = 00:00:29 . Memory (MB): peak = 798.621 ; gain = 126.000 ; free physical = 29458 ; free virtual = 56801
INFO: [HLS 200-111] Finished Checking Pragmas Time (s): cpu = 00:00:17 ; elapsed = 00:00:29 . Memory (MB): peak = 798.621 ; gain = 126.000 ; free physical = 29474 ; free virtual = 56817
Execute       get_config_sdx -target 
Execute       opt_and_import_c a -opt_level=2 -skip_syncheck=0 -ng=0 -keep_printf=0 
Execute         cleanup_all_models 
INFO: [HLS 200-10] Starting code transformations ...
Execute         transform -promote-dbg-pointer /home/kevinliu/Documents/gulf_stream/u280/GULF-Stream/ip_repo/hls_ips/udp_ip_server/action_generator/solution1/.autopilot/db/a.pp.bc -o /home/kevinliu/Documents/gulf_stream/u280/GULF-Stream/ip_repo/hls_ips/udp_ip_server/action_generator/solution1/.autopilot/db/a.pp.0.bc -f 
Execute         llvm-ld /home/kevinliu/Documents/gulf_stream/u280/GULF-Stream/ip_repo/hls_ips/udp_ip_server/action_generator/solution1/.autopilot/db/a.pp.0.bc -disable-opt -L/mnt/shares/tools/Xilinx/Vivado/2019.1/lnx64/lib -lfloatconversion -o /home/kevinliu/Documents/gulf_stream/u280/GULF-Stream/ip_repo/hls_ips/udp_ip_server/action_generator/solution1/.autopilot/db/a.g.0 
Command         llvm-ld done; 1.65 sec.
INFO-FLOW: Running Standard Transforms...
Execute         transform -hls -share-std-xform -demangle-name -inline-byval-memcpy -always-inline -promote-dbg-pointer -interface-preproc -mem2reg -scalarrepl -mem2reg -keep-read-access -instcombine -dce -promote-dbg-pointer -bitop-raise -loop-simplify -indvarspre -indvars -loop-simplify -xunroll -constprop -instcombine -simplifycfg -indvars -simplifycfg -dce -globaldce -basicaa -simplifycfg -mem2reg -globalopt -global-constprop -deadargelim -instcombine -simplifycfg -prune-eh -simplifycfg -scalarrepl -instcombine -reassociate -licm -simplifycfg -loop-simplify -indvars -instcombine -simplifycfg -mem2reg -loop-simplify -indvars -instcombine -gvn -gvn -instcombine -adce -break-crit-edges -simplifycfg -loop-delete -global-array-opt -dce -dse -adce -find-syn-modules -top action_generator -deadargelim -mem2reg -instcombine -dce -presyn-prepare -auto-rom-infer -interface-preproc -syn-check -check-rec-only -find-region -simplifycfg -func-extr -function-inline -globaldce -mem2reg -instcombine -dce -gvn -globaldce -adce -adse -constprop -instcombine -bit-constprop -instcombine -dce -simplifycfg -bitop-raise -simplifycfg -dce -loop-delete -reassociate -globalopt -global-privatize -mem2reg -dce -global-constprop -pointer-simplify -constprop -dce -func-inst -deadargelim -auto-shift-reg-idiom -promote-dbg-pointer -norm-name /home/kevinliu/Documents/gulf_stream/u280/GULF-Stream/ip_repo/hls_ips/udp_ip_server/action_generator/solution1/.autopilot/db/a.g.0.bc -o /home/kevinliu/Documents/gulf_stream/u280/GULF-Stream/ip_repo/hls_ips/udp_ip_server/action_generator/solution1/.autopilot/db/a.g.1.bc -f -phase std-opt 
INFO: [HLS 200-111] Finished Standard Transforms Time (s): cpu = 00:00:19 ; elapsed = 00:00:31 . Memory (MB): peak = 798.621 ; gain = 126.000 ; free physical = 29460 ; free virtual = 56806
INFO: [HLS 200-10] Checking synthesizability ...
INFO-FLOW: Checking Synthesizability 1/2..
Execute         transform -hls -syn-check -check-rec-only -disaggr -scalarrepl -norm-name -dce -mem2reg -instcombine -function-uniquify -directive-preproc -mem2reg -dse -dce -auto-rom-infer -dce -pag -array-normalize -instcombine -dce -warn-fifo-pointer -array-seg-normalize -instcombine -dce -array-flatten -instcombine -dce -array-burst -dce -deadargelim -promote-global-argument -simplifycfg -mem2reg -globaldce -dce -deadargelim -dce -instcombine -function-inline -globaldce -dce -doublePtrSimplify -doublePtrElim -dce -doublePtrSimplify -promote-dbg-pointer -dce -scalarrepl -dse -adse -instcombine -ptrLegalization -simplifycfg -dce -instcombine -pointer-simplify -ptrArgReplace -dce -instcombine -resolve-double-ptr -disaggr -scalarrepl -norm-name -dce -mem2reg -instcombine -ptrLegalization -simplifycfg -deadargelim -instcombine -dce -inst-simplify -function-uniquify -directive-preproc -mem2reg -dse -dce -globaldce -check-dspbuiltin /home/kevinliu/Documents/gulf_stream/u280/GULF-Stream/ip_repo/hls_ips/udp_ip_server/action_generator/solution1/.autopilot/db/a.g.1.bc -o /home/kevinliu/Documents/gulf_stream/u280/GULF-Stream/ip_repo/hls_ips/udp_ip_server/action_generator/solution1/.autopilot/db/a.g.2.prechk.bc -f 
INFO-FLOW: Checking Synthesizability 2/2..
Execute         transform -syn-check /home/kevinliu/Documents/gulf_stream/u280/GULF-Stream/ip_repo/hls_ips/udp_ip_server/action_generator/solution1/.autopilot/db/a.g.2.prechk.bc -o /home/kevinliu/Documents/gulf_stream/u280/GULF-Stream/ip_repo/hls_ips/udp_ip_server/action_generator/solution1/.autopilot/db/a.g.2.bc -f -phase syn-check 
INFO: [HLS 200-111] Finished Checking Synthesizability Time (s): cpu = 00:00:19 ; elapsed = 00:00:31 . Memory (MB): peak = 798.621 ; gain = 126.000 ; free physical = 29451 ; free virtual = 56797
INFO-FLOW: Compiler optimizing ...
INFO-FLOW: Share syncheck's 1.bc for syn flow: copy /home/kevinliu/Documents/gulf_stream/u280/GULF-Stream/ip_repo/hls_ips/udp_ip_server/action_generator/solution1/.autopilot/db/a.g.1.bc to /home/kevinliu/Documents/gulf_stream/u280/GULF-Stream/ip_repo/hls_ips/udp_ip_server/action_generator/solution1/.autopilot/db/a.o.1.bc
INFO-FLOW: Presyn 1...
Execute         transform -hls -tmp /home/kevinliu/Documents/gulf_stream/u280/GULF-Stream/ip_repo/hls_ips/udp_ip_server/action_generator/solution1/.autopilot/db -interface-port-rename -type-info -function-uniquify -directive-preproc -mem2reg -dse -dce -disaggr -scalarrepl -norm-name -deadargelim -mem2reg -instcombine -dce -simplifycfg -auto-rom-infer -dce -function-uniquify -resource-proc -clib-intrinsic-prepare -dce -func-buffer -dce -pag -array-normalize -func-legal -instcombine -gvn -constprop -dce -simplifycfg -mem2reg -globaldce -resolve-double-ptr -dce -deadargelim -dce -instcombine -ptrArgReplace -mem2reg -dce -array-seg-normalize -deadargelim -instcombine -dce -pointer-simplify -dce -port-alignment -dce -interface-preproc -data-pack -instcombine -dce -basicaa -aggr-aa -aggrmodref-aa -aggr-aa -gvn -gvn -basicaa -aggr-aa -aggrmodref-aa -aggr-aa -dse -adse -adce -loop-simplify -indvars -instcombine -gvn -loop-simplify -mem2reg -dce -find-region -instcombine -auto-loop-pipeline -inst-simplify -interface-preproc -cfgopt -instcombine -indvars -auto-loop-unroll -loop-simplify -loop-bound -xunroll -constprop -instcombine -simplifycfg -indvars -simplifycfg -dce -globaldce -clean-region -attach-range -gvn -inst-simplify -constprop -simplifycfg -dce -pointer-simplify -dce -globalopt -constprop -dce -array-promote -constprop -dce -ptrArgReplace -mem2reg -simplifycfg -dce -auto-par -instcombine -dce -array-transform-check -array-reshape -instcombine -simplifycfg -dce -ptrArgReplace -deadargelim -mem2reg -instcombine -simplifycfg -dce -indvars -loop-simplify -loop-bound -xunroll -constprop -instcombine -simplifycfg -indvars -simplifycfg -dce -globaldce -basicaa -aggr-aa -aggrmodref-aa -aggr-aa -dse -duplicate-dataflow-processes -globaldce -instcombine -array-partition -instcombine -simplifycfg -dce -ptrArgReplace -global-constprop -deadargelim -mem2reg -func-legal -dce -global-constprop -deadargelim -mem2reg -simplifycfg -dce -merge-param -deadargelim -globalopt -constprop -dce -array-promote -constprop -dce -ptrArgReplace -mem2reg -simplifycfg -dce -mem-intrinsic-preproc -dce -global-internalize -global-privatize -mem2reg -globaldce -promote-global-argument -ptrArgReplace -mem2reg -dce -globalopt -mergereturn -simplify-global-access -mem2reg -dce -pointer-simplify -dce -functionattrs -basicaa -aggr-aa -aggrmodref-aa -aggr-aa -gvn -gvn -basicaa -aggr-aa -aggrmodref-aa -aggr-aa -dse -adse -adce -dce -norm-name -function-inline -complex-op-raise -inst-simplify -globaldce -func-inst -constprop -instcombine -simplifycfg -dce -func-legal -dce -loop-bound -arraycheck -bitwidthmin -on-by-dataflow -loop-delete -instcombine -simplifycfg -globaldce -dce -gvn -deadargelim -dce -loop-simplify -clean-region -simplifycfg -propagate-stable-arguments -loop-stream -instcombine -simplifycfg -dce -globaldce -duplicate-dataflow-processes -stream-intrinsic-preproc -dce -check-ap-stream -loop-simplify -eliminate-keepreads -extract-dataflow-in-loop -loop-simplify -dce -gvn -deadargelim -dse -check-dataflow-syntax -legalize-stream-variable -legalize-global -extract-subproc -dce -dead-channel-elimination -canonicalize-gep -globaldce -dce -gvn -deadargelim -annotate-dataflow-channels -scalar-propagation -deadargelim -globaldce -mem2reg -check-dataflow-channels -function-stream -dce -globaldce -prop-fifo-spec -internal-stream-gen -canonicalize-gep -globaldce -dce -gvn -deadargelim -mergereturn -indvars -loop-simplify -instcombine -array-stream -array-seg-normalize -array-partition -func-legal -instcombine -simplifycfg -dce -bundle-memfifo-ops -deadargelim -function-uniquify -directive-preproc -mem2reg -dse -dce -group-axi-access -licm -simplifycfg -dce -loop-delete -norm-name /home/kevinliu/Documents/gulf_stream/u280/GULF-Stream/ip_repo/hls_ips/udp_ip_server/action_generator/solution1/.autopilot/db/a.o.1.bc -o /home/kevinliu/Documents/gulf_stream/u280/GULF-Stream/ip_repo/hls_ips/udp_ip_server/action_generator/solution1/.autopilot/db/a.o.1.tmp.bc -f 
INFO: [XFORM 203-1101] Packing variable 'action_out' (/home/kevinliu/Documents/gulf_stream/u280/GULF-Stream/src/udp_ip_server/udp_ip_rx/action_generator.cpp:35) into a 65-bit variable.
Command         transform done; 0.11 sec.
INFO-FLOW: Presyn 2...
Execute         transform -hls -keep-callgraph -scalarrepl -mem2reg -port-alignment -attach-range -dce -pipe-mux-gen -indvars -loop-bound -inst-simplify -instcombine -dce -merge-array-access -mem2reg -dce -clean-region -mergereturn -if-conv -instcombine -dce -constprop -basicaa -aggr-aa -aggrmodref-aa -aggr-aa -gvn -gvn -basicaa -aggr-aa -aggrmodref-aa -aggr-aa -dse -adse -adce -scalarrepl -mem2reg -global-constprop -deadargelim -deadargelim -instcombine -dce -simplifycfg -ptrArgReplace -mem2reg -function-inline -globaldce -mem2reg -instcombine -dce -expr-balance -instcombine -dce -bitwidthmin -interface-preproc -directive-preproc -inst-rectify -instcombine -dce -functionattrs -constprop -instcombine -bit-constprop -simplify-global-access -globalopt -globaldce -inst-simplify -instcombine -elimdeaddata -dce -loop-delete -simplifycfg -loop-simplify -auto-burst -norm-name /home/kevinliu/Documents/gulf_stream/u280/GULF-Stream/ip_repo/hls_ips/udp_ip_server/action_generator/solution1/.autopilot/db/a.o.1.tmp.bc -o /home/kevinliu/Documents/gulf_stream/u280/GULF-Stream/ip_repo/hls_ips/udp_ip_server/action_generator/solution1/.autopilot/db/a.o.2.bc -f -phase presyn 
INFO: [XFORM 203-401] Performing if-conversion on hyperblock to (/home/kevinliu/Documents/gulf_stream/u280/GULF-Stream/src/udp_ip_server/udp_ip_rx/action_generator.cpp:76:1) in function 'action_generator'... converting 3 basic blocks.
INFO: [HLS 200-111] Finished Pre-synthesis Time (s): cpu = 00:00:19 ; elapsed = 00:00:31 . Memory (MB): peak = 862.621 ; gain = 190.000 ; free physical = 29402 ; free virtual = 56750
INFO-FLOW: Building ssdm...
Execute         transform -hls -function-uniquify -auto-function-inline -globaldce -ptrArgReplace -mem2reg -dce -reset-lda -loop-simplify -indvars -licm -loop-dep -loop-bound -licm -loop-simplify -flattenloopnest -array-flatten -gvn -instcombine -dce -array-map -dce -func-legal -gvn -adce -instcombine -cfgopt -simplifycfg -loop-simplify -array-burst -promote-global-argument -dce -ptrLegalization -axi4-lower -array-seg-normalize -basicaa -aggrmodref-aa -globalsmodref-aa -aggr-aa -gvn -gvn -basicaa -aggrmodref-aa -globalsmodref-aa -aggr-aa -dse -adse -adce -licm -inst-simplify -dce -globaldce -instcombine -array-stream -eliminate-keepreads -instcombine -dce -deadargelim -doublePtrSimplify -doublePtrElim -dce -doublePtrSimplify -promote-dbg-pointer -dce -scalarrepl -mem2reg -disaggr -norm-name -mem2reg -instcombine -dse -adse -adce -ptrLegalization -dce -auto-rom-infer -array-flatten -dce -instcombine -check-doubleptr -loop-rot -constprop -cfgopt -simplifycfg -loop-simplify -indvars -pointer-simplify -dce -loop-bound -loop-simplify -loop-preproc -constprop -global-constprop -gvn -mem2reg -instcombine -dce -loop-bound -loop-merge -dce -bitwidthmin -deadargelim -dce -canonicalize-dataflow -dce -scalar-propagation -deadargelim -globaldce -mem2reg -read-loop-dep -interface-preproc -directive-preproc -interface-gen -bram-byte-enable -deadargelim -inst-simplify -dce -gvn -mem2reg -instcombine -dce -adse -loop-bound -instcombine -cfgopt -simplifycfg -loop-simplify -clean-region -io-protocol -find-region -mem2reg -bitop-raise -complex-op-raise -inst-simplify -inst-rectify -instcombine -adce -deadargelim -loop-simplify -phi-opt -bitop-raise -cfgopt -simplifycfg -strip-dead-prototypes -interface-lower -bitop-lower -intrinsic-lower -auto-function-inline -basicaa -aggrmodref-aa -globalsmodref-aa -aggr-aa -inst-simplify -simplifycfg -loop-simplify -mergereturn -inst-simplify -inst-rectify -dce -load-elim -bitop-lower -loop-rewind -pointer-simplify -dce -cfgopt -dce -loop-bound -loop-dep -read-loop-dep -dce -check-stream -norm-name -legalize -validate-dataflow -inst-clarity -bitwidth -dump-loop-dep-to-ir -check-all-ssdm -cdfg-build /home/kevinliu/Documents/gulf_stream/u280/GULF-Stream/ip_repo/hls_ips/udp_ip_server/action_generator/solution1/.autopilot/db/a.o.2.bc -o /home/kevinliu/Documents/gulf_stream/u280/GULF-Stream/ip_repo/hls_ips/udp_ip_server/action_generator/solution1/.autopilot/db/a.o.3.bc -f -phase build-ssdm 
Command         transform done; 0.11 sec.
INFO: [HLS 200-111] Finished Architecture Synthesis Time (s): cpu = 00:00:19 ; elapsed = 00:00:32 . Memory (MB): peak = 862.621 ; gain = 190.000 ; free physical = 29399 ; free virtual = 56747
INFO-FLOW: Finish building internal data model.
Command       opt_and_import_c done; 2.17 sec.
Command     elaborate done; 23.29 sec.
Execute     autosyn -from_csynth_design=1 
INFO: [HLS 200-10] Starting hardware synthesis ...
INFO-FLOW: Synthesizing C/C++ design ...
INFO: [HLS 200-10] Synthesizing 'action_generator' ...
Execute       ap_set_top_model action_generator 
Execute       get_model_list action_generator -filter all-wo-channel -topdown 
Execute       preproc_iomode -model action_generator 
Execute       get_model_list action_generator -filter all-wo-channel 
INFO-FLOW: Model list for configure: action_generator
INFO-FLOW: Configuring Module : action_generator ...
Execute       set_default_model action_generator 
Execute       apply_spec_resource_limit action_generator 
INFO-FLOW: Model list for preprocess: action_generator
INFO-FLOW: Preprocessing Module: action_generator ...
Execute       set_default_model action_generator 
Execute       cdfg_preprocess -model action_generator 
Execute       rtl_gen_preprocess action_generator 
INFO-FLOW: Model list for synthesis: action_generator
INFO: [HLS 200-10] ----------------------------------------------------------------
INFO: [HLS 200-42] -- Implementing module 'action_generator' 
INFO: [HLS 200-10] ----------------------------------------------------------------
Execute       set_default_model action_generator 
Execute       schedule -model action_generator 
INFO: [SCHED 204-11] Starting scheduling ...
INFO: [SCHED 204-11] Finished scheduling.
INFO: [HLS 200-111]  Elapsed time: 31.62 seconds; current allocated memory: 119.008 MB.
Execute       syn_report -verbosereport -o /home/kevinliu/Documents/gulf_stream/u280/GULF-Stream/ip_repo/hls_ips/udp_ip_server/action_generator/solution1/.autopilot/db/action_generator.verbose.sched.rpt 
Execute       db_write -o /home/kevinliu/Documents/gulf_stream/u280/GULF-Stream/ip_repo/hls_ips/udp_ip_server/action_generator/solution1/.autopilot/db/action_generator.sched.adb -f 
INFO-FLOW: Finish scheduling action_generator.
Execute       set_default_model action_generator 
Execute       bind -model action_generator 
BIND OPTION: model=action_generator
INFO: [BIND 205-100] Starting micro-architecture generation ...
INFO: [BIND 205-101] Performing variable lifetime analysis.
INFO: [BIND 205-101] Exploring resource sharing.
INFO: [BIND 205-101] Binding ...
INFO: [BIND 205-100] Finished micro-architecture generation.
INFO: [HLS 200-111]  Elapsed time: 0.02 seconds; current allocated memory: 119.279 MB.
Execute       syn_report -verbosereport -o /home/kevinliu/Documents/gulf_stream/u280/GULF-Stream/ip_repo/hls_ips/udp_ip_server/action_generator/solution1/.autopilot/db/action_generator.verbose.bind.rpt 
Execute       db_write -o /home/kevinliu/Documents/gulf_stream/u280/GULF-Stream/ip_repo/hls_ips/udp_ip_server/action_generator/solution1/.autopilot/db/action_generator.bind.adb -f 
INFO-FLOW: Finish binding action_generator.
Execute       get_model_list action_generator -filter all-wo-channel 
INFO-FLOW: Preprocessing for RTLGen ...
Execute       rtl_gen_preprocess action_generator 
INFO-FLOW: Model list for RTL generation: action_generator
INFO: [HLS 200-10] ----------------------------------------------------------------
INFO: [HLS 200-10] -- Generating RTL for module 'action_generator' 
INFO: [HLS 200-10] ----------------------------------------------------------------
Execute       get_config_rtl -module_prefix 
Execute       get_config_rtl -module_auto_prefix 
Execute       create_rtl_model action_generator -vendor xilinx -mg_file /home/kevinliu/Documents/gulf_stream/u280/GULF-Stream/ip_repo/hls_ips/udp_ip_server/action_generator/solution1/.autopilot/db/action_generator.compgen.tcl 
INFO: [RTGEN 206-500] Setting interface mode on port 'action_generator/meta_in_src_ip_V' to 'ap_none'.
INFO: [RTGEN 206-500] Setting interface mode on port 'action_generator/meta_in_protocol_header_V' to 'ap_none'.
INFO: [RTGEN 206-500] Setting interface mode on port 'action_generator/meta_in_checksum_V' to 'ap_none'.
INFO: [RTGEN 206-500] Setting interface mode on port 'action_generator/meta_in_action_V' to 'ap_none'.
INFO: [RTGEN 206-500] Setting interface mode on port 'action_generator/payload_cksum_data_V' to 'ap_none'.
INFO: [RTGEN 206-500] Setting interface mode on port 'action_generator/payload_cksum_valid_V' to 'ap_none'.
INFO: [RTGEN 206-500] Setting interface mode on port 'action_generator/action_out' to 'ap_none'.
WARNING: [RTGEN 206-101] Port 'action_out' with mode 'ap_none' may require an associated data valid signal to correctly communicate with other blocks or a test bench; automatic C/RTL co-simulation may not be able to verify such a port.
INFO: [RTGEN 206-500] Setting interface mode on port 'action_generator/action_out_valid_V' to 'ap_none'.
WARNING: [RTGEN 206-101] Port 'action_out_valid_V' with mode 'ap_none' may require an associated data valid signal to correctly communicate with other blocks or a test bench; automatic C/RTL co-simulation may not be able to verify such a port.
INFO: [RTGEN 206-500] Setting interface mode on function 'action_generator' to 'ap_ctrl_none'.
INFO: [RTGEN 206-100] Finished creating RTL model for 'action_generator'.
INFO: [HLS 200-111]  Elapsed time: 0.03 seconds; current allocated memory: 119.653 MB.
Execute       source /home/kevinliu/Documents/gulf_stream/u280/GULF-Stream/ip_repo/hls_ips/udp_ip_server/action_generator/solution1/.autopilot/db/action_generator.rtl_wrap.cfg.tcl 
Execute       gen_rtl action_generator -istop -style xilinx -tracefl mytrace -tracefmt vcd -traceopt all -f -lang sc -o /home/kevinliu/Documents/gulf_stream/u280/GULF-Stream/ip_repo/hls_ips/udp_ip_server/action_generator/solution1/syn/systemc/action_generator -synmodules action_generator 
Execute       gen_rtl action_generator -istop -style xilinx -f -lang vhdl -o /home/kevinliu/Documents/gulf_stream/u280/GULF-Stream/ip_repo/hls_ips/udp_ip_server/action_generator/solution1/syn/vhdl/action_generator 
Execute       gen_rtl action_generator -istop -style xilinx -f -lang vlog -o /home/kevinliu/Documents/gulf_stream/u280/GULF-Stream/ip_repo/hls_ips/udp_ip_server/action_generator/solution1/syn/verilog/action_generator 
Execute       syn_report -csynth -model action_generator -o /home/kevinliu/Documents/gulf_stream/u280/GULF-Stream/ip_repo/hls_ips/udp_ip_server/action_generator/solution1/syn/report/action_generator_csynth.rpt 
Execute       syn_report -rtlxml -model action_generator -o /home/kevinliu/Documents/gulf_stream/u280/GULF-Stream/ip_repo/hls_ips/udp_ip_server/action_generator/solution1/syn/report/action_generator_csynth.xml 
Execute       syn_report -verbosereport -model action_generator -o /home/kevinliu/Documents/gulf_stream/u280/GULF-Stream/ip_repo/hls_ips/udp_ip_server/action_generator/solution1/.autopilot/db/action_generator.verbose.rpt 
Execute       db_write -model action_generator -f -o /home/kevinliu/Documents/gulf_stream/u280/GULF-Stream/ip_repo/hls_ips/udp_ip_server/action_generator/solution1/.autopilot/db/action_generator.adb 
Execute       gen_tb_info action_generator -p /home/kevinliu/Documents/gulf_stream/u280/GULF-Stream/ip_repo/hls_ips/udp_ip_server/action_generator/solution1/.autopilot/db -o /home/kevinliu/Documents/gulf_stream/u280/GULF-Stream/ip_repo/hls_ips/udp_ip_server/action_generator/solution1/.autopilot/db/action_generator 
Execute       export_constraint_db -f -tool general -o /home/kevinliu/Documents/gulf_stream/u280/GULF-Stream/ip_repo/hls_ips/udp_ip_server/action_generator/solution1/.autopilot/db/action_generator.constraint.tcl 
Execute       syn_report -designview -model action_generator -o /home/kevinliu/Documents/gulf_stream/u280/GULF-Stream/ip_repo/hls_ips/udp_ip_server/action_generator/solution1/.autopilot/db/action_generator.design.xml 
Execute       get_config_rtl -disable_wave_debug 
Execute       syn_report -wcfg -model action_generator -o /home/kevinliu/Documents/gulf_stream/u280/GULF-Stream/ip_repo/hls_ips/udp_ip_server/action_generator/solution1/.autopilot/db/action_generator_dataflow_ana.wcfg 
Execute       syn_report -protoinst -model action_generator -o /home/kevinliu/Documents/gulf_stream/u280/GULF-Stream/ip_repo/hls_ips/udp_ip_server/action_generator/solution1/.autopilot/db/action_generator.protoinst 
Execute       get_config_debug -directory 
Execute       sc_get_clocks action_generator 
Execute       get_config_export -vivado_clock 
Execute       sc_get_portdomain action_generator 
INFO-FLOW: Model list for RTL component generation: action_generator
INFO-FLOW: Handling components in module [action_generator] ... 
Execute       source /home/kevinliu/Documents/gulf_stream/u280/GULF-Stream/ip_repo/hls_ips/udp_ip_server/action_generator/solution1/.autopilot/db/action_generator.compgen.tcl 
INFO-FLOW: Append model action_generator
INFO-FLOW: Generating RTL model list ...
INFO-FLOW: All models in this session: action_generator
INFO-FLOW: To file: write model action_generator
INFO-FLOW: Finished generating RTL model list.


INFO-FLOW: RTL Generation done.
INFO-FLOW: CAS Generation done.
INFO-FLOW: CBC Generation done.
INFO-FLOW: DBG:CMD: auto_generate_csynth_design
INFO-FLOW: DBG:CMD:     auto_generate --sim-model -phase csynth_design -d /home/kevinliu/Documents/gulf_stream/u280/GULF-Stream/ip_repo/hls_ips/udp_ip_server/action_generator/solution1
Execute       source /home/kevinliu/Documents/gulf_stream/u280/GULF-Stream/ip_repo/hls_ips/udp_ip_server/action_generator/solution1/.autopilot/db/global.setting.tcl 
INFO-FLOW: DBG:CMD: read_platform_lib /home/kevinliu/Documents/gulf_stream/u280/GULF-Stream/ip_repo/hls_ips/udp_ip_server/action_generator/solution1/.autopilot/db/global.setting.tcl
Execute       source /mnt/shares/tools/Xilinx/Vivado/2019.1/common/technology/generic/autopilot/common.gen 
Execute         source /mnt/shares/tools/Xilinx/Vivado/2019.1/common/technology/generic/autopilot/APCoreGen.gen 
Execute       source /mnt/shares/tools/Xilinx/Vivado/2019.1/common/technology/generic/autopilot/op.gen 
Execute       source /mnt/shares/tools/Xilinx/Vivado/2019.1/common/technology/generic/autopilot/op_simcore.gen 
Execute       source /mnt/shares/tools/Xilinx/Vivado/2019.1/common/technology/generic/autopilot/interface.gen 
Execute       source /home/kevinliu/Documents/gulf_stream/u280/GULF-Stream/ip_repo/hls_ips/udp_ip_server/action_generator/solution1/.autopilot/db/global.setting.tcl 
Execute       source /mnt/shares/tools/Xilinx/Vivado/2019.1/common/technology/xilinx/virtexuplus/virtexuplus.gen 
Execute         source /mnt/shares/tools/Xilinx/Vivado/2019.1/common/technology/xilinx/common/xilinx.gen 
Execute           source /mnt/shares/tools/Xilinx/Vivado/2019.1/common/technology/xilinx/interface/plb46.gen 
Execute           source /mnt/shares/tools/Xilinx/Vivado/2019.1/common/technology/xilinx/interface/fsl.gen 
Execute           source /mnt/shares/tools/Xilinx/Vivado/2019.1/common/technology/xilinx/interface/axi4.gen 
Execute           source /mnt/shares/tools/Xilinx/Vivado/2019.1/common/technology/xilinx/interface/nativeAXI4.gen 
Execute             source /mnt/shares/tools/Xilinx/Vivado/2019.1/common/technology/xilinx/interface/saxilite.gen 
Execute             source /mnt/shares/tools/Xilinx/Vivado/2019.1/common/technology/xilinx/interface/maxi.gen 
Execute           source /mnt/shares/tools/Xilinx/Vivado/2019.1/common/technology/xilinx/scripts/xilinxcoregen.gen 
Execute           source /mnt/shares/tools/Xilinx/Vivado/2019.1/common/technology/xilinx/interface/XilEDKCoreGen.gen 
Execute           source /mnt/shares/tools/Xilinx/Vivado/2019.1/common/technology/xilinx/ip/dds_compiler.gen 
Execute           source /mnt/shares/tools/Xilinx/Vivado/2019.1/common/technology/xilinx/ip/util.gen 
Execute           source /mnt/shares/tools/Xilinx/Vivado/2019.1/common/technology/xilinx/ip/xfft.gen 
Command           ap_source done; 0.14 sec.
Execute           source /mnt/shares/tools/Xilinx/Vivado/2019.1/common/technology/xilinx/ip/xfir.gen 
Execute           source /mnt/shares/tools/Xilinx/Vivado/2019.1/common/technology/xilinx/common/dsp48.gen 
Command         ap_source done; 0.44 sec.
Command       ap_source done; 0.44 sec.
Execute       source /mnt/shares/tools/Xilinx/Vivado/2019.1/common/technology/xilinx/virtexuplus/virtexuplus_fpv7.gen 
Execute         source /mnt/shares/tools/Xilinx/Vivado/2019.1/common/technology/xilinx/common/xilinx_fp.gen 
INFO-FLOW: DBG:CMD:   using AESL_AUTOCG::g_clock_period=3.103 (was NA)
INFO-FLOW: DBG:CMD:       generate_ip_cores sim=1 export=0 expOnly=0 dstVlogDir=syn/verilog
Execute       source /home/kevinliu/Documents/gulf_stream/u280/GULF-Stream/ip_repo/hls_ips/udp_ip_server/action_generator/solution1/.autopilot/db/global.setting.tcl 
Execute       ap_part_info -name xcu280-fsvh2892-2L-e -data names -quiet 
Execute       ap_part_info -name xcu280-fsvh2892-2L-e -data info -quiet 
Execute       source /home/kevinliu/Documents/gulf_stream/u280/GULF-Stream/ip_repo/hls_ips/udp_ip_server/action_generator/solution1/.autopilot/db/global.setting.tcl 
Execute       source /home/kevinliu/Documents/gulf_stream/u280/GULF-Stream/ip_repo/hls_ips/udp_ip_server/action_generator/solution1/.autopilot/db/global.setting.tcl 
Execute       source /home/kevinliu/Documents/gulf_stream/u280/GULF-Stream/ip_repo/hls_ips/udp_ip_server/action_generator/solution1/.autopilot/db/action_generator.compgen.tcl 
INFO-FLOW: DBG:CMD:     auto_generate -export -impltomg_flag -rtl both -tool Vivado -pcore_version 1.00.a -phase csynth_design -d /home/kevinliu/Documents/gulf_stream/u280/GULF-Stream/ip_repo/hls_ips/udp_ip_server/action_generator/solution1
Execute       source /home/kevinliu/Documents/gulf_stream/u280/GULF-Stream/ip_repo/hls_ips/udp_ip_server/action_generator/solution1/.autopilot/db/global.setting.tcl 
INFO-FLOW: DBG:CMD: read_platform_lib /home/kevinliu/Documents/gulf_stream/u280/GULF-Stream/ip_repo/hls_ips/udp_ip_server/action_generator/solution1/.autopilot/db/global.setting.tcl
Execute       source /mnt/shares/tools/Xilinx/Vivado/2019.1/common/technology/generic/autopilot/common.gen 
Execute         source /mnt/shares/tools/Xilinx/Vivado/2019.1/common/technology/generic/autopilot/APCoreGen.gen 
Execute       source /mnt/shares/tools/Xilinx/Vivado/2019.1/common/technology/generic/autopilot/op.gen 
Execute       source /mnt/shares/tools/Xilinx/Vivado/2019.1/common/technology/generic/autopilot/op_simcore.gen 
Execute       source /mnt/shares/tools/Xilinx/Vivado/2019.1/common/technology/generic/autopilot/interface.gen 
Execute       source /home/kevinliu/Documents/gulf_stream/u280/GULF-Stream/ip_repo/hls_ips/udp_ip_server/action_generator/solution1/.autopilot/db/global.setting.tcl 
Execute       source /mnt/shares/tools/Xilinx/Vivado/2019.1/common/technology/xilinx/virtexuplus/virtexuplus.gen 
Execute         source /mnt/shares/tools/Xilinx/Vivado/2019.1/common/technology/xilinx/common/xilinx.gen 
Execute           source /mnt/shares/tools/Xilinx/Vivado/2019.1/common/technology/xilinx/interface/plb46.gen 
Execute           source /mnt/shares/tools/Xilinx/Vivado/2019.1/common/technology/xilinx/interface/fsl.gen 
Execute           source /mnt/shares/tools/Xilinx/Vivado/2019.1/common/technology/xilinx/interface/axi4.gen 
Execute           source /mnt/shares/tools/Xilinx/Vivado/2019.1/common/technology/xilinx/interface/nativeAXI4.gen 
Execute             source /mnt/shares/tools/Xilinx/Vivado/2019.1/common/technology/xilinx/interface/saxilite.gen 
Execute             source /mnt/shares/tools/Xilinx/Vivado/2019.1/common/technology/xilinx/interface/maxi.gen 
Execute           source /mnt/shares/tools/Xilinx/Vivado/2019.1/common/technology/xilinx/scripts/xilinxcoregen.gen 
Execute           source /mnt/shares/tools/Xilinx/Vivado/2019.1/common/technology/xilinx/interface/XilEDKCoreGen.gen 
Execute           source /mnt/shares/tools/Xilinx/Vivado/2019.1/common/technology/xilinx/ip/dds_compiler.gen 
Execute           source /mnt/shares/tools/Xilinx/Vivado/2019.1/common/technology/xilinx/ip/util.gen 
Execute           source /mnt/shares/tools/Xilinx/Vivado/2019.1/common/technology/xilinx/ip/xfft.gen 
Command           ap_source done; 0.14 sec.
Execute           source /mnt/shares/tools/Xilinx/Vivado/2019.1/common/technology/xilinx/ip/xfir.gen 
Execute           source /mnt/shares/tools/Xilinx/Vivado/2019.1/common/technology/xilinx/common/dsp48.gen 
Command         ap_source done; 0.43 sec.
Command       ap_source done; 0.43 sec.
Execute       source /mnt/shares/tools/Xilinx/Vivado/2019.1/common/technology/xilinx/virtexuplus/virtexuplus_fpv7.gen 
Execute         source /mnt/shares/tools/Xilinx/Vivado/2019.1/common/technology/xilinx/common/xilinx_fp.gen 
INFO-FLOW: DBG:CMD:       initCTypeInfo top_module=action_generator xml_exists=0
Execute       source /home/kevinliu/Documents/gulf_stream/u280/GULF-Stream/ip_repo/hls_ips/udp_ip_server/action_generator/solution1/.autopilot/db/action_generator.rtl_wrap.cfg.tcl 
Execute       source /home/kevinliu/Documents/gulf_stream/u280/GULF-Stream/ip_repo/hls_ips/udp_ip_server/action_generator/solution1/.autopilot/db/action_generator.rtl_wrap.cfg.tcl 
Execute       source /home/kevinliu/Documents/gulf_stream/u280/GULF-Stream/ip_repo/hls_ips/udp_ip_server/action_generator/solution1/.autopilot/db/action_generator.rtl_wrap.cfg.tcl 
Execute       source /home/kevinliu/Documents/gulf_stream/u280/GULF-Stream/ip_repo/hls_ips/udp_ip_server/action_generator/solution1/.autopilot/db/action_generator.tbgen.tcl 
Execute       source /home/kevinliu/Documents/gulf_stream/u280/GULF-Stream/ip_repo/hls_ips/udp_ip_server/action_generator/solution1/.autopilot/db/action_generator.tbgen.tcl 
INFO-FLOW: DBG:CMD:       export_impl_rtl
INFO-FLOW: DBG:CMD:       generate_ip_cores sim=0 export=0 expOnly=0 dstVlogDir=impl/.verilog
Execute       source /home/kevinliu/Documents/gulf_stream/u280/GULF-Stream/ip_repo/hls_ips/udp_ip_server/action_generator/solution1/.autopilot/db/global.setting.tcl 
Execute       source /home/kevinliu/Documents/gulf_stream/u280/GULF-Stream/ip_repo/hls_ips/udp_ip_server/action_generator/solution1/.autopilot/db/action_generator.compgen.tcl 
INFO-FLOW: DBG:CMD:       generate_ip_cores sim=0 export=1 expOnly=1 dstVlogDir=impl/.pcores/verilog
Execute       source /home/kevinliu/Documents/gulf_stream/u280/GULF-Stream/ip_repo/hls_ips/udp_ip_server/action_generator/solution1/.autopilot/db/global.setting.tcl 
Execute       source /home/kevinliu/Documents/gulf_stream/u280/GULF-Stream/ip_repo/hls_ips/udp_ip_server/action_generator/solution1/.autopilot/db/action_generator.compgen.tcl 
Execute         ap_part_info -name xcu280-fsvh2892-2L-e -data names -quiet 
Execute         ap_part_info -name xcu280-fsvh2892-2L-e -data info -quiet 
Execute         ap_part_info -name xcu280-fsvh2892-2L-e -data names -quiet 
Execute         ap_part_info -name xcu280-fsvh2892-2L-e -data info -quiet 
Execute         ap_part_info -name xcu280-fsvh2892-2L-e -data names -quiet 
Execute         ap_part_info -name xcu280-fsvh2892-2L-e -data info -quiet 
Execute         ap_part_info -name xcu280-fsvh2892-2L-e -data names -quiet 
Execute         ap_part_info -name xcu280-fsvh2892-2L-e -data info -quiet 
Execute         ap_part_info -name xcu280-fsvh2892-2L-e -data names -quiet 
Execute         ap_part_info -name xcu280-fsvh2892-2L-e -data info -quiet 
Execute         ap_part_info -name xcu280-fsvh2892-2L-e -data names -quiet 
Execute         ap_part_info -name xcu280-fsvh2892-2L-e -data info -quiet 
Execute         ap_part_info -name xcu280-fsvh2892-2L-e -data names -quiet 
Execute         ap_part_info -name xcu280-fsvh2892-2L-e -data info -quiet 
Execute         ap_part_info -name xcu280-fsvh2892-2L-e -data names -quiet 
Execute         ap_part_info -name xcu280-fsvh2892-2L-e -data info -quiet 
Execute         ap_part_info -name xcu280-fsvh2892-2L-e -data names -quiet 
Execute         ap_part_info -name xcu280-fsvh2892-2L-e -data info -quiet 
Execute         ap_part_info -name xcu280-fsvh2892-2L-e -data names -quiet 
Execute         ap_part_info -name xcu280-fsvh2892-2L-e -data info -quiet 
Execute         ap_part_info -name xcu280-fsvh2892-2L-e -data names -quiet 
Execute         ap_part_info -name xcu280-fsvh2892-2L-e -data info -quiet 
Execute         ap_part_info -name xcu280-fsvh2892-2L-e -data names -quiet 
Execute         ap_part_info -name xcu280-fsvh2892-2L-e -data info -quiet 
Execute         ap_part_info -name xcu280-fsvh2892-2L-e -data names -quiet 
Execute         ap_part_info -name xcu280-fsvh2892-2L-e -data info -quiet 
Execute         ap_part_info -name xcu280-fsvh2892-2L-e -data names -quiet 
Execute         ap_part_info -name xcu280-fsvh2892-2L-e -data info -quiet 
Execute       ap_part_info -name xcu280-fsvh2892-2L-e -data names -quiet 
Execute       ap_part_info -name xcu280-fsvh2892-2L-e -data info -quiet 
INFO-FLOW: DBG:CMD:       generate_ip_cores sim=0 export=0 expOnly=0 dstVlogDir=impl/.pcores/verilog_sim
Execute       source /home/kevinliu/Documents/gulf_stream/u280/GULF-Stream/ip_repo/hls_ips/udp_ip_server/action_generator/solution1/.autopilot/db/global.setting.tcl 
Execute       source /home/kevinliu/Documents/gulf_stream/u280/GULF-Stream/ip_repo/hls_ips/udp_ip_server/action_generator/solution1/.autopilot/db/action_generator.compgen.tcl 
Execute       ap_part_info -name xcu280-fsvh2892-2L-e -data names -quiet 
Execute       ap_part_info -name xcu280-fsvh2892-2L-e -data info -quiet 
Execute       ap_part_info -name xcu280-fsvh2892-2L-e -data names -quiet 
Execute       ap_part_info -name xcu280-fsvh2892-2L-e -data info -quiet 
Execute       source /home/kevinliu/Documents/gulf_stream/u280/GULF-Stream/ip_repo/hls_ips/udp_ip_server/action_generator/solution1/.autopilot/db/global.setting.tcl 
Execute       ap_part_info -name xcu280-fsvh2892-2L-e -data names -quiet 
Execute       ap_part_info -name xcu280-fsvh2892-2L-e -data info -quiet 
Execute       source /home/kevinliu/Documents/gulf_stream/u280/GULF-Stream/ip_repo/hls_ips/udp_ip_server/action_generator/solution1/.autopilot/db/action_generator.constraint.tcl 
Execute       source /home/kevinliu/Documents/gulf_stream/u280/GULF-Stream/ip_repo/hls_ips/udp_ip_server/action_generator/solution1/.autopilot/db/action_generator.tbgen.tcl 
INFO-FLOW: DBG:CMD:       hasPcoreIpAdapter=false #gSsdmPorts=16
INFO-FLOW: DBG:CMD: Skipping loadAnalyze_DB, #g_database=8
INFO-FLOW: DBG:CMD:       generate_json is_phase_csynth=1 g_has_adaptors=false generate_bd_files=0 #modelList=1 #gSsdmPorts=16
Execute       source /mnt/shares/tools/Xilinx/Vivado/2019.1/tps/tcl/tcllib1.11.1/fileutil/fileutil.tcl 
Execute         source /mnt/shares/tools/Xilinx/Vivado/2019.1/tps/tcl/tcllib1.11.1/cmdline/cmdline.tcl 
Execute       source /home/kevinliu/Documents/gulf_stream/u280/GULF-Stream/ip_repo/hls_ips/udp_ip_server/action_generator/solution1/.autopilot/db/global.setting.tcl 
Execute       source /home/kevinliu/Documents/gulf_stream/u280/GULF-Stream/ip_repo/hls_ips/udp_ip_server/action_generator/solution1/.autopilot/db/global.setting.tcl 
Execute       get_config_export -xo 
Execute       source /home/kevinliu/Documents/gulf_stream/u280/GULF-Stream/ip_repo/hls_ips/udp_ip_server/action_generator/solution1/.autopilot/db/action_generator.tbgen.tcl 
Execute       source /home/kevinliu/Documents/gulf_stream/u280/GULF-Stream/ip_repo/hls_ips/udp_ip_server/action_generator/solution1/.autopilot/db/action_generator.tbgen.tcl 
Execute       source /home/kevinliu/Documents/gulf_stream/u280/GULF-Stream/ip_repo/hls_ips/udp_ip_server/action_generator/solution1/.autopilot/db/action_generator.tbgen.tcl 
Execute       source /home/kevinliu/Documents/gulf_stream/u280/GULF-Stream/ip_repo/hls_ips/udp_ip_server/action_generator/solution1/.autopilot/db/global.setting.tcl 
Execute       get_config_sdx -target 
Execute       source /home/kevinliu/Documents/gulf_stream/u280/GULF-Stream/ip_repo/hls_ips/udp_ip_server/action_generator/solution1/.autopilot/db/action_generator.rtl_wrap.cfg.tcl 
Execute       source /home/kevinliu/Documents/gulf_stream/u280/GULF-Stream/ip_repo/hls_ips/udp_ip_server/action_generator/solution1/.autopilot/db/action_generator.compgen.dataonly.tcl 
Execute       source /home/kevinliu/Documents/gulf_stream/u280/GULF-Stream/ip_repo/hls_ips/udp_ip_server/action_generator/solution1/.autopilot/db/global.setting.tcl 
Execute       ap_part_info -name xcu280-fsvh2892-2L-e -data names -quiet 
Execute       ap_part_info -name xcu280-fsvh2892-2L-e -data info -quiet 
Execute       source /home/kevinliu/Documents/gulf_stream/u280/GULF-Stream/ip_repo/hls_ips/udp_ip_server/action_generator/solution1/.autopilot/db/action_generator.constraint.tcl 
Execute       sc_get_clocks action_generator 
Execute       ap_part_info -name xcu280-fsvh2892-2L-e -data names -quiet 
Execute       ap_part_info -name xcu280-fsvh2892-2L-e -data info -quiet 
Execute       source /home/kevinliu/Documents/gulf_stream/u280/GULF-Stream/ip_repo/hls_ips/udp_ip_server/action_generator/solution1/.autopilot/db/global.setting.tcl 
Execute       get_config_debug -directory 
Execute       source /home/kevinliu/Documents/gulf_stream/u280/GULF-Stream/ip_repo/hls_ips/udp_ip_server/action_generator/solution1/.autopilot/db/action_generator.tbgen.tcl 
Execute       get_config_sdx -target 
Execute       get_config_sdx -profile 
Execute       get_config_rtl -kernel_profile 
Execute       get_config_rtl -stall_sig_gen 
Execute       get_config_rtl -profile 
INFO-FLOW: DBG:CMD: add_json_sdx_info kernel file does not exist, skipping opencl info: /home/kevinliu/Documents/gulf_stream/u280/GULF-Stream/ip_repo/hls_ips/udp_ip_server/action_generator/solution1/.autopilot/db/kernel.internal.xml
INFO-FLOW: DBG:CMD:       delete-temp-dirs (skipped for debug)
INFO: [HLS 200-111] Finished generating all RTL models Time (s): cpu = 00:00:20 ; elapsed = 00:00:33 . Memory (MB): peak = 862.621 ; gain = 190.000 ; free physical = 29392 ; free virtual = 56743
INFO: [VHDL 208-304] Generating VHDL RTL for action_generator.
INFO: [VLOG 209-307] Generating Verilog RTL for action_generator.
Command     autosyn done; 1.41 sec.
Command   csynth_design done; 24.71 sec.
Execute   export_design -rtl verilog 
Execute     get_config_export -acc 
Execute     get_config_export -clock_margin 
Execute     get_config_export -custom_script 
Execute     get_config_export -description 
Execute     get_config_export -display_name 
Execute     get_config_export -driver_input_dir 
Execute     get_config_export -format 
Execute     get_config_export -ipname 
Execute     get_config_export -kernel_drc 
Execute     get_config_export -library 
Execute     get_config_export -qor_test 
Execute     get_config_export -sdaccel 
Execute     get_config_export -sim 
Execute     get_config_export -taxonomy 
Execute     get_config_export -use_ip 
Execute     get_config_export -use_netlist 
Execute     get_config_export -vendor 
Execute     get_config_export -version 
Execute     get_config_export -xo 
Execute     config_export -rtl=verilog 
INFO-FLOW: DBG:CMD: export_design_wrap: -rtl verilog
Execute     source /home/kevinliu/Documents/gulf_stream/u280/GULF-Stream/ip_repo/hls_ips/udp_ip_server/action_generator/solution1/.autopilot/db/global.setting.tcl 
Execute     get_config_export -vivado_clock 
Execute     get_top 
Execute     get_config_sdx -target 
Execute     get_config_rtl -module_auto_prefix 
Execute     get_config_sdx -target 
Execute     get_config_sdx -target 
INFO-FLOW: DBG:CMD:   auto_impl: pack: -export -rtl verilog -sdx-target none
Execute     source /home/kevinliu/Documents/gulf_stream/u280/GULF-Stream/ip_repo/hls_ips/udp_ip_server/action_generator/solution1/.autopilot/db/global.setting.tcl 
INFO-FLOW: DBG:CMD: read_platform_lib /home/kevinliu/Documents/gulf_stream/u280/GULF-Stream/ip_repo/hls_ips/udp_ip_server/action_generator/solution1/.autopilot/db/global.setting.tcl
Execute     source /mnt/shares/tools/Xilinx/Vivado/2019.1/common/technology/generic/autopilot/common.gen 
Execute       source /mnt/shares/tools/Xilinx/Vivado/2019.1/common/technology/generic/autopilot/APCoreGen.gen 
Execute     source /mnt/shares/tools/Xilinx/Vivado/2019.1/common/technology/generic/autopilot/op.gen 
Execute     source /mnt/shares/tools/Xilinx/Vivado/2019.1/common/technology/generic/autopilot/op_simcore.gen 
Execute     source /mnt/shares/tools/Xilinx/Vivado/2019.1/common/technology/generic/autopilot/interface.gen 
Execute     source /home/kevinliu/Documents/gulf_stream/u280/GULF-Stream/ip_repo/hls_ips/udp_ip_server/action_generator/solution1/.autopilot/db/global.setting.tcl 
Execute     source /mnt/shares/tools/Xilinx/Vivado/2019.1/common/technology/xilinx/virtexuplus/virtexuplus.gen 
Execute       source /mnt/shares/tools/Xilinx/Vivado/2019.1/common/technology/xilinx/common/xilinx.gen 
Execute         source /mnt/shares/tools/Xilinx/Vivado/2019.1/common/technology/xilinx/interface/plb46.gen 
Execute         source /mnt/shares/tools/Xilinx/Vivado/2019.1/common/technology/xilinx/interface/fsl.gen 
Execute         source /mnt/shares/tools/Xilinx/Vivado/2019.1/common/technology/xilinx/interface/axi4.gen 
Execute         source /mnt/shares/tools/Xilinx/Vivado/2019.1/common/technology/xilinx/interface/nativeAXI4.gen 
Execute           source /mnt/shares/tools/Xilinx/Vivado/2019.1/common/technology/xilinx/interface/saxilite.gen 
Execute           source /mnt/shares/tools/Xilinx/Vivado/2019.1/common/technology/xilinx/interface/maxi.gen 
Execute         source /mnt/shares/tools/Xilinx/Vivado/2019.1/common/technology/xilinx/scripts/xilinxcoregen.gen 
Execute         source /mnt/shares/tools/Xilinx/Vivado/2019.1/common/technology/xilinx/interface/XilEDKCoreGen.gen 
Execute         source /mnt/shares/tools/Xilinx/Vivado/2019.1/common/technology/xilinx/ip/dds_compiler.gen 
Execute         source /mnt/shares/tools/Xilinx/Vivado/2019.1/common/technology/xilinx/ip/util.gen 
Execute         source /mnt/shares/tools/Xilinx/Vivado/2019.1/common/technology/xilinx/ip/xfft.gen 
Command         ap_source done; 0.14 sec.
Execute         source /mnt/shares/tools/Xilinx/Vivado/2019.1/common/technology/xilinx/ip/xfir.gen 
Execute         source /mnt/shares/tools/Xilinx/Vivado/2019.1/common/technology/xilinx/common/dsp48.gen 
Command       ap_source done; 0.44 sec.
Command     ap_source done; 0.44 sec.
Execute     source /mnt/shares/tools/Xilinx/Vivado/2019.1/common/technology/xilinx/virtexuplus/virtexuplus_fpv7.gen 
Execute       source /mnt/shares/tools/Xilinx/Vivado/2019.1/common/technology/xilinx/common/xilinx_fp.gen 
Execute     ap_part_info -name xcu280-fsvh2892-2L-e -data names -quiet 
Execute     ap_part_info -name xcu280-fsvh2892-2L-e -data info -quiet 
Execute     source /home/kevinliu/Documents/gulf_stream/u280/GULF-Stream/ip_repo/hls_ips/udp_ip_server/action_generator/solution1/.autopilot/db/global.setting.tcl 
INFO: [IMPL 213-8] Exporting RTL as a Vivado IP.
Execute     source /home/kevinliu/Documents/gulf_stream/u280/GULF-Stream/ip_repo/hls_ips/udp_ip_server/action_generator/solution1/.autopilot/db/global.setting.tcl 
INFO-FLOW: DBG:CMD: automg_wrap -export -pcore_version 1.00.a -rtl vlog -sdx-target none -tool Vivado -impltomg_flag
INFO-FLOW: DBG:CMD:     auto_generate -export -pcore_version 1.00.a -rtl vlog -sdx-target none -tool Vivado -impltomg_flag
Execute     source /home/kevinliu/Documents/gulf_stream/u280/GULF-Stream/ip_repo/hls_ips/udp_ip_server/action_generator/solution1/.autopilot/db/global.setting.tcl 
INFO-FLOW: DBG:CMD: read_platform_lib /home/kevinliu/Documents/gulf_stream/u280/GULF-Stream/ip_repo/hls_ips/udp_ip_server/action_generator/solution1/.autopilot/db/global.setting.tcl
Execute     source /mnt/shares/tools/Xilinx/Vivado/2019.1/common/technology/generic/autopilot/common.gen 
Execute       source /mnt/shares/tools/Xilinx/Vivado/2019.1/common/technology/generic/autopilot/APCoreGen.gen 
Execute     source /mnt/shares/tools/Xilinx/Vivado/2019.1/common/technology/generic/autopilot/op.gen 
Execute     source /mnt/shares/tools/Xilinx/Vivado/2019.1/common/technology/generic/autopilot/op_simcore.gen 
Execute     source /mnt/shares/tools/Xilinx/Vivado/2019.1/common/technology/generic/autopilot/interface.gen 
Execute     source /home/kevinliu/Documents/gulf_stream/u280/GULF-Stream/ip_repo/hls_ips/udp_ip_server/action_generator/solution1/.autopilot/db/global.setting.tcl 
Execute     source /mnt/shares/tools/Xilinx/Vivado/2019.1/common/technology/xilinx/virtexuplus/virtexuplus.gen 
Execute       source /mnt/shares/tools/Xilinx/Vivado/2019.1/common/technology/xilinx/common/xilinx.gen 
Execute         source /mnt/shares/tools/Xilinx/Vivado/2019.1/common/technology/xilinx/interface/plb46.gen 
Execute         source /mnt/shares/tools/Xilinx/Vivado/2019.1/common/technology/xilinx/interface/fsl.gen 
Execute         source /mnt/shares/tools/Xilinx/Vivado/2019.1/common/technology/xilinx/interface/axi4.gen 
Execute         source /mnt/shares/tools/Xilinx/Vivado/2019.1/common/technology/xilinx/interface/nativeAXI4.gen 
Execute           source /mnt/shares/tools/Xilinx/Vivado/2019.1/common/technology/xilinx/interface/saxilite.gen 
Execute           source /mnt/shares/tools/Xilinx/Vivado/2019.1/common/technology/xilinx/interface/maxi.gen 
Execute         source /mnt/shares/tools/Xilinx/Vivado/2019.1/common/technology/xilinx/scripts/xilinxcoregen.gen 
Execute         source /mnt/shares/tools/Xilinx/Vivado/2019.1/common/technology/xilinx/interface/XilEDKCoreGen.gen 
Execute         source /mnt/shares/tools/Xilinx/Vivado/2019.1/common/technology/xilinx/ip/dds_compiler.gen 
Execute         source /mnt/shares/tools/Xilinx/Vivado/2019.1/common/technology/xilinx/ip/util.gen 
Execute         source /mnt/shares/tools/Xilinx/Vivado/2019.1/common/technology/xilinx/ip/xfft.gen 
Command         ap_source done; 0.12 sec.
Execute         source /mnt/shares/tools/Xilinx/Vivado/2019.1/common/technology/xilinx/ip/xfir.gen 
Execute         source /mnt/shares/tools/Xilinx/Vivado/2019.1/common/technology/xilinx/common/dsp48.gen 
Command       ap_source done; 0.42 sec.
Command     ap_source done; 0.43 sec.
Execute     source /mnt/shares/tools/Xilinx/Vivado/2019.1/common/technology/xilinx/virtexuplus/virtexuplus_fpv7.gen 
Execute       source /mnt/shares/tools/Xilinx/Vivado/2019.1/common/technology/xilinx/common/xilinx_fp.gen 
INFO-FLOW: DBG:CMD:       export_impl_rtl
INFO-FLOW: DBG:CMD:       generate_ip_cores sim=0 export=0 expOnly=0 dstVlogDir=impl/.verilog
Execute     source /home/kevinliu/Documents/gulf_stream/u280/GULF-Stream/ip_repo/hls_ips/udp_ip_server/action_generator/solution1/.autopilot/db/global.setting.tcl 
Execute     source /home/kevinliu/Documents/gulf_stream/u280/GULF-Stream/ip_repo/hls_ips/udp_ip_server/action_generator/solution1/.autopilot/db/action_generator.compgen.tcl 
INFO-FLOW: DBG:CMD:       generate_ip_cores sim=0 export=1 expOnly=1 dstVlogDir=impl/.pcores/verilog
Execute     source /home/kevinliu/Documents/gulf_stream/u280/GULF-Stream/ip_repo/hls_ips/udp_ip_server/action_generator/solution1/.autopilot/db/global.setting.tcl 
Execute     source /home/kevinliu/Documents/gulf_stream/u280/GULF-Stream/ip_repo/hls_ips/udp_ip_server/action_generator/solution1/.autopilot/db/action_generator.compgen.tcl 
Execute       ap_part_info -name xcu280-fsvh2892-2L-e -data names -quiet 
Execute       ap_part_info -name xcu280-fsvh2892-2L-e -data info -quiet 
Execute       ap_part_info -name xcu280-fsvh2892-2L-e -data names -quiet 
Execute       ap_part_info -name xcu280-fsvh2892-2L-e -data info -quiet 
Execute       ap_part_info -name xcu280-fsvh2892-2L-e -data names -quiet 
Execute       ap_part_info -name xcu280-fsvh2892-2L-e -data info -quiet 
Execute       ap_part_info -name xcu280-fsvh2892-2L-e -data names -quiet 
Execute       ap_part_info -name xcu280-fsvh2892-2L-e -data info -quiet 
Execute       ap_part_info -name xcu280-fsvh2892-2L-e -data names -quiet 
Execute       ap_part_info -name xcu280-fsvh2892-2L-e -data info -quiet 
Execute       ap_part_info -name xcu280-fsvh2892-2L-e -data names -quiet 
Execute       ap_part_info -name xcu280-fsvh2892-2L-e -data info -quiet 
Execute       ap_part_info -name xcu280-fsvh2892-2L-e -data names -quiet 
Execute       ap_part_info -name xcu280-fsvh2892-2L-e -data info -quiet 
Execute       ap_part_info -name xcu280-fsvh2892-2L-e -data names -quiet 
Execute       ap_part_info -name xcu280-fsvh2892-2L-e -data info -quiet 
Execute       ap_part_info -name xcu280-fsvh2892-2L-e -data names -quiet 
Execute       ap_part_info -name xcu280-fsvh2892-2L-e -data info -quiet 
Execute       ap_part_info -name xcu280-fsvh2892-2L-e -data names -quiet 
Execute       ap_part_info -name xcu280-fsvh2892-2L-e -data info -quiet 
Execute       ap_part_info -name xcu280-fsvh2892-2L-e -data names -quiet 
Execute       ap_part_info -name xcu280-fsvh2892-2L-e -data info -quiet 
Execute       ap_part_info -name xcu280-fsvh2892-2L-e -data names -quiet 
Execute       ap_part_info -name xcu280-fsvh2892-2L-e -data info -quiet 
Execute       ap_part_info -name xcu280-fsvh2892-2L-e -data names -quiet 
Execute       ap_part_info -name xcu280-fsvh2892-2L-e -data info -quiet 
Execute       ap_part_info -name xcu280-fsvh2892-2L-e -data names -quiet 
Execute       ap_part_info -name xcu280-fsvh2892-2L-e -data info -quiet 
Execute     ap_part_info -name xcu280-fsvh2892-2L-e -data names -quiet 
Execute     ap_part_info -name xcu280-fsvh2892-2L-e -data info -quiet 
INFO-FLOW: DBG:CMD:       generate_ip_cores sim=0 export=0 expOnly=0 dstVlogDir=impl/.pcores/verilog_sim
Execute     source /home/kevinliu/Documents/gulf_stream/u280/GULF-Stream/ip_repo/hls_ips/udp_ip_server/action_generator/solution1/.autopilot/db/global.setting.tcl 
Execute     source /home/kevinliu/Documents/gulf_stream/u280/GULF-Stream/ip_repo/hls_ips/udp_ip_server/action_generator/solution1/.autopilot/db/action_generator.compgen.tcl 
Execute     ap_part_info -name xcu280-fsvh2892-2L-e -data names -quiet 
Execute     ap_part_info -name xcu280-fsvh2892-2L-e -data info -quiet 
Execute     ap_part_info -name xcu280-fsvh2892-2L-e -data names -quiet 
Execute     ap_part_info -name xcu280-fsvh2892-2L-e -data info -quiet 
Execute     source /home/kevinliu/Documents/gulf_stream/u280/GULF-Stream/ip_repo/hls_ips/udp_ip_server/action_generator/solution1/.autopilot/db/global.setting.tcl 
Execute     ap_part_info -name xcu280-fsvh2892-2L-e -data names -quiet 
Execute     ap_part_info -name xcu280-fsvh2892-2L-e -data info -quiet 
Execute     source /home/kevinliu/Documents/gulf_stream/u280/GULF-Stream/ip_repo/hls_ips/udp_ip_server/action_generator/solution1/.autopilot/db/action_generator.constraint.tcl 
Execute     source /home/kevinliu/Documents/gulf_stream/u280/GULF-Stream/ip_repo/hls_ips/udp_ip_server/action_generator/solution1/.autopilot/db/action_generator.tbgen.tcl 
INFO-FLOW: DBG:CMD:       hasPcoreIpAdapter=false #gSsdmPorts=16
INFO-FLOW: DBG:CMD:       copying IP vlog from /home/kevinliu/Documents/gulf_stream/u280/GULF-Stream/ip_repo/hls_ips/udp_ip_server/action_generator/solution1/impl/verilog
INFO-FLOW: DBG:CMD:       copying IP vhdl from /home/kevinliu/Documents/gulf_stream/u280/GULF-Stream/ip_repo/hls_ips/udp_ip_server/action_generator/solution1/impl/vhdl
INFO-FLOW: DBG:CMD:       generate_ip_script #gSsdmPorts=16
Execute     ap_part_info -name xcu280-fsvh2892-2L-e -data names -quiet 
Execute     ap_part_info -name xcu280-fsvh2892-2L-e -data info -quiet 
Execute     ap_part_info -name xcu280-fsvh2892-2L-e -data names -quiet 
Execute     ap_part_info -name xcu280-fsvh2892-2L-e -data info -quiet 
Execute     source /home/kevinliu/Documents/gulf_stream/u280/GULF-Stream/ip_repo/hls_ips/udp_ip_server/action_generator/solution1/.autopilot/db/action_generator.tbgen.tcl 
Execute     source /home/kevinliu/Documents/gulf_stream/u280/GULF-Stream/ip_repo/hls_ips/udp_ip_server/action_generator/solution1/.autopilot/db/action_generator.tbgen.tcl 
Execute     source /home/kevinliu/Documents/gulf_stream/u280/GULF-Stream/ip_repo/hls_ips/udp_ip_server/action_generator/solution1/.autopilot/db/global.setting.tcl 
Execute     get_config_sdx -target 
Execute     get_config_debug -directory 
INFO-FLOW: DBG:CMD:       generate_ip_auxiliary
Execute     ap_part_info -name xcu280-fsvh2892-2L-e -data names -quiet 
Execute     ap_part_info -name xcu280-fsvh2892-2L-e -data info -quiet 
Execute     source /home/kevinliu/Documents/gulf_stream/u280/GULF-Stream/ip_repo/hls_ips/udp_ip_server/action_generator/solution1/.autopilot/db/global.setting.tcl 
INFO-FLOW: DBG:CMD:       prepArgInfo -> loadAnalyze_DB top_module=action_generator
Execute     source /home/kevinliu/Documents/gulf_stream/u280/GULF-Stream/ip_repo/hls_ips/udp_ip_server/action_generator/solution1/.autopilot/db/action_generator.rtl_wrap.cfg.tcl 
Execute     source /home/kevinliu/Documents/gulf_stream/u280/GULF-Stream/ip_repo/hls_ips/udp_ip_server/action_generator/solution1/.autopilot/db/action_generator.rtl_wrap.cfg.tcl 
Execute     source /home/kevinliu/Documents/gulf_stream/u280/GULF-Stream/ip_repo/hls_ips/udp_ip_server/action_generator/solution1/.autopilot/db/action_generator.rtl_wrap.cfg.tcl 
Execute     source /home/kevinliu/Documents/gulf_stream/u280/GULF-Stream/ip_repo/hls_ips/udp_ip_server/action_generator/solution1/.autopilot/db/action_generator.tbgen.tcl 
Execute     source /home/kevinliu/Documents/gulf_stream/u280/GULF-Stream/ip_repo/hls_ips/udp_ip_server/action_generator/solution1/.autopilot/db/action_generator.tbgen.tcl 
Execute     source /home/kevinliu/Documents/gulf_stream/u280/GULF-Stream/ip_repo/hls_ips/udp_ip_server/action_generator/solution1/.autopilot/db/action_generator.tbgen.tcl 
INFO-FLOW: DBG:CMD:       generate_top_info
INFO-FLOW: DBG:CMD:       prepArgInfo -> loadAnalyze_DB top_module=action_generator
Execute     source /home/kevinliu/Documents/gulf_stream/u280/GULF-Stream/ip_repo/hls_ips/udp_ip_server/action_generator/solution1/.autopilot/db/action_generator.rtl_wrap.cfg.tcl 
Execute     source /home/kevinliu/Documents/gulf_stream/u280/GULF-Stream/ip_repo/hls_ips/udp_ip_server/action_generator/solution1/.autopilot/db/action_generator.rtl_wrap.cfg.tcl 
Execute     source /home/kevinliu/Documents/gulf_stream/u280/GULF-Stream/ip_repo/hls_ips/udp_ip_server/action_generator/solution1/.autopilot/db/action_generator.rtl_wrap.cfg.tcl 
Execute     source /home/kevinliu/Documents/gulf_stream/u280/GULF-Stream/ip_repo/hls_ips/udp_ip_server/action_generator/solution1/.autopilot/db/action_generator.tbgen.tcl 
Execute     source /home/kevinliu/Documents/gulf_stream/u280/GULF-Stream/ip_repo/hls_ips/udp_ip_server/action_generator/solution1/.autopilot/db/action_generator.tbgen.tcl 
Execute     ap_part_info -name xcu280-fsvh2892-2L-e -data names -quiet 
Execute     ap_part_info -name xcu280-fsvh2892-2L-e -data info -quiet 
Execute     ap_part_info -name xcu280-fsvh2892-2L-e -data names -quiet 
Execute     ap_part_info -name xcu280-fsvh2892-2L-e -data info -quiet 
Execute     source /home/kevinliu/Documents/gulf_stream/u280/GULF-Stream/ip_repo/hls_ips/udp_ip_server/action_generator/solution1/.autopilot/db/action_generator.tbgen.tcl 
Execute     source /home/kevinliu/Documents/gulf_stream/u280/GULF-Stream/ip_repo/hls_ips/udp_ip_server/action_generator/solution1/.autopilot/db/global.setting.tcl 
Execute     source /home/kevinliu/Documents/gulf_stream/u280/GULF-Stream/ip_repo/hls_ips/udp_ip_server/action_generator/solution1/.autopilot/db/action_generator.constraint.tcl 
INFO-FLOW: DBG:CMD:       generate_ipi_example_script
Execute     ap_part_info -name xcu280-fsvh2892-2L-e -data names -quiet 
Execute     ap_part_info -name xcu280-fsvh2892-2L-e -data info -quiet 
Execute     ap_part_info -name xcu280-fsvh2892-2L-e -data names -quiet 
Execute     ap_part_info -name xcu280-fsvh2892-2L-e -data info -quiet 
INFO-FLOW: DBG:CMD:       generate_syn_sh
Execute     ap_part_info -name xcu280-fsvh2892-2L-e -data names -quiet 
Execute     ap_part_info -name xcu280-fsvh2892-2L-e -data info -quiet 
Execute     source /home/kevinliu/Documents/gulf_stream/u280/GULF-Stream/ip_repo/hls_ips/udp_ip_server/action_generator/solution1/.autopilot/db/global.setting.tcl 
INFO-FLOW: DBG:CMD:       generate_imp_constraints
Execute     ap_part_info -name xcu280-fsvh2892-2L-e -data names -quiet 
Execute     ap_part_info -name xcu280-fsvh2892-2L-e -data info -quiet 
Execute     source /home/kevinliu/Documents/gulf_stream/u280/GULF-Stream/ip_repo/hls_ips/udp_ip_server/action_generator/solution1/.autopilot/db/action_generator.constraint.tcl 
Execute     source /home/kevinliu/Documents/gulf_stream/u280/GULF-Stream/ip_repo/hls_ips/udp_ip_server/action_generator/solution1/.autopilot/db/action_generator.tbgen.tcl 
INFO-FLOW: DBG:CMD:       delete-temp-dirs (skipped for debug)
Execute     ap_part_info -name xcu280-fsvh2892-2L-e -data names -quiet 
Execute     ap_part_info -name xcu280-fsvh2892-2L-e -data info -quiet 
INFO-FLOW: DBG:CMD: read_platform_lib /home/kevinliu/Documents/gulf_stream/u280/GULF-Stream/ip_repo/hls_ips/udp_ip_server/action_generator/solution1/.autopilot/db/global.setting.tcl
Execute     source /mnt/shares/tools/Xilinx/Vivado/2019.1/common/technology/generic/autopilot/common.gen 
Execute       source /mnt/shares/tools/Xilinx/Vivado/2019.1/common/technology/generic/autopilot/APCoreGen.gen 
Execute     source /mnt/shares/tools/Xilinx/Vivado/2019.1/common/technology/generic/autopilot/op.gen 
Execute     source /mnt/shares/tools/Xilinx/Vivado/2019.1/common/technology/generic/autopilot/op_simcore.gen 
Execute     source /mnt/shares/tools/Xilinx/Vivado/2019.1/common/technology/generic/autopilot/interface.gen 
Execute     source /home/kevinliu/Documents/gulf_stream/u280/GULF-Stream/ip_repo/hls_ips/udp_ip_server/action_generator/solution1/.autopilot/db/global.setting.tcl 
Execute     source /mnt/shares/tools/Xilinx/Vivado/2019.1/common/technology/xilinx/virtexuplus/virtexuplus.gen 
Execute       source /mnt/shares/tools/Xilinx/Vivado/2019.1/common/technology/xilinx/common/xilinx.gen 
Execute         source /mnt/shares/tools/Xilinx/Vivado/2019.1/common/technology/xilinx/interface/plb46.gen 
Execute         source /mnt/shares/tools/Xilinx/Vivado/2019.1/common/technology/xilinx/interface/fsl.gen 
Execute         source /mnt/shares/tools/Xilinx/Vivado/2019.1/common/technology/xilinx/interface/axi4.gen 
Execute         source /mnt/shares/tools/Xilinx/Vivado/2019.1/common/technology/xilinx/interface/nativeAXI4.gen 
Execute           source /mnt/shares/tools/Xilinx/Vivado/2019.1/common/technology/xilinx/interface/saxilite.gen 
Execute           source /mnt/shares/tools/Xilinx/Vivado/2019.1/common/technology/xilinx/interface/maxi.gen 
Execute         source /mnt/shares/tools/Xilinx/Vivado/2019.1/common/technology/xilinx/scripts/xilinxcoregen.gen 
Execute         source /mnt/shares/tools/Xilinx/Vivado/2019.1/common/technology/xilinx/interface/XilEDKCoreGen.gen 
Execute         source /mnt/shares/tools/Xilinx/Vivado/2019.1/common/technology/xilinx/ip/dds_compiler.gen 
Execute         source /mnt/shares/tools/Xilinx/Vivado/2019.1/common/technology/xilinx/ip/util.gen 
Execute         source /mnt/shares/tools/Xilinx/Vivado/2019.1/common/technology/xilinx/ip/xfft.gen 
Command         ap_source done; 0.14 sec.
Execute         source /mnt/shares/tools/Xilinx/Vivado/2019.1/common/technology/xilinx/ip/xfir.gen 
Execute         source /mnt/shares/tools/Xilinx/Vivado/2019.1/common/technology/xilinx/common/dsp48.gen 
Command       ap_source done; 0.42 sec.
Command     ap_source done; 0.43 sec.
Execute     source /mnt/shares/tools/Xilinx/Vivado/2019.1/common/technology/xilinx/virtexuplus/virtexuplus_fpv7.gen 
Execute       source /mnt/shares/tools/Xilinx/Vivado/2019.1/common/technology/xilinx/common/xilinx_fp.gen 
Execute     ap_part_info -name xcu280-fsvh2892-2L-e -data names -quiet 
Execute     ap_part_info -name xcu280-fsvh2892-2L-e -data info -quiet 
INFO-FLOW: DBG:CMD:     exec /home/kevinliu/Documents/gulf_stream/u280/GULF-Stream/ip_repo/hls_ips/udp_ip_server/action_generator/solution1/impl/ip/pack.sh
Command   export_design done; 32.38 sec.
Command ap_source done; 62.99 sec.
Execute cleanup_all 
