

================================================================
== Vivado HLS Report for 'network_bridge_tcp'
================================================================
* Date:           Wed Aug 12 00:41:22 2020

* Version:        2018.1 (Build 2188600 on Wed Apr 04 19:04:02 MDT 2018)
* Project:        network_bridge_tcp
* Solution:       solution1
* Product family: kintexu
* Target device:  xcku115-flva1517-2-e


================================================================
== Performance Estimates
================================================================
+ Timing (ns): 
    * Summary: 
    +--------+-------+----------+------------+
    |  Clock | Target| Estimated| Uncertainty|
    +--------+-------+----------+------------+
    |ap_clk  |   4.00|      4.92|        0.50|
    +--------+-------+----------+------------+

+ Latency (clock cycles): 
    * Summary: 
    +-----+-----+-----+-----+----------+
    |  Latency  |  Interval | Pipeline |
    | min | max | min | max |   Type   |
    +-----+-----+-----+-----+----------+
    |    8|    8|    1|    1| dataflow |
    +-----+-----+-----+-----+----------+

    + Detail: 
        * Instance: 
        +---------------------------------+----------------------+-----+-----+-----+-----+----------+
        |                                 |                      |  Latency  |  Interval | Pipeline |
        |             Instance            |        Module        | min | max | min | max |   Type   |
        +---------------------------------+----------------------+-----+-----+-----+-----+----------+
        |grp_galapagos_to_tcp_int_fu_180  |galapagos_to_tcp_int  |    2|    2|    1|    1| function |
        |grp_sessionID_table_stea_fu_226  |sessionID_table_stea  |    6|    6|    1|    1| function |
        |grp_tcp_to_galapagos_int_fu_248  |tcp_to_galapagos_int  |    1|    1|    1|    1| function |
        |grp_open_connections_fu_278      |open_connections      |    1|    1|    1|    1| function |
        |grp_open_port_fu_292             |open_port             |    1|    1|    1|    1| function |
        +---------------------------------+----------------------+-----+-----+-----+-----+----------+

        * Loop: 
        N/A

============================================================
+ Verbose Summary: Synthesis Manager
============================================================
InlineROM: 1
ExposeGlobal: 1
============================================================
+ Verbose Summary: CDFG Model
============================================================
IsTopModel: 1
ResetActiveHigh: 1
IsCombinational: 2
IsDatapathOnly: 0
HasWiredReturn: 1
HasMFsm: 0
HasVarLatency: 1
IsPipeline: 0
IsRtlPipelined: 0
IsInstanceOverlapped: 0
IsDontTouch: 0
HasImplIP: 0
IsGatedGlobalClock: 0


============================================================
+ Verbose Summary: Schedule
============================================================
* Number of FSM states : 10
* Pipeline : 0
* Dataflow Pipeline: 1
  DF-Pipeline-0: Size = 10, States = { 1 2 3 4 5 6 7 8 9 10 }

* FSM state transitions: 
1 --> 
	2  / true
2 --> 
	3  / true
3 --> 
	4  / true
4 --> 
	5  / true
5 --> 
	6  / true
6 --> 
	7  / true
7 --> 
	8  / true
8 --> 
	9  / true
9 --> 
	10  / true
10 --> 

* FSM state operations: 

 <State 1> : 0.00ns
ST_1 : Operation 11 [3/3] (0.00ns)   --->   "call fastcc void @galapagos_to_tcp_int(i73* %rxGalapagosBridge_V, i17* %txStatus_V_V, i32* %txMetaData_V, i73* %txData_V, i4* nocapture %state_out_V, i64* nocapture %header_out_V, i16* nocapture %size_out_V, i16* nocapture %sessionID_out_V)"   --->   Core 0 '' <Latency = 0> <II = 1> <Delay = 1.00> <Generic> <Opcode : >

 <State 2> : 0.00ns
ST_2 : Operation 12 [2/3] (0.00ns)   --->   "call fastcc void @galapagos_to_tcp_int(i73* %rxGalapagosBridge_V, i17* %txStatus_V_V, i32* %txMetaData_V, i73* %txData_V, i4* nocapture %state_out_V, i64* nocapture %header_out_V, i16* nocapture %size_out_V, i16* nocapture %sessionID_out_V)"   --->   Core 0 '' <Latency = 0> <II = 1> <Delay = 1.00> <Generic> <Opcode : >
ST_2 : Operation 13 [2/2] (0.00ns)   --->   "call fastcc void @tcp_to_galapagos_int(i16* %rxMetaData_V_V, i73* %rxData_V, i73* %txGalapagosBridge_V)"   --->   Core 0 '' <Latency = 0> <II = 1> <Delay = 1.00> <Generic> <Opcode : >

 <State 3> : 1.42ns
ST_3 : Operation 14 [1/3] (1.41ns)   --->   "call fastcc void @galapagos_to_tcp_int(i73* %rxGalapagosBridge_V, i17* %txStatus_V_V, i32* %txMetaData_V, i73* %txData_V, i4* nocapture %state_out_V, i64* nocapture %header_out_V, i16* nocapture %size_out_V, i16* nocapture %sessionID_out_V)"   --->   Core 0 '' <Latency = 0> <II = 1> <Delay = 1.00> <Generic> <Opcode : >
ST_3 : Operation 15 [1/2] (0.00ns)   --->   "call fastcc void @tcp_to_galapagos_int(i16* %rxMetaData_V_V, i73* %rxData_V, i73* %txGalapagosBridge_V)"   --->   Core 0 '' <Latency = 0> <II = 1> <Delay = 1.00> <Generic> <Opcode : >

 <State 4> : 0.00ns
ST_4 : Operation 16 [7/7] (0.00ns)   --->   "call fastcc void @sessionID_table_stea() nounwind uwtable" [/home/user/galapagos/middleware/hls/network_bridge_tcp/src/network_bridge_tcp.cpp:699]   --->   Core 0 '' <Latency = 0> <II = 1> <Delay = 1.00> <Generic> <Opcode : >

 <State 5> : 0.00ns
ST_5 : Operation 17 [6/7] (0.00ns)   --->   "call fastcc void @sessionID_table_stea() nounwind uwtable" [/home/user/galapagos/middleware/hls/network_bridge_tcp/src/network_bridge_tcp.cpp:699]   --->   Core 0 '' <Latency = 0> <II = 1> <Delay = 1.00> <Generic> <Opcode : >

 <State 6> : 0.00ns
ST_6 : Operation 18 [5/7] (0.00ns)   --->   "call fastcc void @sessionID_table_stea() nounwind uwtable" [/home/user/galapagos/middleware/hls/network_bridge_tcp/src/network_bridge_tcp.cpp:699]   --->   Core 0 '' <Latency = 0> <II = 1> <Delay = 1.00> <Generic> <Opcode : >

 <State 7> : 0.00ns
ST_7 : Operation 19 [4/7] (0.00ns)   --->   "call fastcc void @sessionID_table_stea() nounwind uwtable" [/home/user/galapagos/middleware/hls/network_bridge_tcp/src/network_bridge_tcp.cpp:699]   --->   Core 0 '' <Latency = 0> <II = 1> <Delay = 1.00> <Generic> <Opcode : >

 <State 8> : 0.00ns
ST_8 : Operation 20 [3/7] (0.00ns)   --->   "call fastcc void @sessionID_table_stea() nounwind uwtable" [/home/user/galapagos/middleware/hls/network_bridge_tcp/src/network_bridge_tcp.cpp:699]   --->   Core 0 '' <Latency = 0> <II = 1> <Delay = 1.00> <Generic> <Opcode : >

 <State 9> : 0.00ns
ST_9 : Operation 21 [2/2] (0.00ns)   --->   "call fastcc void @open_connections(i48* %openConnection_V, i17* %openConStatus_V)"   --->   Core 0 '' <Latency = 0> <II = 1> <Delay = 1.00> <Generic> <Opcode : >
ST_9 : Operation 22 [2/2] (0.00ns)   --->   "call fastcc void @open_port(i16* %listenPort_V_V, i1* %listenPortStatus_V, i81* %notifications_V, i32* %readRequest_V)"   --->   Core 0 '' <Latency = 0> <II = 1> <Delay = 1.00> <Generic> <Opcode : >
ST_9 : Operation 23 [2/7] (0.00ns)   --->   "call fastcc void @sessionID_table_stea() nounwind uwtable" [/home/user/galapagos/middleware/hls/network_bridge_tcp/src/network_bridge_tcp.cpp:699]   --->   Core 0 '' <Latency = 0> <II = 1> <Delay = 1.00> <Generic> <Opcode : >

 <State 10> : 0.00ns
ST_10 : Operation 24 [1/1] (0.00ns)   --->   "call void (...)* @_ssdm_op_SpecDataflowPipeline(i32 -1, [1 x i8]* @p_str) nounwind" [/home/user/galapagos/middleware/hls/network_bridge_tcp/src/network_bridge_tcp.cpp:585]
ST_10 : Operation 25 [1/1] (0.00ns)   --->   "%empty = call i32 (...)* @_ssdm_op_SpecChannel([18 x i8]* @g2t_read_dest_OC_V_O, i32 1, [1 x i8]* @p_str, [1 x i8]* @p_str, i32 2, i32 1, i8* @g2t_read_dest_V_V, i8* @g2t_read_dest_V_V)"
ST_10 : Operation 26 [1/1] (0.00ns)   --->   "call void (...)* @_ssdm_op_SpecInterface(i8* @g2t_read_dest_V_V, [8 x i8]* @ap_fifo_str, i32 0, i32 0, [1 x i8]* @p_str, i32 0, i32 0, [1 x i8]* @p_str, [1 x i8]* @p_str, [1 x i8]* @p_str, i32 2, i32 2, i32 16, i32 16, [1 x i8]* @p_str, [1 x i8]* @p_str)"
ST_10 : Operation 27 [1/1] (0.00ns)   --->   "%empty_11 = call i32 (...)* @_ssdm_op_SpecChannel([17 x i8]* @g2t_read_sid_OC_V_OC, i32 1, [1 x i8]* @p_str, [1 x i8]* @p_str, i32 2, i32 1, i16* @g2t_read_sid_V_V, i16* @g2t_read_sid_V_V)"
ST_10 : Operation 28 [1/1] (0.00ns)   --->   "call void (...)* @_ssdm_op_SpecInterface(i16* @g2t_read_sid_V_V, [8 x i8]* @ap_fifo_str, i32 0, i32 0, [1 x i8]* @p_str, i32 0, i32 0, [1 x i8]* @p_str, [1 x i8]* @p_str, [1 x i8]* @p_str, i32 2, i32 2, i32 16, i32 16, [1 x i8]* @p_str, [1 x i8]* @p_str)"
ST_10 : Operation 29 [1/1] (0.00ns)   --->   "%empty_12 = call i32 (...)* @_ssdm_op_SpecChannel([19 x i8]* @g2t_write_dest_OC_V_s, i32 1, [1 x i8]* @p_str, [1 x i8]* @p_str, i32 2, i32 1, i8* @g2t_write_dest_V_V, i8* @g2t_write_dest_V_V)"
ST_10 : Operation 30 [1/1] (0.00ns)   --->   "call void (...)* @_ssdm_op_SpecInterface(i8* @g2t_write_dest_V_V, [8 x i8]* @ap_fifo_str, i32 0, i32 0, [1 x i8]* @p_str, i32 0, i32 0, [1 x i8]* @p_str, [1 x i8]* @p_str, [1 x i8]* @p_str, i32 2, i32 2, i32 16, i32 16, [1 x i8]* @p_str, [1 x i8]* @p_str)"
ST_10 : Operation 31 [1/1] (0.00ns)   --->   "%empty_13 = call i32 (...)* @_ssdm_op_SpecChannel([18 x i8]* @g2t_write_sid_OC_V_O, i32 1, [1 x i8]* @p_str, [1 x i8]* @p_str, i32 2, i32 1, i16* @g2t_write_sid_V_V, i16* @g2t_write_sid_V_V)"
ST_10 : Operation 32 [1/1] (0.00ns)   --->   "call void (...)* @_ssdm_op_SpecInterface(i16* @g2t_write_sid_V_V, [8 x i8]* @ap_fifo_str, i32 0, i32 0, [1 x i8]* @p_str, i32 0, i32 0, [1 x i8]* @p_str, [1 x i8]* @p_str, [1 x i8]* @p_str, i32 2, i32 2, i32 16, i32 16, [1 x i8]* @p_str, [1 x i8]* @p_str)"
ST_10 : Operation 33 [1/1] (0.00ns)   --->   "%empty_14 = call i32 (...)* @_ssdm_op_SpecChannel([12 x i8]* @ip_fifo_OC_V_OC_V_st, i32 1, [1 x i8]* @p_str, [1 x i8]* @p_str, i32 2, i32 1, i32* @ip_fifo_V_V, i32* @ip_fifo_V_V)"
ST_10 : Operation 34 [1/1] (0.00ns)   --->   "call void (...)* @_ssdm_op_SpecInterface(i32* @ip_fifo_V_V, [8 x i8]* @ap_fifo_str, i32 0, i32 0, [1 x i8]* @p_str, i32 0, i32 0, [1 x i8]* @p_str, [1 x i8]* @p_str, [1 x i8]* @p_str, i32 2, i32 2, i32 16, i32 16, [1 x i8]* @p_str, [1 x i8]* @p_str)"
ST_10 : Operation 35 [1/1] (0.00ns)   --->   "%empty_15 = call i32 (...)* @_ssdm_op_SpecChannel([19 x i8]* @sessionID_fifo_OC_V_s, i32 1, [1 x i8]* @p_str, [1 x i8]* @p_str, i32 2, i32 1, i16* @sessionID_fifo_V_V, i16* @sessionID_fifo_V_V)"
ST_10 : Operation 36 [1/1] (0.00ns)   --->   "call void (...)* @_ssdm_op_SpecInterface(i16* @sessionID_fifo_V_V, [8 x i8]* @ap_fifo_str, i32 0, i32 0, [1 x i8]* @p_str, i32 0, i32 0, [1 x i8]* @p_str, [1 x i8]* @p_str, [1 x i8]* @p_str, i32 2, i32 2, i32 16, i32 16, [1 x i8]* @p_str, [1 x i8]* @p_str)"
ST_10 : Operation 37 [1/1] (0.00ns)   --->   "%empty_16 = call i32 (...)* @_ssdm_op_SpecChannel([18 x i8]* @t2g_read_dest_OC_V_O, i32 1, [1 x i8]* @p_str, [1 x i8]* @p_str, i32 2, i32 1, i8* @t2g_read_dest_V_V, i8* @t2g_read_dest_V_V)"
ST_10 : Operation 38 [1/1] (0.00ns)   --->   "call void (...)* @_ssdm_op_SpecInterface(i8* @t2g_read_dest_V_V, [8 x i8]* @ap_fifo_str, i32 0, i32 0, [1 x i8]* @p_str, i32 0, i32 0, [1 x i8]* @p_str, [1 x i8]* @p_str, [1 x i8]* @p_str, i32 2, i32 2, i32 16, i32 16, [1 x i8]* @p_str, [1 x i8]* @p_str)"
ST_10 : Operation 39 [1/1] (0.00ns)   --->   "%empty_17 = call i32 (...)* @_ssdm_op_SpecChannel([17 x i8]* @t2g_read_sid_OC_V_OC, i32 1, [1 x i8]* @p_str, [1 x i8]* @p_str, i32 2, i32 1, i16* @t2g_read_sid_V_V, i16* @t2g_read_sid_V_V)"
ST_10 : Operation 40 [1/1] (0.00ns)   --->   "call void (...)* @_ssdm_op_SpecInterface(i16* @t2g_read_sid_V_V, [8 x i8]* @ap_fifo_str, i32 0, i32 0, [1 x i8]* @p_str, i32 0, i32 0, [1 x i8]* @p_str, [1 x i8]* @p_str, [1 x i8]* @p_str, i32 2, i32 2, i32 16, i32 16, [1 x i8]* @p_str, [1 x i8]* @p_str)"
ST_10 : Operation 41 [1/1] (0.00ns)   --->   "%empty_18 = call i32 (...)* @_ssdm_op_SpecChannel([19 x i8]* @t2g_write_dest_OC_V_s, i32 1, [1 x i8]* @p_str, [1 x i8]* @p_str, i32 2, i32 1, i8* @t2g_write_dest_V_V, i8* @t2g_write_dest_V_V)"
ST_10 : Operation 42 [1/1] (0.00ns)   --->   "call void (...)* @_ssdm_op_SpecInterface(i8* @t2g_write_dest_V_V, [8 x i8]* @ap_fifo_str, i32 0, i32 0, [1 x i8]* @p_str, i32 0, i32 0, [1 x i8]* @p_str, [1 x i8]* @p_str, [1 x i8]* @p_str, i32 2, i32 2, i32 16, i32 16, [1 x i8]* @p_str, [1 x i8]* @p_str)"
ST_10 : Operation 43 [1/1] (0.00ns)   --->   "%empty_19 = call i32 (...)* @_ssdm_op_SpecChannel([18 x i8]* @t2g_write_sid_OC_V_O, i32 1, [1 x i8]* @p_str, [1 x i8]* @p_str, i32 2, i32 1, i16* @t2g_write_sid_V_V, i16* @t2g_write_sid_V_V)"
ST_10 : Operation 44 [1/1] (0.00ns)   --->   "call void (...)* @_ssdm_op_SpecInterface(i16* @t2g_write_sid_V_V, [8 x i8]* @ap_fifo_str, i32 0, i32 0, [1 x i8]* @p_str, i32 0, i32 0, [1 x i8]* @p_str, [1 x i8]* @p_str, [1 x i8]* @p_str, i32 2, i32 2, i32 16, i32 16, [1 x i8]* @p_str, [1 x i8]* @p_str)"
ST_10 : Operation 45 [1/1] (0.00ns)   --->   "call void (...)* @_ssdm_op_SpecInterface(i73* %txGalapagosBridge_V, [8 x i8]* @ap_fifo_str, i32 0, i32 0, [1 x i8]* @p_str, i32 0, i32 0, [1 x i8]* @p_str, [1 x i8]* @p_str, [1 x i8]* @p_str, i32 2, i32 2, i32 16, i32 16, [1 x i8]* @p_str, [1 x i8]* @p_str)"
ST_10 : Operation 46 [1/1] (0.00ns)   --->   "call void (...)* @_ssdm_op_SpecInterface(i73* %rxData_V, [8 x i8]* @ap_fifo_str, i32 0, i32 0, [1 x i8]* @p_str, i32 0, i32 0, [1 x i8]* @p_str, [1 x i8]* @p_str, [1 x i8]* @p_str, i32 2, i32 2, i32 16, i32 16, [1 x i8]* @p_str, [1 x i8]* @p_str)"
ST_10 : Operation 47 [1/1] (0.00ns)   --->   "call void (...)* @_ssdm_op_SpecInterface(i16* %rxMetaData_V_V, [8 x i8]* @ap_fifo_str, i32 0, i32 0, [1 x i8]* @p_str, i32 0, i32 0, [1 x i8]* @p_str, [1 x i8]* @p_str, [1 x i8]* @p_str, i32 2, i32 2, i32 16, i32 16, [1 x i8]* @p_str, [1 x i8]* @p_str)"
ST_10 : Operation 48 [1/1] (0.00ns)   --->   "call void (...)* @_ssdm_op_SpecInterface(i32* %readRequest_V, [8 x i8]* @ap_fifo_str, i32 0, i32 0, [1 x i8]* @p_str, i32 0, i32 0, [1 x i8]* @p_str, [1 x i8]* @p_str, [1 x i8]* @p_str, i32 2, i32 2, i32 16, i32 16, [1 x i8]* @p_str, [1 x i8]* @p_str)"
ST_10 : Operation 49 [1/1] (0.00ns)   --->   "call void (...)* @_ssdm_op_SpecInterface(i81* %notifications_V, [8 x i8]* @ap_fifo_str, i32 0, i32 0, [1 x i8]* @p_str, i32 0, i32 0, [1 x i8]* @p_str, [1 x i8]* @p_str, [1 x i8]* @p_str, i32 2, i32 2, i32 16, i32 16, [1 x i8]* @p_str, [1 x i8]* @p_str)"
ST_10 : Operation 50 [1/1] (0.00ns)   --->   "call void (...)* @_ssdm_op_SpecInterface(i1* %listenPortStatus_V, [8 x i8]* @ap_fifo_str, i32 0, i32 0, [1 x i8]* @p_str, i32 0, i32 0, [1 x i8]* @p_str, [1 x i8]* @p_str, [1 x i8]* @p_str, i32 2, i32 2, i32 16, i32 16, [1 x i8]* @p_str, [1 x i8]* @p_str)"
ST_10 : Operation 51 [1/1] (0.00ns)   --->   "call void (...)* @_ssdm_op_SpecInterface(i16* %listenPort_V_V, [8 x i8]* @ap_fifo_str, i32 0, i32 0, [1 x i8]* @p_str, i32 0, i32 0, [1 x i8]* @p_str, [1 x i8]* @p_str, [1 x i8]* @p_str, i32 2, i32 2, i32 16, i32 16, [1 x i8]* @p_str, [1 x i8]* @p_str)"
ST_10 : Operation 52 [1/1] (0.00ns)   --->   "call void (...)* @_ssdm_op_SpecInterface(i17* %txStatus_V_V, [8 x i8]* @ap_fifo_str, i32 0, i32 0, [1 x i8]* @p_str, i32 0, i32 0, [1 x i8]* @p_str, [1 x i8]* @p_str, [1 x i8]* @p_str, i32 2, i32 2, i32 16, i32 16, [1 x i8]* @p_str, [1 x i8]* @p_str)"
ST_10 : Operation 53 [1/1] (0.00ns)   --->   "call void (...)* @_ssdm_op_SpecInterface(i73* %txData_V, [8 x i8]* @ap_fifo_str, i32 0, i32 0, [1 x i8]* @p_str, i32 0, i32 0, [1 x i8]* @p_str, [1 x i8]* @p_str, [1 x i8]* @p_str, i32 2, i32 2, i32 16, i32 16, [1 x i8]* @p_str, [1 x i8]* @p_str)"
ST_10 : Operation 54 [1/1] (0.00ns)   --->   "call void (...)* @_ssdm_op_SpecInterface(i17* %openConStatus_V, [8 x i8]* @ap_fifo_str, i32 0, i32 0, [1 x i8]* @p_str, i32 0, i32 0, [1 x i8]* @p_str, [1 x i8]* @p_str, [1 x i8]* @p_str, i32 2, i32 2, i32 16, i32 16, [1 x i8]* @p_str, [1 x i8]* @p_str)"
ST_10 : Operation 55 [1/1] (0.00ns)   --->   "call void (...)* @_ssdm_op_SpecInterface(i48* %openConnection_V, [8 x i8]* @ap_fifo_str, i32 0, i32 0, [1 x i8]* @p_str, i32 0, i32 0, [1 x i8]* @p_str, [1 x i8]* @p_str, [1 x i8]* @p_str, i32 2, i32 2, i32 16, i32 16, [1 x i8]* @p_str, [1 x i8]* @p_str)"
ST_10 : Operation 56 [1/1] (0.00ns)   --->   "call void (...)* @_ssdm_op_SpecInterface(i32* %txMetaData_V, [8 x i8]* @ap_fifo_str, i32 0, i32 0, [1 x i8]* @p_str, i32 0, i32 0, [1 x i8]* @p_str, [1 x i8]* @p_str, [1 x i8]* @p_str, i32 2, i32 2, i32 16, i32 16, [1 x i8]* @p_str, [1 x i8]* @p_str)"
ST_10 : Operation 57 [1/1] (0.00ns)   --->   "call void (...)* @_ssdm_op_SpecInterface(i73* %rxGalapagosBridge_V, [8 x i8]* @ap_fifo_str, i32 0, i32 0, [1 x i8]* @p_str, i32 0, i32 0, [1 x i8]* @p_str, [1 x i8]* @p_str, [1 x i8]* @p_str, i32 2, i32 2, i32 16, i32 16, [1 x i8]* @p_str, [1 x i8]* @p_str)"
ST_10 : Operation 58 [1/1] (0.00ns)   --->   "call void (...)* @_ssdm_op_SpecBitsMap(i73* %txGalapagosBridge_V), !map !235"
ST_10 : Operation 59 [1/1] (0.00ns)   --->   "call void (...)* @_ssdm_op_SpecBitsMap(i73* %rxData_V), !map !247"
ST_10 : Operation 60 [1/1] (0.00ns)   --->   "call void (...)* @_ssdm_op_SpecBitsMap(i32* %readRequest_V), !map !257"
ST_10 : Operation 61 [1/1] (0.00ns)   --->   "call void (...)* @_ssdm_op_SpecBitsMap(i81* %notifications_V), !map !264"
ST_10 : Operation 62 [1/1] (0.00ns)   --->   "call void (...)* @_ssdm_op_SpecBitsMap(i73* %txData_V), !map !280"
ST_10 : Operation 63 [1/1] (0.00ns)   --->   "call void (...)* @_ssdm_op_SpecBitsMap(i17* %openConStatus_V), !map !290"
ST_10 : Operation 64 [1/1] (0.00ns)   --->   "call void (...)* @_ssdm_op_SpecBitsMap(i48* %openConnection_V), !map !297"
ST_10 : Operation 65 [1/1] (0.00ns)   --->   "call void (...)* @_ssdm_op_SpecBitsMap(i32* %txMetaData_V), !map !304"
ST_10 : Operation 66 [1/1] (0.00ns)   --->   "call void (...)* @_ssdm_op_SpecBitsMap(i73* %rxGalapagosBridge_V), !map !311"
ST_10 : Operation 67 [1/1] (0.00ns)   --->   "call void (...)* @_ssdm_op_SpecBitsMap(i17* %txStatus_V_V), !map !321"
ST_10 : Operation 68 [1/1] (0.00ns)   --->   "call void (...)* @_ssdm_op_SpecBitsMap(i16* %listenPort_V_V), !map !325"
ST_10 : Operation 69 [1/1] (0.00ns)   --->   "call void (...)* @_ssdm_op_SpecBitsMap(i1* %listenPortStatus_V), !map !329"
ST_10 : Operation 70 [1/1] (0.00ns)   --->   "call void (...)* @_ssdm_op_SpecBitsMap(i16* %rxMetaData_V_V), !map !333"
ST_10 : Operation 71 [1/1] (0.00ns)   --->   "call void (...)* @_ssdm_op_SpecBitsMap(i4* %state_out_V), !map !337"
ST_10 : Operation 72 [1/1] (0.00ns)   --->   "call void (...)* @_ssdm_op_SpecBitsMap(i64* %header_out_V), !map !341"
ST_10 : Operation 73 [1/1] (0.00ns)   --->   "call void (...)* @_ssdm_op_SpecBitsMap(i16* %size_out_V), !map !345"
ST_10 : Operation 74 [1/1] (0.00ns)   --->   "call void (...)* @_ssdm_op_SpecBitsMap(i16* %sessionID_out_V), !map !349"
ST_10 : Operation 75 [1/1] (0.00ns)   --->   "call void (...)* @_ssdm_op_SpecTopModule([19 x i8]* @network_bridge_tcp_s) nounwind"
ST_10 : Operation 76 [1/1] (0.00ns)   --->   "call void (...)* @_ssdm_op_SpecInterface(i32 0, [13 x i8]* @p_str23, i32 0, i32 0, [1 x i8]* @p_str, i32 0, i32 0, [1 x i8]* @p_str, [1 x i8]* @p_str, [1 x i8]* @p_str, i32 0, i32 0, i32 0, i32 0, [1 x i8]* @p_str, [1 x i8]* @p_str) nounwind" [/home/user/galapagos/middleware/hls/network_bridge_tcp/src/network_bridge_tcp.cpp:474]
ST_10 : Operation 77 [1/1] (0.00ns)   --->   "call void (...)* @_ssdm_op_SpecDataflowPipeline(i32 -1, [1 x i8]* @p_str) nounwind" [/home/user/galapagos/middleware/hls/network_bridge_tcp/src/network_bridge_tcp.cpp:475]
ST_10 : Operation 78 [1/1] (0.00ns)   --->   "call void (...)* @_ssdm_op_SpecIFCore(i73* %rxGalapagosBridge_V, [1 x i8]* @p_str, [5 x i8]* @p_str24, [1 x i8]* @p_str, i32 -1, [1 x i8]* @p_str, [1 x i8]* @p_str, [1 x i8]* @p_str, [1 x i8]* @p_str, [37 x i8]* @p_str25)"
ST_10 : Operation 79 [1/1] (0.00ns)   --->   "call void (...)* @_ssdm_op_SpecIFCore(i73* %txGalapagosBridge_V, [1 x i8]* @p_str, [5 x i8]* @p_str24, [1 x i8]* @p_str, i32 -1, [1 x i8]* @p_str, [1 x i8]* @p_str, [1 x i8]* @p_str, [1 x i8]* @p_str, [37 x i8]* @p_str26)"
ST_10 : Operation 80 [1/1] (0.00ns)   --->   "call void (...)* @_ssdm_op_SpecIFCore(i16* %listenPort_V_V, [1 x i8]* @p_str, [5 x i8]* @p_str24, [1 x i8]* @p_str, i32 -1, [1 x i8]* @p_str, [1 x i8]* @p_str, [1 x i8]* @p_str, [1 x i8]* @p_str, [31 x i8]* @p_str27)" [/home/user/galapagos/middleware/hls/network_bridge_tcp/src/network_bridge_tcp.cpp:478]
ST_10 : Operation 81 [1/1] (0.00ns)   --->   "call void (...)* @_ssdm_op_SpecIFCore(i1* %listenPortStatus_V, [1 x i8]* @p_str, [5 x i8]* @p_str24, [1 x i8]* @p_str, i32 -1, [1 x i8]* @p_str, [1 x i8]* @p_str, [1 x i8]* @p_str, [1 x i8]* @p_str, [38 x i8]* @p_str28)" [/home/user/galapagos/middleware/hls/network_bridge_tcp/src/network_bridge_tcp.cpp:479]
ST_10 : Operation 82 [1/1] (0.00ns)   --->   "call void (...)* @_ssdm_op_SpecIFCore(i48* %openConnection_V, [1 x i8]* @p_str, [5 x i8]* @p_str24, [1 x i8]* @p_str, i32 -1, [1 x i8]* @p_str, [1 x i8]* @p_str, [1 x i8]* @p_str, [1 x i8]* @p_str, [35 x i8]* @p_str29)"
ST_10 : Operation 83 [1/1] (0.00ns)   --->   "call void (...)* @_ssdm_op_SpecIFCore(i17* %openConStatus_V, [1 x i8]* @p_str, [5 x i8]* @p_str24, [1 x i8]* @p_str, i32 -1, [1 x i8]* @p_str, [1 x i8]* @p_str, [1 x i8]* @p_str, [1 x i8]* @p_str, [31 x i8]* @p_str30)"
ST_10 : Operation 84 [1/1] (0.00ns)   --->   "call void (...)* @_ssdm_op_SpecIFCore(i81* %notifications_V, [1 x i8]* @p_str, [5 x i8]* @p_str24, [1 x i8]* @p_str, i32 -1, [1 x i8]* @p_str, [1 x i8]* @p_str, [1 x i8]* @p_str, [1 x i8]* @p_str, [33 x i8]* @p_str31)"
ST_10 : Operation 85 [1/1] (0.00ns)   --->   "call void (...)* @_ssdm_op_SpecIFCore(i32* %readRequest_V, [1 x i8]* @p_str, [5 x i8]* @p_str24, [1 x i8]* @p_str, i32 -1, [1 x i8]* @p_str, [1 x i8]* @p_str, [1 x i8]* @p_str, [1 x i8]* @p_str, [32 x i8]* @p_str32)"
ST_10 : Operation 86 [1/1] (0.00ns)   --->   "call void (...)* @_ssdm_op_SpecIFCore(i16* %rxMetaData_V_V, [1 x i8]* @p_str, [5 x i8]* @p_str24, [1 x i8]* @p_str, i32 -1, [1 x i8]* @p_str, [1 x i8]* @p_str, [1 x i8]* @p_str, [1 x i8]* @p_str, [31 x i8]* @p_str33)" [/home/user/galapagos/middleware/hls/network_bridge_tcp/src/network_bridge_tcp.cpp:485]
ST_10 : Operation 87 [1/1] (0.00ns)   --->   "call void (...)* @_ssdm_op_SpecIFCore(i73* %rxData_V, [1 x i8]* @p_str, [5 x i8]* @p_str24, [1 x i8]* @p_str, i32 -1, [1 x i8]* @p_str, [1 x i8]* @p_str, [1 x i8]* @p_str, [1 x i8]* @p_str, [27 x i8]* @p_str34)"
ST_10 : Operation 88 [1/1] (0.00ns)   --->   "call void (...)* @_ssdm_op_SpecIFCore(i32* %txMetaData_V, [1 x i8]* @p_str, [5 x i8]* @p_str24, [1 x i8]* @p_str, i32 -1, [1 x i8]* @p_str, [1 x i8]* @p_str, [1 x i8]* @p_str, [1 x i8]* @p_str, [31 x i8]* @p_str35)"
ST_10 : Operation 89 [1/1] (0.00ns)   --->   "call void (...)* @_ssdm_op_SpecIFCore(i73* %txData_V, [1 x i8]* @p_str, [5 x i8]* @p_str24, [1 x i8]* @p_str, i32 -1, [1 x i8]* @p_str, [1 x i8]* @p_str, [1 x i8]* @p_str, [1 x i8]* @p_str, [27 x i8]* @p_str36)"
ST_10 : Operation 90 [1/1] (0.00ns)   --->   "call void (...)* @_ssdm_op_SpecIFCore(i17* %txStatus_V_V, [1 x i8]* @p_str, [5 x i8]* @p_str24, [1 x i8]* @p_str, i32 -1, [1 x i8]* @p_str, [1 x i8]* @p_str, [1 x i8]* @p_str, [1 x i8]* @p_str, [29 x i8]* @p_str37)" [/home/user/galapagos/middleware/hls/network_bridge_tcp/src/network_bridge_tcp.cpp:489]
ST_10 : Operation 91 [1/1] (0.00ns)   --->   "call void (...)* @_ssdm_op_SpecIFCore(i16* %listenPort_V_V, [1 x i8]* @p_str, [11 x i8]* @p_str38, [1 x i8]* @p_str, i32 -1, [1 x i8]* @p_str, [1 x i8]* @p_str, [1 x i8]* @p_str, [1 x i8]* @p_str, [31 x i8]* @p_str27)" [/home/user/galapagos/middleware/hls/network_bridge_tcp/src/network_bridge_tcp.cpp:587]
ST_10 : Operation 92 [1/1] (0.00ns)   --->   "call void (...)* @_ssdm_op_SpecIFCore(i1* %listenPortStatus_V, [1 x i8]* @p_str, [11 x i8]* @p_str38, [1 x i8]* @p_str, i32 -1, [1 x i8]* @p_str, [1 x i8]* @p_str, [1 x i8]* @p_str, [1 x i8]* @p_str, [38 x i8]* @p_str39)" [/home/user/galapagos/middleware/hls/network_bridge_tcp/src/network_bridge_tcp.cpp:588]
ST_10 : Operation 93 [1/2] (0.00ns)   --->   "call fastcc void @open_connections(i48* %openConnection_V, i17* %openConStatus_V)"   --->   Core 0 '' <Latency = 0> <II = 1> <Delay = 1.00> <Generic> <Opcode : >
ST_10 : Operation 94 [1/2] (0.00ns)   --->   "call fastcc void @open_port(i16* %listenPort_V_V, i1* %listenPortStatus_V, i81* %notifications_V, i32* %readRequest_V)"   --->   Core 0 '' <Latency = 0> <II = 1> <Delay = 1.00> <Generic> <Opcode : >
ST_10 : Operation 95 [1/7] (0.00ns)   --->   "call fastcc void @sessionID_table_stea() nounwind uwtable" [/home/user/galapagos/middleware/hls/network_bridge_tcp/src/network_bridge_tcp.cpp:699]   --->   Core 0 '' <Latency = 0> <II = 1> <Delay = 1.00> <Generic> <Opcode : >
ST_10 : Operation 96 [1/1] (0.00ns)   --->   "ret void" [/home/user/galapagos/middleware/hls/network_bridge_tcp/src/network_bridge_tcp.cpp:710]


============================================================
+ Verbose Summary: Binding
============================================================
STG Binding: 
---------------- STG Properties BEGIN ----------------
- Is combinational: 0
- Is one-state seq: 0
- Is datapath-only: 0
- Is pipelined: 0
- Is top level: 1
Port [ Return ] is wired: 1; IO mode=ap_ctrl_none:ce=0
Port [ rxGalapagosBridge_V]:  wired=1; compound=1; hidden=0; nouse=0; global=0; static=0; extern=0; dir=0; type=3; pingpong=0; private_global=0; IO mode=ap_fifo:ce=0
Port [ txMetaData_V]:  wired=1; compound=1; hidden=0; nouse=0; global=0; static=0; extern=0; dir=1; type=3; pingpong=0; private_global=0; IO mode=ap_fifo:ce=0
Port [ openConnection_V]:  wired=1; compound=1; hidden=0; nouse=0; global=0; static=0; extern=0; dir=1; type=3; pingpong=0; private_global=0; IO mode=ap_fifo:ce=0
Port [ openConStatus_V]:  wired=1; compound=1; hidden=0; nouse=0; global=0; static=0; extern=0; dir=0; type=3; pingpong=0; private_global=0; IO mode=ap_fifo:ce=0
Port [ txData_V]:  wired=1; compound=1; hidden=0; nouse=0; global=0; static=0; extern=0; dir=1; type=3; pingpong=0; private_global=0; IO mode=ap_fifo:ce=0
Port [ txStatus_V_V]:  wired=1; compound=1; hidden=0; nouse=0; global=0; static=0; extern=0; dir=0; type=3; pingpong=0; private_global=0; IO mode=ap_fifo:ce=0
Port [ listenPort_V_V]:  wired=1; compound=1; hidden=0; nouse=0; global=0; static=0; extern=0; dir=1; type=3; pingpong=0; private_global=0; IO mode=ap_fifo:ce=0
Port [ listenPortStatus_V]:  wired=1; compound=1; hidden=0; nouse=0; global=0; static=0; extern=0; dir=0; type=3; pingpong=0; private_global=0; IO mode=ap_fifo:ce=0
Port [ notifications_V]:  wired=1; compound=1; hidden=0; nouse=0; global=0; static=0; extern=0; dir=0; type=3; pingpong=0; private_global=0; IO mode=ap_fifo:ce=0
Port [ readRequest_V]:  wired=1; compound=1; hidden=0; nouse=0; global=0; static=0; extern=0; dir=1; type=3; pingpong=0; private_global=0; IO mode=ap_fifo:ce=0
Port [ rxMetaData_V_V]:  wired=1; compound=1; hidden=0; nouse=0; global=0; static=0; extern=0; dir=0; type=3; pingpong=0; private_global=0; IO mode=ap_fifo:ce=0
Port [ rxData_V]:  wired=1; compound=1; hidden=0; nouse=0; global=0; static=0; extern=0; dir=0; type=3; pingpong=0; private_global=0; IO mode=ap_fifo:ce=0
Port [ txGalapagosBridge_V]:  wired=1; compound=1; hidden=0; nouse=0; global=0; static=0; extern=0; dir=1; type=3; pingpong=0; private_global=0; IO mode=ap_fifo:ce=0
Port [ state_out_V]:  wired=1; compound=0; hidden=0; nouse=0; global=0; static=0; extern=0; dir=1; type=0; pingpong=0; private_global=0; IO mode=ap_vld:ce=0
Port [ header_out_V]:  wired=1; compound=0; hidden=0; nouse=0; global=0; static=0; extern=0; dir=1; type=0; pingpong=0; private_global=0; IO mode=ap_vld:ce=0
Port [ size_out_V]:  wired=1; compound=0; hidden=0; nouse=0; global=0; static=0; extern=0; dir=1; type=0; pingpong=0; private_global=0; IO mode=ap_vld:ce=0
Port [ sessionID_out_V]:  wired=1; compound=0; hidden=0; nouse=0; global=0; static=0; extern=0; dir=1; type=0; pingpong=0; private_global=0; IO mode=ap_vld:ce=0
Port [ state_1]:  wired=0; compound=0; hidden=1; nouse=1; global=1; static=1; extern=0; dir=2; type=0; pingpong=0; private_global=0; linkage=7; visibility=0; IO mode=ap_ovld:ce=0
Port [ header_data_V]:  wired=0; compound=0; hidden=1; nouse=1; global=1; static=1; extern=0; dir=2; type=0; pingpong=0; private_global=0; linkage=7; visibility=0; IO mode=ap_ovld:ce=0
Port [ dest_V]:  wired=0; compound=0; hidden=1; nouse=1; global=1; static=1; extern=0; dir=2; type=0; pingpong=0; private_global=0; linkage=7; visibility=0; IO mode=ap_ovld:ce=0
Port [ sessionID_V]:  wired=0; compound=0; hidden=1; nouse=1; global=1; static=1; extern=0; dir=2; type=0; pingpong=0; private_global=0; linkage=7; visibility=0; IO mode=ap_ovld:ce=0
Port [ header_keep_V]:  wired=0; compound=0; hidden=1; nouse=1; global=1; static=1; extern=0; dir=2; type=0; pingpong=0; private_global=0; linkage=7; visibility=0; IO mode=ap_ovld:ce=0
Port [ header_last_V]:  wired=0; compound=0; hidden=1; nouse=1; global=1; static=1; extern=0; dir=2; type=0; pingpong=0; private_global=0; linkage=7; visibility=0; IO mode=ap_ovld:ce=0
Port [ g2t_read_dest_V_V]:  wired=0; compound=1; hidden=1; nouse=0; global=1; static=1; extern=0; dir=2; type=3; pingpong=0; private_global=1; linkage=7; visibility=0; IO mode=ap_fifo:ce=0
Port [ g2t_read_sid_V_V]:  wired=0; compound=1; hidden=1; nouse=0; global=1; static=1; extern=0; dir=2; type=3; pingpong=0; private_global=1; linkage=7; visibility=0; IO mode=ap_fifo:ce=0
Port [ ip_table_V]:  wired=1; compound=1; hidden=0; nouse=0; global=1; static=0; extern=0; dir=0; type=1; pingpong=0; private_global=0; linkage=0; visibility=0; MemPort=[13]; IO mode=ap_memory:ce=0
Port [ ip_fifo_V_V]:  wired=0; compound=1; hidden=1; nouse=0; global=1; static=1; extern=0; dir=2; type=3; pingpong=0; private_global=1; linkage=7; visibility=0; IO mode=ap_fifo:ce=0
Port [ sessionID_fifo_V_V]:  wired=0; compound=1; hidden=1; nouse=0; global=1; static=1; extern=0; dir=2; type=3; pingpong=0; private_global=1; linkage=7; visibility=0; IO mode=ap_fifo:ce=0
Port [ g2t_write_sid_V_V]:  wired=0; compound=1; hidden=1; nouse=0; global=1; static=1; extern=0; dir=2; type=3; pingpong=0; private_global=1; linkage=7; visibility=0; IO mode=ap_fifo:ce=0
Port [ g2t_write_dest_V_V]:  wired=0; compound=1; hidden=1; nouse=0; global=1; static=1; extern=0; dir=2; type=3; pingpong=0; private_global=1; linkage=7; visibility=0; IO mode=ap_fifo:ce=0
Port [ wait_for_connection]:  wired=0; compound=0; hidden=1; nouse=1; global=1; static=1; extern=0; dir=2; type=0; pingpong=0; private_global=0; linkage=7; visibility=0; IO mode=ap_ovld:ce=0
Port [ listenDone]:  wired=0; compound=0; hidden=1; nouse=1; global=1; static=1; extern=0; dir=2; type=0; pingpong=0; private_global=0; linkage=7; visibility=0; IO mode=ap_ovld:ce=0
Port [ waitPortStatus]:  wired=0; compound=0; hidden=1; nouse=1; global=1; static=1; extern=0; dir=2; type=0; pingpong=0; private_global=0; linkage=7; visibility=0; IO mode=ap_ovld:ce=0
Port [ state]:  wired=0; compound=0; hidden=1; nouse=1; global=1; static=1; extern=0; dir=2; type=0; pingpong=0; private_global=0; linkage=7; visibility=0; IO mode=ap_ovld:ce=0
Port [ sessionID_V_1]:  wired=0; compound=0; hidden=1; nouse=1; global=1; static=1; extern=0; dir=2; type=0; pingpong=0; private_global=0; linkage=7; visibility=0; IO mode=ap_ovld:ce=0
Port [ currWord_data_V]:  wired=0; compound=0; hidden=1; nouse=1; global=1; static=1; extern=0; dir=2; type=0; pingpong=0; private_global=0; linkage=7; visibility=0; IO mode=ap_ovld:ce=0
Port [ currWord_keep_V]:  wired=0; compound=0; hidden=1; nouse=1; global=1; static=1; extern=0; dir=2; type=0; pingpong=0; private_global=0; linkage=7; visibility=0; IO mode=ap_ovld:ce=0
Port [ currWord_last_V]:  wired=0; compound=0; hidden=1; nouse=1; global=1; static=1; extern=0; dir=2; type=0; pingpong=0; private_global=0; linkage=7; visibility=0; IO mode=ap_ovld:ce=0
Port [ src_V]:  wired=0; compound=0; hidden=1; nouse=1; global=1; static=1; extern=0; dir=2; type=0; pingpong=0; private_global=0; linkage=7; visibility=0; IO mode=ap_ovld:ce=0
Port [ t2g_read_dest_V_V]:  wired=0; compound=1; hidden=1; nouse=0; global=1; static=1; extern=0; dir=2; type=3; pingpong=0; private_global=1; linkage=7; visibility=0; IO mode=ap_fifo:ce=0
Port [ t2g_read_sid_V_V]:  wired=0; compound=1; hidden=1; nouse=0; global=1; static=1; extern=0; dir=2; type=3; pingpong=0; private_global=1; linkage=7; visibility=0; IO mode=ap_fifo:ce=0
Port [ t2g_write_dest_V_V]:  wired=0; compound=1; hidden=1; nouse=0; global=1; static=1; extern=0; dir=2; type=3; pingpong=0; private_global=1; linkage=7; visibility=0; IO mode=ap_fifo:ce=0
Port [ t2g_write_sid_V_V]:  wired=0; compound=1; hidden=1; nouse=0; global=1; static=1; extern=0; dir=2; type=3; pingpong=0; private_global=1; linkage=7; visibility=0; IO mode=ap_fifo:ce=0
Port [ sessionID_table_V]:  wired=0; compound=1; hidden=1; nouse=1; global=1; static=1; extern=0; dir=2; type=1; pingpong=0; private_global=0; linkage=7; visibility=0; MemPort=[23]; IO mode=ap_memory:ce=0
---------------- STG Properties END ------------------

---------------- Datapath Model BEGIN ----------------

<LifeTime>
<method=bitvector/>
StgValue_14 (call                ) [ 00000000000]
StgValue_15 (call                ) [ 00000000000]
StgValue_24 (specdataflowpipeline) [ 00000000000]
empty       (specchannel         ) [ 00000000000]
StgValue_26 (specinterface       ) [ 00000000000]
empty_11    (specchannel         ) [ 00000000000]
StgValue_28 (specinterface       ) [ 00000000000]
empty_12    (specchannel         ) [ 00000000000]
StgValue_30 (specinterface       ) [ 00000000000]
empty_13    (specchannel         ) [ 00000000000]
StgValue_32 (specinterface       ) [ 00000000000]
empty_14    (specchannel         ) [ 00000000000]
StgValue_34 (specinterface       ) [ 00000000000]
empty_15    (specchannel         ) [ 00000000000]
StgValue_36 (specinterface       ) [ 00000000000]
empty_16    (specchannel         ) [ 00000000000]
StgValue_38 (specinterface       ) [ 00000000000]
empty_17    (specchannel         ) [ 00000000000]
StgValue_40 (specinterface       ) [ 00000000000]
empty_18    (specchannel         ) [ 00000000000]
StgValue_42 (specinterface       ) [ 00000000000]
empty_19    (specchannel         ) [ 00000000000]
StgValue_44 (specinterface       ) [ 00000000000]
StgValue_45 (specinterface       ) [ 00000000000]
StgValue_46 (specinterface       ) [ 00000000000]
StgValue_47 (specinterface       ) [ 00000000000]
StgValue_48 (specinterface       ) [ 00000000000]
StgValue_49 (specinterface       ) [ 00000000000]
StgValue_50 (specinterface       ) [ 00000000000]
StgValue_51 (specinterface       ) [ 00000000000]
StgValue_52 (specinterface       ) [ 00000000000]
StgValue_53 (specinterface       ) [ 00000000000]
StgValue_54 (specinterface       ) [ 00000000000]
StgValue_55 (specinterface       ) [ 00000000000]
StgValue_56 (specinterface       ) [ 00000000000]
StgValue_57 (specinterface       ) [ 00000000000]
StgValue_58 (specbitsmap         ) [ 00000000000]
StgValue_59 (specbitsmap         ) [ 00000000000]
StgValue_60 (specbitsmap         ) [ 00000000000]
StgValue_61 (specbitsmap         ) [ 00000000000]
StgValue_62 (specbitsmap         ) [ 00000000000]
StgValue_63 (specbitsmap         ) [ 00000000000]
StgValue_64 (specbitsmap         ) [ 00000000000]
StgValue_65 (specbitsmap         ) [ 00000000000]
StgValue_66 (specbitsmap         ) [ 00000000000]
StgValue_67 (specbitsmap         ) [ 00000000000]
StgValue_68 (specbitsmap         ) [ 00000000000]
StgValue_69 (specbitsmap         ) [ 00000000000]
StgValue_70 (specbitsmap         ) [ 00000000000]
StgValue_71 (specbitsmap         ) [ 00000000000]
StgValue_72 (specbitsmap         ) [ 00000000000]
StgValue_73 (specbitsmap         ) [ 00000000000]
StgValue_74 (specbitsmap         ) [ 00000000000]
StgValue_75 (spectopmodule       ) [ 00000000000]
StgValue_76 (specinterface       ) [ 00000000000]
StgValue_77 (specdataflowpipeline) [ 00000000000]
StgValue_78 (specifcore          ) [ 00000000000]
StgValue_79 (specifcore          ) [ 00000000000]
StgValue_80 (specifcore          ) [ 00000000000]
StgValue_81 (specifcore          ) [ 00000000000]
StgValue_82 (specifcore          ) [ 00000000000]
StgValue_83 (specifcore          ) [ 00000000000]
StgValue_84 (specifcore          ) [ 00000000000]
StgValue_85 (specifcore          ) [ 00000000000]
StgValue_86 (specifcore          ) [ 00000000000]
StgValue_87 (specifcore          ) [ 00000000000]
StgValue_88 (specifcore          ) [ 00000000000]
StgValue_89 (specifcore          ) [ 00000000000]
StgValue_90 (specifcore          ) [ 00000000000]
StgValue_91 (specifcore          ) [ 00000000000]
StgValue_92 (specifcore          ) [ 00000000000]
StgValue_93 (call                ) [ 00000000000]
StgValue_94 (call                ) [ 00000000000]
StgValue_95 (call                ) [ 00000000000]
StgValue_96 (ret                 ) [ 00000000000]
</LifeTime>

<model>

<comp_list>
<comp id="0" class="1000" name="rxGalapagosBridge_V">
<pin_list>
<pin id="1" dir="1" index="0" bw="1" slack="0"/>
</pin_list>
<bind>
<StgValue><ssdm name="rxGalapagosBridge_V"/></StgValue>
</bind>
</comp>

<comp id="2" class="1000" name="txMetaData_V">
<pin_list>
<pin id="3" dir="1" index="0" bw="1" slack="0"/>
</pin_list>
<bind>
<StgValue><ssdm name="txMetaData_V"/></StgValue>
</bind>
</comp>

<comp id="4" class="1000" name="openConnection_V">
<pin_list>
<pin id="5" dir="1" index="0" bw="1" slack="0"/>
</pin_list>
<bind>
<StgValue><ssdm name="openConnection_V"/></StgValue>
</bind>
</comp>

<comp id="6" class="1000" name="openConStatus_V">
<pin_list>
<pin id="7" dir="1" index="0" bw="1" slack="0"/>
</pin_list>
<bind>
<StgValue><ssdm name="openConStatus_V"/></StgValue>
</bind>
</comp>

<comp id="8" class="1000" name="txData_V">
<pin_list>
<pin id="9" dir="1" index="0" bw="1" slack="0"/>
</pin_list>
<bind>
<StgValue><ssdm name="txData_V"/></StgValue>
</bind>
</comp>

<comp id="10" class="1000" name="txStatus_V_V">
<pin_list>
<pin id="11" dir="1" index="0" bw="1" slack="0"/>
</pin_list>
<bind>
<StgValue><ssdm name="txStatus_V_V"/></StgValue>
</bind>
</comp>

<comp id="12" class="1000" name="listenPort_V_V">
<pin_list>
<pin id="13" dir="1" index="0" bw="1" slack="0"/>
</pin_list>
<bind>
<StgValue><ssdm name="listenPort_V_V"/></StgValue>
</bind>
</comp>

<comp id="14" class="1000" name="listenPortStatus_V">
<pin_list>
<pin id="15" dir="1" index="0" bw="1" slack="0"/>
</pin_list>
<bind>
<StgValue><ssdm name="listenPortStatus_V"/></StgValue>
</bind>
</comp>

<comp id="16" class="1000" name="notifications_V">
<pin_list>
<pin id="17" dir="1" index="0" bw="1" slack="0"/>
</pin_list>
<bind>
<StgValue><ssdm name="notifications_V"/></StgValue>
</bind>
</comp>

<comp id="18" class="1000" name="readRequest_V">
<pin_list>
<pin id="19" dir="1" index="0" bw="1" slack="0"/>
</pin_list>
<bind>
<StgValue><ssdm name="readRequest_V"/></StgValue>
</bind>
</comp>

<comp id="20" class="1000" name="rxMetaData_V_V">
<pin_list>
<pin id="21" dir="1" index="0" bw="1" slack="0"/>
</pin_list>
<bind>
<StgValue><ssdm name="rxMetaData_V_V"/></StgValue>
</bind>
</comp>

<comp id="22" class="1000" name="rxData_V">
<pin_list>
<pin id="23" dir="1" index="0" bw="1" slack="0"/>
</pin_list>
<bind>
<StgValue><ssdm name="rxData_V"/></StgValue>
</bind>
</comp>

<comp id="24" class="1000" name="txGalapagosBridge_V">
<pin_list>
<pin id="25" dir="1" index="0" bw="1" slack="0"/>
</pin_list>
<bind>
<StgValue><ssdm name="txGalapagosBridge_V"/></StgValue>
</bind>
</comp>

<comp id="26" class="1000" name="state_out_V">
<pin_list>
<pin id="27" dir="1" index="0" bw="1" slack="0"/>
</pin_list>
<bind>
<StgValue><ssdm name="state_out_V"/></StgValue>
</bind>
</comp>

<comp id="28" class="1000" name="header_out_V">
<pin_list>
<pin id="29" dir="1" index="0" bw="1" slack="0"/>
</pin_list>
<bind>
<StgValue><ssdm name="header_out_V"/></StgValue>
</bind>
</comp>

<comp id="30" class="1000" name="size_out_V">
<pin_list>
<pin id="31" dir="1" index="0" bw="1" slack="0"/>
</pin_list>
<bind>
<StgValue><ssdm name="size_out_V"/></StgValue>
</bind>
</comp>

<comp id="32" class="1000" name="sessionID_out_V">
<pin_list>
<pin id="33" dir="1" index="0" bw="1" slack="0"/>
</pin_list>
<bind>
<StgValue><ssdm name="sessionID_out_V"/></StgValue>
</bind>
</comp>

<comp id="34" class="1000" name="state_1">
<pin_list>
<pin id="35" dir="1" index="0" bw="1" slack="0"/>
</pin_list>
<bind>
<StgValue><ssdm name="state_1"/></StgValue>
</bind>
</comp>

<comp id="36" class="1000" name="header_data_V">
<pin_list>
<pin id="37" dir="1" index="0" bw="1" slack="0"/>
</pin_list>
<bind>
<StgValue><ssdm name="header_data_V"/></StgValue>
</bind>
</comp>

<comp id="38" class="1000" name="dest_V">
<pin_list>
<pin id="39" dir="1" index="0" bw="1" slack="0"/>
</pin_list>
<bind>
<StgValue><ssdm name="dest_V"/></StgValue>
</bind>
</comp>

<comp id="40" class="1000" name="sessionID_V">
<pin_list>
<pin id="41" dir="1" index="0" bw="1" slack="0"/>
</pin_list>
<bind>
<StgValue><ssdm name="sessionID_V"/></StgValue>
</bind>
</comp>

<comp id="42" class="1000" name="header_keep_V">
<pin_list>
<pin id="43" dir="1" index="0" bw="1" slack="0"/>
</pin_list>
<bind>
<StgValue><ssdm name="header_keep_V"/></StgValue>
</bind>
</comp>

<comp id="44" class="1000" name="header_last_V">
<pin_list>
<pin id="45" dir="1" index="0" bw="1" slack="0"/>
</pin_list>
<bind>
<StgValue><ssdm name="header_last_V"/></StgValue>
</bind>
</comp>

<comp id="46" class="1000" name="g2t_read_dest_V_V">
<pin_list>
<pin id="47" dir="1" index="0" bw="1" slack="0"/>
</pin_list>
<bind>
<StgValue><ssdm name="g2t_read_dest_V_V"/></StgValue>
</bind>
</comp>

<comp id="48" class="1000" name="g2t_read_sid_V_V">
<pin_list>
<pin id="49" dir="1" index="0" bw="1" slack="0"/>
</pin_list>
<bind>
<StgValue><ssdm name="g2t_read_sid_V_V"/></StgValue>
</bind>
</comp>

<comp id="50" class="1000" name="ip_table_V">
<pin_list>
<pin id="51" dir="1" index="0" bw="1" slack="0"/>
</pin_list>
<bind>
<StgValue><ssdm name="ip_table_V"/><MemPortTyVec>1 3 </MemPortTyVec>
</StgValue>
</bind>
</comp>

<comp id="52" class="1000" name="ip_fifo_V_V">
<pin_list>
<pin id="53" dir="1" index="0" bw="1" slack="0"/>
</pin_list>
<bind>
<StgValue><ssdm name="ip_fifo_V_V"/></StgValue>
</bind>
</comp>

<comp id="54" class="1000" name="sessionID_fifo_V_V">
<pin_list>
<pin id="55" dir="1" index="0" bw="1" slack="0"/>
</pin_list>
<bind>
<StgValue><ssdm name="sessionID_fifo_V_V"/></StgValue>
</bind>
</comp>

<comp id="56" class="1000" name="g2t_write_sid_V_V">
<pin_list>
<pin id="57" dir="1" index="0" bw="1" slack="0"/>
</pin_list>
<bind>
<StgValue><ssdm name="g2t_write_sid_V_V"/></StgValue>
</bind>
</comp>

<comp id="58" class="1000" name="g2t_write_dest_V_V">
<pin_list>
<pin id="59" dir="1" index="0" bw="1" slack="0"/>
</pin_list>
<bind>
<StgValue><ssdm name="g2t_write_dest_V_V"/></StgValue>
</bind>
</comp>

<comp id="60" class="1000" name="wait_for_connection">
<pin_list>
<pin id="61" dir="1" index="0" bw="1" slack="0"/>
</pin_list>
<bind>
<StgValue><ssdm name="wait_for_connection"/></StgValue>
</bind>
</comp>

<comp id="62" class="1000" name="listenDone">
<pin_list>
<pin id="63" dir="1" index="0" bw="1" slack="0"/>
</pin_list>
<bind>
<StgValue><ssdm name="listenDone"/></StgValue>
</bind>
</comp>

<comp id="64" class="1000" name="waitPortStatus">
<pin_list>
<pin id="65" dir="1" index="0" bw="1" slack="0"/>
</pin_list>
<bind>
<StgValue><ssdm name="waitPortStatus"/></StgValue>
</bind>
</comp>

<comp id="66" class="1000" name="state">
<pin_list>
<pin id="67" dir="1" index="0" bw="1" slack="0"/>
</pin_list>
<bind>
<StgValue><ssdm name="state"/></StgValue>
</bind>
</comp>

<comp id="68" class="1000" name="sessionID_V_1">
<pin_list>
<pin id="69" dir="1" index="0" bw="1" slack="0"/>
</pin_list>
<bind>
<StgValue><ssdm name="sessionID_V_1"/></StgValue>
</bind>
</comp>

<comp id="70" class="1000" name="currWord_data_V">
<pin_list>
<pin id="71" dir="1" index="0" bw="1" slack="0"/>
</pin_list>
<bind>
<StgValue><ssdm name="currWord_data_V"/></StgValue>
</bind>
</comp>

<comp id="72" class="1000" name="currWord_keep_V">
<pin_list>
<pin id="73" dir="1" index="0" bw="1" slack="0"/>
</pin_list>
<bind>
<StgValue><ssdm name="currWord_keep_V"/></StgValue>
</bind>
</comp>

<comp id="74" class="1000" name="currWord_last_V">
<pin_list>
<pin id="75" dir="1" index="0" bw="1" slack="0"/>
</pin_list>
<bind>
<StgValue><ssdm name="currWord_last_V"/></StgValue>
</bind>
</comp>

<comp id="76" class="1000" name="src_V">
<pin_list>
<pin id="77" dir="1" index="0" bw="1" slack="0"/>
</pin_list>
<bind>
<StgValue><ssdm name="src_V"/></StgValue>
</bind>
</comp>

<comp id="78" class="1000" name="t2g_read_dest_V_V">
<pin_list>
<pin id="79" dir="1" index="0" bw="1" slack="0"/>
</pin_list>
<bind>
<StgValue><ssdm name="t2g_read_dest_V_V"/></StgValue>
</bind>
</comp>

<comp id="80" class="1000" name="t2g_read_sid_V_V">
<pin_list>
<pin id="81" dir="1" index="0" bw="1" slack="0"/>
</pin_list>
<bind>
<StgValue><ssdm name="t2g_read_sid_V_V"/></StgValue>
</bind>
</comp>

<comp id="82" class="1000" name="t2g_write_dest_V_V">
<pin_list>
<pin id="83" dir="1" index="0" bw="1" slack="0"/>
</pin_list>
<bind>
<StgValue><ssdm name="t2g_write_dest_V_V"/></StgValue>
</bind>
</comp>

<comp id="84" class="1000" name="t2g_write_sid_V_V">
<pin_list>
<pin id="85" dir="1" index="0" bw="1" slack="0"/>
</pin_list>
<bind>
<StgValue><ssdm name="t2g_write_sid_V_V"/></StgValue>
</bind>
</comp>

<comp id="86" class="1000" name="sessionID_table_V">
<pin_list>
<pin id="87" dir="1" index="0" bw="1" slack="0"/>
</pin_list>
<bind>
<StgValue><ssdm name="sessionID_table_V"/><MemPortTyVec>2 3 </MemPortTyVec>
</StgValue>
</bind>
</comp>

<comp id="88" class="1001" name="const_88">
<pin_list>
<pin id="89" dir="1" index="0" bw="1" slack="0"/>
</pin_list>
<bind>
<StgValue><ssdm name="galapagos_to_tcp_int"/></StgValue>
</bind>
</comp>

<comp id="90" class="1001" name="const_90">
<pin_list>
<pin id="91" dir="1" index="0" bw="1" slack="0"/>
</pin_list>
<bind>
<StgValue><ssdm name="tcp_to_galapagos_int"/></StgValue>
</bind>
</comp>

<comp id="92" class="1001" name="const_92">
<pin_list>
<pin id="93" dir="1" index="0" bw="1" slack="0"/>
</pin_list>
<bind>
<StgValue><ssdm name="sessionID_table_stea"/></StgValue>
</bind>
</comp>

<comp id="94" class="1001" name="const_94">
<pin_list>
<pin id="95" dir="1" index="0" bw="1" slack="0"/>
</pin_list>
<bind>
<StgValue><ssdm name="open_connections"/></StgValue>
</bind>
</comp>

<comp id="96" class="1001" name="const_96">
<pin_list>
<pin id="97" dir="1" index="0" bw="1" slack="0"/>
</pin_list>
<bind>
<StgValue><ssdm name="open_port"/></StgValue>
</bind>
</comp>

<comp id="98" class="1001" name="const_98">
<pin_list>
<pin id="99" dir="1" index="0" bw="1" slack="2147483647"/>
</pin_list>
<bind>
<StgValue><ssdm name="_ssdm_op_SpecDataflowPipeline"/></StgValue>
</bind>
</comp>

<comp id="100" class="1001" name="const_100">
<pin_list>
<pin id="101" dir="1" index="0" bw="1" slack="2147483647"/>
</pin_list>
<bind>
<StgValue><ssdm name=""/></StgValue>
</bind>
</comp>

<comp id="102" class="1001" name="const_102">
<pin_list>
<pin id="103" dir="1" index="0" bw="1" slack="2147483647"/>
</pin_list>
<bind>
<StgValue><ssdm name="p_str"/></StgValue>
</bind>
</comp>

<comp id="104" class="1001" name="const_104">
<pin_list>
<pin id="105" dir="1" index="0" bw="1" slack="2147483647"/>
</pin_list>
<bind>
<StgValue><ssdm name="_ssdm_op_SpecChannel"/></StgValue>
</bind>
</comp>

<comp id="106" class="1001" name="const_106">
<pin_list>
<pin id="107" dir="1" index="0" bw="1" slack="2147483647"/>
</pin_list>
<bind>
<StgValue><ssdm name="g2t_read_dest_OC_V_O"/></StgValue>
</bind>
</comp>

<comp id="108" class="1001" name="const_108">
<pin_list>
<pin id="109" dir="1" index="0" bw="1" slack="2147483647"/>
</pin_list>
<bind>
<StgValue><ssdm name=""/></StgValue>
</bind>
</comp>

<comp id="110" class="1001" name="const_110">
<pin_list>
<pin id="111" dir="1" index="0" bw="1" slack="2147483647"/>
</pin_list>
<bind>
<StgValue><ssdm name=""/></StgValue>
</bind>
</comp>

<comp id="112" class="1001" name="const_112">
<pin_list>
<pin id="113" dir="1" index="0" bw="1" slack="2147483647"/>
</pin_list>
<bind>
<StgValue><ssdm name="_ssdm_op_SpecInterface"/></StgValue>
</bind>
</comp>

<comp id="114" class="1001" name="const_114">
<pin_list>
<pin id="115" dir="1" index="0" bw="1" slack="2147483647"/>
</pin_list>
<bind>
<StgValue><ssdm name="ap_fifo_str"/></StgValue>
</bind>
</comp>

<comp id="116" class="1001" name="const_116">
<pin_list>
<pin id="117" dir="1" index="0" bw="1" slack="2147483647"/>
</pin_list>
<bind>
<StgValue><ssdm name=""/></StgValue>
</bind>
</comp>

<comp id="118" class="1001" name="const_118">
<pin_list>
<pin id="119" dir="1" index="0" bw="1" slack="2147483647"/>
</pin_list>
<bind>
<StgValue><ssdm name=""/></StgValue>
</bind>
</comp>

<comp id="120" class="1001" name="const_120">
<pin_list>
<pin id="121" dir="1" index="0" bw="1" slack="2147483647"/>
</pin_list>
<bind>
<StgValue><ssdm name="g2t_read_sid_OC_V_OC"/></StgValue>
</bind>
</comp>

<comp id="122" class="1001" name="const_122">
<pin_list>
<pin id="123" dir="1" index="0" bw="1" slack="2147483647"/>
</pin_list>
<bind>
<StgValue><ssdm name="g2t_write_dest_OC_V_s"/></StgValue>
</bind>
</comp>

<comp id="124" class="1001" name="const_124">
<pin_list>
<pin id="125" dir="1" index="0" bw="1" slack="2147483647"/>
</pin_list>
<bind>
<StgValue><ssdm name="g2t_write_sid_OC_V_O"/></StgValue>
</bind>
</comp>

<comp id="126" class="1001" name="const_126">
<pin_list>
<pin id="127" dir="1" index="0" bw="1" slack="2147483647"/>
</pin_list>
<bind>
<StgValue><ssdm name="ip_fifo_OC_V_OC_V_st"/></StgValue>
</bind>
</comp>

<comp id="128" class="1001" name="const_128">
<pin_list>
<pin id="129" dir="1" index="0" bw="1" slack="2147483647"/>
</pin_list>
<bind>
<StgValue><ssdm name="sessionID_fifo_OC_V_s"/></StgValue>
</bind>
</comp>

<comp id="130" class="1001" name="const_130">
<pin_list>
<pin id="131" dir="1" index="0" bw="1" slack="2147483647"/>
</pin_list>
<bind>
<StgValue><ssdm name="t2g_read_dest_OC_V_O"/></StgValue>
</bind>
</comp>

<comp id="132" class="1001" name="const_132">
<pin_list>
<pin id="133" dir="1" index="0" bw="1" slack="2147483647"/>
</pin_list>
<bind>
<StgValue><ssdm name="t2g_read_sid_OC_V_OC"/></StgValue>
</bind>
</comp>

<comp id="134" class="1001" name="const_134">
<pin_list>
<pin id="135" dir="1" index="0" bw="1" slack="2147483647"/>
</pin_list>
<bind>
<StgValue><ssdm name="t2g_write_dest_OC_V_s"/></StgValue>
</bind>
</comp>

<comp id="136" class="1001" name="const_136">
<pin_list>
<pin id="137" dir="1" index="0" bw="1" slack="2147483647"/>
</pin_list>
<bind>
<StgValue><ssdm name="t2g_write_sid_OC_V_O"/></StgValue>
</bind>
</comp>

<comp id="138" class="1001" name="const_138">
<pin_list>
<pin id="139" dir="1" index="0" bw="1" slack="2147483647"/>
</pin_list>
<bind>
<StgValue><ssdm name="_ssdm_op_SpecBitsMap"/></StgValue>
</bind>
</comp>

<comp id="140" class="1001" name="const_140">
<pin_list>
<pin id="141" dir="1" index="0" bw="1" slack="2147483647"/>
</pin_list>
<bind>
<StgValue><ssdm name="_ssdm_op_SpecTopModule"/></StgValue>
</bind>
</comp>

<comp id="142" class="1001" name="const_142">
<pin_list>
<pin id="143" dir="1" index="0" bw="1" slack="2147483647"/>
</pin_list>
<bind>
<StgValue><ssdm name="network_bridge_tcp_s"/></StgValue>
</bind>
</comp>

<comp id="144" class="1001" name="const_144">
<pin_list>
<pin id="145" dir="1" index="0" bw="1" slack="2147483647"/>
</pin_list>
<bind>
<StgValue><ssdm name="p_str23"/></StgValue>
</bind>
</comp>

<comp id="146" class="1001" name="const_146">
<pin_list>
<pin id="147" dir="1" index="0" bw="1" slack="2147483647"/>
</pin_list>
<bind>
<StgValue><ssdm name="_ssdm_op_SpecIFCore"/></StgValue>
</bind>
</comp>

<comp id="148" class="1001" name="const_148">
<pin_list>
<pin id="149" dir="1" index="0" bw="1" slack="2147483647"/>
</pin_list>
<bind>
<StgValue><ssdm name="p_str24"/></StgValue>
</bind>
</comp>

<comp id="150" class="1001" name="const_150">
<pin_list>
<pin id="151" dir="1" index="0" bw="1" slack="2147483647"/>
</pin_list>
<bind>
<StgValue><ssdm name="p_str25"/></StgValue>
</bind>
</comp>

<comp id="152" class="1001" name="const_152">
<pin_list>
<pin id="153" dir="1" index="0" bw="1" slack="2147483647"/>
</pin_list>
<bind>
<StgValue><ssdm name="p_str26"/></StgValue>
</bind>
</comp>

<comp id="154" class="1001" name="const_154">
<pin_list>
<pin id="155" dir="1" index="0" bw="1" slack="2147483647"/>
</pin_list>
<bind>
<StgValue><ssdm name="p_str27"/></StgValue>
</bind>
</comp>

<comp id="156" class="1001" name="const_156">
<pin_list>
<pin id="157" dir="1" index="0" bw="1" slack="2147483647"/>
</pin_list>
<bind>
<StgValue><ssdm name="p_str28"/></StgValue>
</bind>
</comp>

<comp id="158" class="1001" name="const_158">
<pin_list>
<pin id="159" dir="1" index="0" bw="1" slack="2147483647"/>
</pin_list>
<bind>
<StgValue><ssdm name="p_str29"/></StgValue>
</bind>
</comp>

<comp id="160" class="1001" name="const_160">
<pin_list>
<pin id="161" dir="1" index="0" bw="1" slack="2147483647"/>
</pin_list>
<bind>
<StgValue><ssdm name="p_str30"/></StgValue>
</bind>
</comp>

<comp id="162" class="1001" name="const_162">
<pin_list>
<pin id="163" dir="1" index="0" bw="1" slack="2147483647"/>
</pin_list>
<bind>
<StgValue><ssdm name="p_str31"/></StgValue>
</bind>
</comp>

<comp id="164" class="1001" name="const_164">
<pin_list>
<pin id="165" dir="1" index="0" bw="1" slack="2147483647"/>
</pin_list>
<bind>
<StgValue><ssdm name="p_str32"/></StgValue>
</bind>
</comp>

<comp id="166" class="1001" name="const_166">
<pin_list>
<pin id="167" dir="1" index="0" bw="1" slack="2147483647"/>
</pin_list>
<bind>
<StgValue><ssdm name="p_str33"/></StgValue>
</bind>
</comp>

<comp id="168" class="1001" name="const_168">
<pin_list>
<pin id="169" dir="1" index="0" bw="1" slack="2147483647"/>
</pin_list>
<bind>
<StgValue><ssdm name="p_str34"/></StgValue>
</bind>
</comp>

<comp id="170" class="1001" name="const_170">
<pin_list>
<pin id="171" dir="1" index="0" bw="1" slack="2147483647"/>
</pin_list>
<bind>
<StgValue><ssdm name="p_str35"/></StgValue>
</bind>
</comp>

<comp id="172" class="1001" name="const_172">
<pin_list>
<pin id="173" dir="1" index="0" bw="1" slack="2147483647"/>
</pin_list>
<bind>
<StgValue><ssdm name="p_str36"/></StgValue>
</bind>
</comp>

<comp id="174" class="1001" name="const_174">
<pin_list>
<pin id="175" dir="1" index="0" bw="1" slack="2147483647"/>
</pin_list>
<bind>
<StgValue><ssdm name="p_str37"/></StgValue>
</bind>
</comp>

<comp id="176" class="1001" name="const_176">
<pin_list>
<pin id="177" dir="1" index="0" bw="1" slack="2147483647"/>
</pin_list>
<bind>
<StgValue><ssdm name="p_str38"/></StgValue>
</bind>
</comp>

<comp id="178" class="1001" name="const_178">
<pin_list>
<pin id="179" dir="1" index="0" bw="1" slack="2147483647"/>
</pin_list>
<bind>
<StgValue><ssdm name="p_str39"/></StgValue>
</bind>
</comp>

<comp id="180" class="1004" name="grp_galapagos_to_tcp_int_fu_180">
<pin_list>
<pin id="181" dir="0" index="0" bw="0" slack="0"/>
<pin id="182" dir="0" index="1" bw="73" slack="0"/>
<pin id="183" dir="0" index="2" bw="17" slack="0"/>
<pin id="184" dir="0" index="3" bw="32" slack="0"/>
<pin id="185" dir="0" index="4" bw="73" slack="0"/>
<pin id="186" dir="0" index="5" bw="4" slack="0"/>
<pin id="187" dir="0" index="6" bw="64" slack="0"/>
<pin id="188" dir="0" index="7" bw="16" slack="0"/>
<pin id="189" dir="0" index="8" bw="16" slack="0"/>
<pin id="190" dir="0" index="9" bw="4" slack="0"/>
<pin id="191" dir="0" index="10" bw="64" slack="0"/>
<pin id="192" dir="0" index="11" bw="8" slack="0"/>
<pin id="193" dir="0" index="12" bw="16" slack="0"/>
<pin id="194" dir="0" index="13" bw="8" slack="0"/>
<pin id="195" dir="0" index="14" bw="1" slack="0"/>
<pin id="196" dir="0" index="15" bw="8" slack="0"/>
<pin id="197" dir="0" index="16" bw="16" slack="0"/>
<pin id="198" dir="0" index="17" bw="32" slack="0"/>
<pin id="199" dir="0" index="18" bw="32" slack="0"/>
<pin id="200" dir="0" index="19" bw="16" slack="0"/>
<pin id="201" dir="0" index="20" bw="16" slack="0"/>
<pin id="202" dir="0" index="21" bw="8" slack="0"/>
<pin id="203" dir="1" index="22" bw="0" slack="2147483647"/>
</pin_list>
<bind>
<opcode="call(48) " fcode="call"/>
<opset="StgValue_11/1 "/>
</bind>
</comp>

<comp id="226" class="1004" name="grp_sessionID_table_stea_fu_226">
<pin_list>
<pin id="227" dir="0" index="0" bw="0" slack="0"/>
<pin id="228" dir="0" index="1" bw="8" slack="0"/>
<pin id="229" dir="0" index="2" bw="32" slack="0"/>
<pin id="230" dir="0" index="3" bw="16" slack="0"/>
<pin id="231" dir="0" index="4" bw="8" slack="0"/>
<pin id="232" dir="0" index="5" bw="16" slack="0"/>
<pin id="233" dir="0" index="6" bw="8" slack="0"/>
<pin id="234" dir="0" index="7" bw="16" slack="0"/>
<pin id="235" dir="0" index="8" bw="8" slack="0"/>
<pin id="236" dir="0" index="9" bw="16" slack="0"/>
<pin id="237" dir="1" index="10" bw="0" slack="2147483647"/>
</pin_list>
<bind>
<opcode="call(48) " fcode="call"/>
<opset="StgValue_16/4 "/>
</bind>
</comp>

<comp id="248" class="1004" name="grp_tcp_to_galapagos_int_fu_248">
<pin_list>
<pin id="249" dir="0" index="0" bw="0" slack="0"/>
<pin id="250" dir="0" index="1" bw="16" slack="0"/>
<pin id="251" dir="0" index="2" bw="73" slack="0"/>
<pin id="252" dir="0" index="3" bw="73" slack="0"/>
<pin id="253" dir="0" index="4" bw="3" slack="0"/>
<pin id="254" dir="0" index="5" bw="16" slack="0"/>
<pin id="255" dir="0" index="6" bw="64" slack="0"/>
<pin id="256" dir="0" index="7" bw="8" slack="0"/>
<pin id="257" dir="0" index="8" bw="1" slack="0"/>
<pin id="258" dir="0" index="9" bw="8" slack="0"/>
<pin id="259" dir="0" index="10" bw="8" slack="0"/>
<pin id="260" dir="0" index="11" bw="16" slack="0"/>
<pin id="261" dir="0" index="12" bw="8" slack="0"/>
<pin id="262" dir="0" index="13" bw="16" slack="0"/>
<pin id="263" dir="1" index="14" bw="0" slack="2147483647"/>
</pin_list>
<bind>
<opcode="call(48) " fcode="call"/>
<opset="StgValue_13/2 "/>
</bind>
</comp>

<comp id="278" class="1004" name="grp_open_connections_fu_278">
<pin_list>
<pin id="279" dir="0" index="0" bw="0" slack="0"/>
<pin id="280" dir="0" index="1" bw="48" slack="0"/>
<pin id="281" dir="0" index="2" bw="17" slack="0"/>
<pin id="282" dir="0" index="3" bw="32" slack="0"/>
<pin id="283" dir="0" index="4" bw="1" slack="0"/>
<pin id="284" dir="0" index="5" bw="16" slack="0"/>
<pin id="285" dir="1" index="6" bw="0" slack="2147483647"/>
</pin_list>
<bind>
<opcode="call(48) " fcode="call"/>
<opset="StgValue_21/9 "/>
</bind>
</comp>

<comp id="292" class="1004" name="grp_open_port_fu_292">
<pin_list>
<pin id="293" dir="0" index="0" bw="0" slack="0"/>
<pin id="294" dir="0" index="1" bw="16" slack="0"/>
<pin id="295" dir="0" index="2" bw="1" slack="0"/>
<pin id="296" dir="0" index="3" bw="81" slack="0"/>
<pin id="297" dir="0" index="4" bw="32" slack="0"/>
<pin id="298" dir="0" index="5" bw="1" slack="0"/>
<pin id="299" dir="0" index="6" bw="1" slack="0"/>
<pin id="300" dir="1" index="7" bw="0" slack="2147483647"/>
</pin_list>
<bind>
<opcode="call(48) " fcode="call"/>
<opset="StgValue_22/9 "/>
</bind>
</comp>

</comp_list>

<net_list>
<net id="204"><net_src comp="88" pin="0"/><net_sink comp="180" pin=0"/></net>

<net id="205"><net_src comp="0" pin="0"/><net_sink comp="180" pin=1"/></net>

<net id="206"><net_src comp="10" pin="0"/><net_sink comp="180" pin=2"/></net>

<net id="207"><net_src comp="2" pin="0"/><net_sink comp="180" pin=3"/></net>

<net id="208"><net_src comp="8" pin="0"/><net_sink comp="180" pin=4"/></net>

<net id="209"><net_src comp="26" pin="0"/><net_sink comp="180" pin=5"/></net>

<net id="210"><net_src comp="28" pin="0"/><net_sink comp="180" pin=6"/></net>

<net id="211"><net_src comp="30" pin="0"/><net_sink comp="180" pin=7"/></net>

<net id="212"><net_src comp="32" pin="0"/><net_sink comp="180" pin=8"/></net>

<net id="213"><net_src comp="34" pin="0"/><net_sink comp="180" pin=9"/></net>

<net id="214"><net_src comp="36" pin="0"/><net_sink comp="180" pin=10"/></net>

<net id="215"><net_src comp="38" pin="0"/><net_sink comp="180" pin=11"/></net>

<net id="216"><net_src comp="40" pin="0"/><net_sink comp="180" pin=12"/></net>

<net id="217"><net_src comp="42" pin="0"/><net_sink comp="180" pin=13"/></net>

<net id="218"><net_src comp="44" pin="0"/><net_sink comp="180" pin=14"/></net>

<net id="219"><net_src comp="46" pin="0"/><net_sink comp="180" pin=15"/></net>

<net id="220"><net_src comp="48" pin="0"/><net_sink comp="180" pin=16"/></net>

<net id="221"><net_src comp="50" pin="0"/><net_sink comp="180" pin=17"/></net>

<net id="222"><net_src comp="52" pin="0"/><net_sink comp="180" pin=18"/></net>

<net id="223"><net_src comp="54" pin="0"/><net_sink comp="180" pin=19"/></net>

<net id="224"><net_src comp="56" pin="0"/><net_sink comp="180" pin=20"/></net>

<net id="225"><net_src comp="58" pin="0"/><net_sink comp="180" pin=21"/></net>

<net id="238"><net_src comp="92" pin="0"/><net_sink comp="226" pin=0"/></net>

<net id="239"><net_src comp="78" pin="0"/><net_sink comp="226" pin=1"/></net>

<net id="240"><net_src comp="86" pin="0"/><net_sink comp="226" pin=2"/></net>

<net id="241"><net_src comp="80" pin="0"/><net_sink comp="226" pin=3"/></net>

<net id="242"><net_src comp="82" pin="0"/><net_sink comp="226" pin=4"/></net>

<net id="243"><net_src comp="84" pin="0"/><net_sink comp="226" pin=5"/></net>

<net id="244"><net_src comp="46" pin="0"/><net_sink comp="226" pin=6"/></net>

<net id="245"><net_src comp="48" pin="0"/><net_sink comp="226" pin=7"/></net>

<net id="246"><net_src comp="58" pin="0"/><net_sink comp="226" pin=8"/></net>

<net id="247"><net_src comp="56" pin="0"/><net_sink comp="226" pin=9"/></net>

<net id="264"><net_src comp="90" pin="0"/><net_sink comp="248" pin=0"/></net>

<net id="265"><net_src comp="20" pin="0"/><net_sink comp="248" pin=1"/></net>

<net id="266"><net_src comp="22" pin="0"/><net_sink comp="248" pin=2"/></net>

<net id="267"><net_src comp="24" pin="0"/><net_sink comp="248" pin=3"/></net>

<net id="268"><net_src comp="66" pin="0"/><net_sink comp="248" pin=4"/></net>

<net id="269"><net_src comp="68" pin="0"/><net_sink comp="248" pin=5"/></net>

<net id="270"><net_src comp="70" pin="0"/><net_sink comp="248" pin=6"/></net>

<net id="271"><net_src comp="72" pin="0"/><net_sink comp="248" pin=7"/></net>

<net id="272"><net_src comp="74" pin="0"/><net_sink comp="248" pin=8"/></net>

<net id="273"><net_src comp="76" pin="0"/><net_sink comp="248" pin=9"/></net>

<net id="274"><net_src comp="78" pin="0"/><net_sink comp="248" pin=10"/></net>

<net id="275"><net_src comp="80" pin="0"/><net_sink comp="248" pin=11"/></net>

<net id="276"><net_src comp="82" pin="0"/><net_sink comp="248" pin=12"/></net>

<net id="277"><net_src comp="84" pin="0"/><net_sink comp="248" pin=13"/></net>

<net id="286"><net_src comp="94" pin="0"/><net_sink comp="278" pin=0"/></net>

<net id="287"><net_src comp="4" pin="0"/><net_sink comp="278" pin=1"/></net>

<net id="288"><net_src comp="6" pin="0"/><net_sink comp="278" pin=2"/></net>

<net id="289"><net_src comp="52" pin="0"/><net_sink comp="278" pin=3"/></net>

<net id="290"><net_src comp="60" pin="0"/><net_sink comp="278" pin=4"/></net>

<net id="291"><net_src comp="54" pin="0"/><net_sink comp="278" pin=5"/></net>

<net id="301"><net_src comp="96" pin="0"/><net_sink comp="292" pin=0"/></net>

<net id="302"><net_src comp="12" pin="0"/><net_sink comp="292" pin=1"/></net>

<net id="303"><net_src comp="14" pin="0"/><net_sink comp="292" pin=2"/></net>

<net id="304"><net_src comp="16" pin="0"/><net_sink comp="292" pin=3"/></net>

<net id="305"><net_src comp="18" pin="0"/><net_sink comp="292" pin=4"/></net>

<net id="306"><net_src comp="62" pin="0"/><net_sink comp="292" pin=5"/></net>

<net id="307"><net_src comp="64" pin="0"/><net_sink comp="292" pin=6"/></net>

</net_list>

</model> 
---------------- Datapath Model END ------------------

* FSMD analyzer results:
  - Output states:
	Port: txMetaData_V | {3 }
	Port: openConnection_V | {10 }
	Port: txData_V | {3 }
	Port: listenPort_V_V | {10 }
	Port: readRequest_V | {10 }
	Port: txGalapagosBridge_V | {3 }
	Port: state_out_V | {1 }
	Port: header_out_V | {3 }
	Port: size_out_V | {3 }
	Port: sessionID_out_V | {3 }
	Port: state_1 | {1 }
	Port: header_data_V | {3 }
	Port: dest_V | {1 }
	Port: sessionID_V | {2 }
	Port: header_keep_V | {2 }
	Port: header_last_V | {2 }
	Port: g2t_read_dest_V_V | {2 }
	Port: g2t_read_sid_V_V | {10 }
	Port: ip_fifo_V_V | {3 }
	Port: sessionID_fifo_V_V | {10 }
	Port: g2t_write_sid_V_V | {2 }
	Port: g2t_write_dest_V_V | {2 }
	Port: wait_for_connection | {9 }
	Port: listenDone | {9 }
	Port: waitPortStatus | {9 }
	Port: state | {2 }
	Port: sessionID_V_1 | {2 }
	Port: currWord_data_V | {2 }
	Port: currWord_keep_V | {2 }
	Port: currWord_last_V | {2 }
	Port: src_V | {2 }
	Port: t2g_read_dest_V_V | {3 }
	Port: t2g_read_sid_V_V | {10 }
	Port: t2g_write_dest_V_V | {3 }
	Port: t2g_write_sid_V_V | {3 }
	Port: sessionID_table_V | {8 }
 - Input state : 
	Port: network_bridge_tcp : rxGalapagosBridge_V | {1 }
	Port: network_bridge_tcp : openConStatus_V | {9 }
	Port: network_bridge_tcp : txStatus_V_V | {1 }
	Port: network_bridge_tcp : listenPortStatus_V | {9 }
	Port: network_bridge_tcp : notifications_V | {9 }
	Port: network_bridge_tcp : rxMetaData_V_V | {2 }
	Port: network_bridge_tcp : rxData_V | {2 }
	Port: network_bridge_tcp : state_1 | {1 }
	Port: network_bridge_tcp : header_data_V | {3 }
	Port: network_bridge_tcp : dest_V | {1 }
	Port: network_bridge_tcp : sessionID_V | {2 }
	Port: network_bridge_tcp : header_keep_V | {3 }
	Port: network_bridge_tcp : header_last_V | {3 }
	Port: network_bridge_tcp : g2t_read_dest_V_V | {6 }
	Port: network_bridge_tcp : g2t_read_sid_V_V | {1 }
	Port: network_bridge_tcp : ip_table_V | {1 2 }
	Port: network_bridge_tcp : ip_fifo_V_V | {9 }
	Port: network_bridge_tcp : sessionID_fifo_V_V | {1 }
	Port: network_bridge_tcp : g2t_write_sid_V_V | {7 }
	Port: network_bridge_tcp : g2t_write_dest_V_V | {7 }
	Port: network_bridge_tcp : wait_for_connection | {9 }
	Port: network_bridge_tcp : listenDone | {9 }
	Port: network_bridge_tcp : waitPortStatus | {9 }
	Port: network_bridge_tcp : state | {2 }
	Port: network_bridge_tcp : sessionID_V_1 | {3 }
	Port: network_bridge_tcp : currWord_data_V | {3 }
	Port: network_bridge_tcp : currWord_keep_V | {3 }
	Port: network_bridge_tcp : currWord_last_V | {3 }
	Port: network_bridge_tcp : src_V | {3 }
	Port: network_bridge_tcp : t2g_read_dest_V_V | {4 }
	Port: network_bridge_tcp : t2g_read_sid_V_V | {2 }
	Port: network_bridge_tcp : t2g_write_dest_V_V | {5 }
	Port: network_bridge_tcp : t2g_write_sid_V_V | {5 }
	Port: network_bridge_tcp : sessionID_table_V | {8 9 }
  - Chain level:
	State 1
	State 2
	State 3
	State 4
	State 5
	State 6
	State 7
	State 8
	State 9
	State 10


============================================================
+ Verbose Summary: Datapath Resource usage 
============================================================

* Functional unit list:
|----------|---------------------------------|---------|---------|---------|
| Operation|         Functional Unit         |  Delay  |    FF   |   LUT   |
|----------|---------------------------------|---------|---------|---------|
|          | grp_galapagos_to_tcp_int_fu_180 |   3.34  |   263   |    80   |
|          | grp_sessionID_table_stea_fu_226 |  2.004  |   118   |    42   |
|   call   | grp_tcp_to_galapagos_int_fu_248 |  0.835  |    88   |    25   |
|          |   grp_open_connections_fu_278   |    0    |    51   |    4    |
|          |       grp_open_port_fu_292      |    0    |    37   |    15   |
|----------|---------------------------------|---------|---------|---------|
|   Total  |                                 |  6.179  |   557   |   166   |
|----------|---------------------------------|---------|---------|---------|

Memories:
+-----------------+--------+--------+--------+
|                 |  BRAM  |   FF   |   LUT  |
+-----------------+--------+--------+--------+
|sessionID_table_V|    1   |    0   |    0   |
+-----------------+--------+--------+--------+
|      Total      |    1   |    0   |    0   |
+-----------------+--------+--------+--------+

* Register list:
N/A

* Multiplexer (MUX) list: 
|--------|------|------|------|--------|
|  Comp  |  Pin | Size |  BW  | S x BW |
|--------|------|------|------|--------|
|  Total |      |      |      |    0   |
|--------|------|------|------|--------|



* Summary:
+-----------+--------+--------+--------+--------+
|           |  BRAM  |  Delay |   FF   |   LUT  |
+-----------+--------+--------+--------+--------+
|  Function |    -   |    6   |   557  |   166  |
|   Memory  |    1   |    -   |    0   |    0   |
|Multiplexer|    -   |    -   |    -   |    -   |
|  Register |    -   |    -   |    -   |    -   |
+-----------+--------+--------+--------+--------+
|   Total   |    1   |    6   |   557  |   166  |
+-----------+--------+--------+--------+--------+
