

================================================================
== Vivado HLS Report for 'network_bridge_tcp'
================================================================
* Date:           Wed Aug 12 00:41:22 2020

* Version:        2018.1 (Build 2188600 on Wed Apr 04 19:04:02 MDT 2018)
* Project:        network_bridge_tcp
* Solution:       solution1
* Product family: kintexu
* Target device:  xcku115-flva1517-2-e


================================================================
== Performance Estimates
================================================================
+ Timing (ns): 
    * Summary: 
    +--------+-------+----------+------------+
    |  Clock | Target| Estimated| Uncertainty|
    +--------+-------+----------+------------+
    |ap_clk  |   4.00|      4.92|        0.50|
    +--------+-------+----------+------------+

+ Latency (clock cycles): 
    * Summary: 
    +-----+-----+-----+-----+----------+
    |  Latency  |  Interval | Pipeline |
    | min | max | min | max |   Type   |
    +-----+-----+-----+-----+----------+
    |    8|    8|    1|    1| dataflow |
    +-----+-----+-----+-----+----------+

    + Detail: 
        * Instance: 
        N/A

        * Loop: 
        N/A

============================================================
+ Verbose Summary: Synthesis Manager
============================================================
InlineROM: 1
ExposeGlobal: 1
============================================================
+ Verbose Summary: CDFG Model
============================================================
IsTopModel: 1
ResetActiveHigh: 1
IsCombinational: 2
IsDatapathOnly: 0
HasWiredReturn: 1
HasMFsm: 0
HasVarLatency: 1
IsPipeline: 0
IsRtlPipelined: 0
IsInstanceOverlapped: 0
IsDontTouch: 0
HasImplIP: 0
IsGatedGlobalClock: 0


============================================================
+ Verbose Summary: Schedule
============================================================
* Number of FSM states : 10
* Pipeline : 0
* Dataflow Pipeline: 1
  DF-Pipeline-0: Size = 10, States = { 1 2 3 4 5 6 7 8 9 10 }

* FSM state transitions: 
1 --> 
	2  / true
2 --> 
	3  / true
3 --> 
	4  / true
4 --> 
	5  / true
5 --> 
	6  / true
6 --> 
	7  / true
7 --> 
	8  / true
8 --> 
	9  / true
9 --> 
	10  / true
10 --> 

* FSM state operations: 

 <State 1> : 0.00ns
ST_1 : Operation 11 [3/3] (0.00ns)   --->   "call fastcc void @galapagos_to_tcp_int(i73* %rxGalapagosBridge_V, i17* %txStatus_V_V, i32* %txMetaData_V, i73* %txData_V, i4* nocapture %state_out_V, i64* nocapture %header_out_V, i16* nocapture %size_out_V, i16* nocapture %sessionID_out_V)"   --->   Core 0 '' <Latency = 0> <II = 1> <Delay = 1.00> <Generic> <Opcode : >

 <State 2> : 0.00ns
ST_2 : Operation 12 [2/3] (0.00ns)   --->   "call fastcc void @galapagos_to_tcp_int(i73* %rxGalapagosBridge_V, i17* %txStatus_V_V, i32* %txMetaData_V, i73* %txData_V, i4* nocapture %state_out_V, i64* nocapture %header_out_V, i16* nocapture %size_out_V, i16* nocapture %sessionID_out_V)"   --->   Core 0 '' <Latency = 0> <II = 1> <Delay = 1.00> <Generic> <Opcode : >
ST_2 : Operation 13 [2/2] (0.00ns)   --->   "call fastcc void @tcp_to_galapagos_int(i16* %rxMetaData_V_V, i73* %rxData_V, i73* %txGalapagosBridge_V)"   --->   Core 0 '' <Latency = 0> <II = 1> <Delay = 1.00> <Generic> <Opcode : >

 <State 3> : 1.42ns
ST_3 : Operation 14 [1/3] (1.41ns)   --->   "call fastcc void @galapagos_to_tcp_int(i73* %rxGalapagosBridge_V, i17* %txStatus_V_V, i32* %txMetaData_V, i73* %txData_V, i4* nocapture %state_out_V, i64* nocapture %header_out_V, i16* nocapture %size_out_V, i16* nocapture %sessionID_out_V)"   --->   Core 0 '' <Latency = 0> <II = 1> <Delay = 1.00> <Generic> <Opcode : >
ST_3 : Operation 15 [1/2] (0.00ns)   --->   "call fastcc void @tcp_to_galapagos_int(i16* %rxMetaData_V_V, i73* %rxData_V, i73* %txGalapagosBridge_V)"   --->   Core 0 '' <Latency = 0> <II = 1> <Delay = 1.00> <Generic> <Opcode : >

 <State 4> : 0.00ns
ST_4 : Operation 16 [7/7] (0.00ns)   --->   "call fastcc void @sessionID_table_stea() nounwind uwtable" [/home/user/galapagos/middleware/hls/network_bridge_tcp/src/network_bridge_tcp.cpp:699]   --->   Core 0 '' <Latency = 0> <II = 1> <Delay = 1.00> <Generic> <Opcode : >

 <State 5> : 0.00ns
ST_5 : Operation 17 [6/7] (0.00ns)   --->   "call fastcc void @sessionID_table_stea() nounwind uwtable" [/home/user/galapagos/middleware/hls/network_bridge_tcp/src/network_bridge_tcp.cpp:699]   --->   Core 0 '' <Latency = 0> <II = 1> <Delay = 1.00> <Generic> <Opcode : >

 <State 6> : 0.00ns
ST_6 : Operation 18 [5/7] (0.00ns)   --->   "call fastcc void @sessionID_table_stea() nounwind uwtable" [/home/user/galapagos/middleware/hls/network_bridge_tcp/src/network_bridge_tcp.cpp:699]   --->   Core 0 '' <Latency = 0> <II = 1> <Delay = 1.00> <Generic> <Opcode : >

 <State 7> : 0.00ns
ST_7 : Operation 19 [4/7] (0.00ns)   --->   "call fastcc void @sessionID_table_stea() nounwind uwtable" [/home/user/galapagos/middleware/hls/network_bridge_tcp/src/network_bridge_tcp.cpp:699]   --->   Core 0 '' <Latency = 0> <II = 1> <Delay = 1.00> <Generic> <Opcode : >

 <State 8> : 0.00ns
ST_8 : Operation 20 [3/7] (0.00ns)   --->   "call fastcc void @sessionID_table_stea() nounwind uwtable" [/home/user/galapagos/middleware/hls/network_bridge_tcp/src/network_bridge_tcp.cpp:699]   --->   Core 0 '' <Latency = 0> <II = 1> <Delay = 1.00> <Generic> <Opcode : >

 <State 9> : 0.00ns
ST_9 : Operation 21 [2/2] (0.00ns)   --->   "call fastcc void @open_connections(i48* %openConnection_V, i17* %openConStatus_V)"   --->   Core 0 '' <Latency = 0> <II = 1> <Delay = 1.00> <Generic> <Opcode : >
ST_9 : Operation 22 [2/2] (0.00ns)   --->   "call fastcc void @open_port(i16* %listenPort_V_V, i1* %listenPortStatus_V, i81* %notifications_V, i32* %readRequest_V)"   --->   Core 0 '' <Latency = 0> <II = 1> <Delay = 1.00> <Generic> <Opcode : >
ST_9 : Operation 23 [2/7] (0.00ns)   --->   "call fastcc void @sessionID_table_stea() nounwind uwtable" [/home/user/galapagos/middleware/hls/network_bridge_tcp/src/network_bridge_tcp.cpp:699]   --->   Core 0 '' <Latency = 0> <II = 1> <Delay = 1.00> <Generic> <Opcode : >

 <State 10> : 0.00ns
ST_10 : Operation 24 [1/1] (0.00ns)   --->   "call void (...)* @_ssdm_op_SpecDataflowPipeline(i32 -1, [1 x i8]* @p_str) nounwind" [/home/user/galapagos/middleware/hls/network_bridge_tcp/src/network_bridge_tcp.cpp:585]
ST_10 : Operation 25 [1/1] (0.00ns)   --->   "%empty = call i32 (...)* @_ssdm_op_SpecChannel([18 x i8]* @g2t_read_dest_OC_V_O, i32 1, [1 x i8]* @p_str, [1 x i8]* @p_str, i32 2, i32 1, i8* @g2t_read_dest_V_V, i8* @g2t_read_dest_V_V)"
ST_10 : Operation 26 [1/1] (0.00ns)   --->   "call void (...)* @_ssdm_op_SpecInterface(i8* @g2t_read_dest_V_V, [8 x i8]* @ap_fifo_str, i32 0, i32 0, [1 x i8]* @p_str, i32 0, i32 0, [1 x i8]* @p_str, [1 x i8]* @p_str, [1 x i8]* @p_str, i32 2, i32 2, i32 16, i32 16, [1 x i8]* @p_str, [1 x i8]* @p_str)"
ST_10 : Operation 27 [1/1] (0.00ns)   --->   "%empty_11 = call i32 (...)* @_ssdm_op_SpecChannel([17 x i8]* @g2t_read_sid_OC_V_OC, i32 1, [1 x i8]* @p_str, [1 x i8]* @p_str, i32 2, i32 1, i16* @g2t_read_sid_V_V, i16* @g2t_read_sid_V_V)"
ST_10 : Operation 28 [1/1] (0.00ns)   --->   "call void (...)* @_ssdm_op_SpecInterface(i16* @g2t_read_sid_V_V, [8 x i8]* @ap_fifo_str, i32 0, i32 0, [1 x i8]* @p_str, i32 0, i32 0, [1 x i8]* @p_str, [1 x i8]* @p_str, [1 x i8]* @p_str, i32 2, i32 2, i32 16, i32 16, [1 x i8]* @p_str, [1 x i8]* @p_str)"
ST_10 : Operation 29 [1/1] (0.00ns)   --->   "%empty_12 = call i32 (...)* @_ssdm_op_SpecChannel([19 x i8]* @g2t_write_dest_OC_V_s, i32 1, [1 x i8]* @p_str, [1 x i8]* @p_str, i32 2, i32 1, i8* @g2t_write_dest_V_V, i8* @g2t_write_dest_V_V)"
ST_10 : Operation 30 [1/1] (0.00ns)   --->   "call void (...)* @_ssdm_op_SpecInterface(i8* @g2t_write_dest_V_V, [8 x i8]* @ap_fifo_str, i32 0, i32 0, [1 x i8]* @p_str, i32 0, i32 0, [1 x i8]* @p_str, [1 x i8]* @p_str, [1 x i8]* @p_str, i32 2, i32 2, i32 16, i32 16, [1 x i8]* @p_str, [1 x i8]* @p_str)"
ST_10 : Operation 31 [1/1] (0.00ns)   --->   "%empty_13 = call i32 (...)* @_ssdm_op_SpecChannel([18 x i8]* @g2t_write_sid_OC_V_O, i32 1, [1 x i8]* @p_str, [1 x i8]* @p_str, i32 2, i32 1, i16* @g2t_write_sid_V_V, i16* @g2t_write_sid_V_V)"
ST_10 : Operation 32 [1/1] (0.00ns)   --->   "call void (...)* @_ssdm_op_SpecInterface(i16* @g2t_write_sid_V_V, [8 x i8]* @ap_fifo_str, i32 0, i32 0, [1 x i8]* @p_str, i32 0, i32 0, [1 x i8]* @p_str, [1 x i8]* @p_str, [1 x i8]* @p_str, i32 2, i32 2, i32 16, i32 16, [1 x i8]* @p_str, [1 x i8]* @p_str)"
ST_10 : Operation 33 [1/1] (0.00ns)   --->   "%empty_14 = call i32 (...)* @_ssdm_op_SpecChannel([12 x i8]* @ip_fifo_OC_V_OC_V_st, i32 1, [1 x i8]* @p_str, [1 x i8]* @p_str, i32 2, i32 1, i32* @ip_fifo_V_V, i32* @ip_fifo_V_V)"
ST_10 : Operation 34 [1/1] (0.00ns)   --->   "call void (...)* @_ssdm_op_SpecInterface(i32* @ip_fifo_V_V, [8 x i8]* @ap_fifo_str, i32 0, i32 0, [1 x i8]* @p_str, i32 0, i32 0, [1 x i8]* @p_str, [1 x i8]* @p_str, [1 x i8]* @p_str, i32 2, i32 2, i32 16, i32 16, [1 x i8]* @p_str, [1 x i8]* @p_str)"
ST_10 : Operation 35 [1/1] (0.00ns)   --->   "%empty_15 = call i32 (...)* @_ssdm_op_SpecChannel([19 x i8]* @sessionID_fifo_OC_V_s, i32 1, [1 x i8]* @p_str, [1 x i8]* @p_str, i32 2, i32 1, i16* @sessionID_fifo_V_V, i16* @sessionID_fifo_V_V)"
ST_10 : Operation 36 [1/1] (0.00ns)   --->   "call void (...)* @_ssdm_op_SpecInterface(i16* @sessionID_fifo_V_V, [8 x i8]* @ap_fifo_str, i32 0, i32 0, [1 x i8]* @p_str, i32 0, i32 0, [1 x i8]* @p_str, [1 x i8]* @p_str, [1 x i8]* @p_str, i32 2, i32 2, i32 16, i32 16, [1 x i8]* @p_str, [1 x i8]* @p_str)"
ST_10 : Operation 37 [1/1] (0.00ns)   --->   "%empty_16 = call i32 (...)* @_ssdm_op_SpecChannel([18 x i8]* @t2g_read_dest_OC_V_O, i32 1, [1 x i8]* @p_str, [1 x i8]* @p_str, i32 2, i32 1, i8* @t2g_read_dest_V_V, i8* @t2g_read_dest_V_V)"
ST_10 : Operation 38 [1/1] (0.00ns)   --->   "call void (...)* @_ssdm_op_SpecInterface(i8* @t2g_read_dest_V_V, [8 x i8]* @ap_fifo_str, i32 0, i32 0, [1 x i8]* @p_str, i32 0, i32 0, [1 x i8]* @p_str, [1 x i8]* @p_str, [1 x i8]* @p_str, i32 2, i32 2, i32 16, i32 16, [1 x i8]* @p_str, [1 x i8]* @p_str)"
ST_10 : Operation 39 [1/1] (0.00ns)   --->   "%empty_17 = call i32 (...)* @_ssdm_op_SpecChannel([17 x i8]* @t2g_read_sid_OC_V_OC, i32 1, [1 x i8]* @p_str, [1 x i8]* @p_str, i32 2, i32 1, i16* @t2g_read_sid_V_V, i16* @t2g_read_sid_V_V)"
ST_10 : Operation 40 [1/1] (0.00ns)   --->   "call void (...)* @_ssdm_op_SpecInterface(i16* @t2g_read_sid_V_V, [8 x i8]* @ap_fifo_str, i32 0, i32 0, [1 x i8]* @p_str, i32 0, i32 0, [1 x i8]* @p_str, [1 x i8]* @p_str, [1 x i8]* @p_str, i32 2, i32 2, i32 16, i32 16, [1 x i8]* @p_str, [1 x i8]* @p_str)"
ST_10 : Operation 41 [1/1] (0.00ns)   --->   "%empty_18 = call i32 (...)* @_ssdm_op_SpecChannel([19 x i8]* @t2g_write_dest_OC_V_s, i32 1, [1 x i8]* @p_str, [1 x i8]* @p_str, i32 2, i32 1, i8* @t2g_write_dest_V_V, i8* @t2g_write_dest_V_V)"
ST_10 : Operation 42 [1/1] (0.00ns)   --->   "call void (...)* @_ssdm_op_SpecInterface(i8* @t2g_write_dest_V_V, [8 x i8]* @ap_fifo_str, i32 0, i32 0, [1 x i8]* @p_str, i32 0, i32 0, [1 x i8]* @p_str, [1 x i8]* @p_str, [1 x i8]* @p_str, i32 2, i32 2, i32 16, i32 16, [1 x i8]* @p_str, [1 x i8]* @p_str)"
ST_10 : Operation 43 [1/1] (0.00ns)   --->   "%empty_19 = call i32 (...)* @_ssdm_op_SpecChannel([18 x i8]* @t2g_write_sid_OC_V_O, i32 1, [1 x i8]* @p_str, [1 x i8]* @p_str, i32 2, i32 1, i16* @t2g_write_sid_V_V, i16* @t2g_write_sid_V_V)"
ST_10 : Operation 44 [1/1] (0.00ns)   --->   "call void (...)* @_ssdm_op_SpecInterface(i16* @t2g_write_sid_V_V, [8 x i8]* @ap_fifo_str, i32 0, i32 0, [1 x i8]* @p_str, i32 0, i32 0, [1 x i8]* @p_str, [1 x i8]* @p_str, [1 x i8]* @p_str, i32 2, i32 2, i32 16, i32 16, [1 x i8]* @p_str, [1 x i8]* @p_str)"
ST_10 : Operation 45 [1/1] (0.00ns)   --->   "call void (...)* @_ssdm_op_SpecInterface(i73* %txGalapagosBridge_V, [8 x i8]* @ap_fifo_str, i32 0, i32 0, [1 x i8]* @p_str, i32 0, i32 0, [1 x i8]* @p_str, [1 x i8]* @p_str, [1 x i8]* @p_str, i32 2, i32 2, i32 16, i32 16, [1 x i8]* @p_str, [1 x i8]* @p_str)"
ST_10 : Operation 46 [1/1] (0.00ns)   --->   "call void (...)* @_ssdm_op_SpecInterface(i73* %rxData_V, [8 x i8]* @ap_fifo_str, i32 0, i32 0, [1 x i8]* @p_str, i32 0, i32 0, [1 x i8]* @p_str, [1 x i8]* @p_str, [1 x i8]* @p_str, i32 2, i32 2, i32 16, i32 16, [1 x i8]* @p_str, [1 x i8]* @p_str)"
ST_10 : Operation 47 [1/1] (0.00ns)   --->   "call void (...)* @_ssdm_op_SpecInterface(i16* %rxMetaData_V_V, [8 x i8]* @ap_fifo_str, i32 0, i32 0, [1 x i8]* @p_str, i32 0, i32 0, [1 x i8]* @p_str, [1 x i8]* @p_str, [1 x i8]* @p_str, i32 2, i32 2, i32 16, i32 16, [1 x i8]* @p_str, [1 x i8]* @p_str)"
ST_10 : Operation 48 [1/1] (0.00ns)   --->   "call void (...)* @_ssdm_op_SpecInterface(i32* %readRequest_V, [8 x i8]* @ap_fifo_str, i32 0, i32 0, [1 x i8]* @p_str, i32 0, i32 0, [1 x i8]* @p_str, [1 x i8]* @p_str, [1 x i8]* @p_str, i32 2, i32 2, i32 16, i32 16, [1 x i8]* @p_str, [1 x i8]* @p_str)"
ST_10 : Operation 49 [1/1] (0.00ns)   --->   "call void (...)* @_ssdm_op_SpecInterface(i81* %notifications_V, [8 x i8]* @ap_fifo_str, i32 0, i32 0, [1 x i8]* @p_str, i32 0, i32 0, [1 x i8]* @p_str, [1 x i8]* @p_str, [1 x i8]* @p_str, i32 2, i32 2, i32 16, i32 16, [1 x i8]* @p_str, [1 x i8]* @p_str)"
ST_10 : Operation 50 [1/1] (0.00ns)   --->   "call void (...)* @_ssdm_op_SpecInterface(i1* %listenPortStatus_V, [8 x i8]* @ap_fifo_str, i32 0, i32 0, [1 x i8]* @p_str, i32 0, i32 0, [1 x i8]* @p_str, [1 x i8]* @p_str, [1 x i8]* @p_str, i32 2, i32 2, i32 16, i32 16, [1 x i8]* @p_str, [1 x i8]* @p_str)"
ST_10 : Operation 51 [1/1] (0.00ns)   --->   "call void (...)* @_ssdm_op_SpecInterface(i16* %listenPort_V_V, [8 x i8]* @ap_fifo_str, i32 0, i32 0, [1 x i8]* @p_str, i32 0, i32 0, [1 x i8]* @p_str, [1 x i8]* @p_str, [1 x i8]* @p_str, i32 2, i32 2, i32 16, i32 16, [1 x i8]* @p_str, [1 x i8]* @p_str)"
ST_10 : Operation 52 [1/1] (0.00ns)   --->   "call void (...)* @_ssdm_op_SpecInterface(i17* %txStatus_V_V, [8 x i8]* @ap_fifo_str, i32 0, i32 0, [1 x i8]* @p_str, i32 0, i32 0, [1 x i8]* @p_str, [1 x i8]* @p_str, [1 x i8]* @p_str, i32 2, i32 2, i32 16, i32 16, [1 x i8]* @p_str, [1 x i8]* @p_str)"
ST_10 : Operation 53 [1/1] (0.00ns)   --->   "call void (...)* @_ssdm_op_SpecInterface(i73* %txData_V, [8 x i8]* @ap_fifo_str, i32 0, i32 0, [1 x i8]* @p_str, i32 0, i32 0, [1 x i8]* @p_str, [1 x i8]* @p_str, [1 x i8]* @p_str, i32 2, i32 2, i32 16, i32 16, [1 x i8]* @p_str, [1 x i8]* @p_str)"
ST_10 : Operation 54 [1/1] (0.00ns)   --->   "call void (...)* @_ssdm_op_SpecInterface(i17* %openConStatus_V, [8 x i8]* @ap_fifo_str, i32 0, i32 0, [1 x i8]* @p_str, i32 0, i32 0, [1 x i8]* @p_str, [1 x i8]* @p_str, [1 x i8]* @p_str, i32 2, i32 2, i32 16, i32 16, [1 x i8]* @p_str, [1 x i8]* @p_str)"
ST_10 : Operation 55 [1/1] (0.00ns)   --->   "call void (...)* @_ssdm_op_SpecInterface(i48* %openConnection_V, [8 x i8]* @ap_fifo_str, i32 0, i32 0, [1 x i8]* @p_str, i32 0, i32 0, [1 x i8]* @p_str, [1 x i8]* @p_str, [1 x i8]* @p_str, i32 2, i32 2, i32 16, i32 16, [1 x i8]* @p_str, [1 x i8]* @p_str)"
ST_10 : Operation 56 [1/1] (0.00ns)   --->   "call void (...)* @_ssdm_op_SpecInterface(i32* %txMetaData_V, [8 x i8]* @ap_fifo_str, i32 0, i32 0, [1 x i8]* @p_str, i32 0, i32 0, [1 x i8]* @p_str, [1 x i8]* @p_str, [1 x i8]* @p_str, i32 2, i32 2, i32 16, i32 16, [1 x i8]* @p_str, [1 x i8]* @p_str)"
ST_10 : Operation 57 [1/1] (0.00ns)   --->   "call void (...)* @_ssdm_op_SpecInterface(i73* %rxGalapagosBridge_V, [8 x i8]* @ap_fifo_str, i32 0, i32 0, [1 x i8]* @p_str, i32 0, i32 0, [1 x i8]* @p_str, [1 x i8]* @p_str, [1 x i8]* @p_str, i32 2, i32 2, i32 16, i32 16, [1 x i8]* @p_str, [1 x i8]* @p_str)"
ST_10 : Operation 58 [1/1] (0.00ns)   --->   "call void (...)* @_ssdm_op_SpecBitsMap(i73* %txGalapagosBridge_V), !map !235"
ST_10 : Operation 59 [1/1] (0.00ns)   --->   "call void (...)* @_ssdm_op_SpecBitsMap(i73* %rxData_V), !map !247"
ST_10 : Operation 60 [1/1] (0.00ns)   --->   "call void (...)* @_ssdm_op_SpecBitsMap(i32* %readRequest_V), !map !257"
ST_10 : Operation 61 [1/1] (0.00ns)   --->   "call void (...)* @_ssdm_op_SpecBitsMap(i81* %notifications_V), !map !264"
ST_10 : Operation 62 [1/1] (0.00ns)   --->   "call void (...)* @_ssdm_op_SpecBitsMap(i73* %txData_V), !map !280"
ST_10 : Operation 63 [1/1] (0.00ns)   --->   "call void (...)* @_ssdm_op_SpecBitsMap(i17* %openConStatus_V), !map !290"
ST_10 : Operation 64 [1/1] (0.00ns)   --->   "call void (...)* @_ssdm_op_SpecBitsMap(i48* %openConnection_V), !map !297"
ST_10 : Operation 65 [1/1] (0.00ns)   --->   "call void (...)* @_ssdm_op_SpecBitsMap(i32* %txMetaData_V), !map !304"
ST_10 : Operation 66 [1/1] (0.00ns)   --->   "call void (...)* @_ssdm_op_SpecBitsMap(i73* %rxGalapagosBridge_V), !map !311"
ST_10 : Operation 67 [1/1] (0.00ns)   --->   "call void (...)* @_ssdm_op_SpecBitsMap(i17* %txStatus_V_V), !map !321"
ST_10 : Operation 68 [1/1] (0.00ns)   --->   "call void (...)* @_ssdm_op_SpecBitsMap(i16* %listenPort_V_V), !map !325"
ST_10 : Operation 69 [1/1] (0.00ns)   --->   "call void (...)* @_ssdm_op_SpecBitsMap(i1* %listenPortStatus_V), !map !329"
ST_10 : Operation 70 [1/1] (0.00ns)   --->   "call void (...)* @_ssdm_op_SpecBitsMap(i16* %rxMetaData_V_V), !map !333"
ST_10 : Operation 71 [1/1] (0.00ns)   --->   "call void (...)* @_ssdm_op_SpecBitsMap(i4* %state_out_V), !map !337"
ST_10 : Operation 72 [1/1] (0.00ns)   --->   "call void (...)* @_ssdm_op_SpecBitsMap(i64* %header_out_V), !map !341"
ST_10 : Operation 73 [1/1] (0.00ns)   --->   "call void (...)* @_ssdm_op_SpecBitsMap(i16* %size_out_V), !map !345"
ST_10 : Operation 74 [1/1] (0.00ns)   --->   "call void (...)* @_ssdm_op_SpecBitsMap(i16* %sessionID_out_V), !map !349"
ST_10 : Operation 75 [1/1] (0.00ns)   --->   "call void (...)* @_ssdm_op_SpecTopModule([19 x i8]* @network_bridge_tcp_s) nounwind"
ST_10 : Operation 76 [1/1] (0.00ns)   --->   "call void (...)* @_ssdm_op_SpecInterface(i32 0, [13 x i8]* @p_str23, i32 0, i32 0, [1 x i8]* @p_str, i32 0, i32 0, [1 x i8]* @p_str, [1 x i8]* @p_str, [1 x i8]* @p_str, i32 0, i32 0, i32 0, i32 0, [1 x i8]* @p_str, [1 x i8]* @p_str) nounwind" [/home/user/galapagos/middleware/hls/network_bridge_tcp/src/network_bridge_tcp.cpp:474]
ST_10 : Operation 77 [1/1] (0.00ns)   --->   "call void (...)* @_ssdm_op_SpecDataflowPipeline(i32 -1, [1 x i8]* @p_str) nounwind" [/home/user/galapagos/middleware/hls/network_bridge_tcp/src/network_bridge_tcp.cpp:475]
ST_10 : Operation 78 [1/1] (0.00ns)   --->   "call void (...)* @_ssdm_op_SpecIFCore(i73* %rxGalapagosBridge_V, [1 x i8]* @p_str, [5 x i8]* @p_str24, [1 x i8]* @p_str, i32 -1, [1 x i8]* @p_str, [1 x i8]* @p_str, [1 x i8]* @p_str, [1 x i8]* @p_str, [37 x i8]* @p_str25)"
ST_10 : Operation 79 [1/1] (0.00ns)   --->   "call void (...)* @_ssdm_op_SpecIFCore(i73* %txGalapagosBridge_V, [1 x i8]* @p_str, [5 x i8]* @p_str24, [1 x i8]* @p_str, i32 -1, [1 x i8]* @p_str, [1 x i8]* @p_str, [1 x i8]* @p_str, [1 x i8]* @p_str, [37 x i8]* @p_str26)"
ST_10 : Operation 80 [1/1] (0.00ns)   --->   "call void (...)* @_ssdm_op_SpecIFCore(i16* %listenPort_V_V, [1 x i8]* @p_str, [5 x i8]* @p_str24, [1 x i8]* @p_str, i32 -1, [1 x i8]* @p_str, [1 x i8]* @p_str, [1 x i8]* @p_str, [1 x i8]* @p_str, [31 x i8]* @p_str27)" [/home/user/galapagos/middleware/hls/network_bridge_tcp/src/network_bridge_tcp.cpp:478]
ST_10 : Operation 81 [1/1] (0.00ns)   --->   "call void (...)* @_ssdm_op_SpecIFCore(i1* %listenPortStatus_V, [1 x i8]* @p_str, [5 x i8]* @p_str24, [1 x i8]* @p_str, i32 -1, [1 x i8]* @p_str, [1 x i8]* @p_str, [1 x i8]* @p_str, [1 x i8]* @p_str, [38 x i8]* @p_str28)" [/home/user/galapagos/middleware/hls/network_bridge_tcp/src/network_bridge_tcp.cpp:479]
ST_10 : Operation 82 [1/1] (0.00ns)   --->   "call void (...)* @_ssdm_op_SpecIFCore(i48* %openConnection_V, [1 x i8]* @p_str, [5 x i8]* @p_str24, [1 x i8]* @p_str, i32 -1, [1 x i8]* @p_str, [1 x i8]* @p_str, [1 x i8]* @p_str, [1 x i8]* @p_str, [35 x i8]* @p_str29)"
ST_10 : Operation 83 [1/1] (0.00ns)   --->   "call void (...)* @_ssdm_op_SpecIFCore(i17* %openConStatus_V, [1 x i8]* @p_str, [5 x i8]* @p_str24, [1 x i8]* @p_str, i32 -1, [1 x i8]* @p_str, [1 x i8]* @p_str, [1 x i8]* @p_str, [1 x i8]* @p_str, [31 x i8]* @p_str30)"
ST_10 : Operation 84 [1/1] (0.00ns)   --->   "call void (...)* @_ssdm_op_SpecIFCore(i81* %notifications_V, [1 x i8]* @p_str, [5 x i8]* @p_str24, [1 x i8]* @p_str, i32 -1, [1 x i8]* @p_str, [1 x i8]* @p_str, [1 x i8]* @p_str, [1 x i8]* @p_str, [33 x i8]* @p_str31)"
ST_10 : Operation 85 [1/1] (0.00ns)   --->   "call void (...)* @_ssdm_op_SpecIFCore(i32* %readRequest_V, [1 x i8]* @p_str, [5 x i8]* @p_str24, [1 x i8]* @p_str, i32 -1, [1 x i8]* @p_str, [1 x i8]* @p_str, [1 x i8]* @p_str, [1 x i8]* @p_str, [32 x i8]* @p_str32)"
ST_10 : Operation 86 [1/1] (0.00ns)   --->   "call void (...)* @_ssdm_op_SpecIFCore(i16* %rxMetaData_V_V, [1 x i8]* @p_str, [5 x i8]* @p_str24, [1 x i8]* @p_str, i32 -1, [1 x i8]* @p_str, [1 x i8]* @p_str, [1 x i8]* @p_str, [1 x i8]* @p_str, [31 x i8]* @p_str33)" [/home/user/galapagos/middleware/hls/network_bridge_tcp/src/network_bridge_tcp.cpp:485]
ST_10 : Operation 87 [1/1] (0.00ns)   --->   "call void (...)* @_ssdm_op_SpecIFCore(i73* %rxData_V, [1 x i8]* @p_str, [5 x i8]* @p_str24, [1 x i8]* @p_str, i32 -1, [1 x i8]* @p_str, [1 x i8]* @p_str, [1 x i8]* @p_str, [1 x i8]* @p_str, [27 x i8]* @p_str34)"
ST_10 : Operation 88 [1/1] (0.00ns)   --->   "call void (...)* @_ssdm_op_SpecIFCore(i32* %txMetaData_V, [1 x i8]* @p_str, [5 x i8]* @p_str24, [1 x i8]* @p_str, i32 -1, [1 x i8]* @p_str, [1 x i8]* @p_str, [1 x i8]* @p_str, [1 x i8]* @p_str, [31 x i8]* @p_str35)"
ST_10 : Operation 89 [1/1] (0.00ns)   --->   "call void (...)* @_ssdm_op_SpecIFCore(i73* %txData_V, [1 x i8]* @p_str, [5 x i8]* @p_str24, [1 x i8]* @p_str, i32 -1, [1 x i8]* @p_str, [1 x i8]* @p_str, [1 x i8]* @p_str, [1 x i8]* @p_str, [27 x i8]* @p_str36)"
ST_10 : Operation 90 [1/1] (0.00ns)   --->   "call void (...)* @_ssdm_op_SpecIFCore(i17* %txStatus_V_V, [1 x i8]* @p_str, [5 x i8]* @p_str24, [1 x i8]* @p_str, i32 -1, [1 x i8]* @p_str, [1 x i8]* @p_str, [1 x i8]* @p_str, [1 x i8]* @p_str, [29 x i8]* @p_str37)" [/home/user/galapagos/middleware/hls/network_bridge_tcp/src/network_bridge_tcp.cpp:489]
ST_10 : Operation 91 [1/1] (0.00ns)   --->   "call void (...)* @_ssdm_op_SpecIFCore(i16* %listenPort_V_V, [1 x i8]* @p_str, [11 x i8]* @p_str38, [1 x i8]* @p_str, i32 -1, [1 x i8]* @p_str, [1 x i8]* @p_str, [1 x i8]* @p_str, [1 x i8]* @p_str, [31 x i8]* @p_str27)" [/home/user/galapagos/middleware/hls/network_bridge_tcp/src/network_bridge_tcp.cpp:587]
ST_10 : Operation 92 [1/1] (0.00ns)   --->   "call void (...)* @_ssdm_op_SpecIFCore(i1* %listenPortStatus_V, [1 x i8]* @p_str, [11 x i8]* @p_str38, [1 x i8]* @p_str, i32 -1, [1 x i8]* @p_str, [1 x i8]* @p_str, [1 x i8]* @p_str, [1 x i8]* @p_str, [38 x i8]* @p_str39)" [/home/user/galapagos/middleware/hls/network_bridge_tcp/src/network_bridge_tcp.cpp:588]
ST_10 : Operation 93 [1/2] (0.00ns)   --->   "call fastcc void @open_connections(i48* %openConnection_V, i17* %openConStatus_V)"   --->   Core 0 '' <Latency = 0> <II = 1> <Delay = 1.00> <Generic> <Opcode : >
ST_10 : Operation 94 [1/2] (0.00ns)   --->   "call fastcc void @open_port(i16* %listenPort_V_V, i1* %listenPortStatus_V, i81* %notifications_V, i32* %readRequest_V)"   --->   Core 0 '' <Latency = 0> <II = 1> <Delay = 1.00> <Generic> <Opcode : >
ST_10 : Operation 95 [1/7] (0.00ns)   --->   "call fastcc void @sessionID_table_stea() nounwind uwtable" [/home/user/galapagos/middleware/hls/network_bridge_tcp/src/network_bridge_tcp.cpp:699]   --->   Core 0 '' <Latency = 0> <II = 1> <Delay = 1.00> <Generic> <Opcode : >
ST_10 : Operation 96 [1/1] (0.00ns)   --->   "ret void" [/home/user/galapagos/middleware/hls/network_bridge_tcp/src/network_bridge_tcp.cpp:710]


============================================================
+ Verbose Summary: Timing violations
============================================================
Target clock period: 4ns, clock uncertainty: 0.5ns.

 <State 1>: 0ns
The critical path consists of the following:

 <State 2>: 0ns
The critical path consists of the following:

 <State 3>: 1.42ns
The critical path consists of the following:
	'call' operation to 'galapagos_to_tcp_int' [114]  (1.42 ns)

 <State 4>: 0ns
The critical path consists of the following:

 <State 5>: 0ns
The critical path consists of the following:

 <State 6>: 0ns
The critical path consists of the following:

 <State 7>: 0ns
The critical path consists of the following:

 <State 8>: 0ns
The critical path consists of the following:

 <State 9>: 0ns
The critical path consists of the following:

 <State 10>: 0ns
The critical path consists of the following:


============================================================
+ Verbose Summary: Binding
============================================================
N/A
* FSMD analyzer results:
  - Output states:
 - Input state : 
  - Chain level:
	State 1
	State 2
	State 3
	State 4
	State 5
	State 6
	State 7
	State 8
	State 9
	State 10


============================================================
+ Verbose Summary: Datapath Resource usage 
============================================================
N/A
