

================================================================
== Vivado HLS Report for 'sessionID_table_stea'
================================================================
* Date:           Wed Aug 12 00:41:22 2020

* Version:        2018.1 (Build 2188600 on Wed Apr 04 19:04:02 MDT 2018)
* Project:        network_bridge_tcp
* Solution:       solution1
* Product family: kintexu
* Target device:  xcku115-flva1517-2-e


================================================================
== Performance Estimates
================================================================
+ Timing (ns): 
    * Summary: 
    +--------+-------+----------+------------+
    |  Clock | Target| Estimated| Uncertainty|
    +--------+-------+----------+------------+
    |ap_clk  |   4.00|      1.77|        0.50|
    +--------+-------+----------+------------+

+ Latency (clock cycles): 
    * Summary: 
    +-----+-----+-----+-----+----------+
    |  Latency  |  Interval | Pipeline |
    | min | max | min | max |   Type   |
    +-----+-----+-----+-----+----------+
    |    6|    6|    1|    1| function |
    +-----+-----+-----+-----+----------+

    + Detail: 
        * Instance: 
        N/A

        * Loop: 
        N/A

============================================================
+ Verbose Summary: Synthesis Manager
============================================================
InlineROM: 1
ExposeGlobal: 1
============================================================
+ Verbose Summary: CDFG Model
============================================================
IsTopModel: 0
ResetActiveHigh: 1
IsCombinational: 2
IsDatapathOnly: 0
HasWiredReturn: 1
HasMFsm: 2
HasVarLatency: 0
IsPipeline: 1
IsRtlPipelined: 1
IsInstanceOverlapped: 0
IsDontTouch: 0
HasImplIP: 0
IsGatedGlobalClock: 0

+ Individual pipeline summary: 
  * Pipeline-0: initiation interval (II) = 1, depth = 7


============================================================
+ Verbose Summary: Schedule
============================================================
* Number of FSM states : 7
* Pipeline : 1
  Pipeline-0 : II = 1, D = 7, States = { 1 2 3 4 5 6 7 }
* Dataflow Pipeline: 0

* FSM state transitions: 
1 --> 
	2  / true
2 --> 
	3  / true
3 --> 
	4  / true
4 --> 
	5  / true
5 --> 
	6  / true
6 --> 
	7  / true
7 --> 

* FSM state operations: 

 <State 1> : 1.75ns
ST_1 : Operation 8 [1/1] (0.00ns)   --->   "%tmp = call i1 @_ssdm_op_NbReadReq.ap_fifo.i8P(i8* @t2g_read_dest_V_V, i32 1) nounwind" [/home/user/galapagos/middleware/hls/network_bridge_tcp/src/network_bridge_tcp.cpp:35]   --->   Core 32 'FIFO' <Latency = 0> <II = 1> <Delay = 2.26> <Storage> <Opcode : 'read' 'write' 'nbread' 'nbwrite'> <Ports = 0> <Width = 16> <Depth = 2> <FIFO>
ST_1 : Operation 9 [1/1] (0.00ns)   --->   "br i1 %tmp, label %0, label %1" [/home/user/galapagos/middleware/hls/network_bridge_tcp/src/network_bridge_tcp.cpp:35]
ST_1 : Operation 10 [1/1] (1.75ns)   --->   "%tmp_V = call i8 @_ssdm_op_Read.ap_fifo.volatile.i8P(i8* @t2g_read_dest_V_V) nounwind" [/home/user/galapagos/middleware/hls/network_bridge_tcp/src/network_bridge_tcp.cpp:36]   --->   Core 32 'FIFO' <Latency = 0> <II = 1> <Delay = 2.26> <Storage> <Opcode : 'read' 'write' 'nbread' 'nbwrite'> <Ports = 0> <Width = 16> <Depth = 2> <FIFO>

 <State 2> : 1.75ns
ST_2 : Operation 11 [1/1] (0.00ns)   --->   "%tmp_4 = call i1 @_ssdm_op_NbReadReq.ap_fifo.i8P(i8* @t2g_write_dest_V_V, i32 1) nounwind" [/home/user/galapagos/middleware/hls/network_bridge_tcp/src/network_bridge_tcp.cpp:37]   --->   Core 32 'FIFO' <Latency = 0> <II = 1> <Delay = 2.26> <Storage> <Opcode : 'read' 'write' 'nbread' 'nbwrite'> <Ports = 0> <Width = 16> <Depth = 2> <FIFO>
ST_2 : Operation 12 [1/1] (0.00ns)   --->   "br i1 %tmp_4, label %2, label %._crit_edge1.i" [/home/user/galapagos/middleware/hls/network_bridge_tcp/src/network_bridge_tcp.cpp:37]
ST_2 : Operation 13 [1/1] (0.00ns)   --->   "%tmp_5 = call i1 @_ssdm_op_NbReadReq.ap_fifo.i16P(i16* @t2g_write_sid_V_V, i32 1) nounwind" [/home/user/galapagos/middleware/hls/network_bridge_tcp/src/network_bridge_tcp.cpp:37]   --->   Core 32 'FIFO' <Latency = 0> <II = 1> <Delay = 2.26> <Storage> <Opcode : 'read' 'write' 'nbread' 'nbwrite'> <Ports = 0> <Width = 16> <Depth = 2> <FIFO>
ST_2 : Operation 14 [1/1] (0.00ns)   --->   "br i1 %tmp_5, label %3, label %._crit_edge1.i" [/home/user/galapagos/middleware/hls/network_bridge_tcp/src/network_bridge_tcp.cpp:37]
ST_2 : Operation 15 [1/1] (1.75ns)   --->   "%tmp_V_6 = call i8 @_ssdm_op_Read.ap_fifo.volatile.i8P(i8* @t2g_write_dest_V_V) nounwind" [/home/user/galapagos/middleware/hls/network_bridge_tcp/src/network_bridge_tcp.cpp:38]   --->   Core 32 'FIFO' <Latency = 0> <II = 1> <Delay = 2.26> <Storage> <Opcode : 'read' 'write' 'nbread' 'nbwrite'> <Ports = 0> <Width = 16> <Depth = 2> <FIFO>
ST_2 : Operation 16 [1/1] (1.75ns)   --->   "%tmp_V_7 = call i16 @_ssdm_op_Read.ap_fifo.volatile.i16P(i16* @t2g_write_sid_V_V) nounwind" [/home/user/galapagos/middleware/hls/network_bridge_tcp/src/network_bridge_tcp.cpp:38]   --->   Core 32 'FIFO' <Latency = 0> <II = 1> <Delay = 2.26> <Storage> <Opcode : 'read' 'write' 'nbread' 'nbwrite'> <Ports = 0> <Width = 16> <Depth = 2> <FIFO>

 <State 3> : 1.75ns
ST_3 : Operation 17 [1/1] (0.00ns)   --->   "%tmp_6 = call i1 @_ssdm_op_NbReadReq.ap_fifo.i8P(i8* @g2t_read_dest_V_V, i32 1) nounwind" [/home/user/galapagos/middleware/hls/network_bridge_tcp/src/network_bridge_tcp.cpp:39]   --->   Core 32 'FIFO' <Latency = 0> <II = 1> <Delay = 2.26> <Storage> <Opcode : 'read' 'write' 'nbread' 'nbwrite'> <Ports = 0> <Width = 16> <Depth = 2> <FIFO>
ST_3 : Operation 18 [1/1] (0.00ns)   --->   "br i1 %tmp_6, label %4, label %5" [/home/user/galapagos/middleware/hls/network_bridge_tcp/src/network_bridge_tcp.cpp:39]
ST_3 : Operation 19 [1/1] (1.75ns)   --->   "%tmp_V_8 = call i8 @_ssdm_op_Read.ap_fifo.volatile.i8P(i8* @g2t_read_dest_V_V) nounwind" [/home/user/galapagos/middleware/hls/network_bridge_tcp/src/network_bridge_tcp.cpp:40]   --->   Core 32 'FIFO' <Latency = 0> <II = 1> <Delay = 2.26> <Storage> <Opcode : 'read' 'write' 'nbread' 'nbwrite'> <Ports = 0> <Width = 16> <Depth = 2> <FIFO>

 <State 4> : 1.75ns
ST_4 : Operation 20 [1/1] (0.00ns)   --->   "%tmp_7 = call i1 @_ssdm_op_NbReadReq.ap_fifo.i8P(i8* @g2t_write_dest_V_V, i32 1) nounwind" [/home/user/galapagos/middleware/hls/network_bridge_tcp/src/network_bridge_tcp.cpp:41]   --->   Core 32 'FIFO' <Latency = 0> <II = 1> <Delay = 2.26> <Storage> <Opcode : 'read' 'write' 'nbread' 'nbwrite'> <Ports = 0> <Width = 16> <Depth = 2> <FIFO>
ST_4 : Operation 21 [1/1] (0.00ns)   --->   "br i1 %tmp_7, label %6, label %._crit_edge3.i" [/home/user/galapagos/middleware/hls/network_bridge_tcp/src/network_bridge_tcp.cpp:41]
ST_4 : Operation 22 [1/1] (0.00ns)   --->   "%tmp_8 = call i1 @_ssdm_op_NbReadReq.ap_fifo.i16P(i16* @g2t_write_sid_V_V, i32 1) nounwind" [/home/user/galapagos/middleware/hls/network_bridge_tcp/src/network_bridge_tcp.cpp:41]   --->   Core 32 'FIFO' <Latency = 0> <II = 1> <Delay = 2.26> <Storage> <Opcode : 'read' 'write' 'nbread' 'nbwrite'> <Ports = 0> <Width = 16> <Depth = 2> <FIFO>
ST_4 : Operation 23 [1/1] (0.00ns)   --->   "br i1 %tmp_8, label %7, label %._crit_edge3.i" [/home/user/galapagos/middleware/hls/network_bridge_tcp/src/network_bridge_tcp.cpp:41]
ST_4 : Operation 24 [1/1] (1.75ns)   --->   "%tmp_V_10 = call i8 @_ssdm_op_Read.ap_fifo.volatile.i8P(i8* @g2t_write_dest_V_V) nounwind" [/home/user/galapagos/middleware/hls/network_bridge_tcp/src/network_bridge_tcp.cpp:42]   --->   Core 32 'FIFO' <Latency = 0> <II = 1> <Delay = 2.26> <Storage> <Opcode : 'read' 'write' 'nbread' 'nbwrite'> <Ports = 0> <Width = 16> <Depth = 2> <FIFO>
ST_4 : Operation 25 [1/1] (1.75ns)   --->   "%tmp_V_11 = call i16 @_ssdm_op_Read.ap_fifo.volatile.i16P(i16* @g2t_write_sid_V_V) nounwind" [/home/user/galapagos/middleware/hls/network_bridge_tcp/src/network_bridge_tcp.cpp:42]   --->   Core 32 'FIFO' <Latency = 0> <II = 1> <Delay = 2.26> <Storage> <Opcode : 'read' 'write' 'nbread' 'nbwrite'> <Ports = 0> <Width = 16> <Depth = 2> <FIFO>

 <State 5> : 1.77ns
ST_5 : Operation 26 [1/1] (0.00ns)   --->   "%tmp_11_i = zext i8 %tmp_V_10 to i64" [/home/user/galapagos/middleware/hls/network_bridge_tcp/src/network_bridge_tcp.cpp:42]
ST_5 : Operation 27 [1/1] (0.00ns)   --->   "%p_3_i = zext i16 %tmp_V_11 to i32" [/home/user/galapagos/middleware/hls/network_bridge_tcp/src/network_bridge_tcp.cpp:42]
ST_5 : Operation 28 [1/1] (0.00ns)   --->   "%sessionID_table_V_ad_3 = getelementptr [256 x i32]* @sessionID_table_V, i64 0, i64 %tmp_11_i" [/home/user/galapagos/middleware/hls/network_bridge_tcp/src/network_bridge_tcp.cpp:42]
ST_5 : Operation 29 [1/1] (1.77ns)   --->   "store i32 %p_3_i, i32* %sessionID_table_V_ad_3, align 4" [/home/user/galapagos/middleware/hls/network_bridge_tcp/src/network_bridge_tcp.cpp:42]   --->   Core 37 'RAM' <Latency = 1> <II = 1> <Delay = 1.77> <Storage> <Opcode : 'load' 'store'> <Ports = 2> <Width = 32> <Depth = 256> <RAM>
ST_5 : Operation 30 [1/1] (0.00ns)   --->   "%tmp_9_i = zext i8 %tmp_V_8 to i64" [/home/user/galapagos/middleware/hls/network_bridge_tcp/src/network_bridge_tcp.cpp:40]
ST_5 : Operation 31 [1/1] (0.00ns)   --->   "%sessionID_table_V_ad_2 = getelementptr [256 x i32]* @sessionID_table_V, i64 0, i64 %tmp_9_i" [/home/user/galapagos/middleware/hls/network_bridge_tcp/src/network_bridge_tcp.cpp:40]
ST_5 : Operation 32 [2/2] (1.77ns)   --->   "%sessionID_table_V_lo_1 = load i32* %sessionID_table_V_ad_2, align 4" [/home/user/galapagos/middleware/hls/network_bridge_tcp/src/network_bridge_tcp.cpp:40]   --->   Core 37 'RAM' <Latency = 1> <II = 1> <Delay = 1.77> <Storage> <Opcode : 'load' 'store'> <Ports = 2> <Width = 32> <Depth = 256> <RAM>
ST_5 : Operation 33 [1/1] (0.00ns)   --->   "%tmp_8_i = zext i8 %tmp_V_6 to i64" [/home/user/galapagos/middleware/hls/network_bridge_tcp/src/network_bridge_tcp.cpp:38]
ST_5 : Operation 34 [1/1] (0.00ns)   --->   "%p_1_i = zext i16 %tmp_V_7 to i32" [/home/user/galapagos/middleware/hls/network_bridge_tcp/src/network_bridge_tcp.cpp:38]
ST_5 : Operation 35 [1/1] (0.00ns)   --->   "%sessionID_table_V_ad_1 = getelementptr [256 x i32]* @sessionID_table_V, i64 0, i64 %tmp_8_i" [/home/user/galapagos/middleware/hls/network_bridge_tcp/src/network_bridge_tcp.cpp:38]
ST_5 : Operation 36 [1/1] (1.77ns)   --->   "store i32 %p_1_i, i32* %sessionID_table_V_ad_1, align 4" [/home/user/galapagos/middleware/hls/network_bridge_tcp/src/network_bridge_tcp.cpp:38]   --->   Core 37 'RAM' <Latency = 1> <II = 1> <Delay = 1.77> <Storage> <Opcode : 'load' 'store'> <Ports = 2> <Width = 32> <Depth = 256> <RAM>
ST_5 : Operation 37 [1/1] (0.00ns)   --->   "%tmp_i = zext i8 %tmp_V to i64" [/home/user/galapagos/middleware/hls/network_bridge_tcp/src/network_bridge_tcp.cpp:36]
ST_5 : Operation 38 [1/1] (0.00ns)   --->   "%sessionID_table_V_ad = getelementptr [256 x i32]* @sessionID_table_V, i64 0, i64 %tmp_i" [/home/user/galapagos/middleware/hls/network_bridge_tcp/src/network_bridge_tcp.cpp:36]
ST_5 : Operation 39 [2/2] (1.77ns)   --->   "%sessionID_table_V_lo = load i32* %sessionID_table_V_ad, align 4" [/home/user/galapagos/middleware/hls/network_bridge_tcp/src/network_bridge_tcp.cpp:36]   --->   Core 37 'RAM' <Latency = 1> <II = 1> <Delay = 1.77> <Storage> <Opcode : 'load' 'store'> <Ports = 2> <Width = 32> <Depth = 256> <RAM>

 <State 6> : 1.77ns
ST_6 : Operation 40 [1/2] (1.77ns)   --->   "%sessionID_table_V_lo_1 = load i32* %sessionID_table_V_ad_2, align 4" [/home/user/galapagos/middleware/hls/network_bridge_tcp/src/network_bridge_tcp.cpp:40]   --->   Core 37 'RAM' <Latency = 1> <II = 1> <Delay = 1.77> <Storage> <Opcode : 'load' 'store'> <Ports = 2> <Width = 32> <Depth = 256> <RAM>
ST_6 : Operation 41 [1/1] (0.00ns)   --->   "%tmp_V_9 = trunc i32 %sessionID_table_V_lo_1 to i16" [/home/user/galapagos/middleware/hls/network_bridge_tcp/src/network_bridge_tcp.cpp:40]
ST_6 : Operation 42 [1/2] (1.77ns)   --->   "%sessionID_table_V_lo = load i32* %sessionID_table_V_ad, align 4" [/home/user/galapagos/middleware/hls/network_bridge_tcp/src/network_bridge_tcp.cpp:36]   --->   Core 37 'RAM' <Latency = 1> <II = 1> <Delay = 1.77> <Storage> <Opcode : 'load' 'store'> <Ports = 2> <Width = 32> <Depth = 256> <RAM>
ST_6 : Operation 43 [1/1] (0.00ns)   --->   "%tmp_V_5 = trunc i32 %sessionID_table_V_lo to i16" [/home/user/galapagos/middleware/hls/network_bridge_tcp/src/network_bridge_tcp.cpp:36]

 <State 7> : 1.75ns
ST_7 : Operation 44 [1/1] (0.00ns)   --->   "call void (...)* @_ssdm_op_SpecInterface(i8* @g2t_read_dest_V_V, [8 x i8]* @ap_fifo_str, i32 0, i32 0, [1 x i8]* @p_str, i32 0, i32 0, [1 x i8]* @p_str, [1 x i8]* @p_str, [1 x i8]* @p_str, i32 2, i32 2, i32 16, i32 16, [1 x i8]* @p_str, [1 x i8]* @p_str)"
ST_7 : Operation 45 [1/1] (0.00ns)   --->   "call void (...)* @_ssdm_op_SpecInterface(i16* @g2t_read_sid_V_V, [8 x i8]* @ap_fifo_str, i32 0, i32 0, [1 x i8]* @p_str, i32 0, i32 0, [1 x i8]* @p_str, [1 x i8]* @p_str, [1 x i8]* @p_str, i32 2, i32 2, i32 16, i32 16, [1 x i8]* @p_str, [1 x i8]* @p_str)"
ST_7 : Operation 46 [1/1] (0.00ns)   --->   "call void (...)* @_ssdm_op_SpecInterface(i8* @g2t_write_dest_V_V, [8 x i8]* @ap_fifo_str, i32 0, i32 0, [1 x i8]* @p_str, i32 0, i32 0, [1 x i8]* @p_str, [1 x i8]* @p_str, [1 x i8]* @p_str, i32 2, i32 2, i32 16, i32 16, [1 x i8]* @p_str, [1 x i8]* @p_str)"
ST_7 : Operation 47 [1/1] (0.00ns)   --->   "call void (...)* @_ssdm_op_SpecInterface(i16* @g2t_write_sid_V_V, [8 x i8]* @ap_fifo_str, i32 0, i32 0, [1 x i8]* @p_str, i32 0, i32 0, [1 x i8]* @p_str, [1 x i8]* @p_str, [1 x i8]* @p_str, i32 2, i32 2, i32 16, i32 16, [1 x i8]* @p_str, [1 x i8]* @p_str)"
ST_7 : Operation 48 [1/1] (0.00ns)   --->   "call void (...)* @_ssdm_op_SpecInterface(i8* @t2g_read_dest_V_V, [8 x i8]* @ap_fifo_str, i32 0, i32 0, [1 x i8]* @p_str, i32 0, i32 0, [1 x i8]* @p_str, [1 x i8]* @p_str, [1 x i8]* @p_str, i32 2, i32 2, i32 16, i32 16, [1 x i8]* @p_str, [1 x i8]* @p_str)"
ST_7 : Operation 49 [1/1] (0.00ns)   --->   "call void (...)* @_ssdm_op_SpecInterface(i16* @t2g_read_sid_V_V, [8 x i8]* @ap_fifo_str, i32 0, i32 0, [1 x i8]* @p_str, i32 0, i32 0, [1 x i8]* @p_str, [1 x i8]* @p_str, [1 x i8]* @p_str, i32 2, i32 2, i32 16, i32 16, [1 x i8]* @p_str, [1 x i8]* @p_str)"
ST_7 : Operation 50 [1/1] (0.00ns)   --->   "call void (...)* @_ssdm_op_SpecInterface(i8* @t2g_write_dest_V_V, [8 x i8]* @ap_fifo_str, i32 0, i32 0, [1 x i8]* @p_str, i32 0, i32 0, [1 x i8]* @p_str, [1 x i8]* @p_str, [1 x i8]* @p_str, i32 2, i32 2, i32 16, i32 16, [1 x i8]* @p_str, [1 x i8]* @p_str)"
ST_7 : Operation 51 [1/1] (0.00ns)   --->   "call void (...)* @_ssdm_op_SpecInterface(i16* @t2g_write_sid_V_V, [8 x i8]* @ap_fifo_str, i32 0, i32 0, [1 x i8]* @p_str, i32 0, i32 0, [1 x i8]* @p_str, [1 x i8]* @p_str, [1 x i8]* @p_str, i32 2, i32 2, i32 16, i32 16, [1 x i8]* @p_str, [1 x i8]* @p_str)"
ST_7 : Operation 52 [1/1] (0.00ns)   --->   "call void (...)* @_ssdm_op_SpecPipeline(i32 1, i32 1, i32 1, i32 0, [1 x i8]* @p_str) nounwind" [/home/user/galapagos/middleware/hls/network_bridge_tcp/src/network_bridge_tcp.cpp:28]
ST_7 : Operation 53 [1/1] (0.00ns)   --->   "br label %._crit_edge3.i" [/home/user/galapagos/middleware/hls/network_bridge_tcp/src/network_bridge_tcp.cpp:42]
ST_7 : Operation 54 [1/1] (0.00ns)   --->   "br label %8"
ST_7 : Operation 55 [1/1] (1.75ns)   --->   "call void @_ssdm_op_Write.ap_fifo.volatile.i16P(i16* @g2t_read_sid_V_V, i16 %tmp_V_9) nounwind" [/home/user/galapagos/middleware/hls/network_bridge_tcp/src/network_bridge_tcp.cpp:40]   --->   Core 32 'FIFO' <Latency = 0> <II = 1> <Delay = 2.26> <Storage> <Opcode : 'read' 'write' 'nbread' 'nbwrite'> <Ports = 0> <Width = 16> <Depth = 2> <FIFO>
ST_7 : Operation 56 [1/1] (0.00ns)   --->   "br label %8" [/home/user/galapagos/middleware/hls/network_bridge_tcp/src/network_bridge_tcp.cpp:40]
ST_7 : Operation 57 [1/1] (0.00ns)   --->   "br label %9"
ST_7 : Operation 58 [1/1] (0.00ns)   --->   "br label %9" [/home/user/galapagos/middleware/hls/network_bridge_tcp/src/network_bridge_tcp.cpp:38]
ST_7 : Operation 59 [1/1] (0.00ns)   --->   "br label %sessionID_table_steaming.exit"
ST_7 : Operation 60 [1/1] (1.75ns)   --->   "call void @_ssdm_op_Write.ap_fifo.volatile.i16P(i16* @t2g_read_sid_V_V, i16 %tmp_V_5) nounwind" [/home/user/galapagos/middleware/hls/network_bridge_tcp/src/network_bridge_tcp.cpp:36]   --->   Core 32 'FIFO' <Latency = 0> <II = 1> <Delay = 2.26> <Storage> <Opcode : 'read' 'write' 'nbread' 'nbwrite'> <Ports = 0> <Width = 16> <Depth = 2> <FIFO>
ST_7 : Operation 61 [1/1] (0.00ns)   --->   "br label %sessionID_table_steaming.exit" [/home/user/galapagos/middleware/hls/network_bridge_tcp/src/network_bridge_tcp.cpp:36]
ST_7 : Operation 62 [1/1] (0.00ns)   --->   "ret void"


============================================================
+ Verbose Summary: Timing violations
============================================================
Target clock period: 4ns, clock uncertainty: 0.5ns.

 <State 1>: 1.75ns
The critical path consists of the following:
	fifo read on port 't2g_read_dest_V_V' (/home/user/galapagos/middleware/hls/network_bridge_tcp/src/network_bridge_tcp.cpp:36) [67]  (1.75 ns)

 <State 2>: 1.75ns
The critical path consists of the following:
	fifo read on port 't2g_write_dest_V_V' (/home/user/galapagos/middleware/hls/network_bridge_tcp/src/network_bridge_tcp.cpp:38) [57]  (1.75 ns)

 <State 3>: 1.75ns
The critical path consists of the following:
	fifo read on port 'g2t_read_dest_V_V' (/home/user/galapagos/middleware/hls/network_bridge_tcp/src/network_bridge_tcp.cpp:40) [47]  (1.75 ns)

 <State 4>: 1.75ns
The critical path consists of the following:
	fifo read on port 'g2t_write_dest_V_V' (/home/user/galapagos/middleware/hls/network_bridge_tcp/src/network_bridge_tcp.cpp:42) [37]  (1.75 ns)

 <State 5>: 1.77ns
The critical path consists of the following:
	'getelementptr' operation ('sessionID_table_V_ad_3', /home/user/galapagos/middleware/hls/network_bridge_tcp/src/network_bridge_tcp.cpp:42) [41]  (0 ns)
	'store' operation (/home/user/galapagos/middleware/hls/network_bridge_tcp/src/network_bridge_tcp.cpp:42) of variable 'p_3_i', /home/user/galapagos/middleware/hls/network_bridge_tcp/src/network_bridge_tcp.cpp:42 on array 'sessionID_table_V' [42]  (1.77 ns)

 <State 6>: 1.77ns
The critical path consists of the following:
	'load' operation ('sessionID_table_V_lo_1', /home/user/galapagos/middleware/hls/network_bridge_tcp/src/network_bridge_tcp.cpp:40) on array 'sessionID_table_V' [50]  (1.77 ns)

 <State 7>: 1.75ns
The critical path consists of the following:
	fifo write on port 'g2t_read_sid_V_V' (/home/user/galapagos/middleware/hls/network_bridge_tcp/src/network_bridge_tcp.cpp:40) [52]  (1.75 ns)


============================================================
+ Verbose Summary: Binding
============================================================
N/A
* FSMD analyzer results:
  - Output states:
 - Input state : 
  - Chain level:
	State 1
	State 2
	State 3
	State 4
	State 5
	State 6
	State 7


============================================================
+ Verbose Summary: Datapath Resource usage 
============================================================
N/A
