

================================================================
== Vivado HLS Report for 'tcp_to_galapagos_int'
================================================================
* Date:           Wed Aug 12 00:41:21 2020

* Version:        2018.1 (Build 2188600 on Wed Apr 04 19:04:02 MDT 2018)
* Project:        network_bridge_tcp
* Solution:       solution1
* Product family: kintexu
* Target device:  xcku115-flva1517-2-e


================================================================
== Performance Estimates
================================================================
+ Timing (ns): 
    * Summary: 
    +--------+-------+----------+------------+
    |  Clock | Target| Estimated| Uncertainty|
    +--------+-------+----------+------------+
    |ap_clk  |   4.00|      4.21|        0.50|
    +--------+-------+----------+------------+

+ Latency (clock cycles): 
    * Summary: 
    +-----+-----+-----+-----+----------+
    |  Latency  |  Interval | Pipeline |
    | min | max | min | max |   Type   |
    +-----+-----+-----+-----+----------+
    |    1|    1|    1|    1| function |
    +-----+-----+-----+-----+----------+

    + Detail: 
        * Instance: 
        N/A

        * Loop: 
        N/A

============================================================
+ Verbose Summary: Synthesis Manager
============================================================
InlineROM: 1
ExposeGlobal: 1
============================================================
+ Verbose Summary: CDFG Model
============================================================
IsTopModel: 0
ResetActiveHigh: 1
IsCombinational: 2
IsDatapathOnly: 0
HasWiredReturn: 1
HasMFsm: 2
HasVarLatency: 0
IsPipeline: 1
IsRtlPipelined: 1
IsInstanceOverlapped: 0
IsDontTouch: 0
HasImplIP: 0
IsGatedGlobalClock: 0

+ Individual pipeline summary: 
  * Pipeline-0: initiation interval (II) = 1, depth = 2


============================================================
+ Verbose Summary: Schedule
============================================================
* Number of FSM states : 2
* Pipeline : 1
  Pipeline-0 : II = 1, D = 2, States = { 1 2 }
* Dataflow Pipeline: 0

* FSM state transitions: 
1 --> 
	2  / true
2 --> 

* FSM state operations: 

 <State 1> : 4.21ns
ST_1 : Operation 3 [1/1] (0.00ns)   --->   "%state_load = load i3* @state, align 1" [/home/user/galapagos/middleware/hls/network_bridge_tcp/src/network_bridge_tcp.cpp:148]
ST_1 : Operation 4 [1/1] (0.90ns)   --->   "switch i3 %state_load, label %tcp_to_galapagos_interface.exit [
    i3 0, label %0
    i3 1, label %2
    i3 2, label %4
    i3 3, label %6
    i3 -4, label %7
    i3 -3, label %8
  ]" [/home/user/galapagos/middleware/hls/network_bridge_tcp/src/network_bridge_tcp.cpp:148]
ST_1 : Operation 5 [1/1] (0.00ns)   --->   "%tmp_3 = call i1 @_ssdm_op_NbReadReq.ap_fifo.i73P(i73* %rxData_V, i32 1)"   --->   Core 5 'AXI4Stream' <Latency = 0> <II = 1> <Delay = 1.00> <Adapter> <Opcode : >
ST_1 : Operation 6 [1/1] (0.00ns)   --->   "%tmp_227 = call i73 @_ssdm_op_Read.ap_fifo.volatile.i73P(i73* %rxData_V)"   --->   Core 5 'AXI4Stream' <Latency = 0> <II = 1> <Delay = 1.00> <Adapter> <Opcode : >
ST_1 : Operation 7 [1/1] (1.16ns)   --->   "store i3 0, i3* @state, align 1" [/home/user/galapagos/middleware/hls/network_bridge_tcp/src/network_bridge_tcp.cpp:202]
ST_1 : Operation 8 [1/1] (1.16ns)   --->   "store i3 -3, i3* @state, align 1" [/home/user/galapagos/middleware/hls/network_bridge_tcp/src/network_bridge_tcp.cpp:195]
ST_1 : Operation 9 [1/1] (1.16ns)   --->   "store i3 -4, i3* @state, align 1" [/home/user/galapagos/middleware/hls/network_bridge_tcp/src/network_bridge_tcp.cpp:187]
ST_1 : Operation 10 [1/1] (0.00ns)   --->   "%tmp_2 = call i1 @_ssdm_op_NbReadReq.ap_fifo.i16P(i16* @t2g_read_sid_V_V, i32 1)" [/home/user/galapagos/middleware/hls/network_bridge_tcp/src/network_bridge_tcp.cpp:174]   --->   Core 32 'FIFO' <Latency = 0> <II = 1> <Delay = 2.26> <Storage> <Opcode : 'read' 'write' 'nbread' 'nbwrite'> <Ports = 0> <Width = 8> <Depth = 2> <FIFO>
ST_1 : Operation 11 [1/1] (0.00ns)   --->   "br i1 %tmp_2, label %5, label %._crit_edge8.i" [/home/user/galapagos/middleware/hls/network_bridge_tcp/src/network_bridge_tcp.cpp:174]
ST_1 : Operation 12 [1/1] (1.75ns)   --->   "%tmp_V_4 = call i16 @_ssdm_op_Read.ap_fifo.volatile.i16P(i16* @t2g_read_sid_V_V)" [/home/user/galapagos/middleware/hls/network_bridge_tcp/src/network_bridge_tcp.cpp:175]   --->   Core 32 'FIFO' <Latency = 0> <II = 1> <Delay = 2.26> <Storage> <Opcode : 'read' 'write' 'nbread' 'nbwrite'> <Ports = 0> <Width = 8> <Depth = 2> <FIFO>
ST_1 : Operation 13 [1/1] (1.09ns)   --->   "%tmp_i = icmp eq i16 %tmp_V_4, 1000" [/home/user/galapagos/middleware/hls/network_bridge_tcp/src/network_bridge_tcp.cpp:175]   --->   Core 25 'Cmp' <Latency = 0> <II = 1> <Delay = 1.09> <FuncUnit> <Opcode : 'icmp'> <InPorts = 2> <OutPorts = 1>
ST_1 : Operation 14 [1/1] (0.19ns)   --->   "%storemerge_i = select i1 %tmp_i, i3 3, i3 -4" [/home/user/galapagos/middleware/hls/network_bridge_tcp/src/network_bridge_tcp.cpp:175]   --->   Core 26 'Sel' <Latency = 0> <II = 1> <Delay = 0.19> <FuncUnit> <Opcode : 'select'> <InPorts = 3> <OutPorts = 1>
ST_1 : Operation 15 [1/1] (1.16ns)   --->   "store i3 %storemerge_i, i3* @state, align 1" [/home/user/galapagos/middleware/hls/network_bridge_tcp/src/network_bridge_tcp.cpp:176]
ST_1 : Operation 16 [1/1] (0.00ns)   --->   "%tmp_1 = call i1 @_ssdm_op_NbReadReq.ap_fifo.i73P(i73* %rxData_V, i32 1)"   --->   Core 5 'AXI4Stream' <Latency = 0> <II = 1> <Delay = 1.00> <Adapter> <Opcode : >
ST_1 : Operation 17 [1/1] (0.00ns)   --->   "%tmp14 = call i73 @_ssdm_op_Read.ap_fifo.volatile.i73P(i73* %rxData_V)"   --->   Core 5 'AXI4Stream' <Latency = 0> <II = 1> <Delay = 1.00> <Adapter> <Opcode : >
ST_1 : Operation 18 [1/1] (0.00ns)   --->   "%p_Val2_s = trunc i73 %tmp14 to i64" [/home/user/galapagos/middleware/hls/network_bridge_tcp/include/./toe.hpp:139->/home/user/galapagos/middleware/hls/network_bridge_tcp/src/network_bridge_tcp.cpp:163]
ST_1 : Operation 19 [1/1] (0.00ns)   --->   "store i64 %p_Val2_s, i64* @currWord_data_V, align 8" [/home/user/galapagos/middleware/hls/network_bridge_tcp/include/./toe.hpp:139->/home/user/galapagos/middleware/hls/network_bridge_tcp/src/network_bridge_tcp.cpp:163]
ST_1 : Operation 20 [1/1] (0.00ns)   --->   "%tmp_keep_V_1_load_ne = call i8 @_ssdm_op_PartSelect.i8.i73.i32.i32(i73 %tmp14, i32 64, i32 71)" [/home/user/galapagos/middleware/hls/network_bridge_tcp/include/./toe.hpp:139->/home/user/galapagos/middleware/hls/network_bridge_tcp/src/network_bridge_tcp.cpp:163]
ST_1 : Operation 21 [1/1] (0.00ns)   --->   "store i8 %tmp_keep_V_1_load_ne, i8* @currWord_keep_V, align 8" [/home/user/galapagos/middleware/hls/network_bridge_tcp/include/./toe.hpp:139->/home/user/galapagos/middleware/hls/network_bridge_tcp/src/network_bridge_tcp.cpp:163]
ST_1 : Operation 22 [1/1] (0.00ns)   --->   "%tmp_5 = call i1 @_ssdm_op_BitSelect.i1.i73.i32(i73 %tmp14, i32 72)" [/home/user/galapagos/middleware/hls/network_bridge_tcp/include/./toe.hpp:139->/home/user/galapagos/middleware/hls/network_bridge_tcp/src/network_bridge_tcp.cpp:163]
ST_1 : Operation 23 [1/1] (0.00ns)   --->   "store i1 %tmp_5, i1* @currWord_last_V, align 1" [/home/user/galapagos/middleware/hls/network_bridge_tcp/include/./toe.hpp:139->/home/user/galapagos/middleware/hls/network_bridge_tcp/src/network_bridge_tcp.cpp:163]
ST_1 : Operation 24 [1/1] (0.00ns)   --->   "%tmp_V_3 = call i8 @_ssdm_op_PartSelect.i8.i73.i32.i32(i73 %tmp14, i32 16, i32 23)" [/home/user/galapagos/middleware/hls/network_bridge_tcp/src/network_bridge_tcp.cpp:164]
ST_1 : Operation 25 [1/1] (0.00ns)   --->   "store i8 %tmp_V_3, i8* @src_V, align 1" [/home/user/galapagos/middleware/hls/network_bridge_tcp/src/network_bridge_tcp.cpp:164]
ST_1 : Operation 26 [1/1] (1.16ns)   --->   "store i3 2, i3* @state, align 1" [/home/user/galapagos/middleware/hls/network_bridge_tcp/src/network_bridge_tcp.cpp:166]
ST_1 : Operation 27 [1/1] (0.00ns)   --->   "%tmp_V_7_0 = call i16 @_ssdm_op_Read.ap_fifo.volatile.i16P(i16* %rxMetaData_V_V)" [/home/user/galapagos/middleware/hls/network_bridge_tcp/src/network_bridge_tcp.cpp:167]   --->   Core 5 'AXI4Stream' <Latency = 0> <II = 1> <Delay = 1.00> <Adapter> <Opcode : >
ST_1 : Operation 28 [1/1] (0.00ns)   --->   "%tmp = call i1 @_ssdm_op_NbReadReq.ap_fifo.i16P(i16* %rxMetaData_V_V, i32 1)" [/home/user/galapagos/middleware/hls/network_bridge_tcp/src/network_bridge_tcp.cpp:153]   --->   Core 5 'AXI4Stream' <Latency = 0> <II = 1> <Delay = 1.00> <Adapter> <Opcode : >
ST_1 : Operation 29 [1/1] (0.00ns)   --->   "%tmp_V_2 = call i16 @_ssdm_op_Read.ap_fifo.volatile.i16P(i16* %rxMetaData_V_V)" [/home/user/galapagos/middleware/hls/network_bridge_tcp/src/network_bridge_tcp.cpp:154]   --->   Core 5 'AXI4Stream' <Latency = 0> <II = 1> <Delay = 1.00> <Adapter> <Opcode : >
ST_1 : Operation 30 [1/1] (0.00ns)   --->   "store i16 %tmp_V_2, i16* @sessionID_V_1, align 2" [/home/user/galapagos/middleware/hls/network_bridge_tcp/src/network_bridge_tcp.cpp:154]
ST_1 : Operation 31 [1/1] (1.16ns)   --->   "store i3 1, i3* @state, align 1" [/home/user/galapagos/middleware/hls/network_bridge_tcp/src/network_bridge_tcp.cpp:155]

 <State 2> : 1.75ns
ST_2 : Operation 32 [1/1] (0.00ns)   --->   "call void (...)* @_ssdm_op_SpecIFCore(i73* %rxData_V, [1 x i8]* @p_str, [5 x i8]* @p_str24, [1 x i8]* @p_str, i32 -1, [1 x i8]* @p_str, [1 x i8]* @p_str, [1 x i8]* @p_str, [1 x i8]* @p_str, [27 x i8]* @p_str34)"
ST_2 : Operation 33 [1/1] (0.00ns)   --->   "call void (...)* @_ssdm_op_SpecIFCore(i16* %rxMetaData_V_V, [1 x i8]* @p_str, [5 x i8]* @p_str24, [1 x i8]* @p_str, i32 -1, [1 x i8]* @p_str, [1 x i8]* @p_str, [1 x i8]* @p_str, [1 x i8]* @p_str, [31 x i8]* @p_str33)"
ST_2 : Operation 34 [1/1] (0.00ns)   --->   "call void (...)* @_ssdm_op_SpecIFCore(i73* %txGalapagosBridge_V, [1 x i8]* @p_str, [5 x i8]* @p_str24, [1 x i8]* @p_str, i32 -1, [1 x i8]* @p_str, [1 x i8]* @p_str, [1 x i8]* @p_str, [1 x i8]* @p_str, [37 x i8]* @p_str26)"
ST_2 : Operation 35 [1/1] (0.00ns)   --->   "call void (...)* @_ssdm_op_SpecInterface(i16* %rxMetaData_V_V, [8 x i8]* @ap_fifo_str, i32 0, i32 0, [1 x i8]* @p_str, i32 0, i32 0, [1 x i8]* @p_str, [1 x i8]* @p_str, [1 x i8]* @p_str, i32 2, i32 2, i32 16, i32 16, [1 x i8]* @p_str, [1 x i8]* @p_str)"
ST_2 : Operation 36 [1/1] (0.00ns)   --->   "call void (...)* @_ssdm_op_SpecInterface(i73* %rxData_V, [8 x i8]* @ap_fifo_str, i32 0, i32 0, [1 x i8]* @p_str, i32 0, i32 0, [1 x i8]* @p_str, [1 x i8]* @p_str, [1 x i8]* @p_str, i32 2, i32 2, i32 16, i32 16, [1 x i8]* @p_str, [1 x i8]* @p_str)"
ST_2 : Operation 37 [1/1] (0.00ns)   --->   "call void (...)* @_ssdm_op_SpecInterface(i73* %txGalapagosBridge_V, [8 x i8]* @ap_fifo_str, i32 0, i32 0, [1 x i8]* @p_str, i32 0, i32 0, [1 x i8]* @p_str, [1 x i8]* @p_str, [1 x i8]* @p_str, i32 2, i32 2, i32 16, i32 16, [1 x i8]* @p_str, [1 x i8]* @p_str)"
ST_2 : Operation 38 [1/1] (0.00ns)   --->   "call void (...)* @_ssdm_op_SpecInterface(i8* @t2g_read_dest_V_V, [8 x i8]* @ap_fifo_str, i32 0, i32 0, [1 x i8]* @p_str, i32 0, i32 0, [1 x i8]* @p_str, [1 x i8]* @p_str, [1 x i8]* @p_str, i32 2, i32 2, i32 16, i32 16, [1 x i8]* @p_str, [1 x i8]* @p_str)"
ST_2 : Operation 39 [1/1] (0.00ns)   --->   "call void (...)* @_ssdm_op_SpecInterface(i16* @t2g_read_sid_V_V, [8 x i8]* @ap_fifo_str, i32 0, i32 0, [1 x i8]* @p_str, i32 0, i32 0, [1 x i8]* @p_str, [1 x i8]* @p_str, [1 x i8]* @p_str, i32 2, i32 2, i32 16, i32 16, [1 x i8]* @p_str, [1 x i8]* @p_str)"
ST_2 : Operation 40 [1/1] (0.00ns)   --->   "call void (...)* @_ssdm_op_SpecInterface(i8* @t2g_write_dest_V_V, [8 x i8]* @ap_fifo_str, i32 0, i32 0, [1 x i8]* @p_str, i32 0, i32 0, [1 x i8]* @p_str, [1 x i8]* @p_str, [1 x i8]* @p_str, i32 2, i32 2, i32 16, i32 16, [1 x i8]* @p_str, [1 x i8]* @p_str)"
ST_2 : Operation 41 [1/1] (0.00ns)   --->   "call void (...)* @_ssdm_op_SpecInterface(i16* @t2g_write_sid_V_V, [8 x i8]* @ap_fifo_str, i32 0, i32 0, [1 x i8]* @p_str, i32 0, i32 0, [1 x i8]* @p_str, [1 x i8]* @p_str, [1 x i8]* @p_str, i32 2, i32 2, i32 16, i32 16, [1 x i8]* @p_str, [1 x i8]* @p_str)"
ST_2 : Operation 42 [1/1] (0.00ns)   --->   "call void (...)* @_ssdm_op_SpecPipeline(i32 1, i32 1, i32 1, i32 0, [1 x i8]* @p_str) nounwind" [/home/user/galapagos/middleware/hls/network_bridge_tcp/src/network_bridge_tcp.cpp:123]
ST_2 : Operation 43 [1/1] (0.00ns)   --->   "br i1 undef, label %9, label %10" [/home/user/galapagos/middleware/hls/network_bridge_tcp/src/network_bridge_tcp.cpp:201]
ST_2 : Operation 44 [1/1] (0.00ns)   --->   "br i1 %tmp_3, label %11, label %._crit_edge9.i" [/home/user/galapagos/middleware/hls/network_bridge_tcp/src/network_bridge_tcp.cpp:204]
ST_2 : Operation 45 [1/1] (0.00ns)   --->   "call void @_ssdm_op_Write.ap_fifo.volatile.i73P(i73* %txGalapagosBridge_V, i73 %tmp_227)"   --->   Core 5 'AXI4Stream' <Latency = 0> <II = 1> <Delay = 1.00> <Adapter> <Opcode : >
ST_2 : Operation 46 [1/1] (0.00ns)   --->   "br label %._crit_edge9.i" [/home/user/galapagos/middleware/hls/network_bridge_tcp/src/network_bridge_tcp.cpp:207]
ST_2 : Operation 47 [1/1] (0.00ns)   --->   "br label %12"
ST_2 : Operation 48 [1/1] (0.00ns)   --->   "br label %12" [/home/user/galapagos/middleware/hls/network_bridge_tcp/src/network_bridge_tcp.cpp:203]
ST_2 : Operation 49 [1/1] (0.00ns)   --->   "br label %tcp_to_galapagos_interface.exit" [/home/user/galapagos/middleware/hls/network_bridge_tcp/src/network_bridge_tcp.cpp:208]
ST_2 : Operation 50 [1/1] (0.00ns)   --->   "%tmp_data_V = load i64* @currWord_data_V, align 8" [/home/user/galapagos/middleware/hls/network_bridge_tcp/src/network_bridge_tcp.cpp:193]
ST_2 : Operation 51 [1/1] (0.00ns)   --->   "%tmp_keep_V = load i8* @currWord_keep_V, align 8" [/home/user/galapagos/middleware/hls/network_bridge_tcp/src/network_bridge_tcp.cpp:193]
ST_2 : Operation 52 [1/1] (0.00ns)   --->   "%tmp_last_V = load i1* @currWord_last_V, align 1" [/home/user/galapagos/middleware/hls/network_bridge_tcp/src/network_bridge_tcp.cpp:193]
ST_2 : Operation 53 [1/1] (0.00ns)   --->   "%tmp_11 = call i73 @_ssdm_op_BitConcatenate.i73.i1.i8.i64(i1 %tmp_last_V, i8 %tmp_keep_V, i64 %tmp_data_V)" [/home/user/galapagos/middleware/hls/network_bridge_tcp/src/network_bridge_tcp.cpp:193]
ST_2 : Operation 54 [1/1] (0.00ns)   --->   "call void @_ssdm_op_Write.ap_fifo.volatile.i73P(i73* %txGalapagosBridge_V, i73 %tmp_11)" [/home/user/galapagos/middleware/hls/network_bridge_tcp/src/network_bridge_tcp.cpp:193]   --->   Core 5 'AXI4Stream' <Latency = 0> <II = 1> <Delay = 1.00> <Adapter> <Opcode : >
ST_2 : Operation 55 [1/1] (0.00ns)   --->   "br label %tcp_to_galapagos_interface.exit" [/home/user/galapagos/middleware/hls/network_bridge_tcp/src/network_bridge_tcp.cpp:196]
ST_2 : Operation 56 [1/1] (0.00ns)   --->   "%tmp_V = load i8* @src_V, align 1" [/home/user/galapagos/middleware/hls/network_bridge_tcp/src/network_bridge_tcp.cpp:184]
ST_2 : Operation 57 [1/1] (1.75ns)   --->   "call void @_ssdm_op_Write.ap_fifo.volatile.i8P(i8* @t2g_write_dest_V_V, i8 %tmp_V)" [/home/user/galapagos/middleware/hls/network_bridge_tcp/src/network_bridge_tcp.cpp:184]   --->   Core 32 'FIFO' <Latency = 0> <II = 1> <Delay = 2.26> <Storage> <Opcode : 'read' 'write' 'nbread' 'nbwrite'> <Ports = 0> <Width = 8> <Depth = 2> <FIFO>
ST_2 : Operation 58 [1/1] (0.00ns)   --->   "%tmp_V_1 = load i16* @sessionID_V_1, align 2" [/home/user/galapagos/middleware/hls/network_bridge_tcp/src/network_bridge_tcp.cpp:185]
ST_2 : Operation 59 [1/1] (1.75ns)   --->   "call void @_ssdm_op_Write.ap_fifo.volatile.i16P(i16* @t2g_write_sid_V_V, i16 %tmp_V_1)" [/home/user/galapagos/middleware/hls/network_bridge_tcp/src/network_bridge_tcp.cpp:185]   --->   Core 32 'FIFO' <Latency = 0> <II = 1> <Delay = 2.26> <Storage> <Opcode : 'read' 'write' 'nbread' 'nbwrite'> <Ports = 0> <Width = 8> <Depth = 2> <FIFO>
ST_2 : Operation 60 [1/1] (0.00ns)   --->   "br label %tcp_to_galapagos_interface.exit" [/home/user/galapagos/middleware/hls/network_bridge_tcp/src/network_bridge_tcp.cpp:188]
ST_2 : Operation 61 [1/1] (0.00ns)   --->   "br label %._crit_edge8.i" [/home/user/galapagos/middleware/hls/network_bridge_tcp/src/network_bridge_tcp.cpp:179]
ST_2 : Operation 62 [1/1] (0.00ns)   --->   "br label %tcp_to_galapagos_interface.exit" [/home/user/galapagos/middleware/hls/network_bridge_tcp/src/network_bridge_tcp.cpp:180]
ST_2 : Operation 63 [1/1] (0.00ns)   --->   "br i1 %tmp_1, label %3, label %._crit_edge7.i" [/home/user/galapagos/middleware/hls/network_bridge_tcp/src/network_bridge_tcp.cpp:161]
ST_2 : Operation 64 [1/1] (1.75ns)   --->   "call void @_ssdm_op_Write.ap_fifo.volatile.i8P(i8* @t2g_read_dest_V_V, i8 %tmp_V_3)" [/home/user/galapagos/middleware/hls/network_bridge_tcp/src/network_bridge_tcp.cpp:165]   --->   Core 32 'FIFO' <Latency = 0> <II = 1> <Delay = 2.26> <Storage> <Opcode : 'read' 'write' 'nbread' 'nbwrite'> <Ports = 0> <Width = 8> <Depth = 2> <FIFO>
ST_2 : Operation 65 [1/1] (0.00ns)   --->   "br label %._crit_edge7.i" [/home/user/galapagos/middleware/hls/network_bridge_tcp/src/network_bridge_tcp.cpp:168]
ST_2 : Operation 66 [1/1] (0.00ns)   --->   "br label %tcp_to_galapagos_interface.exit" [/home/user/galapagos/middleware/hls/network_bridge_tcp/src/network_bridge_tcp.cpp:169]
ST_2 : Operation 67 [1/1] (0.00ns)   --->   "br i1 %tmp, label %1, label %._crit_edge6.i" [/home/user/galapagos/middleware/hls/network_bridge_tcp/src/network_bridge_tcp.cpp:153]
ST_2 : Operation 68 [1/1] (0.00ns)   --->   "br label %._crit_edge6.i" [/home/user/galapagos/middleware/hls/network_bridge_tcp/src/network_bridge_tcp.cpp:156]
ST_2 : Operation 69 [1/1] (0.00ns)   --->   "br label %tcp_to_galapagos_interface.exit" [/home/user/galapagos/middleware/hls/network_bridge_tcp/src/network_bridge_tcp.cpp:157]
ST_2 : Operation 70 [1/1] (0.00ns)   --->   "ret void"


============================================================
+ Verbose Summary: Timing violations
============================================================
Target clock period: 4ns, clock uncertainty: 0.5ns.

 <State 1>: 4.21ns
The critical path consists of the following:
	fifo read on port 't2g_read_sid_V_V' (/home/user/galapagos/middleware/hls/network_bridge_tcp/src/network_bridge_tcp.cpp:175) [62]  (1.75 ns)
	'icmp' operation ('tmp_i', /home/user/galapagos/middleware/hls/network_bridge_tcp/src/network_bridge_tcp.cpp:175) [63]  (1.1 ns)
	'select' operation ('storemerge_i', /home/user/galapagos/middleware/hls/network_bridge_tcp/src/network_bridge_tcp.cpp:175) [64]  (0.19 ns)
	'store' operation (/home/user/galapagos/middleware/hls/network_bridge_tcp/src/network_bridge_tcp.cpp:176) of variable 'storemerge_i', /home/user/galapagos/middleware/hls/network_bridge_tcp/src/network_bridge_tcp.cpp:175 on static variable 'state' [65]  (1.17 ns)

 <State 2>: 1.75ns
The critical path consists of the following:
	'load' operation ('tmp.V', /home/user/galapagos/middleware/hls/network_bridge_tcp/src/network_bridge_tcp.cpp:184) on static variable 'src_V' [52]  (0 ns)
	fifo write on port 't2g_write_dest_V_V' (/home/user/galapagos/middleware/hls/network_bridge_tcp/src/network_bridge_tcp.cpp:184) [53]  (1.75 ns)


============================================================
+ Verbose Summary: Binding
============================================================
N/A
* FSMD analyzer results:
  - Output states:
 - Input state : 
  - Chain level:
	State 1
	State 2


============================================================
+ Verbose Summary: Datapath Resource usage 
============================================================
N/A
