==============================================================
File generated by Vivado(TM) HLS - High-Level Synthesis from C, C++ and SystemC
Version: 2018.1
Copyright (C) 1986-2018 Xilinx, Inc. All Rights Reserved.

==============================================================

INFO: [HLS 200-10] Setting target device to 'xcku115-flva1517-2-e'
INFO: [HLS 200-10] Adding design file '/home/user/galapagos/middleware/hls/network_bridge_tcp/src/network_bridge_tcp.cpp' to the project
INFO: [SYN 201-201] Setting up clock 'default' with a period of 4ns.
INFO: [HLS 200-10] Analyzing design file '/home/user/galapagos/middleware/hls/network_bridge_tcp/src/network_bridge_tcp.cpp' ...
WARNING: [HLS 200-41] Resource core 'AXIS' on port '&rxGalapagosBridge' is deprecated. Please use the interface directive to specify the AXI interface.
WARNING: [HLS 200-41] Resource core 'AXIS' on port '&txGalapagosBridge' is deprecated. Please use the interface directive to specify the AXI interface.
WARNING: [HLS 200-41] Resource core 'AXI4Stream' on port '&listenPort' is deprecated. Please use the interface directive to specify the AXI interface.
WARNING: [HLS 200-41] Resource core 'AXI4Stream' on port '&listenPortStatus' is deprecated. Please use the interface directive to specify the AXI interface.
WARNING: [HLS 200-41] Resource core 'AXIS' on port '&openConnection' is deprecated. Please use the interface directive to specify the AXI interface.
WARNING: [HLS 200-41] Resource core 'AXIS' on port '&openConStatus' is deprecated. Please use the interface directive to specify the AXI interface.
WARNING: [HLS 200-41] Resource core 'AXIS' on port '&notifications' is deprecated. Please use the interface directive to specify the AXI interface.
WARNING: [HLS 200-41] Resource core 'AXIS' on port '&readRequest' is deprecated. Please use the interface directive to specify the AXI interface.
WARNING: [HLS 200-41] Resource core 'AXIS' on port '&rxMetaData' is deprecated. Please use the interface directive to specify the AXI interface.
WARNING: [HLS 200-41] Resource core 'AXIS' on port '&rxData' is deprecated. Please use the interface directive to specify the AXI interface.
WARNING: [HLS 200-41] Resource core 'AXIS' on port '&txMetaData' is deprecated. Please use the interface directive to specify the AXI interface.
WARNING: [HLS 200-41] Resource core 'AXIS' on port '&txData' is deprecated. Please use the interface directive to specify the AXI interface.
WARNING: [HLS 200-41] Resource core 'AXIS' on port '&txStatus' is deprecated. Please use the interface directive to specify the AXI interface.
INFO: [HLS 200-10] Validating synthesis directives ...
WARNING: [HLS 200-40] Directive 'RESOURCE' for core 'ROM_1P_LUTRAM' cannot be applied: Variable 'fourth_order_double::sin_K2' can not be recognized(UNKNOWN VARIABLE) in 'sincos_approximation'.
WARNING: [HLS 200-40] Directive 'RESOURCE' for core 'ROM_1P_LUTRAM' cannot be applied: Variable 'fourth_order_double::sin_K3' can not be recognized(UNKNOWN VARIABLE) in 'sincos_approximation'.
WARNING: [HLS 200-40] Directive 'RESOURCE' for core 'ROM_1P_LUTRAM' cannot be applied: Variable 'fourth_order_double::cos_K4' can not be recognized(UNKNOWN VARIABLE) in 'sincos_approximation'.
WARNING: [HLS 200-40] Directive 'RESOURCE' for core 'ROM_1P_LUTRAM' cannot be applied: Variable 'second_order_float::sin_cos_K0' can not be recognized(UNKNOWN VARIABLE) in 'sin_or_cos_approximation'.
WARNING: [HLS 200-40] Directive 'RESOURCE' for core 'ROM_1P_LUTRAM' cannot be applied: Variable 'first_order_fixed_16::sin_cos_K1' can not be recognized(UNKNOWN VARIABLE) in 'sin_or_cos_approximation'.
WARNING: [HLS 200-40] Directive 'RESOURCE' for core 'ROM_1P_LUTRAM' cannot be applied: Variable 'fourth_order_double::cos_K1' can not be recognized(UNKNOWN VARIABLE) in 'sincos_approximation'.
WARNING: [HLS 200-40] Directive 'RESOURCE' for core 'ROM_1P_LUTRAM' cannot be applied: Variable 'fourth_order_double::sin_K1' can not be recognized(UNKNOWN VARIABLE) in 'sincos_approximation'.
WARNING: [HLS 200-40] Directive 'RESOURCE' for core 'ROM_1P_LUTRAM' cannot be applied: Variable 'fourth_order_double::sin_cos_K2' can not be recognized(UNKNOWN VARIABLE) in 'sin_or_cos_approximation'.
WARNING: [HLS 200-40] Directive 'RESOURCE' for core 'ROM_1P_LUTRAM' cannot be applied: Variable 'fourth_order_double::sin_cos_K0' can not be recognized(UNKNOWN VARIABLE) in 'sin_or_cos_approximation'.
WARNING: [HLS 200-40] Directive 'RESOURCE' for core 'ROM_1P_LUTRAM' cannot be applied: Variable 'second_order_float::sin_K2' can not be recognized(UNKNOWN VARIABLE) in 'sincos_approximation'.
WARNING: [HLS 200-40] Directive 'RESOURCE' for core 'ROM_1P_LUTRAM' cannot be applied: Variable 'first_order_fixed_16::sin_cos_K0' can not be recognized(UNKNOWN VARIABLE) in 'sin_or_cos_approximation'.
WARNING: [HLS 200-40] Directive 'RESOURCE' for core 'ROM_1P_LUTRAM' cannot be applied: Variable 'second_order_float::sin_cos_K2' can not be recognized(UNKNOWN VARIABLE) in 'sin_or_cos_approximation'.
WARNING: [HLS 200-40] Directive 'RESOURCE' for core 'ROM_1P_LUTRAM' cannot be applied: Variable 'second_order_float::sin_K0' can not be recognized(UNKNOWN VARIABLE) in 'sincos_approximation'.
WARNING: [HLS 200-40] Directive 'RESOURCE' for core 'ROM_1P_LUTRAM' cannot be applied: Variable 'fourth_order_double::sin_cos_K1' can not be recognized(UNKNOWN VARIABLE) in 'sin_or_cos_approximation'.
WARNING: [HLS 200-40] Directive 'RESOURCE' for core 'ROM_1P_LUTRAM' cannot be applied: Variable 'fourth_order_double::sin_K0' can not be recognized(UNKNOWN VARIABLE) in 'sincos_approximation'.
WARNING: [HLS 200-40] Directive 'RESOURCE' for core 'ROM_1P_LUTRAM' cannot be applied: Variable 'second_order_float::cos_K0' can not be recognized(UNKNOWN VARIABLE) in 'sincos_approximation'.
WARNING: [HLS 200-40] Directive 'RESOURCE' for core 'ROM_1P_LUTRAM' cannot be applied: Variable 'second_order_float::sin_K1' can not be recognized(UNKNOWN VARIABLE) in 'sincos_approximation'.
WARNING: [HLS 200-40] Directive 'RESOURCE' for core 'ROM_1P_LUTRAM' cannot be applied: Variable 'fourth_order_double::cos_K0' can not be recognized(UNKNOWN VARIABLE) in 'sincos_approximation'.
WARNING: [HLS 200-40] Directive 'RESOURCE' for core 'ROM_1P_LUTRAM' cannot be applied: Variable 'fourth_order_double::cos_K3' can not be recognized(UNKNOWN VARIABLE) in 'sincos_approximation'.
WARNING: [HLS 200-40] Directive 'RESOURCE' for core 'ROM_1P_LUTRAM' cannot be applied: Variable 'fourth_order_double::cos_K2' can not be recognized(UNKNOWN VARIABLE) in 'sincos_approximation'.
WARNING: [HLS 200-40] Directive 'RESOURCE' for core 'ROM_1P_LUTRAM' cannot be applied: Variable 'fourth_order_double::sin_cos_K3' can not be recognized(UNKNOWN VARIABLE) in 'sin_or_cos_approximation'.
WARNING: [HLS 200-40] Directive 'RESOURCE' for core 'ROM_1P_LUTRAM' cannot be applied: Variable 'fourth_order_double::sin_K4' can not be recognized(UNKNOWN VARIABLE) in 'sincos_approximation'.
WARNING: [HLS 200-40] Directive 'RESOURCE' for core 'ROM_1P_LUTRAM' cannot be applied: Variable 'second_order_float::cos_K1' can not be recognized(UNKNOWN VARIABLE) in 'sincos_approximation'.
WARNING: [HLS 200-40] Directive 'RESOURCE' for core 'ROM_1P_LUTRAM' cannot be applied: Variable 'second_order_float::sin_cos_K1' can not be recognized(UNKNOWN VARIABLE) in 'sin_or_cos_approximation'.
WARNING: [HLS 200-40] Directive 'RESOURCE' for core 'ROM_1P_LUTRAM' cannot be applied: Variable 'second_order_float::cos_K2' can not be recognized(UNKNOWN VARIABLE) in 'sincos_approximation'.
WARNING: [HLS 200-40] Directive 'RESOURCE' for core 'ROM_1P_LUTRAM' cannot be applied: Variable 'fourth_order_double::sin_cos_K4' can not be recognized(UNKNOWN VARIABLE) in 'sin_or_cos_approximation'.
INFO: [HLS 200-111] Finished Checking Pragmas Time (s): cpu = 00:01:15 ; elapsed = 00:00:32 . Memory (MB): peak = 348.590 ; gain = 0.020 ; free physical = 19463 ; free virtual = 107039
INFO: [HLS 200-111] Finished Linking Time (s): cpu = 00:01:21 ; elapsed = 00:00:38 . Memory (MB): peak = 348.590 ; gain = 0.020 ; free physical = 19433 ; free virtual = 107039
INFO: [HLS 200-10] Starting code transformations ...
INFO: [HLS 200-111] Finished Standard Transforms Time (s): cpu = 00:01:28 ; elapsed = 00:00:46 . Memory (MB): peak = 548.230 ; gain = 199.660 ; free physical = 19225 ; free virtual = 106879
INFO: [HLS 200-10] Checking synthesizability ...
INFO: [HLS 200-111] Finished Checking Synthesizability Time (s): cpu = 00:01:29 ; elapsed = 00:00:47 . Memory (MB): peak = 611.328 ; gain = 262.758 ; free physical = 19172 ; free virtual = 106829
WARNING: [XFORM 203-1103] Ignored data pack directive on non-struct variable 'listenPort.V.V' (/home/user/galapagos/middleware/hls/network_bridge_tcp/src/network_bridge_tcp.cpp:459).
WARNING: [XFORM 203-1103] Ignored data pack directive on non-struct variable 'listenPortStatus.V' (/home/user/galapagos/middleware/hls/network_bridge_tcp/src/network_bridge_tcp.cpp:460).
WARNING: [XFORM 203-1103] Ignored data pack directive on non-struct variable 'rxMetaData.V.V' (/home/user/galapagos/middleware/hls/network_bridge_tcp/src/network_bridge_tcp.cpp:463).
WARNING: [XFORM 203-1103] Ignored data pack directive on non-struct variable 'txStatus.V.V' (/home/user/galapagos/middleware/hls/network_bridge_tcp/src/network_bridge_tcp.cpp:458).
INFO: [XFORM 203-1101] Packing variable 'rxGalapagosBridge.V' (/home/user/galapagos/middleware/hls/network_bridge_tcp/src/network_bridge_tcp.cpp:452) into a 73-bit variable.
INFO: [XFORM 203-1101] Packing variable 'txGalapagosBridge.V' (/home/user/galapagos/middleware/hls/network_bridge_tcp/src/network_bridge_tcp.cpp:465) into a 73-bit variable.
INFO: [XFORM 203-1101] Packing variable 'openConnection.V' (/home/user/galapagos/middleware/hls/network_bridge_tcp/src/network_bridge_tcp.cpp:454) into a 48-bit variable.
INFO: [XFORM 203-1101] Packing variable 'openConStatus.V' (/home/user/galapagos/middleware/hls/network_bridge_tcp/src/network_bridge_tcp.cpp:455) into a 17-bit variable.
INFO: [XFORM 203-1101] Packing variable 'notifications.V' (/home/user/galapagos/middleware/hls/network_bridge_tcp/src/network_bridge_tcp.cpp:461) into a 81-bit variable.
INFO: [XFORM 203-1101] Packing variable 'readRequest.V' (/home/user/galapagos/middleware/hls/network_bridge_tcp/src/network_bridge_tcp.cpp:462) into a 32-bit variable.
INFO: [XFORM 203-1101] Packing variable 'rxData.V' (/home/user/galapagos/middleware/hls/network_bridge_tcp/src/network_bridge_tcp.cpp:464) into a 73-bit variable.
INFO: [XFORM 203-1101] Packing variable 'txMetaData.V' (/home/user/galapagos/middleware/hls/network_bridge_tcp/src/network_bridge_tcp.cpp:453) into a 32-bit variable.
INFO: [XFORM 203-1101] Packing variable 'txData.V' (/home/user/galapagos/middleware/hls/network_bridge_tcp/src/network_bridge_tcp.cpp:457) into a 73-bit variable.
WARNING: [XFORM 203-152] Cannot apply array mapping directives with instance name 'tmp.V.6': cannot find another array to be merged with.
WARNING: [XFORM 203-152] Cannot apply array mapping directives with instance name 'tmp.V.4': cannot find another array to be merged with.
WARNING: [XFORM 203-152] Cannot apply array mapping directives with instance name 'tmp.12': cannot find another array to be merged with.
WARNING: [XFORM 203-152] Cannot apply array mapping directives with instance name 'tmp.V': cannot find another array to be merged with.
WARNING: [XFORM 203-152] Cannot apply array mapping directives with instance name 'tmp.V.21': cannot find another array to be merged with.
WARNING: [XFORM 203-152] Cannot apply array mapping directives with instance name 'tmp.V.22': cannot find another array to be merged with.
INFO: [XFORM 203-712] Applying dataflow to function 'network_bridge_tcp', detected/extracted 5 process function(s): 
	 'galapagos_to_tcp_interface'
	 'open_connections'
	 'open_port'
	 'tcp_to_galapagos_interface'
	 'sessionID_table_steaming'.
INFO: [HLS 200-111] Finished Pre-synthesis Time (s): cpu = 00:01:33 ; elapsed = 00:00:51 . Memory (MB): peak = 748.574 ; gain = 400.004 ; free physical = 19030 ; free virtual = 106728
WARNING: [XFORM 203-631] Renaming function 'tcp_to_galapagos_interface' to 'tcp_to_galapagos_int' (/home/user/galapagos/middleware/hls/network_bridge_tcp/src/network_bridge_tcp.cpp:115)
WARNING: [XFORM 203-631] Renaming function 'sessionID_table_steaming' to 'sessionID_table_stea' (/home/user/galapagos/middleware/hls/network_bridge_tcp/src/network_bridge_tcp.cpp:28:44)
WARNING: [XFORM 203-631] Renaming function 'galapagos_to_tcp_interface' to 'galapagos_to_tcp_int' (/home/user/galapagos/middleware/hls/network_bridge_tcp/src/network_bridge_tcp.cpp:292)
INFO: [HLS 200-111] Finished Architecture Synthesis Time (s): cpu = 00:01:35 ; elapsed = 00:00:53 . Memory (MB): peak = 749.840 ; gain = 401.270 ; free physical = 18981 ; free virtual = 106683
INFO: [HLS 200-10] Starting hardware synthesis ...
INFO: [HLS 200-10] Synthesizing 'network_bridge_tcp' ...
INFO: [HLS 200-10] ----------------------------------------------------------------
INFO: [HLS 200-42] -- Implementing module 'galapagos_to_tcp_int'
INFO: [HLS 200-10] ----------------------------------------------------------------
INFO: [SCHED 204-11] Starting scheduling ...
INFO: [SCHED 204-61] Pipelining function 'galapagos_to_tcp_int'.
INFO: [SCHED 204-61] Pipelining result : Target II = 1, Final II = 1, Depth = 3.
WARNING: [SCHED 204-21] Estimated clock period (4.9187ns) exceeds the target (target clock period: 4ns, clock uncertainty: 0.5ns, effective delay budget: 3.5ns).
WARNING: [SCHED 204-21] The critical path consists of the following:
	fifo read on port 'g2t_read_sid_V_V' (/home/user/galapagos/middleware/hls/network_bridge_tcp/src/network_bridge_tcp.cpp:365) (1.75 ns)
	'icmp' operation ('tmp_i', /home/user/galapagos/middleware/hls/network_bridge_tcp/src/network_bridge_tcp.cpp:366) (1.1 ns)
	multiplexor before 'phi' operation ('storemerge2_i') (0.835 ns)
	'phi' operation ('storemerge2_i') (0 ns)
	'store' operation (/home/user/galapagos/middleware/hls/network_bridge_tcp/src/network_bridge_tcp.cpp:368) of variable 'storemerge2_cast_i', /home/user/galapagos/middleware/hls/network_bridge_tcp/src/network_bridge_tcp.cpp:368 on static variable 'state_1' (1.24 ns)
INFO: [SCHED 204-11] Finished scheduling.
INFO: [HLS 200-111]  Elapsed time: 53.38 seconds; current allocated memory: 361.410 MB.
INFO: [BIND 205-100] Starting micro-architecture generation ...
INFO: [BIND 205-101] Performing variable lifetime analysis.
INFO: [BIND 205-101] Exploring resource sharing.
INFO: [BIND 205-101] Binding ...
INFO: [BIND 205-100] Finished micro-architecture generation.
INFO: [HLS 200-111]  Elapsed time: 0.07 seconds; current allocated memory: 361.857 MB.
INFO: [HLS 200-10] ----------------------------------------------------------------
INFO: [HLS 200-42] -- Implementing module 'open_connections'
INFO: [HLS 200-10] ----------------------------------------------------------------
INFO: [SCHED 204-11] Starting scheduling ...
INFO: [SCHED 204-61] Pipelining function 'open_connections'.
INFO: [SCHED 204-61] Pipelining result : Target II = 1, Final II = 1, Depth = 2.
INFO: [SCHED 204-11] Finished scheduling.
INFO: [HLS 200-111]  Elapsed time: 0.17 seconds; current allocated memory: 362.016 MB.
INFO: [BIND 205-100] Starting micro-architecture generation ...
INFO: [BIND 205-101] Performing variable lifetime analysis.
INFO: [BIND 205-101] Exploring resource sharing.
INFO: [BIND 205-101] Binding ...
INFO: [BIND 205-100] Finished micro-architecture generation.
INFO: [HLS 200-111]  Elapsed time: 0.03 seconds; current allocated memory: 362.177 MB.
INFO: [HLS 200-10] ----------------------------------------------------------------
INFO: [HLS 200-42] -- Implementing module 'open_port'
INFO: [HLS 200-10] ----------------------------------------------------------------
INFO: [SCHED 204-11] Starting scheduling ...
INFO: [SCHED 204-61] Pipelining function 'open_port'.
INFO: [SCHED 204-61] Pipelining result : Target II = 1, Final II = 1, Depth = 2.
INFO: [SCHED 204-11] Finished scheduling.
INFO: [HLS 200-111]  Elapsed time: 0.04 seconds; current allocated memory: 362.344 MB.
INFO: [BIND 205-100] Starting micro-architecture generation ...
INFO: [BIND 205-101] Performing variable lifetime analysis.
INFO: [BIND 205-101] Exploring resource sharing.
INFO: [BIND 205-101] Binding ...
INFO: [BIND 205-100] Finished micro-architecture generation.
INFO: [HLS 200-111]  Elapsed time: 0.03 seconds; current allocated memory: 362.494 MB.
INFO: [HLS 200-10] ----------------------------------------------------------------
INFO: [HLS 200-42] -- Implementing module 'tcp_to_galapagos_int'
INFO: [HLS 200-10] ----------------------------------------------------------------
INFO: [SCHED 204-11] Starting scheduling ...
INFO: [SCHED 204-61] Pipelining function 'tcp_to_galapagos_int'.
INFO: [SCHED 204-61] Pipelining result : Target II = 1, Final II = 1, Depth = 2.
WARNING: [SCHED 204-21] Estimated clock period (4.205ns) exceeds the target (target clock period: 4ns, clock uncertainty: 0.5ns, effective delay budget: 3.5ns).
WARNING: [SCHED 204-21] The critical path consists of the following:
	fifo read on port 't2g_read_sid_V_V' (/home/user/galapagos/middleware/hls/network_bridge_tcp/src/network_bridge_tcp.cpp:175) (1.75 ns)
	'icmp' operation ('tmp_i', /home/user/galapagos/middleware/hls/network_bridge_tcp/src/network_bridge_tcp.cpp:175) (1.1 ns)
	'select' operation ('storemerge_i', /home/user/galapagos/middleware/hls/network_bridge_tcp/src/network_bridge_tcp.cpp:175) (0.19 ns)
	'store' operation (/home/user/galapagos/middleware/hls/network_bridge_tcp/src/network_bridge_tcp.cpp:176) of variable 'storemerge_i', /home/user/galapagos/middleware/hls/network_bridge_tcp/src/network_bridge_tcp.cpp:175 on static variable 'state' (1.17 ns)
INFO: [SCHED 204-11] Finished scheduling.
INFO: [HLS 200-111]  Elapsed time: 0.22 seconds; current allocated memory: 362.782 MB.
INFO: [BIND 205-100] Starting micro-architecture generation ...
INFO: [BIND 205-101] Performing variable lifetime analysis.
INFO: [BIND 205-101] Exploring resource sharing.
INFO: [BIND 205-101] Binding ...
INFO: [BIND 205-100] Finished micro-architecture generation.
INFO: [HLS 200-111]  Elapsed time: 0.04 seconds; current allocated memory: 363.039 MB.
INFO: [HLS 200-10] ----------------------------------------------------------------
INFO: [HLS 200-42] -- Implementing module 'sessionID_table_stea'
INFO: [HLS 200-10] ----------------------------------------------------------------
INFO: [SCHED 204-11] Starting scheduling ...
INFO: [SCHED 204-61] Pipelining function 'sessionID_table_stea'.
INFO: [SCHED 204-61] Pipelining result : Target II = 1, Final II = 1, Depth = 7.
INFO: [SCHED 204-11] Finished scheduling.
INFO: [HLS 200-111]  Elapsed time: 0.5 seconds; current allocated memory: 363.339 MB.
INFO: [BIND 205-100] Starting micro-architecture generation ...
INFO: [BIND 205-101] Performing variable lifetime analysis.
INFO: [BIND 205-101] Exploring resource sharing.
INFO: [BIND 205-101] Binding ...
INFO: [BIND 205-100] Finished micro-architecture generation.
INFO: [HLS 200-111]  Elapsed time: 0.08 seconds; current allocated memory: 363.570 MB.
INFO: [HLS 200-10] ----------------------------------------------------------------
INFO: [HLS 200-42] -- Implementing module 'network_bridge_tcp'
INFO: [HLS 200-10] ----------------------------------------------------------------
INFO: [SCHED 204-11] Starting scheduling ...
INFO: [SCHED 204-11] Finished scheduling.
INFO: [HLS 200-111]  Elapsed time: 0.07 seconds; current allocated memory: 363.715 MB.
INFO: [BIND 205-100] Starting micro-architecture generation ...
INFO: [BIND 205-101] Performing variable lifetime analysis.
INFO: [BIND 205-101] Exploring resource sharing.
INFO: [BIND 205-101] Binding ...
INFO: [BIND 205-100] Finished micro-architecture generation.
INFO: [HLS 200-111]  Elapsed time: 0.09 seconds; current allocated memory: 364.194 MB.
INFO: [HLS 200-10] ----------------------------------------------------------------
INFO: [HLS 200-10] -- Generating RTL for module 'galapagos_to_tcp_int'
INFO: [HLS 200-10] ----------------------------------------------------------------
WARNING: [RTGEN 206-101] Register 'state_1' is power-on initialization.
WARNING: [RTGEN 206-101] Register 'header_data_V' is power-on initialization.
WARNING: [RTGEN 206-101] Register 'dest_V' is power-on initialization.
WARNING: [RTGEN 206-101] Register 'sessionID_V' is power-on initialization.
WARNING: [RTGEN 206-101] Register 'header_keep_V' is power-on initialization.
WARNING: [RTGEN 206-101] Register 'header_last_V' is power-on initialization.
INFO: [RTGEN 206-100] Finished creating RTL model for 'galapagos_to_tcp_int'.
INFO: [HLS 200-111]  Elapsed time: 0.12 seconds; current allocated memory: 364.977 MB.
INFO: [HLS 200-10] ----------------------------------------------------------------
INFO: [HLS 200-10] -- Generating RTL for module 'open_connections'
INFO: [HLS 200-10] ----------------------------------------------------------------
WARNING: [RTGEN 206-101] Register 'wait_for_connection' is power-on initialization.
INFO: [RTGEN 206-100] Finished creating RTL model for 'open_connections'.
INFO: [HLS 200-111]  Elapsed time: 0.23 seconds; current allocated memory: 366.909 MB.
INFO: [HLS 200-10] ----------------------------------------------------------------
INFO: [HLS 200-10] -- Generating RTL for module 'open_port'
INFO: [HLS 200-10] ----------------------------------------------------------------
WARNING: [RTGEN 206-101] Register 'listenDone' is power-on initialization.
WARNING: [RTGEN 206-101] Register 'waitPortStatus' is power-on initialization.
INFO: [RTGEN 206-100] Finished creating RTL model for 'open_port'.
INFO: [HLS 200-111]  Elapsed time: 0.1 seconds; current allocated memory: 367.640 MB.
INFO: [HLS 200-10] ----------------------------------------------------------------
INFO: [HLS 200-10] -- Generating RTL for module 'tcp_to_galapagos_int'
INFO: [HLS 200-10] ----------------------------------------------------------------
WARNING: [RTGEN 206-101] Register 'state' is power-on initialization.
WARNING: [RTGEN 206-101] Register 'sessionID_V_1' is power-on initialization.
WARNING: [RTGEN 206-101] Register 'currWord_data_V' is power-on initialization.
WARNING: [RTGEN 206-101] Register 'currWord_keep_V' is power-on initialization.
WARNING: [RTGEN 206-101] Register 'currWord_last_V' is power-on initialization.
WARNING: [RTGEN 206-101] Register 'src_V' is power-on initialization.
INFO: [RTGEN 206-100] Finished creating RTL model for 'tcp_to_galapagos_int'.
INFO: [HLS 200-111]  Elapsed time: 0.13 seconds; current allocated memory: 368.503 MB.
INFO: [HLS 200-10] ----------------------------------------------------------------
INFO: [HLS 200-10] -- Generating RTL for module 'sessionID_table_stea'
INFO: [HLS 200-10] ----------------------------------------------------------------
INFO: [SYN 201-210] Renamed object name 'sessionID_table_stea_sessionID_table_V' to 'sessionID_table_sbkb' due to the length limit 20
INFO: [RTGEN 206-100] Finished creating RTL model for 'sessionID_table_stea'.
INFO: [HLS 200-111]  Elapsed time: 0.2 seconds; current allocated memory: 370.005 MB.
INFO: [HLS 200-10] ----------------------------------------------------------------
INFO: [HLS 200-10] -- Generating RTL for module 'network_bridge_tcp'
INFO: [HLS 200-10] ----------------------------------------------------------------
INFO: [RTGEN 206-500] Setting interface mode on port 'network_bridge_tcp/rxGalapagosBridge_V' to 'ap_fifo'.
INFO: [RTGEN 206-500] Setting interface mode on port 'network_bridge_tcp/txMetaData_V' to 'ap_fifo'.
INFO: [RTGEN 206-500] Setting interface mode on port 'network_bridge_tcp/openConnection_V' to 'ap_fifo'.
INFO: [RTGEN 206-500] Setting interface mode on port 'network_bridge_tcp/openConStatus_V' to 'ap_fifo'.
INFO: [RTGEN 206-500] Setting interface mode on port 'network_bridge_tcp/txData_V' to 'ap_fifo'.
INFO: [RTGEN 206-500] Setting interface mode on port 'network_bridge_tcp/txStatus_V_V' to 'ap_fifo'.
INFO: [RTGEN 206-500] Setting interface mode on port 'network_bridge_tcp/listenPort_V_V' to 'ap_fifo'.
INFO: [RTGEN 206-500] Setting interface mode on port 'network_bridge_tcp/listenPortStatus_V' to 'ap_fifo'.
INFO: [RTGEN 206-500] Setting interface mode on port 'network_bridge_tcp/notifications_V' to 'ap_fifo'.
INFO: [RTGEN 206-500] Setting interface mode on port 'network_bridge_tcp/readRequest_V' to 'ap_fifo'.
INFO: [RTGEN 206-500] Setting interface mode on port 'network_bridge_tcp/rxMetaData_V_V' to 'ap_fifo'.
INFO: [RTGEN 206-500] Setting interface mode on port 'network_bridge_tcp/rxData_V' to 'ap_fifo'.
INFO: [RTGEN 206-500] Setting interface mode on port 'network_bridge_tcp/txGalapagosBridge_V' to 'ap_fifo'.
INFO: [RTGEN 206-500] Setting interface mode on port 'network_bridge_tcp/state_out_V' to 'ap_vld'.
INFO: [RTGEN 206-500] Setting interface mode on port 'network_bridge_tcp/header_out_V' to 'ap_vld'.
INFO: [RTGEN 206-500] Setting interface mode on port 'network_bridge_tcp/size_out_V' to 'ap_vld'.
INFO: [RTGEN 206-500] Setting interface mode on port 'network_bridge_tcp/sessionID_out_V' to 'ap_vld'.
INFO: [RTGEN 206-500] Setting interface mode on port 'network_bridge_tcp/ip_table_V' to 'ap_memory'.
INFO: [RTGEN 206-500] Setting interface mode on function 'network_bridge_tcp' to 'ap_ctrl_none'.
INFO: [SYN 201-210] Renamed object name 'start_for_sessionID_table_stea_U0' to 'start_for_sessioncud' due to the length limit 20
INFO: [RTGEN 206-100] Finished creating RTL model for 'network_bridge_tcp'.
INFO: [HLS 200-111]  Elapsed time: 0.3 seconds; current allocated memory: 371.620 MB.
INFO: [RTMG 210-278] Implementing memory 'sessionID_table_sbkb_ram (RAM)' using block RAMs with power-on initialization.
INFO: [RTMG 210-285] Implementing FIFO 'fifo_w8_d2_A' using Shift Registers.
INFO: [RTMG 210-285] Implementing FIFO 'fifo_w16_d2_A' using Shift Registers.
INFO: [RTMG 210-285] Implementing FIFO 'fifo_w32_d2_A' using Shift Registers.
INFO: [RTMG 210-285] Implementing FIFO 'fifo_w16_d2_A' using Shift Registers.
INFO: [RTMG 210-285] Implementing FIFO 'fifo_w16_d2_A' using Shift Registers.
INFO: [RTMG 210-285] Implementing FIFO 'fifo_w8_d2_A' using Shift Registers.
INFO: [RTMG 210-285] Implementing FIFO 'fifo_w8_d2_A' using Shift Registers.
INFO: [RTMG 210-285] Implementing FIFO 'fifo_w16_d2_A' using Shift Registers.
INFO: [RTMG 210-285] Implementing FIFO 'fifo_w8_d2_A' using Shift Registers.
INFO: [RTMG 210-285] Implementing FIFO 'fifo_w16_d2_A' using Shift Registers.
INFO: [RTMG 210-285] Implementing FIFO 'start_for_sessioncud' using Shift Registers.
INFO: [IMPL 213-200] Port 'listenPort_V_V' is mapped to 'TDATA' by default.
WARNING: [IMPL 213-402] The data fields of packed port 'openConnection_V' are mapped to TDATA by default. Please use the 'port_map' option of the resource directive to specify mapping to individual AXI4-Stream ports.
WARNING: [IMPL 213-402] The data fields of packed port 'readRequest_V' are mapped to TDATA by default. Please use the 'port_map' option of the resource directive to specify mapping to individual AXI4-Stream ports.
INFO: [IMPL 213-200] Port 'txGalapagosBridge_V.data' is mapped to 'TDATA' by default.
INFO: [IMPL 213-200] Port 'txGalapagosBridge_V.keep' is mapped to 'TKEEP' by default.
INFO: [IMPL 213-200] Port 'txGalapagosBridge_V.last' is mapped to 'TLAST' by default.
INFO: [IMPL 213-200] Port 'txData_V.data' is mapped to 'TDATA' by default.
INFO: [IMPL 213-200] Port 'txData_V.keep' is mapped to 'TKEEP' by default.
INFO: [IMPL 213-200] Port 'txData_V.last' is mapped to 'TLAST' by default.
WARNING: [IMPL 213-402] The data fields of packed port 'txMetaData_V' are mapped to TDATA by default. Please use the 'port_map' option of the resource directive to specify mapping to individual AXI4-Stream ports.
INFO: [IMPL 213-200] Port 'listenPortStatus_V' is mapped to 'TDATA' by default.
WARNING: [IMPL 213-401] TDATA of AXI4-Stream interface 's_axis_listen_port_status' is not aligned to byte boundaries. It is padded to 8 bits.
WARNING: [IMPL 213-402] The data fields of packed port 'notifications_V' are mapped to TDATA by default. Please use the 'port_map' option of the resource directive to specify mapping to individual AXI4-Stream ports.
WARNING: [IMPL 213-401] TDATA of AXI4-Stream interface 's_axis_notifications' is not aligned to byte boundaries. It is padded to 88 bits.
WARNING: [IMPL 213-402] The data fields of packed port 'openConStatus_V' are mapped to TDATA by default. Please use the 'port_map' option of the resource directive to specify mapping to individual AXI4-Stream ports.
WARNING: [IMPL 213-401] TDATA of AXI4-Stream interface 's_axis_open_status' is not aligned to byte boundaries. It is padded to 24 bits.
INFO: [IMPL 213-200] Port 'rxGalapagosBridge_V.data' is mapped to 'TDATA' by default.
INFO: [IMPL 213-200] Port 'rxGalapagosBridge_V.keep' is mapped to 'TKEEP' by default.
INFO: [IMPL 213-200] Port 'rxGalapagosBridge_V.last' is mapped to 'TLAST' by default.
INFO: [IMPL 213-200] Port 'rxData_V.data' is mapped to 'TDATA' by default.
INFO: [IMPL 213-200] Port 'rxData_V.keep' is mapped to 'TKEEP' by default.
INFO: [IMPL 213-200] Port 'rxData_V.last' is mapped to 'TLAST' by default.
INFO: [IMPL 213-200] Port 'rxMetaData_V_V' is mapped to 'TDATA' by default.
INFO: [IMPL 213-200] Port 'txStatus_V_V' is mapped to 'TDATA' by default.
WARNING: [IMPL 213-401] TDATA of AXI4-Stream interface 's_axis_tx_status' is not aligned to byte boundaries. It is padded to 24 bits.
INFO: [HLS 200-111] Finished generating all RTL models Time (s): cpu = 00:01:38 ; elapsed = 00:00:57 . Memory (MB): peak = 749.840 ; gain = 401.270 ; free physical = 18946 ; free virtual = 106655
INFO: [SYSC 207-301] Generating SystemC RTL for network_bridge_tcp.
INFO: [VHDL 208-304] Generating VHDL RTL for network_bridge_tcp.
INFO: [VLOG 209-307] Generating Verilog RTL for network_bridge_tcp.
INFO: [IMPL 213-8] Exporting RTL as a Vivado IP.
INFO: [IMPL 213-200] Port 'listenPort_V_V' is mapped to 'TDATA' by default.
WARNING: [IMPL 213-402] The data fields of packed port 'openConnection_V' are mapped to TDATA by default. Please use the 'port_map' option of the resource directive to specify mapping to individual AXI4-Stream ports.
WARNING: [IMPL 213-402] The data fields of packed port 'readRequest_V' are mapped to TDATA by default. Please use the 'port_map' option of the resource directive to specify mapping to individual AXI4-Stream ports.
INFO: [IMPL 213-200] Port 'txGalapagosBridge_V.data' is mapped to 'TDATA' by default.
INFO: [IMPL 213-200] Port 'txGalapagosBridge_V.keep' is mapped to 'TKEEP' by default.
INFO: [IMPL 213-200] Port 'txGalapagosBridge_V.last' is mapped to 'TLAST' by default.
INFO: [IMPL 213-200] Port 'txData_V.data' is mapped to 'TDATA' by default.
INFO: [IMPL 213-200] Port 'txData_V.keep' is mapped to 'TKEEP' by default.
INFO: [IMPL 213-200] Port 'txData_V.last' is mapped to 'TLAST' by default.
WARNING: [IMPL 213-402] The data fields of packed port 'txMetaData_V' are mapped to TDATA by default. Please use the 'port_map' option of the resource directive to specify mapping to individual AXI4-Stream ports.
INFO: [IMPL 213-200] Port 'listenPortStatus_V' is mapped to 'TDATA' by default.
WARNING: [IMPL 213-401] TDATA of AXI4-Stream interface 's_axis_listen_port_status' is not aligned to byte boundaries. It is padded to 8 bits.
WARNING: [IMPL 213-402] The data fields of packed port 'notifications_V' are mapped to TDATA by default. Please use the 'port_map' option of the resource directive to specify mapping to individual AXI4-Stream ports.
WARNING: [IMPL 213-401] TDATA of AXI4-Stream interface 's_axis_notifications' is not aligned to byte boundaries. It is padded to 88 bits.
WARNING: [IMPL 213-402] The data fields of packed port 'openConStatus_V' are mapped to TDATA by default. Please use the 'port_map' option of the resource directive to specify mapping to individual AXI4-Stream ports.
WARNING: [IMPL 213-401] TDATA of AXI4-Stream interface 's_axis_open_status' is not aligned to byte boundaries. It is padded to 24 bits.
INFO: [IMPL 213-200] Port 'rxGalapagosBridge_V.data' is mapped to 'TDATA' by default.
INFO: [IMPL 213-200] Port 'rxGalapagosBridge_V.keep' is mapped to 'TKEEP' by default.
INFO: [IMPL 213-200] Port 'rxGalapagosBridge_V.last' is mapped to 'TLAST' by default.
INFO: [IMPL 213-200] Port 'rxData_V.data' is mapped to 'TDATA' by default.
INFO: [IMPL 213-200] Port 'rxData_V.keep' is mapped to 'TKEEP' by default.
INFO: [IMPL 213-200] Port 'rxData_V.last' is mapped to 'TLAST' by default.
INFO: [IMPL 213-200] Port 'rxMetaData_V_V' is mapped to 'TDATA' by default.
INFO: [IMPL 213-200] Port 'txStatus_V_V' is mapped to 'TDATA' by default.
WARNING: [IMPL 213-401] TDATA of AXI4-Stream interface 's_axis_tx_status' is not aligned to byte boundaries. It is padded to 24 bits.
INFO: [HLS 200-112] Total elapsed time: 74.96 seconds; peak allocated memory: 371.620 MB.
