

================================================================
== Vivado HLS Report for 'galapagos_to_tcp_int'
================================================================
* Date:           Wed Aug 12 00:41:22 2020

* Version:        2018.1 (Build 2188600 on Wed Apr 04 19:04:02 MDT 2018)
* Project:        network_bridge_tcp
* Solution:       solution1
* Product family: kintexu
* Target device:  xcku115-flva1517-2-e


================================================================
== Performance Estimates
================================================================
+ Timing (ns): 
    * Summary: 
    +--------+-------+----------+------------+
    |  Clock | Target| Estimated| Uncertainty|
    +--------+-------+----------+------------+
    |ap_clk  |   4.00|      4.92|        0.50|
    +--------+-------+----------+------------+

+ Latency (clock cycles): 
    * Summary: 
    +-----+-----+-----+-----+----------+
    |  Latency  |  Interval | Pipeline |
    | min | max | min | max |   Type   |
    +-----+-----+-----+-----+----------+
    |    2|    2|    1|    1| function |
    +-----+-----+-----+-----+----------+

    + Detail: 
        * Instance: 
        N/A

        * Loop: 
        N/A



================================================================
== Utilization Estimates
================================================================
* Summary: 
+---------------------+---------+-------+---------+--------+
|         Name        | BRAM_18K| DSP48E|    FF   |   LUT  |
+---------------------+---------+-------+---------+--------+
|DSP                  |        -|      -|        -|       -|
|Expression           |        -|      -|        0|      82|
|FIFO                 |        -|      -|        -|       -|
|Instance             |        -|      -|        -|       -|
|Memory               |        -|      -|        -|       -|
|Multiplexer          |        -|      -|        -|     221|
|Register             |        -|      -|      501|       -|
+---------------------+---------+-------+---------+--------+
|Total                |        0|      0|      501|     303|
+---------------------+---------+-------+---------+--------+
|Available SLR        |     2160|   2760|   663360|  331680|
+---------------------+---------+-------+---------+--------+
|Utilization SLR (%)  |        0|      0|    ~0   |   ~0   |
+---------------------+---------+-------+---------+--------+
|Available            |     4320|   5520|  1326720|  663360|
+---------------------+---------+-------+---------+--------+
|Utilization (%)      |        0|      0|    ~0   |   ~0   |
+---------------------+---------+-------+---------+--------+

+ Detail: 
    * Instance: 
    N/A

    * DSP48: 
    N/A

    * Memory: 
    N/A

    * FIFO: 
    N/A

    * Expression: 
    +----------------------------------+----------+-------+---+----+------------+------------+
    |           Variable Name          | Operation| DSP48E| FF| LUT| Bitwidth P0| Bitwidth P1|
    +----------------------------------+----------+-------+---+----+------------+------------+
    |size_V_1_fu_502_p2                |     +    |      0|  0|  23|           4|          16|
    |ap_condition_214                  |    and   |      0|  0|   2|           1|           1|
    |ap_condition_376                  |    and   |      0|  0|   2|           1|           1|
    |ap_condition_403                  |    and   |      0|  0|   2|           1|           1|
    |ap_condition_520                  |    and   |      0|  0|   2|           1|           1|
    |ap_predicate_op108_write_state3   |    and   |      0|  0|   2|           1|           1|
    |ap_predicate_op14_read_state1     |    and   |      0|  0|   2|           1|           1|
    |ap_predicate_op21_read_state1     |    and   |      0|  0|   2|           1|           1|
    |ap_predicate_op28_read_state1     |    and   |      0|  0|   2|           1|           1|
    |ap_predicate_op32_read_state1     |    and   |      0|  0|   2|           1|           1|
    |ap_predicate_op43_read_state1     |    and   |      0|  0|   2|           1|           1|
    |ap_predicate_op60_write_state2    |    and   |      0|  0|   2|           1|           1|
    |ap_predicate_op69_write_state2    |    and   |      0|  0|   2|           1|           1|
    |ap_predicate_op87_write_state3    |    and   |      0|  0|   2|           1|           1|
    |ap_predicate_op9_read_state1      |    and   |      0|  0|   2|           1|           1|
    |tmp_i_fu_380_p2                   |   icmp   |      0|  0|  13|          16|          10|
    |ap_block_pp0_stage0_01001         |    or    |      0|  0|   2|           1|           1|
    |ap_block_state1_pp0_stage0_iter0  |    or    |      0|  0|   2|           1|           1|
    |ap_block_state2_pp0_stage0_iter1  |    or    |      0|  0|   2|           1|           1|
    |ap_block_state3_pp0_stage0_iter2  |    or    |      0|  0|   2|           1|           1|
    |storemerge1_cast_i_c_fu_354_p3    |  select  |      0|  0|   3|           1|           2|
    |storemerge_i_fu_328_p3            |  select  |      0|  0|   5|           1|           3|
    |ap_enable_pp0                     |    xor   |      0|  0|   2|           1|           2|
    +----------------------------------+----------+-------+---+----+------------+------------+
    |Total                             |          |      0|  0|  82|          41|          51|
    +----------------------------------+----------+-------+---+----+------------+------------+

    * Multiplexer: 
    +----------------------------------------+----+-----------+-----+-----------+
    |                  Name                  | LUT| Input Size| Bits| Total Bits|
    +----------------------------------------+----+-----------+-----+-----------+
    |ap_done                                 |   9|          2|    1|          2|
    |ap_phi_mux_storemerge2_i_phi_fu_289_p4  |  15|          3|    2|          6|
    |g2t_read_dest_V_V_blk_n                 |   9|          2|    1|          2|
    |g2t_read_sid_V_V_blk_n                  |   9|          2|    1|          2|
    |g2t_write_dest_V_V_blk_n                |   9|          2|    1|          2|
    |g2t_write_sid_V_V_blk_n                 |   9|          2|    1|          2|
    |ip_fifo_V_V_blk_n                       |   9|          2|    1|          2|
    |real_start                              |   9|          2|    1|          2|
    |rxGalapagosBridge_V_blk_n               |   9|          2|    1|          2|
    |sessionID_V                             |   9|          2|   16|         32|
    |sessionID_fifo_V_V_blk_n                |   9|          2|    1|          2|
    |size_out_V                              |  15|          3|   16|         48|
    |state_1                                 |  44|          9|    4|         36|
    |txData_V_blk_n                          |   9|          2|    1|          2|
    |txData_V_din                            |  15|          3|   73|        219|
    |txMetaData_V_blk_n                      |   9|          2|    1|          2|
    |txMetaData_V_din                        |  15|          3|   32|         96|
    |txStatus_V_V_blk_n                      |   9|          2|    1|          2|
    +----------------------------------------+----+-----------+-----+-----------+
    |Total                                   | 221|         47|  155|        461|
    +----------------------------------------+----+-----------+-----+-----------+

    * Register: 
    +------------------------------------+----+----+-----+-----------+
    |                Name                | FF | LUT| Bits| Const Bits|
    +------------------------------------+----+----+-----+-----------+
    |ap_CS_fsm                           |   1|   0|    1|          0|
    |ap_done_reg                         |   1|   0|    1|          0|
    |ap_enable_reg_pp0_iter1             |   1|   0|    1|          0|
    |ap_enable_reg_pp0_iter2             |   1|   0|    1|          0|
    |dest_V                              |   8|   0|    8|          0|
    |header_data_V                       |  64|   0|   64|          0|
    |header_keep_V                       |   8|   0|    8|          0|
    |header_last_V                       |   1|   0|    1|          0|
    |p_Val2_1_reg_584                    |  64|   0|   64|          0|
    |p_Val2_1_reg_584_pp0_iter1_reg      |  64|   0|   64|          0|
    |sessionID_V                         |  16|   0|   16|          0|
    |start_once_reg                      |   1|   0|    1|          0|
    |state_1                             |   4|   0|    4|          0|
    |state_1_load_reg_522                |   4|   0|    4|          0|
    |state_1_load_reg_522_pp0_iter1_reg  |   4|   0|    4|          0|
    |tmp_16_reg_562                      |   1|   0|    1|          0|
    |tmp_16_reg_562_pp0_iter1_reg        |   1|   0|    1|          0|
    |tmp_17_reg_552                      |   1|   0|    1|          0|
    |tmp_22_reg_531                      |   1|   0|    1|          0|
    |tmp_22_reg_531_pp0_iter1_reg        |   1|   0|    1|          0|
    |tmp_4_reg_535                       |  73|   0|   73|          0|
    |tmp_4_reg_535_pp0_iter1_reg         |  73|   0|   73|          0|
    |tmp_V_13_reg_566                    |  16|   0|   16|          0|
    |tmp_V_14_reg_556                    |  16|   0|   16|          0|
    |tmp_V_15_reg_526                    |   8|   0|    8|          0|
    |tmp_V_18_reg_607                    |  32|   0|   32|          0|
    |tmp_V_reg_595                       |   8|   0|    8|          0|
    |tmp_i_reg_571                       |   1|   0|    1|          0|
    |tmp_i_reg_571_pp0_iter1_reg         |   1|   0|    1|          0|
    |tmp_keep_V_4_load_ne_reg_590        |   8|   0|    8|          0|
    |tmp_reg_580                         |   1|   0|    1|          0|
    |tmp_reg_580_pp0_iter1_reg           |   1|   0|    1|          0|
    |txMetaDataWord_sessi_reg_600        |  16|   0|   16|          0|
    +------------------------------------+----+----+-----+-----------+
    |Total                               | 501|   0|  501|          0|
    +------------------------------------+----+----+-----+-----------+



================================================================
== Interface
================================================================
* Summary: 
+-----------------------------+-----+-----+------------+----------------------+--------------+
|          RTL Ports          | Dir | Bits|  Protocol  |     Source Object    |    C Type    |
+-----------------------------+-----+-----+------------+----------------------+--------------+
|ap_clk                       |  in |    1| ap_ctrl_hs | galapagos_to_tcp_int | return value |
|ap_rst                       |  in |    1| ap_ctrl_hs | galapagos_to_tcp_int | return value |
|ap_start                     |  in |    1| ap_ctrl_hs | galapagos_to_tcp_int | return value |
|start_full_n                 |  in |    1| ap_ctrl_hs | galapagos_to_tcp_int | return value |
|ap_done                      | out |    1| ap_ctrl_hs | galapagos_to_tcp_int | return value |
|ap_continue                  |  in |    1| ap_ctrl_hs | galapagos_to_tcp_int | return value |
|ap_idle                      | out |    1| ap_ctrl_hs | galapagos_to_tcp_int | return value |
|ap_ready                     | out |    1| ap_ctrl_hs | galapagos_to_tcp_int | return value |
|start_out                    | out |    1| ap_ctrl_hs | galapagos_to_tcp_int | return value |
|start_write                  | out |    1| ap_ctrl_hs | galapagos_to_tcp_int | return value |
|rxGalapagosBridge_V_dout     |  in |   73|   ap_fifo  |  rxGalapagosBridge_V |    pointer   |
|rxGalapagosBridge_V_empty_n  |  in |    1|   ap_fifo  |  rxGalapagosBridge_V |    pointer   |
|rxGalapagosBridge_V_read     | out |    1|   ap_fifo  |  rxGalapagosBridge_V |    pointer   |
|txStatus_V_V_dout            |  in |   17|   ap_fifo  |     txStatus_V_V     |    pointer   |
|txStatus_V_V_empty_n         |  in |    1|   ap_fifo  |     txStatus_V_V     |    pointer   |
|txStatus_V_V_read            | out |    1|   ap_fifo  |     txStatus_V_V     |    pointer   |
|sessionID_fifo_V_V_dout      |  in |   16|   ap_fifo  |  sessionID_fifo_V_V  |    pointer   |
|sessionID_fifo_V_V_empty_n   |  in |    1|   ap_fifo  |  sessionID_fifo_V_V  |    pointer   |
|sessionID_fifo_V_V_read      | out |    1|   ap_fifo  |  sessionID_fifo_V_V  |    pointer   |
|g2t_read_sid_V_V_dout        |  in |   16|   ap_fifo  |   g2t_read_sid_V_V   |    pointer   |
|g2t_read_sid_V_V_empty_n     |  in |    1|   ap_fifo  |   g2t_read_sid_V_V   |    pointer   |
|g2t_read_sid_V_V_read        | out |    1|   ap_fifo  |   g2t_read_sid_V_V   |    pointer   |
|g2t_write_sid_V_V_din        | out |   16|   ap_fifo  |   g2t_write_sid_V_V  |    pointer   |
|g2t_write_sid_V_V_full_n     |  in |    1|   ap_fifo  |   g2t_write_sid_V_V  |    pointer   |
|g2t_write_sid_V_V_write      | out |    1|   ap_fifo  |   g2t_write_sid_V_V  |    pointer   |
|g2t_write_dest_V_V_din       | out |    8|   ap_fifo  |  g2t_write_dest_V_V  |    pointer   |
|g2t_write_dest_V_V_full_n    |  in |    1|   ap_fifo  |  g2t_write_dest_V_V  |    pointer   |
|g2t_write_dest_V_V_write     | out |    1|   ap_fifo  |  g2t_write_dest_V_V  |    pointer   |
|g2t_read_dest_V_V_din        | out |    8|   ap_fifo  |   g2t_read_dest_V_V  |    pointer   |
|g2t_read_dest_V_V_full_n     |  in |    1|   ap_fifo  |   g2t_read_dest_V_V  |    pointer   |
|g2t_read_dest_V_V_write      | out |    1|   ap_fifo  |   g2t_read_dest_V_V  |    pointer   |
|txData_V_din                 | out |   73|   ap_fifo  |       txData_V       |    pointer   |
|txData_V_full_n              |  in |    1|   ap_fifo  |       txData_V       |    pointer   |
|txData_V_write               | out |    1|   ap_fifo  |       txData_V       |    pointer   |
|txMetaData_V_din             | out |   32|   ap_fifo  |     txMetaData_V     |    pointer   |
|txMetaData_V_full_n          |  in |    1|   ap_fifo  |     txMetaData_V     |    pointer   |
|txMetaData_V_write           | out |    1|   ap_fifo  |     txMetaData_V     |    pointer   |
|ip_fifo_V_V_din              | out |   32|   ap_fifo  |      ip_fifo_V_V     |    pointer   |
|ip_fifo_V_V_full_n           |  in |    1|   ap_fifo  |      ip_fifo_V_V     |    pointer   |
|ip_fifo_V_V_write            | out |    1|   ap_fifo  |      ip_fifo_V_V     |    pointer   |
|state_out_V                  | out |    4|   ap_vld   |      state_out_V     |    pointer   |
|state_out_V_ap_vld           | out |    1|   ap_vld   |      state_out_V     |    pointer   |
|header_out_V                 | out |   64|   ap_vld   |     header_out_V     |    pointer   |
|header_out_V_ap_vld          | out |    1|   ap_vld   |     header_out_V     |    pointer   |
|size_out_V                   | out |   16|   ap_vld   |      size_out_V      |    pointer   |
|size_out_V_ap_vld            | out |    1|   ap_vld   |      size_out_V      |    pointer   |
|sessionID_out_V              | out |   16|   ap_vld   |    sessionID_out_V   |    pointer   |
|sessionID_out_V_ap_vld       | out |    1|   ap_vld   |    sessionID_out_V   |    pointer   |
|ip_table_V_address0          | out |    8|  ap_memory |      ip_table_V      |     array    |
|ip_table_V_ce0               | out |    1|  ap_memory |      ip_table_V      |     array    |
|ip_table_V_q0                |  in |   32|  ap_memory |      ip_table_V      |     array    |
+-----------------------------+-----+-----+------------+----------------------+--------------+

