

================================================================
== Vivado HLS Report for 'network_bridge_tcp'
================================================================
* Date:           Wed Aug 12 00:41:23 2020

* Version:        2018.1 (Build 2188600 on Wed Apr 04 19:04:02 MDT 2018)
* Project:        network_bridge_tcp
* Solution:       solution1
* Product family: kintexu
* Target device:  xcku115-flva1517-2-e


================================================================
== Performance Estimates
================================================================
+ Timing (ns): 
    * Summary: 
    +--------+-------+----------+------------+
    |  Clock | Target| Estimated| Uncertainty|
    +--------+-------+----------+------------+
    |ap_clk  |   4.00|      4.92|        0.50|
    +--------+-------+----------+------------+

+ Latency (clock cycles): 
    * Summary: 
    +-----+-----+-----+-----+----------+
    |  Latency  |  Interval | Pipeline |
    | min | max | min | max |   Type   |
    +-----+-----+-----+-----+----------+
    |    8|    8|    1|    1| dataflow |
    +-----+-----+-----+-----+----------+

    + Detail: 
        * Instance: 
        +-------------------------+----------------------+-----+-----+-----+-----+----------+
        |                         |                      |  Latency  |  Interval | Pipeline |
        |         Instance        |        Module        | min | max | min | max |   Type   |
        +-------------------------+----------------------+-----+-----+-----+-----+----------+
        |galapagos_to_tcp_int_U0  |galapagos_to_tcp_int  |    2|    2|    1|    1| function |
        |sessionID_table_stea_U0  |sessionID_table_stea  |    6|    6|    1|    1| function |
        |tcp_to_galapagos_int_U0  |tcp_to_galapagos_int  |    1|    1|    1|    1| function |
        |open_connections_U0      |open_connections      |    1|    1|    1|    1| function |
        |open_port_U0             |open_port             |    1|    1|    1|    1| function |
        +-------------------------+----------------------+-----+-----+-----+-----+----------+

        * Loop: 
        N/A



================================================================
== Utilization Estimates
================================================================
* Summary: 
+---------------------+---------+-------+---------+--------+
|         Name        | BRAM_18K| DSP48E|    FF   |   LUT  |
+---------------------+---------+-------+---------+--------+
|DSP                  |        -|      -|        -|       -|
|Expression           |        -|      -|        -|       -|
|FIFO                 |        0|      -|       50|     264|
|Instance             |        1|      -|     1351|     974|
|Memory               |        -|      -|        -|       -|
|Multiplexer          |        -|      -|        -|       -|
|Register             |        -|      -|        3|       -|
+---------------------+---------+-------+---------+--------+
|Total                |        1|      0|     1404|    1238|
+---------------------+---------+-------+---------+--------+
|Available SLR        |     2160|   2760|   663360|  331680|
+---------------------+---------+-------+---------+--------+
|Utilization SLR (%)  |    ~0   |      0|    ~0   |   ~0   |
+---------------------+---------+-------+---------+--------+
|Available            |     4320|   5520|  1326720|  663360|
+---------------------+---------+-------+---------+--------+
|Utilization (%)      |    ~0   |      0|    ~0   |   ~0   |
+---------------------+---------+-------+---------+--------+

+ Detail: 
    * Instance: 
    +-------------------------+----------------------+---------+-------+-----+-----+
    |         Instance        |        Module        | BRAM_18K| DSP48E|  FF | LUT |
    +-------------------------+----------------------+---------+-------+-----+-----+
    |galapagos_to_tcp_int_U0  |galapagos_to_tcp_int  |        0|      0|  501|  303|
    |open_connections_U0      |open_connections      |        0|      0|   55|   63|
    |open_port_U0             |open_port             |        0|      0|   40|   74|
    |sessionID_table_stea_U0  |sessionID_table_stea  |        1|      0|  566|  375|
    |tcp_to_galapagos_int_U0  |tcp_to_galapagos_int  |        0|      0|  189|  159|
    +-------------------------+----------------------+---------+-------+-----+-----+
    |Total                    |                      |        1|      0| 1351|  974|
    +-------------------------+----------------------+---------+-------+-----+-----+

    * DSP48: 
    N/A

    * Memory: 
    N/A

    * FIFO: 
    +----------------------+---------+---+----+------+-----+---------+
    |         Name         | BRAM_18K| FF| LUT| Depth| Bits| Size:D*B|
    +----------------------+---------+---+----+------+-----+---------+
    |g2t_read_dest_V_V_U   |        0|  5|  20|     2|    8|       16|
    |g2t_read_sid_V_V_U    |        0|  5|  28|     2|   16|       32|
    |g2t_write_dest_V_V_U  |        0|  5|  20|     2|    8|       16|
    |g2t_write_sid_V_V_U   |        0|  5|  28|     2|   16|       32|
    |ip_fifo_V_V_U         |        0|  5|  44|     2|   32|       64|
    |sessionID_fifo_V_V_U  |        0|  5|  28|     2|   16|       32|
    |t2g_read_dest_V_V_U   |        0|  5|  20|     2|    8|       16|
    |t2g_read_sid_V_V_U    |        0|  5|  28|     2|   16|       32|
    |t2g_write_dest_V_V_U  |        0|  5|  20|     2|    8|       16|
    |t2g_write_sid_V_V_U   |        0|  5|  28|     2|   16|       32|
    +----------------------+---------+---+----+------+-----+---------+
    |Total                 |        0| 50| 264|    20|  144|      288|
    +----------------------+---------+---+----+------+-----+---------+

    * Expression: 
    N/A

    * Multiplexer: 
    N/A

    * Register: 
    +----------------------------------+---+----+-----+-----------+
    |               Name               | FF| LUT| Bits| Const Bits|
    +----------------------------------+---+----+-----+-----------+
    |open_connections_U0_ap_start      |  1|   0|    1|          0|
    |open_port_U0_ap_start             |  1|   0|    1|          0|
    |tcp_to_galapagos_int_U0_ap_start  |  1|   0|    1|          0|
    +----------------------------------+---+----+-----+-----------+
    |Total                             |  3|   0|    3|          0|
    +----------------------------------+---+----+-----+-----------+



================================================================
== Interface
================================================================
* Summary: 
+-----------------------------+-----+-----+--------------+---------------------+--------------+
|          RTL Ports          | Dir | Bits|   Protocol   |    Source Object    |    C Type    |
+-----------------------------+-----+-----+--------------+---------------------+--------------+
|rxGalapagosBridge_V_dout     |  in |   73|    ap_fifo   | rxGalapagosBridge_V |    pointer   |
|rxGalapagosBridge_V_empty_n  |  in |    1|    ap_fifo   | rxGalapagosBridge_V |    pointer   |
|rxGalapagosBridge_V_read     | out |    1|    ap_fifo   | rxGalapagosBridge_V |    pointer   |
|txMetaData_V_din             | out |   32|    ap_fifo   |     txMetaData_V    |    pointer   |
|txMetaData_V_full_n          |  in |    1|    ap_fifo   |     txMetaData_V    |    pointer   |
|txMetaData_V_write           | out |    1|    ap_fifo   |     txMetaData_V    |    pointer   |
|openConnection_V_din         | out |   48|    ap_fifo   |   openConnection_V  |    pointer   |
|openConnection_V_full_n      |  in |    1|    ap_fifo   |   openConnection_V  |    pointer   |
|openConnection_V_write       | out |    1|    ap_fifo   |   openConnection_V  |    pointer   |
|openConStatus_V_dout         |  in |   17|    ap_fifo   |   openConStatus_V   |    pointer   |
|openConStatus_V_empty_n      |  in |    1|    ap_fifo   |   openConStatus_V   |    pointer   |
|openConStatus_V_read         | out |    1|    ap_fifo   |   openConStatus_V   |    pointer   |
|txData_V_din                 | out |   73|    ap_fifo   |       txData_V      |    pointer   |
|txData_V_full_n              |  in |    1|    ap_fifo   |       txData_V      |    pointer   |
|txData_V_write               | out |    1|    ap_fifo   |       txData_V      |    pointer   |
|txStatus_V_V_dout            |  in |   17|    ap_fifo   |     txStatus_V_V    |    pointer   |
|txStatus_V_V_empty_n         |  in |    1|    ap_fifo   |     txStatus_V_V    |    pointer   |
|txStatus_V_V_read            | out |    1|    ap_fifo   |     txStatus_V_V    |    pointer   |
|listenPort_V_V_din           | out |   16|    ap_fifo   |    listenPort_V_V   |    pointer   |
|listenPort_V_V_full_n        |  in |    1|    ap_fifo   |    listenPort_V_V   |    pointer   |
|listenPort_V_V_write         | out |    1|    ap_fifo   |    listenPort_V_V   |    pointer   |
|listenPortStatus_V_dout      |  in |    1|    ap_fifo   |  listenPortStatus_V |    pointer   |
|listenPortStatus_V_empty_n   |  in |    1|    ap_fifo   |  listenPortStatus_V |    pointer   |
|listenPortStatus_V_read      | out |    1|    ap_fifo   |  listenPortStatus_V |    pointer   |
|notifications_V_dout         |  in |   81|    ap_fifo   |   notifications_V   |    pointer   |
|notifications_V_empty_n      |  in |    1|    ap_fifo   |   notifications_V   |    pointer   |
|notifications_V_read         | out |    1|    ap_fifo   |   notifications_V   |    pointer   |
|readRequest_V_din            | out |   32|    ap_fifo   |    readRequest_V    |    pointer   |
|readRequest_V_full_n         |  in |    1|    ap_fifo   |    readRequest_V    |    pointer   |
|readRequest_V_write          | out |    1|    ap_fifo   |    readRequest_V    |    pointer   |
|rxMetaData_V_V_dout          |  in |   16|    ap_fifo   |    rxMetaData_V_V   |    pointer   |
|rxMetaData_V_V_empty_n       |  in |    1|    ap_fifo   |    rxMetaData_V_V   |    pointer   |
|rxMetaData_V_V_read          | out |    1|    ap_fifo   |    rxMetaData_V_V   |    pointer   |
|rxData_V_dout                |  in |   73|    ap_fifo   |       rxData_V      |    pointer   |
|rxData_V_empty_n             |  in |    1|    ap_fifo   |       rxData_V      |    pointer   |
|rxData_V_read                | out |    1|    ap_fifo   |       rxData_V      |    pointer   |
|txGalapagosBridge_V_din      | out |   73|    ap_fifo   | txGalapagosBridge_V |    pointer   |
|txGalapagosBridge_V_full_n   |  in |    1|    ap_fifo   | txGalapagosBridge_V |    pointer   |
|txGalapagosBridge_V_write    | out |    1|    ap_fifo   | txGalapagosBridge_V |    pointer   |
|state_out_V                  | out |    4|    ap_vld    |     state_out_V     |    pointer   |
|state_out_V_ap_vld           | out |    1|    ap_vld    |     state_out_V     |    pointer   |
|header_out_V                 | out |   64|    ap_vld    |     header_out_V    |    pointer   |
|header_out_V_ap_vld          | out |    1|    ap_vld    |     header_out_V    |    pointer   |
|size_out_V                   | out |   16|    ap_vld    |      size_out_V     |    pointer   |
|size_out_V_ap_vld            | out |    1|    ap_vld    |      size_out_V     |    pointer   |
|sessionID_out_V              | out |   16|    ap_vld    |   sessionID_out_V   |    pointer   |
|sessionID_out_V_ap_vld       | out |    1|    ap_vld    |   sessionID_out_V   |    pointer   |
|ip_table_V_address0          | out |    8|   ap_memory  |      ip_table_V     |     array    |
|ip_table_V_ce0               | out |    1|   ap_memory  |      ip_table_V     |     array    |
|ip_table_V_d0                | out |   32|   ap_memory  |      ip_table_V     |     array    |
|ip_table_V_q0                |  in |   32|   ap_memory  |      ip_table_V     |     array    |
|ip_table_V_we0               | out |    1|   ap_memory  |      ip_table_V     |     array    |
|ip_table_V_address1          | out |    8|   ap_memory  |      ip_table_V     |     array    |
|ip_table_V_ce1               | out |    1|   ap_memory  |      ip_table_V     |     array    |
|ip_table_V_d1                | out |   32|   ap_memory  |      ip_table_V     |     array    |
|ip_table_V_q1                |  in |   32|   ap_memory  |      ip_table_V     |     array    |
|ip_table_V_we1               | out |    1|   ap_memory  |      ip_table_V     |     array    |
|ap_clk                       |  in |    1| ap_ctrl_none |  network_bridge_tcp | return value |
|ap_rst                       |  in |    1| ap_ctrl_none |  network_bridge_tcp | return value |
+-----------------------------+-----+-----+--------------+---------------------+--------------+

